A:E0 X:9C Y:00 S:FF P:nvUbdIZc $F48F: AD 02 20  LDA $2002 = #$52
A:52 X:9C Y:00 S:FF P:nvUbdIzc $F492: 20 51 D4  JSR $D451
A:52 X:9C Y:00 S:FD P:nvUbdIzc   $D451: A9 38     LDA #$38
A:38 X:9C Y:00 S:FD P:nvUbdIzc   $D453: 4C 57 C0  JMP $C057
A:38 X:9C Y:00 S:FD P:nvUbdIzc   $C057: A0 06     LDY #$06
A:38 X:9C Y:06 S:FD P:nvUbdIzc   $C059: 8C 06 C0  STY $C006 = #$06
A:38 X:9C Y:06 S:FD P:nvUbdIzc   $C05C: 0A        ASL
A:70 X:9C Y:06 S:FD P:nvUbdIzc   $C05D: A8        TAY
A:70 X:9C Y:70 S:FD P:nvUbdIzc   $C05E: B9 40 80  LDA $8040,Y @ $80B0 = #$22
A:22 X:9C Y:70 S:FD P:nvUbdIzc   $C061: 85 3A     STA $3A = #$6E
A:22 X:9C Y:70 S:FD P:nvUbdIzc   $C063: B9 41 80  LDA $8041,Y @ $80B1 = #$9B
A:9B X:9C Y:70 S:FD P:NvUbdIzc   $C066: 85 3B     STA $3B = #$B2
A:9B X:9C Y:70 S:FD P:NvUbdIzc   $C068: 6C 3A 00  JMP ($003A) = $9B22
A:9B X:9C Y:70 S:FD P:NvUbdIzc   $9B22: 20 D4 9A  JSR $9AD4
A:9B X:9C Y:70 S:FB P:NvUbdIzc     $9AD4: AD 00 04  LDA $0400 = #$FF
A:FF X:9C Y:70 S:FB P:NvUbdIzc     $9AD7: C9 FA     CMP #$FA
A:FF X:9C Y:70 S:FB P:nvUbdIzC     $9AD9: 90 41     BCC $9B1C
A:FF X:9C Y:70 S:FB P:nvUbdIzC     $9ADB: A5 F4     LDA $F4 = #$00
A:00 X:9C Y:70 S:FB P:nvUbdIZC     $9ADD: 0A        ASL
A:00 X:9C Y:70 S:FB P:nvUbdIZc     $9ADE: 0A        ASL
A:00 X:9C Y:70 S:FB P:nvUbdIZc     $9ADF: 90 13     BCC $9AF4
A:00 X:9C Y:70 S:FB P:nvUbdIZc     $9AF4: A5 60     LDA $60 = #$00
A:00 X:9C Y:70 S:FB P:nvUbdIZc     $9AF6: C9 30     CMP #$30
A:00 X:9C Y:70 S:FB P:NvUbdIzc     $9AF8: 90 22     BCC $9B1C
A:00 X:9C Y:70 S:FB P:NvUbdIzc     $9B1C: A9 00     LDA #$00
A:00 X:9C Y:70 S:FB P:nvUbdIZc     $9B1E: 85 60     STA $60 = #$00
A:00 X:9C Y:70 S:FB P:nvUbdIZc     $9B20: 60        RTS (from $9AD4) ----------------------------
A:00 X:9C Y:70 S:FD P:nvUbdIZc   $9B25: AD 00 04  LDA $0400 = #$FF
A:FF X:9C Y:70 S:FD P:NvUbdIzc   $9B28: C9 FF     CMP #$FF
A:FF X:9C Y:70 S:FD P:nvUbdIZC   $9B2A: D0 F5     BNE $9B21
A:FF X:9C Y:70 S:FD P:nvUbdIZC   $9B2C: AE 02 04  LDX $0402 = #$00
A:FF X:00 Y:70 S:FD P:nvUbdIZC   $9B2F: A5 52     LDA $52 = #$00
A:00 X:00 Y:70 S:FD P:nvUbdIZC   $9B31: DD 43 9B  CMP $9B43,X @ $9B43 = #$04
A:00 X:00 Y:70 S:FD P:NvUbdIzc   $9B34: B0 EB     BCS $9B21
A:00 X:00 Y:70 S:FD P:NvUbdIzc   $9B36: 20 8F 9E  JSR $9E8F
A:00 X:00 Y:70 S:FB P:NvUbdIzc     $9E8F: AC 02 04  LDY $0402 = #$00
A:00 X:00 Y:00 S:FB P:nvUbdIZc     $9E92: A5 F8     LDA $F8 = #$00
A:00 X:00 Y:00 S:FB P:nvUbdIZc     $9E94: 0A        ASL
A:00 X:00 Y:00 S:FB P:nvUbdIZc     $9E95: 0A        ASL
A:00 X:00 Y:00 S:FB P:nvUbdIZc     $9E96: B0 13     BCS $9EAB
A:00 X:00 Y:00 S:FB P:nvUbdIZc     $9E98: A5 F4     LDA $F4 = #$00
A:00 X:00 Y:00 S:FB P:nvUbdIZc     $9E9A: 0A        ASL
A:00 X:00 Y:00 S:FB P:nvUbdIZc     $9E9B: 0A        ASL
A:00 X:00 Y:00 S:FB P:nvUbdIZc     $9E9C: 90 22     BCC $9EC0
A:00 X:00 Y:00 S:FB P:nvUbdIZc     $9EC0: A9 00     LDA #$00
A:00 X:00 Y:00 S:FB P:nvUbdIZc     $9EC2: 85 55     STA $55 = #$00
A:00 X:00 Y:00 S:FB P:nvUbdIZc     $9EC4: 85 56     STA $56 = #$00
A:00 X:00 Y:00 S:FB P:nvUbdIZc     $9EC6: 60        RTS (from $9E8F) ----------------------------
A:00 X:00 Y:00 S:FD P:nvUbdIZc   $9B39: 20 FA A7  JSR $A7FA
A:00 X:00 Y:00 S:FB P:nvUbdIZc     $A7FA: A2 00     LDX #$00
A:00 X:00 Y:00 S:FB P:nvUbdIZc     $A7FC: A0 0C     LDY #$0C
A:00 X:00 Y:0C S:FB P:nvUbdIzc     $A7FE: BD 15 04  LDA $0415,X @ $0415 = #$00
A:00 X:00 Y:0C S:FB P:nvUbdIZc     $A801: F0 0B     BEQ $A80E
A:00 X:00 Y:0C S:FB P:nvUbdIZc     $A80E: 86 50     STX $50 = #$0E
A:00 X:00 Y:0C S:FB P:nvUbdIZc     $A810: 60        RTS (from $A7FA) ----------------------------
A:00 X:00 Y:0C S:FD P:nvUbdIZc   $9B3C: A5 F8     LDA $F8 = #$00
A:00 X:00 Y:0C S:FD P:nvUbdIZc   $9B3E: 0A        ASL
A:00 X:00 Y:0C S:FD P:nvUbdIZc   $9B3F: 0A        ASL
A:00 X:00 Y:0C S:FD P:nvUbdIZc   $9B40: B0 0C     BCS $9B4E
A:00 X:00 Y:0C S:FD P:nvUbdIZc   $9B42: 60        RTS (from $D451) ----------------------------
A:00 X:00 Y:0C S:FF P:nvUbdIZc $F495: AD 02 20  LDA $2002 = #$52
A:52 X:00 Y:0C S:FF P:nvUbdIzc $F498: 20 68 FA  JSR $FA68
A:52 X:00 Y:0C S:FD P:nvUbdIzc   $FA68: A9 1B     LDA #$1B
A:1B X:00 Y:0C S:FD P:nvUbdIzc   $FA6A: 4C 57 C0  JMP $C057
A:1B X:00 Y:0C S:FD P:nvUbdIzc   $C057: A0 06     LDY #$06
A:1B X:00 Y:06 S:FD P:nvUbdIzc   $C059: 8C 06 C0  STY $C006 = #$06
A:1B X:00 Y:06 S:FD P:nvUbdIzc   $C05C: 0A        ASL
A:36 X:00 Y:06 S:FD P:nvUbdIzc   $C05D: A8        TAY
A:36 X:00 Y:36 S:FD P:nvUbdIzc   $C05E: B9 40 80  LDA $8040,Y @ $8076 = #$42
A:42 X:00 Y:36 S:FD P:nvUbdIzc   $C061: 85 3A     STA $3A = #$22
A:42 X:00 Y:36 S:FD P:nvUbdIzc   $C063: B9 41 80  LDA $8041,Y @ $8077 = #$B4
A:B4 X:00 Y:36 S:FD P:NvUbdIzc   $C066: 85 3B     STA $3B = #$9B
A:B4 X:00 Y:36 S:FD P:NvUbdIzc   $C068: 6C 3A 00  JMP ($003A) = $B442
A:B4 X:00 Y:36 S:FD P:NvUbdIzc   $B442: AD 7E 06  LDA $067E = #$00
A:00 X:00 Y:36 S:FD P:nvUbdIZc   $B445: D0 FA     BNE $B441
A:00 X:00 Y:36 S:FD P:nvUbdIZc   $B447: A9 00     LDA #$00
A:00 X:00 Y:36 S:FD P:nvUbdIZc   $B449: 8D FD 04  STA $04FD = #$00
A:00 X:00 Y:36 S:FD P:nvUbdIZc   $B44C: AD 00 04  LDA $0400 = #$FF
A:FF X:00 Y:36 S:FD P:NvUbdIzc   $B44F: C9 FF     CMP #$FF
A:FF X:00 Y:36 S:FD P:nvUbdIZC   $B451: D0 EE     BNE $B441
A:FF X:00 Y:36 S:FD P:nvUbdIZC   $B453: AD F1 04  LDA $04F1 = #$00
A:00 X:00 Y:36 S:FD P:nvUbdIZC   $B456: D0 E9     BNE $B441
A:00 X:00 Y:36 S:FD P:nvUbdIZC   $B458: A5 F8     LDA $F8 = #$00
A:00 X:00 Y:36 S:FD P:nvUbdIZC   $B45A: 29 C0     AND #$C0
A:00 X:00 Y:36 S:FD P:nvUbdIZC   $B45C: C9 80     CMP #$80
A:00 X:00 Y:36 S:FD P:NvUbdIzc   $B45E: D0 E1     BNE $B441
A:00 X:00 Y:36 S:FD P:NvUbdIzc   $B441: 60        RTS (from $FA68) ----------------------------
A:00 X:00 Y:36 S:FF P:NvUbdIzc $F49B: AD 02 20  LDA $2002 = #$52
A:52 X:00 Y:36 S:FF P:nvUbdIzc $F49E: 20 6D FA  JSR $FA6D
A:52 X:00 Y:36 S:FD P:nvUbdIzc   $FA6D: AD F1 04  LDA $04F1 = #$00
A:00 X:00 Y:36 S:FD P:nvUbdIZc   $FA70: 20 EB C0  JSR $C0EB
A:00 X:00 Y:36 S:FB P:nvUbdIZc     $C0EB: 0A        ASL
A:00 X:00 Y:36 S:FB P:nvUbdIZc     $C0EC: A8        TAY
A:00 X:00 Y:00 S:FB P:nvUbdIZc     $C0ED: 68        PLA
A:72 X:00 Y:00 S:FC P:nvUbdIzc    $C0EE: 85 3A     STA $3A = #$42
A:72 X:00 Y:00 S:FC P:nvUbdIzc    $C0F0: 68        PLA
A:FA X:00 Y:00 S:FD P:NvUbdIzc   $C0F1: 85 3B     STA $3B = #$B4
A:FA X:00 Y:00 S:FD P:NvUbdIzc   $C0F3: C8        INY
A:FA X:00 Y:01 S:FD P:nvUbdIzc   $C0F4: 8A        TXA
A:00 X:00 Y:01 S:FD P:nvUbdIZc   $C0F5: 48        PHA
A:00 X:00 Y:01 S:FC P:nvUbdIZc    $C0F6: B1 3A     LDA ($3A),Y @ $FA73 = #$7B
A:7B X:00 Y:01 S:FC P:nvUbdIzc    $C0F8: AA        TAX
A:7B X:7B Y:01 S:FC P:nvUbdIzc    $C0F9: C8        INY
A:7B X:7B Y:02 S:FC P:nvUbdIzc    $C0FA: B1 3A     LDA ($3A),Y @ $FA74 = #$FA
A:FA X:7B Y:02 S:FC P:NvUbdIzc    $C0FC: 85 3B     STA $3B = #$FA
A:FA X:7B Y:02 S:FC P:NvUbdIzc    $C0FE: 86 3A     STX $3A = #$72
A:FA X:7B Y:02 S:FC P:NvUbdIzc    $C100: 68        PLA
A:00 X:7B Y:02 S:FD P:nvUbdIZc   $C101: AA        TAX
A:00 X:00 Y:02 S:FD P:nvUbdIZc   $C102: 6C 3A 00  JMP ($003A) = $FA7B
A:00 X:00 Y:02 S:FD P:nvUbdIZc   $FA7B: CE F2 04  DEC $04F2 = #$00
A:00 X:00 Y:02 S:FD P:NvUbdIzc   $FA7E: AD F2 04  LDA $04F2 = #$FF
A:FF X:00 Y:02 S:FD P:NvUbdIzc   $FA81: C9 F0     CMP #$F0
A:FF X:00 Y:02 S:FD P:nvUbdIzC   $FA83: 90 05     BCC $FA8A
A:FF X:00 Y:02 S:FD P:nvUbdIzC   $FA85: A9 00     LDA #$00
A:00 X:00 Y:02 S:FD P:nvUbdIZC   $FA87: 8D F2 04  STA $04F2 = #$FF
A:00 X:00 Y:02 S:FD P:nvUbdIZC   $FA8A: A9 00     LDA #$00
A:00 X:00 Y:02 S:FD P:nvUbdIZC   $FA8C: 8D F3 04  STA $04F3 = #$00
A:00 X:00 Y:02 S:FD P:nvUbdIZC   $FA8F: 60        RTS (from $FA6D) ----------------------------
A:00 X:00 Y:02 S:FF P:nvUbdIZC $F4A1: AD 02 20  LDA $2002 = #$52
A:52 X:00 Y:02 S:FF P:nvUbdIzC $F4A4: 20 5B D5  JSR $D55B
A:52 X:00 Y:02 S:FD P:nvUbdIzC   $D55B: AD 00 04  LDA $0400 = #$FF
A:FF X:00 Y:02 S:FD P:NvUbdIzC   $D55E: C9 FA     CMP #$FA
A:FF X:00 Y:02 S:FD P:nvUbdIzC   $D560: 90 16     BCC $D578
A:FF X:00 Y:02 S:FD P:nvUbdIzC   $D562: AD 12 04  LDA $0412 = #$00
A:00 X:00 Y:02 S:FD P:nvUbdIZC   $D565: D0 12     BNE $D579
A:00 X:00 Y:02 S:FD P:nvUbdIZC   $D567: AD 11 04  LDA $0411 = #$01
A:01 X:00 Y:02 S:FD P:nvUbdIzC   $D56A: C9 02     CMP #$02
A:01 X:00 Y:02 S:FD P:NvUbdIzc   $D56C: B0 0B     BCS $D579
A:01 X:00 Y:02 S:FD P:NvUbdIzc   $D56E: A5 87     LDA $87 = #$00
A:00 X:00 Y:02 S:FD P:nvUbdIZc   $D570: D0 06     BNE $D578
A:00 X:00 Y:02 S:FD P:nvUbdIZc   $D572: E6 87     INC $87 = #$00
A:00 X:00 Y:02 S:FD P:nvUbdIzc   $D574: A9 0B     LDA #$0B
A:0B X:00 Y:02 S:FD P:nvUbdIzc   $D576: 85 58     STA $58 = #$F0
A:0B X:00 Y:02 S:FD P:nvUbdIzc   $D578: 60        RTS (from $D55B) ----------------------------
A:0B X:00 Y:02 S:FF P:nvUbdIzc $F4A7: AD 02 20  LDA $2002 = #$52
A:52 X:00 Y:02 S:FF P:nvUbdIzc $F4AA: 20 65 CA  JSR $CA65
A:52 X:00 Y:02 S:FD P:nvUbdIzc   $CA65: A2 00     LDX #$00
A:52 X:00 Y:02 S:FD P:nvUbdIZc   $CA67: 86 50     STX $50 = #$00
A:52 X:00 Y:02 S:FD P:nvUbdIZc   $CA69: A9 08     LDA #$08
A:08 X:00 Y:02 S:FD P:nvUbdIzc   $CA6B: 48        PHA
A:08 X:00 Y:02 S:FC P:nvUbdIzc    $CA6C: A6 50     LDX $50 = #$00
A:08 X:00 Y:02 S:FC P:nvUbdIZc    $CA6E: BD 80 06  LDA $0680,X @ $0680 = #$FF
A:FF X:00 Y:02 S:FC P:NvUbdIzc    $CA71: F0 03     BEQ $CA76
A:FF X:00 Y:02 S:FC P:NvUbdIzc    $CA73: 20 84 CA  JSR $CA84
A:FF X:00 Y:02 S:FA P:NvUbdIzc      $CA84: BD 81 06  LDA $0681,X @ $0681 = #$00
A:00 X:00 Y:02 S:FA P:nvUbdIZc      $CA87: 20 EB C0  JSR $C0EB
A:00 X:00 Y:02 S:F8 P:nvUbdIZc        $C0EB: 0A        ASL
A:00 X:00 Y:02 S:F8 P:nvUbdIZc        $C0EC: A8        TAY
A:00 X:00 Y:00 S:F8 P:nvUbdIZc        $C0ED: 68        PLA
A:89 X:00 Y:00 S:F9 P:NvUbdIzc       $C0EE: 85 3A     STA $3A = #$7B
A:89 X:00 Y:00 S:F9 P:NvUbdIzc       $C0F0: 68        PLA
A:CA X:00 Y:00 S:FA P:NvUbdIzc      $C0F1: 85 3B     STA $3B = #$FA
A:CA X:00 Y:00 S:FA P:NvUbdIzc      $C0F3: C8        INY
A:CA X:00 Y:01 S:FA P:nvUbdIzc      $C0F4: 8A        TXA
A:00 X:00 Y:01 S:FA P:nvUbdIZc      $C0F5: 48        PHA
A:00 X:00 Y:01 S:F9 P:nvUbdIZc       $C0F6: B1 3A     LDA ($3A),Y @ $CA8A = #$DE
A:DE X:00 Y:01 S:F9 P:NvUbdIzc       $C0F8: AA        TAX
A:DE X:DE Y:01 S:F9 P:NvUbdIzc       $C0F9: C8        INY
A:DE X:DE Y:02 S:F9 P:nvUbdIzc       $C0FA: B1 3A     LDA ($3A),Y @ $CA8B = #$CF
A:CF X:DE Y:02 S:F9 P:NvUbdIzc       $C0FC: 85 3B     STA $3B = #$CA
A:CF X:DE Y:02 S:F9 P:NvUbdIzc       $C0FE: 86 3A     STX $3A = #$89
A:CF X:DE Y:02 S:F9 P:NvUbdIzc       $C100: 68        PLA
A:00 X:DE Y:02 S:FA P:nvUbdIZc      $C101: AA        TAX
A:00 X:00 Y:02 S:FA P:nvUbdIZc      $C102: 6C 3A 00  JMP ($003A) = $CFDE
A:00 X:00 Y:02 S:FA P:nvUbdIZc      $CFDE: A5 22     LDA $22 = #$21
A:21 X:00 Y:02 S:FA P:nvUbdIzc      $CFE0: 29 03     AND #$03
A:01 X:00 Y:02 S:FA P:nvUbdIzc      $CFE2: D0 0B     BNE $CFEF
A:01 X:00 Y:02 S:FA P:nvUbdIzc      $CFEF: BD 8D 06  LDA $068D,X @ $068D = #$84
A:84 X:00 Y:02 S:FA P:NvUbdIzc      $CFF2: 85 0E     STA $0E = #$84
A:84 X:00 Y:02 S:FA P:NvUbdIzc      $CFF4: A9 0A     LDA #$0A
A:0A X:00 Y:02 S:FA P:nvUbdIzc      $CFF6: 48        PHA
A:0A X:00 Y:02 S:F9 P:nvUbdIzc       $CFF7: BD 83 06  LDA $0683,X @ $0683 = #$00
A:00 X:00 Y:02 S:F9 P:nvUbdIZc       $CFFA: 20 23 D0  JSR $D023
A:00 X:00 Y:02 S:F7 P:nvUbdIZc         $D023: C9 FF     CMP #$FF
A:00 X:00 Y:02 S:F7 P:nvUbdIzc         $D025: F0 24     BEQ $D04B
A:00 X:00 Y:02 S:F7 P:nvUbdIzc         $D027: A8        TAY
A:00 X:00 Y:00 S:F7 P:nvUbdIZc         $D028: B9 00 05  LDA $0500,Y @ $0500 = #$FF
A:FF X:00 Y:00 S:F7 P:NvUbdIzc         $D02B: C9 01     CMP #$01
A:FF X:00 Y:00 S:F7 P:NvUbdIzC         $D02D: D0 1C     BNE $D04B
A:FF X:00 Y:00 S:F7 P:NvUbdIzC         $D04B: 60        RTS (from $D023) ----------------------------
A:FF X:00 Y:00 S:F9 P:NvUbdIzC       $CFFD: E8        INX
A:FF X:01 Y:00 S:F9 P:nvUbdIzC       $CFFE: 68        PLA
A:0A X:01 Y:00 S:FA P:nvUbdIzC      $CFFF: 18        CLC
A:0A X:01 Y:00 S:FA P:nvUbdIzc      $D000: 69 FF     ADC #$FF
A:09 X:01 Y:00 S:FA P:nvUbdIzC      $D002: D0 F2     BNE $CFF6
A:09 X:01 Y:00 S:FA P:nvUbdIzC      $CFF6: 48        PHA
A:09 X:01 Y:00 S:F9 P:nvUbdIzC       $CFF7: BD 83 06  LDA $0683,X @ $0684 = #$12
A:12 X:01 Y:00 S:F9 P:nvUbdIzC       $CFFA: 20 23 D0  JSR $D023
A:12 X:01 Y:00 S:F7 P:nvUbdIzC         $D023: C9 FF     CMP #$FF
A:12 X:01 Y:00 S:F7 P:nvUbdIzc         $D025: F0 24     BEQ $D04B
A:12 X:01 Y:00 S:F7 P:nvUbdIzc         $D027: A8        TAY
A:12 X:01 Y:12 S:F7 P:nvUbdIzc         $D028: B9 00 05  LDA $0500,Y @ $0512 = #$FF
A:FF X:01 Y:12 S:F7 P:NvUbdIzc         $D02B: C9 01     CMP #$01
A:FF X:01 Y:12 S:F7 P:NvUbdIzC         $D02D: D0 1C     BNE $D04B
A:FF X:01 Y:12 S:F7 P:NvUbdIzC         $D04B: 60        RTS (from $D023) ----------------------------
A:FF X:01 Y:12 S:F9 P:NvUbdIzC       $CFFD: E8        INX
A:FF X:02 Y:12 S:F9 P:nvUbdIzC       $CFFE: 68        PLA
A:09 X:02 Y:12 S:FA P:nvUbdIzC      $CFFF: 18        CLC
A:09 X:02 Y:12 S:FA P:nvUbdIzc      $D000: 69 FF     ADC #$FF
A:08 X:02 Y:12 S:FA P:nvUbdIzC      $D002: D0 F2     BNE $CFF6
A:08 X:02 Y:12 S:FA P:nvUbdIzC      $CFF6: 48        PHA
A:08 X:02 Y:12 S:F9 P:nvUbdIzC       $CFF7: BD 83 06  LDA $0683,X @ $0685 = #$FF
A:FF X:02 Y:12 S:F9 P:NvUbdIzC       $CFFA: 20 23 D0  JSR $D023
A:FF X:02 Y:12 S:F7 P:NvUbdIzC         $D023: C9 FF     CMP #$FF
A:FF X:02 Y:12 S:F7 P:nvUbdIZC         $D025: F0 24     BEQ $D04B
A:FF X:02 Y:12 S:F7 P:nvUbdIZC         $D04B: 60        RTS (from $D023) ----------------------------
A:FF X:02 Y:12 S:F9 P:nvUbdIZC       $CFFD: E8        INX
A:FF X:03 Y:12 S:F9 P:nvUbdIzC       $CFFE: 68        PLA
A:08 X:03 Y:12 S:FA P:nvUbdIzC      $CFFF: 18        CLC
A:08 X:03 Y:12 S:FA P:nvUbdIzc      $D000: 69 FF     ADC #$FF
A:07 X:03 Y:12 S:FA P:nvUbdIzC      $D002: D0 F2     BNE $CFF6
A:07 X:03 Y:12 S:FA P:nvUbdIzC      $CFF6: 48        PHA
A:07 X:03 Y:12 S:F9 P:nvUbdIzC       $CFF7: BD 83 06  LDA $0683,X @ $0686 = #$6C
A:6C X:03 Y:12 S:F9 P:nvUbdIzC       $CFFA: 20 23 D0  JSR $D023
A:6C X:03 Y:12 S:F7 P:nvUbdIzC         $D023: C9 FF     CMP #$FF
A:6C X:03 Y:12 S:F7 P:nvUbdIzc         $D025: F0 24     BEQ $D04B
A:6C X:03 Y:12 S:F7 P:nvUbdIzc         $D027: A8        TAY
A:6C X:03 Y:6C S:F7 P:nvUbdIzc         $D028: B9 00 05  LDA $0500,Y @ $056C = #$FF
A:FF X:03 Y:6C S:F7 P:NvUbdIzc         $D02B: C9 01     CMP #$01
A:FF X:03 Y:6C S:F7 P:NvUbdIzC         $D02D: D0 1C     BNE $D04B
A:FF X:03 Y:6C S:F7 P:NvUbdIzC         $D04B: 60        RTS (from $D023) ----------------------------
A:FF X:03 Y:6C S:F9 P:NvUbdIzC       $CFFD: E8        INX
A:FF X:04 Y:6C S:F9 P:nvUbdIzC       $CFFE: 68        PLA
A:07 X:04 Y:6C S:FA P:nvUbdIzC      $CFFF: 18        CLC
A:07 X:04 Y:6C S:FA P:nvUbdIzc      $D000: 69 FF     ADC #$FF
A:06 X:04 Y:6C S:FA P:nvUbdIzC      $D002: D0 F2     BNE $CFF6
A:06 X:04 Y:6C S:FA P:nvUbdIzC      $CFF6: 48        PHA
A:06 X:04 Y:6C S:F9 P:nvUbdIzC       $CFF7: BD 83 06  LDA $0683,X @ $0687 = #$7E
A:7E X:04 Y:6C S:F9 P:nvUbdIzC       $CFFA: 20 23 D0  JSR $D023
A:7E X:04 Y:6C S:F7 P:nvUbdIzC         $D023: C9 FF     CMP #$FF
A:7E X:04 Y:6C S:F7 P:nvUbdIzc         $D025: F0 24     BEQ $D04B
A:7E X:04 Y:6C S:F7 P:nvUbdIzc         $D027: A8        TAY
A:7E X:04 Y:7E S:F7 P:nvUbdIzc         $D028: B9 00 05  LDA $0500,Y @ $057E = #$FF
A:FF X:04 Y:7E S:F7 P:NvUbdIzc         $D02B: C9 01     CMP #$01
A:FF X:04 Y:7E S:F7 P:NvUbdIzC         $D02D: D0 1C     BNE $D04B
A:FF X:04 Y:7E S:F7 P:NvUbdIzC         $D04B: 60        RTS (from $D023) ----------------------------
A:FF X:04 Y:7E S:F9 P:NvUbdIzC       $CFFD: E8        INX
A:FF X:05 Y:7E S:F9 P:nvUbdIzC       $CFFE: 68        PLA
A:06 X:05 Y:7E S:FA P:nvUbdIzC      $CFFF: 18        CLC
A:06 X:05 Y:7E S:FA P:nvUbdIzc      $D000: 69 FF     ADC #$FF
A:05 X:05 Y:7E S:FA P:nvUbdIzC      $D002: D0 F2     BNE $CFF6
A:05 X:05 Y:7E S:FA P:nvUbdIzC      $CFF6: 48        PHA
A:05 X:05 Y:7E S:F9 P:nvUbdIzC       $CFF7: BD 83 06  LDA $0683,X @ $0688 = #$FF
A:FF X:05 Y:7E S:F9 P:NvUbdIzC       $CFFA: 20 23 D0  JSR $D023
A:FF X:05 Y:7E S:F7 P:NvUbdIzC         $D023: C9 FF     CMP #$FF
A:FF X:05 Y:7E S:F7 P:nvUbdIZC         $D025: F0 24     BEQ $D04B
A:FF X:05 Y:7E S:F7 P:nvUbdIZC         $D04B: 60        RTS (from $D023) ----------------------------
A:FF X:05 Y:7E S:F9 P:nvUbdIZC       $CFFD: E8        INX
A:FF X:06 Y:7E S:F9 P:nvUbdIzC       $CFFE: 68        PLA
A:05 X:06 Y:7E S:FA P:nvUbdIzC      $CFFF: 18        CLC
A:05 X:06 Y:7E S:FA P:nvUbdIzc      $D000: 69 FF     ADC #$FF
A:04 X:06 Y:7E S:FA P:nvUbdIzC      $D002: D0 F2     BNE $CFF6
A:04 X:06 Y:7E S:FA P:nvUbdIzC      $CFF6: 48        PHA
A:04 X:06 Y:7E S:F9 P:nvUbdIzC       $CFF7: BD 83 06  LDA $0683,X @ $0689 = #$FF
A:FF X:06 Y:7E S:F9 P:NvUbdIzC       $CFFA: 20 23 D0  JSR $D023
A:FF X:06 Y:7E S:F7 P:NvUbdIzC         $D023: C9 FF     CMP #$FF
A:FF X:06 Y:7E S:F7 P:nvUbdIZC         $D025: F0 24     BEQ $D04B
A:FF X:06 Y:7E S:F7 P:nvUbdIZC         $D04B: 60        RTS (from $D023) ----------------------------
A:FF X:06 Y:7E S:F9 P:nvUbdIZC       $CFFD: E8        INX
A:FF X:07 Y:7E S:F9 P:nvUbdIzC       $CFFE: 68        PLA
A:04 X:07 Y:7E S:FA P:nvUbdIzC      $CFFF: 18        CLC
A:04 X:07 Y:7E S:FA P:nvUbdIzc      $D000: 69 FF     ADC #$FF
A:03 X:07 Y:7E S:FA P:nvUbdIzC      $D002: D0 F2     BNE $CFF6
A:03 X:07 Y:7E S:FA P:nvUbdIzC      $CFF6: 48        PHA
A:03 X:07 Y:7E S:F9 P:nvUbdIzC       $CFF7: BD 83 06  LDA $0683,X @ $068A = #$FF
A:FF X:07 Y:7E S:F9 P:NvUbdIzC       $CFFA: 20 23 D0  JSR $D023
A:FF X:07 Y:7E S:F7 P:NvUbdIzC         $D023: C9 FF     CMP #$FF
A:FF X:07 Y:7E S:F7 P:nvUbdIZC         $D025: F0 24     BEQ $D04B
A:FF X:07 Y:7E S:F7 P:nvUbdIZC         $D04B: 60        RTS (from $D023) ----------------------------
A:FF X:07 Y:7E S:F9 P:nvUbdIZC       $CFFD: E8        INX
A:FF X:08 Y:7E S:F9 P:nvUbdIzC       $CFFE: 68        PLA
A:03 X:08 Y:7E S:FA P:nvUbdIzC      $CFFF: 18        CLC
A:03 X:08 Y:7E S:FA P:nvUbdIzc      $D000: 69 FF     ADC #$FF
A:02 X:08 Y:7E S:FA P:nvUbdIzC      $D002: D0 F2     BNE $CFF6
A:02 X:08 Y:7E S:FA P:nvUbdIzC      $CFF6: 48        PHA
A:02 X:08 Y:7E S:F9 P:nvUbdIzC       $CFF7: BD 83 06  LDA $0683,X @ $068B = #$FF
A:FF X:08 Y:7E S:F9 P:NvUbdIzC       $CFFA: 20 23 D0  JSR $D023
A:FF X:08 Y:7E S:F7 P:NvUbdIzC         $D023: C9 FF     CMP #$FF
A:FF X:08 Y:7E S:F7 P:nvUbdIZC         $D025: F0 24     BEQ $D04B
A:FF X:08 Y:7E S:F7 P:nvUbdIZC         $D04B: 60        RTS (from $D023) ----------------------------
A:FF X:08 Y:7E S:F9 P:nvUbdIZC       $CFFD: E8        INX
A:FF X:09 Y:7E S:F9 P:nvUbdIzC       $CFFE: 68        PLA
A:02 X:09 Y:7E S:FA P:nvUbdIzC      $CFFF: 18        CLC
A:02 X:09 Y:7E S:FA P:nvUbdIzc      $D000: 69 FF     ADC #$FF
A:01 X:09 Y:7E S:FA P:nvUbdIzC      $D002: D0 F2     BNE $CFF6
A:01 X:09 Y:7E S:FA P:nvUbdIzC      $CFF6: 48        PHA
A:01 X:09 Y:7E S:F9 P:nvUbdIzC       $CFF7: BD 83 06  LDA $0683,X @ $068C = #$FF
A:FF X:09 Y:7E S:F9 P:NvUbdIzC       $CFFA: 20 23 D0  JSR $D023
A:FF X:09 Y:7E S:F7 P:NvUbdIzC         $D023: C9 FF     CMP #$FF
A:FF X:09 Y:7E S:F7 P:nvUbdIZC         $D025: F0 24     BEQ $D04B
A:FF X:09 Y:7E S:F7 P:nvUbdIZC         $D04B: 60        RTS (from $D023) ----------------------------
A:FF X:09 Y:7E S:F9 P:nvUbdIZC       $CFFD: E8        INX
A:FF X:0A Y:7E S:F9 P:nvUbdIzC       $CFFE: 68        PLA
A:01 X:0A Y:7E S:FA P:nvUbdIzC      $CFFF: 18        CLC
A:01 X:0A Y:7E S:FA P:nvUbdIzc      $D000: 69 FF     ADC #$FF
A:00 X:0A Y:7E S:FA P:nvUbdIZC      $D002: D0 F2     BNE $CFF6
A:00 X:0A Y:7E S:FA P:nvUbdIZC      $D004: A6 50     LDX $50 = #$00
A:00 X:00 Y:7E S:FA P:nvUbdIZC      $D006: BD 82 06  LDA $0682,X @ $0682 = #$04
A:04 X:00 Y:7E S:FA P:nvUbdIzC      $D009: F0 01     BEQ $D00C
A:04 X:00 Y:7E S:FA P:nvUbdIzC      $D00B: 60        RTS (from $CA84) ----------------------------
A:04 X:00 Y:7E S:FC P:nvUbdIzC    $CA76: A5 50     LDA $50 = #$00
A:00 X:00 Y:7E S:FC P:nvUbdIZC    $CA78: 18        CLC
A:00 X:00 Y:7E S:FC P:nvUbdIZc    $CA79: 69 10     ADC #$10
A:10 X:00 Y:7E S:FC P:nvUbdIzc    $CA7B: 85 50     STA $50 = #$00
A:10 X:00 Y:7E S:FC P:nvUbdIzc    $CA7D: 68        PLA
A:08 X:00 Y:7E S:FD P:nvUbdIzc   $CA7E: 18        CLC
A:08 X:00 Y:7E S:FD P:nvUbdIzc   $CA7F: 69 FF     ADC #$FF
A:07 X:00 Y:7E S:FD P:nvUbdIzC   $CA81: D0 E8     BNE $CA6B
A:07 X:00 Y:7E S:FD P:nvUbdIzC   $CA6B: 48        PHA
A:07 X:00 Y:7E S:FC P:nvUbdIzC    $CA6C: A6 50     LDX $50 = #$10
A:07 X:10 Y:7E S:FC P:nvUbdIzC    $CA6E: BD 80 06  LDA $0680,X @ $0690 = #$00
A:00 X:10 Y:7E S:FC P:nvUbdIZC    $CA71: F0 03     BEQ $CA76
A:00 X:10 Y:7E S:FC P:nvUbdIZC    $CA76: A5 50     LDA $50 = #$10
A:10 X:10 Y:7E S:FC P:nvUbdIzC    $CA78: 18        CLC
A:10 X:10 Y:7E S:FC P:nvUbdIzc    $CA79: 69 10     ADC #$10
A:20 X:10 Y:7E S:FC P:nvUbdIzc    $CA7B: 85 50     STA $50 = #$10
A:20 X:10 Y:7E S:FC P:nvUbdIzc    $CA7D: 68        PLA
A:07 X:10 Y:7E S:FD P:nvUbdIzc   $CA7E: 18        CLC
A:07 X:10 Y:7E S:FD P:nvUbdIzc   $CA7F: 69 FF     ADC #$FF
A:06 X:10 Y:7E S:FD P:nvUbdIzC   $CA81: D0 E8     BNE $CA6B
A:06 X:10 Y:7E S:FD P:nvUbdIzC   $CA6B: 48        PHA
A:06 X:10 Y:7E S:FC P:nvUbdIzC    $CA6C: A6 50     LDX $50 = #$20
A:06 X:20 Y:7E S:FC P:nvUbdIzC    $CA6E: BD 80 06  LDA $0680,X @ $06A0 = #$00
A:00 X:20 Y:7E S:FC P:nvUbdIZC    $CA71: F0 03     BEQ $CA76
A:00 X:20 Y:7E S:FC P:nvUbdIZC    $CA76: A5 50     LDA $50 = #$20
A:20 X:20 Y:7E S:FC P:nvUbdIzC    $CA78: 18        CLC
A:20 X:20 Y:7E S:FC P:nvUbdIzc    $CA79: 69 10     ADC #$10
A:30 X:20 Y:7E S:FC P:nvUbdIzc    $CA7B: 85 50     STA $50 = #$20
A:30 X:20 Y:7E S:FC P:nvUbdIzc    $CA7D: 68        PLA
A:06 X:20 Y:7E S:FD P:nvUbdIzc   $CA7E: 18        CLC
A:06 X:20 Y:7E S:FD P:nvUbdIzc   $CA7F: 69 FF     ADC #$FF
A:05 X:20 Y:7E S:FD P:nvUbdIzC   $CA81: D0 E8     BNE $CA6B
A:05 X:20 Y:7E S:FD P:nvUbdIzC   $CA6B: 48        PHA
A:05 X:20 Y:7E S:FC P:nvUbdIzC    $CA6C: A6 50     LDX $50 = #$30
A:05 X:30 Y:7E S:FC P:nvUbdIzC    $CA6E: BD 80 06  LDA $0680,X @ $06B0 = #$00
A:00 X:30 Y:7E S:FC P:nvUbdIZC    $CA71: F0 03     BEQ $CA76
A:00 X:30 Y:7E S:FC P:nvUbdIZC    $CA76: A5 50     LDA $50 = #$30
A:30 X:30 Y:7E S:FC P:nvUbdIzC    $CA78: 18        CLC
A:30 X:30 Y:7E S:FC P:nvUbdIzc    $CA79: 69 10     ADC #$10
A:40 X:30 Y:7E S:FC P:nvUbdIzc    $CA7B: 85 50     STA $50 = #$30
A:40 X:30 Y:7E S:FC P:nvUbdIzc    $CA7D: 68        PLA
A:05 X:30 Y:7E S:FD P:nvUbdIzc   $CA7E: 18        CLC
A:05 X:30 Y:7E S:FD P:nvUbdIzc   $CA7F: 69 FF     ADC #$FF
A:04 X:30 Y:7E S:FD P:nvUbdIzC   $CA81: D0 E8     BNE $CA6B
A:04 X:30 Y:7E S:FD P:nvUbdIzC   $CA6B: 48        PHA
A:04 X:30 Y:7E S:FC P:nvUbdIzC    $CA6C: A6 50     LDX $50 = #$40
A:04 X:40 Y:7E S:FC P:nvUbdIzC    $CA6E: BD 80 06  LDA $0680,X @ $06C0 = #$00
A:00 X:40 Y:7E S:FC P:nvUbdIZC    $CA71: F0 03     BEQ $CA76
A:00 X:40 Y:7E S:FC P:nvUbdIZC    $CA76: A5 50     LDA $50 = #$40
A:40 X:40 Y:7E S:FC P:nvUbdIzC    $CA78: 18        CLC
A:40 X:40 Y:7E S:FC P:nvUbdIzc    $CA79: 69 10     ADC #$10
A:50 X:40 Y:7E S:FC P:nvUbdIzc    $CA7B: 85 50     STA $50 = #$40
A:50 X:40 Y:7E S:FC P:nvUbdIzc    $CA7D: 68        PLA
A:04 X:40 Y:7E S:FD P:nvUbdIzc   $CA7E: 18        CLC
A:04 X:40 Y:7E S:FD P:nvUbdIzc   $CA7F: 69 FF     ADC #$FF
A:03 X:40 Y:7E S:FD P:nvUbdIzC   $CA81: D0 E8     BNE $CA6B
A:03 X:40 Y:7E S:FD P:nvUbdIzC   $CA6B: 48        PHA
A:03 X:40 Y:7E S:FC P:nvUbdIzC    $CA6C: A6 50     LDX $50 = #$50
A:03 X:50 Y:7E S:FC P:nvUbdIzC    $CA6E: BD 80 06  LDA $0680,X @ $06D0 = #$00
A:00 X:50 Y:7E S:FC P:nvUbdIZC    $CA71: F0 03     BEQ $CA76
A:00 X:50 Y:7E S:FC P:nvUbdIZC    $CA76: A5 50     LDA $50 = #$50
A:50 X:50 Y:7E S:FC P:nvUbdIzC    $CA78: 18        CLC
A:50 X:50 Y:7E S:FC P:nvUbdIzc    $CA79: 69 10     ADC #$10
A:60 X:50 Y:7E S:FC P:nvUbdIzc    $CA7B: 85 50     STA $50 = #$50
A:60 X:50 Y:7E S:FC P:nvUbdIzc    $CA7D: 68        PLA
A:03 X:50 Y:7E S:FD P:nvUbdIzc   $CA7E: 18        CLC
A:03 X:50 Y:7E S:FD P:nvUbdIzc   $CA7F: 69 FF     ADC #$FF
A:02 X:50 Y:7E S:FD P:nvUbdIzC   $CA81: D0 E8     BNE $CA6B
A:02 X:50 Y:7E S:FD P:nvUbdIzC   $CA6B: 48        PHA
A:02 X:50 Y:7E S:FC P:nvUbdIzC    $CA6C: A6 50     LDX $50 = #$60
A:02 X:60 Y:7E S:FC P:nvUbdIzC    $CA6E: BD 80 06  LDA $0680,X @ $06E0 = #$00
A:00 X:60 Y:7E S:FC P:nvUbdIZC    $CA71: F0 03     BEQ $CA76
A:00 X:60 Y:7E S:FC P:nvUbdIZC    $CA76: A5 50     LDA $50 = #$60
A:60 X:60 Y:7E S:FC P:nvUbdIzC    $CA78: 18        CLC
A:60 X:60 Y:7E S:FC P:nvUbdIzc    $CA79: 69 10     ADC #$10
A:70 X:60 Y:7E S:FC P:nvUbdIzc    $CA7B: 85 50     STA $50 = #$60
A:70 X:60 Y:7E S:FC P:nvUbdIzc    $CA7D: 68        PLA
A:02 X:60 Y:7E S:FD P:nvUbdIzc   $CA7E: 18        CLC
A:02 X:60 Y:7E S:FD P:nvUbdIzc   $CA7F: 69 FF     ADC #$FF
A:01 X:60 Y:7E S:FD P:nvUbdIzC   $CA81: D0 E8     BNE $CA6B
A:01 X:60 Y:7E S:FD P:nvUbdIzC   $CA6B: 48        PHA
A:01 X:60 Y:7E S:FC P:nvUbdIzC    $CA6C: A6 50     LDX $50 = #$70
A:01 X:70 Y:7E S:FC P:nvUbdIzC    $CA6E: BD 80 06  LDA $0680,X @ $06F0 = #$00
A:00 X:70 Y:7E S:FC P:nvUbdIZC    $CA71: F0 03     BEQ $CA76
A:00 X:70 Y:7E S:FC P:nvUbdIZC    $CA76: A5 50     LDA $50 = #$70
A:70 X:70 Y:7E S:FC P:nvUbdIzC    $CA78: 18        CLC
A:70 X:70 Y:7E S:FC P:nvUbdIzc    $CA79: 69 10     ADC #$10
A:80 X:70 Y:7E S:FC P:NVUbdIzc    $CA7B: 85 50     STA $50 = #$70
A:80 X:70 Y:7E S:FC P:NVUbdIzc    $CA7D: 68        PLA
A:01 X:70 Y:7E S:FD P:nVUbdIzc   $CA7E: 18        CLC
A:01 X:70 Y:7E S:FD P:nVUbdIzc   $CA7F: 69 FF     ADC #$FF
A:00 X:70 Y:7E S:FD P:nvUbdIZC   $CA81: D0 E8     BNE $CA6B
A:00 X:70 Y:7E S:FD P:nvUbdIZC   $CA83: 60        RTS (from $CA65) ----------------------------
A:00 X:70 Y:7E S:FF P:nvUbdIZC $F4AD: AD 00 04  LDA $0400 = #$FF
A:FF X:70 Y:7E S:FF P:NvUbdIzC $F4B0: D0 06     BNE $F4B8
A:FF X:70 Y:7E S:FF P:NvUbdIzC $F4B8: A5 3E     LDA $3E = #$00
A:00 X:70 Y:7E S:FF P:nvUbdIZC $F4BA: D0 F9     BNE $F4B5
A:00 X:70 Y:7E S:FF P:nvUbdIZC $F4BC: A5 F5     LDA $F5 = #$00
A:00 X:70 Y:7E S:FF P:nvUbdIZC $F4BE: 29 40     AND #$40
A:00 X:70 Y:7E S:FF P:nvUbdIZC $F4C0: F0 16     BEQ $F4D8
A:00 X:70 Y:7E S:FF P:nvUbdIZC $F4D8: AD 02 20  LDA $2002 = #$52
A:52 X:70 Y:7E S:FF P:nvUbdIzC $F4DB: 20 B4 C1  JSR $C1B4
A:52 X:70 Y:7E S:FD P:nvUbdIzC   $C1B4: A5 4E     LDA $4E = #$01
A:01 X:70 Y:7E S:FD P:nvUbdIzC   $C1B6: F0 09     BEQ $C1C1
A:01 X:70 Y:7E S:FD P:nvUbdIzC   $C1B8: A5 5B     LDA $5B = #$00
A:00 X:70 Y:7E S:FD P:nvUbdIZC   $C1BA: D0 05     BNE $C1C1
A:00 X:70 Y:7E S:FD P:nvUbdIZC   $C1BC: A9 06     LDA #$06
A:06 X:70 Y:7E S:FD P:nvUbdIzC   $C1BE: 20 7F C0  JSR $C07F
A:06 X:70 Y:7E S:FB P:nvUbdIzC     $C07F: A0 05     LDY #$05
A:06 X:70 Y:05 S:FB P:nvUbdIzC     $C081: 8C 05 C0  STY $C005 = #$05
A:06 X:70 Y:05 S:FB P:nvUbdIzC     $C084: 0A        ASL
A:0C X:70 Y:05 S:FB P:nvUbdIzc     $C085: A8        TAY
A:0C X:70 Y:0C S:FB P:nvUbdIzc     $C086: B9 00 A8  LDA $A800,Y @ $A80C = #$02
A:02 X:70 Y:0C S:FB P:nvUbdIzc     $C089: 85 3A     STA $3A = #$DE
A:02 X:70 Y:0C S:FB P:nvUbdIzc     $C08B: B9 01 A8  LDA $A801,Y @ $A80D = #$A9
A:A9 X:70 Y:0C S:FB P:NvUbdIzc     $C08E: 85 3B     STA $3B = #$CF
A:A9 X:70 Y:0C S:FB P:NvUbdIzc     $C090: 6C 3A 00  JMP ($003A) = $A902
A:A9 X:70 Y:0C S:FB P:NvUbdIzc     $A902: A2 00     LDX #$00
A:A9 X:00 Y:0C S:FB P:nvUbdIZc     $A904: 86 00     STX $00 = #$D0
A:A9 X:00 Y:0C S:FB P:nvUbdIZc     $A906: A9 10     LDA #$10
A:10 X:00 Y:0C S:FB P:nvUbdIzc     $A908: 85 01     STA $01 = #$E0
A:10 X:00 Y:0C S:FB P:nvUbdIzc     $A90A: BD 70 07  LDA $0770,X @ $0770 = #$00
A:00 X:00 Y:0C S:FB P:nvUbdIZc     $A90D: D0 06     BNE $A915
A:00 X:00 Y:0C S:FB P:nvUbdIZc     $A90F: A8        TAY
A:00 X:00 Y:00 S:FB P:nvUbdIZc     $A910: A5 00     LDA $00 = #$00
A:00 X:00 Y:00 S:FB P:nvUbdIZc     $A912: F0 06     BEQ $A91A
A:00 X:00 Y:00 S:FB P:nvUbdIZc     $A91A: A5 01     LDA $01 = #$10
A:10 X:00 Y:00 S:FB P:nvUbdIzc     $A91C: 18        CLC
A:10 X:00 Y:00 S:FB P:nvUbdIzc     $A91D: 69 08     ADC #$08
A:18 X:00 Y:00 S:FB P:nvUbdIzc     $A91F: 85 01     STA $01 = #$10
A:18 X:00 Y:00 S:FB P:nvUbdIzc     $A921: E8        INX
A:18 X:01 Y:00 S:FB P:nvUbdIzc     $A922: E0 06     CPX #$06
A:18 X:01 Y:00 S:FB P:NvUbdIzc     $A924: D0 E4     BNE $A90A
A:18 X:01 Y:00 S:FB P:NvUbdIzc     $A90A: BD 70 07  LDA $0770,X @ $0771 = #$00
A:00 X:01 Y:00 S:FB P:nvUbdIZc     $A90D: D0 06     BNE $A915
A:00 X:01 Y:00 S:FB P:nvUbdIZc     $A90F: A8        TAY
A:00 X:01 Y:00 S:FB P:nvUbdIZc     $A910: A5 00     LDA $00 = #$00
A:00 X:01 Y:00 S:FB P:nvUbdIZc     $A912: F0 06     BEQ $A91A
A:00 X:01 Y:00 S:FB P:nvUbdIZc     $A91A: A5 01     LDA $01 = #$18
A:18 X:01 Y:00 S:FB P:nvUbdIzc     $A91C: 18        CLC
A:18 X:01 Y:00 S:FB P:nvUbdIzc     $A91D: 69 08     ADC #$08
A:20 X:01 Y:00 S:FB P:nvUbdIzc     $A91F: 85 01     STA $01 = #$18
A:20 X:01 Y:00 S:FB P:nvUbdIzc     $A921: E8        INX
A:20 X:02 Y:00 S:FB P:nvUbdIzc     $A922: E0 06     CPX #$06
A:20 X:02 Y:00 S:FB P:NvUbdIzc     $A924: D0 E4     BNE $A90A
A:20 X:02 Y:00 S:FB P:NvUbdIzc     $A90A: BD 70 07  LDA $0770,X @ $0772 = #$00
A:00 X:02 Y:00 S:FB P:nvUbdIZc     $A90D: D0 06     BNE $A915
A:00 X:02 Y:00 S:FB P:nvUbdIZc     $A90F: A8        TAY
A:00 X:02 Y:00 S:FB P:nvUbdIZc     $A910: A5 00     LDA $00 = #$00
A:00 X:02 Y:00 S:FB P:nvUbdIZc     $A912: F0 06     BEQ $A91A
A:00 X:02 Y:00 S:FB P:nvUbdIZc     $A91A: A5 01     LDA $01 = #$20
A:20 X:02 Y:00 S:FB P:nvUbdIzc     $A91C: 18        CLC
A:20 X:02 Y:00 S:FB P:nvUbdIzc     $A91D: 69 08     ADC #$08
A:28 X:02 Y:00 S:FB P:nvUbdIzc     $A91F: 85 01     STA $01 = #$20
A:28 X:02 Y:00 S:FB P:nvUbdIzc     $A921: E8        INX
A:28 X:03 Y:00 S:FB P:nvUbdIzc     $A922: E0 06     CPX #$06
A:28 X:03 Y:00 S:FB P:NvUbdIzc     $A924: D0 E4     BNE $A90A
A:28 X:03 Y:00 S:FB P:NvUbdIzc     $A90A: BD 70 07  LDA $0770,X @ $0773 = #$00
A:00 X:03 Y:00 S:FB P:nvUbdIZc     $A90D: D0 06     BNE $A915
A:00 X:03 Y:00 S:FB P:nvUbdIZc     $A90F: A8        TAY
A:00 X:03 Y:00 S:FB P:nvUbdIZc     $A910: A5 00     LDA $00 = #$00
A:00 X:03 Y:00 S:FB P:nvUbdIZc     $A912: F0 06     BEQ $A91A
A:00 X:03 Y:00 S:FB P:nvUbdIZc     $A91A: A5 01     LDA $01 = #$28
A:28 X:03 Y:00 S:FB P:nvUbdIzc     $A91C: 18        CLC
A:28 X:03 Y:00 S:FB P:nvUbdIzc     $A91D: 69 08     ADC #$08
A:30 X:03 Y:00 S:FB P:nvUbdIzc     $A91F: 85 01     STA $01 = #$28
A:30 X:03 Y:00 S:FB P:nvUbdIzc     $A921: E8        INX
A:30 X:04 Y:00 S:FB P:nvUbdIzc     $A922: E0 06     CPX #$06
A:30 X:04 Y:00 S:FB P:NvUbdIzc     $A924: D0 E4     BNE $A90A
A:30 X:04 Y:00 S:FB P:NvUbdIzc     $A90A: BD 70 07  LDA $0770,X @ $0774 = #$05
A:05 X:04 Y:00 S:FB P:nvUbdIzc     $A90D: D0 06     BNE $A915
A:05 X:04 Y:00 S:FB P:nvUbdIzc     $A915: E6 00     INC $00 = #$00
A:05 X:04 Y:00 S:FB P:nvUbdIzc     $A917: 20 28 A9  JSR $A928
A:05 X:04 Y:00 S:F9 P:nvUbdIzc       $A928: 29 0F     AND #$0F
A:05 X:04 Y:00 S:F9 P:nvUbdIzc       $A92A: 0A        ASL
A:0A X:04 Y:00 S:F9 P:nvUbdIzc       $A92B: 69 7E     ADC #$7E
A:88 X:04 Y:00 S:F9 P:NVUbdIzc       $A92D: A4 51     LDY $51 = #$9C
A:88 X:04 Y:9C S:F9 P:NVUbdIzc       $A92F: 99 01 02  STA $0201,Y @ $029D = #$F7
A:88 X:04 Y:9C S:F9 P:NVUbdIzc       $A932: A5 01     LDA $01 = #$30
A:30 X:04 Y:9C S:F9 P:nVUbdIzc       $A934: 99 03 02  STA $0203,Y @ $029F = #$33
A:30 X:04 Y:9C S:F9 P:nVUbdIzc       $A937: A9 10     LDA #$10
A:10 X:04 Y:9C S:F9 P:nVUbdIzc       $A939: 99 00 02  STA $0200,Y @ $029C = #$F8
A:10 X:04 Y:9C S:F9 P:nVUbdIzc       $A93C: A9 00     LDA #$00
A:00 X:04 Y:9C S:F9 P:nVUbdIZc       $A93E: 99 02 02  STA $0202,Y @ $029E = #$82
A:00 X:04 Y:9C S:F9 P:nVUbdIZc       $A941: C8        INY
A:00 X:04 Y:9D S:F9 P:NVUbdIzc       $A942: C8        INY
A:00 X:04 Y:9E S:F9 P:NVUbdIzc       $A943: C8        INY
A:00 X:04 Y:9F S:F9 P:NVUbdIzc       $A944: C8        INY
A:00 X:04 Y:A0 S:F9 P:NVUbdIzc       $A945: 84 51     STY $51 = #$9C
A:00 X:04 Y:A0 S:F9 P:NVUbdIzc       $A947: 60        RTS (from $A928) ----------------------------
A:00 X:04 Y:A0 S:FB P:NVUbdIzc     $A91A: A5 01     LDA $01 = #$30
A:30 X:04 Y:A0 S:FB P:nVUbdIzc     $A91C: 18        CLC
A:30 X:04 Y:A0 S:FB P:nVUbdIzc     $A91D: 69 08     ADC #$08
A:38 X:04 Y:A0 S:FB P:nvUbdIzc     $A91F: 85 01     STA $01 = #$30
A:38 X:04 Y:A0 S:FB P:nvUbdIzc     $A921: E8        INX
A:38 X:05 Y:A0 S:FB P:nvUbdIzc     $A922: E0 06     CPX #$06
A:38 X:05 Y:A0 S:FB P:NvUbdIzc     $A924: D0 E4     BNE $A90A
A:38 X:05 Y:A0 S:FB P:NvUbdIzc     $A90A: BD 70 07  LDA $0770,X @ $0775 = #$00
A:00 X:05 Y:A0 S:FB P:nvUbdIZc     $A90D: D0 06     BNE $A915
A:00 X:05 Y:A0 S:FB P:nvUbdIZc     $A90F: A8        TAY
A:00 X:05 Y:00 S:FB P:nvUbdIZc     $A910: A5 00     LDA $00 = #$01
A:01 X:05 Y:00 S:FB P:nvUbdIzc     $A912: F0 06     BEQ $A91A
A:01 X:05 Y:00 S:FB P:nvUbdIzc     $A914: 98        TYA
A:00 X:05 Y:00 S:FB P:nvUbdIZc     $A915: E6 00     INC $00 = #$01
A:00 X:05 Y:00 S:FB P:nvUbdIzc     $A917: 20 28 A9  JSR $A928
A:00 X:05 Y:00 S:F9 P:nvUbdIzc       $A928: 29 0F     AND #$0F
A:00 X:05 Y:00 S:F9 P:nvUbdIZc       $A92A: 0A        ASL
A:00 X:05 Y:00 S:F9 P:nvUbdIZc       $A92B: 69 7E     ADC #$7E
A:7E X:05 Y:00 S:F9 P:nvUbdIzc       $A92D: A4 51     LDY $51 = #$A0
A:7E X:05 Y:A0 S:F9 P:NvUbdIzc       $A92F: 99 01 02  STA $0201,Y @ $02A1 = #$F5
A:7E X:05 Y:A0 S:F9 P:NvUbdIzc       $A932: A5 01     LDA $01 = #$38
A:38 X:05 Y:A0 S:F9 P:nvUbdIzc       $A934: 99 03 02  STA $0203,Y @ $02A3 = #$A2
A:38 X:05 Y:A0 S:F9 P:nvUbdIzc       $A937: A9 10     LDA #$10
A:10 X:05 Y:A0 S:F9 P:nvUbdIzc       $A939: 99 00 02  STA $0200,Y @ $02A0 = #$F8
A:10 X:05 Y:A0 S:F9 P:nvUbdIzc       $A93C: A9 00     LDA #$00
A:00 X:05 Y:A0 S:F9 P:nvUbdIZc       $A93E: 99 02 02  STA $0202,Y @ $02A2 = #$82
A:00 X:05 Y:A0 S:F9 P:nvUbdIZc       $A941: C8        INY
A:00 X:05 Y:A1 S:F9 P:NvUbdIzc       $A942: C8        INY
A:00 X:05 Y:A2 S:F9 P:NvUbdIzc       $A943: C8        INY
A:00 X:05 Y:A3 S:F9 P:NvUbdIzc       $A944: C8        INY
A:00 X:05 Y:A4 S:F9 P:NvUbdIzc       $A945: 84 51     STY $51 = #$A0
A:00 X:05 Y:A4 S:F9 P:NvUbdIzc       $A947: 60        RTS (from $A928) ----------------------------
A:00 X:05 Y:A4 S:FB P:NvUbdIzc     $A91A: A5 01     LDA $01 = #$38
A:38 X:05 Y:A4 S:FB P:nvUbdIzc     $A91C: 18        CLC
A:38 X:05 Y:A4 S:FB P:nvUbdIzc     $A91D: 69 08     ADC #$08
A:40 X:05 Y:A4 S:FB P:nvUbdIzc     $A91F: 85 01     STA $01 = #$38
A:40 X:05 Y:A4 S:FB P:nvUbdIzc     $A921: E8        INX
A:40 X:06 Y:A4 S:FB P:nvUbdIzc     $A922: E0 06     CPX #$06
A:40 X:06 Y:A4 S:FB P:nvUbdIZC     $A924: D0 E4     BNE $A90A
A:40 X:06 Y:A4 S:FB P:nvUbdIZC     $A926: A9 00     LDA #$00
A:00 X:06 Y:A4 S:FB P:nvUbdIZC     $A928: 29 0F     AND #$0F
A:00 X:06 Y:A4 S:FB P:nvUbdIZC     $A92A: 0A        ASL
A:00 X:06 Y:A4 S:FB P:nvUbdIZc     $A92B: 69 7E     ADC #$7E
A:7E X:06 Y:A4 S:FB P:nvUbdIzc     $A92D: A4 51     LDY $51 = #$A4
A:7E X:06 Y:A4 S:FB P:NvUbdIzc     $A92F: 99 01 02  STA $0201,Y @ $02A5 = #$F7
A:7E X:06 Y:A4 S:FB P:NvUbdIzc     $A932: A5 01     LDA $01 = #$40
A:40 X:06 Y:A4 S:FB P:nvUbdIzc     $A934: 99 03 02  STA $0203,Y @ $02A7 = #$AA
A:40 X:06 Y:A4 S:FB P:nvUbdIzc     $A937: A9 10     LDA #$10
A:10 X:06 Y:A4 S:FB P:nvUbdIzc     $A939: 99 00 02  STA $0200,Y @ $02A4 = #$F8
A:10 X:06 Y:A4 S:FB P:nvUbdIzc     $A93C: A9 00     LDA #$00
A:00 X:06 Y:A4 S:FB P:nvUbdIZc     $A93E: 99 02 02  STA $0202,Y @ $02A6 = #$82
A:00 X:06 Y:A4 S:FB P:nvUbdIZc     $A941: C8        INY
A:00 X:06 Y:A5 S:FB P:NvUbdIzc     $A942: C8        INY
A:00 X:06 Y:A6 S:FB P:NvUbdIzc     $A943: C8        INY
A:00 X:06 Y:A7 S:FB P:NvUbdIzc     $A944: C8        INY
A:00 X:06 Y:A8 S:FB P:NvUbdIzc     $A945: 84 51     STY $51 = #$A4
A:00 X:06 Y:A8 S:FB P:NvUbdIzc     $A947: 60        RTS (from $C07F) ----------------------------
A:00 X:06 Y:A8 S:FD P:NvUbdIzc   $C1C1: A5 F5     LDA $F5 = #$00
A:00 X:06 Y:A8 S:FD P:nvUbdIZc   $C1C3: 29 08     AND #$08
A:00 X:06 Y:A8 S:FD P:nvUbdIZc   $C1C5: D0 38     BNE $C1FF
A:00 X:06 Y:A8 S:FD P:nvUbdIZc   $C1C7: 20 A7 C0  JSR $C0A7
A:00 X:06 Y:A8 S:FB P:nvUbdIZc     $C0A7: A5 FF     LDA $FF = #$32
A:32 X:06 Y:A8 S:FB P:nvUbdIzc     $C0A9: 09 B0     ORA #$B0
A:B2 X:06 Y:A8 S:FB P:NvUbdIzc     $C0AB: 85 FF     STA $FF = #$32
A:B2 X:06 Y:A8 S:FB P:NvUbdIzc     $C0AD: 8D 00 20  STA $2000 = #$32
A:B2 X:06 Y:A8 S:FB P:NvUbdIzc     $C0B0: 60        RTS (from $C0A7) ----------------------------
A:B2 X:06 Y:A8 S:FD P:NvUbdIzc   $C1CA: A5 3F     LDA $3F = #$01
A:01 X:06 Y:A8 S:FD P:nvUbdIzc   $C1CC: D0 FC     BNE $C1CA
A:01 X:06 Y:A8 S:FD P:nvUbdIzc   $C1CA: A5 3F     LDA $3F = #$01
A:01 X:06 Y:A8 S:FD P:nvUbdIzc   $C1CC: D0 FC     BNE $C1CA
A:01 X:06 Y:A8 S:FD P:nvUbdIzc   $C1CA: A5 3F     LDA $3F = #$01
A:01 X:06 Y:A8 S:FD P:nvUbdIzc   $C1CC: D0 FC     BNE $C1CA
A:01 X:06 Y:A8 S:FD P:nvUbdIzc   $C1CA: A5 3F     LDA $3F = #$01
A:01 X:06 Y:A8 S:FD P:nvUbdIzc   $C1CC: D0 FC     BNE $C1CA
A:01 X:06 Y:A8 S:FD P:nvUbdIzc   $C1CA: A5 3F     LDA $3F = #$01
A:01 X:06 Y:A8 S:FD P:nvUbdIzc   $C1CC: D0 FC     BNE $C1CA
A:01 X:06 Y:A8 S:FD P:nvUbdIzc   $C1CA: A5 3F     LDA $3F = #$01
A:01 X:06 Y:A8 S:FD P:nvUbdIzc   $C1CC: D0 FC     BNE $C1CA
A:01 X:06 Y:A8 S:FD P:nvUbdIzc   $C1CA: A5 3F     LDA $3F = #$01
A:01 X:06 Y:A8 S:FD P:nvUbdIzc   $C1CC: D0 FC     BNE $C1CA
A:01 X:06 Y:A8 S:FD P:nvUbdIzc   $C1CA: A5 3F     LDA $3F = #$01
A:01 X:06 Y:A8 S:FD P:nvUbdIzc   $C1CC: D0 FC     BNE $C1CA
A:01 X:06 Y:A8 S:FD P:nvUbdIzc   $C1CA: A5 3F     LDA $3F = #$01
A:01 X:06 Y:A8 S:FD P:nvUbdIzc   $C1CC: D0 FC     BNE $C1CA
A:01 X:06 Y:A8 S:FD P:nvUbdIzc   $C1CA: A5 3F     LDA $3F = #$01
A:01 X:06 Y:A8 S:FD P:nvUbdIzc   $C1CC: D0 FC     BNE $C1CA
A:01 X:06 Y:A8 S:FD P:nvUbdIzc   $C1CA: A5 3F     LDA $3F = #$01
A:01 X:06 Y:A8 S:FD P:nvUbdIzc   $C1CC: D0 FC     BNE $C1CA
A:01 X:06 Y:A8 S:FD P:nvUbdIzc   $C1CA: A5 3F     LDA $3F = #$01
A:01 X:06 Y:A8 S:FD P:nvUbdIzc   $C1CC: D0 FC     BNE $C1CA
A:01 X:06 Y:A8 S:FD P:nvUbdIzc   $C1CA: A5 3F     LDA $3F = #$01
A:01 X:06 Y:A8 S:FD P:nvUbdIzc   $C1CC: D0 FC     BNE $C1CA
A:01 X:06 Y:A8 S:FD P:nvUbdIzc   $C1CA: A5 3F     LDA $3F = #$01
A:01 X:06 Y:A8 S:FD P:nvUbdIzc   $C1CC: D0 FC     BNE $C1CA
A:01 X:06 Y:A8 S:FD P:nvUbdIzc   $C1CA: A5 3F     LDA $3F = #$01
A:01 X:06 Y:A8 S:FD P:nvUbdIzc   $C1CC: D0 FC     BNE $C1CA
A:01 X:06 Y:A8 S:FD P:nvUbdIzc   $C1CA: A5 3F     LDA $3F = #$01
A:01 X:06 Y:A8 S:FD P:nvUbdIzc   $C1CC: D0 FC     BNE $C1CA
A:01 X:06 Y:A8 S:FD P:nvUbdIzc   $C1CA: A5 3F     LDA $3F = #$01
A:01 X:06 Y:A8 S:FD P:nvUbdIzc   $C1CC: D0 FC     BNE $C1CA
A:01 X:06 Y:A8 S:FD P:nvUbdIzc   $C1CA: A5 3F     LDA $3F = #$01
A:01 X:06 Y:A8 S:FD P:nvUbdIzc   $C1CC: D0 FC     BNE $C1CA
A:01 X:06 Y:A8 S:FD P:nvUbdIzc   $C1CA: A5 3F     LDA $3F = #$01
A:01 X:06 Y:A8 S:FD P:nvUbdIzc   $C1CC: D0 FC     BNE $C1CA
A:01 X:06 Y:A8 S:FD P:nvUbdIzc   $C1CA: A5 3F     LDA $3F = #$01
A:01 X:06 Y:A8 S:FD P:nvUbdIzc   $C1CC: D0 FC     BNE $C1CA
A:01 X:06 Y:A8 S:FD P:nvUbdIzc   $C1CA: A5 3F     LDA $3F = #$01
A:01 X:06 Y:A8 S:FD P:nvUbdIzc   $C1CC: D0 FC     BNE $C1CA
A:01 X:06 Y:A8 S:FD P:nvUbdIzc   $C1CA: A5 3F     LDA $3F = #$01
A:01 X:06 Y:A8 S:FD P:nvUbdIzc   $C1CC: D0 FC     BNE $C1CA
A:01 X:06 Y:A8 S:FD P:nvUbdIzc   $C1CA: A5 3F     LDA $3F = #$01
A:01 X:06 Y:A8 S:FD P:nvUbdIzc   $C1CC: D0 FC     BNE $C1CA
A:01 X:06 Y:A8 S:FD P:nvUbdIzc   $C1CA: A5 3F     LDA $3F = #$01
A:01 X:06 Y:A8 S:FD P:nvUbdIzc   $C1CC: D0 FC     BNE $C1CA
A:01 X:06 Y:A8 S:FD P:nvUbdIzc   $C1CA: A5 3F     LDA $3F = #$01
A:01 X:06 Y:A8 S:FD P:nvUbdIzc   $C1CC: D0 FC     BNE $C1CA
A:01 X:06 Y:A8 S:FD P:nvUbdIzc   $C1CA: A5 3F     LDA $3F = #$01
A:01 X:06 Y:A8 S:FD P:nvUbdIzc   $C1CC: D0 FC     BNE $C1CA
A:01 X:06 Y:A8 S:FD P:nvUbdIzc   $C1CA: A5 3F     LDA $3F = #$01
A:01 X:06 Y:A8 S:FD P:nvUbdIzc   $C1CC: D0 FC     BNE $C1CA
A:01 X:06 Y:A8 S:FD P:nvUbdIzc   $C1CA: A5 3F     LDA $3F = #$01
A:01 X:06 Y:A8 S:FD P:nvUbdIzc   $C1CC: D0 FC     BNE $C1CA
A:01 X:06 Y:A8 S:FD P:nvUbdIzc   $C1CA: A5 3F     LDA $3F = #$01
A:01 X:06 Y:A8 S:FD P:nvUbdIzc   $C1CC: D0 FC     BNE $C1CA
A:01 X:06 Y:A8 S:FD P:nvUbdIzc   $C1CA: A5 3F     LDA $3F = #$01
A:01 X:06 Y:A8 S:FD P:nvUbdIzc   $C1CC: D0 FC     BNE $C1CA
A:01 X:06 Y:A8 S:FD P:nvUbdIzc   $C1CA: A5 3F     LDA $3F = #$01
A:01 X:06 Y:A8 S:FD P:nvUbdIzc   $C1CC: D0 FC     BNE $C1CA
A:01 X:06 Y:A8 S:FD P:nvUbdIzc   $C1CA: A5 3F     LDA $3F = #$01
A:01 X:06 Y:A8 S:FD P:nvUbdIzc   $C1CC: D0 FC     BNE $C1CA
A:01 X:06 Y:A8 S:FD P:nvUbdIzc   $C1CA: A5 3F     LDA $3F = #$01
A:01 X:06 Y:A8 S:FD P:nvUbdIzc   $C1CC: D0 FC     BNE $C1CA
A:01 X:06 Y:A8 S:FD P:nvUbdIzc   $C1CA: A5 3F     LDA $3F = #$01
A:01 X:06 Y:A8 S:FD P:nvUbdIzc   $C1CC: D0 FC     BNE $C1CA
A:01 X:06 Y:A8 S:FD P:nvUbdIzc   $C1CA: A5 3F     LDA $3F = #$01
A:01 X:06 Y:A8 S:FD P:nvUbdIzc   $C1CC: D0 FC     BNE $C1CA
A:01 X:06 Y:A8 S:FD P:nvUbdIzc   $C1CA: A5 3F     LDA $3F = #$01
A:01 X:06 Y:A8 S:FD P:nvUbdIzc   $C1CC: D0 FC     BNE $C1CA
A:01 X:06 Y:A8 S:FD P:nvUbdIzc   $C1CA: A5 3F     LDA $3F = #$01
A:01 X:06 Y:A8 S:FD P:nvUbdIzc   $C1CC: D0 FC     BNE $C1CA
A:01 X:06 Y:A8 S:FD P:nvUbdIzc   $C1CA: A5 3F     LDA $3F = #$01
A:01 X:06 Y:A8 S:FD P:nvUbdIzc   $C1CC: D0 FC     BNE $C1CA
A:01 X:06 Y:A8 S:FD P:nvUbdIzc   $C1CA: A5 3F     LDA $3F = #$01
A:01 X:06 Y:A8 S:FD P:nvUbdIzc   $C1CC: D0 FC     BNE $C1CA
A:01 X:06 Y:A8 S:FD P:nvUbdIzc   $C1CA: A5 3F     LDA $3F = #$01
A:01 X:06 Y:A8 S:FD P:nvUbdIzc   $C1CC: D0 FC     BNE $C1CA
A:01 X:06 Y:A8 S:FD P:nvUbdIzc   $C1CA: A5 3F     LDA $3F = #$01
A:01 X:06 Y:A8 S:FD P:nvUbdIzc   $C1CC: D0 FC     BNE $C1CA
A:01 X:06 Y:A8 S:FD P:nvUbdIzc   $C1CA: A5 3F     LDA $3F = #$01
A:01 X:06 Y:A8 S:FD P:nvUbdIzc   $C1CC: D0 FC     BNE $C1CA
A:01 X:06 Y:A8 S:FD P:nvUbdIzc   $C1CA: A5 3F     LDA $3F = #$01
A:01 X:06 Y:A8 S:FD P:nvUbdIzc   $C1CC: D0 FC     BNE $C1CA
A:01 X:06 Y:A8 S:FD P:nvUbdIzc   $C1CA: A5 3F     LDA $3F = #$01
A:01 X:06 Y:A8 S:FD P:nvUbdIzc   $C1CC: D0 FC     BNE $C1CA
A:01 X:06 Y:A8 S:FD P:nvUbdIzc   $C1CA: A5 3F     LDA $3F = #$01
A:01 X:06 Y:A8 S:FD P:nvUbdIzc   $C1CC: D0 FC     BNE $C1CA
A:01 X:06 Y:A8 S:FD P:nvUbdIzc   $C1CA: A5 3F     LDA $3F = #$01
A:01 X:06 Y:A8 S:FD P:nvUbdIzc   $C1CC: D0 FC     BNE $C1CA
A:01 X:06 Y:A8 S:FD P:nvUbdIzc   $C1CA: A5 3F     LDA $3F = #$01
A:01 X:06 Y:A8 S:FD P:nvUbdIzc   $C1CC: D0 FC     BNE $C1CA
A:01 X:06 Y:A8 S:FD P:nvUbdIzc   $C1CA: A5 3F     LDA $3F = #$01
A:01 X:06 Y:A8 S:FD P:nvUbdIzc   $C1CC: D0 FC     BNE $C1CA
A:01 X:06 Y:A8 S:FD P:nvUbdIzc   $C1CA: A5 3F     LDA $3F = #$01
A:01 X:06 Y:A8 S:FD P:nvUbdIzc   $C1CC: D0 FC     BNE $C1CA
A:01 X:06 Y:A8 S:FD P:nvUbdIzc   $C1CA: A5 3F     LDA $3F = #$01
A:01 X:06 Y:A8 S:FD P:nvUbdIzc   $C1CC: D0 FC     BNE $C1CA
A:01 X:06 Y:A8 S:FD P:nvUbdIzc   $C1CA: A5 3F     LDA $3F = #$01
A:01 X:06 Y:A8 S:FD P:nvUbdIzc   $C1CC: D0 FC     BNE $C1CA
A:01 X:06 Y:A8 S:FD P:nvUbdIzc   $C1CA: A5 3F     LDA $3F = #$01
A:01 X:06 Y:A8 S:FD P:nvUbdIzc   $C1CC: D0 FC     BNE $C1CA
A:01 X:06 Y:A8 S:FD P:nvUbdIzc   $C1CA: A5 3F     LDA $3F = #$01
A:01 X:06 Y:A8 S:FD P:nvUbdIzc   $C1CC: D0 FC     BNE $C1CA
A:01 X:06 Y:A8 S:FD P:nvUbdIzc   $C1CA: A5 3F     LDA $3F = #$01
A:01 X:06 Y:A8 S:FD P:nvUbdIzc   $C1CC: D0 FC     BNE $C1CA
A:01 X:06 Y:A8 S:FD P:nvUbdIzc   $C1CA: A5 3F     LDA $3F = #$01
A:01 X:06 Y:A8 S:FD P:nvUbdIzc   $C1CC: D0 FC     BNE $C1CA
A:01 X:06 Y:A8 S:FD P:nvUbdIzc   $C1CA: A5 3F     LDA $3F = #$01
A:01 X:06 Y:A8 S:FD P:nvUbdIzc   $C1CC: D0 FC     BNE $C1CA
A:01 X:06 Y:A8 S:FD P:nvUbdIzc   $C1CA: A5 3F     LDA $3F = #$01
A:01 X:06 Y:A8 S:FD P:nvUbdIzc   $C1CC: D0 FC     BNE $C1CA
A:01 X:06 Y:A8 S:FD P:nvUbdIzc   $C1CA: A5 3F     LDA $3F = #$01
A:01 X:06 Y:A8 S:FD P:nvUbdIzc   $C1CC: D0 FC     BNE $C1CA
A:01 X:06 Y:A8 S:FD P:nvUbdIzc   $C1CA: A5 3F     LDA $3F = #$01
A:01 X:06 Y:A8 S:FD P:nvUbdIzc   $C1CC: D0 FC     BNE $C1CA
A:01 X:06 Y:A8 S:FD P:nvUbdIzc   $C1CA: A5 3F     LDA $3F = #$01
A:01 X:06 Y:A8 S:FD P:nvUbdIzc   $C1CC: D0 FC     BNE $C1CA
A:01 X:06 Y:A8 S:FD P:nvUbdIzc   $C1CA: A5 3F     LDA $3F = #$01
A:01 X:06 Y:A8 S:FD P:nvUbdIzc   $C1CC: D0 FC     BNE $C1CA
A:01 X:06 Y:A8 S:FD P:nvUbdIzc   $C1CA: A5 3F     LDA $3F = #$01
A:01 X:06 Y:A8 S:FD P:nvUbdIzc   $C1CC: D0 FC     BNE $C1CA
A:01 X:06 Y:A8 S:FD P:nvUbdIzc   $C1CA: A5 3F     LDA $3F = #$01
A:01 X:06 Y:A8 S:FD P:nvUbdIzc   $C1CC: D0 FC     BNE $C1CA
A:01 X:06 Y:A8 S:FD P:nvUbdIzc   $C1CA: A5 3F     LDA $3F = #$01
A:01 X:06 Y:A8 S:FD P:nvUbdIzc   $C1CC: D0 FC     BNE $C1CA
A:01 X:06 Y:A8 S:FD P:nvUbdIzc   $C1CA: A5 3F     LDA $3F = #$01
A:01 X:06 Y:A8 S:FD P:nvUbdIzc   $C1CC: D0 FC     BNE $C1CA
A:01 X:06 Y:A8 S:FD P:nvUbdIzc   $C1CA: A5 3F     LDA $3F = #$01
A:01 X:06 Y:A8 S:FD P:nvUbdIzc   $C1CC: D0 FC     BNE $C1CA
A:01 X:06 Y:A8 S:FD P:nvUbdIzc   $C1CA: A5 3F     LDA $3F = #$01
A:01 X:06 Y:A8 S:FD P:nvUbdIzc   $C1CC: D0 FC     BNE $C1CA
A:01 X:06 Y:A8 S:FD P:nvUbdIzc   $C1CA: A5 3F     LDA $3F = #$01
A:01 X:06 Y:A8 S:FD P:nvUbdIzc   $C1CC: D0 FC     BNE $C1CA
A:01 X:06 Y:A8 S:FD P:nvUbdIzc   $C1CA: A5 3F     LDA $3F = #$01
A:01 X:06 Y:A8 S:FD P:nvUbdIzc   $C1CC: D0 FC     BNE $C1CA
A:01 X:06 Y:A8 S:FD P:nvUbdIzc   $C1CA: A5 3F     LDA $3F = #$01
A:01 X:06 Y:A8 S:FD P:nvUbdIzc   $C1CC: D0 FC     BNE $C1CA
A:01 X:06 Y:A8 S:FD P:nvUbdIzc   $C1CA: A5 3F     LDA $3F = #$01
A:01 X:06 Y:A8 S:FD P:nvUbdIzc   $C1CC: D0 FC     BNE $C1CA
A:01 X:06 Y:A8 S:FD P:nvUbdIzc   $C1CA: A5 3F     LDA $3F = #$01
A:01 X:06 Y:A8 S:FD P:nvUbdIzc   $C1CC: D0 FC     BNE $C1CA
A:01 X:06 Y:A8 S:FD P:nvUbdIzc   $C1CA: A5 3F     LDA $3F = #$01
A:01 X:06 Y:A8 S:FD P:nvUbdIzc   $C1CC: D0 FC     BNE $C1CA
A:01 X:06 Y:A8 S:FD P:nvUbdIzc   $C1CA: A5 3F     LDA $3F = #$01
A:01 X:06 Y:A8 S:FD P:nvUbdIzc   $C1CC: D0 FC     BNE $C1CA
A:01 X:06 Y:A8 S:FD P:nvUbdIzc   $C1CA: A5 3F     LDA $3F = #$01
A:01 X:06 Y:A8 S:FD P:nvUbdIzc   $C1CC: D0 FC     BNE $C1CA
A:01 X:06 Y:A8 S:FD P:nvUbdIzc   $C1CA: A5 3F     LDA $3F = #$01
A:01 X:06 Y:A8 S:FD P:nvUbdIzc   $C1CC: D0 FC     BNE $C1CA
A:01 X:06 Y:A8 S:FD P:nvUbdIzc   $C1CA: A5 3F     LDA $3F = #$01
A:01 X:06 Y:A8 S:FD P:nvUbdIzc   $C1CC: D0 FC     BNE $C1CA
A:01 X:06 Y:A8 S:FD P:nvUbdIzc   $C1CA: A5 3F     LDA $3F = #$01
A:01 X:06 Y:A8 S:FD P:nvUbdIzc   $C1CC: D0 FC     BNE $C1CA
A:01 X:06 Y:A8 S:FD P:nvUbdIzc   $C1CA: A5 3F     LDA $3F = #$01
A:01 X:06 Y:A8 S:FD P:nvUbdIzc   $C1CC: D0 FC     BNE $C1CA
A:01 X:06 Y:A8 S:FD P:nvUbdIzc   $C1CA: A5 3F     LDA $3F = #$01
A:01 X:06 Y:A8 S:FD P:nvUbdIzc   $C1CC: D0 FC     BNE $C1CA
A:01 X:06 Y:A8 S:FD P:nvUbdIzc   $C1CA: A5 3F     LDA $3F = #$01
A:01 X:06 Y:A8 S:FD P:nvUbdIzc   $C1CC: D0 FC     BNE $C1CA
A:01 X:06 Y:A8 S:FD P:nvUbdIzc   $C1CA: A5 3F     LDA $3F = #$01
A:01 X:06 Y:A8 S:FD P:nvUbdIzc   $C1CC: D0 FC     BNE $C1CA
A:01 X:06 Y:A8 S:FD P:nvUbdIzc   $C1CA: A5 3F     LDA $3F = #$01
A:01 X:06 Y:A8 S:FD P:nvUbdIzc   $C1CC: D0 FC     BNE $C1CA
A:01 X:06 Y:A8 S:FD P:nvUbdIzc   $C1CA: A5 3F     LDA $3F = #$01
A:01 X:06 Y:A8 S:FD P:nvUbdIzc   $C1CC: D0 FC     BNE $C1CA
A:01 X:06 Y:A8 S:FD P:nvUbdIzc   $C1CA: A5 3F     LDA $3F = #$01
A:01 X:06 Y:A8 S:FD P:nvUbdIzc   $C1CC: D0 FC     BNE $C1CA
A:01 X:06 Y:A8 S:FD P:nvUbdIzc   $C1CA: A5 3F     LDA $3F = #$01
A:01 X:06 Y:A8 S:FD P:nvUbdIzc   $C1CC: D0 FC     BNE $C1CA
A:01 X:06 Y:A8 S:FD P:nvUbdIzc   $C1CA: A5 3F     LDA $3F = #$01
A:01 X:06 Y:A8 S:FD P:nvUbdIzc   $C1CC: D0 FC     BNE $C1CA
A:01 X:06 Y:A8 S:FD P:nvUbdIzc   $C1CA: A5 3F     LDA $3F = #$01
A:01 X:06 Y:A8 S:FD P:nvUbdIzc   $C1CC: D0 FC     BNE $C1CA
A:01 X:06 Y:A8 S:FD P:nvUbdIzc   $C1CA: A5 3F     LDA $3F = #$01
A:01 X:06 Y:A8 S:FD P:nvUbdIzc   $C1CC: D0 FC     BNE $C1CA
A:01 X:06 Y:A8 S:FD P:nvUbdIzc   $C1CA: A5 3F     LDA $3F = #$01
A:01 X:06 Y:A8 S:FD P:nvUbdIzc   $C1CC: D0 FC     BNE $C1CA
A:01 X:06 Y:A8 S:FD P:nvUbdIzc   $C1CA: A5 3F     LDA $3F = #$01
A:01 X:06 Y:A8 S:FD P:nvUbdIzc   $C1CC: D0 FC     BNE $C1CA
A:01 X:06 Y:A8 S:FD P:nvUbdIzc   $C1CA: A5 3F     LDA $3F = #$01
A:01 X:06 Y:A8 S:FD P:nvUbdIzc   $C1CC: D0 FC     BNE $C1CA
A:01 X:06 Y:A8 S:FD P:nvUbdIzc   $C1CA: A5 3F     LDA $3F = #$01
A:01 X:06 Y:A8 S:FD P:nvUbdIzc   $C1CC: D0 FC     BNE $C1CA
A:01 X:06 Y:A8 S:FD P:nvUbdIzc   $C1CA: A5 3F     LDA $3F = #$01
A:01 X:06 Y:A8 S:FD P:nvUbdIzc   $C1CC: D0 FC     BNE $C1CA
A:01 X:06 Y:A8 S:FD P:nvUbdIzc   $C1CA: A5 3F     LDA $3F = #$01
A:01 X:06 Y:A8 S:FD P:nvUbdIzc   $C1CC: D0 FC     BNE $C1CA
A:01 X:06 Y:A8 S:FD P:nvUbdIzc   $C1CA: A5 3F     LDA $3F = #$01
A:01 X:06 Y:A8 S:FD P:nvUbdIzc   $C1CC: D0 FC     BNE $C1CA
A:01 X:06 Y:A8 S:FD P:nvUbdIzc   $C1CA: A5 3F     LDA $3F = #$01
A:01 X:06 Y:A8 S:FD P:nvUbdIzc   $C1CC: D0 FC     BNE $C1CA
A:01 X:06 Y:A8 S:FD P:nvUbdIzc   $C1CA: A5 3F     LDA $3F = #$01
A:01 X:06 Y:A8 S:FD P:nvUbdIzc   $C1CC: D0 FC     BNE $C1CA
A:01 X:06 Y:A8 S:FD P:nvUbdIzc   $C1CA: A5 3F     LDA $3F = #$01
A:01 X:06 Y:A8 S:FD P:nvUbdIzc   $C1CC: D0 FC     BNE $C1CA
A:01 X:06 Y:A8 S:FD P:nvUbdIzc   $C1CA: A5 3F     LDA $3F = #$01
A:01 X:06 Y:A8 S:FD P:nvUbdIzc   $C1CC: D0 FC     BNE $C1CA
A:01 X:06 Y:A8 S:FD P:nvUbdIzc   $C1CA: A5 3F     LDA $3F = #$01
A:01 X:06 Y:A8 S:FD P:nvUbdIzc   $C1CC: D0 FC     BNE $C1CA
A:01 X:06 Y:A8 S:FD P:nvUbdIzc   $C1CA: A5 3F     LDA $3F = #$01
A:01 X:06 Y:A8 S:FD P:nvUbdIzc   $C1CC: D0 FC     BNE $C1CA
A:01 X:06 Y:A8 S:FD P:nvUbdIzc   $C1CA: A5 3F     LDA $3F = #$01
A:01 X:06 Y:A8 S:FD P:nvUbdIzc   $C1CC: D0 FC     BNE $C1CA
A:01 X:06 Y:A8 S:FD P:nvUbdIzc   $C1CA: A5 3F     LDA $3F = #$01
A:01 X:06 Y:A8 S:FD P:nvUbdIzc   $C1CC: D0 FC     BNE $C1CA
A:01 X:06 Y:A8 S:FD P:nvUbdIzc   $C1CA: A5 3F     LDA $3F = #$01
A:01 X:06 Y:A8 S:FD P:nvUbdIzc   $C1CC: D0 FC     BNE $C1CA
A:01 X:06 Y:A8 S:FD P:nvUbdIzc   $C1CA: A5 3F     LDA $3F = #$01
A:01 X:06 Y:A8 S:FD P:nvUbdIzc   $C1CC: D0 FC     BNE $C1CA
A:01 X:06 Y:A8 S:FD P:nvUbdIzc   $C1CA: A5 3F     LDA $3F = #$01
A:01 X:06 Y:A8 S:FD P:nvUbdIzc   $C1CC: D0 FC     BNE $C1CA
A:01 X:06 Y:A8 S:FD P:nvUbdIzc   $C1CA: A5 3F     LDA $3F = #$01
A:01 X:06 Y:A8 S:FD P:nvUbdIzc   $C1CC: D0 FC     BNE $C1CA
A:01 X:06 Y:A8 S:FD P:nvUbdIzc   $C1CA: A5 3F     LDA $3F = #$01
A:01 X:06 Y:A8 S:FD P:nvUbdIzc   $C1CC: D0 FC     BNE $C1CA
A:01 X:06 Y:A8 S:FD P:nvUbdIzc   $C1CA: A5 3F     LDA $3F = #$01
A:01 X:06 Y:A8 S:FD P:nvUbdIzc   $C1CC: D0 FC     BNE $C1CA
A:01 X:06 Y:A8 S:FD P:nvUbdIzc   $C1CA: A5 3F     LDA $3F = #$01
A:01 X:06 Y:A8 S:FD P:nvUbdIzc   $C1CC: D0 FC     BNE $C1CA
A:01 X:06 Y:A8 S:FD P:nvUbdIzc   $C1CA: A5 3F     LDA $3F = #$01
A:01 X:06 Y:A8 S:FD P:nvUbdIzc   $C1CC: D0 FC     BNE $C1CA
A:01 X:06 Y:A8 S:FD P:nvUbdIzc   $C1CA: A5 3F     LDA $3F = #$01
A:01 X:06 Y:A8 S:FD P:nvUbdIzc   $C1CC: D0 FC     BNE $C1CA
A:01 X:06 Y:A8 S:FD P:nvUbdIzc   $C1CA: A5 3F     LDA $3F = #$01
A:01 X:06 Y:A8 S:FD P:nvUbdIzc   $C1CC: D0 FC     BNE $C1CA
A:01 X:06 Y:A8 S:FD P:nvUbdIzc   $C1CA: A5 3F     LDA $3F = #$01
A:01 X:06 Y:A8 S:FD P:nvUbdIzc   $C1CC: D0 FC     BNE $C1CA
A:01 X:06 Y:A8 S:FD P:nvUbdIzc   $C1CA: A5 3F     LDA $3F = #$01
A:01 X:06 Y:A8 S:FD P:nvUbdIzc   $C1CC: D0 FC     BNE $C1CA
A:01 X:06 Y:A8 S:FD P:nvUbdIzc   $C1CA: A5 3F     LDA $3F = #$01
A:01 X:06 Y:A8 S:FD P:nvUbdIzc   $C1CC: D0 FC     BNE $C1CA
A:01 X:06 Y:A8 S:FD P:nvUbdIzc   $C1CA: A5 3F     LDA $3F = #$01
A:01 X:06 Y:A8 S:FD P:nvUbdIzc   $C1CC: D0 FC     BNE $C1CA
A:01 X:06 Y:A8 S:FD P:nvUbdIzc   $C1CA: A5 3F     LDA $3F = #$01
A:01 X:06 Y:A8 S:FD P:nvUbdIzc   $C1CC: D0 FC     BNE $C1CA
A:01 X:06 Y:A8 S:FD P:nvUbdIzc   $C1CA: A5 3F     LDA $3F = #$01
A:01 X:06 Y:A8 S:FD P:nvUbdIzc   $C1CC: D0 FC     BNE $C1CA
A:01 X:06 Y:A8 S:FD P:nvUbdIzc   $C1CA: A5 3F     LDA $3F = #$01
A:01 X:06 Y:A8 S:FD P:nvUbdIzc   $C1CC: D0 FC     BNE $C1CA
A:01 X:06 Y:A8 S:FD P:nvUbdIzc   $C1CA: A5 3F     LDA $3F = #$01
A:01 X:06 Y:A8 S:FD P:nvUbdIzc   $C1CC: D0 FC     BNE $C1CA
A:01 X:06 Y:A8 S:FD P:nvUbdIzc   $C1CA: A5 3F     LDA $3F = #$01
A:01 X:06 Y:A8 S:FD P:nvUbdIzc   $C1CC: D0 FC     BNE $C1CA
A:01 X:06 Y:A8 S:FD P:nvUbdIzc   $C1CA: A5 3F     LDA $3F = #$01
A:01 X:06 Y:A8 S:FD P:nvUbdIzc   $C1CC: D0 FC     BNE $C1CA
A:01 X:06 Y:A8 S:FD P:nvUbdIzc   $C1CA: A5 3F     LDA $3F = #$01
A:01 X:06 Y:A8 S:FD P:nvUbdIzc   $C1CC: D0 FC     BNE $C1CA
A:01 X:06 Y:A8 S:FD P:nvUbdIzc   $C1CA: A5 3F     LDA $3F = #$01
A:01 X:06 Y:A8 S:FD P:nvUbdIzc   $C1CC: D0 FC     BNE $C1CA
A:01 X:06 Y:A8 S:FD P:nvUbdIzc   $C1CA: A5 3F     LDA $3F = #$01
A:01 X:06 Y:A8 S:FD P:nvUbdIzc   $C1CC: D0 FC     BNE $C1CA
A:01 X:06 Y:A8 S:FD P:nvUbdIzc   $C1CA: A5 3F     LDA $3F = #$01
A:01 X:06 Y:A8 S:FD P:nvUbdIzc   $C1CC: D0 FC     BNE $C1CA
A:01 X:06 Y:A8 S:FD P:nvUbdIzc   $C1CA: A5 3F     LDA $3F = #$01
A:01 X:06 Y:A8 S:FD P:nvUbdIzc   $C1CC: D0 FC     BNE $C1CA
A:01 X:06 Y:A8 S:FD P:nvUbdIzc   $C1CA: A5 3F     LDA $3F = #$01
A:01 X:06 Y:A8 S:FD P:nvUbdIzc   $C1CC: D0 FC     BNE $C1CA
A:01 X:06 Y:A8 S:FD P:nvUbdIzc   $C1CA: A5 3F     LDA $3F = #$01
A:01 X:06 Y:A8 S:FD P:nvUbdIzc   $C1CC: D0 FC     BNE $C1CA
A:01 X:06 Y:A8 S:FD P:nvUbdIzc   $C1CA: A5 3F     LDA $3F = #$01
A:01 X:06 Y:A8 S:FD P:nvUbdIzc   $C1CC: D0 FC     BNE $C1CA
A:01 X:06 Y:A8 S:FD P:nvUbdIzc   $C1CA: A5 3F     LDA $3F = #$01
A:01 X:06 Y:A8 S:FD P:nvUbdIzc   $C1CC: D0 FC     BNE $C1CA
A:01 X:06 Y:A8 S:FD P:nvUbdIzc   $C1CA: A5 3F     LDA $3F = #$01
A:01 X:06 Y:A8 S:FD P:nvUbdIzc   $C1CC: D0 FC     BNE $C1CA
A:01 X:06 Y:A8 S:FD P:nvUbdIzc   $C1CA: A5 3F     LDA $3F = #$01
A:01 X:06 Y:A8 S:FD P:nvUbdIzc   $C1CC: D0 FC     BNE $C1CA
A:01 X:06 Y:A8 S:FD P:nvUbdIzc   $C1CA: A5 3F     LDA $3F = #$01
A:01 X:06 Y:A8 S:FD P:nvUbdIzc   $C1CC: D0 FC     BNE $C1CA
A:01 X:06 Y:A8 S:FD P:nvUbdIzc   $C1CA: A5 3F     LDA $3F = #$01
A:01 X:06 Y:A8 S:FD P:nvUbdIzc   $C1CC: D0 FC     BNE $C1CA
A:01 X:06 Y:A8 S:FD P:nvUbdIzc   $C1CA: A5 3F     LDA $3F = #$01
A:01 X:06 Y:A8 S:FD P:nvUbdIzc   $C1CC: D0 FC     BNE $C1CA
A:01 X:06 Y:A8 S:FD P:nvUbdIzc   $C1CA: A5 3F     LDA $3F = #$01
A:01 X:06 Y:A8 S:FD P:nvUbdIzc   $C1CC: D0 FC     BNE $C1CA
A:01 X:06 Y:A8 S:FD P:nvUbdIzc   $C1CA: A5 3F     LDA $3F = #$01
A:01 X:06 Y:A8 S:FD P:nvUbdIzc   $C1CC: D0 FC     BNE $C1CA
A:01 X:06 Y:A8 S:FD P:nvUbdIzc   $C1CA: A5 3F     LDA $3F = #$01
A:01 X:06 Y:A8 S:FD P:nvUbdIzc   $C1CC: D0 FC     BNE $C1CA
A:01 X:06 Y:A8 S:FD P:nvUbdIzc   $C1CA: A5 3F     LDA $3F = #$01
A:01 X:06 Y:A8 S:FD P:nvUbdIzc   $C1CC: D0 FC     BNE $C1CA
A:01 X:06 Y:A8 S:FD P:nvUbdIzc   $C1CA: A5 3F     LDA $3F = #$01
A:01 X:06 Y:A8 S:FD P:nvUbdIzc   $C1CC: D0 FC     BNE $C1CA
A:01 X:06 Y:A8 S:FD P:nvUbdIzc   $C1CA: A5 3F     LDA $3F = #$01
A:01 X:06 Y:A8 S:FD P:nvUbdIzc   $C1CC: D0 FC     BNE $C1CA
A:01 X:06 Y:A8 S:FD P:nvUbdIzc   $C1CA: A5 3F     LDA $3F = #$01
A:01 X:06 Y:A8 S:FD P:nvUbdIzc   $C1CC: D0 FC     BNE $C1CA
A:01 X:06 Y:A8 S:FD P:nvUbdIzc   $C1CA: A5 3F     LDA $3F = #$01
A:01 X:06 Y:A8 S:FD P:nvUbdIzc   $C1CC: D0 FC     BNE $C1CA
A:01 X:06 Y:A8 S:FD P:nvUbdIzc   $C1CA: A5 3F     LDA $3F = #$01
A:01 X:06 Y:A8 S:FD P:nvUbdIzc   $C1CC: D0 FC     BNE $C1CA
A:01 X:06 Y:A8 S:FD P:nvUbdIzc   $C1CA: A5 3F     LDA $3F = #$01
A:01 X:06 Y:A8 S:FD P:nvUbdIzc   $C1CC: D0 FC     BNE $C1CA
A:01 X:06 Y:A8 S:FD P:nvUbdIzc   $C1CA: A5 3F     LDA $3F = #$01
A:01 X:06 Y:A8 S:FD P:nvUbdIzc   $C1CC: D0 FC     BNE $C1CA
A:01 X:06 Y:A8 S:FD P:nvUbdIzc   $C1CA: A5 3F     LDA $3F = #$01
A:01 X:06 Y:A8 S:FD P:nvUbdIzc   $C1CC: D0 FC     BNE $C1CA
A:01 X:06 Y:A8 S:FD P:nvUbdIzc   $C1CA: A5 3F     LDA $3F = #$01
A:01 X:06 Y:A8 S:FD P:nvUbdIzc   $C1CC: D0 FC     BNE $C1CA
A:01 X:06 Y:A8 S:FD P:nvUbdIzc   $C1CA: A5 3F     LDA $3F = #$01
A:01 X:06 Y:A8 S:FD P:nvUbdIzc   $C1CC: D0 FC     BNE $C1CA
A:01 X:06 Y:A8 S:FD P:nvUbdIzc   $C1CA: A5 3F     LDA $3F = #$01
A:01 X:06 Y:A8 S:FD P:nvUbdIzc   $C1CC: D0 FC     BNE $C1CA
A:01 X:06 Y:A8 S:FD P:nvUbdIzc   $C1CA: A5 3F     LDA $3F = #$01
A:01 X:06 Y:A8 S:FD P:nvUbdIzc   $C1CC: D0 FC     BNE $C1CA
A:01 X:06 Y:A8 S:FD P:nvUbdIzc   $C1CA: A5 3F     LDA $3F = #$01
A:01 X:06 Y:A8 S:FD P:nvUbdIzc   $C1CC: D0 FC     BNE $C1CA
A:01 X:06 Y:A8 S:FD P:nvUbdIzc   $C1CA: A5 3F     LDA $3F = #$01
A:01 X:06 Y:A8 S:FD P:nvUbdIzc   $C1CC: D0 FC     BNE $C1CA
A:01 X:06 Y:A8 S:FD P:nvUbdIzc   $C1CA: A5 3F     LDA $3F = #$01
A:01 X:06 Y:A8 S:FD P:nvUbdIzc   $C1CC: D0 FC     BNE $C1CA
A:01 X:06 Y:A8 S:FD P:nvUbdIzc   $C1CA: A5 3F     LDA $3F = #$01
A:01 X:06 Y:A8 S:FD P:nvUbdIzc   $C1CC: D0 FC     BNE $C1CA
A:01 X:06 Y:A8 S:FD P:nvUbdIzc   $C1CA: A5 3F     LDA $3F = #$01
A:01 X:06 Y:A8 S:FD P:nvUbdIzc   $C1CC: D0 FC     BNE $C1CA
A:01 X:06 Y:A8 S:FD P:nvUbdIzc   $C1CA: A5 3F     LDA $3F = #$01
A:01 X:06 Y:A8 S:FD P:nvUbdIzc   $C1CC: D0 FC     BNE $C1CA
A:01 X:06 Y:A8 S:FD P:nvUbdIzc   $C1CA: A5 3F     LDA $3F = #$01
A:01 X:06 Y:A8 S:FD P:nvUbdIzc   $C1CC: D0 FC     BNE $C1CA
A:01 X:06 Y:A8 S:FD P:nvUbdIzc   $C1CA: A5 3F     LDA $3F = #$01
A:01 X:06 Y:A8 S:FD P:nvUbdIzc   $C1CC: D0 FC     BNE $C1CA
A:01 X:06 Y:A8 S:FD P:nvUbdIzc   $C1CA: A5 3F     LDA $3F = #$01
A:01 X:06 Y:A8 S:FD P:nvUbdIzc   $C1CC: D0 FC     BNE $C1CA
A:01 X:06 Y:A8 S:FD P:nvUbdIzc   $C1CA: A5 3F     LDA $3F = #$01
A:01 X:06 Y:A8 S:FD P:nvUbdIzc   $C1CC: D0 FC     BNE $C1CA
A:01 X:06 Y:A8 S:FD P:nvUbdIzc   $C1CA: A5 3F     LDA $3F = #$01
A:01 X:06 Y:A8 S:FD P:nvUbdIzc   $C1CC: D0 FC     BNE $C1CA
A:01 X:06 Y:A8 S:FD P:nvUbdIzc   $C1CA: A5 3F     LDA $3F = #$01
A:01 X:06 Y:A8 S:FD P:nvUbdIzc   $C1CC: D0 FC     BNE $C1CA
A:01 X:06 Y:A8 S:FD P:nvUbdIzc   $C1CA: A5 3F     LDA $3F = #$01
A:01 X:06 Y:A8 S:FD P:nvUbdIzc   $C1CC: D0 FC     BNE $C1CA
A:01 X:06 Y:A8 S:FD P:nvUbdIzc   $C1CA: A5 3F     LDA $3F = #$01
A:01 X:06 Y:A8 S:FD P:nvUbdIzc   $C1CC: D0 FC     BNE $C1CA
A:01 X:06 Y:A8 S:FD P:nvUbdIzc   $C1CA: A5 3F     LDA $3F = #$01
A:01 X:06 Y:A8 S:FD P:nvUbdIzc   $C1CC: D0 FC     BNE $C1CA
A:01 X:06 Y:A8 S:FD P:nvUbdIzc   $C1CA: A5 3F     LDA $3F = #$01
A:01 X:06 Y:A8 S:FD P:nvUbdIzc   $C1CC: D0 FC     BNE $C1CA
A:01 X:06 Y:A8 S:FD P:nvUbdIzc   $C1CA: A5 3F     LDA $3F = #$01
A:01 X:06 Y:A8 S:FD P:nvUbdIzc   $C1CC: D0 FC     BNE $C1CA
A:01 X:06 Y:A8 S:FD P:nvUbdIzc   $C1CA: A5 3F     LDA $3F = #$01
A:01 X:06 Y:A8 S:FD P:nvUbdIzc   $C1CC: D0 FC     BNE $C1CA
A:01 X:06 Y:A8 S:FD P:nvUbdIzc   $C1CA: A5 3F     LDA $3F = #$01
A:01 X:06 Y:A8 S:FD P:nvUbdIzc   $C1CC: D0 FC     BNE $C1CA
A:01 X:06 Y:A8 S:FD P:nvUbdIzc   $C1CA: A5 3F     LDA $3F = #$01
A:01 X:06 Y:A8 S:FD P:nvUbdIzc   $C1CC: D0 FC     BNE $C1CA
A:01 X:06 Y:A8 S:FD P:nvUbdIzc   $C1CA: A5 3F     LDA $3F = #$01
A:01 X:06 Y:A8 S:FD P:nvUbdIzc   $C1CC: D0 FC     BNE $C1CA
A:01 X:06 Y:A8 S:FD P:nvUbdIzc   $C1CA: A5 3F     LDA $3F = #$01
A:01 X:06 Y:A8 S:FD P:nvUbdIzc   $C1CC: D0 FC     BNE $C1CA
A:01 X:06 Y:A8 S:FD P:nvUbdIzc   $C1CA: A5 3F     LDA $3F = #$01
A:01 X:06 Y:A8 S:FD P:nvUbdIzc   $C1CC: D0 FC     BNE $C1CA
A:01 X:06 Y:A8 S:FD P:nvUbdIzc   $C1CA: A5 3F     LDA $3F = #$01
A:01 X:06 Y:A8 S:FD P:nvUbdIzc   $C1CC: D0 FC     BNE $C1CA
A:01 X:06 Y:A8 S:FD P:nvUbdIzc   $C1CA: A5 3F     LDA $3F = #$01
A:01 X:06 Y:A8 S:FD P:nvUbdIzc   $C1CC: D0 FC     BNE $C1CA
A:01 X:06 Y:A8 S:FD P:nvUbdIzc   $C1CA: A5 3F     LDA $3F = #$01
A:01 X:06 Y:A8 S:FD P:nvUbdIzc   $C1CC: D0 FC     BNE $C1CA
A:01 X:06 Y:A8 S:FD P:nvUbdIzc   $C1CA: A5 3F     LDA $3F = #$01
A:01 X:06 Y:A8 S:FD P:nvUbdIzc   $C1CC: D0 FC     BNE $C1CA
A:01 X:06 Y:A8 S:FD P:nvUbdIzc   $C1CA: A5 3F     LDA $3F = #$01
A:01 X:06 Y:A8 S:FD P:nvUbdIzc   $C1CC: D0 FC     BNE $C1CA
A:01 X:06 Y:A8 S:FD P:nvUbdIzc   $C1CA: A5 3F     LDA $3F = #$01
A:01 X:06 Y:A8 S:FD P:nvUbdIzc   $C1CC: D0 FC     BNE $C1CA
A:01 X:06 Y:A8 S:FD P:nvUbdIzc   $C1CA: A5 3F     LDA $3F = #$01
A:01 X:06 Y:A8 S:FD P:nvUbdIzc   $C1CC: D0 FC     BNE $C1CA
A:01 X:06 Y:A8 S:FD P:nvUbdIzc   $C1CA: A5 3F     LDA $3F = #$01
A:01 X:06 Y:A8 S:FD P:nvUbdIzc   $C1CC: D0 FC     BNE $C1CA
A:01 X:06 Y:A8 S:FD P:nvUbdIzc   $C1CA: A5 3F     LDA $3F = #$01
A:01 X:06 Y:A8 S:FD P:nvUbdIzc   $C1CC: D0 FC     BNE $C1CA
A:01 X:06 Y:A8 S:FD P:nvUbdIzc   $C1CA: A5 3F     LDA $3F = #$01
A:01 X:06 Y:A8 S:FD P:nvUbdIzc   $C1CC: D0 FC     BNE $C1CA
A:01 X:06 Y:A8 S:FD P:nvUbdIzc   $C1CA: A5 3F     LDA $3F = #$01
A:01 X:06 Y:A8 S:FD P:nvUbdIzc   $C1CC: D0 FC     BNE $C1CA
A:01 X:06 Y:A8 S:FD P:nvUbdIzc   $C1CA: A5 3F     LDA $3F = #$01
A:01 X:06 Y:A8 S:FD P:nvUbdIzc   $C1CC: D0 FC     BNE $C1CA
A:01 X:06 Y:A8 S:FD P:nvUbdIzc   $C1CA: A5 3F     LDA $3F = #$01
A:01 X:06 Y:A8 S:FD P:nvUbdIzc   $C1CC: D0 FC     BNE $C1CA
A:01 X:06 Y:A8 S:FD P:nvUbdIzc   $C1CA: A5 3F     LDA $3F = #$01
A:01 X:06 Y:A8 S:FD P:nvUbdIzc   $C1CC: D0 FC     BNE $C1CA
A:01 X:06 Y:A8 S:FD P:nvUbdIzc   $C1CA: A5 3F     LDA $3F = #$01
A:01 X:06 Y:A8 S:FD P:nvUbdIzc   $C1CC: D0 FC     BNE $C1CA
A:01 X:06 Y:A8 S:FD P:nvUbdIzc   $C1CA: A5 3F     LDA $3F = #$01
A:01 X:06 Y:A8 S:FD P:nvUbdIzc   $C1CC: D0 FC     BNE $C1CA
A:01 X:06 Y:A8 S:FD P:nvUbdIzc   $C1CA: A5 3F     LDA $3F = #$01
A:01 X:06 Y:A8 S:FD P:nvUbdIzc   $C1CC: D0 FC     BNE $C1CA
A:01 X:06 Y:A8 S:FD P:nvUbdIzc   $C1CA: A5 3F     LDA $3F = #$01
A:01 X:06 Y:A8 S:FD P:nvUbdIzc   $C1CC: D0 FC     BNE $C1CA
A:01 X:06 Y:A8 S:FD P:nvUbdIzc   $C1CA: A5 3F     LDA $3F = #$01
A:01 X:06 Y:A8 S:FD P:nvUbdIzc   $C1CC: D0 FC     BNE $C1CA
A:01 X:06 Y:A8 S:FD P:nvUbdIzc   $C1CA: A5 3F     LDA $3F = #$01
A:01 X:06 Y:A8 S:FD P:nvUbdIzc   $C1CC: D0 FC     BNE $C1CA
A:01 X:06 Y:A8 S:FD P:nvUbdIzc   $C1CA: A5 3F     LDA $3F = #$01
A:01 X:06 Y:A8 S:FD P:nvUbdIzc   $C1CC: D0 FC     BNE $C1CA
A:01 X:06 Y:A8 S:FD P:nvUbdIzc   $C1CA: A5 3F     LDA $3F = #$01
A:01 X:06 Y:A8 S:FD P:nvUbdIzc   $C1CC: D0 FC     BNE $C1CA
A:01 X:06 Y:A8 S:FD P:nvUbdIzc   $C1CA: A5 3F     LDA $3F = #$01
A:01 X:06 Y:A8 S:FD P:nvUbdIzc   $C1CC: D0 FC     BNE $C1CA
A:01 X:06 Y:A8 S:FD P:nvUbdIzc   $C1CA: A5 3F     LDA $3F = #$01
A:01 X:06 Y:A8 S:FD P:nvUbdIzc   $C1CC: D0 FC     BNE $C1CA
A:01 X:06 Y:A8 S:FD P:nvUbdIzc   $C1CA: A5 3F     LDA $3F = #$01
A:01 X:06 Y:A8 S:FD P:nvUbdIzc   $C1CC: D0 FC     BNE $C1CA
A:01 X:06 Y:A8 S:FD P:nvUbdIzc   $C1CA: A5 3F     LDA $3F = #$01
A:01 X:06 Y:A8 S:FD P:nvUbdIzc   $C1CC: D0 FC     BNE $C1CA
A:01 X:06 Y:A8 S:FD P:nvUbdIzc   $C1CA: A5 3F     LDA $3F = #$01
A:01 X:06 Y:A8 S:FD P:nvUbdIzc   $C1CC: D0 FC     BNE $C1CA
A:01 X:06 Y:A8 S:FD P:nvUbdIzc   $C1CA: A5 3F     LDA $3F = #$01
A:01 X:06 Y:A8 S:FD P:nvUbdIzc   $C1CC: D0 FC     BNE $C1CA
A:01 X:06 Y:A8 S:FD P:nvUbdIzc   $C1CA: A5 3F     LDA $3F = #$01
A:01 X:06 Y:A8 S:FD P:nvUbdIzc   $C1CC: D0 FC     BNE $C1CA
A:01 X:06 Y:A8 S:FD P:nvUbdIzc   $C1CA: A5 3F     LDA $3F = #$01
A:01 X:06 Y:A8 S:FD P:nvUbdIzc   $C1CC: D0 FC     BNE $C1CA
A:01 X:06 Y:A8 S:FD P:nvUbdIzc   $C1CA: A5 3F     LDA $3F = #$01
A:01 X:06 Y:A8 S:FD P:nvUbdIzc   $C1CC: D0 FC     BNE $C1CA
A:01 X:06 Y:A8 S:FD P:nvUbdIzc   $C1CA: A5 3F     LDA $3F = #$01
A:01 X:06 Y:A8 S:FD P:nvUbdIzc   $C1CC: D0 FC     BNE $C1CA
A:01 X:06 Y:A8 S:FD P:nvUbdIzc   $C1CA: A5 3F     LDA $3F = #$01
A:01 X:06 Y:A8 S:FD P:nvUbdIzc   $C1CC: D0 FC     BNE $C1CA
A:01 X:06 Y:A8 S:FD P:nvUbdIzc   $C1CA: A5 3F     LDA $3F = #$01
A:01 X:06 Y:A8 S:FD P:nvUbdIzc   $C1CC: D0 FC     BNE $C1CA
A:01 X:06 Y:A8 S:FD P:nvUbdIzc   $C1CA: A5 3F     LDA $3F = #$01
A:01 X:06 Y:A8 S:FD P:nvUbdIzc   $C1CC: D0 FC     BNE $C1CA
A:01 X:06 Y:A8 S:FD P:nvUbdIzc   $C1CA: A5 3F     LDA $3F = #$01
A:01 X:06 Y:A8 S:FD P:nvUbdIzc   $C1CC: D0 FC     BNE $C1CA
A:01 X:06 Y:A8 S:FD P:nvUbdIzc   $C1CA: A5 3F     LDA $3F = #$01
A:01 X:06 Y:A8 S:FD P:nvUbdIzc   $C1CC: D0 FC     BNE $C1CA
A:01 X:06 Y:A8 S:FD P:nvUbdIzc   $C1CA: A5 3F     LDA $3F = #$01
A:01 X:06 Y:A8 S:FD P:nvUbdIzc   $C1CC: D0 FC     BNE $C1CA
A:01 X:06 Y:A8 S:FD P:nvUbdIzc   $C1CA: A5 3F     LDA $3F = #$01
A:01 X:06 Y:A8 S:FD P:nvUbdIzc   $C1CC: D0 FC     BNE $C1CA
A:01 X:06 Y:A8 S:FD P:nvUbdIzc   $C1CA: A5 3F     LDA $3F = #$01
A:01 X:06 Y:A8 S:FD P:nvUbdIzc   $C1CC: D0 FC     BNE $C1CA
A:01 X:06 Y:A8 S:FD P:nvUbdIzc   $C1CA: A5 3F     LDA $3F = #$01
A:01 X:06 Y:A8 S:FD P:nvUbdIzc   $C1CC: D0 FC     BNE $C1CA
A:01 X:06 Y:A8 S:FD P:nvUbdIzc   $C1CA: A5 3F     LDA $3F = #$01
A:01 X:06 Y:A8 S:FD P:nvUbdIzc   $C1CC: D0 FC     BNE $C1CA
A:01 X:06 Y:A8 S:FD P:nvUbdIzc   $C1CA: A5 3F     LDA $3F = #$01
A:01 X:06 Y:A8 S:FD P:nvUbdIzc   $C1CC: D0 FC     BNE $C1CA
A:01 X:06 Y:A8 S:FD P:nvUbdIzc   $C1CA: A5 3F     LDA $3F = #$01
A:01 X:06 Y:A8 S:FD P:nvUbdIzc   $C1CC: D0 FC     BNE $C1CA
A:01 X:06 Y:A8 S:FD P:nvUbdIzc   $C1CA: A5 3F     LDA $3F = #$01
A:01 X:06 Y:A8 S:FD P:nvUbdIzc   $C1CC: D0 FC     BNE $C1CA
A:01 X:06 Y:A8 S:FD P:nvUbdIzc   $C1CA: A5 3F     LDA $3F = #$01
A:01 X:06 Y:A8 S:FD P:nvUbdIzc   $C1CC: D0 FC     BNE $C1CA
A:01 X:06 Y:A8 S:FD P:nvUbdIzc   $C1CA: A5 3F     LDA $3F = #$01
A:01 X:06 Y:A8 S:FD P:nvUbdIzc   $C1CC: D0 FC     BNE $C1CA
A:01 X:06 Y:A8 S:FD P:nvUbdIzc   $C1CA: A5 3F     LDA $3F = #$01
A:01 X:06 Y:A8 S:FD P:nvUbdIzc   $C1CC: D0 FC     BNE $C1CA
A:01 X:06 Y:A8 S:FD P:nvUbdIzc   $C1CA: A5 3F     LDA $3F = #$01
A:01 X:06 Y:A8 S:FD P:nvUbdIzc   $C1CC: D0 FC     BNE $C1CA
A:01 X:06 Y:A8 S:FD P:nvUbdIzc   $C1CA: A5 3F     LDA $3F = #$01
A:01 X:06 Y:A8 S:FD P:nvUbdIzc   $C1CC: D0 FC     BNE $C1CA
A:01 X:06 Y:A8 S:FD P:nvUbdIzc   $C1CA: A5 3F     LDA $3F = #$01
A:01 X:06 Y:A8 S:FD P:nvUbdIzc   $C1CC: D0 FC     BNE $C1CA
A:01 X:06 Y:A8 S:FD P:nvUbdIzc   $C1CA: A5 3F     LDA $3F = #$01
A:01 X:06 Y:A8 S:FD P:nvUbdIzc   $C1CC: D0 FC     BNE $C1CA
A:01 X:06 Y:A8 S:FD P:nvUbdIzc   $C1CA: A5 3F     LDA $3F = #$01
A:01 X:06 Y:A8 S:FD P:nvUbdIzc   $C1CC: D0 FC     BNE $C1CA
A:01 X:06 Y:A8 S:FD P:nvUbdIzc   $C1CA: A5 3F     LDA $3F = #$01
A:01 X:06 Y:A8 S:FD P:nvUbdIzc   $C1CC: D0 FC     BNE $C1CA
A:01 X:06 Y:A8 S:FD P:nvUbdIzc   $C1CA: A5 3F     LDA $3F = #$01
A:01 X:06 Y:A8 S:FD P:nvUbdIzc   $C1CC: D0 FC     BNE $C1CA
A:01 X:06 Y:A8 S:FD P:nvUbdIzc   $C1CA: A5 3F     LDA $3F = #$01
A:01 X:06 Y:A8 S:FD P:nvUbdIzc   $C1CC: D0 FC     BNE $C1CA
A:01 X:06 Y:A8 S:FD P:nvUbdIzc   $C1CA: A5 3F     LDA $3F = #$01
A:01 X:06 Y:A8 S:FD P:nvUbdIzc   $C1CC: D0 FC     BNE $C1CA
A:01 X:06 Y:A8 S:FD P:nvUbdIzc   $C1CA: A5 3F     LDA $3F = #$01
A:01 X:06 Y:A8 S:FD P:nvUbdIzc   $C1CC: D0 FC     BNE $C1CA
A:01 X:06 Y:A8 S:FD P:nvUbdIzc   $C1CA: A5 3F     LDA $3F = #$01
A:01 X:06 Y:A8 S:FD P:nvUbdIzc   $C1CC: D0 FC     BNE $C1CA
A:01 X:06 Y:A8 S:FD P:nvUbdIzc   $C1CA: A5 3F     LDA $3F = #$01
A:01 X:06 Y:A8 S:FD P:nvUbdIzc   $C1CC: D0 FC     BNE $C1CA
A:01 X:06 Y:A8 S:FD P:nvUbdIzc   $C1CA: A5 3F     LDA $3F = #$01
A:01 X:06 Y:A8 S:FD P:nvUbdIzc   $C1CC: D0 FC     BNE $C1CA
A:01 X:06 Y:A8 S:FD P:nvUbdIzc   $C1CA: A5 3F     LDA $3F = #$01
A:01 X:06 Y:A8 S:FD P:nvUbdIzc   $C1CC: D0 FC     BNE $C1CA
A:01 X:06 Y:A8 S:FD P:nvUbdIzc   $C1CA: A5 3F     LDA $3F = #$01
A:01 X:06 Y:A8 S:FD P:nvUbdIzc   $C1CC: D0 FC     BNE $C1CA
A:01 X:06 Y:A8 S:FD P:nvUbdIzc   $C1CA: A5 3F     LDA $3F = #$01
A:01 X:06 Y:A8 S:FD P:nvUbdIzc   $C1CC: D0 FC     BNE $C1CA
A:01 X:06 Y:A8 S:FD P:nvUbdIzc   $C1CA: A5 3F     LDA $3F = #$01
A:01 X:06 Y:A8 S:FD P:nvUbdIzc   $C1CC: D0 FC     BNE $C1CA
A:01 X:06 Y:A8 S:FD P:nvUbdIzc   $C1CA: A5 3F     LDA $3F = #$01
A:01 X:06 Y:A8 S:FD P:nvUbdIzc   $C1CC: D0 FC     BNE $C1CA
A:01 X:06 Y:A8 S:FD P:nvUbdIzc   $C1CA: A5 3F     LDA $3F = #$01
A:01 X:06 Y:A8 S:FD P:nvUbdIzc   $C1CC: D0 FC     BNE $C1CA
A:01 X:06 Y:A8 S:FD P:nvUbdIzc   $C1CA: A5 3F     LDA $3F = #$01
A:01 X:06 Y:A8 S:FD P:nvUbdIzc   $C1CC: D0 FC     BNE $C1CA
A:01 X:06 Y:A8 S:FD P:nvUbdIzc   $C1CA: A5 3F     LDA $3F = #$01
A:01 X:06 Y:A8 S:FD P:nvUbdIzc   $C1CC: D0 FC     BNE $C1CA
A:01 X:06 Y:A8 S:FD P:nvUbdIzc   $C1CA: A5 3F     LDA $3F = #$01
A:01 X:06 Y:A8 S:FD P:nvUbdIzc   $C1CC: D0 FC     BNE $C1CA
A:01 X:06 Y:A8 S:FD P:nvUbdIzc   $C1CA: A5 3F     LDA $3F = #$01
A:01 X:06 Y:A8 S:FD P:nvUbdIzc   $C1CC: D0 FC     BNE $C1CA
A:01 X:06 Y:A8 S:FD P:nvUbdIzc   $C1CA: A5 3F     LDA $3F = #$01
A:01 X:06 Y:A8 S:FD P:nvUbdIzc   $C1CC: D0 FC     BNE $C1CA
A:01 X:06 Y:A8 S:FD P:nvUbdIzc   $C1CA: A5 3F     LDA $3F = #$01
A:01 X:06 Y:A8 S:FD P:nvUbdIzc   $C1CC: D0 FC     BNE $C1CA
A:01 X:06 Y:A8 S:FD P:nvUbdIzc   $C1CA: A5 3F     LDA $3F = #$01
A:01 X:06 Y:A8 S:FD P:nvUbdIzc   $C1CC: D0 FC     BNE $C1CA
A:01 X:06 Y:A8 S:FD P:nvUbdIzc   $C1CA: A5 3F     LDA $3F = #$01
A:01 X:06 Y:A8 S:FD P:nvUbdIzc   $C1CC: D0 FC     BNE $C1CA
A:01 X:06 Y:A8 S:FD P:nvUbdIzc   $C1CA: A5 3F     LDA $3F = #$01
A:01 X:06 Y:A8 S:FD P:nvUbdIzc   $C1CC: D0 FC     BNE $C1CA
A:01 X:06 Y:A8 S:FD P:nvUbdIzc   $C1CA: A5 3F     LDA $3F = #$01
A:01 X:06 Y:A8 S:FD P:nvUbdIzc   $C1CC: D0 FC     BNE $C1CA
A:01 X:06 Y:A8 S:FD P:nvUbdIzc   $C1CA: A5 3F     LDA $3F = #$01
A:01 X:06 Y:A8 S:FD P:nvUbdIzc   $C1CC: D0 FC     BNE $C1CA
A:01 X:06 Y:A8 S:FD P:nvUbdIzc   $C1CA: A5 3F     LDA $3F = #$01
A:01 X:06 Y:A8 S:FD P:nvUbdIzc   $C1CC: D0 FC     BNE $C1CA
A:01 X:06 Y:A8 S:FD P:nvUbdIzc   $C1CA: A5 3F     LDA $3F = #$01
A:01 X:06 Y:A8 S:FD P:nvUbdIzc   $C1CC: D0 FC     BNE $C1CA
A:01 X:06 Y:A8 S:FD P:nvUbdIzc   $C1CA: A5 3F     LDA $3F = #$01
A:01 X:06 Y:A8 S:FD P:nvUbdIzc   $C1CC: D0 FC     BNE $C1CA
A:01 X:06 Y:A8 S:FD P:nvUbdIzc   $C1CA: A5 3F     LDA $3F = #$01
A:01 X:06 Y:A8 S:FD P:nvUbdIzc   $C1CC: D0 FC     BNE $C1CA
A:01 X:06 Y:A8 S:FD P:nvUbdIzc   $C1CA: A5 3F     LDA $3F = #$01
A:01 X:06 Y:A8 S:FD P:nvUbdIzc   $C1CC: D0 FC     BNE $C1CA
A:01 X:06 Y:A8 S:FD P:nvUbdIzc   $C1CA: A5 3F     LDA $3F = #$01
A:01 X:06 Y:A8 S:FD P:nvUbdIzc   $C1CC: D0 FC     BNE $C1CA
A:01 X:06 Y:A8 S:FD P:nvUbdIzc   $C1CA: A5 3F     LDA $3F = #$01
A:01 X:06 Y:A8 S:FD P:nvUbdIzc   $C1CC: D0 FC     BNE $C1CA
A:01 X:06 Y:A8 S:FD P:nvUbdIzc   $C1CA: A5 3F     LDA $3F = #$01
A:01 X:06 Y:A8 S:FD P:nvUbdIzc   $C1CC: D0 FC     BNE $C1CA
A:01 X:06 Y:A8 S:FD P:nvUbdIzc   $C1CA: A5 3F     LDA $3F = #$01
A:01 X:06 Y:A8 S:FD P:nvUbdIzc   $C1CC: D0 FC     BNE $C1CA
A:01 X:06 Y:A8 S:FD P:nvUbdIzc   $C1CA: A5 3F     LDA $3F = #$01
A:01 X:06 Y:A8 S:FD P:nvUbdIzc   $C1CC: D0 FC     BNE $C1CA
A:01 X:06 Y:A8 S:FD P:nvUbdIzc   $C1CA: A5 3F     LDA $3F = #$01
A:01 X:06 Y:A8 S:FD P:nvUbdIzc   $C1CC: D0 FC     BNE $C1CA
A:01 X:06 Y:A8 S:FD P:nvUbdIzc   $C1CA: A5 3F     LDA $3F = #$01
A:01 X:06 Y:A8 S:FD P:nvUbdIzc   $C1CC: D0 FC     BNE $C1CA
A:01 X:06 Y:A8 S:FD P:nvUbdIzc   $C1CA: A5 3F     LDA $3F = #$01
A:01 X:06 Y:A8 S:FD P:nvUbdIzc   $C1CC: D0 FC     BNE $C1CA
A:01 X:06 Y:A8 S:FD P:nvUbdIzc   $C1CA: A5 3F     LDA $3F = #$01
A:01 X:06 Y:A8 S:FD P:nvUbdIzc   $C1CC: D0 FC     BNE $C1CA
A:01 X:06 Y:A8 S:FD P:nvUbdIzc   $C1CA: A5 3F     LDA $3F = #$01
A:01 X:06 Y:A8 S:FD P:nvUbdIzc   $C1CC: D0 FC     BNE $C1CA
A:01 X:06 Y:A8 S:FD P:nvUbdIzc   $C1CA: A5 3F     LDA $3F = #$01
A:01 X:06 Y:A8 S:FD P:nvUbdIzc   $C1CC: D0 FC     BNE $C1CA
A:01 X:06 Y:A8 S:FD P:nvUbdIzc   $C1CA: A5 3F     LDA $3F = #$01
A:01 X:06 Y:A8 S:FD P:nvUbdIzc   $C1CC: D0 FC     BNE $C1CA
A:01 X:06 Y:A8 S:FD P:nvUbdIzc   $C1CA: A5 3F     LDA $3F = #$01
A:01 X:06 Y:A8 S:FD P:nvUbdIzc   $C1CC: D0 FC     BNE $C1CA
A:01 X:06 Y:A8 S:FD P:nvUbdIzc   $C1CA: A5 3F     LDA $3F = #$01
A:01 X:06 Y:A8 S:FD P:nvUbdIzc   $C1CC: D0 FC     BNE $C1CA
A:01 X:06 Y:A8 S:FD P:nvUbdIzc   $C1CA: A5 3F     LDA $3F = #$01
A:01 X:06 Y:A8 S:FD P:nvUbdIzc   $C1CC: D0 FC     BNE $C1CA
A:01 X:06 Y:A8 S:FD P:nvUbdIzc   $C1CA: A5 3F     LDA $3F = #$01
A:01 X:06 Y:A8 S:FD P:nvUbdIzc   $C1CC: D0 FC     BNE $C1CA
A:01 X:06 Y:A8 S:FD P:nvUbdIzc   $C1CA: A5 3F     LDA $3F = #$01
A:01 X:06 Y:A8 S:FD P:nvUbdIzc   $C1CC: D0 FC     BNE $C1CA
A:01 X:06 Y:A8 S:FD P:nvUbdIzc   $C1CA: A5 3F     LDA $3F = #$01
A:01 X:06 Y:A8 S:FD P:nvUbdIzc   $C1CC: D0 FC     BNE $C1CA
A:01 X:06 Y:A8 S:FD P:nvUbdIzc   $C1CA: A5 3F     LDA $3F = #$01
A:01 X:06 Y:A8 S:FD P:nvUbdIzc   $C1CC: D0 FC     BNE $C1CA
A:01 X:06 Y:A8 S:FD P:nvUbdIzc   $C1CA: A5 3F     LDA $3F = #$01
A:01 X:06 Y:A8 S:FD P:nvUbdIzc   $C1CC: D0 FC     BNE $C1CA
A:01 X:06 Y:A8 S:FD P:nvUbdIzc   $C1CA: A5 3F     LDA $3F = #$01
A:01 X:06 Y:A8 S:FD P:nvUbdIzc   $C1CC: D0 FC     BNE $C1CA
A:01 X:06 Y:A8 S:FD P:nvUbdIzc   $C1CA: A5 3F     LDA $3F = #$01
A:01 X:06 Y:A8 S:FD P:nvUbdIzc   $C1CC: D0 FC     BNE $C1CA
A:01 X:06 Y:A8 S:FD P:nvUbdIzc   $C1CA: A5 3F     LDA $3F = #$01
A:01 X:06 Y:A8 S:FD P:nvUbdIzc   $C1CC: D0 FC     BNE $C1CA
A:01 X:06 Y:A8 S:FD P:nvUbdIzc   $C1CA: A5 3F     LDA $3F = #$01
A:01 X:06 Y:A8 S:FD P:nvUbdIzc   $C1CC: D0 FC     BNE $C1CA
A:01 X:06 Y:A8 S:FD P:nvUbdIzc   $C1CA: A5 3F     LDA $3F = #$01
A:01 X:06 Y:A8 S:FD P:nvUbdIzc   $C1CC: D0 FC     BNE $C1CA
A:01 X:06 Y:A8 S:FD P:nvUbdIzc   $C1CA: A5 3F     LDA $3F = #$01
A:01 X:06 Y:A8 S:FD P:nvUbdIzc   $C1CC: D0 FC     BNE $C1CA
A:01 X:06 Y:A8 S:FD P:nvUbdIzc   $C1CA: A5 3F     LDA $3F = #$01
A:01 X:06 Y:A8 S:FD P:nvUbdIzc   $C1CC: D0 FC     BNE $C1CA
A:01 X:06 Y:A8 S:FD P:nvUbdIzc   $C1CA: A5 3F     LDA $3F = #$01
A:01 X:06 Y:A8 S:FD P:nvUbdIzc   $C1CC: D0 FC     BNE $C1CA
A:01 X:06 Y:A8 S:FD P:nvUbdIzc   $C1CA: A5 3F     LDA $3F = #$01
A:01 X:06 Y:A8 S:FD P:nvUbdIzc   $C1CC: D0 FC     BNE $C1CA
A:01 X:06 Y:A8 S:FD P:nvUbdIzc   $C1CA: A5 3F     LDA $3F = #$01
A:01 X:06 Y:A8 S:FD P:nvUbdIzc   $C1CC: D0 FC     BNE $C1CA
A:01 X:06 Y:A8 S:FD P:nvUbdIzc   $C1CA: A5 3F     LDA $3F = #$01
A:01 X:06 Y:A8 S:FD P:nvUbdIzc   $C1CC: D0 FC     BNE $C1CA
A:01 X:06 Y:A8 S:FD P:nvUbdIzc   $C1CA: A5 3F     LDA $3F = #$01
A:01 X:06 Y:A8 S:FD P:nvUbdIzc   $C1CC: D0 FC     BNE $C1CA
A:01 X:06 Y:A8 S:FD P:nvUbdIzc   $C1CA: A5 3F     LDA $3F = #$01
A:01 X:06 Y:A8 S:FD P:nvUbdIzc   $C1CC: D0 FC     BNE $C1CA
A:01 X:06 Y:A8 S:FD P:nvUbdIzc   $C1CA: A5 3F     LDA $3F = #$01
A:01 X:06 Y:A8 S:FD P:nvUbdIzc   $C1CC: D0 FC     BNE $C1CA
A:01 X:06 Y:A8 S:FD P:nvUbdIzc   $C1CA: A5 3F     LDA $3F = #$01
A:01 X:06 Y:A8 S:FD P:nvUbdIzc   $C1CC: D0 FC     BNE $C1CA
A:01 X:06 Y:A8 S:FD P:nvUbdIzc   $C1CA: A5 3F     LDA $3F = #$01
A:01 X:06 Y:A8 S:FD P:nvUbdIzc   $C1CC: D0 FC     BNE $C1CA
A:01 X:06 Y:A8 S:FD P:nvUbdIzc   $C1CA: A5 3F     LDA $3F = #$01
A:01 X:06 Y:A8 S:FD P:nvUbdIzc   $C1CC: D0 FC     BNE $C1CA
A:01 X:06 Y:A8 S:FD P:nvUbdIzc   $C1CA: A5 3F     LDA $3F = #$01
A:01 X:06 Y:A8 S:FD P:nvUbdIzc   $C1CC: D0 FC     BNE $C1CA
A:01 X:06 Y:A8 S:FD P:nvUbdIzc   $C1CA: A5 3F     LDA $3F = #$01
A:01 X:06 Y:A8 S:FD P:nvUbdIzc   $C1CC: D0 FC     BNE $C1CA
A:01 X:06 Y:A8 S:FD P:nvUbdIzc   $C1CA: A5 3F     LDA $3F = #$01
A:01 X:06 Y:A8 S:FD P:nvUbdIzc   $C1CC: D0 FC     BNE $C1CA
A:01 X:06 Y:A8 S:FD P:nvUbdIzc   $C1CA: A5 3F     LDA $3F = #$01
A:01 X:06 Y:A8 S:FD P:nvUbdIzc   $C1CC: D0 FC     BNE $C1CA
A:01 X:06 Y:A8 S:FD P:nvUbdIzc   $C1CA: A5 3F     LDA $3F = #$01
A:01 X:06 Y:A8 S:FD P:nvUbdIzc   $C1CC: D0 FC     BNE $C1CA
A:01 X:06 Y:A8 S:FD P:nvUbdIzc   $C1CA: A5 3F     LDA $3F = #$01
A:01 X:06 Y:A8 S:FD P:nvUbdIzc   $C1CC: D0 FC     BNE $C1CA
A:01 X:06 Y:A8 S:FD P:nvUbdIzc   $C1CA: A5 3F     LDA $3F = #$01
A:01 X:06 Y:A8 S:FD P:nvUbdIzc   $C1CC: D0 FC     BNE $C1CA
A:01 X:06 Y:A8 S:FD P:nvUbdIzc   $C1CA: A5 3F     LDA $3F = #$01
A:01 X:06 Y:A8 S:FD P:nvUbdIzc   $C1CC: D0 FC     BNE $C1CA
A:01 X:06 Y:A8 S:FD P:nvUbdIzc   $C1CA: A5 3F     LDA $3F = #$01
A:01 X:06 Y:A8 S:FD P:nvUbdIzc   $C1CC: D0 FC     BNE $C1CA
A:01 X:06 Y:A8 S:FD P:nvUbdIzc   $C1CA: A5 3F     LDA $3F = #$01
A:01 X:06 Y:A8 S:FD P:nvUbdIzc   $C1CC: D0 FC     BNE $C1CA
A:01 X:06 Y:A8 S:FD P:nvUbdIzc   $C1CA: A5 3F     LDA $3F = #$01
A:01 X:06 Y:A8 S:FD P:nvUbdIzc   $C1CC: D0 FC     BNE $C1CA
A:01 X:06 Y:A8 S:FD P:nvUbdIzc   $C1CA: A5 3F     LDA $3F = #$01
A:01 X:06 Y:A8 S:FD P:nvUbdIzc   $C1CC: D0 FC     BNE $C1CA
A:01 X:06 Y:A8 S:FD P:nvUbdIzc   $C1CA: A5 3F     LDA $3F = #$01
A:01 X:06 Y:A8 S:FD P:nvUbdIzc   $C1CC: D0 FC     BNE $C1CA
A:01 X:06 Y:A8 S:FD P:nvUbdIzc   $C1CA: A5 3F     LDA $3F = #$01
A:01 X:06 Y:A8 S:FD P:nvUbdIzc   $C1CC: D0 FC     BNE $C1CA
A:01 X:06 Y:A8 S:FD P:nvUbdIzc   $C1CA: A5 3F     LDA $3F = #$01
A:01 X:06 Y:A8 S:FD P:nvUbdIzc   $C1CC: D0 FC     BNE $C1CA
A:01 X:06 Y:A8 S:FD P:nvUbdIzc   $C1CA: A5 3F     LDA $3F = #$01
A:01 X:06 Y:A8 S:FD P:nvUbdIzc   $C1CC: D0 FC     BNE $C1CA
A:01 X:06 Y:A8 S:FD P:nvUbdIzc   $C1CA: A5 3F     LDA $3F = #$01
A:01 X:06 Y:A8 S:FD P:nvUbdIzc   $C1CC: D0 FC     BNE $C1CA
A:01 X:06 Y:A8 S:FD P:nvUbdIzc   $C1CA: A5 3F     LDA $3F = #$01
A:01 X:06 Y:A8 S:FD P:nvUbdIzc   $C1CC: D0 FC     BNE $C1CA
A:01 X:06 Y:A8 S:FD P:nvUbdIzc   $C1CA: A5 3F     LDA $3F = #$01
A:01 X:06 Y:A8 S:FD P:nvUbdIzc   $C1CC: D0 FC     BNE $C1CA
A:01 X:06 Y:A8 S:FD P:nvUbdIzc   $C1CA: A5 3F     LDA $3F = #$01
A:01 X:06 Y:A8 S:FD P:nvUbdIzc   $C1CC: D0 FC     BNE $C1CA
A:01 X:06 Y:A8 S:FD P:nvUbdIzc   $C1CA: A5 3F     LDA $3F = #$01
A:01 X:06 Y:A8 S:FD P:nvUbdIzc   $C1CC: D0 FC     BNE $C1CA
A:01 X:06 Y:A8 S:FD P:nvUbdIzc   $C1CA: A5 3F     LDA $3F = #$01
A:01 X:06 Y:A8 S:FD P:nvUbdIzc   $C1CC: D0 FC     BNE $C1CA
A:01 X:06 Y:A8 S:FD P:nvUbdIzc   $C1CA: A5 3F     LDA $3F = #$01
A:01 X:06 Y:A8 S:FD P:nvUbdIzc   $C1CC: D0 FC     BNE $C1CA
A:01 X:06 Y:A8 S:FD P:nvUbdIzc   $C1CA: A5 3F     LDA $3F = #$01
A:01 X:06 Y:A8 S:FD P:nvUbdIzc   $C1CC: D0 FC     BNE $C1CA
A:01 X:06 Y:A8 S:FD P:nvUbdIzc   $C1CA: A5 3F     LDA $3F = #$01
A:01 X:06 Y:A8 S:FD P:nvUbdIzc   $C1CC: D0 FC     BNE $C1CA
A:01 X:06 Y:A8 S:FD P:nvUbdIzc   $C1CA: A5 3F     LDA $3F = #$01
A:01 X:06 Y:A8 S:FD P:nvUbdIzc   $C1CC: D0 FC     BNE $C1CA
A:01 X:06 Y:A8 S:FD P:nvUbdIzc   $C1CA: A5 3F     LDA $3F = #$01
A:01 X:06 Y:A8 S:FD P:nvUbdIzc   $C1CC: D0 FC     BNE $C1CA
A:01 X:06 Y:A8 S:FD P:nvUbdIzc   $C1CA: A5 3F     LDA $3F = #$01
A:01 X:06 Y:A8 S:FD P:nvUbdIzc   $C1CC: D0 FC     BNE $C1CA
A:01 X:06 Y:A8 S:FD P:nvUbdIzc   $C1CA: A5 3F     LDA $3F = #$01
A:01 X:06 Y:A8 S:FD P:nvUbdIzc   $C1CC: D0 FC     BNE $C1CA
A:01 X:06 Y:A8 S:FD P:nvUbdIzc   $C1CA: A5 3F     LDA $3F = #$01
A:01 X:06 Y:A8 S:FD P:nvUbdIzc   $C1CC: D0 FC     BNE $C1CA
A:01 X:06 Y:A8 S:FD P:nvUbdIzc   $C1CA: A5 3F     LDA $3F = #$01
A:01 X:06 Y:A8 S:FD P:nvUbdIzc   $C1CC: D0 FC     BNE $C1CA
A:01 X:06 Y:A8 S:FD P:nvUbdIzc   $C1CA: A5 3F     LDA $3F = #$01
A:01 X:06 Y:A8 S:FD P:nvUbdIzc   $C1CC: D0 FC     BNE $C1CA
A:01 X:06 Y:A8 S:FD P:nvUbdIzc   $C1CA: A5 3F     LDA $3F = #$01
A:01 X:06 Y:A8 S:FD P:nvUbdIzc   $C1CC: D0 FC     BNE $C1CA
A:01 X:06 Y:A8 S:FD P:nvUbdIzc   $C1CA: A5 3F     LDA $3F = #$01
A:01 X:06 Y:A8 S:FD P:nvUbdIzc   $C1CC: D0 FC     BNE $C1CA
A:01 X:06 Y:A8 S:FD P:nvUbdIzc   $C1CA: A5 3F     LDA $3F = #$01
A:01 X:06 Y:A8 S:FD P:nvUbdIzc   $C1CC: D0 FC     BNE $C1CA
A:01 X:06 Y:A8 S:FD P:nvUbdIzc   $C1CA: A5 3F     LDA $3F = #$01
A:01 X:06 Y:A8 S:FD P:nvUbdIzc   $C1CC: D0 FC     BNE $C1CA
A:01 X:06 Y:A8 S:FD P:nvUbdIzc   $C1CA: A5 3F     LDA $3F = #$01
A:01 X:06 Y:A8 S:FD P:nvUbdIzc   $C1CC: D0 FC     BNE $C1CA
A:01 X:06 Y:A8 S:FD P:nvUbdIzc   $C1CA: A5 3F     LDA $3F = #$01
A:01 X:06 Y:A8 S:FD P:nvUbdIzc   $C1CC: D0 FC     BNE $C1CA
A:01 X:06 Y:A8 S:FD P:nvUbdIzc   $C1CA: A5 3F     LDA $3F = #$01
A:01 X:06 Y:A8 S:FD P:nvUbdIzc   $C1CC: D0 FC     BNE $C1CA
A:01 X:06 Y:A8 S:FD P:nvUbdIzc   $C1CA: A5 3F     LDA $3F = #$01
A:01 X:06 Y:A8 S:FD P:nvUbdIzc   $C1CC: D0 FC     BNE $C1CA
A:01 X:06 Y:A8 S:FD P:nvUbdIzc   $C1CA: A5 3F     LDA $3F = #$01
A:01 X:06 Y:A8 S:FD P:nvUbdIzc   $C1CC: D0 FC     BNE $C1CA
A:01 X:06 Y:A8 S:FD P:nvUbdIzc   $C1CA: A5 3F     LDA $3F = #$01
A:01 X:06 Y:A8 S:FD P:nvUbdIzc   $C1CC: D0 FC     BNE $C1CA
A:01 X:06 Y:A8 S:FD P:nvUbdIzc   $C1CA: A5 3F     LDA $3F = #$01
A:01 X:06 Y:A8 S:FD P:nvUbdIzc   $C1CC: D0 FC     BNE $C1CA
A:01 X:06 Y:A8 S:FD P:nvUbdIzc   $C1CA: A5 3F     LDA $3F = #$01
A:01 X:06 Y:A8 S:FD P:nvUbdIzc   $C1CC: D0 FC     BNE $C1CA
A:01 X:06 Y:A8 S:FD P:nvUbdIzc   $C1CA: A5 3F     LDA $3F = #$01
A:01 X:06 Y:A8 S:FD P:nvUbdIzc   $C1CC: D0 FC     BNE $C1CA
A:01 X:06 Y:A8 S:FD P:nvUbdIzc   $C1CA: A5 3F     LDA $3F = #$01
A:01 X:06 Y:A8 S:FD P:nvUbdIzc   $C1CC: D0 FC     BNE $C1CA
A:01 X:06 Y:A8 S:FD P:nvUbdIzc   $C1CA: A5 3F     LDA $3F = #$01
A:01 X:06 Y:A8 S:FD P:nvUbdIzc   $C1CC: D0 FC     BNE $C1CA
A:01 X:06 Y:A8 S:FD P:nvUbdIzc   $C1CA: A5 3F     LDA $3F = #$01
A:01 X:06 Y:A8 S:FD P:nvUbdIzc   $C1CC: D0 FC     BNE $C1CA
A:01 X:06 Y:A8 S:FD P:nvUbdIzc   $C1CA: A5 3F     LDA $3F = #$01
A:01 X:06 Y:A8 S:FD P:nvUbdIzc   $C1CC: D0 FC     BNE $C1CA
A:01 X:06 Y:A8 S:FD P:nvUbdIzc   $C1CA: A5 3F     LDA $3F = #$01
A:01 X:06 Y:A8 S:FD P:nvUbdIzc   $C1CC: D0 FC     BNE $C1CA
A:01 X:06 Y:A8 S:FD P:nvUbdIzc   $C1CA: A5 3F     LDA $3F = #$01
A:01 X:06 Y:A8 S:FD P:nvUbdIzc   $C1CC: D0 FC     BNE $C1CA
A:01 X:06 Y:A8 S:FD P:nvUbdIzc   $C1CA: A5 3F     LDA $3F = #$01
A:01 X:06 Y:A8 S:FD P:nvUbdIzc   $C1CC: D0 FC     BNE $C1CA
A:01 X:06 Y:A8 S:FD P:nvUbdIzc   $C1CA: A5 3F     LDA $3F = #$01
A:01 X:06 Y:A8 S:FD P:nvUbdIzc   $C1CC: D0 FC     BNE $C1CA
A:01 X:06 Y:A8 S:FD P:nvUbdIzc   $C1CA: A5 3F     LDA $3F = #$01
A:01 X:06 Y:A8 S:FD P:nvUbdIzc   $C1CC: D0 FC     BNE $C1CA
A:01 X:06 Y:A8 S:FD P:nvUbdIzc   $C1CA: A5 3F     LDA $3F = #$01
A:01 X:06 Y:A8 S:FD P:nvUbdIzc   $C1CC: D0 FC     BNE $C1CA
A:01 X:06 Y:A8 S:FD P:nvUbdIzc   $C1CA: A5 3F     LDA $3F = #$01
A:01 X:06 Y:A8 S:FD P:nvUbdIzc   $C1CC: D0 FC     BNE $C1CA
A:01 X:06 Y:A8 S:FD P:nvUbdIzc   $C1CA: A5 3F     LDA $3F = #$01
A:01 X:06 Y:A8 S:FD P:nvUbdIzc   $C1CC: D0 FC     BNE $C1CA
A:01 X:06 Y:A8 S:FD P:nvUbdIzc   $C1CA: A5 3F     LDA $3F = #$01
A:01 X:06 Y:A8 S:FD P:nvUbdIzc   $C1CC: D0 FC     BNE $C1CA
A:01 X:06 Y:A8 S:FD P:nvUbdIzc   $C1CA: A5 3F     LDA $3F = #$01
A:01 X:06 Y:A8 S:FD P:nvUbdIzc   $C1CC: D0 FC     BNE $C1CA
A:01 X:06 Y:A8 S:FD P:nvUbdIzc   $C1CA: A5 3F     LDA $3F = #$01
A:01 X:06 Y:A8 S:FD P:nvUbdIzc   $C1CC: D0 FC     BNE $C1CA
A:01 X:06 Y:A8 S:FD P:nvUbdIzc   $C1CA: A5 3F     LDA $3F = #$01
A:01 X:06 Y:A8 S:FD P:nvUbdIzc   $C1CC: D0 FC     BNE $C1CA
A:01 X:06 Y:A8 S:FD P:nvUbdIzc   $C1CA: A5 3F     LDA $3F = #$01
A:01 X:06 Y:A8 S:FD P:nvUbdIzc   $C1CC: D0 FC     BNE $C1CA
A:01 X:06 Y:A8 S:FD P:nvUbdIzc   $C1CA: A5 3F     LDA $3F = #$01
A:01 X:06 Y:A8 S:FD P:nvUbdIzc   $C1CC: D0 FC     BNE $C1CA
A:01 X:06 Y:A8 S:FD P:nvUbdIzc   $C1CA: A5 3F     LDA $3F = #$01
A:01 X:06 Y:A8 S:FD P:nvUbdIzc   $C1CC: D0 FC     BNE $C1CA
A:01 X:06 Y:A8 S:FD P:nvUbdIzc   $C1CA: A5 3F     LDA $3F = #$01
A:01 X:06 Y:A8 S:FD P:nvUbdIzc   $C1CC: D0 FC     BNE $C1CA
A:01 X:06 Y:A8 S:FD P:nvUbdIzc   $C1CA: A5 3F     LDA $3F = #$01
A:01 X:06 Y:A8 S:FD P:nvUbdIzc   $C1CC: D0 FC     BNE $C1CA
A:01 X:06 Y:A8 S:FD P:nvUbdIzc   $C1CA: A5 3F     LDA $3F = #$01
A:01 X:06 Y:A8 S:FD P:nvUbdIzc   $C1CC: D0 FC     BNE $C1CA
A:01 X:06 Y:A8 S:FD P:nvUbdIzc   $C1CA: A5 3F     LDA $3F = #$01
A:01 X:06 Y:A8 S:FD P:nvUbdIzc   $C1CC: D0 FC     BNE $C1CA
A:01 X:06 Y:A8 S:FD P:nvUbdIzc   $C1CA: A5 3F     LDA $3F = #$01
A:01 X:06 Y:A8 S:FD P:nvUbdIzc   $C1CC: D0 FC     BNE $C1CA
A:01 X:06 Y:A8 S:FD P:nvUbdIzc   $C1CA: A5 3F     LDA $3F = #$01
A:01 X:06 Y:A8 S:FD P:nvUbdIzc   $C1CC: D0 FC     BNE $C1CA
A:01 X:06 Y:A8 S:FD P:nvUbdIzc   $C1CA: A5 3F     LDA $3F = #$01
A:01 X:06 Y:A8 S:FD P:nvUbdIzc   $C1CC: D0 FC     BNE $C1CA
A:01 X:06 Y:A8 S:FD P:nvUbdIzc   $C1CA: A5 3F     LDA $3F = #$01
A:01 X:06 Y:A8 S:FD P:nvUbdIzc   $C1CC: D0 FC     BNE $C1CA
A:01 X:06 Y:A8 S:FD P:nvUbdIzc   $C1CA: A5 3F     LDA $3F = #$01
A:01 X:06 Y:A8 S:FD P:nvUbdIzc   $C1CC: D0 FC     BNE $C1CA
A:01 X:06 Y:A8 S:FD P:nvUbdIzc   $C1CA: A5 3F     LDA $3F = #$01
A:01 X:06 Y:A8 S:FD P:nvUbdIzc   $C1CC: D0 FC     BNE $C1CA
A:01 X:06 Y:A8 S:FD P:nvUbdIzc   $C1CA: A5 3F     LDA $3F = #$01
A:01 X:06 Y:A8 S:FD P:nvUbdIzc   $C1CC: D0 FC     BNE $C1CA
A:01 X:06 Y:A8 S:FD P:nvUbdIzc   $C1CA: A5 3F     LDA $3F = #$01
A:01 X:06 Y:A8 S:FD P:nvUbdIzc   $C1CC: D0 FC     BNE $C1CA
A:01 X:06 Y:A8 S:FD P:nvUbdIzc   $C1CA: A5 3F     LDA $3F = #$01
A:01 X:06 Y:A8 S:FD P:nvUbdIzc   $C1CC: D0 FC     BNE $C1CA
A:01 X:06 Y:A8 S:FD P:nvUbdIzc   $C1CA: A5 3F     LDA $3F = #$01
A:01 X:06 Y:A8 S:FD P:nvUbdIzc   $C1CC: D0 FC     BNE $C1CA
A:01 X:06 Y:A8 S:FD P:nvUbdIzc   $C1CA: A5 3F     LDA $3F = #$01
A:01 X:06 Y:A8 S:FD P:nvUbdIzc   $C1CC: D0 FC     BNE $C1CA
A:01 X:06 Y:A8 S:FD P:nvUbdIzc   $C1CA: A5 3F     LDA $3F = #$01
A:01 X:06 Y:A8 S:FD P:nvUbdIzc   $C1CC: D0 FC     BNE $C1CA
A:01 X:06 Y:A8 S:FD P:nvUbdIzc   $C1CA: A5 3F     LDA $3F = #$01
A:01 X:06 Y:A8 S:FD P:nvUbdIzc   $C1CC: D0 FC     BNE $C1CA
A:01 X:06 Y:A8 S:FD P:nvUbdIzc   $C1CA: A5 3F     LDA $3F = #$01
A:01 X:06 Y:A8 S:FD P:nvUbdIzc   $C1CC: D0 FC     BNE $C1CA
A:01 X:06 Y:A8 S:FD P:nvUbdIzc   $C1CA: A5 3F     LDA $3F = #$01
A:01 X:06 Y:A8 S:FD P:nvUbdIzc   $C1CC: D0 FC     BNE $C1CA
A:01 X:06 Y:A8 S:FD P:nvUbdIzc   $C1CA: A5 3F     LDA $3F = #$01
A:01 X:06 Y:A8 S:FD P:nvUbdIzc   $C1CC: D0 FC     BNE $C1CA
A:01 X:06 Y:A8 S:FD P:nvUbdIzc   $C1CA: A5 3F     LDA $3F = #$01
A:01 X:06 Y:A8 S:FD P:nvUbdIzc   $C1CC: D0 FC     BNE $C1CA
A:01 X:06 Y:A8 S:FD P:nvUbdIzc   $C1CA: A5 3F     LDA $3F = #$01
A:01 X:06 Y:A8 S:FD P:nvUbdIzc   $C1CC: D0 FC     BNE $C1CA
A:01 X:06 Y:A8 S:FD P:nvUbdIzc   $C1CA: A5 3F     LDA $3F = #$01
A:01 X:06 Y:A8 S:FD P:nvUbdIzc   $C1CC: D0 FC     BNE $C1CA
A:01 X:06 Y:A8 S:FD P:nvUbdIzc   $C1CA: A5 3F     LDA $3F = #$01
A:01 X:06 Y:A8 S:FD P:nvUbdIzc   $C1CC: D0 FC     BNE $C1CA
A:01 X:06 Y:A8 S:FD P:nvUbdIzc   $C1CA: A5 3F     LDA $3F = #$01
A:01 X:06 Y:A8 S:FD P:nvUbdIzc   $C1CC: D0 FC     BNE $C1CA
A:01 X:06 Y:A8 S:FD P:nvUbdIzc   $C1CA: A5 3F     LDA $3F = #$01
A:01 X:06 Y:A8 S:FD P:nvUbdIzc   $C1CC: D0 FC     BNE $C1CA
A:01 X:06 Y:A8 S:FD P:nvUbdIzc   $C1CA: A5 3F     LDA $3F = #$01
A:01 X:06 Y:A8 S:FD P:nvUbdIzc   $C1CC: D0 FC     BNE $C1CA
A:01 X:06 Y:A8 S:FD P:nvUbdIzc   $C1CA: A5 3F     LDA $3F = #$01
A:01 X:06 Y:A8 S:FD P:nvUbdIzc   $C1CC: D0 FC     BNE $C1CA
A:01 X:06 Y:A8 S:FD P:nvUbdIzc   $C1CA: A5 3F     LDA $3F = #$01
A:01 X:06 Y:A8 S:FD P:nvUbdIzc   $C1CC: D0 FC     BNE $C1CA
A:01 X:06 Y:A8 S:FD P:nvUbdIzc   $C1CA: A5 3F     LDA $3F = #$01
A:01 X:06 Y:A8 S:FD P:nvUbdIzc   $C1CC: D0 FC     BNE $C1CA
A:01 X:06 Y:A8 S:FD P:nvUbdIzc   $C1CA: A5 3F     LDA $3F = #$01
A:01 X:06 Y:A8 S:FD P:nvUbdIzc   $C1CC: D0 FC     BNE $C1CA
A:01 X:06 Y:A8 S:FD P:nvUbdIzc   $C1CA: A5 3F     LDA $3F = #$01
A:01 X:06 Y:A8 S:FD P:nvUbdIzc   $C1CC: D0 FC     BNE $C1CA
A:01 X:06 Y:A8 S:FD P:nvUbdIzc   $C1CA: A5 3F     LDA $3F = #$01
A:01 X:06 Y:A8 S:FD P:nvUbdIzc   $C1CC: D0 FC     BNE $C1CA
A:01 X:06 Y:A8 S:FD P:nvUbdIzc   $C1CA: A5 3F     LDA $3F = #$01
A:01 X:06 Y:A8 S:FD P:nvUbdIzc   $C1CC: D0 FC     BNE $C1CA
A:01 X:06 Y:A8 S:FD P:nvUbdIzc   $C1CA: A5 3F     LDA $3F = #$01
A:01 X:06 Y:A8 S:FD P:nvUbdIzc   $C1CC: D0 FC     BNE $C1CA
A:01 X:06 Y:A8 S:FD P:nvUbdIzc   $C1CA: A5 3F     LDA $3F = #$01
A:01 X:06 Y:A8 S:FD P:nvUbdIzc   $C1CC: D0 FC     BNE $C1CA
A:01 X:06 Y:A8 S:FD P:nvUbdIzc   $C1CA: A5 3F     LDA $3F = #$01
A:01 X:06 Y:A8 S:FD P:nvUbdIzc   $C1CC: D0 FC     BNE $C1CA
A:01 X:06 Y:A8 S:FD P:nvUbdIzc   $C1CA: A5 3F     LDA $3F = #$01
A:01 X:06 Y:A8 S:FD P:nvUbdIzc   $C1CC: D0 FC     BNE $C1CA
A:01 X:06 Y:A8 S:FD P:nvUbdIzc   $C1CA: A5 3F     LDA $3F = #$01
A:01 X:06 Y:A8 S:FD P:nvUbdIzc   $C1CC: D0 FC     BNE $C1CA
A:01 X:06 Y:A8 S:FD P:nvUbdIzc   $C1CA: A5 3F     LDA $3F = #$01
A:01 X:06 Y:A8 S:FD P:nvUbdIzc   $C1CC: D0 FC     BNE $C1CA
A:01 X:06 Y:A8 S:FD P:nvUbdIzc   $C1CA: A5 3F     LDA $3F = #$01
A:01 X:06 Y:A8 S:FD P:nvUbdIzc   $C1CC: D0 FC     BNE $C1CA
A:01 X:06 Y:A8 S:FD P:nvUbdIzc   $C1CA: A5 3F     LDA $3F = #$01
A:01 X:06 Y:A8 S:FD P:nvUbdIzc   $C1CC: D0 FC     BNE $C1CA
A:01 X:06 Y:A8 S:FD P:nvUbdIzc   $C1CA: A5 3F     LDA $3F = #$01
A:01 X:06 Y:A8 S:FD P:nvUbdIzc   $C1CC: D0 FC     BNE $C1CA
A:01 X:06 Y:A8 S:FD P:nvUbdIzc   $C1CA: A5 3F     LDA $3F = #$01
A:01 X:06 Y:A8 S:FD P:nvUbdIzc   $C1CC: D0 FC     BNE $C1CA
A:01 X:06 Y:A8 S:FD P:nvUbdIzc   $C1CA: A5 3F     LDA $3F = #$01
A:01 X:06 Y:A8 S:FD P:nvUbdIzc   $C1CC: D0 FC     BNE $C1CA
A:01 X:06 Y:A8 S:FD P:nvUbdIzc   $C1CA: A5 3F     LDA $3F = #$01
A:01 X:06 Y:A8 S:FD P:nvUbdIzc   $C1CC: D0 FC     BNE $C1CA
A:01 X:06 Y:A8 S:FD P:nvUbdIzc   $C1CA: A5 3F     LDA $3F = #$01
A:01 X:06 Y:A8 S:FD P:nvUbdIzc   $C1CC: D0 FC     BNE $C1CA
A:01 X:06 Y:A8 S:FD P:nvUbdIzc   $C1CA: A5 3F     LDA $3F = #$01
A:01 X:06 Y:A8 S:FD P:nvUbdIzc   $C1CC: D0 FC     BNE $C1CA
A:01 X:06 Y:A8 S:FD P:nvUbdIzc   $C1CA: A5 3F     LDA $3F = #$01
A:01 X:06 Y:A8 S:FD P:nvUbdIzc   $C1CC: D0 FC     BNE $C1CA
A:01 X:06 Y:A8 S:FD P:nvUbdIzc   $C1CA: A5 3F     LDA $3F = #$01
A:01 X:06 Y:A8 S:FD P:nvUbdIzc   $C1CC: D0 FC     BNE $C1CA
A:01 X:06 Y:A8 S:FD P:nvUbdIzc   $C1CA: A5 3F     LDA $3F = #$01
A:01 X:06 Y:A8 S:FD P:nvUbdIzc   $C1CC: D0 FC     BNE $C1CA
A:01 X:06 Y:A8 S:FD P:nvUbdIzc   $C1CA: A5 3F     LDA $3F = #$01
A:01 X:06 Y:A8 S:FD P:nvUbdIzc   $C1CC: D0 FC     BNE $C1CA
A:01 X:06 Y:A8 S:FD P:nvUbdIzc   $C1CA: A5 3F     LDA $3F = #$01
A:01 X:06 Y:A8 S:FD P:nvUbdIzc   $C1CC: D0 FC     BNE $C1CA
A:01 X:06 Y:A8 S:FD P:nvUbdIzc   $C1CA: A5 3F     LDA $3F = #$01
A:01 X:06 Y:A8 S:FD P:nvUbdIzc   $C1CC: D0 FC     BNE $C1CA
A:01 X:06 Y:A8 S:FD P:nvUbdIzc   $C1CA: A5 3F     LDA $3F = #$01
A:01 X:06 Y:A8 S:FD P:nvUbdIzc   $C1CC: D0 FC     BNE $C1CA
A:01 X:06 Y:A8 S:FD P:nvUbdIzc   $C1CA: A5 3F     LDA $3F = #$01
A:01 X:06 Y:A8 S:FD P:nvUbdIzc   $C1CC: D0 FC     BNE $C1CA
A:01 X:06 Y:A8 S:FD P:nvUbdIzc   $C1CA: A5 3F     LDA $3F = #$01
A:01 X:06 Y:A8 S:FD P:nvUbdIzc   $C1CC: D0 FC     BNE $C1CA
A:01 X:06 Y:A8 S:FD P:nvUbdIzc   $C1CA: A5 3F     LDA $3F = #$01
A:01 X:06 Y:A8 S:FD P:nvUbdIzc   $C1CC: D0 FC     BNE $C1CA
A:01 X:06 Y:A8 S:FD P:nvUbdIzc   $C1CA: A5 3F     LDA $3F = #$01
A:01 X:06 Y:A8 S:FD P:nvUbdIzc   $C1CC: D0 FC     BNE $C1CA
A:01 X:06 Y:A8 S:FD P:nvUbdIzc   $C1CA: A5 3F     LDA $3F = #$01
A:01 X:06 Y:A8 S:FD P:nvUbdIzc   $C1CC: D0 FC     BNE $C1CA
A:01 X:06 Y:A8 S:FD P:nvUbdIzc   $C1CA: A5 3F     LDA $3F = #$01
A:01 X:06 Y:A8 S:FD P:nvUbdIzc   $C1CC: D0 FC     BNE $C1CA
A:01 X:06 Y:A8 S:FD P:nvUbdIzc   $C1CA: A5 3F     LDA $3F = #$01
A:01 X:06 Y:A8 S:FD P:nvUbdIzc   $C1CC: D0 FC     BNE $C1CA
A:01 X:06 Y:A8 S:FD P:nvUbdIzc   $C1CA: A5 3F     LDA $3F = #$01
A:01 X:06 Y:A8 S:FD P:nvUbdIzc   $C1CC: D0 FC     BNE $C1CA
A:01 X:06 Y:A8 S:FD P:nvUbdIzc   $C1CA: A5 3F     LDA $3F = #$01
A:01 X:06 Y:A8 S:FD P:nvUbdIzc   $C1CC: D0 FC     BNE $C1CA
A:01 X:06 Y:A8 S:FD P:nvUbdIzc   $C1CA: A5 3F     LDA $3F = #$01
A:01 X:06 Y:A8 S:FD P:nvUbdIzc   $C1CC: D0 FC     BNE $C1CA
A:01 X:06 Y:A8 S:FD P:nvUbdIzc   $C1CA: A5 3F     LDA $3F = #$01
A:01 X:06 Y:A8 S:FD P:nvUbdIzc   $C1CC: D0 FC     BNE $C1CA
A:01 X:06 Y:A8 S:FD P:nvUbdIzc   $C1CA: A5 3F     LDA $3F = #$01
A:01 X:06 Y:A8 S:FD P:nvUbdIzc   $C1CC: D0 FC     BNE $C1CA
A:01 X:06 Y:A8 S:FD P:nvUbdIzc   $C1CA: A5 3F     LDA $3F = #$01
A:01 X:06 Y:A8 S:FD P:nvUbdIzc   $C1CC: D0 FC     BNE $C1CA
A:01 X:06 Y:A8 S:FD P:nvUbdIzc   $C1CA: A5 3F     LDA $3F = #$01
A:01 X:06 Y:A8 S:FD P:nvUbdIzc   $C1CC: D0 FC     BNE $C1CA
A:01 X:06 Y:A8 S:FD P:nvUbdIzc   $C1CA: A5 3F     LDA $3F = #$01
A:01 X:06 Y:A8 S:FD P:nvUbdIzc   $C1CC: D0 FC     BNE $C1CA
A:01 X:06 Y:A8 S:FD P:nvUbdIzc   $C1CA: A5 3F     LDA $3F = #$01
A:01 X:06 Y:A8 S:FD P:nvUbdIzc   $C1CC: D0 FC     BNE $C1CA
A:01 X:06 Y:A8 S:FD P:nvUbdIzc   $C1CA: A5 3F     LDA $3F = #$01
A:01 X:06 Y:A8 S:FD P:nvUbdIzc   $C1CC: D0 FC     BNE $C1CA
A:01 X:06 Y:A8 S:FD P:nvUbdIzc   $C1CA: A5 3F     LDA $3F = #$01
A:01 X:06 Y:A8 S:FD P:nvUbdIzc   $C1CC: D0 FC     BNE $C1CA
A:01 X:06 Y:A8 S:FD P:nvUbdIzc   $C1CA: A5 3F     LDA $3F = #$01
A:01 X:06 Y:A8 S:FD P:nvUbdIzc   $C1CC: D0 FC     BNE $C1CA
A:01 X:06 Y:A8 S:FD P:nvUbdIzc   $C1CA: A5 3F     LDA $3F = #$01
A:01 X:06 Y:A8 S:FD P:nvUbdIzc   $C1CC: D0 FC     BNE $C1CA
A:01 X:06 Y:A8 S:FD P:nvUbdIzc   $C1CA: A5 3F     LDA $3F = #$01
A:01 X:06 Y:A8 S:FD P:nvUbdIzc   $C1CC: D0 FC     BNE $C1CA
A:01 X:06 Y:A8 S:FD P:nvUbdIzc   $C1CA: A5 3F     LDA $3F = #$01
A:01 X:06 Y:A8 S:FD P:nvUbdIzc   $C1CC: D0 FC     BNE $C1CA
A:01 X:06 Y:A8 S:FD P:nvUbdIzc   $C1CA: A5 3F     LDA $3F = #$01
A:01 X:06 Y:A8 S:FD P:nvUbdIzc   $C1CC: D0 FC     BNE $C1CA
A:01 X:06 Y:A8 S:FD P:nvUbdIzc   $C1CA: A5 3F     LDA $3F = #$01
A:01 X:06 Y:A8 S:FD P:nvUbdIzc   $C1CC: D0 FC     BNE $C1CA
A:01 X:06 Y:A8 S:FD P:nvUbdIzc   $C1CA: A5 3F     LDA $3F = #$01
A:01 X:06 Y:A8 S:FD P:nvUbdIzc   $C1CC: D0 FC     BNE $C1CA
A:01 X:06 Y:A8 S:FD P:nvUbdIzc   $C1CA: A5 3F     LDA $3F = #$01
A:01 X:06 Y:A8 S:FD P:nvUbdIzc   $C1CC: D0 FC     BNE $C1CA
A:01 X:06 Y:A8 S:FD P:nvUbdIzc   $C1CA: A5 3F     LDA $3F = #$01
A:01 X:06 Y:A8 S:FD P:nvUbdIzc   $C1CC: D0 FC     BNE $C1CA
A:01 X:06 Y:A8 S:FD P:nvUbdIzc   $C1CA: A5 3F     LDA $3F = #$01
A:01 X:06 Y:A8 S:FD P:nvUbdIzc   $C1CC: D0 FC     BNE $C1CA
A:01 X:06 Y:A8 S:FD P:nvUbdIzc   $C1CA: A5 3F     LDA $3F = #$01
A:01 X:06 Y:A8 S:FD P:nvUbdIzc   $C1CC: D0 FC     BNE $C1CA
A:01 X:06 Y:A8 S:FD P:nvUbdIzc   $C1CA: A5 3F     LDA $3F = #$01
A:01 X:06 Y:A8 S:FD P:nvUbdIzc   $C1CC: D0 FC     BNE $C1CA
A:01 X:06 Y:A8 S:FD P:nvUbdIzc   $C1CA: A5 3F     LDA $3F = #$01
A:01 X:06 Y:A8 S:FD P:nvUbdIzc   $C1CC: D0 FC     BNE $C1CA
A:01 X:06 Y:A8 S:FD P:nvUbdIzc   $C1CA: A5 3F     LDA $3F = #$01
A:01 X:06 Y:A8 S:FD P:nvUbdIzc   $C1CC: D0 FC     BNE $C1CA
A:01 X:06 Y:A8 S:FD P:nvUbdIzc   $C1CA: A5 3F     LDA $3F = #$01
A:01 X:06 Y:A8 S:FD P:nvUbdIzc   $C1CC: D0 FC     BNE $C1CA
A:01 X:06 Y:A8 S:FD P:nvUbdIzc   $C1CA: A5 3F     LDA $3F = #$01
A:01 X:06 Y:A8 S:FD P:nvUbdIzc   $C1CC: D0 FC     BNE $C1CA
A:01 X:06 Y:A8 S:FD P:nvUbdIzc   $C1CA: A5 3F     LDA $3F = #$01
A:01 X:06 Y:A8 S:FD P:nvUbdIzc   $C1CC: D0 FC     BNE $C1CA
A:01 X:06 Y:A8 S:FD P:nvUbdIzc   $C1CA: A5 3F     LDA $3F = #$01
A:01 X:06 Y:A8 S:FD P:nvUbdIzc   $C1CC: D0 FC     BNE $C1CA
A:01 X:06 Y:A8 S:FD P:nvUbdIzc   $C1CA: A5 3F     LDA $3F = #$01
A:01 X:06 Y:A8 S:FD P:nvUbdIzc   $C1CC: D0 FC     BNE $C1CA
A:01 X:06 Y:A8 S:FD P:nvUbdIzc   $C1CA: A5 3F     LDA $3F = #$01
A:01 X:06 Y:A8 S:FD P:nvUbdIzc   $C1CC: D0 FC     BNE $C1CA
A:01 X:06 Y:A8 S:FD P:nvUbdIzc   $C1CA: A5 3F     LDA $3F = #$01
A:01 X:06 Y:A8 S:FD P:nvUbdIzc   $C1CC: D0 FC     BNE $C1CA
A:01 X:06 Y:A8 S:FD P:nvUbdIzc   $C1CA: A5 3F     LDA $3F = #$01
A:01 X:06 Y:A8 S:FD P:nvUbdIzc   $C1CC: D0 FC     BNE $C1CA
A:01 X:06 Y:A8 S:FD P:nvUbdIzc   $C1CA: A5 3F     LDA $3F = #$01
A:01 X:06 Y:A8 S:FD P:nvUbdIzc   $C1CC: D0 FC     BNE $C1CA
A:01 X:06 Y:A8 S:FD P:nvUbdIzc   $C1CA: A5 3F     LDA $3F = #$01
A:01 X:06 Y:A8 S:FD P:nvUbdIzc   $C1CC: D0 FC     BNE $C1CA
A:01 X:06 Y:A8 S:FD P:nvUbdIzc   $C1CA: A5 3F     LDA $3F = #$01
A:01 X:06 Y:A8 S:FD P:nvUbdIzc   $C1CC: D0 FC     BNE $C1CA
A:01 X:06 Y:A8 S:FD P:nvUbdIzc   $C1CA: A5 3F     LDA $3F = #$01
A:01 X:06 Y:A8 S:FD P:nvUbdIzc   $C1CC: D0 FC     BNE $C1CA
A:01 X:06 Y:A8 S:FD P:nvUbdIzc   $C1CA: A5 3F     LDA $3F = #$01
A:01 X:06 Y:A8 S:FD P:nvUbdIzc   $C1CC: D0 FC     BNE $C1CA
A:01 X:06 Y:A8 S:FD P:nvUbdIzc   $C1CA: A5 3F     LDA $3F = #$01
A:01 X:06 Y:A8 S:FD P:nvUbdIzc   $C1CC: D0 FC     BNE $C1CA
A:01 X:06 Y:A8 S:FD P:nvUbdIzc   $C1CA: A5 3F     LDA $3F = #$01
A:01 X:06 Y:A8 S:FD P:nvUbdIzc   $C1CC: D0 FC     BNE $C1CA
A:01 X:06 Y:A8 S:FD P:nvUbdIzc   $C1CA: A5 3F     LDA $3F = #$01
A:01 X:06 Y:A8 S:FD P:nvUbdIzc   $C1CC: D0 FC     BNE $C1CA
A:01 X:06 Y:A8 S:FD P:nvUbdIzc   $C1CA: A5 3F     LDA $3F = #$01
A:01 X:06 Y:A8 S:FD P:nvUbdIzc   $C1CC: D0 FC     BNE $C1CA
A:01 X:06 Y:A8 S:FD P:nvUbdIzc   $C1CA: A5 3F     LDA $3F = #$01
A:01 X:06 Y:A8 S:FD P:nvUbdIzc   $C1CC: D0 FC     BNE $C1CA
A:01 X:06 Y:A8 S:FD P:nvUbdIzc   $C1CA: A5 3F     LDA $3F = #$01
A:01 X:06 Y:A8 S:FD P:nvUbdIzc   $C1CC: D0 FC     BNE $C1CA
A:01 X:06 Y:A8 S:FD P:nvUbdIzc   $C1CA: A5 3F     LDA $3F = #$01
A:01 X:06 Y:A8 S:FD P:nvUbdIzc   $C1CC: D0 FC     BNE $C1CA
A:01 X:06 Y:A8 S:FD P:nvUbdIzc   $C1CA: A5 3F     LDA $3F = #$01
A:01 X:06 Y:A8 S:FD P:nvUbdIzc   $C1CC: D0 FC     BNE $C1CA
A:01 X:06 Y:A8 S:FD P:nvUbdIzc   $C1CA: A5 3F     LDA $3F = #$01
A:01 X:06 Y:A8 S:FD P:nvUbdIzc   $C1CC: D0 FC     BNE $C1CA
A:01 X:06 Y:A8 S:FD P:nvUbdIzc   $C1CA: A5 3F     LDA $3F = #$01
A:01 X:06 Y:A8 S:FD P:nvUbdIzc   $C1CC: D0 FC     BNE $C1CA
A:01 X:06 Y:A8 S:FD P:nvUbdIzc   $C1CA: A5 3F     LDA $3F = #$01
A:01 X:06 Y:A8 S:FD P:nvUbdIzc   $C1CC: D0 FC     BNE $C1CA
A:01 X:06 Y:A8 S:FD P:nvUbdIzc   $C1CA: A5 3F     LDA $3F = #$01
A:01 X:06 Y:A8 S:FD P:nvUbdIzc   $C1CC: D0 FC     BNE $C1CA
A:01 X:06 Y:A8 S:FD P:nvUbdIzc   $C1CA: A5 3F     LDA $3F = #$01
A:01 X:06 Y:A8 S:FD P:nvUbdIzc   $C1CC: D0 FC     BNE $C1CA
A:01 X:06 Y:A8 S:FD P:nvUbdIzc   $C1CA: A5 3F     LDA $3F = #$01
A:01 X:06 Y:A8 S:FD P:nvUbdIzc   $C1CC: D0 FC     BNE $C1CA
A:01 X:06 Y:A8 S:FD P:nvUbdIzc   $C1CA: A5 3F     LDA $3F = #$01
A:01 X:06 Y:A8 S:FD P:nvUbdIzc   $C1CC: D0 FC     BNE $C1CA
A:01 X:06 Y:A8 S:FD P:nvUbdIzc   $C1CA: A5 3F     LDA $3F = #$01
A:01 X:06 Y:A8 S:FD P:nvUbdIzc   $C1CC: D0 FC     BNE $C1CA
A:01 X:06 Y:A8 S:FD P:nvUbdIzc   $C1CA: A5 3F     LDA $3F = #$01
A:01 X:06 Y:A8 S:FD P:nvUbdIzc   $C1CC: D0 FC     BNE $C1CA
A:01 X:06 Y:A8 S:FD P:nvUbdIzc   $C1CA: A5 3F     LDA $3F = #$01
A:01 X:06 Y:A8 S:FD P:nvUbdIzc   $C1CC: D0 FC     BNE $C1CA
A:01 X:06 Y:A8 S:FD P:nvUbdIzc   $C1CA: A5 3F     LDA $3F = #$01
A:01 X:06 Y:A8 S:FD P:nvUbdIzc   $C1CC: D0 FC     BNE $C1CA
A:01 X:06 Y:A8 S:FD P:nvUbdIzc   $C1CA: A5 3F     LDA $3F = #$01
A:01 X:06 Y:A8 S:FD P:nvUbdIzc   $C1CC: D0 FC     BNE $C1CA
A:01 X:06 Y:A8 S:FD P:nvUbdIzc   $C1CA: A5 3F     LDA $3F = #$01
A:01 X:06 Y:A8 S:FD P:nvUbdIzc   $C1CC: D0 FC     BNE $C1CA
A:01 X:06 Y:A8 S:FD P:nvUbdIzc   $C1CA: A5 3F     LDA $3F = #$01
A:01 X:06 Y:A8 S:FD P:nvUbdIzc   $C1CC: D0 FC     BNE $C1CA
A:01 X:06 Y:A8 S:FD P:nvUbdIzc   $C1CA: A5 3F     LDA $3F = #$01
A:01 X:06 Y:A8 S:FD P:nvUbdIzc   $C1CC: D0 FC     BNE $C1CA
A:01 X:06 Y:A8 S:FD P:nvUbdIzc   $C1CA: A5 3F     LDA $3F = #$01
A:01 X:06 Y:A8 S:FD P:nvUbdIzc   $C1CC: D0 FC     BNE $C1CA
A:01 X:06 Y:A8 S:FD P:nvUbdIzc   $C1CA: A5 3F     LDA $3F = #$01
A:01 X:06 Y:A8 S:FD P:nvUbdIzc   $C1CC: D0 FC     BNE $C1CA
A:01 X:06 Y:A8 S:FD P:nvUbdIzc   $C1CA: A5 3F     LDA $3F = #$01
A:01 X:06 Y:A8 S:FD P:nvUbdIzc   $C1CC: D0 FC     BNE $C1CA
A:01 X:06 Y:A8 S:FD P:nvUbdIzc   $C1CA: A5 3F     LDA $3F = #$01
A:01 X:06 Y:A8 S:FD P:nvUbdIzc   $C1CC: D0 FC     BNE $C1CA
A:01 X:06 Y:A8 S:FD P:nvUbdIzc   $C1CA: A5 3F     LDA $3F = #$01
A:01 X:06 Y:A8 S:FD P:nvUbdIzc   $C1CC: D0 FC     BNE $C1CA
A:01 X:06 Y:A8 S:FD P:nvUbdIzc   $C1CA: A5 3F     LDA $3F = #$01
A:01 X:06 Y:A8 S:FD P:nvUbdIzc   $C1CC: D0 FC     BNE $C1CA
A:01 X:06 Y:A8 S:FD P:nvUbdIzc   $C1CA: A5 3F     LDA $3F = #$01
A:01 X:06 Y:A8 S:FD P:nvUbdIzc   $C1CC: D0 FC     BNE $C1CA
A:01 X:06 Y:A8 S:FD P:nvUbdIzc   $C1CA: A5 3F     LDA $3F = #$01
A:01 X:06 Y:A8 S:FD P:nvUbdIzc   $C1CC: D0 FC     BNE $C1CA
A:01 X:06 Y:A8 S:FD P:nvUbdIzc   $C1CA: A5 3F     LDA $3F = #$01
A:01 X:06 Y:A8 S:FD P:nvUbdIzc   $C1CC: D0 FC     BNE $C1CA
A:01 X:06 Y:A8 S:FD P:nvUbdIzc   $C1CA: A5 3F     LDA $3F = #$01
A:01 X:06 Y:A8 S:FD P:nvUbdIzc   $C1CC: D0 FC     BNE $C1CA
A:01 X:06 Y:A8 S:FD P:nvUbdIzc   $C1CA: A5 3F     LDA $3F = #$01
A:01 X:06 Y:A8 S:FD P:nvUbdIzc   $C1CC: D0 FC     BNE $C1CA
A:01 X:06 Y:A8 S:FD P:nvUbdIzc   $C1CA: A5 3F     LDA $3F = #$01
A:01 X:06 Y:A8 S:FD P:nvUbdIzc   $C1CC: D0 FC     BNE $C1CA
A:01 X:06 Y:A8 S:FD P:nvUbdIzc   $C1CA: A5 3F     LDA $3F = #$01
A:01 X:06 Y:A8 S:FD P:nvUbdIzc   $C1CC: D0 FC     BNE $C1CA
A:01 X:06 Y:A8 S:FD P:nvUbdIzc   $C1CA: A5 3F     LDA $3F = #$01
A:01 X:06 Y:A8 S:FD P:nvUbdIzc   $C1CC: D0 FC     BNE $C1CA
A:01 X:06 Y:A8 S:FD P:nvUbdIzc   $C1CA: A5 3F     LDA $3F = #$01
A:01 X:06 Y:A8 S:FD P:nvUbdIzc   $C1CC: D0 FC     BNE $C1CA
A:01 X:06 Y:A8 S:FD P:nvUbdIzc   $C1CA: A5 3F     LDA $3F = #$01
A:01 X:06 Y:A8 S:FD P:nvUbdIzc   $C1CC: D0 FC     BNE $C1CA
A:01 X:06 Y:A8 S:FD P:nvUbdIzc   $C1CA: A5 3F     LDA $3F = #$01
A:01 X:06 Y:A8 S:FD P:nvUbdIzc   $C1CC: D0 FC     BNE $C1CA
A:01 X:06 Y:A8 S:FD P:nvUbdIzc   $C1CA: A5 3F     LDA $3F = #$01
A:01 X:06 Y:A8 S:FD P:nvUbdIzc   $C1CC: D0 FC     BNE $C1CA
A:01 X:06 Y:A8 S:FD P:nvUbdIzc   $C1CA: A5 3F     LDA $3F = #$01
A:01 X:06 Y:A8 S:FD P:nvUbdIzc   $C1CC: D0 FC     BNE $C1CA
A:01 X:06 Y:A8 S:FD P:nvUbdIzc   $C1CA: A5 3F     LDA $3F = #$01
A:01 X:06 Y:A8 S:FD P:nvUbdIzc   $C1CC: D0 FC     BNE $C1CA
A:01 X:06 Y:A8 S:FD P:nvUbdIzc   $C1CA: A5 3F     LDA $3F = #$01
A:01 X:06 Y:A8 S:FD P:nvUbdIzc   $C1CC: D0 FC     BNE $C1CA
A:01 X:06 Y:A8 S:FD P:nvUbdIzc   $C1CA: A5 3F     LDA $3F = #$01
A:01 X:06 Y:A8 S:FD P:nvUbdIzc   $C1CC: D0 FC     BNE $C1CA
A:01 X:06 Y:A8 S:FD P:nvUbdIzc   $C1CA: A5 3F     LDA $3F = #$01
A:01 X:06 Y:A8 S:FD P:nvUbdIzc   $C1CC: D0 FC     BNE $C1CA
A:01 X:06 Y:A8 S:FD P:nvUbdIzc   $C1CA: A5 3F     LDA $3F = #$01
A:01 X:06 Y:A8 S:FD P:nvUbdIzc   $C1CC: D0 FC     BNE $C1CA
A:01 X:06 Y:A8 S:FD P:nvUbdIzc   $C1CA: A5 3F     LDA $3F = #$01
A:01 X:06 Y:A8 S:FD P:nvUbdIzc   $C1CC: D0 FC     BNE $C1CA
A:01 X:06 Y:A8 S:FD P:nvUbdIzc   $C1CA: A5 3F     LDA $3F = #$01
A:01 X:06 Y:A8 S:FD P:nvUbdIzc   $C1CC: D0 FC     BNE $C1CA
A:01 X:06 Y:A8 S:FD P:nvUbdIzc   $C1CA: A5 3F     LDA $3F = #$01
A:01 X:06 Y:A8 S:FD P:nvUbdIzc   $C1CC: D0 FC     BNE $C1CA
A:01 X:06 Y:A8 S:FD P:nvUbdIzc   $C1CA: A5 3F     LDA $3F = #$01
A:01 X:06 Y:A8 S:FD P:nvUbdIzc   $C1CC: D0 FC     BNE $C1CA
A:01 X:06 Y:A8 S:FD P:nvUbdIzc   $C1CA: A5 3F     LDA $3F = #$01
A:01 X:06 Y:A8 S:FD P:nvUbdIzc   $C1CC: D0 FC     BNE $C1CA
A:01 X:06 Y:A8 S:FD P:nvUbdIzc   $C1CA: A5 3F     LDA $3F = #$01
A:01 X:06 Y:A8 S:FD P:nvUbdIzc   $C1CC: D0 FC     BNE $C1CA
A:01 X:06 Y:A8 S:FD P:nvUbdIzc   $C1CA: A5 3F     LDA $3F = #$01
A:01 X:06 Y:A8 S:FD P:nvUbdIzc   $C1CC: D0 FC     BNE $C1CA
A:01 X:06 Y:A8 S:FD P:nvUbdIzc   $C1CA: A5 3F     LDA $3F = #$01
A:01 X:06 Y:A8 S:FD P:nvUbdIzc   $C1CC: D0 FC     BNE $C1CA
A:01 X:06 Y:A8 S:FD P:nvUbdIzc   $C1CA: A5 3F     LDA $3F = #$01
A:01 X:06 Y:A8 S:FD P:nvUbdIzc   $C1CC: D0 FC     BNE $C1CA
A:01 X:06 Y:A8 S:FD P:nvUbdIzc   $C1CA: A5 3F     LDA $3F = #$01
A:01 X:06 Y:A8 S:FD P:nvUbdIzc   $C1CC: D0 FC     BNE $C1CA
A:01 X:06 Y:A8 S:FD P:nvUbdIzc   $C1CA: A5 3F     LDA $3F = #$01
A:01 X:06 Y:A8 S:FD P:nvUbdIzc   $C1CC: D0 FC     BNE $C1CA
A:01 X:06 Y:A8 S:FD P:nvUbdIzc   $C1CA: A5 3F     LDA $3F = #$01
A:01 X:06 Y:A8 S:FD P:nvUbdIzc   $C1CC: D0 FC     BNE $C1CA
A:01 X:06 Y:A8 S:FD P:nvUbdIzc   $C1CA: A5 3F     LDA $3F = #$01
A:01 X:06 Y:A8 S:FD P:nvUbdIzc   $C1CC: D0 FC     BNE $C1CA
A:01 X:06 Y:A8 S:FD P:nvUbdIzc   $C1CA: A5 3F     LDA $3F = #$01
A:01 X:06 Y:A8 S:FD P:nvUbdIzc   $C1CC: D0 FC     BNE $C1CA
A:01 X:06 Y:A8 S:FD P:nvUbdIzc   $C1CA: A5 3F     LDA $3F = #$01
A:01 X:06 Y:A8 S:FD P:nvUbdIzc   $C1CC: D0 FC     BNE $C1CA
A:01 X:06 Y:A8 S:FD P:nvUbdIzc   $C1CA: A5 3F     LDA $3F = #$01
A:01 X:06 Y:A8 S:FD P:nvUbdIzc   $C1CC: D0 FC     BNE $C1CA
A:01 X:06 Y:A8 S:FD P:nvUbdIzc   $C1CA: A5 3F     LDA $3F = #$01
A:01 X:06 Y:A8 S:FD P:nvUbdIzc   $C1CC: D0 FC     BNE $C1CA
A:01 X:06 Y:A8 S:FD P:nvUbdIzc   $C1CA: A5 3F     LDA $3F = #$01
A:01 X:06 Y:A8 S:FD P:nvUbdIzc   $C1CC: D0 FC     BNE $C1CA
A:01 X:06 Y:A8 S:FD P:nvUbdIzc   $C1CA: A5 3F     LDA $3F = #$01
A:01 X:06 Y:A8 S:FD P:nvUbdIzc   $C1CC: D0 FC     BNE $C1CA
A:01 X:06 Y:A8 S:FD P:nvUbdIzc   $C1CA: A5 3F     LDA $3F = #$01
A:01 X:06 Y:A8 S:FD P:nvUbdIzc   $C1CC: D0 FC     BNE $C1CA
A:01 X:06 Y:A8 S:FD P:nvUbdIzc   $C1CA: A5 3F     LDA $3F = #$01
A:01 X:06 Y:A8 S:FD P:nvUbdIzc   $C1CC: D0 FC     BNE $C1CA
A:01 X:06 Y:A8 S:FD P:nvUbdIzc   $C1CA: A5 3F     LDA $3F = #$01
A:01 X:06 Y:A8 S:FD P:nvUbdIzc   $C1CC: D0 FC     BNE $C1CA
A:01 X:06 Y:A8 S:FD P:nvUbdIzc   $C1CA: A5 3F     LDA $3F = #$01
A:01 X:06 Y:A8 S:FD P:nvUbdIzc   $C1CC: D0 FC     BNE $C1CA
A:01 X:06 Y:A8 S:FD P:nvUbdIzc   $C1CA: A5 3F     LDA $3F = #$01
A:01 X:06 Y:A8 S:FD P:nvUbdIzc   $C1CC: D0 FC     BNE $C1CA
A:01 X:06 Y:A8 S:FD P:nvUbdIzc   $C1CA: A5 3F     LDA $3F = #$01
A:01 X:06 Y:A8 S:FD P:nvUbdIzc   $C1CC: D0 FC     BNE $C1CA
A:01 X:06 Y:A8 S:FD P:nvUbdIzc   $C1CA: A5 3F     LDA $3F = #$01
A:01 X:06 Y:A8 S:FD P:nvUbdIzc   $C1CC: D0 FC     BNE $C1CA
A:01 X:06 Y:A8 S:FD P:nvUbdIzc   $C1CA: A5 3F     LDA $3F = #$01
A:01 X:06 Y:A8 S:FD P:nvUbdIzc   $C1CC: D0 FC     BNE $C1CA
A:01 X:06 Y:A8 S:FD P:nvUbdIzc   $C1CA: A5 3F     LDA $3F = #$01
A:01 X:06 Y:A8 S:FD P:nvUbdIzc   $C1CC: D0 FC     BNE $C1CA
A:01 X:06 Y:A8 S:FD P:nvUbdIzc   $C1CA: A5 3F     LDA $3F = #$01
A:01 X:06 Y:A8 S:FD P:nvUbdIzc   $C1CC: D0 FC     BNE $C1CA
A:01 X:06 Y:A8 S:FD P:nvUbdIzc   $C1CA: A5 3F     LDA $3F = #$01
A:01 X:06 Y:A8 S:FD P:nvUbdIzc   $C1CC: D0 FC     BNE $C1CA
A:01 X:06 Y:A8 S:FD P:nvUbdIzc   $C1CA: A5 3F     LDA $3F = #$01
A:01 X:06 Y:A8 S:FD P:nvUbdIzc   $C1CC: D0 FC     BNE $C1CA
A:01 X:06 Y:A8 S:FD P:nvUbdIzc   $C1CA: A5 3F     LDA $3F = #$01
A:01 X:06 Y:A8 S:FD P:nvUbdIzc   $C1CC: D0 FC     BNE $C1CA
A:01 X:06 Y:A8 S:FD P:nvUbdIzc   $C1CA: A5 3F     LDA $3F = #$01
A:01 X:06 Y:A8 S:FD P:nvUbdIzc   $C1CC: D0 FC     BNE $C1CA
A:01 X:06 Y:A8 S:FD P:nvUbdIzc   $C1CA: A5 3F     LDA $3F = #$01
A:01 X:06 Y:A8 S:FD P:nvUbdIzc   $C1CC: D0 FC     BNE $C1CA
A:01 X:06 Y:A8 S:FD P:nvUbdIzc   $C1CA: A5 3F     LDA $3F = #$01
A:01 X:06 Y:A8 S:FD P:nvUbdIzc   $C1CC: D0 FC     BNE $C1CA
A:01 X:06 Y:A8 S:FD P:nvUbdIzc   $C1CA: A5 3F     LDA $3F = #$01
A:01 X:06 Y:A8 S:FD P:nvUbdIzc   $C1CC: D0 FC     BNE $C1CA
A:01 X:06 Y:A8 S:FD P:nvUbdIzc   $C1CA: A5 3F     LDA $3F = #$01
A:01 X:06 Y:A8 S:FD P:nvUbdIzc   $C1CC: D0 FC     BNE $C1CA
A:01 X:06 Y:A8 S:FD P:nvUbdIzc   $C1CA: A5 3F     LDA $3F = #$01
A:01 X:06 Y:A8 S:FD P:nvUbdIzc   $C1CC: D0 FC     BNE $C1CA
A:01 X:06 Y:A8 S:FD P:nvUbdIzc   $C1CA: A5 3F     LDA $3F = #$01
A:01 X:06 Y:A8 S:FD P:nvUbdIzc   $C1CC: D0 FC     BNE $C1CA
A:01 X:06 Y:A8 S:FD P:nvUbdIzc   $C1CA: A5 3F     LDA $3F = #$01
A:01 X:06 Y:A8 S:FD P:nvUbdIzc   $C1CC: D0 FC     BNE $C1CA
A:01 X:06 Y:A8 S:FD P:nvUbdIzc   $C1CA: A5 3F     LDA $3F = #$01
A:01 X:06 Y:A8 S:FD P:nvUbdIzc   $C1CC: D0 FC     BNE $C1CA
A:01 X:06 Y:A8 S:FD P:nvUbdIzc   $C1CA: A5 3F     LDA $3F = #$01
A:01 X:06 Y:A8 S:FD P:nvUbdIzc   $C1CC: D0 FC     BNE $C1CA
A:01 X:06 Y:A8 S:FD P:nvUbdIzc   $C1CA: A5 3F     LDA $3F = #$01
A:01 X:06 Y:A8 S:FD P:nvUbdIzc   $C1CC: D0 FC     BNE $C1CA
A:01 X:06 Y:A8 S:FD P:nvUbdIzc   $C1CA: A5 3F     LDA $3F = #$01
A:01 X:06 Y:A8 S:FD P:nvUbdIzc   $C1CC: D0 FC     BNE $C1CA
A:01 X:06 Y:A8 S:FD P:nvUbdIzc   $C1CA: A5 3F     LDA $3F = #$01
A:01 X:06 Y:A8 S:FD P:nvUbdIzc   $C1CC: D0 FC     BNE $C1CA
A:01 X:06 Y:A8 S:FD P:nvUbdIzc   $C1CA: A5 3F     LDA $3F = #$01
A:01 X:06 Y:A8 S:FD P:nvUbdIzc   $C1CC: D0 FC     BNE $C1CA
A:01 X:06 Y:A8 S:FD P:nvUbdIzc   $C1CA: A5 3F     LDA $3F = #$01
A:01 X:06 Y:A8 S:FD P:nvUbdIzc   $C1CC: D0 FC     BNE $C1CA
A:01 X:06 Y:A8 S:FD P:nvUbdIzc   $C1CA: A5 3F     LDA $3F = #$01
A:01 X:06 Y:A8 S:FD P:nvUbdIzc   $C1CC: D0 FC     BNE $C1CA
A:01 X:06 Y:A8 S:FD P:nvUbdIzc   $C1CA: A5 3F     LDA $3F = #$01
A:01 X:06 Y:A8 S:FD P:nvUbdIzc   $C1CC: D0 FC     BNE $C1CA
A:01 X:06 Y:A8 S:FD P:nvUbdIzc   $C1CA: A5 3F     LDA $3F = #$01
A:01 X:06 Y:A8 S:FD P:nvUbdIzc   $C1CC: D0 FC     BNE $C1CA
A:01 X:06 Y:A8 S:FD P:nvUbdIzc   $C1CA: A5 3F     LDA $3F = #$01
A:01 X:06 Y:A8 S:FD P:nvUbdIzc   $C1CC: D0 FC     BNE $C1CA
A:01 X:06 Y:A8 S:FD P:nvUbdIzc   $C1CA: A5 3F     LDA $3F = #$01
A:01 X:06 Y:A8 S:FD P:nvUbdIzc   $C1CC: D0 FC     BNE $C1CA
A:01 X:06 Y:A8 S:FD P:nvUbdIzc   $C1CA: A5 3F     LDA $3F = #$01
A:01 X:06 Y:A8 S:FD P:nvUbdIzc   $C1CC: D0 FC     BNE $C1CA
A:01 X:06 Y:A8 S:FD P:nvUbdIzc   $C1CA: A5 3F     LDA $3F = #$01
A:01 X:06 Y:A8 S:FD P:nvUbdIzc   $C1CC: D0 FC     BNE $C1CA
A:01 X:06 Y:A8 S:FD P:nvUbdIzc   $C1CA: A5 3F     LDA $3F = #$01
A:01 X:06 Y:A8 S:FD P:nvUbdIzc   $C1CC: D0 FC     BNE $C1CA
A:01 X:06 Y:A8 S:FD P:nvUbdIzc   $C1CA: A5 3F     LDA $3F = #$01
A:01 X:06 Y:A8 S:FD P:nvUbdIzc   $C1CC: D0 FC     BNE $C1CA
A:01 X:06 Y:A8 S:FD P:nvUbdIzc   $C1CA: A5 3F     LDA $3F = #$01
A:01 X:06 Y:A8 S:FD P:nvUbdIzc   $C1CC: D0 FC     BNE $C1CA
A:01 X:06 Y:A8 S:FD P:nvUbdIzc   $C1CA: A5 3F     LDA $3F = #$01
A:01 X:06 Y:A8 S:FD P:nvUbdIzc   $C1CC: D0 FC     BNE $C1CA
A:01 X:06 Y:A8 S:FD P:nvUbdIzc   $C1CA: A5 3F     LDA $3F = #$01
A:01 X:06 Y:A8 S:FD P:nvUbdIzc   $C1CC: D0 FC     BNE $C1CA
A:01 X:06 Y:A8 S:FD P:nvUbdIzc   $C1CA: A5 3F     LDA $3F = #$01
A:01 X:06 Y:A8 S:FD P:nvUbdIzc   $C1CC: D0 FC     BNE $C1CA
A:01 X:06 Y:A8 S:FD P:nvUbdIzc   $C1CA: A5 3F     LDA $3F = #$01
A:01 X:06 Y:A8 S:FD P:nvUbdIzc   $C1CC: D0 FC     BNE $C1CA
A:01 X:06 Y:A8 S:FD P:nvUbdIzc   $C1CA: A5 3F     LDA $3F = #$01
A:01 X:06 Y:A8 S:FD P:nvUbdIzc   $C1CC: D0 FC     BNE $C1CA
A:01 X:06 Y:A8 S:FD P:nvUbdIzc   $C1CA: A5 3F     LDA $3F = #$01
A:01 X:06 Y:A8 S:FD P:nvUbdIzc   $C1CC: D0 FC     BNE $C1CA
A:01 X:06 Y:A8 S:FD P:nvUbdIzc   $C1CA: A5 3F     LDA $3F = #$01
A:01 X:06 Y:A8 S:FD P:nvUbdIzc   $C1CC: D0 FC     BNE $C1CA
A:01 X:06 Y:A8 S:FD P:nvUbdIzc   $C1CA: A5 3F     LDA $3F = #$01
A:01 X:06 Y:A8 S:FD P:nvUbdIzc   $C1CC: D0 FC     BNE $C1CA
A:01 X:06 Y:A8 S:FD P:nvUbdIzc   $C1CA: A5 3F     LDA $3F = #$01
A:01 X:06 Y:A8 S:FD P:nvUbdIzc   $C1CC: D0 FC     BNE $C1CA
A:01 X:06 Y:A8 S:FD P:nvUbdIzc   $C1CA: A5 3F     LDA $3F = #$01
A:01 X:06 Y:A8 S:FD P:nvUbdIzc   $C1CC: D0 FC     BNE $C1CA
A:01 X:06 Y:A8 S:FD P:nvUbdIzc   $C1CA: A5 3F     LDA $3F = #$01
A:01 X:06 Y:A8 S:FD P:nvUbdIzc   $C1CC: D0 FC     BNE $C1CA
A:01 X:06 Y:A8 S:FD P:nvUbdIzc   $C1CA: A5 3F     LDA $3F = #$01
A:01 X:06 Y:A8 S:FD P:nvUbdIzc   $C1CC: D0 FC     BNE $C1CA
A:01 X:06 Y:A8 S:FD P:nvUbdIzc   $C1CA: A5 3F     LDA $3F = #$01
A:01 X:06 Y:A8 S:FD P:nvUbdIzc   $C1CC: D0 FC     BNE $C1CA
A:01 X:06 Y:A8 S:FD P:nvUbdIzc   $C1CA: A5 3F     LDA $3F = #$01
A:01 X:06 Y:A8 S:FD P:nvUbdIzc   $C1CC: D0 FC     BNE $C1CA
A:01 X:06 Y:A8 S:FD P:nvUbdIzc   $C1CA: A5 3F     LDA $3F = #$01
A:01 X:06 Y:A8 S:FD P:nvUbdIzc   $C1CC: D0 FC     BNE $C1CA
A:01 X:06 Y:A8 S:FD P:nvUbdIzc   $C1CA: A5 3F     LDA $3F = #$01
A:01 X:06 Y:A8 S:FD P:nvUbdIzc   $C1CC: D0 FC     BNE $C1CA
A:01 X:06 Y:A8 S:FD P:nvUbdIzc   $C1CA: A5 3F     LDA $3F = #$01
A:01 X:06 Y:A8 S:FD P:nvUbdIzc   $C1CC: D0 FC     BNE $C1CA
A:01 X:06 Y:A8 S:FD P:nvUbdIzc   $C1CA: A5 3F     LDA $3F = #$01
A:01 X:06 Y:A8 S:FD P:nvUbdIzc   $C1CC: D0 FC     BNE $C1CA
A:01 X:06 Y:A8 S:FD P:nvUbdIzc   $C1CA: A5 3F     LDA $3F = #$01
A:01 X:06 Y:A8 S:FD P:nvUbdIzc   $C1CC: D0 FC     BNE $C1CA
A:01 X:06 Y:A8 S:FD P:nvUbdIzc   $C1CA: A5 3F     LDA $3F = #$01
A:01 X:06 Y:A8 S:FD P:nvUbdIzc   $C1CC: D0 FC     BNE $C1CA
A:01 X:06 Y:A8 S:FD P:nvUbdIzc   $C1CA: A5 3F     LDA $3F = #$01
A:01 X:06 Y:A8 S:FD P:nvUbdIzc   $C1CC: D0 FC     BNE $C1CA
A:01 X:06 Y:A8 S:FD P:nvUbdIzc   $C1CA: A5 3F     LDA $3F = #$01
A:01 X:06 Y:A8 S:FD P:nvUbdIzc   $C1CC: D0 FC     BNE $C1CA
A:01 X:06 Y:A8 S:FD P:nvUbdIzc   $C1CA: A5 3F     LDA $3F = #$01
A:01 X:06 Y:A8 S:FD P:nvUbdIzc   $C1CC: D0 FC     BNE $C1CA
A:01 X:06 Y:A8 S:FD P:nvUbdIzc   $C1CA: A5 3F     LDA $3F = #$01
A:01 X:06 Y:A8 S:FD P:nvUbdIzc   $C1CC: D0 FC     BNE $C1CA
A:01 X:06 Y:A8 S:FD P:nvUbdIzc   $C1CA: A5 3F     LDA $3F = #$01
A:01 X:06 Y:A8 S:FD P:nvUbdIzc   $C1CC: D0 FC     BNE $C1CA
A:01 X:06 Y:A8 S:FD P:nvUbdIzc   $C1CA: A5 3F     LDA $3F = #$01
A:01 X:06 Y:A8 S:FD P:nvUbdIzc   $C1CC: D0 FC     BNE $C1CA
A:01 X:06 Y:A8 S:FD P:nvUbdIzc   $C1CA: A5 3F     LDA $3F = #$01
A:01 X:06 Y:A8 S:FD P:nvUbdIzc   $C1CC: D0 FC     BNE $C1CA
A:01 X:06 Y:A8 S:FD P:nvUbdIzc   $C1CA: A5 3F     LDA $3F = #$01
A:01 X:06 Y:A8 S:FD P:nvUbdIzc   $C1CC: D0 FC     BNE $C1CA
A:01 X:06 Y:A8 S:FD P:nvUbdIzc   $C1CA: A5 3F     LDA $3F = #$01
A:01 X:06 Y:A8 S:FD P:nvUbdIzc   $C1CC: D0 FC     BNE $C1CA
A:01 X:06 Y:A8 S:FD P:nvUbdIzc   $C1CA: A5 3F     LDA $3F = #$01
A:01 X:06 Y:A8 S:FD P:nvUbdIzc   $C1CC: D0 FC     BNE $C1CA
A:01 X:06 Y:A8 S:FD P:nvUbdIzc   $C1CA: A5 3F     LDA $3F = #$01
A:01 X:06 Y:A8 S:FD P:nvUbdIzc   $C1CC: D0 FC     BNE $C1CA
A:01 X:06 Y:A8 S:FD P:nvUbdIzc   $C1CA: A5 3F     LDA $3F = #$01
A:01 X:06 Y:A8 S:FD P:nvUbdIzc   $C1CC: D0 FC     BNE $C1CA
A:01 X:06 Y:A8 S:FD P:nvUbdIzc   $C1CA: A5 3F     LDA $3F = #$01
A:01 X:06 Y:A8 S:FD P:nvUbdIzc   $C1CC: D0 FC     BNE $C1CA
A:01 X:06 Y:A8 S:FD P:nvUbdIzc   $C1CA: A5 3F     LDA $3F = #$01
A:01 X:06 Y:A8 S:FD P:nvUbdIzc   $C1CC: D0 FC     BNE $C1CA
A:01 X:06 Y:A8 S:FD P:nvUbdIzc   $C1CA: A5 3F     LDA $3F = #$01
A:01 X:06 Y:A8 S:FD P:nvUbdIzc   $C1CC: D0 FC     BNE $C1CA
A:01 X:06 Y:A8 S:FD P:nvUbdIzc   $C1CA: A5 3F     LDA $3F = #$01
A:01 X:06 Y:A8 S:FD P:nvUbdIzc   $C1CC: D0 FC     BNE $C1CA
A:01 X:06 Y:A8 S:FD P:nvUbdIzc   $C1CA: A5 3F     LDA $3F = #$01
A:01 X:06 Y:A8 S:FD P:nvUbdIzc   $C1CC: D0 FC     BNE $C1CA
A:01 X:06 Y:A8 S:FD P:nvUbdIzc   $C1CA: A5 3F     LDA $3F = #$01
A:01 X:06 Y:A8 S:FD P:nvUbdIzc   $C1CC: D0 FC     BNE $C1CA
A:01 X:06 Y:A8 S:FD P:nvUbdIzc   $C1CA: A5 3F     LDA $3F = #$01
A:01 X:06 Y:A8 S:FD P:nvUbdIzc   $C1CC: D0 FC     BNE $C1CA
A:01 X:06 Y:A8 S:FD P:nvUbdIzc   $C1CA: A5 3F     LDA $3F = #$01
A:01 X:06 Y:A8 S:FD P:nvUbdIzc   $C1CC: D0 FC     BNE $C1CA
A:01 X:06 Y:A8 S:FD P:nvUbdIzc   $C1CA: A5 3F     LDA $3F = #$01
A:01 X:06 Y:A8 S:FD P:nvUbdIzc   $C1CC: D0 FC     BNE $C1CA
A:01 X:06 Y:A8 S:FD P:nvUbdIzc   $C1CA: A5 3F     LDA $3F = #$01
A:01 X:06 Y:A8 S:FD P:nvUbdIzc   $C1CC: D0 FC     BNE $C1CA
A:01 X:06 Y:A8 S:FD P:nvUbdIzc   $C1CA: A5 3F     LDA $3F = #$01
A:01 X:06 Y:A8 S:FD P:nvUbdIzc   $C1CC: D0 FC     BNE $C1CA
A:01 X:06 Y:A8 S:FD P:nvUbdIzc   $C1CA: A5 3F     LDA $3F = #$01
A:01 X:06 Y:A8 S:FD P:nvUbdIzc   $C1CC: D0 FC     BNE $C1CA
A:01 X:06 Y:A8 S:FD P:nvUbdIzc   $C1CA: A5 3F     LDA $3F = #$01
A:01 X:06 Y:A8 S:FD P:nvUbdIzc   $C1CC: D0 FC     BNE $C1CA
A:01 X:06 Y:A8 S:FD P:nvUbdIzc   $C1CA: A5 3F     LDA $3F = #$01
A:01 X:06 Y:A8 S:FD P:nvUbdIzc   $C1CC: D0 FC     BNE $C1CA
A:01 X:06 Y:A8 S:FD P:nvUbdIzc   $C1CA: A5 3F     LDA $3F = #$01
A:01 X:06 Y:A8 S:FD P:nvUbdIzc   $C1CC: D0 FC     BNE $C1CA
A:01 X:06 Y:A8 S:FD P:nvUbdIzc   $C1CA: A5 3F     LDA $3F = #$01
A:01 X:06 Y:A8 S:FD P:nvUbdIzc   $C1CC: D0 FC     BNE $C1CA
A:01 X:06 Y:A8 S:FD P:nvUbdIzc   $C1CA: A5 3F     LDA $3F = #$01
A:01 X:06 Y:A8 S:FD P:nvUbdIzc   $C1CC: D0 FC     BNE $C1CA
A:01 X:06 Y:A8 S:FD P:nvUbdIzc   $C1CA: A5 3F     LDA $3F = #$01
A:01 X:06 Y:A8 S:FD P:nvUbdIzc   $C1CC: D0 FC     BNE $C1CA
A:01 X:06 Y:A8 S:FD P:nvUbdIzc   $C1CA: A5 3F     LDA $3F = #$01
A:01 X:06 Y:A8 S:FD P:nvUbdIzc   $C1CC: D0 FC     BNE $C1CA
A:01 X:06 Y:A8 S:FD P:nvUbdIzc   $C1CA: A5 3F     LDA $3F = #$01
A:01 X:06 Y:A8 S:FD P:nvUbdIzc   $C1CC: D0 FC     BNE $C1CA
A:01 X:06 Y:A8 S:FD P:nvUbdIzc   $C1CA: A5 3F     LDA $3F = #$01
A:01 X:06 Y:A8 S:FD P:nvUbdIzc   $C1CC: D0 FC     BNE $C1CA
A:01 X:06 Y:A8 S:FD P:nvUbdIzc   $C1CA: A5 3F     LDA $3F = #$01
A:01 X:06 Y:A8 S:FD P:nvUbdIzc   $C1CC: D0 FC     BNE $C1CA
A:01 X:06 Y:A8 S:FD P:nvUbdIzc   $C1CA: A5 3F     LDA $3F = #$01
A:01 X:06 Y:A8 S:FD P:nvUbdIzc   $C1CC: D0 FC     BNE $C1CA
A:01 X:06 Y:A8 S:FD P:nvUbdIzc   $C1CA: A5 3F     LDA $3F = #$01
A:01 X:06 Y:A8 S:FD P:nvUbdIzc   $C1CC: D0 FC     BNE $C1CA
A:01 X:06 Y:A8 S:FD P:nvUbdIzc   $C1CA: A5 3F     LDA $3F = #$01
A:01 X:06 Y:A8 S:FD P:nvUbdIzc   $C1CC: D0 FC     BNE $C1CA
A:01 X:06 Y:A8 S:FD P:nvUbdIzc   $C1CA: A5 3F     LDA $3F = #$01
A:01 X:06 Y:A8 S:FD P:nvUbdIzc   $C1CC: D0 FC     BNE $C1CA
A:01 X:06 Y:A8 S:FD P:nvUbdIzc   $C1CA: A5 3F     LDA $3F = #$01
A:01 X:06 Y:A8 S:FD P:nvUbdIzc   $C1CC: D0 FC     BNE $C1CA
A:01 X:06 Y:A8 S:FD P:nvUbdIzc   $C1CA: A5 3F     LDA $3F = #$01
A:01 X:06 Y:A8 S:FD P:nvUbdIzc   $C1CC: D0 FC     BNE $C1CA
A:01 X:06 Y:A8 S:FD P:nvUbdIzc   $C1CA: A5 3F     LDA $3F = #$01
A:01 X:06 Y:A8 S:FD P:nvUbdIzc   $C1CC: D0 FC     BNE $C1CA
A:01 X:06 Y:A8 S:FD P:nvUbdIzc   $C1CA: A5 3F     LDA $3F = #$01
A:01 X:06 Y:A8 S:FD P:nvUbdIzc   $C1CC: D0 FC     BNE $C1CA
A:01 X:06 Y:A8 S:FD P:nvUbdIzc   $C1CA: A5 3F     LDA $3F = #$01
A:01 X:06 Y:A8 S:FD P:nvUbdIzc   $C1CC: D0 FC     BNE $C1CA
A:01 X:06 Y:A8 S:FD P:nvUbdIzc   $C1CA: A5 3F     LDA $3F = #$01
A:01 X:06 Y:A8 S:FD P:nvUbdIzc   $C1CC: D0 FC     BNE $C1CA
A:01 X:06 Y:A8 S:FD P:nvUbdIzc   $C1CA: A5 3F     LDA $3F = #$01
A:01 X:06 Y:A8 S:FD P:nvUbdIzc   $C1CC: D0 FC     BNE $C1CA
A:01 X:06 Y:A8 S:FD P:nvUbdIzc   $C1CA: A5 3F     LDA $3F = #$01
A:01 X:06 Y:A8 S:FD P:nvUbdIzc   $C1CC: D0 FC     BNE $C1CA
A:01 X:06 Y:A8 S:FD P:nvUbdIzc   $C1CA: A5 3F     LDA $3F = #$01
A:01 X:06 Y:A8 S:FD P:nvUbdIzc   $C1CC: D0 FC     BNE $C1CA
A:01 X:06 Y:A8 S:FD P:nvUbdIzc   $C1CA: A5 3F     LDA $3F = #$01
A:01 X:06 Y:A8 S:FD P:nvUbdIzc   $C1CC: D0 FC     BNE $C1CA
A:01 X:06 Y:A8 S:FD P:nvUbdIzc   $C1CA: A5 3F     LDA $3F = #$01
A:01 X:06 Y:A8 S:FD P:nvUbdIzc   $C1CC: D0 FC     BNE $C1CA
A:01 X:06 Y:A8 S:FD P:nvUbdIzc   $C1CA: A5 3F     LDA $3F = #$01
A:01 X:06 Y:A8 S:FD P:nvUbdIzc   $C1CC: D0 FC     BNE $C1CA
A:01 X:06 Y:A8 S:FD P:nvUbdIzc   $C1CA: A5 3F     LDA $3F = #$01
A:01 X:06 Y:A8 S:FD P:nvUbdIzc   $C1CC: D0 FC     BNE $C1CA
A:01 X:06 Y:A8 S:FD P:nvUbdIzc   $C1CA: A5 3F     LDA $3F = #$01
A:01 X:06 Y:A8 S:FD P:nvUbdIzc   $C1CC: D0 FC     BNE $C1CA
A:01 X:06 Y:A8 S:FD P:nvUbdIzc   $C1CA: A5 3F     LDA $3F = #$01
A:01 X:06 Y:A8 S:FD P:nvUbdIzc   $C1CC: D0 FC     BNE $C1CA
A:01 X:06 Y:A8 S:FD P:nvUbdIzc   $C1CA: A5 3F     LDA $3F = #$01
A:01 X:06 Y:A8 S:FD P:nvUbdIzc   $C1CC: D0 FC     BNE $C1CA
A:01 X:06 Y:A8 S:FD P:nvUbdIzc   $C1CA: A5 3F     LDA $3F = #$01
A:01 X:06 Y:A8 S:FD P:nvUbdIzc   $C1CC: D0 FC     BNE $C1CA
A:01 X:06 Y:A8 S:FD P:nvUbdIzc   $C1CA: A5 3F     LDA $3F = #$01
A:01 X:06 Y:A8 S:FD P:nvUbdIzc   $C1CC: D0 FC     BNE $C1CA
A:01 X:06 Y:A8 S:FD P:nvUbdIzc   $C1CA: A5 3F     LDA $3F = #$01
A:01 X:06 Y:A8 S:FD P:nvUbdIzc   $C1CC: D0 FC     BNE $C1CA
A:01 X:06 Y:A8 S:FD P:nvUbdIzc   $C1CA: A5 3F     LDA $3F = #$01
A:01 X:06 Y:A8 S:FD P:nvUbdIzc   $C1CC: D0 FC     BNE $C1CA
A:01 X:06 Y:A8 S:FD P:nvUbdIzc   $C1CA: A5 3F     LDA $3F = #$01
A:01 X:06 Y:A8 S:FD P:nvUbdIzc   $C1CC: D0 FC     BNE $C1CA
A:01 X:06 Y:A8 S:FD P:nvUbdIzc   $C1CA: A5 3F     LDA $3F = #$01
A:01 X:06 Y:A8 S:FD P:nvUbdIzc   $C1CC: D0 FC     BNE $C1CA
A:01 X:06 Y:A8 S:FD P:nvUbdIzc   $C1CA: A5 3F     LDA $3F = #$01
A:01 X:06 Y:A8 S:FD P:nvUbdIzc   $C1CC: D0 FC     BNE $C1CA
A:01 X:06 Y:A8 S:FD P:nvUbdIzc   $C1CA: A5 3F     LDA $3F = #$01
A:01 X:06 Y:A8 S:FD P:nvUbdIzc   $C1CC: D0 FC     BNE $C1CA
A:01 X:06 Y:A8 S:FD P:nvUbdIzc   $C1CA: A5 3F     LDA $3F = #$01
A:01 X:06 Y:A8 S:FD P:nvUbdIzc   $C1CC: D0 FC     BNE $C1CA
A:01 X:06 Y:A8 S:FD P:nvUbdIzc   $C1CA: A5 3F     LDA $3F = #$01
A:01 X:06 Y:A8 S:FD P:nvUbdIzc   $C1CC: D0 FC     BNE $C1CA
A:01 X:06 Y:A8 S:FD P:nvUbdIzc   $C1CA: A5 3F     LDA $3F = #$01
A:01 X:06 Y:A8 S:FD P:nvUbdIzc   $C1CC: D0 FC     BNE $C1CA
A:01 X:06 Y:A8 S:FD P:nvUbdIzc   $C1CA: A5 3F     LDA $3F = #$01
A:01 X:06 Y:A8 S:FD P:nvUbdIzc   $C1CC: D0 FC     BNE $C1CA
A:01 X:06 Y:A8 S:FD P:nvUbdIzc   $C1CA: A5 3F     LDA $3F = #$01
A:01 X:06 Y:A8 S:FD P:nvUbdIzc   $C1CC: D0 FC     BNE $C1CA
A:01 X:06 Y:A8 S:FD P:nvUbdIzc   $C1CA: A5 3F     LDA $3F = #$01
A:01 X:06 Y:A8 S:FD P:nvUbdIzc   $C1CC: D0 FC     BNE $C1CA
A:01 X:06 Y:A8 S:FD P:nvUbdIzc   $C1CA: A5 3F     LDA $3F = #$01
A:01 X:06 Y:A8 S:FD P:nvUbdIzc   $C1CC: D0 FC     BNE $C1CA
A:01 X:06 Y:A8 S:FD P:nvUbdIzc   $C1CA: A5 3F     LDA $3F = #$01
A:01 X:06 Y:A8 S:FD P:nvUbdIzc   $C1CC: D0 FC     BNE $C1CA
A:01 X:06 Y:A8 S:FD P:nvUbdIzc   $C1CA: A5 3F     LDA $3F = #$01
A:01 X:06 Y:A8 S:FD P:nvUbdIzc   $C1CC: D0 FC     BNE $C1CA
A:01 X:06 Y:A8 S:FD P:nvUbdIzc   $C1CA: A5 3F     LDA $3F = #$01
A:01 X:06 Y:A8 S:FD P:nvUbdIzc   $C1CC: D0 FC     BNE $C1CA
A:01 X:06 Y:A8 S:FD P:nvUbdIzc   $C1CA: A5 3F     LDA $3F = #$01
A:01 X:06 Y:A8 S:FD P:nvUbdIzc   $C1CC: D0 FC     BNE $C1CA
A:01 X:06 Y:A8 S:FD P:nvUbdIzc   $C1CA: A5 3F     LDA $3F = #$01
A:01 X:06 Y:A8 S:FD P:nvUbdIzc   $C1CC: D0 FC     BNE $C1CA
A:01 X:06 Y:A8 S:FD P:nvUbdIzc   $C1CA: A5 3F     LDA $3F = #$01
A:01 X:06 Y:A8 S:FD P:nvUbdIzc   $C1CC: D0 FC     BNE $C1CA
A:01 X:06 Y:A8 S:FD P:nvUbdIzc   $C1CA: A5 3F     LDA $3F = #$01
A:01 X:06 Y:A8 S:FD P:nvUbdIzc   $C1CC: D0 FC     BNE $C1CA
A:01 X:06 Y:A8 S:FD P:nvUbdIzc   $C1CA: A5 3F     LDA $3F = #$01
A:01 X:06 Y:A8 S:FD P:nvUbdIzc   $C1CC: D0 FC     BNE $C1CA
A:01 X:06 Y:A8 S:FD P:nvUbdIzc   $C1CA: A5 3F     LDA $3F = #$01
A:01 X:06 Y:A8 S:FD P:nvUbdIzc   $C1CC: D0 FC     BNE $C1CA
A:01 X:06 Y:A8 S:FD P:nvUbdIzc   $C1CA: A5 3F     LDA $3F = #$01
A:01 X:06 Y:A8 S:FD P:nvUbdIzc   $C1CC: D0 FC     BNE $C1CA
A:01 X:06 Y:A8 S:FD P:nvUbdIzc   $C1CA: A5 3F     LDA $3F = #$01
A:01 X:06 Y:A8 S:FD P:nvUbdIzc   $C1CC: D0 FC     BNE $C1CA
A:01 X:06 Y:A8 S:FD P:nvUbdIzc   $C1CA: A5 3F     LDA $3F = #$01
A:01 X:06 Y:A8 S:FD P:nvUbdIzc   $C1CC: D0 FC     BNE $C1CA
A:01 X:06 Y:A8 S:FD P:nvUbdIzc   $C1CA: A5 3F     LDA $3F = #$01
A:01 X:06 Y:A8 S:FD P:nvUbdIzc   $C1CC: D0 FC     BNE $C1CA
A:01 X:06 Y:A8 S:FD P:nvUbdIzc   $C1CA: A5 3F     LDA $3F = #$01
A:01 X:06 Y:A8 S:FD P:nvUbdIzc   $C1CC: D0 FC     BNE $C1CA
A:01 X:06 Y:A8 S:FD P:nvUbdIzc   $C1CA: A5 3F     LDA $3F = #$01
A:01 X:06 Y:A8 S:FD P:nvUbdIzc   $C1CC: D0 FC     BNE $C1CA
A:01 X:06 Y:A8 S:FD P:nvUbdIzc   $C1CA: A5 3F     LDA $3F = #$01
A:01 X:06 Y:A8 S:FD P:nvUbdIzc   $C1CC: D0 FC     BNE $C1CA
A:01 X:06 Y:A8 S:FD P:nvUbdIzc   $C1CA: A5 3F     LDA $3F = #$01
A:01 X:06 Y:A8 S:FD P:nvUbdIzc   $C1CC: D0 FC     BNE $C1CA
A:01 X:06 Y:A8 S:FD P:nvUbdIzc   $C1CA: A5 3F     LDA $3F = #$01
A:01 X:06 Y:A8 S:FD P:nvUbdIzc   $C1CC: D0 FC     BNE $C1CA
A:01 X:06 Y:A8 S:FD P:nvUbdIzc   $C1CA: A5 3F     LDA $3F = #$01
A:01 X:06 Y:A8 S:FD P:nvUbdIzc   $C1CC: D0 FC     BNE $C1CA
A:01 X:06 Y:A8 S:FD P:nvUbdIzc   $C1CA: A5 3F     LDA $3F = #$01
A:01 X:06 Y:A8 S:FD P:nvUbdIzc   $C1CC: D0 FC     BNE $C1CA
A:01 X:06 Y:A8 S:FD P:nvUbdIzc   $C1CA: A5 3F     LDA $3F = #$01
A:01 X:06 Y:A8 S:FD P:nvUbdIzc   $C1CC: D0 FC     BNE $C1CA
A:01 X:06 Y:A8 S:FD P:nvUbdIzc   $C1CA: A5 3F     LDA $3F = #$01
A:01 X:06 Y:A8 S:FD P:nvUbdIzc   $C1CC: D0 FC     BNE $C1CA
A:01 X:06 Y:A8 S:FD P:nvUbdIzc   $C1CA: A5 3F     LDA $3F = #$01
A:01 X:06 Y:A8 S:FD P:nvUbdIzc   $C1CC: D0 FC     BNE $C1CA
A:01 X:06 Y:A8 S:FD P:nvUbdIzc   $C1CA: A5 3F     LDA $3F = #$01
A:01 X:06 Y:A8 S:FD P:nvUbdIzc   $C1CC: D0 FC     BNE $C1CA
A:01 X:06 Y:A8 S:FD P:nvUbdIzc   $C1CA: A5 3F     LDA $3F = #$01
A:01 X:06 Y:A8 S:FD P:nvUbdIzc   $C1CC: D0 FC     BNE $C1CA
A:01 X:06 Y:A8 S:FD P:nvUbdIzc   $C1CA: A5 3F     LDA $3F = #$01
A:01 X:06 Y:A8 S:FD P:nvUbdIzc   $C1CC: D0 FC     BNE $C1CA
A:01 X:06 Y:A8 S:FD P:nvUbdIzc   $C1CA: A5 3F     LDA $3F = #$01
A:01 X:06 Y:A8 S:FD P:nvUbdIzc   $C1CC: D0 FC     BNE $C1CA
A:01 X:06 Y:A8 S:FD P:nvUbdIzc   $C1CA: A5 3F     LDA $3F = #$01
A:01 X:06 Y:A8 S:FD P:nvUbdIzc   $C1CC: D0 FC     BNE $C1CA
A:01 X:06 Y:A8 S:FD P:nvUbdIzc   $C1CA: A5 3F     LDA $3F = #$01
A:01 X:06 Y:A8 S:FD P:nvUbdIzc   $C1CC: D0 FC     BNE $C1CA
A:01 X:06 Y:A8 S:FD P:nvUbdIzc   $C1CA: A5 3F     LDA $3F = #$01
A:01 X:06 Y:A8 S:FD P:nvUbdIzc   $C1CC: D0 FC     BNE $C1CA
A:01 X:06 Y:A8 S:FD P:nvUbdIzc   $C1CA: A5 3F     LDA $3F = #$01
A:01 X:06 Y:A8 S:FD P:nvUbdIzc   $C1CC: D0 FC     BNE $C1CA
A:01 X:06 Y:A8 S:FD P:nvUbdIzc   $C1CA: A5 3F     LDA $3F = #$01
A:01 X:06 Y:A8 S:FD P:nvUbdIzc   $C1CC: D0 FC     BNE $C1CA
A:01 X:06 Y:A8 S:FD P:nvUbdIzc   $C1CA: A5 3F     LDA $3F = #$01
A:01 X:06 Y:A8 S:FD P:nvUbdIzc   $C1CC: D0 FC     BNE $C1CA
A:01 X:06 Y:A8 S:FD P:nvUbdIzc   $C1CA: A5 3F     LDA $3F = #$01
A:01 X:06 Y:A8 S:FD P:nvUbdIzc   $C1CC: D0 FC     BNE $C1CA
A:01 X:06 Y:A8 S:FD P:nvUbdIzc   $C1CA: A5 3F     LDA $3F = #$01
A:01 X:06 Y:A8 S:FD P:nvUbdIzc   $C1CC: D0 FC     BNE $C1CA
A:01 X:06 Y:A8 S:FD P:nvUbdIzc   $C1CA: A5 3F     LDA $3F = #$01
A:01 X:06 Y:A8 S:FD P:nvUbdIzc   $C1CC: D0 FC     BNE $C1CA
A:01 X:06 Y:A8 S:FD P:nvUbdIzc   $C1CA: A5 3F     LDA $3F = #$01
A:01 X:06 Y:A8 S:FD P:nvUbdIzc   $C1CC: D0 FC     BNE $C1CA
A:01 X:06 Y:A8 S:FD P:nvUbdIzc   $C1CA: A5 3F     LDA $3F = #$01
A:01 X:06 Y:A8 S:FD P:nvUbdIzc   $C1CC: D0 FC     BNE $C1CA
A:01 X:06 Y:A8 S:FD P:nvUbdIzc   $C1CA: A5 3F     LDA $3F = #$01
A:01 X:06 Y:A8 S:FD P:nvUbdIzc   $C1CC: D0 FC     BNE $C1CA
A:01 X:06 Y:A8 S:FD P:nvUbdIzc   $C1CA: A5 3F     LDA $3F = #$01
A:01 X:06 Y:A8 S:FD P:nvUbdIzc   $C1CC: D0 FC     BNE $C1CA
A:01 X:06 Y:A8 S:FD P:nvUbdIzc   $C1CA: A5 3F     LDA $3F = #$01
A:01 X:06 Y:A8 S:FD P:nvUbdIzc   $C1CC: D0 FC     BNE $C1CA
A:01 X:06 Y:A8 S:FD P:nvUbdIzc   $C1CA: A5 3F     LDA $3F = #$01
A:01 X:06 Y:A8 S:FD P:nvUbdIzc   $C1CC: D0 FC     BNE $C1CA
A:01 X:06 Y:A8 S:FD P:nvUbdIzc   $C1CA: A5 3F     LDA $3F = #$01
A:01 X:06 Y:A8 S:FD P:nvUbdIzc   $C1CC: D0 FC     BNE $C1CA
A:01 X:06 Y:A8 S:FD P:nvUbdIzc   $C1CA: A5 3F     LDA $3F = #$01
A:01 X:06 Y:A8 S:FD P:nvUbdIzc   $C1CC: D0 FC     BNE $C1CA
A:01 X:06 Y:A8 S:FD P:nvUbdIzc   $C1CA: A5 3F     LDA $3F = #$01
A:01 X:06 Y:A8 S:FD P:nvUbdIzc   $C1CC: D0 FC     BNE $C1CA
A:01 X:06 Y:A8 S:FD P:nvUbdIzc   $C1CA: A5 3F     LDA $3F = #$01
A:01 X:06 Y:A8 S:FD P:nvUbdIzc   $C1CC: D0 FC     BNE $C1CA
A:01 X:06 Y:A8 S:FD P:nvUbdIzc   $C1CA: A5 3F     LDA $3F = #$01
A:01 X:06 Y:A8 S:FD P:nvUbdIzc   $C1CC: D0 FC     BNE $C1CA
A:01 X:06 Y:A8 S:FD P:nvUbdIzc   $C1CA: A5 3F     LDA $3F = #$01
A:01 X:06 Y:A8 S:FD P:nvUbdIzc   $C1CC: D0 FC     BNE $C1CA
A:01 X:06 Y:A8 S:FD P:nvUbdIzc   $C1CA: A5 3F     LDA $3F = #$01
A:01 X:06 Y:A8 S:FD P:nvUbdIzc   $C1CC: D0 FC     BNE $C1CA
A:01 X:06 Y:A8 S:FD P:nvUbdIzc   $C1CA: A5 3F     LDA $3F = #$01
A:01 X:06 Y:A8 S:FD P:nvUbdIzc   $C1CC: D0 FC     BNE $C1CA
A:01 X:06 Y:A8 S:FD P:nvUbdIzc   $C1CA: A5 3F     LDA $3F = #$01
A:01 X:06 Y:A8 S:FD P:nvUbdIzc   $C1CC: D0 FC     BNE $C1CA
A:01 X:06 Y:A8 S:FD P:nvUbdIzc   $C1CA: A5 3F     LDA $3F = #$01
A:01 X:06 Y:A8 S:FD P:nvUbdIzc   $C1CC: D0 FC     BNE $C1CA
A:01 X:06 Y:A8 S:FD P:nvUbdIzc   $C1CA: A5 3F     LDA $3F = #$01
A:01 X:06 Y:A8 S:FD P:nvUbdIzc   $C1CC: D0 FC     BNE $C1CA
A:01 X:06 Y:A8 S:FD P:nvUbdIzc   $C1CA: A5 3F     LDA $3F = #$01
A:01 X:06 Y:A8 S:FD P:nvUbdIzc   $C1CC: D0 FC     BNE $C1CA
A:01 X:06 Y:A8 S:FD P:nvUbdIzc   $C1CA: A5 3F     LDA $3F = #$01
A:01 X:06 Y:A8 S:FD P:nvUbdIzc   $C1CC: D0 FC     BNE $C1CA
A:01 X:06 Y:A8 S:FD P:nvUbdIzc   $C1CA: A5 3F     LDA $3F = #$01
A:01 X:06 Y:A8 S:FD P:nvUbdIzc   $C1CC: D0 FC     BNE $C1CA
A:01 X:06 Y:A8 S:FD P:nvUbdIzc   $C1CA: A5 3F     LDA $3F = #$01
A:01 X:06 Y:A8 S:FD P:nvUbdIzc   $C1CC: D0 FC     BNE $C1CA
A:01 X:06 Y:A8 S:FD P:nvUbdIzc   $C1CA: A5 3F     LDA $3F = #$01
A:01 X:06 Y:A8 S:FD P:nvUbdIzc   $C1CC: D0 FC     BNE $C1CA
A:01 X:06 Y:A8 S:FD P:nvUbdIzc   $C1CA: A5 3F     LDA $3F = #$01
A:01 X:06 Y:A8 S:FD P:nvUbdIzc   $C1CC: D0 FC     BNE $C1CA
A:01 X:06 Y:A8 S:FD P:nvUbdIzc   $C1CA: A5 3F     LDA $3F = #$01
A:01 X:06 Y:A8 S:FD P:nvUbdIzc   $C1CC: D0 FC     BNE $C1CA
A:01 X:06 Y:A8 S:FD P:nvUbdIzc   $C1CA: A5 3F     LDA $3F = #$01
A:01 X:06 Y:A8 S:FD P:nvUbdIzc   $C1CC: D0 FC     BNE $C1CA
A:01 X:06 Y:A8 S:FD P:nvUbdIzc   $C1CA: A5 3F     LDA $3F = #$01
A:01 X:06 Y:A8 S:FD P:nvUbdIzc   $C1CC: D0 FC     BNE $C1CA
A:01 X:06 Y:A8 S:FD P:nvUbdIzc   $C1CA: A5 3F     LDA $3F = #$01
A:01 X:06 Y:A8 S:FD P:nvUbdIzc   $C1CC: D0 FC     BNE $C1CA
A:01 X:06 Y:A8 S:FD P:nvUbdIzc   $C1CA: A5 3F     LDA $3F = #$01
A:01 X:06 Y:A8 S:FD P:nvUbdIzc   $C1CC: D0 FC     BNE $C1CA
A:01 X:06 Y:A8 S:FD P:nvUbdIzc   $C1CA: A5 3F     LDA $3F = #$01
A:01 X:06 Y:A8 S:FD P:nvUbdIzc   $C1CC: D0 FC     BNE $C1CA
A:01 X:06 Y:A8 S:FD P:nvUbdIzc   $C1CA: A5 3F     LDA $3F = #$01
A:01 X:06 Y:A8 S:FD P:nvUbdIzc   $C1CC: D0 FC     BNE $C1CA
A:01 X:06 Y:A8 S:FD P:nvUbdIzc   $C1CA: A5 3F     LDA $3F = #$01
A:01 X:06 Y:A8 S:FD P:nvUbdIzc   $C1CC: D0 FC     BNE $C1CA
A:01 X:06 Y:A8 S:FD P:nvUbdIzc   $C1CA: A5 3F     LDA $3F = #$01
A:01 X:06 Y:A8 S:FD P:nvUbdIzc   $C1CC: D0 FC     BNE $C1CA
A:01 X:06 Y:A8 S:FD P:nvUbdIzc   $C1CA: A5 3F     LDA $3F = #$01
A:01 X:06 Y:A8 S:FD P:nvUbdIzc   $C1CC: D0 FC     BNE $C1CA
A:01 X:06 Y:A8 S:FD P:nvUbdIzc   $C1CA: A5 3F     LDA $3F = #$01
A:01 X:06 Y:A8 S:FD P:nvUbdIzc   $C1CC: D0 FC     BNE $C1CA
A:01 X:06 Y:A8 S:FD P:nvUbdIzc   $C1CA: A5 3F     LDA $3F = #$01
A:01 X:06 Y:A8 S:FD P:nvUbdIzc   $C1CC: D0 FC     BNE $C1CA
A:01 X:06 Y:A8 S:FD P:nvUbdIzc   $C1CA: A5 3F     LDA $3F = #$01
A:01 X:06 Y:A8 S:FD P:nvUbdIzc   $C1CC: D0 FC     BNE $C1CA
A:01 X:06 Y:A8 S:FD P:nvUbdIzc   $C1CA: A5 3F     LDA $3F = #$01
A:01 X:06 Y:A8 S:FD P:nvUbdIzc   $C1CC: D0 FC     BNE $C1CA
A:01 X:06 Y:A8 S:FD P:nvUbdIzc   $C1CA: A5 3F     LDA $3F = #$01
A:01 X:06 Y:A8 S:FD P:nvUbdIzc   $C1CC: D0 FC     BNE $C1CA
A:01 X:06 Y:A8 S:FD P:nvUbdIzc   $C1CA: A5 3F     LDA $3F = #$01
A:01 X:06 Y:A8 S:FD P:nvUbdIzc   $C1CC: D0 FC     BNE $C1CA
A:01 X:06 Y:A8 S:FD P:nvUbdIzc   $C1CA: A5 3F     LDA $3F = #$01
A:01 X:06 Y:A8 S:FD P:nvUbdIzc   $C1CC: D0 FC     BNE $C1CA
A:01 X:06 Y:A8 S:FD P:nvUbdIzc   $C1CA: A5 3F     LDA $3F = #$01
A:01 X:06 Y:A8 S:FD P:nvUbdIzc   $C1CC: D0 FC     BNE $C1CA
A:01 X:06 Y:A8 S:FD P:nvUbdIzc   $C1CA: A5 3F     LDA $3F = #$01
A:01 X:06 Y:A8 S:FD P:nvUbdIzc   $C1CC: D0 FC     BNE $C1CA
A:01 X:06 Y:A8 S:FD P:nvUbdIzc   $C1CA: A5 3F     LDA $3F = #$01
A:01 X:06 Y:A8 S:FD P:nvUbdIzc   $C1CC: D0 FC     BNE $C1CA
A:01 X:06 Y:A8 S:FD P:nvUbdIzc   $C1CA: A5 3F     LDA $3F = #$01
A:01 X:06 Y:A8 S:FD P:nvUbdIzc   $C1CC: D0 FC     BNE $C1CA
A:01 X:06 Y:A8 S:FD P:nvUbdIzc   $C1CA: A5 3F     LDA $3F = #$01
A:01 X:06 Y:A8 S:FD P:nvUbdIzc   $C1CC: D0 FC     BNE $C1CA
A:01 X:06 Y:A8 S:FD P:nvUbdIzc   $C1CA: A5 3F     LDA $3F = #$01
A:01 X:06 Y:A8 S:FD P:nvUbdIzc   $C1CC: D0 FC     BNE $C1CA
A:01 X:06 Y:A8 S:FD P:nvUbdIzc   $C1CA: A5 3F     LDA $3F = #$01
A:01 X:06 Y:A8 S:FD P:nvUbdIzc   $C1CC: D0 FC     BNE $C1CA
A:01 X:06 Y:A8 S:FD P:nvUbdIzc   $C1CA: A5 3F     LDA $3F = #$01
A:01 X:06 Y:A8 S:FD P:nvUbdIzc   $C1CC: D0 FC     BNE $C1CA
A:01 X:06 Y:A8 S:FD P:nvUbdIzc   $C1CA: A5 3F     LDA $3F = #$01
A:01 X:06 Y:A8 S:FD P:nvUbdIzc   $C1CC: D0 FC     BNE $C1CA
A:01 X:06 Y:A8 S:FD P:nvUbdIzc   $C1CA: A5 3F     LDA $3F = #$01
A:01 X:06 Y:A8 S:FD P:nvUbdIzc   $C1CC: D0 FC     BNE $C1CA
A:01 X:06 Y:A8 S:FD P:nvUbdIzc   $C1CA: A5 3F     LDA $3F = #$01
A:01 X:06 Y:A8 S:FD P:nvUbdIzc   $C1CC: D0 FC     BNE $C1CA
A:01 X:06 Y:A8 S:FD P:nvUbdIzc   $C1CA: A5 3F     LDA $3F = #$01
A:01 X:06 Y:A8 S:FD P:nvUbdIzc   $C1CC: D0 FC     BNE $C1CA
A:01 X:06 Y:A8 S:FD P:nvUbdIzc   $C1CA: A5 3F     LDA $3F = #$01
A:01 X:06 Y:A8 S:FD P:nvUbdIzc   $C1CC: D0 FC     BNE $C1CA
A:01 X:06 Y:A8 S:FD P:nvUbdIzc   $C1CA: A5 3F     LDA $3F = #$01
A:01 X:06 Y:A8 S:FD P:nvUbdIzc   $C1CC: D0 FC     BNE $C1CA
A:01 X:06 Y:A8 S:FD P:nvUbdIzc   $C1CA: A5 3F     LDA $3F = #$01
A:01 X:06 Y:A8 S:FD P:nvUbdIzc   $C1CC: D0 FC     BNE $C1CA
A:01 X:06 Y:A8 S:FD P:nvUbdIzc   $C1CA: A5 3F     LDA $3F = #$01
A:01 X:06 Y:A8 S:FD P:nvUbdIzc   $C1CC: D0 FC     BNE $C1CA
A:01 X:06 Y:A8 S:FD P:nvUbdIzc   $C1CA: A5 3F     LDA $3F = #$01
A:01 X:06 Y:A8 S:FD P:nvUbdIzc   $C1CC: D0 FC     BNE $C1CA
A:01 X:06 Y:A8 S:FD P:nvUbdIzc   $C1CA: A5 3F     LDA $3F = #$01
A:01 X:06 Y:A8 S:FD P:nvUbdIzc   $C1CC: D0 FC     BNE $C1CA
A:01 X:06 Y:A8 S:FD P:nvUbdIzc   $C1CA: A5 3F     LDA $3F = #$01
A:01 X:06 Y:A8 S:FD P:nvUbdIzc   $C1CC: D0 FC     BNE $C1CA
A:01 X:06 Y:A8 S:FD P:nvUbdIzc   $C1CA: A5 3F     LDA $3F = #$01
A:01 X:06 Y:A8 S:FD P:nvUbdIzc   $C1CC: D0 FC     BNE $C1CA
A:01 X:06 Y:A8 S:FD P:nvUbdIzc   $C1CA: A5 3F     LDA $3F = #$01
A:01 X:06 Y:A8 S:FD P:nvUbdIzc   $C1CC: D0 FC     BNE $C1CA
A:01 X:06 Y:A8 S:FD P:nvUbdIzc   $C1CA: A5 3F     LDA $3F = #$01
A:01 X:06 Y:A8 S:FD P:nvUbdIzc   $C1CC: D0 FC     BNE $C1CA
A:01 X:06 Y:A8 S:FD P:nvUbdIzc   $C1CA: A5 3F     LDA $3F = #$01
A:01 X:06 Y:A8 S:FD P:nvUbdIzc   $C1CC: D0 FC     BNE $C1CA
A:01 X:06 Y:A8 S:FD P:nvUbdIzc   $C1CA: A5 3F     LDA $3F = #$01
A:01 X:06 Y:A8 S:FD P:nvUbdIzc   $C1CC: D0 FC     BNE $C1CA
A:01 X:06 Y:A8 S:FD P:nvUbdIzc   $C1CA: A5 3F     LDA $3F = #$01
A:01 X:06 Y:A8 S:FD P:nvUbdIzc   $C1CC: D0 FC     BNE $C1CA
A:01 X:06 Y:A8 S:FD P:nvUbdIzc   $C1CA: A5 3F     LDA $3F = #$01
A:01 X:06 Y:A8 S:FD P:nvUbdIzc   $C1CC: D0 FC     BNE $C1CA
A:01 X:06 Y:A8 S:FD P:nvUbdIzc   $C1CA: A5 3F     LDA $3F = #$01
A:01 X:06 Y:A8 S:FD P:nvUbdIzc   $C1CC: D0 FC     BNE $C1CA
A:01 X:06 Y:A8 S:FD P:nvUbdIzc   $C1CA: A5 3F     LDA $3F = #$01
A:01 X:06 Y:A8 S:FD P:nvUbdIzc   $C1CC: D0 FC     BNE $C1CA
A:01 X:06 Y:A8 S:FD P:nvUbdIzc   $C1CA: A5 3F     LDA $3F = #$01
A:01 X:06 Y:A8 S:FD P:nvUbdIzc   $C1CC: D0 FC     BNE $C1CA
A:01 X:06 Y:A8 S:FD P:nvUbdIzc   $C1CA: A5 3F     LDA $3F = #$01
A:01 X:06 Y:A8 S:FD P:nvUbdIzc   $C1CC: D0 FC     BNE $C1CA
A:01 X:06 Y:A8 S:FD P:nvUbdIzc   $C1CA: A5 3F     LDA $3F = #$01
A:01 X:06 Y:A8 S:FD P:nvUbdIzc   $C1CC: D0 FC     BNE $C1CA
A:01 X:06 Y:A8 S:FD P:nvUbdIzc   $C1CA: A5 3F     LDA $3F = #$01
A:01 X:06 Y:A8 S:FD P:nvUbdIzc   $C1CC: D0 FC     BNE $C1CA
A:01 X:06 Y:A8 S:FD P:nvUbdIzc   $C1CA: A5 3F     LDA $3F = #$01
A:01 X:06 Y:A8 S:FD P:nvUbdIzc   $C1CC: D0 FC     BNE $C1CA
A:01 X:06 Y:A8 S:FD P:nvUbdIzc   $C1CA: A5 3F     LDA $3F = #$01
A:01 X:06 Y:A8 S:FD P:nvUbdIzc   $C1CC: D0 FC     BNE $C1CA
A:01 X:06 Y:A8 S:FD P:nvUbdIzc   $C1CA: A5 3F     LDA $3F = #$01
A:01 X:06 Y:A8 S:FD P:nvUbdIzc   $C1CC: D0 FC     BNE $C1CA
A:01 X:06 Y:A8 S:FD P:nvUbdIzc   $C1CA: A5 3F     LDA $3F = #$01
A:01 X:06 Y:A8 S:FD P:nvUbdIzc   $C1CC: D0 FC     BNE $C1CA
A:01 X:06 Y:A8 S:FD P:nvUbdIzc   $C1CA: A5 3F     LDA $3F = #$01
A:01 X:06 Y:A8 S:FD P:nvUbdIzc   $C1CC: D0 FC     BNE $C1CA
A:01 X:06 Y:A8 S:FD P:nvUbdIzc   $C1CA: A5 3F     LDA $3F = #$01
A:01 X:06 Y:A8 S:FD P:nvUbdIzc   $C1CC: D0 FC     BNE $C1CA
A:01 X:06 Y:A8 S:FD P:nvUbdIzc   $C1CA: A5 3F     LDA $3F = #$01
A:01 X:06 Y:A8 S:FD P:nvUbdIzc   $C1CC: D0 FC     BNE $C1CA
A:01 X:06 Y:A8 S:FD P:nvUbdIzc   $C1CA: A5 3F     LDA $3F = #$01
A:01 X:06 Y:A8 S:FD P:nvUbdIzc   $C1CC: D0 FC     BNE $C1CA
A:01 X:06 Y:A8 S:FD P:nvUbdIzc   $C1CA: A5 3F     LDA $3F = #$01
A:01 X:06 Y:A8 S:FD P:nvUbdIzc   $C1CC: D0 FC     BNE $C1CA
A:01 X:06 Y:A8 S:FD P:nvUbdIzc   $C1CA: A5 3F     LDA $3F = #$01
A:01 X:06 Y:A8 S:FD P:nvUbdIzc   $C1CC: D0 FC     BNE $C1CA
A:01 X:06 Y:A8 S:FD P:nvUbdIzc   $C1CA: A5 3F     LDA $3F = #$01
A:01 X:06 Y:A8 S:FD P:nvUbdIzc   $C1CC: D0 FC     BNE $C1CA
A:01 X:06 Y:A8 S:FD P:nvUbdIzc   $C1CA: A5 3F     LDA $3F = #$01
A:01 X:06 Y:A8 S:FD P:nvUbdIzc   $C1CC: D0 FC     BNE $C1CA
A:01 X:06 Y:A8 S:FD P:nvUbdIzc   $C1CA: A5 3F     LDA $3F = #$01
A:01 X:06 Y:A8 S:FD P:nvUbdIzc   $C1CC: D0 FC     BNE $C1CA
A:01 X:06 Y:A8 S:FD P:nvUbdIzc   $C1CA: A5 3F     LDA $3F = #$01
A:01 X:06 Y:A8 S:FD P:nvUbdIzc   $C1CC: D0 FC     BNE $C1CA
A:01 X:06 Y:A8 S:FD P:nvUbdIzc   $C1CA: A5 3F     LDA $3F = #$01
A:01 X:06 Y:A8 S:FD P:nvUbdIzc   $C1CC: D0 FC     BNE $C1CA
A:01 X:06 Y:A8 S:FD P:nvUbdIzc   $C1CA: A5 3F     LDA $3F = #$01
A:01 X:06 Y:A8 S:FD P:nvUbdIzc   $C1CC: D0 FC     BNE $C1CA
A:01 X:06 Y:A8 S:FD P:nvUbdIzc   $C1CA: A5 3F     LDA $3F = #$01
A:01 X:06 Y:A8 S:FD P:nvUbdIzc   $C1CC: D0 FC     BNE $C1CA
A:01 X:06 Y:A8 S:FD P:nvUbdIzc   $C1CA: A5 3F     LDA $3F = #$01
A:01 X:06 Y:A8 S:FD P:nvUbdIzc   $C1CC: D0 FC     BNE $C1CA
A:01 X:06 Y:A8 S:FD P:nvUbdIzc   $C1CA: A5 3F     LDA $3F = #$01
A:01 X:06 Y:A8 S:FD P:nvUbdIzc   $C1CC: D0 FC     BNE $C1CA
A:01 X:06 Y:A8 S:FD P:nvUbdIzc   $C1CA: A5 3F     LDA $3F = #$01
A:01 X:06 Y:A8 S:FD P:nvUbdIzc   $C1CC: D0 FC     BNE $C1CA
A:01 X:06 Y:A8 S:FD P:nvUbdIzc   $C1CA: A5 3F     LDA $3F = #$01
A:01 X:06 Y:A8 S:FD P:nvUbdIzc   $C1CC: D0 FC     BNE $C1CA
A:01 X:06 Y:A8 S:FD P:nvUbdIzc   $C1CA: A5 3F     LDA $3F = #$01
A:01 X:06 Y:A8 S:FD P:nvUbdIzc   $C1CC: D0 FC     BNE $C1CA
A:01 X:06 Y:A8 S:FD P:nvUbdIzc   $C1CA: A5 3F     LDA $3F = #$01
A:01 X:06 Y:A8 S:FD P:nvUbdIzc   $C1CC: D0 FC     BNE $C1CA
A:01 X:06 Y:A8 S:FD P:nvUbdIzc   $C1CA: A5 3F     LDA $3F = #$01
A:01 X:06 Y:A8 S:FD P:nvUbdIzc   $C1CC: D0 FC     BNE $C1CA
A:01 X:06 Y:A8 S:FD P:nvUbdIzc   $C1CA: A5 3F     LDA $3F = #$01
A:01 X:06 Y:A8 S:FD P:nvUbdIzc   $C1CC: D0 FC     BNE $C1CA
A:01 X:06 Y:A8 S:FD P:nvUbdIzc   $C1CA: A5 3F     LDA $3F = #$01
A:01 X:06 Y:A8 S:FD P:nvUbdIzc   $C1CC: D0 FC     BNE $C1CA
A:01 X:06 Y:A8 S:FD P:nvUbdIzc   $C1CA: A5 3F     LDA $3F = #$01
A:01 X:06 Y:A8 S:FD P:nvUbdIzc   $C1CC: D0 FC     BNE $C1CA
A:01 X:06 Y:A8 S:FD P:nvUbdIzc   $C1CA: A5 3F     LDA $3F = #$01
A:01 X:06 Y:A8 S:FD P:nvUbdIzc   $C1CC: D0 FC     BNE $C1CA
A:01 X:06 Y:A8 S:FD P:nvUbdIzc   $C1CA: A5 3F     LDA $3F = #$01
A:01 X:06 Y:A8 S:FD P:nvUbdIzc   $C1CC: D0 FC     BNE $C1CA
A:01 X:06 Y:A8 S:FD P:nvUbdIzc   $C1CA: A5 3F     LDA $3F = #$01
A:01 X:06 Y:A8 S:FD P:nvUbdIzc   $C1CC: D0 FC     BNE $C1CA
A:01 X:06 Y:A8 S:FD P:nvUbdIzc   $C1CA: A5 3F     LDA $3F = #$01
A:01 X:06 Y:A8 S:FD P:nvUbdIzc   $C1CC: D0 FC     BNE $C1CA
A:01 X:06 Y:A8 S:FD P:nvUbdIzc   $C1CA: A5 3F     LDA $3F = #$01
A:01 X:06 Y:A8 S:FD P:nvUbdIzc   $C1CC: D0 FC     BNE $C1CA
A:01 X:06 Y:A8 S:FD P:nvUbdIzc   $C1CA: A5 3F     LDA $3F = #$01
A:01 X:06 Y:A8 S:FD P:nvUbdIzc   $C1CC: D0 FC     BNE $C1CA
A:01 X:06 Y:A8 S:FD P:nvUbdIzc   $C1CA: A5 3F     LDA $3F = #$01
A:01 X:06 Y:A8 S:FD P:nvUbdIzc   $C1CC: D0 FC     BNE $C1CA
A:01 X:06 Y:A8 S:FD P:nvUbdIzc   $C1CA: A5 3F     LDA $3F = #$01
A:01 X:06 Y:A8 S:FD P:nvUbdIzc   $C1CC: D0 FC     BNE $C1CA
A:01 X:06 Y:A8 S:FD P:nvUbdIzc   $C1CA: A5 3F     LDA $3F = #$01
A:01 X:06 Y:A8 S:FD P:nvUbdIzc   $C1CC: D0 FC     BNE $C1CA
A:01 X:06 Y:A8 S:FD P:nvUbdIzc   $C1CA: A5 3F     LDA $3F = #$01
A:01 X:06 Y:A8 S:FD P:nvUbdIzc   $C1CC: D0 FC     BNE $C1CA
A:01 X:06 Y:A8 S:FD P:nvUbdIzc   $C1CA: A5 3F     LDA $3F = #$01
A:01 X:06 Y:A8 S:FD P:nvUbdIzc   $C1CC: D0 FC     BNE $C1CA
A:01 X:06 Y:A8 S:FD P:nvUbdIzc   $C1CA: A5 3F     LDA $3F = #$01
A:01 X:06 Y:A8 S:FD P:nvUbdIzc   $C1CC: D0 FC     BNE $C1CA
A:01 X:06 Y:A8 S:FD P:nvUbdIzc   $C1CA: A5 3F     LDA $3F = #$01
A:01 X:06 Y:A8 S:FD P:nvUbdIzc   $C1CC: D0 FC     BNE $C1CA
A:01 X:06 Y:A8 S:FD P:nvUbdIzc   $C1CA: A5 3F     LDA $3F = #$01
A:01 X:06 Y:A8 S:FD P:nvUbdIzc   $C1CC: D0 FC     BNE $C1CA
A:01 X:06 Y:A8 S:FD P:nvUbdIzc   $C1CA: A5 3F     LDA $3F = #$01
A:01 X:06 Y:A8 S:FD P:nvUbdIzc   $C1CC: D0 FC     BNE $C1CA
A:01 X:06 Y:A8 S:FD P:nvUbdIzc   $C1CA: A5 3F     LDA $3F = #$01
A:01 X:06 Y:A8 S:FD P:nvUbdIzc   $C1CC: D0 FC     BNE $C1CA
A:01 X:06 Y:A8 S:FD P:nvUbdIzc   $C1CA: A5 3F     LDA $3F = #$01
A:01 X:06 Y:A8 S:FD P:nvUbdIzc   $C1CC: D0 FC     BNE $C1CA
A:01 X:06 Y:A8 S:FD P:nvUbdIzc   $C1CA: A5 3F     LDA $3F = #$01
A:01 X:06 Y:A8 S:FD P:nvUbdIzc   $C1CC: D0 FC     BNE $C1CA
A:01 X:06 Y:A8 S:FD P:nvUbdIzc   $C1CA: A5 3F     LDA $3F = #$01
A:01 X:06 Y:A8 S:FD P:nvUbdIzc   $C1CC: D0 FC     BNE $C1CA
A:01 X:06 Y:A8 S:FD P:nvUbdIzc   $C1CA: A5 3F     LDA $3F = #$01
A:01 X:06 Y:A8 S:FD P:nvUbdIzc   $C1CC: D0 FC     BNE $C1CA
A:01 X:06 Y:A8 S:FD P:nvUbdIzc   $C1CA: A5 3F     LDA $3F = #$01
A:01 X:06 Y:A8 S:FD P:nvUbdIzc   $C1CC: D0 FC     BNE $C1CA
A:01 X:06 Y:A8 S:FD P:nvUbdIzc   $C1CA: A5 3F     LDA $3F = #$01
A:01 X:06 Y:A8 S:FD P:nvUbdIzc   $C1CC: D0 FC     BNE $C1CA
A:01 X:06 Y:A8 S:FD P:nvUbdIzc   $C1CA: A5 3F     LDA $3F = #$01
A:01 X:06 Y:A8 S:FD P:nvUbdIzc   $C1CC: D0 FC     BNE $C1CA
A:01 X:06 Y:A8 S:FD P:nvUbdIzc   $C1CA: A5 3F     LDA $3F = #$01
A:01 X:06 Y:A8 S:FD P:nvUbdIzc   $C1CC: D0 FC     BNE $C1CA
A:01 X:06 Y:A8 S:FD P:nvUbdIzc   $C1CA: A5 3F     LDA $3F = #$01
A:01 X:06 Y:A8 S:FD P:nvUbdIzc   $C1CC: D0 FC     BNE $C1CA
A:01 X:06 Y:A8 S:FD P:nvUbdIzc   $C1CA: A5 3F     LDA $3F = #$01
A:01 X:06 Y:A8 S:FD P:nvUbdIzc   $C1CC: D0 FC     BNE $C1CA
A:01 X:06 Y:A8 S:FD P:nvUbdIzc   $C1CA: A5 3F     LDA $3F = #$01
A:01 X:06 Y:A8 S:FD P:nvUbdIzc   $C1CC: D0 FC     BNE $C1CA
A:01 X:06 Y:A8 S:FD P:nvUbdIzc   $C1CA: A5 3F     LDA $3F = #$01
A:01 X:06 Y:A8 S:FD P:nvUbdIzc   $C1CC: D0 FC     BNE $C1CA
A:01 X:06 Y:A8 S:FD P:nvUbdIzc   $C1CA: A5 3F     LDA $3F = #$01
A:01 X:06 Y:A8 S:FD P:nvUbdIzc   $C1CC: D0 FC     BNE $C1CA
A:01 X:06 Y:A8 S:FD P:nvUbdIzc   $C1CA: A5 3F     LDA $3F = #$01
A:01 X:06 Y:A8 S:FD P:nvUbdIzc   $C1CC: D0 FC     BNE $C1CA
A:01 X:06 Y:A8 S:FD P:nvUbdIzc   $C1CA: A5 3F     LDA $3F = #$01
A:01 X:06 Y:A8 S:FD P:nvUbdIzc   $C1CC: D0 FC     BNE $C1CA
A:01 X:06 Y:A8 S:FD P:nvUbdIzc   $C1CA: A5 3F     LDA $3F = #$01
A:01 X:06 Y:A8 S:FD P:nvUbdIzc   $C1CC: D0 FC     BNE $C1CA
A:01 X:06 Y:A8 S:FD P:nvUbdIzc   $C1CA: A5 3F     LDA $3F = #$01
A:01 X:06 Y:A8 S:FD P:nvUbdIzc   $C1CC: D0 FC     BNE $C1CA
A:01 X:06 Y:A8 S:FD P:nvUbdIzc   $C1CA: A5 3F     LDA $3F = #$01
A:01 X:06 Y:A8 S:FD P:nvUbdIzc   $C1CC: D0 FC     BNE $C1CA
A:01 X:06 Y:A8 S:FD P:nvUbdIzc   $C1CA: A5 3F     LDA $3F = #$01
A:01 X:06 Y:A8 S:FD P:nvUbdIzc   $C1CC: D0 FC     BNE $C1CA
A:01 X:06 Y:A8 S:FD P:nvUbdIzc   $C1CA: A5 3F     LDA $3F = #$01
A:01 X:06 Y:A8 S:FD P:nvUbdIzc   $C1CC: D0 FC     BNE $C1CA
A:01 X:06 Y:A8 S:FD P:nvUbdIzc   $C1CA: A5 3F     LDA $3F = #$01
A:01 X:06 Y:A8 S:FD P:nvUbdIzc   $C1CC: D0 FC     BNE $C1CA
A:01 X:06 Y:A8 S:FD P:nvUbdIzc   $C1CA: A5 3F     LDA $3F = #$01
A:01 X:06 Y:A8 S:FD P:nvUbdIzc   $C1CC: D0 FC     BNE $C1CA
A:01 X:06 Y:A8 S:FD P:nvUbdIzc   $C1CA: A5 3F     LDA $3F = #$01
A:01 X:06 Y:A8 S:FD P:nvUbdIzc   $C1CC: D0 FC     BNE $C1CA
A:01 X:06 Y:A8 S:FD P:nvUbdIzc   $C1CA: A5 3F     LDA $3F = #$01
A:01 X:06 Y:A8 S:FD P:nvUbdIzc   $C1CC: D0 FC     BNE $C1CA
A:01 X:06 Y:A8 S:FD P:nvUbdIzc   $C1CA: A5 3F     LDA $3F = #$01
A:01 X:06 Y:A8 S:FD P:nvUbdIzc   $C1CC: D0 FC     BNE $C1CA
A:01 X:06 Y:A8 S:FD P:nvUbdIzc   $C1CA: A5 3F     LDA $3F = #$01
A:01 X:06 Y:A8 S:FD P:nvUbdIzc   $C1CC: D0 FC     BNE $C1CA
A:01 X:06 Y:A8 S:FD P:nvUbdIzc   $C1CA: A5 3F     LDA $3F = #$01
A:01 X:06 Y:A8 S:FD P:nvUbdIzc   $C1CC: D0 FC     BNE $C1CA
A:01 X:06 Y:A8 S:FD P:nvUbdIzc   $C1CA: A5 3F     LDA $3F = #$01
A:01 X:06 Y:A8 S:FD P:nvUbdIzc   $C1CC: D0 FC     BNE $C1CA
A:01 X:06 Y:A8 S:FD P:nvUbdIzc   $C1CA: A5 3F     LDA $3F = #$01
A:01 X:06 Y:A8 S:FD P:nvUbdIzc   $C1CC: D0 FC     BNE $C1CA
A:01 X:06 Y:A8 S:FD P:nvUbdIzc   $C1CA: A5 3F     LDA $3F = #$01
A:01 X:06 Y:A8 S:FD P:nvUbdIzc   $C1CC: D0 FC     BNE $C1CA
A:01 X:06 Y:A8 S:FD P:nvUbdIzc   $C1CA: A5 3F     LDA $3F = #$01
A:01 X:06 Y:A8 S:FD P:nvUbdIzc   $C1CC: D0 FC     BNE $C1CA
A:01 X:06 Y:A8 S:FD P:nvUbdIzc   $C1CA: A5 3F     LDA $3F = #$01
A:01 X:06 Y:A8 S:FD P:nvUbdIzc   $C1CC: D0 FC     BNE $C1CA
A:01 X:06 Y:A8 S:FD P:nvUbdIzc   $C1CA: A5 3F     LDA $3F = #$01
A:01 X:06 Y:A8 S:FD P:nvUbdIzc   $C1CC: D0 FC     BNE $C1CA
A:01 X:06 Y:A8 S:FD P:nvUbdIzc   $C1CA: A5 3F     LDA $3F = #$01
A:01 X:06 Y:A8 S:FD P:nvUbdIzc   $C1CC: D0 FC     BNE $C1CA
A:01 X:06 Y:A8 S:FD P:nvUbdIzc   $C1CA: A5 3F     LDA $3F = #$01
A:01 X:06 Y:A8 S:FD P:nvUbdIzc   $C1CC: D0 FC     BNE $C1CA
A:01 X:06 Y:A8 S:FD P:nvUbdIzc   $C1CA: A5 3F     LDA $3F = #$01
A:01 X:06 Y:A8 S:FD P:nvUbdIzc   $C1CC: D0 FC     BNE $C1CA
A:01 X:06 Y:A8 S:FD P:nvUbdIzc   $C1CA: A5 3F     LDA $3F = #$01
A:01 X:06 Y:A8 S:FD P:nvUbdIzc   $C1CC: D0 FC     BNE $C1CA
A:01 X:06 Y:A8 S:FD P:nvUbdIzc   $C1CA: A5 3F     LDA $3F = #$01
A:01 X:06 Y:A8 S:FD P:nvUbdIzc   $C1CC: D0 FC     BNE $C1CA
A:01 X:06 Y:A8 S:FD P:nvUbdIzc   $C1CA: A5 3F     LDA $3F = #$01
A:01 X:06 Y:A8 S:FD P:nvUbdIzc   $C1CC: D0 FC     BNE $C1CA
A:01 X:06 Y:A8 S:FD P:nvUbdIzc   $C1CA: A5 3F     LDA $3F = #$01
A:01 X:06 Y:A8 S:FD P:nvUbdIzc   $C1CC: D0 FC     BNE $C1CA
A:01 X:06 Y:A8 S:FD P:nvUbdIzc   $C1CA: A5 3F     LDA $3F = #$01
A:01 X:06 Y:A8 S:FD P:nvUbdIzc   $C1CC: D0 FC     BNE $C1CA
A:01 X:06 Y:A8 S:FD P:nvUbdIzc   $C1CA: A5 3F     LDA $3F = #$01
A:01 X:06 Y:A8 S:FD P:nvUbdIzc   $C1CC: D0 FC     BNE $C1CA
A:01 X:06 Y:A8 S:FD P:nvUbdIzc   $C1CA: A5 3F     LDA $3F = #$01
A:01 X:06 Y:A8 S:FD P:nvUbdIzc   $C1CC: D0 FC     BNE $C1CA
A:01 X:06 Y:A8 S:FD P:nvUbdIzc   $C1CA: A5 3F     LDA $3F = #$01
A:01 X:06 Y:A8 S:FD P:nvUbdIzc   $C1CC: D0 FC     BNE $C1CA
A:01 X:06 Y:A8 S:FD P:nvUbdIzc   $C1CA: A5 3F     LDA $3F = #$01
A:01 X:06 Y:A8 S:FD P:nvUbdIzc   $C1CC: D0 FC     BNE $C1CA
A:01 X:06 Y:A8 S:FD P:nvUbdIzc   $C1CA: A5 3F     LDA $3F = #$01
A:01 X:06 Y:A8 S:FD P:nvUbdIzc   $C1CC: D0 FC     BNE $C1CA
A:01 X:06 Y:A8 S:FD P:nvUbdIzc   $C1CA: A5 3F     LDA $3F = #$01
A:01 X:06 Y:A8 S:FD P:nvUbdIzc   $C1CC: D0 FC     BNE $C1CA
A:01 X:06 Y:A8 S:FD P:nvUbdIzc   $C1CA: A5 3F     LDA $3F = #$01
A:01 X:06 Y:A8 S:FD P:nvUbdIzc   $C1CC: D0 FC     BNE $C1CA
A:01 X:06 Y:A8 S:FD P:nvUbdIzc   $C1CA: A5 3F     LDA $3F = #$01
A:01 X:06 Y:A8 S:FD P:nvUbdIzc   $C1CC: D0 FC     BNE $C1CA
A:01 X:06 Y:A8 S:FD P:nvUbdIzc   $C1CA: A5 3F     LDA $3F = #$01
A:01 X:06 Y:A8 S:FD P:nvUbdIzc   $C1CC: D0 FC     BNE $C1CA
A:01 X:06 Y:A8 S:FD P:nvUbdIzc   $C1CA: A5 3F     LDA $3F = #$01
A:01 X:06 Y:A8 S:FD P:nvUbdIzc   $C1CC: D0 FC     BNE $C1CA
A:01 X:06 Y:A8 S:FD P:nvUbdIzc   $C1CA: A5 3F     LDA $3F = #$01
A:01 X:06 Y:A8 S:FD P:nvUbdIzc   $C1CC: D0 FC     BNE $C1CA
A:01 X:06 Y:A8 S:FD P:nvUbdIzc   $C1CA: A5 3F     LDA $3F = #$01
A:01 X:06 Y:A8 S:FD P:nvUbdIzc   $C1CC: D0 FC     BNE $C1CA
A:01 X:06 Y:A8 S:FD P:nvUbdIzc   $C1CA: A5 3F     LDA $3F = #$01
A:01 X:06 Y:A8 S:FD P:nvUbdIzc   $C1CC: D0 FC     BNE $C1CA
A:01 X:06 Y:A8 S:FD P:nvUbdIzc   $C1CA: A5 3F     LDA $3F = #$01
A:01 X:06 Y:A8 S:FD P:nvUbdIzc   $C1CC: D0 FC     BNE $C1CA
A:01 X:06 Y:A8 S:FD P:nvUbdIzc   $C1CA: A5 3F     LDA $3F = #$01
A:01 X:06 Y:A8 S:FD P:nvUbdIzc   $C1CC: D0 FC     BNE $C1CA
A:01 X:06 Y:A8 S:FD P:nvUbdIzc   $C1CA: A5 3F     LDA $3F = #$01
A:01 X:06 Y:A8 S:FD P:nvUbdIzc   $C1CC: D0 FC     BNE $C1CA
A:01 X:06 Y:A8 S:FD P:nvUbdIzc   $C1CA: A5 3F     LDA $3F = #$01
A:01 X:06 Y:A8 S:FD P:nvUbdIzc   $C1CC: D0 FC     BNE $C1CA
A:01 X:06 Y:A8 S:FD P:nvUbdIzc   $C1CA: A5 3F     LDA $3F = #$01
A:01 X:06 Y:A8 S:FD P:nvUbdIzc   $C1CC: D0 FC     BNE $C1CA
A:01 X:06 Y:A8 S:FD P:nvUbdIzc   $C1CA: A5 3F     LDA $3F = #$01
A:01 X:06 Y:A8 S:FD P:nvUbdIzc   $C1CC: D0 FC     BNE $C1CA
A:01 X:06 Y:A8 S:FD P:nvUbdIzc   $C1CA: A5 3F     LDA $3F = #$01
A:01 X:06 Y:A8 S:FD P:nvUbdIzc   $C1CC: D0 FC     BNE $C1CA
A:01 X:06 Y:A8 S:FD P:nvUbdIzc   $C1CA: A5 3F     LDA $3F = #$01
A:01 X:06 Y:A8 S:FD P:nvUbdIzc   $C1CC: D0 FC     BNE $C1CA
A:01 X:06 Y:A8 S:FD P:nvUbdIzc   $C1CA: A5 3F     LDA $3F = #$01
A:01 X:06 Y:A8 S:FD P:nvUbdIzc   $C1CC: D0 FC     BNE $C1CA
A:01 X:06 Y:A8 S:FD P:nvUbdIzc   $C1CA: A5 3F     LDA $3F = #$01
A:01 X:06 Y:A8 S:FD P:nvUbdIzc   $C1CC: D0 FC     BNE $C1CA
A:01 X:06 Y:A8 S:FD P:nvUbdIzc   $C1CA: A5 3F     LDA $3F = #$01
A:01 X:06 Y:A8 S:FD P:nvUbdIzc   $C1CC: D0 FC     BNE $C1CA
A:01 X:06 Y:A8 S:FD P:nvUbdIzc   $C1CA: A5 3F     LDA $3F = #$01
A:01 X:06 Y:A8 S:FD P:nvUbdIzc   $C1CC: D0 FC     BNE $C1CA
A:01 X:06 Y:A8 S:FD P:nvUbdIzc   $C1CA: A5 3F     LDA $3F = #$01
A:01 X:06 Y:A8 S:FD P:nvUbdIzc   $C1CC: D0 FC     BNE $C1CA
A:01 X:06 Y:A8 S:FD P:nvUbdIzc   $C1CA: A5 3F     LDA $3F = #$01
A:01 X:06 Y:A8 S:FD P:nvUbdIzc   $C1CC: D0 FC     BNE $C1CA
A:01 X:06 Y:A8 S:FD P:nvUbdIzc   $C1CA: A5 3F     LDA $3F = #$01
A:01 X:06 Y:A8 S:FD P:nvUbdIzc   $C1CC: D0 FC     BNE $C1CA
A:01 X:06 Y:A8 S:FD P:nvUbdIzc   $C1CA: A5 3F     LDA $3F = #$01
A:01 X:06 Y:A8 S:FD P:nvUbdIzc   $C1CC: D0 FC     BNE $C1CA
A:01 X:06 Y:A8 S:FD P:nvUbdIzc   $C1CA: A5 3F     LDA $3F = #$01
A:01 X:06 Y:A8 S:FD P:nvUbdIzc   $C1CC: D0 FC     BNE $C1CA
A:01 X:06 Y:A8 S:FD P:nvUbdIzc   $C1CA: A5 3F     LDA $3F = #$01
A:01 X:06 Y:A8 S:FD P:nvUbdIzc   $C1CC: D0 FC     BNE $C1CA
A:01 X:06 Y:A8 S:FD P:nvUbdIzc   $C1CA: A5 3F     LDA $3F = #$01
A:01 X:06 Y:A8 S:FD P:nvUbdIzc   $C1CC: D0 FC     BNE $C1CA
A:01 X:06 Y:A8 S:FD P:nvUbdIzc   $C1CA: A5 3F     LDA $3F = #$01
A:01 X:06 Y:A8 S:FD P:nvUbdIzc   $C1CC: D0 FC     BNE $C1CA
A:01 X:06 Y:A8 S:FD P:nvUbdIzc   $C1CA: A5 3F     LDA $3F = #$01
A:01 X:06 Y:A8 S:FD P:nvUbdIzc   $C1CC: D0 FC     BNE $C1CA
A:01 X:06 Y:A8 S:FD P:nvUbdIzc   $C1CA: A5 3F     LDA $3F = #$01
A:01 X:06 Y:A8 S:FD P:nvUbdIzc   $C1CC: D0 FC     BNE $C1CA
A:01 X:06 Y:A8 S:FD P:nvUbdIzc   $C1CA: A5 3F     LDA $3F = #$01
A:01 X:06 Y:A8 S:FD P:nvUbdIzc   $C1CC: D0 FC     BNE $C1CA
A:01 X:06 Y:A8 S:FD P:nvUbdIzc   $C1CA: A5 3F     LDA $3F = #$01
A:01 X:06 Y:A8 S:FD P:nvUbdIzc   $C1CC: D0 FC     BNE $C1CA
A:01 X:06 Y:A8 S:FD P:nvUbdIzc   $C1CA: A5 3F     LDA $3F = #$01
A:01 X:06 Y:A8 S:FD P:nvUbdIzc   $C1CC: D0 FC     BNE $C1CA
A:01 X:06 Y:A8 S:FD P:nvUbdIzc   $C1CA: A5 3F     LDA $3F = #$01
A:01 X:06 Y:A8 S:FD P:nvUbdIzc   $C1CC: D0 FC     BNE $C1CA
A:01 X:06 Y:A8 S:FD P:nvUbdIzc   $C1CA: A5 3F     LDA $3F = #$01
A:01 X:06 Y:A8 S:FD P:nvUbdIzc   $C1CC: D0 FC     BNE $C1CA
A:01 X:06 Y:A8 S:FD P:nvUbdIzc   $C1CA: A5 3F     LDA $3F = #$01
A:01 X:06 Y:A8 S:FD P:nvUbdIzc   $C1CC: D0 FC     BNE $C1CA
A:01 X:06 Y:A8 S:FD P:nvUbdIzc   $C1CA: A5 3F     LDA $3F = #$01
A:01 X:06 Y:A8 S:FD P:nvUbdIzc   $C1CC: D0 FC     BNE $C1CA
A:01 X:06 Y:A8 S:FD P:nvUbdIzc   $C1CA: A5 3F     LDA $3F = #$01
A:01 X:06 Y:A8 S:FD P:nvUbdIzc   $C1CC: D0 FC     BNE $C1CA
A:01 X:06 Y:A8 S:FD P:nvUbdIzc   $C1CA: A5 3F     LDA $3F = #$01
A:01 X:06 Y:A8 S:FD P:nvUbdIzc   $C1CC: D0 FC     BNE $C1CA
A:01 X:06 Y:A8 S:FD P:nvUbdIzc   $C1CA: A5 3F     LDA $3F = #$01
A:01 X:06 Y:A8 S:FD P:nvUbdIzc   $C1CC: D0 FC     BNE $C1CA
A:01 X:06 Y:A8 S:FD P:nvUbdIzc   $C1CA: A5 3F     LDA $3F = #$01
A:01 X:06 Y:A8 S:FD P:nvUbdIzc   $C1CC: D0 FC     BNE $C1CA
A:01 X:06 Y:A8 S:FD P:nvUbdIzc   $C1CA: A5 3F     LDA $3F = #$01
A:01 X:06 Y:A8 S:FD P:nvUbdIzc   $C1CC: D0 FC     BNE $C1CA
A:01 X:06 Y:A8 S:FD P:nvUbdIzc   $C1CA: A5 3F     LDA $3F = #$01
A:01 X:06 Y:A8 S:FD P:nvUbdIzc   $C1CC: D0 FC     BNE $C1CA
A:01 X:06 Y:A8 S:FD P:nvUbdIzc   $C1CA: A5 3F     LDA $3F = #$01
A:01 X:06 Y:A8 S:FD P:nvUbdIzc   $C1CC: D0 FC     BNE $C1CA
A:01 X:06 Y:A8 S:FD P:nvUbdIzc   $C1CA: A5 3F     LDA $3F = #$01
A:01 X:06 Y:A8 S:FD P:nvUbdIzc   $C1CC: D0 FC     BNE $C1CA
A:01 X:06 Y:A8 S:FD P:nvUbdIzc   $C1CA: A5 3F     LDA $3F = #$01
A:01 X:06 Y:A8 S:FD P:nvUbdIzc   $C1CC: D0 FC     BNE $C1CA
A:01 X:06 Y:A8 S:FD P:nvUbdIzc   $C1CA: A5 3F     LDA $3F = #$01
A:01 X:06 Y:A8 S:FD P:nvUbdIzc   $C1CC: D0 FC     BNE $C1CA
A:01 X:06 Y:A8 S:FD P:nvUbdIzc   $C1CA: A5 3F     LDA $3F = #$01
A:01 X:06 Y:A8 S:FD P:nvUbdIzc   $C1CC: D0 FC     BNE $C1CA
A:01 X:06 Y:A8 S:FD P:nvUbdIzc   $C1CA: A5 3F     LDA $3F = #$01
A:01 X:06 Y:A8 S:FD P:nvUbdIzc   $C1CC: D0 FC     BNE $C1CA
A:01 X:06 Y:A8 S:FD P:nvUbdIzc   $C1CA: A5 3F     LDA $3F = #$01
A:01 X:06 Y:A8 S:FD P:nvUbdIzc   $C1CC: D0 FC     BNE $C1CA
A:01 X:06 Y:A8 S:FD P:nvUbdIzc   $C1CA: A5 3F     LDA $3F = #$01
A:01 X:06 Y:A8 S:FD P:nvUbdIzc   $C1CC: D0 FC     BNE $C1CA
A:01 X:06 Y:A8 S:FD P:nvUbdIzc   $C1CA: A5 3F     LDA $3F = #$01
A:01 X:06 Y:A8 S:FD P:nvUbdIzc   $C1CC: D0 FC     BNE $C1CA
A:01 X:06 Y:A8 S:FD P:nvUbdIzc   $C1CA: A5 3F     LDA $3F = #$01
A:01 X:06 Y:A8 S:FD P:nvUbdIzc   $C1CC: D0 FC     BNE $C1CA
A:01 X:06 Y:A8 S:FD P:nvUbdIzc   $C1CA: A5 3F     LDA $3F = #$01
A:01 X:06 Y:A8 S:FD P:nvUbdIzc   $C1CC: D0 FC     BNE $C1CA
A:01 X:06 Y:A8 S:FD P:nvUbdIzc   $C1CA: A5 3F     LDA $3F = #$01
A:01 X:06 Y:A8 S:FD P:nvUbdIzc   $C1CC: D0 FC     BNE $C1CA
A:01 X:06 Y:A8 S:FD P:nvUbdIzc   $C1CA: A5 3F     LDA $3F = #$01
A:01 X:06 Y:A8 S:FD P:nvUbdIzc   $C1CC: D0 FC     BNE $C1CA
A:01 X:06 Y:A8 S:FD P:nvUbdIzc   $C1CA: A5 3F     LDA $3F = #$01
A:01 X:06 Y:A8 S:FD P:nvUbdIzc   $C1CC: D0 FC     BNE $C1CA
A:01 X:06 Y:A8 S:FD P:nvUbdIzc   $C1CA: A5 3F     LDA $3F = #$01
A:01 X:06 Y:A8 S:FD P:nvUbdIzc   $C1CC: D0 FC     BNE $C1CA
A:01 X:06 Y:A8 S:FD P:nvUbdIzc   $C1CA: A5 3F     LDA $3F = #$01
A:01 X:06 Y:A8 S:FD P:nvUbdIzc   $C1CC: D0 FC     BNE $C1CA
A:01 X:06 Y:A8 S:FD P:nvUbdIzc   $C1CA: A5 3F     LDA $3F = #$01
A:01 X:06 Y:A8 S:FD P:nvUbdIzc   $C1CC: D0 FC     BNE $C1CA
A:01 X:06 Y:A8 S:FD P:nvUbdIzc   $C1CA: A5 3F     LDA $3F = #$01
A:01 X:06 Y:A8 S:FD P:nvUbdIzc   $C1CC: D0 FC     BNE $C1CA
A:01 X:06 Y:A8 S:FD P:nvUbdIzc   $C1CA: A5 3F     LDA $3F = #$01
A:01 X:06 Y:A8 S:FD P:nvUbdIzc   $C1CC: D0 FC     BNE $C1CA
A:01 X:06 Y:A8 S:FD P:nvUbdIzc   $C1CA: A5 3F     LDA $3F = #$01
A:01 X:06 Y:A8 S:FD P:nvUbdIzc   $C1CC: D0 FC     BNE $C1CA
A:01 X:06 Y:A8 S:FD P:nvUbdIzc   $C1CA: A5 3F     LDA $3F = #$01
A:01 X:06 Y:A8 S:FD P:nvUbdIzc   $C1CC: D0 FC     BNE $C1CA
A:01 X:06 Y:A8 S:FD P:nvUbdIzc   $C1CA: A5 3F     LDA $3F = #$01
A:01 X:06 Y:A8 S:FD P:nvUbdIzc   $C1CC: D0 FC     BNE $C1CA
A:01 X:06 Y:A8 S:FD P:nvUbdIzc   $C1CA: A5 3F     LDA $3F = #$01
A:01 X:06 Y:A8 S:FD P:nvUbdIzc   $C1CC: D0 FC     BNE $C1CA
A:01 X:06 Y:A8 S:FD P:nvUbdIzc   $C1CA: A5 3F     LDA $3F = #$01
A:01 X:06 Y:A8 S:FD P:nvUbdIzc   $C1CC: D0 FC     BNE $C1CA
A:01 X:06 Y:A8 S:FD P:nvUbdIzc   $C1CA: A5 3F     LDA $3F = #$01
A:01 X:06 Y:A8 S:FD P:nvUbdIzc   $C1CC: D0 FC     BNE $C1CA
A:01 X:06 Y:A8 S:FD P:nvUbdIzc   $C1CA: A5 3F     LDA $3F = #$01
A:01 X:06 Y:A8 S:FD P:nvUbdIzc   $C1CC: D0 FC     BNE $C1CA
A:01 X:06 Y:A8 S:FD P:nvUbdIzc   $C1CA: A5 3F     LDA $3F = #$01
A:01 X:06 Y:A8 S:FD P:nvUbdIzc   $C1CC: D0 FC     BNE $C1CA
A:01 X:06 Y:A8 S:FD P:nvUbdIzc   $C1CA: A5 3F     LDA $3F = #$01
A:01 X:06 Y:A8 S:FD P:nvUbdIzc   $C1CC: D0 FC     BNE $C1CA
A:01 X:06 Y:A8 S:FD P:nvUbdIzc   $C1CA: A5 3F     LDA $3F = #$01
A:01 X:06 Y:A8 S:FD P:nvUbdIzc   $C1CC: D0 FC     BNE $C1CA
A:01 X:06 Y:A8 S:FD P:nvUbdIzc   $C1CA: A5 3F     LDA $3F = #$01
A:01 X:06 Y:A8 S:FD P:nvUbdIzc   $C1CC: D0 FC     BNE $C1CA
A:01 X:06 Y:A8 S:FD P:nvUbdIzc   $C1CA: A5 3F     LDA $3F = #$01
A:01 X:06 Y:A8 S:FD P:nvUbdIzc   $C1CC: D0 FC     BNE $C1CA
A:01 X:06 Y:A8 S:FD P:nvUbdIzc   $C1CA: A5 3F     LDA $3F = #$01
A:01 X:06 Y:A8 S:FD P:nvUbdIzc   $C1CC: D0 FC     BNE $C1CA
A:01 X:06 Y:A8 S:FD P:nvUbdIzc   $C1CA: A5 3F     LDA $3F = #$01
A:01 X:06 Y:A8 S:FD P:nvUbdIzc   $C1CC: D0 FC     BNE $C1CA
A:01 X:06 Y:A8 S:FD P:nvUbdIzc   $C1CA: A5 3F     LDA $3F = #$01
A:01 X:06 Y:A8 S:FD P:nvUbdIzc   $C1CC: D0 FC     BNE $C1CA
A:01 X:06 Y:A8 S:FD P:nvUbdIzc   $C1CA: A5 3F     LDA $3F = #$01
A:01 X:06 Y:A8 S:FD P:nvUbdIzc   $C1CC: D0 FC     BNE $C1CA
A:01 X:06 Y:A8 S:FD P:nvUbdIzc   $C1CA: A5 3F     LDA $3F = #$01
A:01 X:06 Y:A8 S:FD P:nvUbdIzc   $C1CC: D0 FC     BNE $C1CA
A:01 X:06 Y:A8 S:FD P:nvUbdIzc   $C1CA: A5 3F     LDA $3F = #$01
A:01 X:06 Y:A8 S:FD P:nvUbdIzc   $C1CC: D0 FC     BNE $C1CA
A:01 X:06 Y:A8 S:FD P:nvUbdIzc   $C1CA: A5 3F     LDA $3F = #$01
A:01 X:06 Y:A8 S:FD P:nvUbdIzc   $C1CC: D0 FC     BNE $C1CA
A:01 X:06 Y:A8 S:FD P:nvUbdIzc   $C1CA: A5 3F     LDA $3F = #$01
A:01 X:06 Y:A8 S:FD P:nvUbdIzc   $C1CC: D0 FC     BNE $C1CA
A:01 X:06 Y:A8 S:FD P:nvUbdIzc   $C1CA: A5 3F     LDA $3F = #$01
A:01 X:06 Y:A8 S:FD P:nvUbdIzc   $C1CC: D0 FC     BNE $C1CA
A:01 X:06 Y:A8 S:FD P:nvUbdIzc   $C1CA: A5 3F     LDA $3F = #$01
A:01 X:06 Y:A8 S:FD P:nvUbdIzc   $C1CC: D0 FC     BNE $C1CA
A:01 X:06 Y:A8 S:FD P:nvUbdIzc   $C1CA: A5 3F     LDA $3F = #$01
A:01 X:06 Y:A8 S:FD P:nvUbdIzc   $C1CC: D0 FC     BNE $C1CA
A:01 X:06 Y:A8 S:FD P:nvUbdIzc   $C1CA: A5 3F     LDA $3F = #$01
A:01 X:06 Y:A8 S:FD P:nvUbdIzc   $C1CC: D0 FC     BNE $C1CA
A:01 X:06 Y:A8 S:FD P:nvUbdIzc   $C1CA: A5 3F     LDA $3F = #$01
A:01 X:06 Y:A8 S:FD P:nvUbdIzc   $C1CC: D0 FC     BNE $C1CA
A:01 X:06 Y:A8 S:FD P:nvUbdIzc   $C1CA: A5 3F     LDA $3F = #$01
A:01 X:06 Y:A8 S:FD P:nvUbdIzc   $C1CC: D0 FC     BNE $C1CA
A:01 X:06 Y:A8 S:FD P:nvUbdIzc   $C1CA: A5 3F     LDA $3F = #$01
A:01 X:06 Y:A8 S:FD P:nvUbdIzc   $C1CC: D0 FC     BNE $C1CA
A:01 X:06 Y:A8 S:FD P:nvUbdIzc   $C1CA: A5 3F     LDA $3F = #$01
A:01 X:06 Y:A8 S:FD P:nvUbdIzc   $C1CC: D0 FC     BNE $C1CA
A:01 X:06 Y:A8 S:FD P:nvUbdIzc   $C1CA: A5 3F     LDA $3F = #$01
A:01 X:06 Y:A8 S:FD P:nvUbdIzc   $C1CC: D0 FC     BNE $C1CA
A:01 X:06 Y:A8 S:FD P:nvUbdIzc   $C1CA: A5 3F     LDA $3F = #$01
A:01 X:06 Y:A8 S:FD P:nvUbdIzc   $C1CC: D0 FC     BNE $C1CA
A:01 X:06 Y:A8 S:FD P:nvUbdIzc   $C1CA: A5 3F     LDA $3F = #$01
A:01 X:06 Y:A8 S:FD P:nvUbdIzc   $C1CC: D0 FC     BNE $C1CA
A:01 X:06 Y:A8 S:FD P:nvUbdIzc   $C1CA: A5 3F     LDA $3F = #$01
A:01 X:06 Y:A8 S:FD P:nvUbdIzc   $C1CC: D0 FC     BNE $C1CA
A:01 X:06 Y:A8 S:FD P:nvUbdIzc   $C1CA: A5 3F     LDA $3F = #$01
A:01 X:06 Y:A8 S:FD P:nvUbdIzc   $C1CC: D0 FC     BNE $C1CA
A:01 X:06 Y:A8 S:FD P:nvUbdIzc   $C1CA: A5 3F     LDA $3F = #$01
A:01 X:06 Y:A8 S:FD P:nvUbdIzc   $C1CC: D0 FC     BNE $C1CA
A:01 X:06 Y:A8 S:FD P:nvUbdIzc   $C1CA: A5 3F     LDA $3F = #$01
A:01 X:06 Y:A8 S:FD P:nvUbdIzc   $C1CC: D0 FC     BNE $C1CA
A:01 X:06 Y:A8 S:FD P:nvUbdIzc   $C1CA: A5 3F     LDA $3F = #$01
A:01 X:06 Y:A8 S:FD P:nvUbdIzc   $C1CC: D0 FC     BNE $C1CA
A:01 X:06 Y:A8 S:FD P:nvUbdIzc   $C1CA: A5 3F     LDA $3F = #$01
A:01 X:06 Y:A8 S:FD P:nvUbdIzc   $C1CC: D0 FC     BNE $C1CA
A:01 X:06 Y:A8 S:FD P:nvUbdIzc   $C1CA: A5 3F     LDA $3F = #$01
A:01 X:06 Y:A8 S:FD P:nvUbdIzc   $C1CC: D0 FC     BNE $C1CA
A:01 X:06 Y:A8 S:FD P:nvUbdIzc   $C1CA: A5 3F     LDA $3F = #$01
A:01 X:06 Y:A8 S:FD P:nvUbdIzc   $C1CC: D0 FC     BNE $C1CA
A:01 X:06 Y:A8 S:FD P:nvUbdIzc   $C1CA: A5 3F     LDA $3F = #$01
A:01 X:06 Y:A8 S:FD P:nvUbdIzc   $C1CC: D0 FC     BNE $C1CA
A:01 X:06 Y:A8 S:FD P:nvUbdIzc   $C1CA: A5 3F     LDA $3F = #$01
A:01 X:06 Y:A8 S:FD P:nvUbdIzc   $C1CC: D0 FC     BNE $C1CA
A:01 X:06 Y:A8 S:FD P:nvUbdIzc   $C1CA: A5 3F     LDA $3F = #$01
A:01 X:06 Y:A8 S:FD P:nvUbdIzc   $C1CC: D0 FC     BNE $C1CA
A:01 X:06 Y:A8 S:FD P:nvUbdIzc   $C1CA: A5 3F     LDA $3F = #$01
A:01 X:06 Y:A8 S:FD P:nvUbdIzc   $C1CC: D0 FC     BNE $C1CA
A:01 X:06 Y:A8 S:FD P:nvUbdIzc   $C1CA: A5 3F     LDA $3F = #$01
A:01 X:06 Y:A8 S:FD P:nvUbdIzc   $C1CC: D0 FC     BNE $C1CA
A:01 X:06 Y:A8 S:FD P:nvUbdIzc   $C1CA: A5 3F     LDA $3F = #$01
A:01 X:06 Y:A8 S:FD P:nvUbdIzc   $C1CC: D0 FC     BNE $C1CA
A:01 X:06 Y:A8 S:FD P:nvUbdIzc   $C1CA: A5 3F     LDA $3F = #$01
A:01 X:06 Y:A8 S:FD P:nvUbdIzc   $C1CC: D0 FC     BNE $C1CA
A:01 X:06 Y:A8 S:FD P:nvUbdIzc   $C1CA: A5 3F     LDA $3F = #$01
A:01 X:06 Y:A8 S:FD P:nvUbdIzc   $C1CC: D0 FC     BNE $C1CA
A:01 X:06 Y:A8 S:FD P:nvUbdIzc   $C1CA: A5 3F     LDA $3F = #$01
A:01 X:06 Y:A8 S:FD P:nvUbdIzc   $C1CC: D0 FC     BNE $C1CA
A:01 X:06 Y:A8 S:FD P:nvUbdIzc   $C1CA: A5 3F     LDA $3F = #$01
A:01 X:06 Y:A8 S:FD P:nvUbdIzc   $C1CC: D0 FC     BNE $C1CA
A:01 X:06 Y:A8 S:FD P:nvUbdIzc   $C1CA: A5 3F     LDA $3F = #$01
A:01 X:06 Y:A8 S:FD P:nvUbdIzc   $C1CC: D0 FC     BNE $C1CA
A:01 X:06 Y:A8 S:FD P:nvUbdIzc   $C1CA: A5 3F     LDA $3F = #$01
A:01 X:06 Y:A8 S:FD P:nvUbdIzc   $C1CC: D0 FC     BNE $C1CA
A:01 X:06 Y:A8 S:FD P:nvUbdIzc   $C1CA: A5 3F     LDA $3F = #$01
A:01 X:06 Y:A8 S:FD P:nvUbdIzc   $C1CC: D0 FC     BNE $C1CA
A:01 X:06 Y:A8 S:FD P:nvUbdIzc   $C1CA: A5 3F     LDA $3F = #$01
A:01 X:06 Y:A8 S:FD P:nvUbdIzc   $C1CC: D0 FC     BNE $C1CA
A:01 X:06 Y:A8 S:FD P:nvUbdIzc   $C1CA: A5 3F     LDA $3F = #$01
A:01 X:06 Y:A8 S:FD P:nvUbdIzc   $C1CC: D0 FC     BNE $C1CA
A:01 X:06 Y:A8 S:FD P:nvUbdIzc   $C1CA: A5 3F     LDA $3F = #$01
A:01 X:06 Y:A8 S:FD P:nvUbdIzc   $C1CC: D0 FC     BNE $C1CA
A:01 X:06 Y:A8 S:FD P:nvUbdIzc   $C1CA: A5 3F     LDA $3F = #$01
A:01 X:06 Y:A8 S:FD P:nvUbdIzc   $C1CC: D0 FC     BNE $C1CA
A:01 X:06 Y:A8 S:FD P:nvUbdIzc   $C1CA: A5 3F     LDA $3F = #$01
A:01 X:06 Y:A8 S:FD P:nvUbdIzc   $C1CC: D0 FC     BNE $C1CA
A:01 X:06 Y:A8 S:FD P:nvUbdIzc   $C1CA: A5 3F     LDA $3F = #$01
A:01 X:06 Y:A8 S:FD P:nvUbdIzc   $C1CC: D0 FC     BNE $C1CA
A:01 X:06 Y:A8 S:FD P:nvUbdIzc   $C1CA: A5 3F     LDA $3F = #$01
A:01 X:06 Y:A8 S:FD P:nvUbdIzc   $C1CC: D0 FC     BNE $C1CA
A:01 X:06 Y:A8 S:FD P:nvUbdIzc   $C1CA: A5 3F     LDA $3F = #$01
A:01 X:06 Y:A8 S:FD P:nvUbdIzc   $C1CC: D0 FC     BNE $C1CA
A:01 X:06 Y:A8 S:FD P:nvUbdIzc   $C1CA: A5 3F     LDA $3F = #$01
A:01 X:06 Y:A8 S:FD P:nvUbdIzc   $C1CC: D0 FC     BNE $C1CA
A:01 X:06 Y:A8 S:FD P:nvUbdIzc   $C1CA: A5 3F     LDA $3F = #$01
A:01 X:06 Y:A8 S:FD P:nvUbdIzc   $C1CC: D0 FC     BNE $C1CA
A:01 X:06 Y:A8 S:FD P:nvUbdIzc   $C1CA: A5 3F     LDA $3F = #$01
A:01 X:06 Y:A8 S:FD P:nvUbdIzc   $C1CC: D0 FC     BNE $C1CA
A:01 X:06 Y:A8 S:FD P:nvUbdIzc   $C1CA: A5 3F     LDA $3F = #$01
A:01 X:06 Y:A8 S:FD P:nvUbdIzc   $C1CC: D0 FC     BNE $C1CA
A:01 X:06 Y:A8 S:FD P:nvUbdIzc   $C1CA: A5 3F     LDA $3F = #$01
A:01 X:06 Y:A8 S:FD P:nvUbdIzc   $C1CC: D0 FC     BNE $C1CA
A:01 X:06 Y:A8 S:FD P:nvUbdIzc   $C1CA: A5 3F     LDA $3F = #$01
A:01 X:06 Y:A8 S:FD P:nvUbdIzc   $C1CC: D0 FC     BNE $C1CA
A:01 X:06 Y:A8 S:FD P:nvUbdIzc   $C1CA: A5 3F     LDA $3F = #$01
A:01 X:06 Y:A8 S:FD P:nvUbdIzc   $C1CC: D0 FC     BNE $C1CA
A:01 X:06 Y:A8 S:FD P:nvUbdIzc   $C1CA: A5 3F     LDA $3F = #$01
A:01 X:06 Y:A8 S:FD P:nvUbdIzc   $C1CC: D0 FC     BNE $C1CA
A:01 X:06 Y:A8 S:FD P:nvUbdIzc   $C1CA: A5 3F     LDA $3F = #$01
A:01 X:06 Y:A8 S:FD P:nvUbdIzc   $C1CC: D0 FC     BNE $C1CA
A:01 X:06 Y:A8 S:FD P:nvUbdIzc   $C1CA: A5 3F     LDA $3F = #$01
A:01 X:06 Y:A8 S:FD P:nvUbdIzc   $C1CC: D0 FC     BNE $C1CA
A:01 X:06 Y:A8 S:FD P:nvUbdIzc   $C1CA: A5 3F     LDA $3F = #$01
A:01 X:06 Y:A8 S:FD P:nvUbdIzc   $C1CC: D0 FC     BNE $C1CA
A:01 X:06 Y:A8 S:FD P:nvUbdIzc   $C1CA: A5 3F     LDA $3F = #$01
A:01 X:06 Y:A8 S:FD P:nvUbdIzc   $C1CC: D0 FC     BNE $C1CA
A:01 X:06 Y:A8 S:FD P:nvUbdIzc   $C1CA: A5 3F     LDA $3F = #$01
A:01 X:06 Y:A8 S:FD P:nvUbdIzc   $C1CC: D0 FC     BNE $C1CA
A:01 X:06 Y:A8 S:FD P:nvUbdIzc   $C1CA: A5 3F     LDA $3F = #$01
A:01 X:06 Y:A8 S:FD P:nvUbdIzc   $C1CC: D0 FC     BNE $C1CA
A:01 X:06 Y:A8 S:FD P:nvUbdIzc   $C1CA: A5 3F     LDA $3F = #$01
A:01 X:06 Y:A8 S:FD P:nvUbdIzc   $C1CC: D0 FC     BNE $C1CA
A:01 X:06 Y:A8 S:FD P:nvUbdIzc   $C1CA: A5 3F     LDA $3F = #$01
A:01 X:06 Y:A8 S:FD P:nvUbdIzc   $C1CC: D0 FC     BNE $C1CA
A:01 X:06 Y:A8 S:FD P:nvUbdIzc   $C1CA: A5 3F     LDA $3F = #$01
A:01 X:06 Y:A8 S:FD P:nvUbdIzc   $C1CC: D0 FC     BNE $C1CA
A:01 X:06 Y:A8 S:FD P:nvUbdIzc   $C1CA: A5 3F     LDA $3F = #$01
A:01 X:06 Y:A8 S:FD P:nvUbdIzc   $C1CC: D0 FC     BNE $C1CA
A:01 X:06 Y:A8 S:FD P:nvUbdIzc   $C1CA: A5 3F     LDA $3F = #$01
A:01 X:06 Y:A8 S:FD P:nvUbdIzc   $C1CC: D0 FC     BNE $C1CA
A:01 X:06 Y:A8 S:FD P:nvUbdIzc   $C1CA: A5 3F     LDA $3F = #$01
A:01 X:06 Y:A8 S:FD P:nvUbdIzc   $C1CC: D0 FC     BNE $C1CA
A:01 X:06 Y:A8 S:FD P:nvUbdIzc   $C1CA: A5 3F     LDA $3F = #$01
A:01 X:06 Y:A8 S:FD P:nvUbdIzc   $C1CC: D0 FC     BNE $C1CA
A:01 X:06 Y:A8 S:FD P:nvUbdIzc   $C1CA: A5 3F     LDA $3F = #$01
A:01 X:06 Y:A8 S:FD P:nvUbdIzc   $C1CC: D0 FC     BNE $C1CA
A:01 X:06 Y:A8 S:FD P:nvUbdIzc   $C1CA: A5 3F     LDA $3F = #$01
A:01 X:06 Y:A8 S:FD P:nvUbdIzc   $C1CC: D0 FC     BNE $C1CA
A:01 X:06 Y:A8 S:FD P:nvUbdIzc   $C1CA: A5 3F     LDA $3F = #$01
A:01 X:06 Y:A8 S:FD P:nvUbdIzc   $C1CC: D0 FC     BNE $C1CA
A:01 X:06 Y:A8 S:FD P:nvUbdIzc   $C1CA: A5 3F     LDA $3F = #$01
A:01 X:06 Y:A8 S:FD P:nvUbdIzc   $C1CC: D0 FC     BNE $C1CA
A:01 X:06 Y:A8 S:FD P:nvUbdIzc   $C1CA: A5 3F     LDA $3F = #$01
A:01 X:06 Y:A8 S:FD P:nvUbdIzc   $C1CC: D0 FC     BNE $C1CA
A:01 X:06 Y:A8 S:FD P:nvUbdIzc   $C1CA: A5 3F     LDA $3F = #$01
A:01 X:06 Y:A8 S:FD P:nvUbdIzc   $C1CC: D0 FC     BNE $C1CA
A:01 X:06 Y:A8 S:FD P:nvUbdIzc   $C1CA: A5 3F     LDA $3F = #$01
A:01 X:06 Y:A8 S:FD P:nvUbdIzc   $C1CC: D0 FC     BNE $C1CA
A:01 X:06 Y:A8 S:FD P:nvUbdIzc   $C1CA: A5 3F     LDA $3F = #$01
A:01 X:06 Y:A8 S:FD P:nvUbdIzc   $C1CC: D0 FC     BNE $C1CA
A:01 X:06 Y:A8 S:FD P:nvUbdIzc   $C1CA: A5 3F     LDA $3F = #$01
A:01 X:06 Y:A8 S:FD P:nvUbdIzc   $C1CC: D0 FC     BNE $C1CA
A:01 X:06 Y:A8 S:FD P:nvUbdIzc   $C1CA: A5 3F     LDA $3F = #$01
A:01 X:06 Y:A8 S:FD P:nvUbdIzc   $C1CC: D0 FC     BNE $C1CA
A:01 X:06 Y:A8 S:FD P:nvUbdIzc   $C1CA: A5 3F     LDA $3F = #$01
A:01 X:06 Y:A8 S:FD P:nvUbdIzc   $C1CC: D0 FC     BNE $C1CA
A:01 X:06 Y:A8 S:FD P:nvUbdIzc   $C1CA: A5 3F     LDA $3F = #$01
A:01 X:06 Y:A8 S:FD P:nvUbdIzc   $C1CC: D0 FC     BNE $C1CA
A:01 X:06 Y:A8 S:FD P:nvUbdIzc   $C1CA: A5 3F     LDA $3F = #$01
A:01 X:06 Y:A8 S:FD P:nvUbdIzc   $C1CC: D0 FC     BNE $C1CA
A:01 X:06 Y:A8 S:FD P:nvUbdIzc   $C1CA: A5 3F     LDA $3F = #$01
A:01 X:06 Y:A8 S:FD P:nvUbdIzc   $C1CC: D0 FC     BNE $C1CA
A:01 X:06 Y:A8 S:FD P:nvUbdIzc   $C1CA: A5 3F     LDA $3F = #$01
A:01 X:06 Y:A8 S:FD P:nvUbdIzc   $C1CC: D0 FC     BNE $C1CA
A:01 X:06 Y:A8 S:FD P:nvUbdIzc   $C1CA: A5 3F     LDA $3F = #$01
A:01 X:06 Y:A8 S:FD P:nvUbdIzc   $C1CC: D0 FC     BNE $C1CA
A:01 X:06 Y:A8 S:FD P:nvUbdIzc   $C1CA: A5 3F     LDA $3F = #$01
A:01 X:06 Y:A8 S:FD P:nvUbdIzc   $C1CC: D0 FC     BNE $C1CA
A:01 X:06 Y:A8 S:FD P:nvUbdIzc   $C1CA: A5 3F     LDA $3F = #$01
A:01 X:06 Y:A8 S:FD P:nvUbdIzc   $C1CC: D0 FC     BNE $C1CA
A:01 X:06 Y:A8 S:FD P:nvUbdIzc   $C1CA: A5 3F     LDA $3F = #$01
A:01 X:06 Y:A8 S:FD P:nvUbdIzc   $C1CC: D0 FC     BNE $C1CA
A:01 X:06 Y:A8 S:FD P:nvUbdIzc   $C1CA: A5 3F     LDA $3F = #$01
A:01 X:06 Y:A8 S:FD P:nvUbdIzc   $C1CC: D0 FC     BNE $C1CA
A:01 X:06 Y:A8 S:FD P:nvUbdIzc   $C1CA: A5 3F     LDA $3F = #$01
A:01 X:06 Y:A8 S:FD P:nvUbdIzc   $C1CC: D0 FC     BNE $C1CA
A:01 X:06 Y:A8 S:FD P:nvUbdIzc   $C1CA: A5 3F     LDA $3F = #$01
A:01 X:06 Y:A8 S:FD P:nvUbdIzc   $C1CC: D0 FC     BNE $C1CA
A:01 X:06 Y:A8 S:FD P:nvUbdIzc   $C1CA: A5 3F     LDA $3F = #$01
A:01 X:06 Y:A8 S:FD P:nvUbdIzc   $C1CC: D0 FC     BNE $C1CA
A:01 X:06 Y:A8 S:FD P:nvUbdIzc   $C1CA: A5 3F     LDA $3F = #$01
A:01 X:06 Y:A8 S:FD P:nvUbdIzc   $C1CC: D0 FC     BNE $C1CA
A:01 X:06 Y:A8 S:FD P:nvUbdIzc   $C1CA: A5 3F     LDA $3F = #$01
A:01 X:06 Y:A8 S:FD P:nvUbdIzc   $C1CC: D0 FC     BNE $C1CA
A:01 X:06 Y:A8 S:FD P:nvUbdIzc   $C1CA: A5 3F     LDA $3F = #$01
A:01 X:06 Y:A8 S:FD P:nvUbdIzc   $C1CC: D0 FC     BNE $C1CA
A:01 X:06 Y:A8 S:FD P:nvUbdIzc   $C1CA: A5 3F     LDA $3F = #$01
A:01 X:06 Y:A8 S:FD P:nvUbdIzc   $C1CC: D0 FC     BNE $C1CA
A:01 X:06 Y:A8 S:FD P:nvUbdIzc   $C1CA: A5 3F     LDA $3F = #$01
A:01 X:06 Y:A8 S:FD P:nvUbdIzc   $C1CC: D0 FC     BNE $C1CA
A:01 X:06 Y:A8 S:FD P:nvUbdIzc   $C1CA: A5 3F     LDA $3F = #$01
A:01 X:06 Y:A8 S:FD P:nvUbdIzc   $C1CC: D0 FC     BNE $C1CA
A:01 X:06 Y:A8 S:FD P:nvUbdIzc   $C1CA: A5 3F     LDA $3F = #$01
A:01 X:06 Y:A8 S:FD P:nvUbdIzc   $C1CC: D0 FC     BNE $C1CA
A:01 X:06 Y:A8 S:FD P:nvUbdIzc   $C1CA: A5 3F     LDA $3F = #$01
A:01 X:06 Y:A8 S:FD P:nvUbdIzc   $C1CC: D0 FC     BNE $C1CA
A:01 X:06 Y:A8 S:FD P:nvUbdIzc   $C1CA: A5 3F     LDA $3F = #$01
A:01 X:06 Y:A8 S:FD P:nvUbdIzc   $C1CC: D0 FC     BNE $C1CA
A:01 X:06 Y:A8 S:FD P:nvUbdIzc   $C1CA: A5 3F     LDA $3F = #$01
A:01 X:06 Y:A8 S:FD P:nvUbdIzc   $C1CC: D0 FC     BNE $C1CA
A:01 X:06 Y:A8 S:FD P:nvUbdIzc   $C1CA: A5 3F     LDA $3F = #$01
A:01 X:06 Y:A8 S:FD P:nvUbdIzc   $C1CC: D0 FC     BNE $C1CA
A:01 X:06 Y:A8 S:FD P:nvUbdIzc   $C1CA: A5 3F     LDA $3F = #$01
A:01 X:06 Y:A8 S:FD P:nvUbdIzc   $C1CC: D0 FC     BNE $C1CA
A:01 X:06 Y:A8 S:FD P:nvUbdIzc   $C1CA: A5 3F     LDA $3F = #$01
A:01 X:06 Y:A8 S:FD P:nvUbdIzc   $C1CC: D0 FC     BNE $C1CA
A:01 X:06 Y:A8 S:FD P:nvUbdIzc   $C1CA: A5 3F     LDA $3F = #$01
A:01 X:06 Y:A8 S:FD P:nvUbdIzc   $C1CC: D0 FC     BNE $C1CA
A:01 X:06 Y:A8 S:FD P:nvUbdIzc   $C1CA: A5 3F     LDA $3F = #$01
A:01 X:06 Y:A8 S:FD P:nvUbdIzc   $C1CC: D0 FC     BNE $C1CA
A:01 X:06 Y:A8 S:FD P:nvUbdIzc   $C1CA: A5 3F     LDA $3F = #$01
A:01 X:06 Y:A8 S:FD P:nvUbdIzc   $C1CC: D0 FC     BNE $C1CA
A:01 X:06 Y:A8 S:FD P:nvUbdIzc   $C1CA: A5 3F     LDA $3F = #$01
A:01 X:06 Y:A8 S:FD P:nvUbdIzc   $C1CC: D0 FC     BNE $C1CA
A:01 X:06 Y:A8 S:FD P:nvUbdIzc   $C1CA: A5 3F     LDA $3F = #$01
A:01 X:06 Y:A8 S:FD P:nvUbdIzc   $C1CC: D0 FC     BNE $C1CA
A:01 X:06 Y:A8 S:FD P:nvUbdIzc   $C1CA: A5 3F     LDA $3F = #$01
A:01 X:06 Y:A8 S:FD P:nvUbdIzc   $C1CC: D0 FC     BNE $C1CA
A:01 X:06 Y:A8 S:FD P:nvUbdIzc   $C1CA: A5 3F     LDA $3F = #$01
A:01 X:06 Y:A8 S:FD P:nvUbdIzc   $C1CC: D0 FC     BNE $C1CA
A:01 X:06 Y:A8 S:FD P:nvUbdIzc   $C1CA: A5 3F     LDA $3F = #$01
A:01 X:06 Y:A8 S:FD P:nvUbdIzc   $C1CC: D0 FC     BNE $C1CA
A:01 X:06 Y:A8 S:FD P:nvUbdIzc   $C1CA: A5 3F     LDA $3F = #$01
A:01 X:06 Y:A8 S:FD P:nvUbdIzc   $C1CC: D0 FC     BNE $C1CA
A:01 X:06 Y:A8 S:FD P:nvUbdIzc   $C1CA: A5 3F     LDA $3F = #$01
A:01 X:06 Y:A8 S:FD P:nvUbdIzc   $C1CC: D0 FC     BNE $C1CA
A:01 X:06 Y:A8 S:FD P:nvUbdIzc   $C1CA: A5 3F     LDA $3F = #$01
A:01 X:06 Y:A8 S:FD P:nvUbdIzc   $C1CC: D0 FC     BNE $C1CA
A:01 X:06 Y:A8 S:FD P:nvUbdIzc   $C1CA: A5 3F     LDA $3F = #$01
A:01 X:06 Y:A8 S:FD P:nvUbdIzc   $C1CC: D0 FC     BNE $C1CA
A:01 X:06 Y:A8 S:FD P:nvUbdIzc   $C1CA: A5 3F     LDA $3F = #$01
A:01 X:06 Y:A8 S:FD P:nvUbdIzc   $C1CC: D0 FC     BNE $C1CA
A:01 X:06 Y:A8 S:FD P:nvUbdIzc   $C1CA: A5 3F     LDA $3F = #$01
A:01 X:06 Y:A8 S:FD P:nvUbdIzc   $C1CC: D0 FC     BNE $C1CA
A:01 X:06 Y:A8 S:FD P:nvUbdIzc   $C1CA: A5 3F     LDA $3F = #$01
A:01 X:06 Y:A8 S:FD P:nvUbdIzc   $C1CC: D0 FC     BNE $C1CA
A:01 X:06 Y:A8 S:FD P:nvUbdIzc   $C1CA: A5 3F     LDA $3F = #$01
A:01 X:06 Y:A8 S:FD P:nvUbdIzc   $C1CC: D0 FC     BNE $C1CA
A:01 X:06 Y:A8 S:FD P:nvUbdIzc   $C1CA: A5 3F     LDA $3F = #$01
A:01 X:06 Y:A8 S:FD P:nvUbdIzc   $C1CC: D0 FC     BNE $C1CA
A:01 X:06 Y:A8 S:FD P:nvUbdIzc   $C1CA: A5 3F     LDA $3F = #$01
A:01 X:06 Y:A8 S:FD P:nvUbdIzc   $C1CC: D0 FC     BNE $C1CA
A:01 X:06 Y:A8 S:FD P:nvUbdIzc   $C1CA: A5 3F     LDA $3F = #$01
A:01 X:06 Y:A8 S:FD P:nvUbdIzc   $C1CC: D0 FC     BNE $C1CA
A:01 X:06 Y:A8 S:FD P:nvUbdIzc   $C1CA: A5 3F     LDA $3F = #$01
A:01 X:06 Y:A8 S:FD P:nvUbdIzc   $C1CC: D0 FC     BNE $C1CA
A:01 X:06 Y:A8 S:FD P:nvUbdIzc   $C1CA: A5 3F     LDA $3F = #$01
A:01 X:06 Y:A8 S:FD P:nvUbdIzc   $C1CC: D0 FC     BNE $C1CA
A:01 X:06 Y:A8 S:FD P:nvUbdIzc   $C1CA: A5 3F     LDA $3F = #$01
A:01 X:06 Y:A8 S:FD P:nvUbdIzc   $C1CC: D0 FC     BNE $C1CA
A:01 X:06 Y:A8 S:FD P:nvUbdIzc   $C1CA: A5 3F     LDA $3F = #$01
A:01 X:06 Y:A8 S:FD P:nvUbdIzc   $C1CC: D0 FC     BNE $C1CA
A:01 X:06 Y:A8 S:FD P:nvUbdIzc   $C1CA: A5 3F     LDA $3F = #$01
A:01 X:06 Y:A8 S:FD P:nvUbdIzc   $C1CC: D0 FC     BNE $C1CA
A:01 X:06 Y:A8 S:FD P:nvUbdIzc   $C1CA: A5 3F     LDA $3F = #$01
A:01 X:06 Y:A8 S:FD P:nvUbdIzc   $C1CC: D0 FC     BNE $C1CA
A:01 X:06 Y:A8 S:FD P:nvUbdIzc   $C1CA: A5 3F     LDA $3F = #$01
A:01 X:06 Y:A8 S:FD P:nvUbdIzc   $C1CC: D0 FC     BNE $C1CA
A:01 X:06 Y:A8 S:FD P:nvUbdIzc   $C1CA: A5 3F     LDA $3F = #$01
A:01 X:06 Y:A8 S:FD P:nvUbdIzc   $C1CC: D0 FC     BNE $C1CA
A:01 X:06 Y:A8 S:FD P:nvUbdIzc   $C1CA: A5 3F     LDA $3F = #$01
A:01 X:06 Y:A8 S:FD P:nvUbdIzc   $C1CC: D0 FC     BNE $C1CA
A:01 X:06 Y:A8 S:FD P:nvUbdIzc   $C1CA: A5 3F     LDA $3F = #$01
A:01 X:06 Y:A8 S:FD P:nvUbdIzc   $C1CC: D0 FC     BNE $C1CA
A:01 X:06 Y:A8 S:FD P:nvUbdIzc   $C1CA: A5 3F     LDA $3F = #$01
A:01 X:06 Y:A8 S:FD P:nvUbdIzc   $C1CC: D0 FC     BNE $C1CA
A:01 X:06 Y:A8 S:FD P:nvUbdIzc   $C1CA: A5 3F     LDA $3F = #$01
A:01 X:06 Y:A8 S:FD P:nvUbdIzc   $C1CC: D0 FC     BNE $C1CA
A:01 X:06 Y:A8 S:FD P:nvUbdIzc   $C1CA: A5 3F     LDA $3F = #$01
A:01 X:06 Y:A8 S:FD P:nvUbdIzc   $C1CC: D0 FC     BNE $C1CA
A:01 X:06 Y:A8 S:FD P:nvUbdIzc   $C1CA: A5 3F     LDA $3F = #$01
A:01 X:06 Y:A8 S:FD P:nvUbdIzc   $C1CC: D0 FC     BNE $C1CA
A:01 X:06 Y:A8 S:FD P:nvUbdIzc   $C1CA: A5 3F     LDA $3F = #$01
A:01 X:06 Y:A8 S:FD P:nvUbdIzc   $C1CC: D0 FC     BNE $C1CA
A:01 X:06 Y:A8 S:FD P:nvUbdIzc   $C1CA: A5 3F     LDA $3F = #$01
A:01 X:06 Y:A8 S:FD P:nvUbdIzc   $C1CC: D0 FC     BNE $C1CA
A:01 X:06 Y:A8 S:FD P:nvUbdIzc   $C1CA: A5 3F     LDA $3F = #$01
A:01 X:06 Y:A8 S:FD P:nvUbdIzc   $C1CC: D0 FC     BNE $C1CA
A:01 X:06 Y:A8 S:FD P:nvUbdIzc   $C1CA: A5 3F     LDA $3F = #$01
A:01 X:06 Y:A8 S:FD P:nvUbdIzc   $C1CC: D0 FC     BNE $C1CA
A:01 X:06 Y:A8 S:FD P:nvUbdIzc   $C1CA: A5 3F     LDA $3F = #$01
A:01 X:06 Y:A8 S:FD P:nvUbdIzc   $C1CC: D0 FC     BNE $C1CA
A:01 X:06 Y:A8 S:FD P:nvUbdIzc   $C1CA: A5 3F     LDA $3F = #$01
A:01 X:06 Y:A8 S:FD P:nvUbdIzc   $C1CC: D0 FC     BNE $C1CA
A:01 X:06 Y:A8 S:FD P:nvUbdIzc   $C1CA: A5 3F     LDA $3F = #$01
A:01 X:06 Y:A8 S:FD P:nvUbdIzc   $C1CC: D0 FC     BNE $C1CA
A:01 X:06 Y:A8 S:FD P:nvUbdIzc   $C1CA: A5 3F     LDA $3F = #$01
A:01 X:06 Y:A8 S:FD P:nvUbdIzc   $C1CC: D0 FC     BNE $C1CA
A:01 X:06 Y:A8 S:FD P:nvUbdIzc   $C1CA: A5 3F     LDA $3F = #$01
A:01 X:06 Y:A8 S:FD P:nvUbdIzc   $C1CC: D0 FC     BNE $C1CA
A:01 X:06 Y:A8 S:FD P:nvUbdIzc   $C1CA: A5 3F     LDA $3F = #$01
A:01 X:06 Y:A8 S:FD P:nvUbdIzc   $C1CC: D0 FC     BNE $C1CA
A:01 X:06 Y:A8 S:FD P:nvUbdIzc   $C1CA: A5 3F     LDA $3F = #$01
A:01 X:06 Y:A8 S:FD P:nvUbdIzc   $C1CC: D0 FC     BNE $C1CA
A:01 X:06 Y:A8 S:FD P:nvUbdIzc   $C1CA: A5 3F     LDA $3F = #$01
A:01 X:06 Y:A8 S:FD P:nvUbdIzc   $C1CC: D0 FC     BNE $C1CA
A:01 X:06 Y:A8 S:FD P:nvUbdIzc   $C1CA: A5 3F     LDA $3F = #$01
A:01 X:06 Y:A8 S:FD P:nvUbdIzc   $C1CC: D0 FC     BNE $C1CA
A:01 X:06 Y:A8 S:FD P:nvUbdIzc   $C1CA: A5 3F     LDA $3F = #$01
A:01 X:06 Y:A8 S:FD P:nvUbdIzc   $C1CC: D0 FC     BNE $C1CA
A:01 X:06 Y:A8 S:FD P:nvUbdIzc   $C1CA: A5 3F     LDA $3F = #$01
A:01 X:06 Y:A8 S:FD P:nvUbdIzc   $C1CC: D0 FC     BNE $C1CA
A:01 X:06 Y:A8 S:FD P:nvUbdIzc   $C1CA: A5 3F     LDA $3F = #$01
A:01 X:06 Y:A8 S:FD P:nvUbdIzc   $C1CC: D0 FC     BNE $C1CA
A:01 X:06 Y:A8 S:FD P:nvUbdIzc   $C1CA: A5 3F     LDA $3F = #$01
A:01 X:06 Y:A8 S:FD P:nvUbdIzc   $C1CC: D0 FC     BNE $C1CA
A:01 X:06 Y:A8 S:FD P:nvUbdIzc   $C1CA: A5 3F     LDA $3F = #$01
A:01 X:06 Y:A8 S:FD P:nvUbdIzc   $C1CC: D0 FC     BNE $C1CA
A:01 X:06 Y:A8 S:FD P:nvUbdIzc   $C1CA: A5 3F     LDA $3F = #$01
A:01 X:06 Y:A8 S:FD P:nvUbdIzc   $C1CC: D0 FC     BNE $C1CA
A:01 X:06 Y:A8 S:FD P:nvUbdIzc   $C1CA: A5 3F     LDA $3F = #$01
A:01 X:06 Y:A8 S:FD P:nvUbdIzc   $C1CC: D0 FC     BNE $C1CA
A:01 X:06 Y:A8 S:FD P:nvUbdIzc   $C1CA: A5 3F     LDA $3F = #$01
A:01 X:06 Y:A8 S:FD P:nvUbdIzc   $C1CC: D0 FC     BNE $C1CA
A:01 X:06 Y:A8 S:FD P:nvUbdIzc   $C1CA: A5 3F     LDA $3F = #$01
A:01 X:06 Y:A8 S:FD P:nvUbdIzc   $C1CC: D0 FC     BNE $C1CA
A:01 X:06 Y:A8 S:FD P:nvUbdIzc   $C1CA: A5 3F     LDA $3F = #$01
A:01 X:06 Y:A8 S:FD P:nvUbdIzc   $C1CC: D0 FC     BNE $C1CA
A:01 X:06 Y:A8 S:FD P:nvUbdIzc   $C1CA: A5 3F     LDA $3F = #$01
A:01 X:06 Y:A8 S:FD P:nvUbdIzc   $C1CC: D0 FC     BNE $C1CA
A:01 X:06 Y:A8 S:FD P:nvUbdIzc   $C1CA: A5 3F     LDA $3F = #$01
A:01 X:06 Y:A8 S:FD P:nvUbdIzc   $C1CC: D0 FC     BNE $C1CA
A:01 X:06 Y:A8 S:FD P:nvUbdIzc   $C1CA: A5 3F     LDA $3F = #$01
A:01 X:06 Y:A8 S:FD P:nvUbdIzc   $C1CC: D0 FC     BNE $C1CA
A:01 X:06 Y:A8 S:FD P:nvUbdIzc   $C1CA: A5 3F     LDA $3F = #$01
A:01 X:06 Y:A8 S:FD P:nvUbdIzc   $C1CC: D0 FC     BNE $C1CA
A:01 X:06 Y:A8 S:FD P:nvUbdIzc   $C1CA: A5 3F     LDA $3F = #$01
A:01 X:06 Y:A8 S:FD P:nvUbdIzc   $C1CC: D0 FC     BNE $C1CA
A:01 X:06 Y:A8 S:FD P:nvUbdIzc   $C1CA: A5 3F     LDA $3F = #$01
A:01 X:06 Y:A8 S:FD P:nvUbdIzc   $C1CC: D0 FC     BNE $C1CA
A:01 X:06 Y:A8 S:FD P:nvUbdIzc   $C1CA: A5 3F     LDA $3F = #$01
A:01 X:06 Y:A8 S:FD P:nvUbdIzc   $C1CC: D0 FC     BNE $C1CA
A:01 X:06 Y:A8 S:FD P:nvUbdIzc   $C1CA: A5 3F     LDA $3F = #$01
A:01 X:06 Y:A8 S:FD P:nvUbdIzc   $C1CC: D0 FC     BNE $C1CA
A:01 X:06 Y:A8 S:FD P:nvUbdIzc   $C1CA: A5 3F     LDA $3F = #$01
A:01 X:06 Y:A8 S:FD P:nvUbdIzc   $C1CC: D0 FC     BNE $C1CA
A:01 X:06 Y:A8 S:FD P:nvUbdIzc   $C1CA: A5 3F     LDA $3F = #$01
A:01 X:06 Y:A8 S:FD P:nvUbdIzc   $C1CC: D0 FC     BNE $C1CA
A:01 X:06 Y:A8 S:FD P:nvUbdIzc   $C1CA: A5 3F     LDA $3F = #$01
A:01 X:06 Y:A8 S:FD P:nvUbdIzc   $C1CC: D0 FC     BNE $C1CA
A:01 X:06 Y:A8 S:FD P:nvUbdIzc   $C1CA: A5 3F     LDA $3F = #$01
A:01 X:06 Y:A8 S:FD P:nvUbdIzc   $C1CC: D0 FC     BNE $C1CA
A:01 X:06 Y:A8 S:FD P:nvUbdIzc   $C1CA: A5 3F     LDA $3F = #$01
A:01 X:06 Y:A8 S:FD P:nvUbdIzc   $C1CC: D0 FC     BNE $C1CA
A:01 X:06 Y:A8 S:FD P:nvUbdIzc   $C1CA: A5 3F     LDA $3F = #$01
A:01 X:06 Y:A8 S:FD P:nvUbdIzc   $C1CC: D0 FC     BNE $C1CA
A:01 X:06 Y:A8 S:FD P:nvUbdIzc   $C1CA: A5 3F     LDA $3F = #$01
A:01 X:06 Y:A8 S:FD P:nvUbdIzc   $C1CC: D0 FC     BNE $C1CA
A:01 X:06 Y:A8 S:FD P:nvUbdIzc   $C1CA: A5 3F     LDA $3F = #$01
A:01 X:06 Y:A8 S:FD P:nvUbdIzc   $C1CC: D0 FC     BNE $C1CA
A:01 X:06 Y:A8 S:FD P:nvUbdIzc   $C1CA: A5 3F     LDA $3F = #$01
A:01 X:06 Y:A8 S:FD P:nvUbdIzc   $C1CC: D0 FC     BNE $C1CA
A:01 X:06 Y:A8 S:FD P:nvUbdIzc   $C1CA: A5 3F     LDA $3F = #$01
A:01 X:06 Y:A8 S:FD P:nvUbdIzc   $C1CC: D0 FC     BNE $C1CA
A:01 X:06 Y:A8 S:FD P:nvUbdIzc   $C1CA: A5 3F     LDA $3F = #$01
A:01 X:06 Y:A8 S:FD P:nvUbdIzc   $C1CC: D0 FC     BNE $C1CA
A:01 X:06 Y:A8 S:FD P:nvUbdIzc   $C1CA: A5 3F     LDA $3F = #$01
A:01 X:06 Y:A8 S:FD P:nvUbdIzc   $C1CC: D0 FC     BNE $C1CA
A:01 X:06 Y:A8 S:FD P:nvUbdIzc   $C1CA: A5 3F     LDA $3F = #$01
A:01 X:06 Y:A8 S:FD P:nvUbdIzc   $C1CC: D0 FC     BNE $C1CA
A:01 X:06 Y:A8 S:FD P:nvUbdIzc   $C1CA: A5 3F     LDA $3F = #$01
A:01 X:06 Y:A8 S:FD P:nvUbdIzc   $C1CC: D0 FC     BNE $C1CA
A:01 X:06 Y:A8 S:FD P:nvUbdIzc   $C1CA: A5 3F     LDA $3F = #$01
A:01 X:06 Y:A8 S:FD P:nvUbdIzc   $C1CC: D0 FC     BNE $C1CA
A:01 X:06 Y:A8 S:FD P:nvUbdIzc   $C1CA: A5 3F     LDA $3F = #$01
A:01 X:06 Y:A8 S:FD P:nvUbdIzc   $C1CC: D0 FC     BNE $C1CA
A:01 X:06 Y:A8 S:FD P:nvUbdIzc   $C1CA: A5 3F     LDA $3F = #$01
A:01 X:06 Y:A8 S:FD P:nvUbdIzc   $C1CC: D0 FC     BNE $C1CA
A:01 X:06 Y:A8 S:FD P:nvUbdIzc   $C1CA: A5 3F     LDA $3F = #$01
A:01 X:06 Y:A8 S:FD P:nvUbdIzc   $C1CC: D0 FC     BNE $C1CA
A:01 X:06 Y:A8 S:FD P:nvUbdIzc   $C1CA: A5 3F     LDA $3F = #$01
A:01 X:06 Y:A8 S:FD P:nvUbdIzc   $C1CC: D0 FC     BNE $C1CA
A:01 X:06 Y:A8 S:FD P:nvUbdIzc   $C1CA: A5 3F     LDA $3F = #$01
A:01 X:06 Y:A8 S:FD P:nvUbdIzc   $C1CC: D0 FC     BNE $C1CA
A:01 X:06 Y:A8 S:FD P:nvUbdIzc   $C1CA: A5 3F     LDA $3F = #$01
A:01 X:06 Y:A8 S:FD P:nvUbdIzc   $C1CC: D0 FC     BNE $C1CA
A:01 X:06 Y:A8 S:FD P:nvUbdIzc   $C1CA: A5 3F     LDA $3F = #$01
A:01 X:06 Y:A8 S:FD P:nvUbdIzc   $C1CC: D0 FC     BNE $C1CA
A:01 X:06 Y:A8 S:FD P:nvUbdIzc   $C1CA: A5 3F     LDA $3F = #$01
A:01 X:06 Y:A8 S:FD P:nvUbdIzc   $C1CC: D0 FC     BNE $C1CA
A:01 X:06 Y:A8 S:FD P:nvUbdIzc   $C1CA: A5 3F     LDA $3F = #$01
A:01 X:06 Y:A8 S:FD P:nvUbdIzc   $C1CC: D0 FC     BNE $C1CA
A:01 X:06 Y:A8 S:FD P:nvUbdIzc   $C1CA: A5 3F     LDA $3F = #$01
A:01 X:06 Y:A8 S:FD P:nvUbdIzc   $C1CC: D0 FC     BNE $C1CA
A:01 X:06 Y:A8 S:FD P:nvUbdIzc   $C1CA: A5 3F     LDA $3F = #$01
A:01 X:06 Y:A8 S:FD P:nvUbdIzc   $C1CC: D0 FC     BNE $C1CA
A:01 X:06 Y:A8 S:FD P:nvUbdIzc   $C1CA: A5 3F     LDA $3F = #$01
A:01 X:06 Y:A8 S:FD P:nvUbdIzc   $C1CC: D0 FC     BNE $C1CA
A:01 X:06 Y:A8 S:FD P:nvUbdIzc   $C1CA: A5 3F     LDA $3F = #$01
A:01 X:06 Y:A8 S:FD P:nvUbdIzc   $C1CC: D0 FC     BNE $C1CA
A:01 X:06 Y:A8 S:FD P:nvUbdIzc   $C1CA: A5 3F     LDA $3F = #$01
A:01 X:06 Y:A8 S:FD P:nvUbdIzc   $C1CC: D0 FC     BNE $C1CA
A:01 X:06 Y:A8 S:FD P:nvUbdIzc   $C1CA: A5 3F     LDA $3F = #$01
A:01 X:06 Y:A8 S:FD P:nvUbdIzc   $C1CC: D0 FC     BNE $C1CA
A:01 X:06 Y:A8 S:FD P:nvUbdIzc   $C1CA: A5 3F     LDA $3F = #$01
A:01 X:06 Y:A8 S:FD P:nvUbdIzc   $C1CC: D0 FC     BNE $C1CA
A:01 X:06 Y:A8 S:FD P:nvUbdIzc   $C1CA: A5 3F     LDA $3F = #$01
A:01 X:06 Y:A8 S:FD P:nvUbdIzc   $C1CC: D0 FC     BNE $C1CA
A:01 X:06 Y:A8 S:FD P:nvUbdIzc   $C1CA: A5 3F     LDA $3F = #$01
A:01 X:06 Y:A8 S:FD P:nvUbdIzc   $C1CC: D0 FC     BNE $C1CA
A:01 X:06 Y:A8 S:FD P:nvUbdIzc   $C1CA: A5 3F     LDA $3F = #$01
A:01 X:06 Y:A8 S:FD P:nvUbdIzc   $C1CC: D0 FC     BNE $C1CA
A:01 X:06 Y:A8 S:FD P:nvUbdIzc   $C1CA: A5 3F     LDA $3F = #$01
A:01 X:06 Y:A8 S:FD P:nvUbdIzc   $C1CC: D0 FC     BNE $C1CA
A:01 X:06 Y:A8 S:FD P:nvUbdIzc   $C1CA: A5 3F     LDA $3F = #$01
A:01 X:06 Y:A8 S:FD P:nvUbdIzc   $C1CC: D0 FC     BNE $C1CA
A:01 X:06 Y:A8 S:FD P:nvUbdIzc   $C1CA: A5 3F     LDA $3F = #$01
A:01 X:06 Y:A8 S:FD P:nvUbdIzc   $C1CC: D0 FC     BNE $C1CA
A:01 X:06 Y:A8 S:FD P:nvUbdIzc   $C1CA: A5 3F     LDA $3F = #$01
A:01 X:06 Y:A8 S:FD P:nvUbdIzc   $C1CC: D0 FC     BNE $C1CA
A:01 X:06 Y:A8 S:FD P:nvUbdIzc   $C1CA: A5 3F     LDA $3F = #$01
A:01 X:06 Y:A8 S:FD P:nvUbdIzc   $C1CC: D0 FC     BNE $C1CA
A:01 X:06 Y:A8 S:FD P:nvUbdIzc   $C1CA: A5 3F     LDA $3F = #$01
A:01 X:06 Y:A8 S:FD P:nvUbdIzc   $C1CC: D0 FC     BNE $C1CA
A:01 X:06 Y:A8 S:FD P:nvUbdIzc   $C1CA: A5 3F     LDA $3F = #$01
A:01 X:06 Y:A8 S:FD P:nvUbdIzc   $C1CC: D0 FC     BNE $C1CA
A:01 X:06 Y:A8 S:FD P:nvUbdIzc   $C1CA: A5 3F     LDA $3F = #$01
A:01 X:06 Y:A8 S:FD P:nvUbdIzc   $C1CC: D0 FC     BNE $C1CA
A:01 X:06 Y:A8 S:FD P:nvUbdIzc   $C1CA: A5 3F     LDA $3F = #$01
A:01 X:06 Y:A8 S:FD P:nvUbdIzc   $C1CC: D0 FC     BNE $C1CA
A:01 X:06 Y:A8 S:FD P:nvUbdIzc   $C1CA: A5 3F     LDA $3F = #$01
A:01 X:06 Y:A8 S:FD P:nvUbdIzc   $C1CC: D0 FC     BNE $C1CA
A:01 X:06 Y:A8 S:FD P:nvUbdIzc   $C1CA: A5 3F     LDA $3F = #$01
A:01 X:06 Y:A8 S:FD P:nvUbdIzc   $C1CC: D0 FC     BNE $C1CA
A:01 X:06 Y:A8 S:FD P:nvUbdIzc   $C1CA: A5 3F     LDA $3F = #$01
A:01 X:06 Y:A8 S:FD P:nvUbdIzc   $C1CC: D0 FC     BNE $C1CA
A:01 X:06 Y:A8 S:FD P:nvUbdIzc   $C1CA: A5 3F     LDA $3F = #$01
A:01 X:06 Y:A8 S:FD P:nvUbdIzc   $C1CC: D0 FC     BNE $C1CA
A:01 X:06 Y:A8 S:FD P:nvUbdIzc   $C1CA: A5 3F     LDA $3F = #$01
A:01 X:06 Y:A8 S:FD P:nvUbdIzc   $C1CC: D0 FC     BNE $C1CA
A:01 X:06 Y:A8 S:FD P:nvUbdIzc   $C1CA: A5 3F     LDA $3F = #$01
A:01 X:06 Y:A8 S:FD P:nvUbdIzc   $C1CC: D0 FC     BNE $C1CA
A:01 X:06 Y:A8 S:FD P:nvUbdIzc   $C1CA: A5 3F     LDA $3F = #$01
A:01 X:06 Y:A8 S:FD P:nvUbdIzc   $C1CC: D0 FC     BNE $C1CA
A:01 X:06 Y:A8 S:FD P:nvUbdIzc   $C1CA: A5 3F     LDA $3F = #$01
A:01 X:06 Y:A8 S:FD P:nvUbdIzc   $C1CC: D0 FC     BNE $C1CA
A:01 X:06 Y:A8 S:FD P:nvUbdIzc   $C1CA: A5 3F     LDA $3F = #$01
A:01 X:06 Y:A8 S:FD P:nvUbdIzc   $C1CC: D0 FC     BNE $C1CA
A:01 X:06 Y:A8 S:FD P:nvUbdIzc   $C1CA: A5 3F     LDA $3F = #$01
A:01 X:06 Y:A8 S:FD P:nvUbdIzc   $C1CC: D0 FC     BNE $C1CA
A:01 X:06 Y:A8 S:FD P:nvUbdIzc   $C1CA: A5 3F     LDA $3F = #$01
A:01 X:06 Y:A8 S:FD P:nvUbdIzc   $C1CC: D0 FC     BNE $C1CA
A:01 X:06 Y:A8 S:FD P:nvUbdIzc   $C1CA: A5 3F     LDA $3F = #$01
A:01 X:06 Y:A8 S:FD P:nvUbdIzc   $C1CC: D0 FC     BNE $C1CA
A:01 X:06 Y:A8 S:FD P:nvUbdIzc   $C1CA: A5 3F     LDA $3F = #$01
A:01 X:06 Y:A8 S:FD P:nvUbdIzc   $C1CC: D0 FC     BNE $C1CA
A:01 X:06 Y:A8 S:FD P:nvUbdIzc   $C1CA: A5 3F     LDA $3F = #$01
A:01 X:06 Y:A8 S:FD P:nvUbdIzc   $C1CC: D0 FC     BNE $C1CA
A:01 X:06 Y:A8 S:FD P:nvUbdIzc   $C1CA: A5 3F     LDA $3F = #$01
A:01 X:06 Y:A8 S:FD P:nvUbdIzc   $C1CC: D0 FC     BNE $C1CA
A:01 X:06 Y:A8 S:FD P:nvUbdIzc   $C1CA: A5 3F     LDA $3F = #$01
A:01 X:06 Y:A8 S:FD P:nvUbdIzc   $C1CC: D0 FC     BNE $C1CA
A:01 X:06 Y:A8 S:FD P:nvUbdIzc   $C1CA: A5 3F     LDA $3F = #$01
A:01 X:06 Y:A8 S:FD P:nvUbdIzc   $C1CC: D0 FC     BNE $C1CA
A:01 X:06 Y:A8 S:FD P:nvUbdIzc   $C1CA: A5 3F     LDA $3F = #$01
A:01 X:06 Y:A8 S:FD P:nvUbdIzc   $C1CC: D0 FC     BNE $C1CA
A:01 X:06 Y:A8 S:FD P:nvUbdIzc   $C1CA: A5 3F     LDA $3F = #$01
A:01 X:06 Y:A8 S:FD P:nvUbdIzc   $C1CC: D0 FC     BNE $C1CA
A:01 X:06 Y:A8 S:FD P:nvUbdIzc   $C1CA: A5 3F     LDA $3F = #$01
A:01 X:06 Y:A8 S:FD P:nvUbdIzc   $C1CC: D0 FC     BNE $C1CA
A:01 X:06 Y:A8 S:FD P:nvUbdIzc   $C1CA: A5 3F     LDA $3F = #$01
A:01 X:06 Y:A8 S:FD P:nvUbdIzc   $C1CC: D0 FC     BNE $C1CA
A:01 X:06 Y:A8 S:FD P:nvUbdIzc   $C1CA: A5 3F     LDA $3F = #$01
A:01 X:06 Y:A8 S:FD P:nvUbdIzc   $C1CC: D0 FC     BNE $C1CA
A:01 X:06 Y:A8 S:FD P:nvUbdIzc   $C1CA: A5 3F     LDA $3F = #$01
A:01 X:06 Y:A8 S:FD P:nvUbdIzc   $C1CC: D0 FC     BNE $C1CA
A:01 X:06 Y:A8 S:FD P:nvUbdIzc   $C1CA: A5 3F     LDA $3F = #$01
A:01 X:06 Y:A8 S:FD P:nvUbdIzc   $C1CC: D0 FC     BNE $C1CA
A:01 X:06 Y:A8 S:FD P:nvUbdIzc   $C1CA: A5 3F     LDA $3F = #$01
A:01 X:06 Y:A8 S:FD P:nvUbdIzc   $C1CC: D0 FC     BNE $C1CA
A:01 X:06 Y:A8 S:FD P:nvUbdIzc   $C1CA: A5 3F     LDA $3F = #$01
A:01 X:06 Y:A8 S:FD P:nvUbdIzc   $C1CC: D0 FC     BNE $C1CA
A:01 X:06 Y:A8 S:FD P:nvUbdIzc   $C1CA: A5 3F     LDA $3F = #$01
A:01 X:06 Y:A8 S:FD P:nvUbdIzc   $C1CC: D0 FC     BNE $C1CA
A:01 X:06 Y:A8 S:FD P:nvUbdIzc   $C1CA: A5 3F     LDA $3F = #$01
A:01 X:06 Y:A8 S:FD P:nvUbdIzc   $C1CC: D0 FC     BNE $C1CA
A:01 X:06 Y:A8 S:FD P:nvUbdIzc   $C1CA: A5 3F     LDA $3F = #$01
A:01 X:06 Y:A8 S:FD P:nvUbdIzc   $C1CC: D0 FC     BNE $C1CA
A:01 X:06 Y:A8 S:FD P:nvUbdIzc   $C1CA: A5 3F     LDA $3F = #$01
A:01 X:06 Y:A8 S:FD P:nvUbdIzc   $C1CC: D0 FC     BNE $C1CA
A:01 X:06 Y:A8 S:FD P:nvUbdIzc   $C1CA: A5 3F     LDA $3F = #$01
A:01 X:06 Y:A8 S:FD P:nvUbdIzc   $C1CC: D0 FC     BNE $C1CA
A:01 X:06 Y:A8 S:FD P:nvUbdIzc   $C1CA: A5 3F     LDA $3F = #$01
A:01 X:06 Y:A8 S:FD P:nvUbdIzc   $C1CC: D0 FC     BNE $C1CA
A:01 X:06 Y:A8 S:FD P:nvUbdIzc   $C1CA: A5 3F     LDA $3F = #$01
A:01 X:06 Y:A8 S:FD P:nvUbdIzc   $C1CC: D0 FC     BNE $C1CA
A:01 X:06 Y:A8 S:FD P:nvUbdIzc   $C1CA: A5 3F     LDA $3F = #$01
A:01 X:06 Y:A8 S:FD P:nvUbdIzc   $C1CC: D0 FC     BNE $C1CA
A:01 X:06 Y:A8 S:FD P:nvUbdIzc   $C1CA: A5 3F     LDA $3F = #$01
A:01 X:06 Y:A8 S:FD P:nvUbdIzc   $C1CC: D0 FC     BNE $C1CA
A:01 X:06 Y:A8 S:FD P:nvUbdIzc   $C1CA: A5 3F     LDA $3F = #$01
A:01 X:06 Y:A8 S:FD P:nvUbdIzc   $C1CC: D0 FC     BNE $C1CA
A:01 X:06 Y:A8 S:FD P:nvUbdIzc   $C1CA: A5 3F     LDA $3F = #$01
A:01 X:06 Y:A8 S:FD P:nvUbdIzc   $C1CC: D0 FC     BNE $C1CA
A:01 X:06 Y:A8 S:FD P:nvUbdIzc   $C1CA: A5 3F     LDA $3F = #$01
A:01 X:06 Y:A8 S:FD P:nvUbdIzc   $C1CC: D0 FC     BNE $C1CA
A:01 X:06 Y:A8 S:FD P:nvUbdIzc   $C1CA: A5 3F     LDA $3F = #$01
A:01 X:06 Y:A8 S:FD P:nvUbdIzc   $C1CC: D0 FC     BNE $C1CA
A:01 X:06 Y:A8 S:FD P:nvUbdIzc   $C1CA: A5 3F     LDA $3F = #$01
A:01 X:06 Y:A8 S:FD P:nvUbdIzc   $C1CC: D0 FC     BNE $C1CA
A:01 X:06 Y:A8 S:FD P:nvUbdIzc   $C1CA: A5 3F     LDA $3F = #$01
A:01 X:06 Y:A8 S:FD P:nvUbdIzc   $C1CC: D0 FC     BNE $C1CA
A:01 X:06 Y:A8 S:FD P:nvUbdIzc   $C1CA: A5 3F     LDA $3F = #$01
A:01 X:06 Y:A8 S:FD P:nvUbdIzc   $C1CC: D0 FC     BNE $C1CA
A:01 X:06 Y:A8 S:FD P:nvUbdIzc   $C1CA: A5 3F     LDA $3F = #$01
A:01 X:06 Y:A8 S:FD P:nvUbdIzc   $C1CC: D0 FC     BNE $C1CA
A:01 X:06 Y:A8 S:FD P:nvUbdIzc   $C1CA: A5 3F     LDA $3F = #$01
A:01 X:06 Y:A8 S:FD P:nvUbdIzc   $C1CC: D0 FC     BNE $C1CA
A:01 X:06 Y:A8 S:FD P:nvUbdIzc   $C1CA: A5 3F     LDA $3F = #$01
A:01 X:06 Y:A8 S:FD P:nvUbdIzc   $C1CC: D0 FC     BNE $C1CA
A:01 X:06 Y:A8 S:FD P:nvUbdIzc   $C1CA: A5 3F     LDA $3F = #$01
A:01 X:06 Y:A8 S:FD P:nvUbdIzc   $C1CC: D0 FC     BNE $C1CA
A:01 X:06 Y:A8 S:FD P:nvUbdIzc   $C1CA: A5 3F     LDA $3F = #$01
A:01 X:06 Y:A8 S:FD P:nvUbdIzc   $C1CC: D0 FC     BNE $C1CA
A:01 X:06 Y:A8 S:FD P:nvUbdIzc   $C1CA: A5 3F     LDA $3F = #$01
A:01 X:06 Y:A8 S:FD P:nvUbdIzc   $C1CC: D0 FC     BNE $C1CA
A:01 X:06 Y:A8 S:FD P:nvUbdIzc   $C1CA: A5 3F     LDA $3F = #$01
A:01 X:06 Y:A8 S:FD P:nvUbdIzc   $C1CC: D0 FC     BNE $C1CA
A:01 X:06 Y:A8 S:FD P:nvUbdIzc   $C1CA: A5 3F     LDA $3F = #$01
A:01 X:06 Y:A8 S:FD P:nvUbdIzc   $C1CC: D0 FC     BNE $C1CA
A:01 X:06 Y:A8 S:FD P:nvUbdIzc   $C1CA: A5 3F     LDA $3F = #$01
A:01 X:06 Y:A8 S:FD P:nvUbdIzc   $C1CC: D0 FC     BNE $C1CA
A:01 X:06 Y:A8 S:FD P:nvUbdIzc   $C1CA: A5 3F     LDA $3F = #$01
A:01 X:06 Y:A8 S:FD P:nvUbdIzc   $C1CC: D0 FC     BNE $C1CA
A:01 X:06 Y:A8 S:FD P:nvUbdIzc   $C1CA: A5 3F     LDA $3F = #$01
A:01 X:06 Y:A8 S:FD P:nvUbdIzc   $C1CC: D0 FC     BNE $C1CA
A:01 X:06 Y:A8 S:FD P:nvUbdIzc   $C1CA: A5 3F     LDA $3F = #$01
A:01 X:06 Y:A8 S:FD P:nvUbdIzc   $C1CC: D0 FC     BNE $C1CA
A:01 X:06 Y:A8 S:FD P:nvUbdIzc   $C1CA: A5 3F     LDA $3F = #$01
A:01 X:06 Y:A8 S:FD P:nvUbdIzc   $C1CC: D0 FC     BNE $C1CA
A:01 X:06 Y:A8 S:FD P:nvUbdIzc   $C1CA: A5 3F     LDA $3F = #$01
A:01 X:06 Y:A8 S:FD P:nvUbdIzc   $C1CC: D0 FC     BNE $C1CA
A:01 X:06 Y:A8 S:FD P:nvUbdIzc   $C1CA: A5 3F     LDA $3F = #$01
A:01 X:06 Y:A8 S:FD P:nvUbdIzc   $C1CC: D0 FC     BNE $C1CA
A:01 X:06 Y:A8 S:FD P:nvUbdIzc   $C1CA: A5 3F     LDA $3F = #$01
A:01 X:06 Y:A8 S:FD P:nvUbdIzc   $C1CC: D0 FC     BNE $C1CA
A:01 X:06 Y:A8 S:FD P:nvUbdIzc   $C1CA: A5 3F     LDA $3F = #$01
A:01 X:06 Y:A8 S:FD P:nvUbdIzc   $C1CC: D0 FC     BNE $C1CA
A:01 X:06 Y:A8 S:FD P:nvUbdIzc   $C1CA: A5 3F     LDA $3F = #$01
A:01 X:06 Y:A8 S:FD P:nvUbdIzc   $C1CC: D0 FC     BNE $C1CA
A:01 X:06 Y:A8 S:FD P:nvUbdIzc   $C1CA: A5 3F     LDA $3F = #$01
A:01 X:06 Y:A8 S:FD P:nvUbdIzc   $C1CC: D0 FC     BNE $C1CA
A:01 X:06 Y:A8 S:FD P:nvUbdIzc   $C1CA: A5 3F     LDA $3F = #$01
A:01 X:06 Y:A8 S:FD P:nvUbdIzc   $C1CC: D0 FC     BNE $C1CA
A:01 X:06 Y:A8 S:FD P:nvUbdIzc   $C1CA: A5 3F     LDA $3F = #$01
A:01 X:06 Y:A8 S:FD P:nvUbdIzc   $C1CC: D0 FC     BNE $C1CA
A:01 X:06 Y:A8 S:FD P:nvUbdIzc   $C1CA: A5 3F     LDA $3F = #$01
A:01 X:06 Y:A8 S:FD P:nvUbdIzc   $C1CC: D0 FC     BNE $C1CA
A:01 X:06 Y:A8 S:FD P:nvUbdIzc   $C1CA: A5 3F     LDA $3F = #$01
A:01 X:06 Y:A8 S:FD P:nvUbdIzc   $C1CC: D0 FC     BNE $C1CA
A:01 X:06 Y:A8 S:FD P:nvUbdIzc   $C1CA: A5 3F     LDA $3F = #$01
A:01 X:06 Y:A8 S:FD P:nvUbdIzc   $C1CC: D0 FC     BNE $C1CA
A:01 X:06 Y:A8 S:FD P:nvUbdIzc   $C1CA: A5 3F     LDA $3F = #$01
A:01 X:06 Y:A8 S:FD P:nvUbdIzc   $C1CC: D0 FC     BNE $C1CA
A:01 X:06 Y:A8 S:FD P:nvUbdIzc   $C1CA: A5 3F     LDA $3F = #$01
A:01 X:06 Y:A8 S:FD P:nvUbdIzc   $C1CC: D0 FC     BNE $C1CA
A:01 X:06 Y:A8 S:FD P:nvUbdIzc   $C1CA: A5 3F     LDA $3F = #$01
A:01 X:06 Y:A8 S:FD P:nvUbdIzc   $C1CC: D0 FC     BNE $C1CA
A:01 X:06 Y:A8 S:FD P:nvUbdIzc   $C1CA: A5 3F     LDA $3F = #$01
A:01 X:06 Y:A8 S:FD P:nvUbdIzc   $C1CC: D0 FC     BNE $C1CA
A:01 X:06 Y:A8 S:FD P:nvUbdIzc   $C1CA: A5 3F     LDA $3F = #$01
A:01 X:06 Y:A8 S:FD P:nvUbdIzc   $C1CC: D0 FC     BNE $C1CA
A:01 X:06 Y:A8 S:FD P:nvUbdIzc   $C1CA: A5 3F     LDA $3F = #$01
A:01 X:06 Y:A8 S:FD P:nvUbdIzc   $C1CC: D0 FC     BNE $C1CA
A:01 X:06 Y:A8 S:FD P:nvUbdIzc   $C1CA: A5 3F     LDA $3F = #$01
A:01 X:06 Y:A8 S:FD P:nvUbdIzc   $C1CC: D0 FC     BNE $C1CA
A:01 X:06 Y:A8 S:FD P:nvUbdIzc   $C1CA: A5 3F     LDA $3F = #$01
A:01 X:06 Y:A8 S:FD P:nvUbdIzc   $C1CC: D0 FC     BNE $C1CA
A:01 X:06 Y:A8 S:FD P:nvUbdIzc   $C1CA: A5 3F     LDA $3F = #$01
A:01 X:06 Y:A8 S:FD P:nvUbdIzc   $C1CC: D0 FC     BNE $C1CA
A:01 X:06 Y:A8 S:FD P:nvUbdIzc   $C1CA: A5 3F     LDA $3F = #$01
A:01 X:06 Y:A8 S:FD P:nvUbdIzc   $C1CC: D0 FC     BNE $C1CA
A:01 X:06 Y:A8 S:FD P:nvUbdIzc   $C1CA: A5 3F     LDA $3F = #$01
A:01 X:06 Y:A8 S:FD P:nvUbdIzc   $C1CC: D0 FC     BNE $C1CA
A:01 X:06 Y:A8 S:FD P:nvUbdIzc   $C1CA: A5 3F     LDA $3F = #$01
A:01 X:06 Y:A8 S:FD P:nvUbdIzc   $C1CC: D0 FC     BNE $C1CA
A:01 X:06 Y:A8 S:FD P:nvUbdIzc   $C1CA: A5 3F     LDA $3F = #$01
A:01 X:06 Y:A8 S:FD P:nvUbdIzc   $C1CC: D0 FC     BNE $C1CA
A:01 X:06 Y:A8 S:FD P:nvUbdIzc   $C1CA: A5 3F     LDA $3F = #$01
A:01 X:06 Y:A8 S:FD P:nvUbdIzc   $C1CC: D0 FC     BNE $C1CA
A:01 X:06 Y:A8 S:FD P:nvUbdIzc   $C1CA: A5 3F     LDA $3F = #$01
A:01 X:06 Y:A8 S:FD P:nvUbdIzc   $C1CC: D0 FC     BNE $C1CA
A:01 X:06 Y:A8 S:FD P:nvUbdIzc   $C1CA: A5 3F     LDA $3F = #$01
A:01 X:06 Y:A8 S:FD P:nvUbdIzc   $C1CC: D0 FC     BNE $C1CA
A:01 X:06 Y:A8 S:FD P:nvUbdIzc   $C1CA: A5 3F     LDA $3F = #$01
A:01 X:06 Y:A8 S:FD P:nvUbdIzc   $C1CC: D0 FC     BNE $C1CA
A:01 X:06 Y:A8 S:FD P:nvUbdIzc   $C1CA: A5 3F     LDA $3F = #$01
A:01 X:06 Y:A8 S:FD P:nvUbdIzc   $C1CC: D0 FC     BNE $C1CA
A:01 X:06 Y:A8 S:FD P:nvUbdIzc   $C1CA: A5 3F     LDA $3F = #$01
A:01 X:06 Y:A8 S:FD P:nvUbdIzc   $C1CC: D0 FC     BNE $C1CA
A:01 X:06 Y:A8 S:FD P:nvUbdIzc   $C1CA: A5 3F     LDA $3F = #$01
A:01 X:06 Y:A8 S:FD P:nvUbdIzc   $C1CC: D0 FC     BNE $C1CA
A:01 X:06 Y:A8 S:FD P:nvUbdIzc   $C1CA: A5 3F     LDA $3F = #$01
A:01 X:06 Y:A8 S:FD P:nvUbdIzc   $C1CC: D0 FC     BNE $C1CA
A:01 X:06 Y:A8 S:FD P:nvUbdIzc   $C1CA: A5 3F     LDA $3F = #$01
A:01 X:06 Y:A8 S:FD P:nvUbdIzc   $C1CC: D0 FC     BNE $C1CA
A:01 X:06 Y:A8 S:FD P:nvUbdIzc   $C1CA: A5 3F     LDA $3F = #$01
A:01 X:06 Y:A8 S:FD P:nvUbdIzc   $C1CC: D0 FC     BNE $C1CA
A:01 X:06 Y:A8 S:FD P:nvUbdIzc   $C1CA: A5 3F     LDA $3F = #$01
A:01 X:06 Y:A8 S:FD P:nvUbdIzc   $C1CC: D0 FC     BNE $C1CA
A:01 X:06 Y:A8 S:FD P:nvUbdIzc   $C1CA: A5 3F     LDA $3F = #$01
A:01 X:06 Y:A8 S:FD P:nvUbdIzc   $C1CC: D0 FC     BNE $C1CA
A:01 X:06 Y:A8 S:FD P:nvUbdIzc   $C1CA: A5 3F     LDA $3F = #$01
A:01 X:06 Y:A8 S:FD P:nvUbdIzc   $C1CC: D0 FC     BNE $C1CA
A:01 X:06 Y:A8 S:FD P:nvUbdIzc   $C1CA: A5 3F     LDA $3F = #$01
A:01 X:06 Y:A8 S:FD P:nvUbdIzc   $C1CC: D0 FC     BNE $C1CA
A:01 X:06 Y:A8 S:FD P:nvUbdIzc   $C1CA: A5 3F     LDA $3F = #$01
A:01 X:06 Y:A8 S:FD P:nvUbdIzc   $C1CC: D0 FC     BNE $C1CA
A:01 X:06 Y:A8 S:FD P:nvUbdIzc   $C1CA: A5 3F     LDA $3F = #$01
A:01 X:06 Y:A8 S:FD P:nvUbdIzc   $C1CC: D0 FC     BNE $C1CA
A:01 X:06 Y:A8 S:FD P:nvUbdIzc   $C1CA: A5 3F     LDA $3F = #$01
A:01 X:06 Y:A8 S:FD P:nvUbdIzc   $C1CC: D0 FC     BNE $C1CA
A:01 X:06 Y:A8 S:FD P:nvUbdIzc   $C1CA: A5 3F     LDA $3F = #$01
A:01 X:06 Y:A8 S:FD P:nvUbdIzc   $C1CC: D0 FC     BNE $C1CA
A:01 X:06 Y:A8 S:FD P:nvUbdIzc   $C1CA: A5 3F     LDA $3F = #$01
A:01 X:06 Y:A8 S:FD P:nvUbdIzc   $C1CC: D0 FC     BNE $C1CA
A:01 X:06 Y:A8 S:FD P:nvUbdIzc   $C1CA: A5 3F     LDA $3F = #$01
A:01 X:06 Y:A8 S:FD P:nvUbdIzc   $C1CC: D0 FC     BNE $C1CA
A:01 X:06 Y:A8 S:FD P:nvUbdIzc   $C1CA: A5 3F     LDA $3F = #$01
A:01 X:06 Y:A8 S:FD P:nvUbdIzc   $C1CC: D0 FC     BNE $C1CA
A:01 X:06 Y:A8 S:FD P:nvUbdIzc   $C1CA: A5 3F     LDA $3F = #$01
A:01 X:06 Y:A8 S:FD P:nvUbdIzc   $C1CC: D0 FC     BNE $C1CA
A:01 X:06 Y:A8 S:FD P:nvUbdIzc   $C1CA: A5 3F     LDA $3F = #$01
A:01 X:06 Y:A8 S:FD P:nvUbdIzc   $C1CC: D0 FC     BNE $C1CA
A:01 X:06 Y:A8 S:FD P:nvUbdIzc   $C1CA: A5 3F     LDA $3F = #$01
A:01 X:06 Y:A8 S:FD P:nvUbdIzc   $C1CC: D0 FC     BNE $C1CA
A:01 X:06 Y:A8 S:FD P:nvUbdIzc   $C1CA: A5 3F     LDA $3F = #$01
A:01 X:06 Y:A8 S:FD P:nvUbdIzc   $C1CC: D0 FC     BNE $C1CA
A:01 X:06 Y:A8 S:FD P:nvUbdIzc   $C1CA: A5 3F     LDA $3F = #$01
A:01 X:06 Y:A8 S:FD P:nvUbdIzc   $C1CC: D0 FC     BNE $C1CA
A:01 X:06 Y:A8 S:FD P:nvUbdIzc   $C1CA: A5 3F     LDA $3F = #$01
A:01 X:06 Y:A8 S:FD P:nvUbdIzc   $C1CC: D0 FC     BNE $C1CA
A:01 X:06 Y:A8 S:FD P:nvUbdIzc   $C1CA: A5 3F     LDA $3F = #$01
A:01 X:06 Y:A8 S:FD P:nvUbdIzc   $C1CC: D0 FC     BNE $C1CA
A:01 X:06 Y:A8 S:FD P:nvUbdIzc   $C1CA: A5 3F     LDA $3F = #$01
A:01 X:06 Y:A8 S:FD P:nvUbdIzc   $C1CC: D0 FC     BNE $C1CA
A:01 X:06 Y:A8 S:FD P:nvUbdIzc   $C1CA: A5 3F     LDA $3F = #$01
A:01 X:06 Y:A8 S:FD P:nvUbdIzc   $C1CC: D0 FC     BNE $C1CA
A:01 X:06 Y:A8 S:FD P:nvUbdIzc   $C1CA: A5 3F     LDA $3F = #$01
A:01 X:06 Y:A8 S:FD P:nvUbdIzc   $C1CC: D0 FC     BNE $C1CA
A:01 X:06 Y:A8 S:FD P:nvUbdIzc   $C1CA: A5 3F     LDA $3F = #$01
A:01 X:06 Y:A8 S:FD P:nvUbdIzc   $C1CC: D0 FC     BNE $C1CA
A:01 X:06 Y:A8 S:FD P:nvUbdIzc   $C1CA: A5 3F     LDA $3F = #$01
A:01 X:06 Y:A8 S:FD P:nvUbdIzc   $C1CC: D0 FC     BNE $C1CA
A:01 X:06 Y:A8 S:FD P:nvUbdIzc   $C1CA: A5 3F     LDA $3F = #$01
A:01 X:06 Y:A8 S:FD P:nvUbdIzc   $C1CC: D0 FC     BNE $C1CA
A:01 X:06 Y:A8 S:FD P:nvUbdIzc   $C1CA: A5 3F     LDA $3F = #$01
A:01 X:06 Y:A8 S:FD P:nvUbdIzc   $C1CC: D0 FC     BNE $C1CA
A:01 X:06 Y:A8 S:FD P:nvUbdIzc   $C1CA: A5 3F     LDA $3F = #$01
A:01 X:06 Y:A8 S:FD P:nvUbdIzc   $C1CC: D0 FC     BNE $C1CA
A:01 X:06 Y:A8 S:FD P:nvUbdIzc   $C1CA: A5 3F     LDA $3F = #$01
A:01 X:06 Y:A8 S:FD P:nvUbdIzc   $C1CC: D0 FC     BNE $C1CA
A:01 X:06 Y:A8 S:FD P:nvUbdIzc   $C1CA: A5 3F     LDA $3F = #$01
A:01 X:06 Y:A8 S:FD P:nvUbdIzc   $C1CC: D0 FC     BNE $C1CA
A:01 X:06 Y:A8 S:FD P:nvUbdIzc   $C1CA: A5 3F     LDA $3F = #$01
A:01 X:06 Y:A8 S:FD P:nvUbdIzc   $C1CC: D0 FC     BNE $C1CA
A:01 X:06 Y:A8 S:FD P:nvUbdIzc   $C1CA: A5 3F     LDA $3F = #$01
A:01 X:06 Y:A8 S:FD P:nvUbdIzc   $C1CC: D0 FC     BNE $C1CA
A:01 X:06 Y:A8 S:FD P:nvUbdIzc   $C1CA: A5 3F     LDA $3F = #$01
A:01 X:06 Y:A8 S:FD P:nvUbdIzc   $C1CC: D0 FC     BNE $C1CA
A:01 X:06 Y:A8 S:FD P:nvUbdIzc   $C1CA: A5 3F     LDA $3F = #$01
A:01 X:06 Y:A8 S:FD P:nvUbdIzc   $C1CC: D0 FC     BNE $C1CA
A:01 X:06 Y:A8 S:FD P:nvUbdIzc   $C1CA: A5 3F     LDA $3F = #$01
A:01 X:06 Y:A8 S:FD P:nvUbdIzc   $C1CC: D0 FC     BNE $C1CA
A:01 X:06 Y:A8 S:FD P:nvUbdIzc   $C1CA: A5 3F     LDA $3F = #$01
A:01 X:06 Y:A8 S:FD P:nvUbdIzc   $C1CC: D0 FC     BNE $C1CA
A:01 X:06 Y:A8 S:FD P:nvUbdIzc   $C1CA: A5 3F     LDA $3F = #$01
A:01 X:06 Y:A8 S:FD P:nvUbdIzc   $C1CC: D0 FC     BNE $C1CA
A:01 X:06 Y:A8 S:FD P:nvUbdIzc   $C1CA: A5 3F     LDA $3F = #$01
A:01 X:06 Y:A8 S:FD P:nvUbdIzc   $C1CC: D0 FC     BNE $C1CA
A:01 X:06 Y:A8 S:FD P:nvUbdIzc   $C1CA: A5 3F     LDA $3F = #$01
A:01 X:06 Y:A8 S:FD P:nvUbdIzc   $C1CC: D0 FC     BNE $C1CA
A:01 X:06 Y:A8 S:FD P:nvUbdIzc   $C1CA: A5 3F     LDA $3F = #$01
A:01 X:06 Y:A8 S:FD P:nvUbdIzc   $C1CC: D0 FC     BNE $C1CA
A:01 X:06 Y:A8 S:FD P:nvUbdIzc   $C1CA: A5 3F     LDA $3F = #$01
A:01 X:06 Y:A8 S:FD P:nvUbdIzc   $C1CC: D0 FC     BNE $C1CA
A:01 X:06 Y:A8 S:FD P:nvUbdIzc   $C1CA: A5 3F     LDA $3F = #$01
A:01 X:06 Y:A8 S:FD P:nvUbdIzc   $C1CC: D0 FC     BNE $C1CA
A:01 X:06 Y:A8 S:FD P:nvUbdIzc   $C1CA: A5 3F     LDA $3F = #$01
A:01 X:06 Y:A8 S:FD P:nvUbdIzc   $C1CC: D0 FC     BNE $C1CA
A:01 X:06 Y:A8 S:FD P:nvUbdIzc   $C1CA: A5 3F     LDA $3F = #$01
A:01 X:06 Y:A8 S:FD P:nvUbdIzc   $C1CC: D0 FC     BNE $C1CA
A:01 X:06 Y:A8 S:FD P:nvUbdIzc   $C1CA: A5 3F     LDA $3F = #$01
A:01 X:06 Y:A8 S:FD P:nvUbdIzc   $C1CC: D0 FC     BNE $C1CA
A:01 X:06 Y:A8 S:FD P:nvUbdIzc   $C1CA: A5 3F     LDA $3F = #$01
A:01 X:06 Y:A8 S:FD P:nvUbdIzc   $C1CC: D0 FC     BNE $C1CA
A:01 X:06 Y:A8 S:FD P:nvUbdIzc   $C1CA: A5 3F     LDA $3F = #$01
A:01 X:06 Y:A8 S:FD P:nvUbdIzc   $C1CC: D0 FC     BNE $C1CA
A:01 X:06 Y:A8 S:FD P:nvUbdIzc   $C1CA: A5 3F     LDA $3F = #$01
A:01 X:06 Y:A8 S:FD P:nvUbdIzc   $C1CC: D0 FC     BNE $C1CA
A:01 X:06 Y:A8 S:FD P:nvUbdIzc   $C1CA: A5 3F     LDA $3F = #$01
A:01 X:06 Y:A8 S:FD P:nvUbdIzc   $C1CC: D0 FC     BNE $C1CA
A:01 X:06 Y:A8 S:FD P:nvUbdIzc   $C1CA: A5 3F     LDA $3F = #$01
A:01 X:06 Y:A8 S:FD P:nvUbdIzc   $C1CC: D0 FC     BNE $C1CA
A:01 X:06 Y:A8 S:FD P:nvUbdIzc   $C1CA: A5 3F     LDA $3F = #$01
A:01 X:06 Y:A8 S:FD P:nvUbdIzc   $C1CC: D0 FC     BNE $C1CA
A:01 X:06 Y:A8 S:FD P:nvUbdIzc   $C1CA: A5 3F     LDA $3F = #$01
A:01 X:06 Y:A8 S:FD P:nvUbdIzc   $C1CC: D0 FC     BNE $C1CA
A:01 X:06 Y:A8 S:FD P:nvUbdIzc   $C1CA: A5 3F     LDA $3F = #$01
A:01 X:06 Y:A8 S:FD P:nvUbdIzc   $C1CC: D0 FC     BNE $C1CA
A:01 X:06 Y:A8 S:FD P:nvUbdIzc   $C1CA: A5 3F     LDA $3F = #$01
A:01 X:06 Y:A8 S:FD P:nvUbdIzc   $C1CC: D0 FC     BNE $C1CA
A:01 X:06 Y:A8 S:FD P:nvUbdIzc   $C1CA: A5 3F     LDA $3F = #$01
A:01 X:06 Y:A8 S:FD P:nvUbdIzc   $C1CC: D0 FC     BNE $C1CA
A:01 X:06 Y:A8 S:FD P:nvUbdIzc   $C1CA: A5 3F     LDA $3F = #$01
A:01 X:06 Y:A8 S:FD P:nvUbdIzc   $C1CC: D0 FC     BNE $C1CA
A:01 X:06 Y:A8 S:FD P:nvUbdIzc   $C1CA: A5 3F     LDA $3F = #$01
A:01 X:06 Y:A8 S:FD P:nvUbdIzc   $C1CC: D0 FC     BNE $C1CA
A:01 X:06 Y:A8 S:FD P:nvUbdIzc   $C1CA: A5 3F     LDA $3F = #$01
A:01 X:06 Y:A8 S:FD P:nvUbdIzc   $C1CC: D0 FC     BNE $C1CA
A:01 X:06 Y:A8 S:FD P:nvUbdIzc   $C1CA: A5 3F     LDA $3F = #$01
A:01 X:06 Y:A8 S:FD P:nvUbdIzc   $C1CC: D0 FC     BNE $C1CA
A:01 X:06 Y:A8 S:FD P:nvUbdIzc   $C1CA: A5 3F     LDA $3F = #$01
A:01 X:06 Y:A8 S:FD P:nvUbdIzc   $C1CC: D0 FC     BNE $C1CA
A:01 X:06 Y:A8 S:FD P:nvUbdIzc   $C1CA: A5 3F     LDA $3F = #$01
A:01 X:06 Y:A8 S:FD P:nvUbdIzc   $C1CC: D0 FC     BNE $C1CA
A:01 X:06 Y:A8 S:FD P:nvUbdIzc   $C1CA: A5 3F     LDA $3F = #$01
A:01 X:06 Y:A8 S:FD P:nvUbdIzc   $C1CC: D0 FC     BNE $C1CA
A:01 X:06 Y:A8 S:FD P:nvUbdIzc   $C1CA: A5 3F     LDA $3F = #$01
A:01 X:06 Y:A8 S:FD P:nvUbdIzc   $C1CC: D0 FC     BNE $C1CA
A:01 X:06 Y:A8 S:FD P:nvUbdIzc   $C1CA: A5 3F     LDA $3F = #$01
A:01 X:06 Y:A8 S:FD P:nvUbdIzc   $C1CC: D0 FC     BNE $C1CA
A:01 X:06 Y:A8 S:FD P:nvUbdIzc   $C1CA: A5 3F     LDA $3F = #$01
A:01 X:06 Y:A8 S:FD P:nvUbdIzc   $C1CC: D0 FC     BNE $C1CA
A:01 X:06 Y:A8 S:FD P:nvUbdIzc   $C1CA: A5 3F     LDA $3F = #$01
A:01 X:06 Y:A8 S:FD P:nvUbdIzc   $C1CC: D0 FC     BNE $C1CA
A:01 X:06 Y:A8 S:FD P:nvUbdIzc   $C1CA: A5 3F     LDA $3F = #$01
A:01 X:06 Y:A8 S:FD P:nvUbdIzc   $C1CC: D0 FC     BNE $C1CA
A:01 X:06 Y:A8 S:FD P:nvUbdIzc   $C1CA: A5 3F     LDA $3F = #$01
A:01 X:06 Y:A8 S:FD P:nvUbdIzc   $C1CC: D0 FC     BNE $C1CA
A:01 X:06 Y:A8 S:FD P:nvUbdIzc   $C1CA: A5 3F     LDA $3F = #$01
A:01 X:06 Y:A8 S:FD P:nvUbdIzc   $C1CC: D0 FC     BNE $C1CA
A:01 X:06 Y:A8 S:FD P:nvUbdIzc   $C1CA: A5 3F     LDA $3F = #$01
A:01 X:06 Y:A8 S:FD P:nvUbdIzc   $C1CC: D0 FC     BNE $C1CA
A:01 X:06 Y:A8 S:FD P:nvUbdIzc   $C1CA: A5 3F     LDA $3F = #$01
A:01 X:06 Y:A8 S:FD P:nvUbdIzc   $C1CC: D0 FC     BNE $C1CA
A:01 X:06 Y:A8 S:FD P:nvUbdIzc   $C1CA: A5 3F     LDA $3F = #$01
A:01 X:06 Y:A8 S:FD P:nvUbdIzc   $C1CC: D0 FC     BNE $C1CA
A:01 X:06 Y:A8 S:FD P:nvUbdIzc   $C1CA: A5 3F     LDA $3F = #$01
A:01 X:06 Y:A8 S:FD P:nvUbdIzc   $C1CC: D0 FC     BNE $C1CA
A:01 X:06 Y:A8 S:FD P:nvUbdIzc   $C1CA: A5 3F     LDA $3F = #$01
A:01 X:06 Y:A8 S:FD P:nvUbdIzc   $C1CC: D0 FC     BNE $C1CA
A:01 X:06 Y:A8 S:FD P:nvUbdIzc   $C1CA: A5 3F     LDA $3F = #$01
A:01 X:06 Y:A8 S:FD P:nvUbdIzc   $C1CC: D0 FC     BNE $C1CA
A:01 X:06 Y:A8 S:FD P:nvUbdIzc   $C1CA: A5 3F     LDA $3F = #$01
A:01 X:06 Y:A8 S:FD P:nvUbdIzc   $C1CC: D0 FC     BNE $C1CA
A:01 X:06 Y:A8 S:FD P:nvUbdIzc   $C1CA: A5 3F     LDA $3F = #$01
A:01 X:06 Y:A8 S:FD P:nvUbdIzc   $C1CC: D0 FC     BNE $C1CA
A:01 X:06 Y:A8 S:FD P:nvUbdIzc   $C1CA: A5 3F     LDA $3F = #$01
A:01 X:06 Y:A8 S:FD P:nvUbdIzc   $C1CC: D0 FC     BNE $C1CA
A:01 X:06 Y:A8 S:FD P:nvUbdIzc   $C1CA: A5 3F     LDA $3F = #$01
A:01 X:06 Y:A8 S:FD P:nvUbdIzc   $C1CC: D0 FC     BNE $C1CA
A:01 X:06 Y:A8 S:FD P:nvUbdIzc   $C1CA: A5 3F     LDA $3F = #$01
A:01 X:06 Y:A8 S:FD P:nvUbdIzc   $C1CC: D0 FC     BNE $C1CA
A:01 X:06 Y:A8 S:FD P:nvUbdIzc   $C1CA: A5 3F     LDA $3F = #$01
A:01 X:06 Y:A8 S:FD P:nvUbdIzc   $C1CC: D0 FC     BNE $C1CA
A:01 X:06 Y:A8 S:FD P:nvUbdIzc   $C1CA: A5 3F     LDA $3F = #$01
A:01 X:06 Y:A8 S:FD P:nvUbdIzc   $C1CC: D0 FC     BNE $C1CA
A:01 X:06 Y:A8 S:FD P:nvUbdIzc   $C1CA: A5 3F     LDA $3F = #$01
A:01 X:06 Y:A8 S:FD P:nvUbdIzc   $C1CC: D0 FC     BNE $C1CA
A:01 X:06 Y:A8 S:FD P:nvUbdIzc   $C1CA: A5 3F     LDA $3F = #$01
A:01 X:06 Y:A8 S:FD P:nvUbdIzc   $C1CC: D0 FC     BNE $C1CA
A:01 X:06 Y:A8 S:FD P:nvUbdIzc   $C1CA: A5 3F     LDA $3F = #$01
A:01 X:06 Y:A8 S:FD P:nvUbdIzc   $C1CC: D0 FC     BNE $C1CA
A:01 X:06 Y:A8 S:FD P:nvUbdIzc   $C1CA: A5 3F     LDA $3F = #$01
A:01 X:06 Y:A8 S:FD P:nvUbdIzc   $C1CC: D0 FC     BNE $C1CA
A:01 X:06 Y:A8 S:FD P:nvUbdIzc   $C1CA: A5 3F     LDA $3F = #$01
A:01 X:06 Y:A8 S:FD P:nvUbdIzc   $C1CC: D0 FC     BNE $C1CA
A:01 X:06 Y:A8 S:FD P:nvUbdIzc   $C1CA: A5 3F     LDA $3F = #$01
A:01 X:06 Y:A8 S:FD P:nvUbdIzc   $C1CC: D0 FC     BNE $C1CA
A:01 X:06 Y:A8 S:FD P:nvUbdIzc   $C1CA: A5 3F     LDA $3F = #$01
A:01 X:06 Y:A8 S:FD P:nvUbdIzc   $C1CC: D0 FC     BNE $C1CA
A:01 X:06 Y:A8 S:FD P:nvUbdIzc   $C1CA: A5 3F     LDA $3F = #$01
A:01 X:06 Y:A8 S:FD P:nvUbdIzc   $C1CC: D0 FC     BNE $C1CA
A:01 X:06 Y:A8 S:FD P:nvUbdIzc   $C1CA: A5 3F     LDA $3F = #$01
A:01 X:06 Y:A8 S:FD P:nvUbdIzc   $C1CC: D0 FC     BNE $C1CA
A:01 X:06 Y:A8 S:FD P:nvUbdIzc   $C1CA: A5 3F     LDA $3F = #$01
A:01 X:06 Y:A8 S:FD P:nvUbdIzc   $C1CC: D0 FC     BNE $C1CA
A:01 X:06 Y:A8 S:FD P:nvUbdIzc   $C1CA: A5 3F     LDA $3F = #$01
A:01 X:06 Y:A8 S:FD P:nvUbdIzc   $C1CC: D0 FC     BNE $C1CA
A:01 X:06 Y:A8 S:FD P:nvUbdIzc   $C1CA: A5 3F     LDA $3F = #$01
A:01 X:06 Y:A8 S:FD P:nvUbdIzc   $C1CC: D0 FC     BNE $C1CA
A:01 X:06 Y:A8 S:FD P:nvUbdIzc   $C1CA: A5 3F     LDA $3F = #$01
A:01 X:06 Y:A8 S:FD P:nvUbdIzc   $C1CC: D0 FC     BNE $C1CA
A:01 X:06 Y:A8 S:FD P:nvUbdIzc   $C1CA: A5 3F     LDA $3F = #$01
A:01 X:06 Y:A8 S:FD P:nvUbdIzc   $C1CC: D0 FC     BNE $C1CA
A:01 X:06 Y:A8 S:FD P:nvUbdIzc   $C1CA: A5 3F     LDA $3F = #$01
A:01 X:06 Y:A8 S:FD P:nvUbdIzc   $C1CC: D0 FC     BNE $C1CA
A:01 X:06 Y:A8 S:FD P:nvUbdIzc   $C1CA: A5 3F     LDA $3F = #$01
A:01 X:06 Y:A8 S:FD P:nvUbdIzc   $C1CC: D0 FC     BNE $C1CA
A:01 X:06 Y:A8 S:FD P:nvUbdIzc   $C1CA: A5 3F     LDA $3F = #$01
A:01 X:06 Y:A8 S:FD P:nvUbdIzc   $C1CC: D0 FC     BNE $C1CA
A:01 X:06 Y:A8 S:FD P:nvUbdIzc   $C1CA: A5 3F     LDA $3F = #$01
A:01 X:06 Y:A8 S:FD P:nvUbdIzc   $C1CC: D0 FC     BNE $C1CA
A:01 X:06 Y:A8 S:FD P:nvUbdIzc   $C1CA: A5 3F     LDA $3F = #$01
A:01 X:06 Y:A8 S:FD P:nvUbdIzc   $C1CC: D0 FC     BNE $C1CA
A:01 X:06 Y:A8 S:FD P:nvUbdIzc   $C1CA: A5 3F     LDA $3F = #$01
A:01 X:06 Y:A8 S:FD P:nvUbdIzc   $C1CC: D0 FC     BNE $C1CA
A:01 X:06 Y:A8 S:FD P:nvUbdIzc   $C1CA: A5 3F     LDA $3F = #$01
A:01 X:06 Y:A8 S:FD P:nvUbdIzc   $C1CC: D0 FC     BNE $C1CA
A:01 X:06 Y:A8 S:FD P:nvUbdIzc   $C1CA: A5 3F     LDA $3F = #$01
A:01 X:06 Y:A8 S:FD P:nvUbdIzc   $C1CC: D0 FC     BNE $C1CA
A:01 X:06 Y:A8 S:FD P:nvUbdIzc   $C1CA: A5 3F     LDA $3F = #$01
A:01 X:06 Y:A8 S:FD P:nvUbdIzc   $C1CC: D0 FC     BNE $C1CA
A:01 X:06 Y:A8 S:FD P:nvUbdIzc   $C1CA: A5 3F     LDA $3F = #$01
A:01 X:06 Y:A8 S:FD P:nvUbdIzc   $C1CC: D0 FC     BNE $C1CA
A:01 X:06 Y:A8 S:FD P:nvUbdIzc   $C1CA: A5 3F     LDA $3F = #$01
A:01 X:06 Y:A8 S:FD P:nvUbdIzc   $C1CC: D0 FC     BNE $C1CA
A:01 X:06 Y:A8 S:FD P:nvUbdIzc   $C1CA: A5 3F     LDA $3F = #$01
A:01 X:06 Y:A8 S:FD P:nvUbdIzc   $C1CC: D0 FC     BNE $C1CA
A:01 X:06 Y:A8 S:FD P:nvUbdIzc   $C1CA: A5 3F     LDA $3F = #$01
A:01 X:06 Y:A8 S:FD P:nvUbdIzc   $C1CC: D0 FC     BNE $C1CA
A:01 X:06 Y:A8 S:FD P:nvUbdIzc   $C1CA: A5 3F     LDA $3F = #$01
A:01 X:06 Y:A8 S:FD P:nvUbdIzc   $C1CC: D0 FC     BNE $C1CA
A:01 X:06 Y:A8 S:FD P:nvUbdIzc   $C1CA: A5 3F     LDA $3F = #$01
A:01 X:06 Y:A8 S:FD P:nvUbdIzc   $C1CC: D0 FC     BNE $C1CA
A:01 X:06 Y:A8 S:FD P:nvUbdIzc   $C1CA: A5 3F     LDA $3F = #$01
A:01 X:06 Y:A8 S:FD P:nvUbdIzc   $C1CC: D0 FC     BNE $C1CA
A:01 X:06 Y:A8 S:FD P:nvUbdIzc   $C1CA: A5 3F     LDA $3F = #$01
A:01 X:06 Y:A8 S:FD P:nvUbdIzc   $C1CC: D0 FC     BNE $C1CA
A:01 X:06 Y:A8 S:FD P:nvUbdIzc   $C1CA: A5 3F     LDA $3F = #$01
A:01 X:06 Y:A8 S:FD P:nvUbdIzc   $C1CC: D0 FC     BNE $C1CA
A:01 X:06 Y:A8 S:FD P:nvUbdIzc   $C1CA: A5 3F     LDA $3F = #$01
A:01 X:06 Y:A8 S:FD P:nvUbdIzc   $C1CC: D0 FC     BNE $C1CA
A:01 X:06 Y:A8 S:FD P:nvUbdIzc   $C1CA: A5 3F     LDA $3F = #$01
A:01 X:06 Y:A8 S:FD P:nvUbdIzc   $C1CC: D0 FC     BNE $C1CA
A:01 X:06 Y:A8 S:FD P:nvUbdIzc   $C1CA: A5 3F     LDA $3F = #$01
A:01 X:06 Y:A8 S:FD P:nvUbdIzc   $C1CC: D0 FC     BNE $C1CA
A:01 X:06 Y:A8 S:FD P:nvUbdIzc   $C1CA: A5 3F     LDA $3F = #$01
A:01 X:06 Y:A8 S:FD P:nvUbdIzc   $C1CC: D0 FC     BNE $C1CA
A:01 X:06 Y:A8 S:FD P:nvUbdIzc   $C1CA: A5 3F     LDA $3F = #$01
A:01 X:06 Y:A8 S:FD P:nvUbdIzc   $C1CC: D0 FC     BNE $C1CA
A:01 X:06 Y:A8 S:FD P:nvUbdIzc   $C1CA: A5 3F     LDA $3F = #$01
A:01 X:06 Y:A8 S:FD P:nvUbdIzc   $C1CC: D0 FC     BNE $C1CA
A:01 X:06 Y:A8 S:FD P:nvUbdIzc   $C1CA: A5 3F     LDA $3F = #$01
A:01 X:06 Y:A8 S:FD P:nvUbdIzc   $C1CC: D0 FC     BNE $C1CA
A:01 X:06 Y:A8 S:FD P:nvUbdIzc   $C1CA: A5 3F     LDA $3F = #$01
A:01 X:06 Y:A8 S:FD P:nvUbdIzc   $C1CC: D0 FC     BNE $C1CA
A:01 X:06 Y:A8 S:FD P:nvUbdIzc   $C1CA: A5 3F     LDA $3F = #$01
A:01 X:06 Y:A8 S:FD P:nvUbdIzc   $C1CC: D0 FC     BNE $C1CA
A:01 X:06 Y:A8 S:FD P:nvUbdIzc   $C1CA: A5 3F     LDA $3F = #$01
A:01 X:06 Y:A8 S:FD P:nvUbdIzc   $C1CC: D0 FC     BNE $C1CA
A:01 X:06 Y:A8 S:FD P:nvUbdIzc   $C1CA: A5 3F     LDA $3F = #$01
A:01 X:06 Y:A8 S:FD P:nvUbdIzc   $C1CC: D0 FC     BNE $C1CA
A:01 X:06 Y:A8 S:FD P:nvUbdIzc   $C1CA: A5 3F     LDA $3F = #$01
A:01 X:06 Y:A8 S:FD P:nvUbdIzc   $C1CC: D0 FC     BNE $C1CA
A:01 X:06 Y:A8 S:FD P:nvUbdIzc   $C1CA: A5 3F     LDA $3F = #$01
A:01 X:06 Y:A8 S:FD P:nvUbdIzc   $C1CC: D0 FC     BNE $C1CA
A:01 X:06 Y:A8 S:FD P:nvUbdIzc   $C1CA: A5 3F     LDA $3F = #$01
A:01 X:06 Y:A8 S:FD P:nvUbdIzc   $C1CC: D0 FC     BNE $C1CA
A:01 X:06 Y:A8 S:FD P:nvUbdIzc   $C1CA: A5 3F     LDA $3F = #$01
A:01 X:06 Y:A8 S:FD P:nvUbdIzc   $C1CC: D0 FC     BNE $C1CA
A:01 X:06 Y:A8 S:FD P:nvUbdIzc   $C1CA: A5 3F     LDA $3F = #$01
A:01 X:06 Y:A8 S:FD P:nvUbdIzc   $C1CC: D0 FC     BNE $C1CA
A:01 X:06 Y:A8 S:FD P:nvUbdIzc   $C1CA: A5 3F     LDA $3F = #$01
A:01 X:06 Y:A8 S:FD P:nvUbdIzc   $C1CC: D0 FC     BNE $C1CA
A:01 X:06 Y:A8 S:FD P:nvUbdIzc   $C1CA: A5 3F     LDA $3F = #$01
A:01 X:06 Y:A8 S:FD P:nvUbdIzc   $C1CC: D0 FC     BNE $C1CA
A:01 X:06 Y:A8 S:FD P:nvUbdIzc   $C1CA: A5 3F     LDA $3F = #$01
A:01 X:06 Y:A8 S:FD P:nvUbdIzc   $C1CC: D0 FC     BNE $C1CA
A:01 X:06 Y:A8 S:FD P:nvUbdIzc   $C1CA: A5 3F     LDA $3F = #$01
A:01 X:06 Y:A8 S:FD P:nvUbdIzc   $C1CC: D0 FC     BNE $C1CA
A:01 X:06 Y:A8 S:FD P:nvUbdIzc   $C1CA: A5 3F     LDA $3F = #$01
A:01 X:06 Y:A8 S:FD P:nvUbdIzc   $C1CC: D0 FC     BNE $C1CA
A:01 X:06 Y:A8 S:FD P:nvUbdIzc   $C1CA: A5 3F     LDA $3F = #$01
A:01 X:06 Y:A8 S:FD P:nvUbdIzc   $C1CC: D0 FC     BNE $C1CA
A:01 X:06 Y:A8 S:FD P:nvUbdIzc   $C1CA: A5 3F     LDA $3F = #$01
A:01 X:06 Y:A8 S:FD P:nvUbdIzc   $C1CC: D0 FC     BNE $C1CA
A:01 X:06 Y:A8 S:FD P:nvUbdIzc   $C1CA: A5 3F     LDA $3F = #$01
A:01 X:06 Y:A8 S:FD P:nvUbdIzc   $C1CC: D0 FC     BNE $C1CA
A:01 X:06 Y:A8 S:FD P:nvUbdIzc   $C1CA: A5 3F     LDA $3F = #$01
A:01 X:06 Y:A8 S:FD P:nvUbdIzc   $C1CC: D0 FC     BNE $C1CA
A:01 X:06 Y:A8 S:FD P:nvUbdIzc   $C1CA: A5 3F     LDA $3F = #$01
A:01 X:06 Y:A8 S:FD P:nvUbdIzc   $C1CC: D0 FC     BNE $C1CA
A:01 X:06 Y:A8 S:FD P:nvUbdIzc   $C1CA: A5 3F     LDA $3F = #$01
A:01 X:06 Y:A8 S:FD P:nvUbdIzc   $C1CC: D0 FC     BNE $C1CA
A:01 X:06 Y:A8 S:FD P:nvUbdIzc   $C1CA: A5 3F     LDA $3F = #$01
A:01 X:06 Y:A8 S:FD P:nvUbdIzc   $C1CC: D0 FC     BNE $C1CA
A:01 X:06 Y:A8 S:FD P:nvUbdIzc   $C1CA: A5 3F     LDA $3F = #$01
A:01 X:06 Y:A8 S:FD P:nvUbdIzc   $C1CC: D0 FC     BNE $C1CA
A:01 X:06 Y:A8 S:FD P:nvUbdIzc   $C1CA: A5 3F     LDA $3F = #$01
A:01 X:06 Y:A8 S:FD P:nvUbdIzc   $C1CC: D0 FC     BNE $C1CA
A:01 X:06 Y:A8 S:FD P:nvUbdIzc   $C1CA: A5 3F     LDA $3F = #$01
A:01 X:06 Y:A8 S:FD P:nvUbdIzc   $C1CC: D0 FC     BNE $C1CA
A:01 X:06 Y:A8 S:FD P:nvUbdIzc   $C1CA: A5 3F     LDA $3F = #$01
A:01 X:06 Y:A8 S:FD P:nvUbdIzc   $C1CC: D0 FC     BNE $C1CA
A:01 X:06 Y:A8 S:FD P:nvUbdIzc   $C1CA: A5 3F     LDA $3F = #$01
A:01 X:06 Y:A8 S:FD P:nvUbdIzc   $C1CC: D0 FC     BNE $C1CA
A:01 X:06 Y:A8 S:FD P:nvUbdIzc   $C1CA: A5 3F     LDA $3F = #$01
A:01 X:06 Y:A8 S:FD P:nvUbdIzc   $C1CC: D0 FC     BNE $C1CA
A:01 X:06 Y:A8 S:FD P:nvUbdIzc   $C1CA: A5 3F     LDA $3F = #$01
A:01 X:06 Y:A8 S:FD P:nvUbdIzc   $C1CC: D0 FC     BNE $C1CA
A:01 X:06 Y:A8 S:FD P:nvUbdIzc   $C1CA: A5 3F     LDA $3F = #$01
A:01 X:06 Y:A8 S:FD P:nvUbdIzc   $C1CC: D0 FC     BNE $C1CA
A:01 X:06 Y:A8 S:FD P:nvUbdIzc   $C1CA: A5 3F     LDA $3F = #$01
A:01 X:06 Y:A8 S:FD P:nvUbdIzc   $C1CC: D0 FC     BNE $C1CA
A:01 X:06 Y:A8 S:FD P:nvUbdIzc   $C1CA: A5 3F     LDA $3F = #$01
A:01 X:06 Y:A8 S:FD P:nvUbdIzc   $C1CC: D0 FC     BNE $C1CA
A:01 X:06 Y:A8 S:FD P:nvUbdIzc   $C1CA: A5 3F     LDA $3F = #$01
A:01 X:06 Y:A8 S:FD P:nvUbdIzc   $C1CC: D0 FC     BNE $C1CA
A:01 X:06 Y:A8 S:FD P:nvUbdIzc   $C1CA: A5 3F     LDA $3F = #$01
A:01 X:06 Y:A8 S:FD P:nvUbdIzc   $C1CC: D0 FC     BNE $C1CA
A:01 X:06 Y:A8 S:FD P:nvUbdIzc   $C1CA: A5 3F     LDA $3F = #$01
A:01 X:06 Y:A8 S:FD P:nvUbdIzc   $C1CC: D0 FC     BNE $C1CA
A:01 X:06 Y:A8 S:FD P:nvUbdIzc   $C1CA: A5 3F     LDA $3F = #$01
A:01 X:06 Y:A8 S:FD P:nvUbdIzc   $C1CC: D0 FC     BNE $C1CA
A:01 X:06 Y:A8 S:FD P:nvUbdIzc   $C1CA: A5 3F     LDA $3F = #$01
A:01 X:06 Y:A8 S:FD P:nvUbdIzc   $C1CC: D0 FC     BNE $C1CA
A:01 X:06 Y:A8 S:FD P:nvUbdIzc   $C1CA: A5 3F     LDA $3F = #$01
A:01 X:06 Y:A8 S:FD P:nvUbdIzc   $C1CC: D0 FC     BNE $C1CA
A:01 X:06 Y:A8 S:FD P:nvUbdIzc   $C1CA: A5 3F     LDA $3F = #$01
A:01 X:06 Y:A8 S:FD P:nvUbdIzc   $C1CC: D0 FC     BNE $C1CA
A:01 X:06 Y:A8 S:FD P:nvUbdIzc   $C1CA: A5 3F     LDA $3F = #$01
A:01 X:06 Y:A8 S:FD P:nvUbdIzc   $C1CC: D0 FC     BNE $C1CA
A:01 X:06 Y:A8 S:FD P:nvUbdIzc   $C1CA: A5 3F     LDA $3F = #$01
A:01 X:06 Y:A8 S:FD P:nvUbdIzc   $C1CC: D0 FC     BNE $C1CA
A:01 X:06 Y:A8 S:FD P:nvUbdIzc   $C1CA: A5 3F     LDA $3F = #$01
A:01 X:06 Y:A8 S:FD P:nvUbdIzc   $C1CC: D0 FC     BNE $C1CA
A:01 X:06 Y:A8 S:FD P:nvUbdIzc   $C1CA: A5 3F     LDA $3F = #$01
A:01 X:06 Y:A8 S:FD P:nvUbdIzc   $C1CC: D0 FC     BNE $C1CA
A:01 X:06 Y:A8 S:FD P:nvUbdIzc   $C1CA: A5 3F     LDA $3F = #$01
A:01 X:06 Y:A8 S:FD P:nvUbdIzc   $C1CC: D0 FC     BNE $C1CA
A:01 X:06 Y:A8 S:FD P:nvUbdIzc   $C1CA: A5 3F     LDA $3F = #$01
A:01 X:06 Y:A8 S:FD P:nvUbdIzc   $C1CC: D0 FC     BNE $C1CA
A:01 X:06 Y:A8 S:FD P:nvUbdIzc   $C1CA: A5 3F     LDA $3F = #$01
A:01 X:06 Y:A8 S:FD P:nvUbdIzc   $C1CC: D0 FC     BNE $C1CA
A:01 X:06 Y:A8 S:FD P:nvUbdIzc   $C1CA: A5 3F     LDA $3F = #$01
A:01 X:06 Y:A8 S:FD P:nvUbdIzc   $C1CC: D0 FC     BNE $C1CA
A:01 X:06 Y:A8 S:FD P:nvUbdIzc   $C1CA: A5 3F     LDA $3F = #$01
A:01 X:06 Y:A8 S:FD P:nvUbdIzc   $C1CC: D0 FC     BNE $C1CA
A:01 X:06 Y:A8 S:FD P:nvUbdIzc   $C1CA: A5 3F     LDA $3F = #$01
A:01 X:06 Y:A8 S:FD P:nvUbdIzc   $C1CC: D0 FC     BNE $C1CA
A:01 X:06 Y:A8 S:FD P:nvUbdIzc   $C1CA: A5 3F     LDA $3F = #$01
A:01 X:06 Y:A8 S:FD P:nvUbdIzc   $C1CC: D0 FC     BNE $C1CA
A:01 X:06 Y:A8 S:FD P:nvUbdIzc   $C1CA: A5 3F     LDA $3F = #$01
A:01 X:06 Y:A8 S:FD P:nvUbdIzc   $C1CC: D0 FC     BNE $C1CA
A:01 X:06 Y:A8 S:FD P:nvUbdIzc   $C1CA: A5 3F     LDA $3F = #$01
A:01 X:06 Y:A8 S:FD P:nvUbdIzc   $C1CC: D0 FC     BNE $C1CA
A:01 X:06 Y:A8 S:FD P:nvUbdIzc   $C1CA: A5 3F     LDA $3F = #$01
A:01 X:06 Y:A8 S:FD P:nvUbdIzc   $C1CC: D0 FC     BNE $C1CA
A:01 X:06 Y:A8 S:FD P:nvUbdIzc   $C1CA: A5 3F     LDA $3F = #$01
A:01 X:06 Y:A8 S:FD P:nvUbdIzc   $C1CC: D0 FC     BNE $C1CA
A:01 X:06 Y:A8 S:FD P:nvUbdIzc   $C1CA: A5 3F     LDA $3F = #$01
A:01 X:06 Y:A8 S:FD P:nvUbdIzc   $C1CC: D0 FC     BNE $C1CA
A:01 X:06 Y:A8 S:FD P:nvUbdIzc   $C1CA: A5 3F     LDA $3F = #$01
A:01 X:06 Y:A8 S:FD P:nvUbdIzc   $C1CC: D0 FC     BNE $C1CA
A:01 X:06 Y:A8 S:FD P:nvUbdIzc   $C1CA: A5 3F     LDA $3F = #$01
A:01 X:06 Y:A8 S:FD P:nvUbdIzc   $C1CC: D0 FC     BNE $C1CA
A:01 X:06 Y:A8 S:FD P:nvUbdIzc   $C1CA: A5 3F     LDA $3F = #$01
A:01 X:06 Y:A8 S:FD P:nvUbdIzc   $C1CC: D0 FC     BNE $C1CA
A:01 X:06 Y:A8 S:FD P:nvUbdIzc   $C1CA: A5 3F     LDA $3F = #$01
A:01 X:06 Y:A8 S:FD P:nvUbdIzc   $C1CC: D0 FC     BNE $C1CA
A:01 X:06 Y:A8 S:FD P:nvUbdIzc   $C1CA: A5 3F     LDA $3F = #$01
A:01 X:06 Y:A8 S:FD P:nvUbdIzc   $C1CC: D0 FC     BNE $C1CA
A:01 X:06 Y:A8 S:FD P:nvUbdIzc   $C1CA: A5 3F     LDA $3F = #$01
A:01 X:06 Y:A8 S:FD P:nvUbdIzc   $C1CC: D0 FC     BNE $C1CA
A:01 X:06 Y:A8 S:FD P:nvUbdIzc   $C1CA: A5 3F     LDA $3F = #$01
A:01 X:06 Y:A8 S:FD P:nvUbdIzc   $C1CC: D0 FC     BNE $C1CA
A:01 X:06 Y:A8 S:FD P:nvUbdIzc   $C1CA: A5 3F     LDA $3F = #$01
A:01 X:06 Y:A8 S:FD P:nvUbdIzc   $C1CC: D0 FC     BNE $C1CA
A:01 X:06 Y:A8 S:FD P:nvUbdIzc   $C1CA: A5 3F     LDA $3F = #$01
A:01 X:06 Y:A8 S:FD P:nvUbdIzc   $C1CC: D0 FC     BNE $C1CA
A:01 X:06 Y:A8 S:FD P:nvUbdIzc   $C1CA: A5 3F     LDA $3F = #$01
A:01 X:06 Y:A8 S:FD P:nvUbdIzc   $C1CC: D0 FC     BNE $C1CA
A:01 X:06 Y:A8 S:FD P:nvUbdIzc   $C1CA: A5 3F     LDA $3F = #$01
A:01 X:06 Y:A8 S:FD P:nvUbdIzc   $C1CC: D0 FC     BNE $C1CA
A:01 X:06 Y:A8 S:FD P:nvUbdIzc   $C1CA: A5 3F     LDA $3F = #$01
A:01 X:06 Y:A8 S:FD P:nvUbdIzc   $C1CC: D0 FC     BNE $C1CA
A:01 X:06 Y:A8 S:FD P:nvUbdIzc   $C1CA: A5 3F     LDA $3F = #$01
A:01 X:06 Y:A8 S:FD P:nvUbdIzc   $C1CC: D0 FC     BNE $C1CA
A:01 X:06 Y:A8 S:FD P:nvUbdIzc   $C1CA: A5 3F     LDA $3F = #$01
A:01 X:06 Y:A8 S:FD P:nvUbdIzc   $C1CC: D0 FC     BNE $C1CA
A:01 X:06 Y:A8 S:FD P:nvUbdIzc   $C1CA: A5 3F     LDA $3F = #$01
A:01 X:06 Y:A8 S:FD P:nvUbdIzc   $C1CC: D0 FC     BNE $C1CA
A:01 X:06 Y:A8 S:FD P:nvUbdIzc   $C1CA: A5 3F     LDA $3F = #$01
A:01 X:06 Y:A8 S:FD P:nvUbdIzc   $C1CC: D0 FC     BNE $C1CA
A:01 X:06 Y:A8 S:FD P:nvUbdIzc   $C1CA: A5 3F     LDA $3F = #$01
A:01 X:06 Y:A8 S:FD P:nvUbdIzc   $C1CC: D0 FC     BNE $C1CA
A:01 X:06 Y:A8 S:FD P:nvUbdIzc   $C1CA: A5 3F     LDA $3F = #$01
A:01 X:06 Y:A8 S:FD P:nvUbdIzc   $C1CC: D0 FC     BNE $C1CA
A:01 X:06 Y:A8 S:FD P:nvUbdIzc   $C1CA: A5 3F     LDA $3F = #$01
A:01 X:06 Y:A8 S:FD P:nvUbdIzc   $C1CC: D0 FC     BNE $C1CA
A:01 X:06 Y:A8 S:FD P:nvUbdIzc   $C1CA: A5 3F     LDA $3F = #$01
A:01 X:06 Y:A8 S:FD P:nvUbdIzc   $C1CC: D0 FC     BNE $C1CA
A:01 X:06 Y:A8 S:FD P:nvUbdIzc   $C1CA: A5 3F     LDA $3F = #$01
A:01 X:06 Y:A8 S:FD P:nvUbdIzc   $C1CC: D0 FC     BNE $C1CA
A:01 X:06 Y:A8 S:FD P:nvUbdIzc   $C1CA: A5 3F     LDA $3F = #$01
A:01 X:06 Y:A8 S:FD P:nvUbdIzc   $C1CC: D0 FC     BNE $C1CA
A:01 X:06 Y:A8 S:FD P:nvUbdIzc   $C1CA: A5 3F     LDA $3F = #$01
A:01 X:06 Y:A8 S:FD P:nvUbdIzc   $C1CC: D0 FC     BNE $C1CA
A:01 X:06 Y:A8 S:FD P:nvUbdIzc   $C1CA: A5 3F     LDA $3F = #$01
A:01 X:06 Y:A8 S:FD P:nvUbdIzc   $C1CC: D0 FC     BNE $C1CA
A:01 X:06 Y:A8 S:FD P:nvUbdIzc   $C1CA: A5 3F     LDA $3F = #$01
A:01 X:06 Y:A8 S:FD P:nvUbdIzc   $C1CC: D0 FC     BNE $C1CA
A:01 X:06 Y:A8 S:FD P:nvUbdIzc   $C1CA: A5 3F     LDA $3F = #$01
A:01 X:06 Y:A8 S:FD P:nvUbdIzc   $C1CC: D0 FC     BNE $C1CA
A:01 X:06 Y:A8 S:FD P:nvUbdIzc   $C1CA: A5 3F     LDA $3F = #$01
A:01 X:06 Y:A8 S:FD P:nvUbdIzc   $C1CC: D0 FC     BNE $C1CA
A:01 X:06 Y:A8 S:FD P:nvUbdIzc   $C1CA: A5 3F     LDA $3F = #$01
A:01 X:06 Y:A8 S:FD P:nvUbdIzc   $C1CC: D0 FC     BNE $C1CA
A:01 X:06 Y:A8 S:FD P:nvUbdIzc   $C1CA: A5 3F     LDA $3F = #$01
A:01 X:06 Y:A8 S:FD P:nvUbdIzc   $C1CC: D0 FC     BNE $C1CA
A:01 X:06 Y:A8 S:FD P:nvUbdIzc   $C1CA: A5 3F     LDA $3F = #$01
A:01 X:06 Y:A8 S:FD P:nvUbdIzc   $C1CC: D0 FC     BNE $C1CA
A:01 X:06 Y:A8 S:FD P:nvUbdIzc   $C1CA: A5 3F     LDA $3F = #$01
A:01 X:06 Y:A8 S:FD P:nvUbdIzc   $C1CC: D0 FC     BNE $C1CA
A:01 X:06 Y:A8 S:FD P:nvUbdIzc   $C1CA: A5 3F     LDA $3F = #$01
A:01 X:06 Y:A8 S:FD P:nvUbdIzc   $C1CC: D0 FC     BNE $C1CA
A:01 X:06 Y:A8 S:FD P:nvUbdIzc   $C1CA: A5 3F     LDA $3F = #$01
A:01 X:06 Y:A8 S:FD P:nvUbdIzc   $C1CC: D0 FC     BNE $C1CA
A:01 X:06 Y:A8 S:FD P:nvUbdIzc   $C1CA: A5 3F     LDA $3F = #$01
A:01 X:06 Y:A8 S:FD P:nvUbdIzc   $C1CC: D0 FC     BNE $C1CA
A:01 X:06 Y:A8 S:FD P:nvUbdIzc   $C1CA: A5 3F     LDA $3F = #$01
A:01 X:06 Y:A8 S:FD P:nvUbdIzc   $C1CC: D0 FC     BNE $C1CA
A:01 X:06 Y:A8 S:FD P:nvUbdIzc   $C1CA: A5 3F     LDA $3F = #$01
A:01 X:06 Y:A8 S:FD P:nvUbdIzc   $C1CC: D0 FC     BNE $C1CA
A:01 X:06 Y:A8 S:FD P:nvUbdIzc   $C1CA: A5 3F     LDA $3F = #$01
A:01 X:06 Y:A8 S:FD P:nvUbdIzc   $C1CC: D0 FC     BNE $C1CA
A:01 X:06 Y:A8 S:FD P:nvUbdIzc   $C1CA: A5 3F     LDA $3F = #$01
A:01 X:06 Y:A8 S:FD P:nvUbdIzc   $C1CC: D0 FC     BNE $C1CA
A:01 X:06 Y:A8 S:FD P:nvUbdIzc   $C1CA: A5 3F     LDA $3F = #$01
A:01 X:06 Y:A8 S:FD P:nvUbdIzc   $C1CC: D0 FC     BNE $C1CA
A:01 X:06 Y:A8 S:FD P:nvUbdIzc   $C1CA: A5 3F     LDA $3F = #$01
A:01 X:06 Y:A8 S:FD P:nvUbdIzc   $C1CC: D0 FC     BNE $C1CA
A:01 X:06 Y:A8 S:FD P:nvUbdIzc   $C1CA: A5 3F     LDA $3F = #$01
A:01 X:06 Y:A8 S:FD P:nvUbdIzc   $C1CC: D0 FC     BNE $C1CA
A:01 X:06 Y:A8 S:FD P:nvUbdIzc   $C1CA: A5 3F     LDA $3F = #$01
A:01 X:06 Y:A8 S:FD P:nvUbdIzc   $C1CC: D0 FC     BNE $C1CA
A:01 X:06 Y:A8 S:FD P:nvUbdIzc   $C1CA: A5 3F     LDA $3F = #$01
A:01 X:06 Y:A8 S:FD P:nvUbdIzc   $C1CC: D0 FC     BNE $C1CA
A:01 X:06 Y:A8 S:FD P:nvUbdIzc   $C1CA: A5 3F     LDA $3F = #$01
A:01 X:06 Y:A8 S:FD P:nvUbdIzc   $C1CC: D0 FC     BNE $C1CA
A:01 X:06 Y:A8 S:FD P:nvUbdIzc   $C1CA: A5 3F     LDA $3F = #$01
A:01 X:06 Y:A8 S:FD P:nvUbdIzc   $C1CC: D0 FC     BNE $C1CA
A:01 X:06 Y:A8 S:FD P:nvUbdIzc   $C1CA: A5 3F     LDA $3F = #$01
A:01 X:06 Y:A8 S:FD P:nvUbdIzc   $C1CC: D0 FC     BNE $C1CA
A:01 X:06 Y:A8 S:FD P:nvUbdIzc   $C1CA: A5 3F     LDA $3F = #$01
A:01 X:06 Y:A8 S:FD P:nvUbdIzc   $C1CC: D0 FC     BNE $C1CA
A:01 X:06 Y:A8 S:FD P:nvUbdIzc   $C1CA: A5 3F     LDA $3F = #$01
A:01 X:06 Y:A8 S:FD P:nvUbdIzc   $C1CC: D0 FC     BNE $C1CA
A:01 X:06 Y:A8 S:FD P:nvUbdIzc   $C1CA: A5 3F     LDA $3F = #$01
A:01 X:06 Y:A8 S:FD P:nvUbdIzc   $C1CC: D0 FC     BNE $C1CA
A:01 X:06 Y:A8 S:FD P:nvUbdIzc   $C1CA: A5 3F     LDA $3F = #$01
A:01 X:06 Y:A8 S:FD P:nvUbdIzc   $C1CC: D0 FC     BNE $C1CA
A:01 X:06 Y:A8 S:FD P:nvUbdIzc   $C1CA: A5 3F     LDA $3F = #$01
A:01 X:06 Y:A8 S:FD P:nvUbdIzc   $C1CC: D0 FC     BNE $C1CA
A:01 X:06 Y:A8 S:FD P:nvUbdIzc   $C1CA: A5 3F     LDA $3F = #$01
A:01 X:06 Y:A8 S:FD P:nvUbdIzc   $C1CC: D0 FC     BNE $C1CA
A:01 X:06 Y:A8 S:FD P:nvUbdIzc   $C1CA: A5 3F     LDA $3F = #$01
A:01 X:06 Y:A8 S:FD P:nvUbdIzc   $C1CC: D0 FC     BNE $C1CA
A:01 X:06 Y:A8 S:FD P:nvUbdIzc   $C1CA: A5 3F     LDA $3F = #$01
A:01 X:06 Y:A8 S:FD P:nvUbdIzc   $C1CC: D0 FC     BNE $C1CA
A:01 X:06 Y:A8 S:FD P:nvUbdIzc   $C1CA: A5 3F     LDA $3F = #$01
A:01 X:06 Y:A8 S:FD P:nvUbdIzc   $C1CC: D0 FC     BNE $C1CA
A:01 X:06 Y:A8 S:FD P:nvUbdIzc   $C1CA: A5 3F     LDA $3F = #$01
A:01 X:06 Y:A8 S:FD P:nvUbdIzc   $C1CC: D0 FC     BNE $C1CA
A:01 X:06 Y:A8 S:FD P:nvUbdIzc   $C1CA: A5 3F     LDA $3F = #$01
A:01 X:06 Y:A8 S:FD P:nvUbdIzc   $C1CC: D0 FC     BNE $C1CA
A:01 X:06 Y:A8 S:FD P:nvUbdIzc   $C1CA: A5 3F     LDA $3F = #$01
A:01 X:06 Y:A8 S:FD P:nvUbdIzc   $C1CC: D0 FC     BNE $C1CA
A:01 X:06 Y:A8 S:FD P:nvUbdIzc   $C1CA: A5 3F     LDA $3F = #$01
A:01 X:06 Y:A8 S:FD P:nvUbdIzc   $C1CC: D0 FC     BNE $C1CA
A:01 X:06 Y:A8 S:FD P:nvUbdIzc   $C1CA: A5 3F     LDA $3F = #$01
A:01 X:06 Y:A8 S:FD P:nvUbdIzc   $C1CC: D0 FC     BNE $C1CA
A:01 X:06 Y:A8 S:FD P:nvUbdIzc   $C1CA: A5 3F     LDA $3F = #$01
A:01 X:06 Y:A8 S:FD P:nvUbdIzc   $C1CC: D0 FC     BNE $C1CA
A:01 X:06 Y:A8 S:FD P:nvUbdIzc   $C1CA: A5 3F     LDA $3F = #$01
A:01 X:06 Y:A8 S:FD P:nvUbdIzc   $C1CC: D0 FC     BNE $C1CA
A:01 X:06 Y:A8 S:FD P:nvUbdIzc   $C1CA: A5 3F     LDA $3F = #$01
A:01 X:06 Y:A8 S:FD P:nvUbdIzc   $C1CC: D0 FC     BNE $C1CA
A:01 X:06 Y:A8 S:FD P:nvUbdIzc   $C1CA: A5 3F     LDA $3F = #$01
A:01 X:06 Y:A8 S:FD P:nvUbdIzc   $C1CC: D0 FC     BNE $C1CA
A:01 X:06 Y:A8 S:FD P:nvUbdIzc   $C1CA: A5 3F     LDA $3F = #$01
A:01 X:06 Y:A8 S:FD P:nvUbdIzc   $C1CC: D0 FC     BNE $C1CA
A:01 X:06 Y:A8 S:FD P:nvUbdIzc   $C1CA: A5 3F     LDA $3F = #$01
A:01 X:06 Y:A8 S:FD P:nvUbdIzc   $C1CC: D0 FC     BNE $C1CA
A:01 X:06 Y:A8 S:FD P:nvUbdIzc   $C1CA: A5 3F     LDA $3F = #$01
A:01 X:06 Y:A8 S:FD P:nvUbdIzc   $C1CC: D0 FC     BNE $C1CA
A:01 X:06 Y:A8 S:FD P:nvUbdIzc   $C1CA: A5 3F     LDA $3F = #$01
A:01 X:06 Y:A8 S:FD P:nvUbdIzc   $C1CC: D0 FC     BNE $C1CA
A:01 X:06 Y:A8 S:FD P:nvUbdIzc   $C1CA: A5 3F     LDA $3F = #$01
A:01 X:06 Y:A8 S:FD P:nvUbdIzc   $C1CC: D0 FC     BNE $C1CA
A:01 X:06 Y:A8 S:FD P:nvUbdIzc   $C1CA: A5 3F     LDA $3F = #$01
A:01 X:06 Y:A8 S:FD P:nvUbdIzc   $C1CC: D0 FC     BNE $C1CA
A:01 X:06 Y:A8 S:FD P:nvUbdIzc   $C1CA: A5 3F     LDA $3F = #$01
A:01 X:06 Y:A8 S:FD P:nvUbdIzc   $C1CC: D0 FC     BNE $C1CA
A:01 X:06 Y:A8 S:FD P:nvUbdIzc   $C1CA: A5 3F     LDA $3F = #$01
A:01 X:06 Y:A8 S:FD P:nvUbdIzc   $C1CC: D0 FC     BNE $C1CA
A:01 X:06 Y:A8 S:FD P:nvUbdIzc   $C1CA: A5 3F     LDA $3F = #$01
A:01 X:06 Y:A8 S:FD P:nvUbdIzc   $C1CC: D0 FC     BNE $C1CA
A:01 X:06 Y:A8 S:FD P:nvUbdIzc   $C1CA: A5 3F     LDA $3F = #$01
A:01 X:06 Y:A8 S:FD P:nvUbdIzc   $C1CC: D0 FC     BNE $C1CA
A:01 X:06 Y:A8 S:FD P:nvUbdIzc   $C1CA: A5 3F     LDA $3F = #$01
A:01 X:06 Y:A8 S:FD P:nvUbdIzc   $C1CC: D0 FC     BNE $C1CA
A:01 X:06 Y:A8 S:FD P:nvUbdIzc   $C1CA: A5 3F     LDA $3F = #$01
A:01 X:06 Y:A8 S:FD P:nvUbdIzc   $C1CC: D0 FC     BNE $C1CA
A:01 X:06 Y:A8 S:FD P:nvUbdIzc   $C1CA: A5 3F     LDA $3F = #$01
A:01 X:06 Y:A8 S:FD P:nvUbdIzc   $C1CC: D0 FC     BNE $C1CA
A:01 X:06 Y:A8 S:FD P:nvUbdIzc   $C1CA: A5 3F     LDA $3F = #$01
A:01 X:06 Y:A8 S:FD P:nvUbdIzc   $C1CC: D0 FC     BNE $C1CA
A:01 X:06 Y:A8 S:FD P:nvUbdIzc   $C1CA: A5 3F     LDA $3F = #$01
A:01 X:06 Y:A8 S:FD P:nvUbdIzc   $C1CC: D0 FC     BNE $C1CA
A:01 X:06 Y:A8 S:FD P:nvUbdIzc   $C1CA: A5 3F     LDA $3F = #$01
A:01 X:06 Y:A8 S:FD P:nvUbdIzc   $C1CC: D0 FC     BNE $C1CA
A:01 X:06 Y:A8 S:FD P:nvUbdIzc   $C1CA: A5 3F     LDA $3F = #$01
A:01 X:06 Y:A8 S:FD P:nvUbdIzc   $C1CC: D0 FC     BNE $C1CA
A:01 X:06 Y:A8 S:FD P:nvUbdIzc   $C1CA: A5 3F     LDA $3F = #$01
A:01 X:06 Y:A8 S:FD P:nvUbdIzc   $C1CC: D0 FC     BNE $C1CA
A:01 X:06 Y:A8 S:FD P:nvUbdIzc   $C1CA: A5 3F     LDA $3F = #$01
A:01 X:06 Y:A8 S:FD P:nvUbdIzc   $C1CC: D0 FC     BNE $C1CA
A:01 X:06 Y:A8 S:FD P:nvUbdIzc   $C1CA: A5 3F     LDA $3F = #$01
A:01 X:06 Y:A8 S:FD P:nvUbdIzc   $C1CC: D0 FC     BNE $C1CA
A:01 X:06 Y:A8 S:FD P:nvUbdIzc   $C1CA: A5 3F     LDA $3F = #$01
A:01 X:06 Y:A8 S:FD P:nvUbdIzc   $C1CC: D0 FC     BNE $C1CA
A:01 X:06 Y:A8 S:FD P:nvUbdIzc   $C1CA: A5 3F     LDA $3F = #$01
A:01 X:06 Y:A8 S:FD P:nvUbdIzc   $C1CC: D0 FC     BNE $C1CA
A:01 X:06 Y:A8 S:FD P:nvUbdIzc   $C1CA: A5 3F     LDA $3F = #$01
A:01 X:06 Y:A8 S:FD P:nvUbdIzc   $C1CC: D0 FC     BNE $C1CA
A:01 X:06 Y:A8 S:FD P:nvUbdIzc   $C1CA: A5 3F     LDA $3F = #$01
A:01 X:06 Y:A8 S:FD P:nvUbdIzc   $C1CC: D0 FC     BNE $C1CA
A:01 X:06 Y:A8 S:FD P:nvUbdIzc   $C1CA: A5 3F     LDA $3F = #$01
A:01 X:06 Y:A8 S:FD P:nvUbdIzc   $C1CC: D0 FC     BNE $C1CA
A:01 X:06 Y:A8 S:FD P:nvUbdIzc   $C1CA: A5 3F     LDA $3F = #$01
A:01 X:06 Y:A8 S:FD P:nvUbdIzc   $C1CC: D0 FC     BNE $C1CA
A:01 X:06 Y:A8 S:FD P:nvUbdIzc   $C1CA: A5 3F     LDA $3F = #$01
A:01 X:06 Y:A8 S:FD P:nvUbdIzc   $C1CC: D0 FC     BNE $C1CA
A:01 X:06 Y:A8 S:FD P:nvUbdIzc   $C1CA: A5 3F     LDA $3F = #$01
A:01 X:06 Y:A8 S:FD P:nvUbdIzc   $C1CC: D0 FC     BNE $C1CA
A:01 X:06 Y:A8 S:FD P:nvUbdIzc   $C1CA: A5 3F     LDA $3F = #$01
A:01 X:06 Y:A8 S:FD P:nvUbdIzc   $C1CC: D0 FC     BNE $C1CA
A:01 X:06 Y:A8 S:FD P:nvUbdIzc   $C1CA: A5 3F     LDA $3F = #$01
A:01 X:06 Y:A8 S:FD P:nvUbdIzc   $C1CC: D0 FC     BNE $C1CA
A:01 X:06 Y:A8 S:FD P:nvUbdIzc   $C1CA: A5 3F     LDA $3F = #$01
A:01 X:06 Y:A8 S:FD P:nvUbdIzc   $C1CC: D0 FC     BNE $C1CA
A:01 X:06 Y:A8 S:FD P:nvUbdIzc   $C1CA: A5 3F     LDA $3F = #$01
A:01 X:06 Y:A8 S:FD P:nvUbdIzc   $C1CC: D0 FC     BNE $C1CA
A:01 X:06 Y:A8 S:FD P:nvUbdIzc   $C1CA: A5 3F     LDA $3F = #$01
A:01 X:06 Y:A8 S:FD P:nvUbdIzc   $C1CC: D0 FC     BNE $C1CA
A:01 X:06 Y:A8 S:FD P:nvUbdIzc   $C1CA: A5 3F     LDA $3F = #$01
A:01 X:06 Y:A8 S:FD P:nvUbdIzc   $C1CC: D0 FC     BNE $C1CA
A:01 X:06 Y:A8 S:FD P:nvUbdIzc   $C1CA: A5 3F     LDA $3F = #$01
A:01 X:06 Y:A8 S:FD P:nvUbdIzc   $C1CC: D0 FC     BNE $C1CA
A:01 X:06 Y:A8 S:FD P:nvUbdIzc   $C1CA: A5 3F     LDA $3F = #$01
A:01 X:06 Y:A8 S:FD P:nvUbdIzc   $C1CC: D0 FC     BNE $C1CA
A:01 X:06 Y:A8 S:FD P:nvUbdIzc   $C1CA: A5 3F     LDA $3F = #$01
A:01 X:06 Y:A8 S:FD P:nvUbdIzc   $C1CC: D0 FC     BNE $C1CA
A:01 X:06 Y:A8 S:FD P:nvUbdIzc   $C1CA: A5 3F     LDA $3F = #$01
A:01 X:06 Y:A8 S:FD P:nvUbdIzc   $C1CC: D0 FC     BNE $C1CA
A:01 X:06 Y:A8 S:FD P:nvUbdIzc   $C1CA: A5 3F     LDA $3F = #$01
A:01 X:06 Y:A8 S:FD P:nvUbdIzc   $C1CC: D0 FC     BNE $C1CA
A:01 X:06 Y:A8 S:FD P:nvUbdIzc   $C1CA: A5 3F     LDA $3F = #$01
A:01 X:06 Y:A8 S:FD P:nvUbdIzc   $C1CC: D0 FC     BNE $C1CA
A:01 X:06 Y:A8 S:FD P:nvUbdIzc   $C1CA: A5 3F     LDA $3F = #$01
A:01 X:06 Y:A8 S:FD P:nvUbdIzc   $C1CC: D0 FC     BNE $C1CA
A:01 X:06 Y:A8 S:FD P:nvUbdIzc   $C1CA: A5 3F     LDA $3F = #$01
A:01 X:06 Y:A8 S:FD P:nvUbdIzc   $C1CC: D0 FC     BNE $C1CA
A:01 X:06 Y:A8 S:FD P:nvUbdIzc   $C1CA: A5 3F     LDA $3F = #$01
A:01 X:06 Y:A8 S:FD P:nvUbdIzc   $C1CC: D0 FC     BNE $C1CA
A:01 X:06 Y:A8 S:FD P:nvUbdIzc   $C1CA: A5 3F     LDA $3F = #$01
A:01 X:06 Y:A8 S:FD P:nvUbdIzc   $C1CC: D0 FC     BNE $C1CA
A:01 X:06 Y:A8 S:FD P:nvUbdIzc   $C1CA: A5 3F     LDA $3F = #$01
A:01 X:06 Y:A8 S:FD P:nvUbdIzc   $C1CC: D0 FC     BNE $C1CA
A:01 X:06 Y:A8 S:FD P:nvUbdIzc   $C1CA: A5 3F     LDA $3F = #$01
A:01 X:06 Y:A8 S:FD P:nvUbdIzc   $C1CC: D0 FC     BNE $C1CA
A:01 X:06 Y:A8 S:FD P:nvUbdIzc   $C1CA: A5 3F     LDA $3F = #$01
A:01 X:06 Y:A8 S:FD P:nvUbdIzc   $C1CC: D0 FC     BNE $C1CA
A:01 X:06 Y:A8 S:FD P:nvUbdIzc   $C1CA: A5 3F     LDA $3F = #$01
A:01 X:06 Y:A8 S:FD P:nvUbdIzc   $C1CC: D0 FC     BNE $C1CA
A:01 X:06 Y:A8 S:FD P:nvUbdIzc   $C1CA: A5 3F     LDA $3F = #$01
A:01 X:06 Y:A8 S:FD P:nvUbdIzc   $C1CC: D0 FC     BNE $C1CA
A:01 X:06 Y:A8 S:FD P:nvUbdIzc   $C1CA: A5 3F     LDA $3F = #$01
A:01 X:06 Y:A8 S:FD P:nvUbdIzc   $C1CC: D0 FC     BNE $C1CA
A:01 X:06 Y:A8 S:FD P:nvUbdIzc   $C1CA: A5 3F     LDA $3F = #$01
A:01 X:06 Y:A8 S:FD P:nvUbdIzc   $C1CC: D0 FC     BNE $C1CA
A:01 X:06 Y:A8 S:FD P:nvUbdIzc   $C1CA: A5 3F     LDA $3F = #$01
A:01 X:06 Y:A8 S:FD P:nvUbdIzc   $C1CC: D0 FC     BNE $C1CA
A:01 X:06 Y:A8 S:FD P:nvUbdIzc   $C1CA: A5 3F     LDA $3F = #$01
A:01 X:06 Y:A8 S:FD P:nvUbdIzc   $C1CC: D0 FC     BNE $C1CA
A:01 X:06 Y:A8 S:FD P:nvUbdIzc   $C1CA: A5 3F     LDA $3F = #$01
A:01 X:06 Y:A8 S:FD P:nvUbdIzc   $C1CC: D0 FC     BNE $C1CA
A:01 X:06 Y:A8 S:FD P:nvUbdIzc   $C1CA: A5 3F     LDA $3F = #$01
A:01 X:06 Y:A8 S:FD P:nvUbdIzc   $C1CC: D0 FC     BNE $C1CA
A:01 X:06 Y:A8 S:FD P:nvUbdIzc   $C1CA: A5 3F     LDA $3F = #$01
A:01 X:06 Y:A8 S:FD P:nvUbdIzc   $C1CC: D0 FC     BNE $C1CA
A:01 X:06 Y:A8 S:FD P:nvUbdIzc   $C1CA: A5 3F     LDA $3F = #$01
A:01 X:06 Y:A8 S:FD P:nvUbdIzc   $C1CC: D0 FC     BNE $C1CA
A:01 X:06 Y:A8 S:FD P:nvUbdIzc   $C1CA: A5 3F     LDA $3F = #$01
A:01 X:06 Y:A8 S:FD P:nvUbdIzc   $C1CC: D0 FC     BNE $C1CA
A:01 X:06 Y:A8 S:FD P:nvUbdIzc   $C1CA: A5 3F     LDA $3F = #$01
A:01 X:06 Y:A8 S:FD P:nvUbdIzc   $C1CC: D0 FC     BNE $C1CA
A:01 X:06 Y:A8 S:FD P:nvUbdIzc   $C1CA: A5 3F     LDA $3F = #$01
A:01 X:06 Y:A8 S:FD P:nvUbdIzc   $C1CC: D0 FC     BNE $C1CA
A:01 X:06 Y:A8 S:FD P:nvUbdIzc   $C1CA: A5 3F     LDA $3F = #$01
A:01 X:06 Y:A8 S:FD P:nvUbdIzc   $C1CC: D0 FC     BNE $C1CA
A:01 X:06 Y:A8 S:FD P:nvUbdIzc   $C1CA: A5 3F     LDA $3F = #$01
A:01 X:06 Y:A8 S:FD P:nvUbdIzc   $C1CC: D0 FC     BNE $C1CA
A:01 X:06 Y:A8 S:FD P:nvUbdIzc   $C1CA: A5 3F     LDA $3F = #$01
A:01 X:06 Y:A8 S:FD P:nvUbdIzc   $C1CC: D0 FC     BNE $C1CA
A:01 X:06 Y:A8 S:FD P:nvUbdIzc   $C1CA: A5 3F     LDA $3F = #$01
A:01 X:06 Y:A8 S:FD P:nvUbdIzc   $C1CC: D0 FC     BNE $C1CA
A:01 X:06 Y:A8 S:FD P:nvUbdIzc   $C1CA: A5 3F     LDA $3F = #$01
A:01 X:06 Y:A8 S:FD P:nvUbdIzc   $C1CC: D0 FC     BNE $C1CA
A:01 X:06 Y:A8 S:FD P:nvUbdIzc   $C1CA: A5 3F     LDA $3F = #$01
A:01 X:06 Y:A8 S:FD P:nvUbdIzc   $C1CC: D0 FC     BNE $C1CA
A:01 X:06 Y:A8 S:FD P:nvUbdIzc   $C1CA: A5 3F     LDA $3F = #$01
A:01 X:06 Y:A8 S:FD P:nvUbdIzc   $C1CC: D0 FC     BNE $C1CA
A:01 X:06 Y:A8 S:FD P:nvUbdIzc   $C1CA: A5 3F     LDA $3F = #$01
A:01 X:06 Y:A8 S:FD P:nvUbdIzc   $C1CC: D0 FC     BNE $C1CA
A:01 X:06 Y:A8 S:FD P:nvUbdIzc   $C1CA: A5 3F     LDA $3F = #$01
A:01 X:06 Y:A8 S:FD P:nvUbdIzc   $C1CC: D0 FC     BNE $C1CA
A:01 X:06 Y:A8 S:FD P:nvUbdIzc   $C1CA: A5 3F     LDA $3F = #$01
A:01 X:06 Y:A8 S:FD P:nvUbdIzc   $C1CC: D0 FC     BNE $C1CA
A:01 X:06 Y:A8 S:FD P:nvUbdIzc   $C1CA: A5 3F     LDA $3F = #$01
A:01 X:06 Y:A8 S:FD P:nvUbdIzc   $C1CC: D0 FC     BNE $C1CA
A:01 X:06 Y:A8 S:FD P:nvUbdIzc   $C1CA: A5 3F     LDA $3F = #$01
A:01 X:06 Y:A8 S:FD P:nvUbdIzc   $C1CC: D0 FC     BNE $C1CA
A:01 X:06 Y:A8 S:FD P:nvUbdIzc   $C1CA: A5 3F     LDA $3F = #$01
A:01 X:06 Y:A8 S:FD P:nvUbdIzc   $C1CC: D0 FC     BNE $C1CA
A:01 X:06 Y:A8 S:FD P:nvUbdIzc   $C1CA: A5 3F     LDA $3F = #$01
A:01 X:06 Y:A8 S:FD P:nvUbdIzc   $C1CC: D0 FC     BNE $C1CA
A:01 X:06 Y:A8 S:FD P:nvUbdIzc   $C1CA: A5 3F     LDA $3F = #$01
A:01 X:06 Y:A8 S:FD P:nvUbdIzc   $C1CC: D0 FC     BNE $C1CA
A:01 X:06 Y:A8 S:FD P:nvUbdIzc   $C1CA: A5 3F     LDA $3F = #$01
A:01 X:06 Y:A8 S:FD P:nvUbdIzc   $C1CC: D0 FC     BNE $C1CA
A:01 X:06 Y:A8 S:FD P:nvUbdIzc   $C1CA: A5 3F     LDA $3F = #$01
A:01 X:06 Y:A8 S:FD P:nvUbdIzc   $C1CC: D0 FC     BNE $C1CA
A:01 X:06 Y:A8 S:FD P:nvUbdIzc   $C1CA: A5 3F     LDA $3F = #$01
A:01 X:06 Y:A8 S:FD P:nvUbdIzc   $C1CC: D0 FC     BNE $C1CA
A:01 X:06 Y:A8 S:FD P:nvUbdIzc   $C1CA: A5 3F     LDA $3F = #$01
A:01 X:06 Y:A8 S:FD P:nvUbdIzc   $C1CC: D0 FC     BNE $C1CA
A:01 X:06 Y:A8 S:FD P:nvUbdIzc   $C1CA: A5 3F     LDA $3F = #$01
A:01 X:06 Y:A8 S:FD P:nvUbdIzc   $C1CC: D0 FC     BNE $C1CA
A:01 X:06 Y:A8 S:FD P:nvUbdIzc   $C1CA: A5 3F     LDA $3F = #$01
A:01 X:06 Y:A8 S:FD P:nvUbdIzc   $C1CC: D0 FC     BNE $C1CA
A:01 X:06 Y:A8 S:FD P:nvUbdIzc   $C1CA: A5 3F     LDA $3F = #$01
A:01 X:06 Y:A8 S:FD P:nvUbdIzc   $C1CC: D0 FC     BNE $C1CA
A:01 X:06 Y:A8 S:FD P:nvUbdIzc   $C1CA: A5 3F     LDA $3F = #$01
A:01 X:06 Y:A8 S:FD P:nvUbdIzc   $C1CC: D0 FC     BNE $C1CA
A:01 X:06 Y:A8 S:FD P:nvUbdIzc   $C1CA: A5 3F     LDA $3F = #$01
A:01 X:06 Y:A8 S:FD P:nvUbdIzc   $C1CC: D0 FC     BNE $C1CA
A:01 X:06 Y:A8 S:FD P:nvUbdIzc   $C1CA: A5 3F     LDA $3F = #$01
A:01 X:06 Y:A8 S:FD P:nvUbdIzc   $C1CC: D0 FC     BNE $C1CA
A:01 X:06 Y:A8 S:FD P:nvUbdIzc   $C1CA: A5 3F     LDA $3F = #$01
A:01 X:06 Y:A8 S:FD P:nvUbdIzc   $C1CC: D0 FC     BNE $C1CA
A:01 X:06 Y:A8 S:FD P:nvUbdIzc   $C1CA: A5 3F     LDA $3F = #$01
A:01 X:06 Y:A8 S:FD P:nvUbdIzc   $C1CC: D0 FC     BNE $C1CA
A:01 X:06 Y:A8 S:FD P:nvUbdIzc   $C1CA: A5 3F     LDA $3F = #$01
A:01 X:06 Y:A8 S:FD P:nvUbdIzc   $C1CC: D0 FC     BNE $C1CA
A:01 X:06 Y:A8 S:FD P:nvUbdIzc   $C1CA: A5 3F     LDA $3F = #$01
A:01 X:06 Y:A8 S:FD P:nvUbdIzc   $C1CC: D0 FC     BNE $C1CA
A:01 X:06 Y:A8 S:FD P:nvUbdIzc   $C1CA: A5 3F     LDA $3F = #$01
A:01 X:06 Y:A8 S:FD P:nvUbdIzc   $C1CC: D0 FC     BNE $C1CA
A:01 X:06 Y:A8 S:FD P:nvUbdIzc   $C1CA: A5 3F     LDA $3F = #$01
A:01 X:06 Y:A8 S:FD P:nvUbdIzc   $C1CC: D0 FC     BNE $C1CA
A:01 X:06 Y:A8 S:FD P:nvUbdIzc   $C1CA: A5 3F     LDA $3F = #$01
A:01 X:06 Y:A8 S:FD P:nvUbdIzc   $C1CC: D0 FC     BNE $C1CA
A:01 X:06 Y:A8 S:FD P:nvUbdIzc   $C1CA: A5 3F     LDA $3F = #$01
A:01 X:06 Y:A8 S:FD P:nvUbdIzc   $C1CC: D0 FC     BNE $C1CA
A:01 X:06 Y:A8 S:FD P:nvUbdIzc   $C1CA: A5 3F     LDA $3F = #$01
A:01 X:06 Y:A8 S:FD P:nvUbdIzc   $C1CC: D0 FC     BNE $C1CA
A:01 X:06 Y:A8 S:FD P:nvUbdIzc   $C1CA: A5 3F     LDA $3F = #$01
A:01 X:06 Y:A8 S:FD P:nvUbdIzc   $C1CC: D0 FC     BNE $C1CA
A:01 X:06 Y:A8 S:FD P:nvUbdIzc   $C1CA: A5 3F     LDA $3F = #$01
A:01 X:06 Y:A8 S:FD P:nvUbdIzc   $C1CC: D0 FC     BNE $C1CA
A:01 X:06 Y:A8 S:FD P:nvUbdIzc   $C1CA: A5 3F     LDA $3F = #$01
A:01 X:06 Y:A8 S:FD P:nvUbdIzc   $C1CC: D0 FC     BNE $C1CA
A:01 X:06 Y:A8 S:FD P:nvUbdIzc   $C1CA: A5 3F     LDA $3F = #$01
A:01 X:06 Y:A8 S:FD P:nvUbdIzc   $C1CC: D0 FC     BNE $C1CA
A:01 X:06 Y:A8 S:FD P:nvUbdIzc   $C1CA: A5 3F     LDA $3F = #$01
A:01 X:06 Y:A8 S:FD P:nvUbdIzc   $C1CC: D0 FC     BNE $C1CA
A:01 X:06 Y:A8 S:FD P:nvUbdIzc   $C1CA: A5 3F     LDA $3F = #$01
A:01 X:06 Y:A8 S:FD P:nvUbdIzc   $C1CC: D0 FC     BNE $C1CA
A:01 X:06 Y:A8 S:FD P:nvUbdIzc   $C1CA: A5 3F     LDA $3F = #$01
A:01 X:06 Y:A8 S:FD P:nvUbdIzc   $C1CC: D0 FC     BNE $C1CA
A:01 X:06 Y:A8 S:FD P:nvUbdIzc   $C1CA: A5 3F     LDA $3F = #$01
A:01 X:06 Y:A8 S:FD P:nvUbdIzc   $C1CC: D0 FC     BNE $C1CA
A:01 X:06 Y:A8 S:FD P:nvUbdIzc   $C1CA: A5 3F     LDA $3F = #$01
A:01 X:06 Y:A8 S:FD P:nvUbdIzc   $C1CC: D0 FC     BNE $C1CA
A:01 X:06 Y:A8 S:FD P:nvUbdIzc   $C1CA: A5 3F     LDA $3F = #$01
A:01 X:06 Y:A8 S:FD P:nvUbdIzc   $C1CC: D0 FC     BNE $C1CA
A:01 X:06 Y:A8 S:FD P:nvUbdIzc   $C1CA: A5 3F     LDA $3F = #$01
A:01 X:06 Y:A8 S:FD P:nvUbdIzc   $C1CC: D0 FC     BNE $C1CA
A:01 X:06 Y:A8 S:FD P:nvUbdIzc   $C1CA: A5 3F     LDA $3F = #$01
A:01 X:06 Y:A8 S:FD P:nvUbdIzc   $C1CC: D0 FC     BNE $C1CA
A:01 X:06 Y:A8 S:FD P:nvUbdIzc   $C1CA: A5 3F     LDA $3F = #$01
A:01 X:06 Y:A8 S:FD P:nvUbdIzc   $C1CC: D0 FC     BNE $C1CA
A:01 X:06 Y:A8 S:FD P:nvUbdIzc   $C1CA: A5 3F     LDA $3F = #$01
A:01 X:06 Y:A8 S:FD P:nvUbdIzc   $C1CC: D0 FC     BNE $C1CA
A:01 X:06 Y:A8 S:FD P:nvUbdIzc   $C1CA: A5 3F     LDA $3F = #$01
A:01 X:06 Y:A8 S:FD P:nvUbdIzc   $C1CC: D0 FC     BNE $C1CA
A:01 X:06 Y:A8 S:FD P:nvUbdIzc   $C1CA: A5 3F     LDA $3F = #$01
A:01 X:06 Y:A8 S:FD P:nvUbdIzc   $C1CC: D0 FC     BNE $C1CA
A:01 X:06 Y:A8 S:FD P:nvUbdIzc   $C1CA: A5 3F     LDA $3F = #$01
A:01 X:06 Y:A8 S:FD P:nvUbdIzc   $C1CC: D0 FC     BNE $C1CA
A:01 X:06 Y:A8 S:FD P:nvUbdIzc   $C1CA: A5 3F     LDA $3F = #$01
A:01 X:06 Y:A8 S:FD P:nvUbdIzc   $C1CC: D0 FC     BNE $C1CA
A:01 X:06 Y:A8 S:FD P:nvUbdIzc   $C1CA: A5 3F     LDA $3F = #$01
A:01 X:06 Y:A8 S:FD P:nvUbdIzc   $C1CC: D0 FC     BNE $C1CA
A:01 X:06 Y:A8 S:FD P:nvUbdIzc   $C1CA: A5 3F     LDA $3F = #$01
A:01 X:06 Y:A8 S:FD P:nvUbdIzc   $C1CC: D0 FC     BNE $C1CA
A:01 X:06 Y:A8 S:FD P:nvUbdIzc   $C1CA: A5 3F     LDA $3F = #$01
A:01 X:06 Y:A8 S:FD P:nvUbdIzc   $C1CC: D0 FC     BNE $C1CA
A:01 X:06 Y:A8 S:FD P:nvUbdIzc   $C1CA: A5 3F     LDA $3F = #$01
A:01 X:06 Y:A8 S:FD P:nvUbdIzc   $C1CC: D0 FC     BNE $C1CA
A:01 X:06 Y:A8 S:FD P:nvUbdIzc   $C1CA: A5 3F     LDA $3F = #$01
A:01 X:06 Y:A8 S:FD P:nvUbdIzc   $C1CC: D0 FC     BNE $C1CA
A:01 X:06 Y:A8 S:FD P:nvUbdIzc   $C1CA: A5 3F     LDA $3F = #$01
A:01 X:06 Y:A8 S:FD P:nvUbdIzc   $C1CC: D0 FC     BNE $C1CA
A:01 X:06 Y:A8 S:FD P:nvUbdIzc   $C1CA: A5 3F     LDA $3F = #$01
A:01 X:06 Y:A8 S:FD P:nvUbdIzc   $C1CC: D0 FC     BNE $C1CA
A:01 X:06 Y:A8 S:FD P:nvUbdIzc   $C1CA: A5 3F     LDA $3F = #$01
A:01 X:06 Y:A8 S:FD P:nvUbdIzc   $C1CC: D0 FC     BNE $C1CA
A:01 X:06 Y:A8 S:FD P:nvUbdIzc   $C1CA: A5 3F     LDA $3F = #$01
A:01 X:06 Y:A8 S:FD P:nvUbdIzc   $C1CC: D0 FC     BNE $C1CA
A:01 X:06 Y:A8 S:FD P:nvUbdIzc   $C1CA: A5 3F     LDA $3F = #$01
A:01 X:06 Y:A8 S:FD P:nvUbdIzc   $C1CC: D0 FC     BNE $C1CA
A:01 X:06 Y:A8 S:FD P:nvUbdIzc   $C1CA: A5 3F     LDA $3F = #$01
A:01 X:06 Y:A8 S:FD P:nvUbdIzc   $C1CC: D0 FC     BNE $C1CA
A:01 X:06 Y:A8 S:FD P:nvUbdIzc   $C1CA: A5 3F     LDA $3F = #$01
A:01 X:06 Y:A8 S:FD P:nvUbdIzc   $C1CC: D0 FC     BNE $C1CA
A:01 X:06 Y:A8 S:FD P:nvUbdIzc   $C1CA: A5 3F     LDA $3F = #$01
A:01 X:06 Y:A8 S:FD P:nvUbdIzc   $C1CC: D0 FC     BNE $C1CA
A:01 X:06 Y:A8 S:FD P:nvUbdIzc   $C1CA: A5 3F     LDA $3F = #$01
A:01 X:06 Y:A8 S:FA P:nvUbdIzc      $C226: 08        PHP
A:01 X:06 Y:A8 S:F9 P:nvUbdIzc       $C227: 48        PHA
A:01 X:06 Y:A8 S:F8 P:nvUbdIzc        $C228: 8A        TXA
A:06 X:06 Y:A8 S:F8 P:nvUbdIzc        $C229: 48        PHA
A:06 X:06 Y:A8 S:F7 P:nvUbdIzc         $C22A: 98        TYA
A:A8 X:06 Y:A8 S:F7 P:NvUbdIzc         $C22B: 48        PHA
A:A8 X:06 Y:A8 S:F6 P:NvUbdIzc          $C22C: 20 36 C2  JSR $C236
A:A8 X:06 Y:A8 S:F4 P:NvUbdIzc            $C236: A5 FE     LDA $FE = #$1E
A:1E X:06 Y:A8 S:F4 P:nvUbdIzc            $C238: 29 E1     AND #$E1
A:00 X:06 Y:A8 S:F4 P:nvUbdIZc            $C23A: 8D 01 20  STA $2001 = #$1E
A:00 X:06 Y:A8 S:F4 P:nvUbdIZc            $C23D: A9 00     LDA #$00
A:00 X:06 Y:A8 S:F4 P:nvUbdIZc            $C23F: 8D 03 20  STA $2003 = #$00
A:00 X:06 Y:A8 S:F4 P:nvUbdIZc            $C242: 85 51     STA $51 = #$A8
A:00 X:06 Y:A8 S:F4 P:nvUbdIZc            $C244: A9 02     LDA #$02
A:02 X:06 Y:A8 S:F4 P:nvUbdIzc            $C246: 8D 14 40  STA $4014 = #$02
A:02 X:06 Y:A8 S:F4 P:nvUbdIzc            $C249: A5 31     LDA $31 = #$00
A:00 X:06 Y:A8 S:F4 P:nvUbdIZc            $C24B: F0 06     BEQ $C253
A:00 X:06 Y:A8 S:F4 P:nvUbdIZc            $C253: A5 8A     LDA $8A = #$00
A:00 X:06 Y:A8 S:F4 P:nvUbdIZc            $C255: 05 8D     ORA $8D = #$00
A:00 X:06 Y:A8 S:F4 P:nvUbdIZc            $C257: F0 06     BEQ $C25F
A:00 X:06 Y:A8 S:F4 P:nvUbdIZc            $C25F: A5 41     LDA $41 = #$00
A:00 X:06 Y:A8 S:F4 P:nvUbdIZc            $C261: F0 0A     BEQ $C26D
A:00 X:06 Y:A8 S:F4 P:nvUbdIZc            $C26D: A5 34     LDA $34 = #$00
A:00 X:06 Y:A8 S:F4 P:nvUbdIZc            $C26F: F0 18     BEQ $C289
A:00 X:06 Y:A8 S:F4 P:nvUbdIZc            $C289: A5 B0     LDA $B0 = #$00
A:00 X:06 Y:A8 S:F4 P:nvUbdIZc            $C28B: F0 06     BEQ $C293
A:00 X:06 Y:A8 S:F4 P:nvUbdIZc            $C293: A5 47     LDA $47 = #$00
A:00 X:06 Y:A8 S:F4 P:nvUbdIZc            $C295: F0 1F     BEQ $C2B6
A:00 X:06 Y:A8 S:F4 P:nvUbdIZc            $C2B6: A5 4C     LDA $4C = #$FF
A:FF X:06 Y:A8 S:F4 P:NvUbdIzc            $C2B8: F0 0B     BEQ $C2C5
A:FF X:06 Y:A8 S:F4 P:NvUbdIzc            $C2BA: A5 22     LDA $22 = #$21
A:21 X:06 Y:A8 S:F4 P:nvUbdIzc            $C2BC: 29 07     AND #$07
A:01 X:06 Y:A8 S:F4 P:nvUbdIzc            $C2BE: C9 01     CMP #$01
A:01 X:06 Y:A8 S:F4 P:nvUbdIZC            $C2C0: D0 03     BNE $C2C5
A:01 X:06 Y:A8 S:F4 P:nvUbdIZC            $C2C2: 20 49 CA  JSR $CA49
A:01 X:06 Y:A8 S:F2 P:nvUbdIZC              $CA49: AD 02 20  LDA $2002 = #$D1
A:D1 X:06 Y:A8 S:F2 P:NvUbdIzC              $CA4C: A5 4A     LDA $4A = #$10
A:10 X:06 Y:A8 S:F2 P:nvUbdIzC              $CA4E: 8D 06 20  STA $2006 = #$E0
A:10 X:06 Y:A8 S:F2 P:nvUbdIzC              $CA51: A5 4B     LDA $4B = #$40
A:40 X:06 Y:A8 S:F2 P:nvUbdIzC              $CA53: 8D 06 20  STA $2006 = #$E0
A:40 X:06 Y:A8 S:F2 P:nvUbdIzC              $CA56: A0 40     LDY #$40
A:40 X:06 Y:40 S:F2 P:nvUbdIzC              $CA58: A2 00     LDX #$00
A:40 X:00 Y:40 S:F2 P:nvUbdIZC              $CA5A: BD 90 03  LDA $0390,X @ $0390 = #$00
A:00 X:00 Y:40 S:F2 P:nvUbdIZC              $CA5D: 8D 07 20  STA $2007 = #$00
A:00 X:00 Y:40 S:F2 P:nvUbdIZC              $CA60: E8        INX
A:00 X:01 Y:40 S:F2 P:nvUbdIzC              $CA61: 88        DEY
A:00 X:01 Y:3F S:F2 P:nvUbdIzC              $CA62: D0 F6     BNE $CA5A
A:00 X:01 Y:3F S:F2 P:nvUbdIzC              $CA5A: BD 90 03  LDA $0390,X @ $0391 = #$30
A:30 X:01 Y:3F S:F2 P:nvUbdIzC              $CA5D: 8D 07 20  STA $2007 = #$00
A:30 X:01 Y:3F S:F2 P:nvUbdIzC              $CA60: E8        INX
A:30 X:02 Y:3F S:F2 P:nvUbdIzC              $CA61: 88        DEY
A:30 X:02 Y:3E S:F2 P:nvUbdIzC              $CA62: D0 F6     BNE $CA5A
A:30 X:02 Y:3E S:F2 P:nvUbdIzC              $CA5A: BD 90 03  LDA $0390,X @ $0392 = #$01
A:01 X:02 Y:3E S:F2 P:nvUbdIzC              $CA5D: 8D 07 20  STA $2007 = #$00
A:01 X:02 Y:3E S:F2 P:nvUbdIzC              $CA60: E8        INX
A:01 X:03 Y:3E S:F2 P:nvUbdIzC              $CA61: 88        DEY
A:01 X:03 Y:3D S:F2 P:nvUbdIzC              $CA62: D0 F6     BNE $CA5A
A:01 X:03 Y:3D S:F2 P:nvUbdIzC              $CA5A: BD 90 03  LDA $0390,X @ $0393 = #$00
A:00 X:03 Y:3D S:F2 P:nvUbdIZC              $CA5D: 8D 07 20  STA $2007 = #$00
A:00 X:03 Y:3D S:F2 P:nvUbdIZC              $CA60: E8        INX
A:00 X:04 Y:3D S:F2 P:nvUbdIzC              $CA61: 88        DEY
A:00 X:04 Y:3C S:F2 P:nvUbdIzC              $CA62: D0 F6     BNE $CA5A
A:00 X:04 Y:3C S:F2 P:nvUbdIzC              $CA5A: BD 90 03  LDA $0390,X @ $0394 = #$00
A:00 X:04 Y:3C S:F2 P:nvUbdIZC              $CA5D: 8D 07 20  STA $2007 = #$00
A:00 X:04 Y:3C S:F2 P:nvUbdIZC              $CA60: E8        INX
A:00 X:05 Y:3C S:F2 P:nvUbdIzC              $CA61: 88        DEY
A:00 X:05 Y:3B S:F2 P:nvUbdIzC              $CA62: D0 F6     BNE $CA5A
A:00 X:05 Y:3B S:F2 P:nvUbdIzC              $CA5A: BD 90 03  LDA $0390,X @ $0395 = #$06
A:06 X:05 Y:3B S:F2 P:nvUbdIzC              $CA5D: 8D 07 20  STA $2007 = #$00
A:06 X:05 Y:3B S:F2 P:nvUbdIzC              $CA60: E8        INX
A:06 X:06 Y:3B S:F2 P:nvUbdIzC              $CA61: 88        DEY
A:06 X:06 Y:3A S:F2 P:nvUbdIzC              $CA62: D0 F6     BNE $CA5A
A:06 X:06 Y:3A S:F2 P:nvUbdIzC              $CA5A: BD 90 03  LDA $0390,X @ $0396 = #$00
A:00 X:06 Y:3A S:F2 P:nvUbdIZC              $CA5D: 8D 07 20  STA $2007 = #$00
A:00 X:06 Y:3A S:F2 P:nvUbdIZC              $CA60: E8        INX
A:00 X:07 Y:3A S:F2 P:nvUbdIzC              $CA61: 88        DEY
A:00 X:07 Y:39 S:F2 P:nvUbdIzC              $CA62: D0 F6     BNE $CA5A
A:00 X:07 Y:39 S:F2 P:nvUbdIzC              $CA5A: BD 90 03  LDA $0390,X @ $0397 = #$30
A:30 X:07 Y:39 S:F2 P:nvUbdIzC              $CA5D: 8D 07 20  STA $2007 = #$00
A:30 X:07 Y:39 S:F2 P:nvUbdIzC              $CA60: E8        INX
A:30 X:08 Y:39 S:F2 P:nvUbdIzC              $CA61: 88        DEY
A:30 X:08 Y:38 S:F2 P:nvUbdIzC              $CA62: D0 F6     BNE $CA5A
A:30 X:08 Y:38 S:F2 P:nvUbdIzC              $CA5A: BD 90 03  LDA $0390,X @ $0398 = #$00
A:00 X:08 Y:38 S:F2 P:nvUbdIZC              $CA5D: 8D 07 20  STA $2007 = #$00
A:00 X:08 Y:38 S:F2 P:nvUbdIZC              $CA60: E8        INX
A:00 X:09 Y:38 S:F2 P:nvUbdIzC              $CA61: 88        DEY
A:00 X:09 Y:37 S:F2 P:nvUbdIzC              $CA62: D0 F6     BNE $CA5A
A:00 X:09 Y:37 S:F2 P:nvUbdIzC              $CA5A: BD 90 03  LDA $0390,X @ $0399 = #$30
A:30 X:09 Y:37 S:F2 P:nvUbdIzC              $CA5D: 8D 07 20  STA $2007 = #$00
A:30 X:09 Y:37 S:F2 P:nvUbdIzC              $CA60: E8        INX
A:30 X:0A Y:37 S:F2 P:nvUbdIzC              $CA61: 88        DEY
A:30 X:0A Y:36 S:F2 P:nvUbdIzC              $CA62: D0 F6     BNE $CA5A
A:30 X:0A Y:36 S:F2 P:nvUbdIzC              $CA5A: BD 90 03  LDA $0390,X @ $039A = #$01
A:01 X:0A Y:36 S:F2 P:nvUbdIzC              $CA5D: 8D 07 20  STA $2007 = #$00
A:01 X:0A Y:36 S:F2 P:nvUbdIzC              $CA60: E8        INX
A:01 X:0B Y:36 S:F2 P:nvUbdIzC              $CA61: 88        DEY
A:01 X:0B Y:35 S:F2 P:nvUbdIzC              $CA62: D0 F6     BNE $CA5A
A:01 X:0B Y:35 S:F2 P:nvUbdIzC              $CA5A: BD 90 03  LDA $0390,X @ $039B = #$00
A:00 X:0B Y:35 S:F2 P:nvUbdIZC              $CA5D: 8D 07 20  STA $2007 = #$00
A:00 X:0B Y:35 S:F2 P:nvUbdIZC              $CA60: E8        INX
A:00 X:0C Y:35 S:F2 P:nvUbdIzC              $CA61: 88        DEY
A:00 X:0C Y:34 S:F2 P:nvUbdIzC              $CA62: D0 F6     BNE $CA5A
A:00 X:0C Y:34 S:F2 P:nvUbdIzC              $CA5A: BD 90 03  LDA $0390,X @ $039C = #$00
A:00 X:0C Y:34 S:F2 P:nvUbdIZC              $CA5D: 8D 07 20  STA $2007 = #$00
A:00 X:0C Y:34 S:F2 P:nvUbdIZC              $CA60: E8        INX
A:00 X:0D Y:34 S:F2 P:nvUbdIzC              $CA61: 88        DEY
A:00 X:0D Y:33 S:F2 P:nvUbdIzC              $CA62: D0 F6     BNE $CA5A
A:00 X:0D Y:33 S:F2 P:nvUbdIzC              $CA5A: BD 90 03  LDA $0390,X @ $039D = #$06
A:06 X:0D Y:33 S:F2 P:nvUbdIzC              $CA5D: 8D 07 20  STA $2007 = #$00
A:06 X:0D Y:33 S:F2 P:nvUbdIzC              $CA60: E8        INX
A:06 X:0E Y:33 S:F2 P:nvUbdIzC              $CA61: 88        DEY
A:06 X:0E Y:32 S:F2 P:nvUbdIzC              $CA62: D0 F6     BNE $CA5A
A:06 X:0E Y:32 S:F2 P:nvUbdIzC              $CA5A: BD 90 03  LDA $0390,X @ $039E = #$00
A:00 X:0E Y:32 S:F2 P:nvUbdIZC              $CA5D: 8D 07 20  STA $2007 = #$00
A:00 X:0E Y:32 S:F2 P:nvUbdIZC              $CA60: E8        INX
A:00 X:0F Y:32 S:F2 P:nvUbdIzC              $CA61: 88        DEY
A:00 X:0F Y:31 S:F2 P:nvUbdIzC              $CA62: D0 F6     BNE $CA5A
A:00 X:0F Y:31 S:F2 P:nvUbdIzC              $CA5A: BD 90 03  LDA $0390,X @ $039F = #$30
A:30 X:0F Y:31 S:F2 P:nvUbdIzC              $CA5D: 8D 07 20  STA $2007 = #$00
A:30 X:0F Y:31 S:F2 P:nvUbdIzC              $CA60: E8        INX
A:30 X:10 Y:31 S:F2 P:nvUbdIzC              $CA61: 88        DEY
A:30 X:10 Y:30 S:F2 P:nvUbdIzC              $CA62: D0 F6     BNE $CA5A
A:30 X:10 Y:30 S:F2 P:nvUbdIzC              $CA5A: BD 90 03  LDA $0390,X @ $03A0 = #$00
A:00 X:10 Y:30 S:F2 P:nvUbdIZC              $CA5D: 8D 07 20  STA $2007 = #$00
A:00 X:10 Y:30 S:F2 P:nvUbdIZC              $CA60: E8        INX
A:00 X:11 Y:30 S:F2 P:nvUbdIzC              $CA61: 88        DEY
A:00 X:11 Y:2F S:F2 P:nvUbdIzC              $CA62: D0 F6     BNE $CA5A
A:00 X:11 Y:2F S:F2 P:nvUbdIzC              $CA5A: BD 90 03  LDA $0390,X @ $03A1 = #$00
A:00 X:11 Y:2F S:F2 P:nvUbdIZC              $CA5D: 8D 07 20  STA $2007 = #$00
A:00 X:11 Y:2F S:F2 P:nvUbdIZC              $CA60: E8        INX
A:00 X:12 Y:2F S:F2 P:nvUbdIzC              $CA61: 88        DEY
A:00 X:12 Y:2E S:F2 P:nvUbdIzC              $CA62: D0 F6     BNE $CA5A
A:00 X:12 Y:2E S:F2 P:nvUbdIzC              $CA5A: BD 90 03  LDA $0390,X @ $03A2 = #$0C
A:0C X:12 Y:2E S:F2 P:nvUbdIzC              $CA5D: 8D 07 20  STA $2007 = #$00
A:0C X:12 Y:2E S:F2 P:nvUbdIzC              $CA60: E8        INX
A:0C X:13 Y:2E S:F2 P:nvUbdIzC              $CA61: 88        DEY
A:0C X:13 Y:2D S:F2 P:nvUbdIzC              $CA62: D0 F6     BNE $CA5A
A:0C X:13 Y:2D S:F2 P:nvUbdIzC              $CA5A: BD 90 03  LDA $0390,X @ $03A3 = #$80
A:80 X:13 Y:2D S:F2 P:NvUbdIzC              $CA5D: 8D 07 20  STA $2007 = #$00
A:80 X:13 Y:2D S:F2 P:NvUbdIzC              $CA60: E8        INX
A:80 X:14 Y:2D S:F2 P:nvUbdIzC              $CA61: 88        DEY
A:80 X:14 Y:2C S:F2 P:nvUbdIzC              $CA62: D0 F6     BNE $CA5A
A:80 X:14 Y:2C S:F2 P:nvUbdIzC              $CA5A: BD 90 03  LDA $0390,X @ $03A4 = #$00
A:00 X:14 Y:2C S:F2 P:nvUbdIZC              $CA5D: 8D 07 20  STA $2007 = #$00
A:00 X:14 Y:2C S:F2 P:nvUbdIZC              $CA60: E8        INX
A:00 X:15 Y:2C S:F2 P:nvUbdIzC              $CA61: 88        DEY
A:00 X:15 Y:2B S:F2 P:nvUbdIzC              $CA62: D0 F6     BNE $CA5A
A:00 X:15 Y:2B S:F2 P:nvUbdIzC              $CA5A: BD 90 03  LDA $0390,X @ $03A5 = #$00
A:00 X:15 Y:2B S:F2 P:nvUbdIZC              $CA5D: 8D 07 20  STA $2007 = #$00
A:00 X:15 Y:2B S:F2 P:nvUbdIZC              $CA60: E8        INX
A:00 X:16 Y:2B S:F2 P:nvUbdIzC              $CA61: 88        DEY
A:00 X:16 Y:2A S:F2 P:nvUbdIzC              $CA62: D0 F6     BNE $CA5A
A:00 X:16 Y:2A S:F2 P:nvUbdIzC              $CA5A: BD 90 03  LDA $0390,X @ $03A6 = #$04
A:04 X:16 Y:2A S:F2 P:nvUbdIzC              $CA5D: 8D 07 20  STA $2007 = #$00
A:04 X:16 Y:2A S:F2 P:nvUbdIzC              $CA60: E8        INX
A:04 X:17 Y:2A S:F2 P:nvUbdIzC              $CA61: 88        DEY
A:04 X:17 Y:29 S:F2 P:nvUbdIzC              $CA62: D0 F6     BNE $CA5A
A:04 X:17 Y:29 S:F2 P:nvUbdIzC              $CA5A: BD 90 03  LDA $0390,X @ $03A7 = #$00
A:00 X:17 Y:29 S:F2 P:nvUbdIZC              $CA5D: 8D 07 20  STA $2007 = #$00
A:00 X:17 Y:29 S:F2 P:nvUbdIZC              $CA60: E8        INX
A:00 X:18 Y:29 S:F2 P:nvUbdIzC              $CA61: 88        DEY
A:00 X:18 Y:28 S:F2 P:nvUbdIzC              $CA62: D0 F6     BNE $CA5A
A:00 X:18 Y:28 S:F2 P:nvUbdIzC              $CA5A: BD 90 03  LDA $0390,X @ $03A8 = #$00
A:00 X:18 Y:28 S:F2 P:nvUbdIZC              $CA5D: 8D 07 20  STA $2007 = #$00
A:00 X:18 Y:28 S:F2 P:nvUbdIZC              $CA60: E8        INX
A:00 X:19 Y:28 S:F2 P:nvUbdIzC              $CA61: 88        DEY
A:00 X:19 Y:27 S:F2 P:nvUbdIzC              $CA62: D0 F6     BNE $CA5A
A:00 X:19 Y:27 S:F2 P:nvUbdIzC              $CA5A: BD 90 03  LDA $0390,X @ $03A9 = #$00
A:00 X:19 Y:27 S:F2 P:nvUbdIZC              $CA5D: 8D 07 20  STA $2007 = #$00
A:00 X:19 Y:27 S:F2 P:nvUbdIZC              $CA60: E8        INX
A:00 X:1A Y:27 S:F2 P:nvUbdIzC              $CA61: 88        DEY
A:00 X:1A Y:26 S:F2 P:nvUbdIzC              $CA62: D0 F6     BNE $CA5A
A:00 X:1A Y:26 S:F2 P:nvUbdIzC              $CA5A: BD 90 03  LDA $0390,X @ $03AA = #$0C
A:0C X:1A Y:26 S:F2 P:nvUbdIzC              $CA5D: 8D 07 20  STA $2007 = #$00
A:0C X:1A Y:26 S:F2 P:nvUbdIzC              $CA60: E8        INX
A:0C X:1B Y:26 S:F2 P:nvUbdIzC              $CA61: 88        DEY
A:0C X:1B Y:25 S:F2 P:nvUbdIzC              $CA62: D0 F6     BNE $CA5A
A:0C X:1B Y:25 S:F2 P:nvUbdIzC              $CA5A: BD 90 03  LDA $0390,X @ $03AB = #$80
A:80 X:1B Y:25 S:F2 P:NvUbdIzC              $CA5D: 8D 07 20  STA $2007 = #$00
A:80 X:1B Y:25 S:F2 P:NvUbdIzC              $CA60: E8        INX
A:80 X:1C Y:25 S:F2 P:nvUbdIzC              $CA61: 88        DEY
A:80 X:1C Y:24 S:F2 P:nvUbdIzC              $CA62: D0 F6     BNE $CA5A
A:80 X:1C Y:24 S:F2 P:nvUbdIzC              $CA5A: BD 90 03  LDA $0390,X @ $03AC = #$00
A:00 X:1C Y:24 S:F2 P:nvUbdIZC              $CA5D: 8D 07 20  STA $2007 = #$00
A:00 X:1C Y:24 S:F2 P:nvUbdIZC              $CA60: E8        INX
A:00 X:1D Y:24 S:F2 P:nvUbdIzC              $CA61: 88        DEY
A:00 X:1D Y:23 S:F2 P:nvUbdIzC              $CA62: D0 F6     BNE $CA5A
A:00 X:1D Y:23 S:F2 P:nvUbdIzC              $CA5A: BD 90 03  LDA $0390,X @ $03AD = #$00
A:00 X:1D Y:23 S:F2 P:nvUbdIZC              $CA5D: 8D 07 20  STA $2007 = #$00
A:00 X:1D Y:23 S:F2 P:nvUbdIZC              $CA60: E8        INX
A:00 X:1E Y:23 S:F2 P:nvUbdIzC              $CA61: 88        DEY
A:00 X:1E Y:22 S:F2 P:nvUbdIzC              $CA62: D0 F6     BNE $CA5A
A:00 X:1E Y:22 S:F2 P:nvUbdIzC              $CA5A: BD 90 03  LDA $0390,X @ $03AE = #$04
A:04 X:1E Y:22 S:F2 P:nvUbdIzC              $CA5D: 8D 07 20  STA $2007 = #$00
A:04 X:1E Y:22 S:F2 P:nvUbdIzC              $CA60: E8        INX
A:04 X:1F Y:22 S:F2 P:nvUbdIzC              $CA61: 88        DEY
A:04 X:1F Y:21 S:F2 P:nvUbdIzC              $CA62: D0 F6     BNE $CA5A
A:04 X:1F Y:21 S:F2 P:nvUbdIzC              $CA5A: BD 90 03  LDA $0390,X @ $03AF = #$00
A:00 X:1F Y:21 S:F2 P:nvUbdIZC              $CA5D: 8D 07 20  STA $2007 = #$00
A:00 X:1F Y:21 S:F2 P:nvUbdIZC              $CA60: E8        INX
A:00 X:20 Y:21 S:F2 P:nvUbdIzC              $CA61: 88        DEY
A:00 X:20 Y:20 S:F2 P:nvUbdIzC              $CA62: D0 F6     BNE $CA5A
A:00 X:20 Y:20 S:F2 P:nvUbdIzC              $CA5A: BD 90 03  LDA $0390,X @ $03B0 = #$0C
A:0C X:20 Y:20 S:F2 P:nvUbdIzC              $CA5D: 8D 07 20  STA $2007 = #$00
A:0C X:20 Y:20 S:F2 P:nvUbdIzC              $CA60: E8        INX
A:0C X:21 Y:20 S:F2 P:nvUbdIzC              $CA61: 88        DEY
A:0C X:21 Y:1F S:F2 P:nvUbdIzC              $CA62: D0 F6     BNE $CA5A
A:0C X:21 Y:1F S:F2 P:nvUbdIzC              $CA5A: BD 90 03  LDA $0390,X @ $03B1 = #$00
A:00 X:21 Y:1F S:F2 P:nvUbdIZC              $CA5D: 8D 07 20  STA $2007 = #$00
A:00 X:21 Y:1F S:F2 P:nvUbdIZC              $CA60: E8        INX
A:00 X:22 Y:1F S:F2 P:nvUbdIzC              $CA61: 88        DEY
A:00 X:22 Y:1E S:F2 P:nvUbdIzC              $CA62: D0 F6     BNE $CA5A
A:00 X:22 Y:1E S:F2 P:nvUbdIzC              $CA5A: BD 90 03  LDA $0390,X @ $03B2 = #$80
A:80 X:22 Y:1E S:F2 P:NvUbdIzC              $CA5D: 8D 07 20  STA $2007 = #$00
A:80 X:22 Y:1E S:F2 P:NvUbdIzC              $CA60: E8        INX
A:80 X:23 Y:1E S:F2 P:nvUbdIzC              $CA61: 88        DEY
A:80 X:23 Y:1D S:F2 P:nvUbdIzC              $CA62: D0 F6     BNE $CA5A
A:80 X:23 Y:1D S:F2 P:nvUbdIzC              $CA5A: BD 90 03  LDA $0390,X @ $03B3 = #$06
A:06 X:23 Y:1D S:F2 P:nvUbdIzC              $CA5D: 8D 07 20  STA $2007 = #$00
A:06 X:23 Y:1D S:F2 P:nvUbdIzC              $CA60: E8        INX
A:06 X:24 Y:1D S:F2 P:nvUbdIzC              $CA61: 88        DEY
A:06 X:24 Y:1C S:F2 P:nvUbdIzC              $CA62: D0 F6     BNE $CA5A
A:06 X:24 Y:1C S:F2 P:nvUbdIzC              $CA5A: BD 90 03  LDA $0390,X @ $03B4 = #$00
A:00 X:24 Y:1C S:F2 P:nvUbdIZC              $CA5D: 8D 07 20  STA $2007 = #$00
A:00 X:24 Y:1C S:F2 P:nvUbdIZC              $CA60: E8        INX
A:00 X:25 Y:1C S:F2 P:nvUbdIzC              $CA61: 88        DEY
A:00 X:25 Y:1B S:F2 P:nvUbdIzC              $CA62: D0 F6     BNE $CA5A
A:00 X:25 Y:1B S:F2 P:nvUbdIzC              $CA5A: BD 90 03  LDA $0390,X @ $03B5 = #$00
A:00 X:25 Y:1B S:F2 P:nvUbdIZC              $CA5D: 8D 07 20  STA $2007 = #$00
A:00 X:25 Y:1B S:F2 P:nvUbdIZC              $CA60: E8        INX
A:00 X:26 Y:1B S:F2 P:nvUbdIzC              $CA61: 88        DEY
A:00 X:26 Y:1A S:F2 P:nvUbdIzC              $CA62: D0 F6     BNE $CA5A
A:00 X:26 Y:1A S:F2 P:nvUbdIzC              $CA5A: BD 90 03  LDA $0390,X @ $03B6 = #$00
A:00 X:26 Y:1A S:F2 P:nvUbdIZC              $CA5D: 8D 07 20  STA $2007 = #$00
A:00 X:26 Y:1A S:F2 P:nvUbdIZC              $CA60: E8        INX
A:00 X:27 Y:1A S:F2 P:nvUbdIzC              $CA61: 88        DEY
A:00 X:27 Y:19 S:F2 P:nvUbdIzC              $CA62: D0 F6     BNE $CA5A
A:00 X:27 Y:19 S:F2 P:nvUbdIzC              $CA5A: BD 90 03  LDA $0390,X @ $03B7 = #$60
A:60 X:27 Y:19 S:F2 P:nvUbdIzC              $CA5D: 8D 07 20  STA $2007 = #$00
A:60 X:27 Y:19 S:F2 P:nvUbdIzC              $CA60: E8        INX
A:60 X:28 Y:19 S:F2 P:nvUbdIzC              $CA61: 88        DEY
A:60 X:28 Y:18 S:F2 P:nvUbdIzC              $CA62: D0 F6     BNE $CA5A
A:60 X:28 Y:18 S:F2 P:nvUbdIzC              $CA5A: BD 90 03  LDA $0390,X @ $03B8 = #$0C
A:0C X:28 Y:18 S:F2 P:nvUbdIzC              $CA5D: 8D 07 20  STA $2007 = #$00
A:0C X:28 Y:18 S:F2 P:nvUbdIzC              $CA60: E8        INX
A:0C X:29 Y:18 S:F2 P:nvUbdIzC              $CA61: 88        DEY
A:0C X:29 Y:17 S:F2 P:nvUbdIzC              $CA62: D0 F6     BNE $CA5A
A:0C X:29 Y:17 S:F2 P:nvUbdIzC              $CA5A: BD 90 03  LDA $0390,X @ $03B9 = #$00
A:00 X:29 Y:17 S:F2 P:nvUbdIZC              $CA5D: 8D 07 20  STA $2007 = #$00
A:00 X:29 Y:17 S:F2 P:nvUbdIZC              $CA60: E8        INX
A:00 X:2A Y:17 S:F2 P:nvUbdIzC              $CA61: 88        DEY
A:00 X:2A Y:16 S:F2 P:nvUbdIzC              $CA62: D0 F6     BNE $CA5A
A:00 X:2A Y:16 S:F2 P:nvUbdIzC              $CA5A: BD 90 03  LDA $0390,X @ $03BA = #$80
A:80 X:2A Y:16 S:F2 P:NvUbdIzC              $CA5D: 8D 07 20  STA $2007 = #$00
A:80 X:2A Y:16 S:F2 P:NvUbdIzC              $CA60: E8        INX
A:80 X:2B Y:16 S:F2 P:nvUbdIzC              $CA61: 88        DEY
A:80 X:2B Y:15 S:F2 P:nvUbdIzC              $CA62: D0 F6     BNE $CA5A
A:80 X:2B Y:15 S:F2 P:nvUbdIzC              $CA5A: BD 90 03  LDA $0390,X @ $03BB = #$06
A:06 X:2B Y:15 S:F2 P:nvUbdIzC              $CA5D: 8D 07 20  STA $2007 = #$00
A:06 X:2B Y:15 S:F2 P:nvUbdIzC              $CA60: E8        INX
A:06 X:2C Y:15 S:F2 P:nvUbdIzC              $CA61: 88        DEY
A:06 X:2C Y:14 S:F2 P:nvUbdIzC              $CA62: D0 F6     BNE $CA5A
A:06 X:2C Y:14 S:F2 P:nvUbdIzC              $CA5A: BD 90 03  LDA $0390,X @ $03BC = #$00
A:00 X:2C Y:14 S:F2 P:nvUbdIZC              $CA5D: 8D 07 20  STA $2007 = #$00
A:00 X:2C Y:14 S:F2 P:nvUbdIZC              $CA60: E8        INX
A:00 X:2D Y:14 S:F2 P:nvUbdIzC              $CA61: 88        DEY
A:00 X:2D Y:13 S:F2 P:nvUbdIzC              $CA62: D0 F6     BNE $CA5A
A:00 X:2D Y:13 S:F2 P:nvUbdIzC              $CA5A: BD 90 03  LDA $0390,X @ $03BD = #$00
A:00 X:2D Y:13 S:F2 P:nvUbdIZC              $CA5D: 8D 07 20  STA $2007 = #$00
A:00 X:2D Y:13 S:F2 P:nvUbdIZC              $CA60: E8        INX
A:00 X:2E Y:13 S:F2 P:nvUbdIzC              $CA61: 88        DEY
A:00 X:2E Y:12 S:F2 P:nvUbdIzC              $CA62: D0 F6     BNE $CA5A
A:00 X:2E Y:12 S:F2 P:nvUbdIzC              $CA5A: BD 90 03  LDA $0390,X @ $03BE = #$00
A:00 X:2E Y:12 S:F2 P:nvUbdIZC              $CA5D: 8D 07 20  STA $2007 = #$00
A:00 X:2E Y:12 S:F2 P:nvUbdIZC              $CA60: E8        INX
A:00 X:2F Y:12 S:F2 P:nvUbdIzC              $CA61: 88        DEY
A:00 X:2F Y:11 S:F2 P:nvUbdIzC              $CA62: D0 F6     BNE $CA5A
A:00 X:2F Y:11 S:F2 P:nvUbdIzC              $CA5A: BD 90 03  LDA $0390,X @ $03BF = #$60
A:60 X:2F Y:11 S:F2 P:nvUbdIzC              $CA5D: 8D 07 20  STA $2007 = #$00
A:60 X:2F Y:11 S:F2 P:nvUbdIzC              $CA60: E8        INX
A:60 X:30 Y:11 S:F2 P:nvUbdIzC              $CA61: 88        DEY
A:60 X:30 Y:10 S:F2 P:nvUbdIzC              $CA62: D0 F6     BNE $CA5A
A:60 X:30 Y:10 S:F2 P:nvUbdIzC              $CA5A: BD 90 03  LDA $0390,X @ $03C0 = #$00
A:00 X:30 Y:10 S:F2 P:nvUbdIZC              $CA5D: 8D 07 20  STA $2007 = #$00
A:00 X:30 Y:10 S:F2 P:nvUbdIZC              $CA60: E8        INX
A:00 X:31 Y:10 S:F2 P:nvUbdIzC              $CA61: 88        DEY
A:00 X:31 Y:0F S:F2 P:nvUbdIzC              $CA62: D0 F6     BNE $CA5A
A:00 X:31 Y:0F S:F2 P:nvUbdIzC              $CA5A: BD 90 03  LDA $0390,X @ $03C1 = #$00
A:00 X:31 Y:0F S:F2 P:nvUbdIZC              $CA5D: 8D 07 20  STA $2007 = #$00
A:00 X:31 Y:0F S:F2 P:nvUbdIZC              $CA60: E8        INX
A:00 X:32 Y:0F S:F2 P:nvUbdIzC              $CA61: 88        DEY
A:00 X:32 Y:0E S:F2 P:nvUbdIzC              $CA62: D0 F6     BNE $CA5A
A:00 X:32 Y:0E S:F2 P:nvUbdIzC              $CA5A: BD 90 03  LDA $0390,X @ $03C2 = #$00
A:00 X:32 Y:0E S:F2 P:nvUbdIZC              $CA5D: 8D 07 20  STA $2007 = #$00
A:00 X:32 Y:0E S:F2 P:nvUbdIZC              $CA60: E8        INX
A:00 X:33 Y:0E S:F2 P:nvUbdIzC              $CA61: 88        DEY
A:00 X:33 Y:0D S:F2 P:nvUbdIzC              $CA62: D0 F6     BNE $CA5A
A:00 X:33 Y:0D S:F2 P:nvUbdIzC              $CA5A: BD 90 03  LDA $0390,X @ $03C3 = #$01
A:01 X:33 Y:0D S:F2 P:nvUbdIzC              $CA5D: 8D 07 20  STA $2007 = #$00
A:01 X:33 Y:0D S:F2 P:nvUbdIzC              $CA60: E8        INX
A:01 X:34 Y:0D S:F2 P:nvUbdIzC              $CA61: 88        DEY
A:01 X:34 Y:0C S:F2 P:nvUbdIzC              $CA62: D0 F6     BNE $CA5A
A:01 X:34 Y:0C S:F2 P:nvUbdIzC              $CA5A: BD 90 03  LDA $0390,X @ $03C4 = #$00
A:00 X:34 Y:0C S:F2 P:nvUbdIZC              $CA5D: 8D 07 20  STA $2007 = #$00
A:00 X:34 Y:0C S:F2 P:nvUbdIZC              $CA60: E8        INX
A:00 X:35 Y:0C S:F2 P:nvUbdIzC              $CA61: 88        DEY
A:00 X:35 Y:0B S:F2 P:nvUbdIzC              $CA62: D0 F6     BNE $CA5A
A:00 X:35 Y:0B S:F2 P:nvUbdIzC              $CA5A: BD 90 03  LDA $0390,X @ $03C5 = #$30
A:30 X:35 Y:0B S:F2 P:nvUbdIzC              $CA5D: 8D 07 20  STA $2007 = #$00
A:30 X:35 Y:0B S:F2 P:nvUbdIzC              $CA60: E8        INX
A:30 X:36 Y:0B S:F2 P:nvUbdIzC              $CA61: 88        DEY
A:30 X:36 Y:0A S:F2 P:nvUbdIzC              $CA62: D0 F6     BNE $CA5A
A:30 X:36 Y:0A S:F2 P:nvUbdIzC              $CA5A: BD 90 03  LDA $0390,X @ $03C6 = #$00
A:00 X:36 Y:0A S:F2 P:nvUbdIZC              $CA5D: 8D 07 20  STA $2007 = #$00
A:00 X:36 Y:0A S:F2 P:nvUbdIZC              $CA60: E8        INX
A:00 X:37 Y:0A S:F2 P:nvUbdIzC              $CA61: 88        DEY
A:00 X:37 Y:09 S:F2 P:nvUbdIzC              $CA62: D0 F6     BNE $CA5A
A:00 X:37 Y:09 S:F2 P:nvUbdIzC              $CA5A: BD 90 03  LDA $0390,X @ $03C7 = #$00
A:00 X:37 Y:09 S:F2 P:nvUbdIZC              $CA5D: 8D 07 20  STA $2007 = #$00
A:00 X:37 Y:09 S:F2 P:nvUbdIZC              $CA60: E8        INX
A:00 X:38 Y:09 S:F2 P:nvUbdIzC              $CA61: 88        DEY
A:00 X:38 Y:08 S:F2 P:nvUbdIzC              $CA62: D0 F6     BNE $CA5A
A:00 X:38 Y:08 S:F2 P:nvUbdIzC              $CA5A: BD 90 03  LDA $0390,X @ $03C8 = #$00
A:00 X:38 Y:08 S:F2 P:nvUbdIZC              $CA5D: 8D 07 20  STA $2007 = #$00
A:00 X:38 Y:08 S:F2 P:nvUbdIZC              $CA60: E8        INX
A:00 X:39 Y:08 S:F2 P:nvUbdIzC              $CA61: 88        DEY
A:00 X:39 Y:07 S:F2 P:nvUbdIzC              $CA62: D0 F6     BNE $CA5A
A:00 X:39 Y:07 S:F2 P:nvUbdIzC              $CA5A: BD 90 03  LDA $0390,X @ $03C9 = #$00
A:00 X:39 Y:07 S:F2 P:nvUbdIZC              $CA5D: 8D 07 20  STA $2007 = #$00
A:00 X:39 Y:07 S:F2 P:nvUbdIZC              $CA60: E8        INX
A:00 X:3A Y:07 S:F2 P:nvUbdIzC              $CA61: 88        DEY
A:00 X:3A Y:06 S:F2 P:nvUbdIzC              $CA62: D0 F6     BNE $CA5A
A:00 X:3A Y:06 S:F2 P:nvUbdIzC              $CA5A: BD 90 03  LDA $0390,X @ $03CA = #$00
A:00 X:3A Y:06 S:F2 P:nvUbdIZC              $CA5D: 8D 07 20  STA $2007 = #$00
A:00 X:3A Y:06 S:F2 P:nvUbdIZC              $CA60: E8        INX
A:00 X:3B Y:06 S:F2 P:nvUbdIzC              $CA61: 88        DEY
A:00 X:3B Y:05 S:F2 P:nvUbdIzC              $CA62: D0 F6     BNE $CA5A
A:00 X:3B Y:05 S:F2 P:nvUbdIzC              $CA5A: BD 90 03  LDA $0390,X @ $03CB = #$01
A:01 X:3B Y:05 S:F2 P:nvUbdIzC              $CA5D: 8D 07 20  STA $2007 = #$00
A:01 X:3B Y:05 S:F2 P:nvUbdIzC              $CA60: E8        INX
A:01 X:3C Y:05 S:F2 P:nvUbdIzC              $CA61: 88        DEY
A:01 X:3C Y:04 S:F2 P:nvUbdIzC              $CA62: D0 F6     BNE $CA5A
A:01 X:3C Y:04 S:F2 P:nvUbdIzC              $CA5A: BD 90 03  LDA $0390,X @ $03CC = #$00
A:00 X:3C Y:04 S:F2 P:nvUbdIZC              $CA5D: 8D 07 20  STA $2007 = #$00
A:00 X:3C Y:04 S:F2 P:nvUbdIZC              $CA60: E8        INX
A:00 X:3D Y:04 S:F2 P:nvUbdIzC              $CA61: 88        DEY
A:00 X:3D Y:03 S:F2 P:nvUbdIzC              $CA62: D0 F6     BNE $CA5A
A:00 X:3D Y:03 S:F2 P:nvUbdIzC              $CA5A: BD 90 03  LDA $0390,X @ $03CD = #$30
A:30 X:3D Y:03 S:F2 P:nvUbdIzC              $CA5D: 8D 07 20  STA $2007 = #$00
A:30 X:3D Y:03 S:F2 P:nvUbdIzC              $CA60: E8        INX
A:30 X:3E Y:03 S:F2 P:nvUbdIzC              $CA61: 88        DEY
A:30 X:3E Y:02 S:F2 P:nvUbdIzC              $CA62: D0 F6     BNE $CA5A
A:30 X:3E Y:02 S:F2 P:nvUbdIzC              $CA5A: BD 90 03  LDA $0390,X @ $03CE = #$00
A:00 X:3E Y:02 S:F2 P:nvUbdIZC              $CA5D: 8D 07 20  STA $2007 = #$00
A:00 X:3E Y:02 S:F2 P:nvUbdIZC              $CA60: E8        INX
A:00 X:3F Y:02 S:F2 P:nvUbdIzC              $CA61: 88        DEY
A:00 X:3F Y:01 S:F2 P:nvUbdIzC              $CA62: D0 F6     BNE $CA5A
A:00 X:3F Y:01 S:F2 P:nvUbdIzC              $CA5A: BD 90 03  LDA $0390,X @ $03CF = #$00
A:00 X:3F Y:01 S:F2 P:nvUbdIZC              $CA5D: 8D 07 20  STA $2007 = #$00
A:00 X:3F Y:01 S:F2 P:nvUbdIZC              $CA60: E8        INX
A:00 X:40 Y:01 S:F2 P:nvUbdIzC              $CA61: 88        DEY
A:00 X:40 Y:00 S:F2 P:nvUbdIZC              $CA62: D0 F6     BNE $CA5A
A:00 X:40 Y:00 S:F2 P:nvUbdIZC              $CA64: 60        RTS (from $CA49) ----------------------------
A:00 X:40 Y:00 S:F4 P:nvUbdIZC            $C2C5: A5 FF     LDA $FF = #$B2
A:B2 X:40 Y:00 S:F4 P:NvUbdIzC            $C2C7: 29 FD     AND #$FD
A:B0 X:40 Y:00 S:F4 P:NvUbdIzC            $C2C9: 85 FF     STA $FF = #$B2
A:B0 X:40 Y:00 S:F4 P:NvUbdIzC            $C2CB: AD 0E 07  LDA $070E = #$03
A:03 X:40 Y:00 S:F4 P:nvUbdIzC            $C2CE: 2A        ROL
A:07 X:40 Y:00 S:F4 P:nvUbdIzc            $C2CF: 29 02     AND #$02
A:02 X:40 Y:00 S:F4 P:nvUbdIzc            $C2D1: 05 FF     ORA $FF = #$B0
A:B2 X:40 Y:00 S:F4 P:NvUbdIzc            $C2D3: 85 FF     STA $FF = #$B0
A:B2 X:40 Y:00 S:F4 P:NvUbdIzc            $C2D5: 8D 00 20  STA $2000 = #$B2
A:B2 X:40 Y:00 S:F4 P:NvUbdIzc            $C2D8: AD 02 20  LDA $2002 = #$52
A:52 X:40 Y:00 S:F4 P:nvUbdIzc            $C2DB: AD 03 07  LDA $0703 = #$00
A:00 X:40 Y:00 S:F4 P:nvUbdIZc            $C2DE: 8D 05 20  STA $2005 = #$00
A:00 X:40 Y:00 S:F4 P:nvUbdIZc            $C2E1: AD 0F 07  LDA $070F = #$78
A:78 X:40 Y:00 S:F4 P:nvUbdIzc            $C2E4: 8D 05 20  STA $2005 = #$00
A:78 X:40 Y:00 S:F4 P:nvUbdIzc            $C2E7: A5 FE     LDA $FE = #$1E
A:1E X:40 Y:00 S:F4 P:nvUbdIzc            $C2E9: 8D 01 20  STA $2001 = #$00
A:1E X:40 Y:00 S:F4 P:nvUbdIzc            $C2EC: 20 26 C0  JSR $C026
A:1E X:40 Y:00 S:F2 P:nvUbdIzc              $C026: A5 B0     LDA $B0 = #$00
A:00 X:40 Y:00 S:F2 P:nvUbdIZc              $C028: D0 08     BNE $C032
A:00 X:40 Y:00 S:F2 P:nvUbdIZc              $C02A: AE 79 06  LDX $0679 = #$01
A:00 X:01 Y:00 S:F2 P:nvUbdIzc              $C02D: EC 78 06  CPX $0678 = #$01
A:00 X:01 Y:00 S:F2 P:nvUbdIZC              $C030: D0 0F     BNE $C041
A:00 X:01 Y:00 S:F2 P:nvUbdIZC              $C032: 60        RTS (from $C026) ----------------------------
A:00 X:01 Y:00 S:F4 P:nvUbdIZC            $C2EF: 20 23 C3  JSR $C323
A:00 X:01 Y:00 S:F2 P:nvUbdIZC              $C323: A5 4D     LDA $4D = #$00
A:00 X:01 Y:00 S:F2 P:nvUbdIZC              $C325: D0 ED     BNE $C314
A:00 X:01 Y:00 S:F2 P:nvUbdIZC              $C327: A5 58     LDA $58 = #$0B
A:0B X:01 Y:00 S:F2 P:nvUbdIzC              $C329: C9 F0     CMP #$F0
A:0B X:01 Y:00 S:F2 P:nvUbdIzc              $C32B: F0 07     BEQ $C334
A:0B X:01 Y:00 S:F2 P:nvUbdIzc              $C32D: 20 15 C3  JSR $C315
A:0B X:01 Y:00 S:F0 P:nvUbdIzc                $C315: A5 4D     LDA $4D = #$00
A:00 X:01 Y:00 S:F0 P:nvUbdIZc                $C317: D0 FB     BNE $C314
A:00 X:01 Y:00 S:F0 P:nvUbdIZc                $C319: A5 58     LDA $58 = #$0B
A:0B X:01 Y:00 S:F0 P:nvUbdIzc                $C31B: A2 05     LDX #$05
A:0B X:05 Y:00 S:F0 P:nvUbdIzc                $C31D: 8E 05 C0  STX $C005 = #$05
A:0B X:05 Y:00 S:F0 P:nvUbdIzc                $C320: 4C 03 80  JMP $8003
A:0B X:05 Y:00 S:F0 P:nvUbdIzc                $8003: C9 FC     CMP #$FC
A:0B X:05 Y:00 S:F0 P:nvUbdIzc                $8005: D0 03     BNE $800A
A:0B X:05 Y:00 S:F0 P:nvUbdIzc                $800A: C9 FD     CMP #$FD
A:0B X:05 Y:00 S:F0 P:nvUbdIzc                $800C: D0 03     BNE $8011
A:0B X:05 Y:00 S:F0 P:nvUbdIzc                $8011: C9 FE     CMP #$FE
A:0B X:05 Y:00 S:F0 P:nvUbdIzc                $8013: D0 0B     BNE $8020
A:0B X:05 Y:00 S:F0 P:nvUbdIzc                $8020: C9 FF     CMP #$FF
A:0B X:05 Y:00 S:F0 P:nvUbdIzc                $8022: D0 0B     BNE $802F
A:0B X:05 Y:00 S:F0 P:nvUbdIzc                $802F: 0A        ASL
A:16 X:05 Y:00 S:F0 P:nvUbdIzc                $8030: AA        TAX
A:16 X:16 Y:00 S:F0 P:nvUbdIzc                $8031: BD 50 8A  LDA $8A50,X @ $8A66 = #$68
A:68 X:16 Y:00 S:F0 P:nvUbdIzc                $8034: 85 C2     STA $C2 = #$DF
A:68 X:16 Y:00 S:F0 P:nvUbdIzc                $8036: BD 51 8A  LDA $8A51,X @ $8A67 = #$9C
A:9C X:16 Y:00 S:F0 P:NvUbdIzc                $8039: 85 C3     STA $C3 = #$A4
A:9C X:16 Y:00 S:F0 P:NvUbdIzc                $803B: A0 00     LDY #$00
A:9C X:16 Y:00 S:F0 P:nvUbdIZc                $803D: B1 C2     LDA ($C2),Y @ $9C68 = #$0F
A:0F X:16 Y:00 S:F0 P:nvUbdIzc                $803F: AA        TAX
A:0F X:0F Y:00 S:F0 P:nvUbdIzc                $8040: 29 0F     AND #$0F
A:0F X:0F Y:00 S:F0 P:nvUbdIzc                $8042: F0 77     BEQ $80BB
A:0F X:0F Y:00 S:F0 P:nvUbdIzc                $8044: A5 C0     LDA $C0 = #$0F
A:0F X:0F Y:00 S:F0 P:nvUbdIzc                $8046: 29 0F     AND #$0F
A:0F X:0F Y:00 S:F0 P:nvUbdIzc                $8048: 85 C5     STA $C5 = #$00
A:0F X:0F Y:00 S:F0 P:nvUbdIzc                $804A: E4 C5     CPX $C5 = #$0F
A:0F X:0F Y:00 S:F0 P:nvUbdIZC                $804C: B0 01     BCS $804F
A:0F X:0F Y:00 S:F0 P:nvUbdIZC                $804F: 86 C5     STX $C5 = #$0F
A:0F X:0F Y:00 S:F0 P:nvUbdIZC                $8051: A5 C0     LDA $C0 = #$0F
A:0F X:0F Y:00 S:F0 P:nvUbdIzC                $8053: 29 F0     AND #$F0
A:00 X:0F Y:00 S:F0 P:nvUbdIZC                $8055: 05 C5     ORA $C5 = #$0F
A:0F X:0F Y:00 S:F0 P:nvUbdIzC                $8057: 85 C0     STA $C0 = #$0F
A:0F X:0F Y:00 S:F0 P:nvUbdIzC                $8059: A9 01     LDA #$01
A:01 X:0F Y:00 S:F0 P:nvUbdIzC                $805B: 85 C4     STA $C4 = #$00
A:01 X:0F Y:00 S:F0 P:nvUbdIzC                $805D: A9 00     LDA #$00
A:00 X:0F Y:00 S:F0 P:nvUbdIZC                $805F: 85 CC     STA $CC = #$DD
A:00 X:0F Y:00 S:F0 P:nvUbdIZC                $8061: A9 00     LDA #$00
A:00 X:0F Y:00 S:F0 P:nvUbdIZC                $8063: 85 C7     STA $C7 = #$00
A:00 X:0F Y:00 S:F0 P:nvUbdIZC                $8065: 85 C8     STA $C8 = #$00
A:00 X:0F Y:00 S:F0 P:nvUbdIZC                $8067: A9 04     LDA #$04
A:04 X:0F Y:00 S:F0 P:nvUbdIzC                $8069: 85 C5     STA $C5 = #$0F
A:04 X:0F Y:00 S:F0 P:nvUbdIzC                $806B: A9 01     LDA #$01
A:01 X:0F Y:00 S:F0 P:nvUbdIzC                $806D: 18        CLC
A:01 X:0F Y:00 S:F0 P:nvUbdIzc                $806E: 65 C2     ADC $C2 = #$68
A:69 X:0F Y:00 S:F0 P:nvUbdIzc                $8070: 85 C2     STA $C2 = #$68
A:69 X:0F Y:00 S:F0 P:nvUbdIzc                $8072: A9 00     LDA #$00
A:00 X:0F Y:00 S:F0 P:nvUbdIZc                $8074: 65 C3     ADC $C3 = #$9C
A:9C X:0F Y:00 S:F0 P:NvUbdIzc                $8076: 85 C3     STA $C3 = #$9C
A:9C X:0F Y:00 S:F0 P:NvUbdIzc                $8078: A6 CC     LDX $CC = #$00
A:9C X:00 Y:00 S:F0 P:nvUbdIZc                $807A: A0 00     LDY #$00
A:9C X:00 Y:00 S:F0 P:nvUbdIZc                $807C: B1 C2     LDA ($C2),Y @ $9C69 = #$73
A:73 X:00 Y:00 S:F0 P:nvUbdIzc                $807E: 9D 80 07  STA $0780,X @ $0780 = #$2F
A:73 X:00 Y:00 S:F0 P:nvUbdIzc                $8081: E8        INX
A:73 X:01 Y:00 S:F0 P:nvUbdIzc                $8082: C8        INY
A:73 X:01 Y:01 S:F0 P:nvUbdIzc                $8083: C0 02     CPY #$02
A:73 X:01 Y:01 S:F0 P:NvUbdIzc                $8085: D0 F5     BNE $807C
A:73 X:01 Y:01 S:F0 P:NvUbdIzc                $807C: B1 C2     LDA ($C2),Y @ $9C6A = #$9C
A:9C X:01 Y:01 S:F0 P:NvUbdIzc                $807E: 9D 80 07  STA $0780,X @ $0781 = #$8B
A:9C X:01 Y:01 S:F0 P:NvUbdIzc                $8081: E8        INX
A:9C X:02 Y:01 S:F0 P:nvUbdIzc                $8082: C8        INY
A:9C X:02 Y:02 S:F0 P:nvUbdIzc                $8083: C0 02     CPY #$02
A:9C X:02 Y:02 S:F0 P:nvUbdIZC                $8085: D0 F5     BNE $807C
A:9C X:02 Y:02 S:F0 P:nvUbdIZC                $8087: A0 0E     LDY #$0E
A:9C X:02 Y:0E S:F0 P:nvUbdIzC                $8089: A9 00     LDA #$00
A:00 X:02 Y:0E S:F0 P:nvUbdIZC                $808B: 9D 80 07  STA $0780,X @ $0782 = #$1C
A:00 X:02 Y:0E S:F0 P:nvUbdIZC                $808E: E8        INX
A:00 X:03 Y:0E S:F0 P:nvUbdIzC                $808F: 88        DEY
A:00 X:03 Y:0D S:F0 P:nvUbdIzC                $8090: D0 F9     BNE $808B
A:00 X:03 Y:0D S:F0 P:nvUbdIzC                $808B: 9D 80 07  STA $0780,X @ $0783 = #$00
A:00 X:03 Y:0D S:F0 P:nvUbdIzC                $808E: E8        INX
A:00 X:04 Y:0D S:F0 P:nvUbdIzC                $808F: 88        DEY
A:00 X:04 Y:0C S:F0 P:nvUbdIzC                $8090: D0 F9     BNE $808B
A:00 X:04 Y:0C S:F0 P:nvUbdIzC                $808B: 9D 80 07  STA $0780,X @ $0784 = #$05
A:00 X:04 Y:0C S:F0 P:nvUbdIzC                $808E: E8        INX
A:00 X:05 Y:0C S:F0 P:nvUbdIzC                $808F: 88        DEY
A:00 X:05 Y:0B S:F0 P:nvUbdIzC                $8090: D0 F9     BNE $808B
A:00 X:05 Y:0B S:F0 P:nvUbdIzC                $808B: 9D 80 07  STA $0780,X @ $0785 = #$00
A:00 X:05 Y:0B S:F0 P:nvUbdIzC                $808E: E8        INX
A:00 X:06 Y:0B S:F0 P:nvUbdIzC                $808F: 88        DEY
A:00 X:06 Y:0A S:F0 P:nvUbdIzC                $8090: D0 F9     BNE $808B
A:00 X:06 Y:0A S:F0 P:nvUbdIzC                $808B: 9D 80 07  STA $0780,X @ $0786 = #$02
A:00 X:06 Y:0A S:F0 P:nvUbdIzC                $808E: E8        INX
A:00 X:07 Y:0A S:F0 P:nvUbdIzC                $808F: 88        DEY
A:00 X:07 Y:09 S:F0 P:nvUbdIzC                $8090: D0 F9     BNE $808B
A:00 X:07 Y:09 S:F0 P:nvUbdIzC                $808B: 9D 80 07  STA $0780,X @ $0787 = #$BB
A:00 X:07 Y:09 S:F0 P:nvUbdIzC                $808E: E8        INX
A:00 X:08 Y:09 S:F0 P:nvUbdIzC                $808F: 88        DEY
A:00 X:08 Y:08 S:F0 P:nvUbdIzC                $8090: D0 F9     BNE $808B
A:00 X:08 Y:08 S:F0 P:nvUbdIzC                $808B: 9D 80 07  STA $0780,X @ $0788 = #$89
A:00 X:08 Y:08 S:F0 P:nvUbdIzC                $808E: E8        INX
A:00 X:09 Y:08 S:F0 P:nvUbdIzC                $808F: 88        DEY
A:00 X:09 Y:07 S:F0 P:nvUbdIzC                $8090: D0 F9     BNE $808B
A:00 X:09 Y:07 S:F0 P:nvUbdIzC                $808B: 9D 80 07  STA $0780,X @ $0789 = #$00
A:00 X:09 Y:07 S:F0 P:nvUbdIzC                $808E: E8        INX
A:00 X:0A Y:07 S:F0 P:nvUbdIzC                $808F: 88        DEY
A:00 X:0A Y:06 S:F0 P:nvUbdIzC                $8090: D0 F9     BNE $808B
A:00 X:0A Y:06 S:F0 P:nvUbdIzC                $808B: 9D 80 07  STA $0780,X @ $078A = #$D5
A:00 X:0A Y:06 S:F0 P:nvUbdIzC                $808E: E8        INX
A:00 X:0B Y:06 S:F0 P:nvUbdIzC                $808F: 88        DEY
A:00 X:0B Y:05 S:F0 P:nvUbdIzC                $8090: D0 F9     BNE $808B
A:00 X:0B Y:05 S:F0 P:nvUbdIzC                $808B: 9D 80 07  STA $0780,X @ $078B = #$00
A:00 X:0B Y:05 S:F0 P:nvUbdIzC                $808E: E8        INX
A:00 X:0C Y:05 S:F0 P:nvUbdIzC                $808F: 88        DEY
A:00 X:0C Y:04 S:F0 P:nvUbdIzC                $8090: D0 F9     BNE $808B
A:00 X:0C Y:04 S:F0 P:nvUbdIzC                $808B: 9D 80 07  STA $0780,X @ $078C = #$BA
A:00 X:0C Y:04 S:F0 P:nvUbdIzC                $808E: E8        INX
A:00 X:0D Y:04 S:F0 P:nvUbdIzC                $808F: 88        DEY
A:00 X:0D Y:03 S:F0 P:nvUbdIzC                $8090: D0 F9     BNE $808B
A:00 X:0D Y:03 S:F0 P:nvUbdIzC                $808B: 9D 80 07  STA $0780,X @ $078D = #$95
A:00 X:0D Y:03 S:F0 P:nvUbdIzC                $808E: E8        INX
A:00 X:0E Y:03 S:F0 P:nvUbdIzC                $808F: 88        DEY
A:00 X:0E Y:02 S:F0 P:nvUbdIzC                $8090: D0 F9     BNE $808B
A:00 X:0E Y:02 S:F0 P:nvUbdIzC                $808B: 9D 80 07  STA $0780,X @ $078E = #$03
A:00 X:0E Y:02 S:F0 P:nvUbdIzC                $808E: E8        INX
A:00 X:0F Y:02 S:F0 P:nvUbdIzC                $808F: 88        DEY
A:00 X:0F Y:01 S:F0 P:nvUbdIzC                $8090: D0 F9     BNE $808B
A:00 X:0F Y:01 S:F0 P:nvUbdIzC                $808B: 9D 80 07  STA $0780,X @ $078F = #$1A
A:00 X:0F Y:01 S:F0 P:nvUbdIzC                $808E: E8        INX
A:00 X:10 Y:01 S:F0 P:nvUbdIzC                $808F: 88        DEY
A:00 X:10 Y:00 S:F0 P:nvUbdIZC                $8090: D0 F9     BNE $808B
A:00 X:10 Y:00 S:F0 P:nvUbdIZC                $8092: A5 C1     LDA $C1 = #$00
A:00 X:10 Y:00 S:F0 P:nvUbdIZC                $8094: 4A        LSR
A:00 X:10 Y:00 S:F0 P:nvUbdIZc                $8095: B0 03     BCS $809A
A:00 X:10 Y:00 S:F0 P:nvUbdIZc                $8097: 20 B2 81  JSR $81B2
A:00 X:10 Y:00 S:EE P:nvUbdIZc                  $81B2: A0 0F     LDY #$0F
A:00 X:10 Y:0F S:EE P:nvUbdIzc                  $81B4: A9 10     LDA #$10
A:10 X:10 Y:0F S:EE P:nvUbdIzc                  $81B6: 18        CLC
A:10 X:10 Y:0F S:EE P:nvUbdIzc                  $81B7: 65 CC     ADC $CC = #$00
A:10 X:10 Y:0F S:EE P:nvUbdIzc                  $81B9: AA        TAX
A:10 X:10 Y:0F S:EE P:nvUbdIzc                  $81BA: A9 00     LDA #$00
A:00 X:10 Y:0F S:EE P:nvUbdIZc                  $81BC: 9D 80 07  STA $0780,X @ $0790 = #$FF
A:00 X:10 Y:0F S:EE P:nvUbdIZc                  $81BF: E8        INX
A:00 X:11 Y:0F S:EE P:nvUbdIzc                  $81C0: 88        DEY
A:00 X:11 Y:0E S:EE P:nvUbdIzc                  $81C1: D0 F9     BNE $81BC
A:00 X:11 Y:0E S:EE P:nvUbdIzc                  $81BC: 9D 80 07  STA $0780,X @ $0791 = #$2B
A:00 X:11 Y:0E S:EE P:nvUbdIzc                  $81BF: E8        INX
A:00 X:12 Y:0E S:EE P:nvUbdIzc                  $81C0: 88        DEY
A:00 X:12 Y:0D S:EE P:nvUbdIzc                  $81C1: D0 F9     BNE $81BC
A:00 X:12 Y:0D S:EE P:nvUbdIzc                  $81BC: 9D 80 07  STA $0780,X @ $0792 = #$00
A:00 X:12 Y:0D S:EE P:nvUbdIzc                  $81BF: E8        INX
A:00 X:13 Y:0D S:EE P:nvUbdIzc                  $81C0: 88        DEY
A:00 X:13 Y:0C S:EE P:nvUbdIzc                  $81C1: D0 F9     BNE $81BC
A:00 X:13 Y:0C S:EE P:nvUbdIzc                  $81BC: 9D 80 07  STA $0780,X @ $0793 = #$BF
A:00 X:13 Y:0C S:EE P:nvUbdIzc                  $81BF: E8        INX
A:00 X:14 Y:0C S:EE P:nvUbdIzc                  $81C0: 88        DEY
A:00 X:14 Y:0B S:EE P:nvUbdIzc                  $81C1: D0 F9     BNE $81BC
A:00 X:14 Y:0B S:EE P:nvUbdIzc                  $81BC: 9D 80 07  STA $0780,X @ $0794 = #$82
A:00 X:14 Y:0B S:EE P:nvUbdIzc                  $81BF: E8        INX
A:00 X:15 Y:0B S:EE P:nvUbdIzc                  $81C0: 88        DEY
A:00 X:15 Y:0A S:EE P:nvUbdIzc                  $81C1: D0 F9     BNE $81BC
A:00 X:15 Y:0A S:EE P:nvUbdIzc                  $81BC: 9D 80 07  STA $0780,X @ $0795 = #$21
A:00 X:15 Y:0A S:EE P:nvUbdIzc                  $81BF: E8        INX
A:00 X:16 Y:0A S:EE P:nvUbdIzc                  $81C0: 88        DEY
A:00 X:16 Y:09 S:EE P:nvUbdIzc                  $81C1: D0 F9     BNE $81BC
A:00 X:16 Y:09 S:EE P:nvUbdIzc                  $81BC: 9D 80 07  STA $0780,X @ $0796 = #$80
A:00 X:16 Y:09 S:EE P:nvUbdIzc                  $81BF: E8        INX
A:00 X:17 Y:09 S:EE P:nvUbdIzc                  $81C0: 88        DEY
A:00 X:17 Y:08 S:EE P:nvUbdIzc                  $81C1: D0 F9     BNE $81BC
A:00 X:17 Y:08 S:EE P:nvUbdIzc                  $81BC: 9D 80 07  STA $0780,X @ $0797 = #$00
A:00 X:17 Y:08 S:EE P:nvUbdIzc                  $81BF: E8        INX
A:00 X:18 Y:08 S:EE P:nvUbdIzc                  $81C0: 88        DEY
A:00 X:18 Y:07 S:EE P:nvUbdIzc                  $81C1: D0 F9     BNE $81BC
A:00 X:18 Y:07 S:EE P:nvUbdIzc                  $81BC: 9D 80 07  STA $0780,X @ $0798 = #$01
A:00 X:18 Y:07 S:EE P:nvUbdIzc                  $81BF: E8        INX
A:00 X:19 Y:07 S:EE P:nvUbdIzc                  $81C0: 88        DEY
A:00 X:19 Y:06 S:EE P:nvUbdIzc                  $81C1: D0 F9     BNE $81BC
A:00 X:19 Y:06 S:EE P:nvUbdIzc                  $81BC: 9D 80 07  STA $0780,X @ $0799 = #$80
A:00 X:19 Y:06 S:EE P:nvUbdIzc                  $81BF: E8        INX
A:00 X:1A Y:06 S:EE P:nvUbdIzc                  $81C0: 88        DEY
A:00 X:1A Y:05 S:EE P:nvUbdIzc                  $81C1: D0 F9     BNE $81BC
A:00 X:1A Y:05 S:EE P:nvUbdIzc                  $81BC: 9D 80 07  STA $0780,X @ $079A = #$01
A:00 X:1A Y:05 S:EE P:nvUbdIzc                  $81BF: E8        INX
A:00 X:1B Y:05 S:EE P:nvUbdIzc                  $81C0: 88        DEY
A:00 X:1B Y:04 S:EE P:nvUbdIzc                  $81C1: D0 F9     BNE $81BC
A:00 X:1B Y:04 S:EE P:nvUbdIzc                  $81BC: 9D 80 07  STA $0780,X @ $079B = #$00
A:00 X:1B Y:04 S:EE P:nvUbdIzc                  $81BF: E8        INX
A:00 X:1C Y:04 S:EE P:nvUbdIzc                  $81C0: 88        DEY
A:00 X:1C Y:03 S:EE P:nvUbdIzc                  $81C1: D0 F9     BNE $81BC
A:00 X:1C Y:03 S:EE P:nvUbdIzc                  $81BC: 9D 80 07  STA $0780,X @ $079C = #$00
A:00 X:1C Y:03 S:EE P:nvUbdIzc                  $81BF: E8        INX
A:00 X:1D Y:03 S:EE P:nvUbdIzc                  $81C0: 88        DEY
A:00 X:1D Y:02 S:EE P:nvUbdIzc                  $81C1: D0 F9     BNE $81BC
A:00 X:1D Y:02 S:EE P:nvUbdIzc                  $81BC: 9D 80 07  STA $0780,X @ $079D = #$03
A:00 X:1D Y:02 S:EE P:nvUbdIzc                  $81BF: E8        INX
A:00 X:1E Y:02 S:EE P:nvUbdIzc                  $81C0: 88        DEY
A:00 X:1E Y:01 S:EE P:nvUbdIzc                  $81C1: D0 F9     BNE $81BC
A:00 X:1E Y:01 S:EE P:nvUbdIzc                  $81BC: 9D 80 07  STA $0780,X @ $079E = #$0A
A:00 X:1E Y:01 S:EE P:nvUbdIzc                  $81BF: E8        INX
A:00 X:1F Y:01 S:EE P:nvUbdIzc                  $81C0: 88        DEY
A:00 X:1F Y:00 S:EE P:nvUbdIZc                  $81C1: D0 F9     BNE $81BC
A:00 X:1F Y:00 S:EE P:nvUbdIZc                  $81C3: 60        RTS (from $81B2) ----------------------------
A:00 X:1F Y:00 S:F0 P:nvUbdIZc                $809A: 20 07 82  JSR $8207
A:00 X:1F Y:00 S:EE P:nvUbdIZc                  $8207: 46 C1     LSR $C1 = #$00
A:00 X:1F Y:00 S:EE P:nvUbdIZc                  $8209: 90 06     BCC $8211
A:00 X:1F Y:00 S:EE P:nvUbdIZc                  $8211: A9 1F     LDA #$1F
A:1F X:1F Y:00 S:EE P:nvUbdIzc                  $8213: 18        CLC
A:1F X:1F Y:00 S:EE P:nvUbdIzc                  $8214: 65 CC     ADC $CC = #$00
A:1F X:1F Y:00 S:EE P:nvUbdIzc                  $8216: 85 CC     STA $CC = #$00
A:1F X:1F Y:00 S:EE P:nvUbdIzc                  $8218: 60        RTS (from $8207) ----------------------------
A:1F X:1F Y:00 S:F0 P:nvUbdIzc                $809D: C6 C5     DEC $C5 = #$04
A:1F X:1F Y:00 S:F0 P:nvUbdIzc                $809F: F0 05     BEQ $80A6
A:1F X:1F Y:00 S:F0 P:nvUbdIzc                $80A1: A9 02     LDA #$02
A:02 X:1F Y:00 S:F0 P:nvUbdIzc                $80A3: 4C 6D 80  JMP $806D
A:02 X:1F Y:00 S:F0 P:nvUbdIzc                $806D: 18        CLC
A:02 X:1F Y:00 S:F0 P:nvUbdIzc                $806E: 65 C2     ADC $C2 = #$69
A:6B X:1F Y:00 S:F0 P:nvUbdIzc                $8070: 85 C2     STA $C2 = #$69
A:6B X:1F Y:00 S:F0 P:nvUbdIzc                $8072: A9 00     LDA #$00
A:00 X:1F Y:00 S:F0 P:nvUbdIZc                $8074: 65 C3     ADC $C3 = #$9C
A:9C X:1F Y:00 S:F0 P:NvUbdIzc                $8076: 85 C3     STA $C3 = #$9C
A:9C X:1F Y:00 S:F0 P:NvUbdIzc                $8078: A6 CC     LDX $CC = #$1F
A:9C X:1F Y:00 S:F0 P:nvUbdIzc                $807A: A0 00     LDY #$00
A:9C X:1F Y:00 S:F0 P:nvUbdIZc                $807C: B1 C2     LDA ($C2),Y @ $9C6B = #$A2
A:A2 X:1F Y:00 S:F0 P:NvUbdIzc                $807E: 9D 80 07  STA $0780,X @ $079F = #$D2
A:A2 X:1F Y:00 S:F0 P:NvUbdIzc                $8081: E8        INX
A:A2 X:20 Y:00 S:F0 P:nvUbdIzc                $8082: C8        INY
A:A2 X:20 Y:01 S:F0 P:nvUbdIzc                $8083: C0 02     CPY #$02
A:A2 X:20 Y:01 S:F0 P:NvUbdIzc                $8085: D0 F5     BNE $807C
A:A2 X:20 Y:01 S:F0 P:NvUbdIzc                $807C: B1 C2     LDA ($C2),Y @ $9C6C = #$9C
A:9C X:20 Y:01 S:F0 P:NvUbdIzc                $807E: 9D 80 07  STA $0780,X @ $07A0 = #$8B
A:9C X:20 Y:01 S:F0 P:NvUbdIzc                $8081: E8        INX
A:9C X:21 Y:01 S:F0 P:nvUbdIzc                $8082: C8        INY
A:9C X:21 Y:02 S:F0 P:nvUbdIzc                $8083: C0 02     CPY #$02
A:9C X:21 Y:02 S:F0 P:nvUbdIZC                $8085: D0 F5     BNE $807C
A:9C X:21 Y:02 S:F0 P:nvUbdIZC                $8087: A0 0E     LDY #$0E
A:9C X:21 Y:0E S:F0 P:nvUbdIzC                $8089: A9 00     LDA #$00
A:00 X:21 Y:0E S:F0 P:nvUbdIZC                $808B: 9D 80 07  STA $0780,X @ $07A1 = #$1C
A:00 X:21 Y:0E S:F0 P:nvUbdIZC                $808E: E8        INX
A:00 X:22 Y:0E S:F0 P:nvUbdIzC                $808F: 88        DEY
A:00 X:22 Y:0D S:F0 P:nvUbdIzC                $8090: D0 F9     BNE $808B
A:00 X:22 Y:0D S:F0 P:nvUbdIzC                $808B: 9D 80 07  STA $0780,X @ $07A2 = #$00
A:00 X:22 Y:0D S:F0 P:nvUbdIzC                $808E: E8        INX
A:00 X:23 Y:0D S:F0 P:nvUbdIzC                $808F: 88        DEY
A:00 X:23 Y:0C S:F0 P:nvUbdIzC                $8090: D0 F9     BNE $808B
A:00 X:23 Y:0C S:F0 P:nvUbdIzC                $808B: 9D 80 07  STA $0780,X @ $07A3 = #$05
A:00 X:23 Y:0C S:F0 P:nvUbdIzC                $808E: E8        INX
A:00 X:24 Y:0C S:F0 P:nvUbdIzC                $808F: 88        DEY
A:00 X:24 Y:0B S:F0 P:nvUbdIzC                $8090: D0 F9     BNE $808B
A:00 X:24 Y:0B S:F0 P:nvUbdIzC                $808B: 9D 80 07  STA $0780,X @ $07A4 = #$00
A:00 X:24 Y:0B S:F0 P:nvUbdIzC                $808E: E8        INX
A:00 X:25 Y:0B S:F0 P:nvUbdIzC                $808F: 88        DEY
A:00 X:25 Y:0A S:F0 P:nvUbdIzC                $8090: D0 F9     BNE $808B
A:00 X:25 Y:0A S:F0 P:nvUbdIzC                $808B: 9D 80 07  STA $0780,X @ $07A5 = #$02
A:00 X:25 Y:0A S:F0 P:nvUbdIzC                $808E: E8        INX
A:00 X:26 Y:0A S:F0 P:nvUbdIzC                $808F: 88        DEY
A:00 X:26 Y:09 S:F0 P:nvUbdIzC                $8090: D0 F9     BNE $808B
A:00 X:26 Y:09 S:F0 P:nvUbdIzC                $808B: 9D 80 07  STA $0780,X @ $07A6 = #$BB
A:00 X:26 Y:09 S:F0 P:nvUbdIzC                $808E: E8        INX
A:00 X:27 Y:09 S:F0 P:nvUbdIzC                $808F: 88        DEY
A:00 X:27 Y:08 S:F0 P:nvUbdIzC                $8090: D0 F9     BNE $808B
A:00 X:27 Y:08 S:F0 P:nvUbdIzC                $808B: 9D 80 07  STA $0780,X @ $07A7 = #$89
A:00 X:27 Y:08 S:F0 P:nvUbdIzC                $808E: E8        INX
A:00 X:28 Y:08 S:F0 P:nvUbdIzC                $808F: 88        DEY
A:00 X:28 Y:07 S:F0 P:nvUbdIzC                $8090: D0 F9     BNE $808B
A:00 X:28 Y:07 S:F0 P:nvUbdIzC                $808B: 9D 80 07  STA $0780,X @ $07A8 = #$00
A:00 X:28 Y:07 S:F0 P:nvUbdIzC                $808E: E8        INX
A:00 X:29 Y:07 S:F0 P:nvUbdIzC                $808F: 88        DEY
A:00 X:29 Y:06 S:F0 P:nvUbdIzC                $8090: D0 F9     BNE $808B
A:00 X:29 Y:06 S:F0 P:nvUbdIzC                $808B: 9D 80 07  STA $0780,X @ $07A9 = #$0D
A:00 X:29 Y:06 S:F0 P:nvUbdIzC                $808E: E8        INX
A:00 X:2A Y:06 S:F0 P:nvUbdIzC                $808F: 88        DEY
A:00 X:2A Y:05 S:F0 P:nvUbdIzC                $8090: D0 F9     BNE $808B
A:00 X:2A Y:05 S:F0 P:nvUbdIzC                $808B: 9D 80 07  STA $0780,X @ $07AA = #$01
A:00 X:2A Y:05 S:F0 P:nvUbdIzC                $808E: E8        INX
A:00 X:2B Y:05 S:F0 P:nvUbdIzC                $808F: 88        DEY
A:00 X:2B Y:04 S:F0 P:nvUbdIzC                $8090: D0 F9     BNE $808B
A:00 X:2B Y:04 S:F0 P:nvUbdIzC                $808B: 9D 80 07  STA $0780,X @ $07AB = #$BA
A:00 X:2B Y:04 S:F0 P:nvUbdIzC                $808E: E8        INX
A:00 X:2C Y:04 S:F0 P:nvUbdIzC                $808F: 88        DEY
A:00 X:2C Y:03 S:F0 P:nvUbdIzC                $8090: D0 F9     BNE $808B
A:00 X:2C Y:03 S:F0 P:nvUbdIzC                $808B: 9D 80 07  STA $0780,X @ $07AC = #$AF
A:00 X:2C Y:03 S:F0 P:nvUbdIzC                $808E: E8        INX
A:00 X:2D Y:03 S:F0 P:nvUbdIzC                $808F: 88        DEY
A:00 X:2D Y:02 S:F0 P:nvUbdIzC                $8090: D0 F9     BNE $808B
A:00 X:2D Y:02 S:F0 P:nvUbdIzC                $808B: 9D 80 07  STA $0780,X @ $07AD = #$03
A:00 X:2D Y:02 S:F0 P:nvUbdIzC                $808E: E8        INX
A:00 X:2E Y:02 S:F0 P:nvUbdIzC                $808F: 88        DEY
A:00 X:2E Y:01 S:F0 P:nvUbdIzC                $8090: D0 F9     BNE $808B
A:00 X:2E Y:01 S:F0 P:nvUbdIzC                $808B: 9D 80 07  STA $0780,X @ $07AE = #$5A
A:00 X:2E Y:01 S:F0 P:nvUbdIzC                $808E: E8        INX
A:00 X:2F Y:01 S:F0 P:nvUbdIzC                $808F: 88        DEY
A:00 X:2F Y:00 S:F0 P:nvUbdIZC                $8090: D0 F9     BNE $808B
A:00 X:2F Y:00 S:F0 P:nvUbdIZC                $8092: A5 C1     LDA $C1 = #$00
A:00 X:2F Y:00 S:F0 P:nvUbdIZC                $8094: 4A        LSR
A:00 X:2F Y:00 S:F0 P:nvUbdIZc                $8095: B0 03     BCS $809A
A:00 X:2F Y:00 S:F0 P:nvUbdIZc                $8097: 20 B2 81  JSR $81B2
A:00 X:2F Y:00 S:EE P:nvUbdIZc                  $81B2: A0 0F     LDY #$0F
A:00 X:2F Y:0F S:EE P:nvUbdIzc                  $81B4: A9 10     LDA #$10
A:10 X:2F Y:0F S:EE P:nvUbdIzc                  $81B6: 18        CLC
A:10 X:2F Y:0F S:EE P:nvUbdIzc                  $81B7: 65 CC     ADC $CC = #$1F
A:2F X:2F Y:0F S:EE P:nvUbdIzc                  $81B9: AA        TAX
A:2F X:2F Y:0F S:EE P:nvUbdIzc                  $81BA: A9 00     LDA #$00
A:00 X:2F Y:0F S:EE P:nvUbdIZc                  $81BC: 9D 80 07  STA $0780,X @ $07AF = #$FF
A:00 X:2F Y:0F S:EE P:nvUbdIZc                  $81BF: E8        INX
A:00 X:30 Y:0F S:EE P:nvUbdIzc                  $81C0: 88        DEY
A:00 X:30 Y:0E S:EE P:nvUbdIzc                  $81C1: D0 F9     BNE $81BC
A:00 X:30 Y:0E S:EE P:nvUbdIzc                  $81BC: 9D 80 07  STA $0780,X @ $07B0 = #$2C
A:00 X:30 Y:0E S:EE P:nvUbdIzc                  $81BF: E8        INX
A:00 X:31 Y:0E S:EE P:nvUbdIzc                  $81C0: 88        DEY
A:00 X:31 Y:0D S:EE P:nvUbdIzc                  $81C1: D0 F9     BNE $81BC
A:00 X:31 Y:0D S:EE P:nvUbdIzc                  $81BC: 9D 80 07  STA $0780,X @ $07B1 = #$00
A:00 X:31 Y:0D S:EE P:nvUbdIzc                  $81BF: E8        INX
A:00 X:32 Y:0D S:EE P:nvUbdIzc                  $81C0: 88        DEY
A:00 X:32 Y:0C S:EE P:nvUbdIzc                  $81C1: D0 F9     BNE $81BC
A:00 X:32 Y:0C S:EE P:nvUbdIzc                  $81BC: 9D 80 07  STA $0780,X @ $07B2 = #$BF
A:00 X:32 Y:0C S:EE P:nvUbdIzc                  $81BF: E8        INX
A:00 X:33 Y:0C S:EE P:nvUbdIzc                  $81C0: 88        DEY
A:00 X:33 Y:0B S:EE P:nvUbdIzc                  $81C1: D0 F9     BNE $81BC
A:00 X:33 Y:0B S:EE P:nvUbdIzc                  $81BC: 9D 80 07  STA $0780,X @ $07B3 = #$82
A:00 X:33 Y:0B S:EE P:nvUbdIzc                  $81BF: E8        INX
A:00 X:34 Y:0B S:EE P:nvUbdIzc                  $81C0: 88        DEY
A:00 X:34 Y:0A S:EE P:nvUbdIzc                  $81C1: D0 F9     BNE $81BC
A:00 X:34 Y:0A S:EE P:nvUbdIzc                  $81BC: 9D 80 07  STA $0780,X @ $07B4 = #$21
A:00 X:34 Y:0A S:EE P:nvUbdIzc                  $81BF: E8        INX
A:00 X:35 Y:0A S:EE P:nvUbdIzc                  $81C0: 88        DEY
A:00 X:35 Y:09 S:EE P:nvUbdIzc                  $81C1: D0 F9     BNE $81BC
A:00 X:35 Y:09 S:EE P:nvUbdIzc                  $81BC: 9D 80 07  STA $0780,X @ $07B5 = #$80
A:00 X:35 Y:09 S:EE P:nvUbdIzc                  $81BF: E8        INX
A:00 X:36 Y:09 S:EE P:nvUbdIzc                  $81C0: 88        DEY
A:00 X:36 Y:08 S:EE P:nvUbdIzc                  $81C1: D0 F9     BNE $81BC
A:00 X:36 Y:08 S:EE P:nvUbdIzc                  $81BC: 9D 80 07  STA $0780,X @ $07B6 = #$00
A:00 X:36 Y:08 S:EE P:nvUbdIzc                  $81BF: E8        INX
A:00 X:37 Y:08 S:EE P:nvUbdIzc                  $81C0: 88        DEY
A:00 X:37 Y:07 S:EE P:nvUbdIzc                  $81C1: D0 F9     BNE $81BC
A:00 X:37 Y:07 S:EE P:nvUbdIzc                  $81BC: 9D 80 07  STA $0780,X @ $07B7 = #$01
A:00 X:37 Y:07 S:EE P:nvUbdIzc                  $81BF: E8        INX
A:00 X:38 Y:07 S:EE P:nvUbdIzc                  $81C0: 88        DEY
A:00 X:38 Y:06 S:EE P:nvUbdIzc                  $81C1: D0 F9     BNE $81BC
A:00 X:38 Y:06 S:EE P:nvUbdIzc                  $81BC: 9D 80 07  STA $0780,X @ $07B8 = #$80
A:00 X:38 Y:06 S:EE P:nvUbdIzc                  $81BF: E8        INX
A:00 X:39 Y:06 S:EE P:nvUbdIzc                  $81C0: 88        DEY
A:00 X:39 Y:05 S:EE P:nvUbdIzc                  $81C1: D0 F9     BNE $81BC
A:00 X:39 Y:05 S:EE P:nvUbdIzc                  $81BC: 9D 80 07  STA $0780,X @ $07B9 = #$01
A:00 X:39 Y:05 S:EE P:nvUbdIzc                  $81BF: E8        INX
A:00 X:3A Y:05 S:EE P:nvUbdIzc                  $81C0: 88        DEY
A:00 X:3A Y:04 S:EE P:nvUbdIzc                  $81C1: D0 F9     BNE $81BC
A:00 X:3A Y:04 S:EE P:nvUbdIzc                  $81BC: 9D 80 07  STA $0780,X @ $07BA = #$00
A:00 X:3A Y:04 S:EE P:nvUbdIzc                  $81BF: E8        INX
A:00 X:3B Y:04 S:EE P:nvUbdIzc                  $81C0: 88        DEY
A:00 X:3B Y:03 S:EE P:nvUbdIzc                  $81C1: D0 F9     BNE $81BC
A:00 X:3B Y:03 S:EE P:nvUbdIzc                  $81BC: 9D 80 07  STA $0780,X @ $07BB = #$01
A:00 X:3B Y:03 S:EE P:nvUbdIzc                  $81BF: E8        INX
A:00 X:3C Y:03 S:EE P:nvUbdIzc                  $81C0: 88        DEY
A:00 X:3C Y:02 S:EE P:nvUbdIzc                  $81C1: D0 F9     BNE $81BC
A:00 X:3C Y:02 S:EE P:nvUbdIzc                  $81BC: 9D 80 07  STA $0780,X @ $07BC = #$03
A:00 X:3C Y:02 S:EE P:nvUbdIzc                  $81BF: E8        INX
A:00 X:3D Y:02 S:EE P:nvUbdIzc                  $81C0: 88        DEY
A:00 X:3D Y:01 S:EE P:nvUbdIzc                  $81C1: D0 F9     BNE $81BC
A:00 X:3D Y:01 S:EE P:nvUbdIzc                  $81BC: 9D 80 07  STA $0780,X @ $07BD = #$0A
A:00 X:3D Y:01 S:EE P:nvUbdIzc                  $81BF: E8        INX
A:00 X:3E Y:01 S:EE P:nvUbdIzc                  $81C0: 88        DEY
A:00 X:3E Y:00 S:EE P:nvUbdIZc                  $81C1: D0 F9     BNE $81BC
A:00 X:3E Y:00 S:EE P:nvUbdIZc                  $81C3: 60        RTS (from $81B2) ----------------------------
A:00 X:3E Y:00 S:F0 P:nvUbdIZc                $809A: 20 07 82  JSR $8207
A:00 X:3E Y:00 S:EE P:nvUbdIZc                  $8207: 46 C1     LSR $C1 = #$00
A:00 X:3E Y:00 S:EE P:nvUbdIZc                  $8209: 90 06     BCC $8211
A:00 X:3E Y:00 S:EE P:nvUbdIZc                  $8211: A9 1F     LDA #$1F
A:1F X:3E Y:00 S:EE P:nvUbdIzc                  $8213: 18        CLC
A:1F X:3E Y:00 S:EE P:nvUbdIzc                  $8214: 65 CC     ADC $CC = #$1F
A:3E X:3E Y:00 S:EE P:nvUbdIzc                  $8216: 85 CC     STA $CC = #$1F
A:3E X:3E Y:00 S:EE P:nvUbdIzc                  $8218: 60        RTS (from $8207) ----------------------------
A:3E X:3E Y:00 S:F0 P:nvUbdIzc                $809D: C6 C5     DEC $C5 = #$03
A:3E X:3E Y:00 S:F0 P:nvUbdIzc                $809F: F0 05     BEQ $80A6
A:3E X:3E Y:00 S:F0 P:nvUbdIzc                $80A1: A9 02     LDA #$02
A:02 X:3E Y:00 S:F0 P:nvUbdIzc                $80A3: 4C 6D 80  JMP $806D
A:02 X:3E Y:00 S:F0 P:nvUbdIzc                $806D: 18        CLC
A:02 X:3E Y:00 S:F0 P:nvUbdIzc                $806E: 65 C2     ADC $C2 = #$6B
A:6D X:3E Y:00 S:F0 P:nvUbdIzc                $8070: 85 C2     STA $C2 = #$6B
A:6D X:3E Y:00 S:F0 P:nvUbdIzc                $8072: A9 00     LDA #$00
A:00 X:3E Y:00 S:F0 P:nvUbdIZc                $8074: 65 C3     ADC $C3 = #$9C
A:9C X:3E Y:00 S:F0 P:NvUbdIzc                $8076: 85 C3     STA $C3 = #$9C
A:9C X:3E Y:00 S:F0 P:NvUbdIzc                $8078: A6 CC     LDX $CC = #$3E
A:9C X:3E Y:00 S:F0 P:nvUbdIzc                $807A: A0 00     LDY #$00
A:9C X:3E Y:00 S:F0 P:nvUbdIZc                $807C: B1 C2     LDA ($C2),Y @ $9C6D = #$D1
A:D1 X:3E Y:00 S:F0 P:NvUbdIzc                $807E: 9D 80 07  STA $0780,X @ $07BE = #$63
A:D1 X:3E Y:00 S:F0 P:NvUbdIzc                $8081: E8        INX
A:D1 X:3F Y:00 S:F0 P:nvUbdIzc                $8082: C8        INY
A:D1 X:3F Y:01 S:F0 P:nvUbdIzc                $8083: C0 02     CPY #$02
A:D1 X:3F Y:01 S:F0 P:NvUbdIzc                $8085: D0 F5     BNE $807C
A:D1 X:3F Y:01 S:F0 P:NvUbdIzc                $807C: B1 C2     LDA ($C2),Y @ $9C6E = #$9C
A:9C X:3F Y:01 S:F0 P:NvUbdIzc                $807E: 9D 80 07  STA $0780,X @ $07BF = #$8C
A:9C X:3F Y:01 S:F0 P:NvUbdIzc                $8081: E8        INX
A:9C X:40 Y:01 S:F0 P:nvUbdIzc                $8082: C8        INY
A:9C X:40 Y:02 S:F0 P:nvUbdIzc                $8083: C0 02     CPY #$02
A:9C X:40 Y:02 S:F0 P:nvUbdIZC                $8085: D0 F5     BNE $807C
A:9C X:40 Y:02 S:F0 P:nvUbdIZC                $8087: A0 0E     LDY #$0E
A:9C X:40 Y:0E S:F0 P:nvUbdIzC                $8089: A9 00     LDA #$00
A:00 X:40 Y:0E S:F0 P:nvUbdIZC                $808B: 9D 80 07  STA $0780,X @ $07C0 = #$1C
A:00 X:40 Y:0E S:F0 P:nvUbdIZC                $808E: E8        INX
A:00 X:41 Y:0E S:F0 P:nvUbdIzC                $808F: 88        DEY
A:00 X:41 Y:0D S:F0 P:nvUbdIzC                $8090: D0 F9     BNE $808B
A:00 X:41 Y:0D S:F0 P:nvUbdIzC                $808B: 9D 80 07  STA $0780,X @ $07C1 = #$00
A:00 X:41 Y:0D S:F0 P:nvUbdIzC                $808E: E8        INX
A:00 X:42 Y:0D S:F0 P:nvUbdIzC                $808F: 88        DEY
A:00 X:42 Y:0C S:F0 P:nvUbdIzC                $8090: D0 F9     BNE $808B
A:00 X:42 Y:0C S:F0 P:nvUbdIzC                $808B: 9D 80 07  STA $0780,X @ $07C2 = #$05
A:00 X:42 Y:0C S:F0 P:nvUbdIzC                $808E: E8        INX
A:00 X:43 Y:0C S:F0 P:nvUbdIzC                $808F: 88        DEY
A:00 X:43 Y:0B S:F0 P:nvUbdIzC                $8090: D0 F9     BNE $808B
A:00 X:43 Y:0B S:F0 P:nvUbdIzC                $808B: 9D 80 07  STA $0780,X @ $07C3 = #$00
A:00 X:43 Y:0B S:F0 P:nvUbdIzC                $808E: E8        INX
A:00 X:44 Y:0B S:F0 P:nvUbdIzC                $808F: 88        DEY
A:00 X:44 Y:0A S:F0 P:nvUbdIzC                $8090: D0 F9     BNE $808B
A:00 X:44 Y:0A S:F0 P:nvUbdIzC                $808B: 9D 80 07  STA $0780,X @ $07C4 = #$00
A:00 X:44 Y:0A S:F0 P:nvUbdIzC                $808E: E8        INX
A:00 X:45 Y:0A S:F0 P:nvUbdIzC                $808F: 88        DEY
A:00 X:45 Y:09 S:F0 P:nvUbdIzC                $8090: D0 F9     BNE $808B
A:00 X:45 Y:09 S:F0 P:nvUbdIzC                $808B: 9D 80 07  STA $0780,X @ $07C5 = #$D3
A:00 X:45 Y:09 S:F0 P:nvUbdIzC                $808E: E8        INX
A:00 X:46 Y:09 S:F0 P:nvUbdIzC                $808F: 88        DEY
A:00 X:46 Y:08 S:F0 P:nvUbdIzC                $8090: D0 F9     BNE $808B
A:00 X:46 Y:08 S:F0 P:nvUbdIzC                $808B: 9D 80 07  STA $0780,X @ $07C6 = #$89
A:00 X:46 Y:08 S:F0 P:nvUbdIzC                $808E: E8        INX
A:00 X:47 Y:08 S:F0 P:nvUbdIzC                $808F: 88        DEY
A:00 X:47 Y:07 S:F0 P:nvUbdIzC                $8090: D0 F9     BNE $808B
A:00 X:47 Y:07 S:F0 P:nvUbdIzC                $808B: 9D 80 07  STA $0780,X @ $07C7 = #$00
A:00 X:47 Y:07 S:F0 P:nvUbdIzC                $808E: E8        INX
A:00 X:48 Y:07 S:F0 P:nvUbdIzC                $808F: 88        DEY
A:00 X:48 Y:06 S:F0 P:nvUbdIzC                $8090: D0 F9     BNE $808B
A:00 X:48 Y:06 S:F0 P:nvUbdIzC                $808B: 9D 80 07  STA $0780,X @ $07C8 = #$F0
A:00 X:48 Y:06 S:F0 P:nvUbdIzC                $808E: E8        INX
A:00 X:49 Y:06 S:F0 P:nvUbdIzC                $808F: 88        DEY
A:00 X:49 Y:05 S:F0 P:nvUbdIzC                $8090: D0 F9     BNE $808B
A:00 X:49 Y:05 S:F0 P:nvUbdIzC                $808B: 9D 80 07  STA $0780,X @ $07C9 = #$00
A:00 X:49 Y:05 S:F0 P:nvUbdIzC                $808E: E8        INX
A:00 X:4A Y:05 S:F0 P:nvUbdIzC                $808F: 88        DEY
A:00 X:4A Y:04 S:F0 P:nvUbdIzC                $8090: D0 F9     BNE $808B
A:00 X:4A Y:04 S:F0 P:nvUbdIzC                $808B: 9D 80 07  STA $0780,X @ $07CA = #$81
A:00 X:4A Y:04 S:F0 P:nvUbdIzC                $808E: E8        INX
A:00 X:4B Y:04 S:F0 P:nvUbdIzC                $808F: 88        DEY
A:00 X:4B Y:03 S:F0 P:nvUbdIzC                $8090: D0 F9     BNE $808B
A:00 X:4B Y:03 S:F0 P:nvUbdIzC                $808B: 9D 80 07  STA $0780,X @ $07CB = #$00
A:00 X:4B Y:03 S:F0 P:nvUbdIzC                $808E: E8        INX
A:00 X:4C Y:03 S:F0 P:nvUbdIzC                $808F: 88        DEY
A:00 X:4C Y:02 S:F0 P:nvUbdIzC                $8090: D0 F9     BNE $808B
A:00 X:4C Y:02 S:F0 P:nvUbdIzC                $808B: 9D 80 07  STA $0780,X @ $07CC = #$96
A:00 X:4C Y:02 S:F0 P:nvUbdIzC                $808E: E8        INX
A:00 X:4D Y:02 S:F0 P:nvUbdIzC                $808F: 88        DEY
A:00 X:4D Y:01 S:F0 P:nvUbdIzC                $8090: D0 F9     BNE $808B
A:00 X:4D Y:01 S:F0 P:nvUbdIzC                $808B: 9D 80 07  STA $0780,X @ $07CD = #$00
A:00 X:4D Y:01 S:F0 P:nvUbdIzC                $808E: E8        INX
A:00 X:4E Y:01 S:F0 P:nvUbdIzC                $808F: 88        DEY
A:00 X:4E Y:00 S:F0 P:nvUbdIZC                $8090: D0 F9     BNE $808B
A:00 X:4E Y:00 S:F0 P:nvUbdIZC                $8092: A5 C1     LDA $C1 = #$00
A:00 X:4E Y:00 S:F0 P:nvUbdIZC                $8094: 4A        LSR
A:00 X:4E Y:00 S:F0 P:nvUbdIZc                $8095: B0 03     BCS $809A
A:00 X:4E Y:00 S:F0 P:nvUbdIZc                $8097: 20 B2 81  JSR $81B2
A:00 X:4E Y:00 S:EE P:nvUbdIZc                  $81B2: A0 0F     LDY #$0F
A:00 X:4E Y:0F S:EE P:nvUbdIzc                  $81B4: A9 10     LDA #$10
A:10 X:4E Y:0F S:EE P:nvUbdIzc                  $81B6: 18        CLC
A:10 X:4E Y:0F S:EE P:nvUbdIzc                  $81B7: 65 CC     ADC $CC = #$3E
A:4E X:4E Y:0F S:EE P:nvUbdIzc                  $81B9: AA        TAX
A:4E X:4E Y:0F S:EE P:nvUbdIzc                  $81BA: A9 00     LDA #$00
A:00 X:4E Y:0F S:EE P:nvUbdIZc                  $81BC: 9D 80 07  STA $0780,X @ $07CE = #$FF
A:00 X:4E Y:0F S:EE P:nvUbdIZc                  $81BF: E8        INX
A:00 X:4F Y:0F S:EE P:nvUbdIzc                  $81C0: 88        DEY
A:00 X:4F Y:0E S:EE P:nvUbdIzc                  $81C1: D0 F9     BNE $81BC
A:00 X:4F Y:0E S:EE P:nvUbdIzc                  $81BC: 9D 80 07  STA $0780,X @ $07CF = #$11
A:00 X:4F Y:0E S:EE P:nvUbdIzc                  $81BF: E8        INX
A:00 X:50 Y:0E S:EE P:nvUbdIzc                  $81C0: 88        DEY
A:00 X:50 Y:0D S:EE P:nvUbdIzc                  $81C1: D0 F9     BNE $81BC
A:00 X:50 Y:0D S:EE P:nvUbdIzc                  $81BC: 9D 80 07  STA $0780,X @ $07D0 = #$00
A:00 X:50 Y:0D S:EE P:nvUbdIzc                  $81BF: E8        INX
A:00 X:51 Y:0D S:EE P:nvUbdIzc                  $81C0: 88        DEY
A:00 X:51 Y:0C S:EE P:nvUbdIzc                  $81C1: D0 F9     BNE $81BC
A:00 X:51 Y:0C S:EE P:nvUbdIzc                  $81BC: 9D 80 07  STA $0780,X @ $07D1 = #$6F
A:00 X:51 Y:0C S:EE P:nvUbdIzc                  $81BF: E8        INX
A:00 X:52 Y:0C S:EE P:nvUbdIzc                  $81C0: 88        DEY
A:00 X:52 Y:0B S:EE P:nvUbdIzc                  $81C1: D0 F9     BNE $81BC
A:00 X:52 Y:0B S:EE P:nvUbdIzc                  $81BC: 9D 80 07  STA $0780,X @ $07D2 = #$00
A:00 X:52 Y:0B S:EE P:nvUbdIzc                  $81BF: E8        INX
A:00 X:53 Y:0B S:EE P:nvUbdIzc                  $81C0: 88        DEY
A:00 X:53 Y:0A S:EE P:nvUbdIzc                  $81C1: D0 F9     BNE $81BC
A:00 X:53 Y:0A S:EE P:nvUbdIzc                  $81BC: 9D 80 07  STA $0780,X @ $07D3 = #$00
A:00 X:53 Y:0A S:EE P:nvUbdIzc                  $81BF: E8        INX
A:00 X:54 Y:0A S:EE P:nvUbdIzc                  $81C0: 88        DEY
A:00 X:54 Y:09 S:EE P:nvUbdIzc                  $81C1: D0 F9     BNE $81BC
A:00 X:54 Y:09 S:EE P:nvUbdIzc                  $81BC: 9D 80 07  STA $0780,X @ $07D4 = #$80
A:00 X:54 Y:09 S:EE P:nvUbdIzc                  $81BF: E8        INX
A:00 X:55 Y:09 S:EE P:nvUbdIzc                  $81C0: 88        DEY
A:00 X:55 Y:08 S:EE P:nvUbdIzc                  $81C1: D0 F9     BNE $81BC
A:00 X:55 Y:08 S:EE P:nvUbdIzc                  $81BC: 9D 80 07  STA $0780,X @ $07D5 = #$00
A:00 X:55 Y:08 S:EE P:nvUbdIzc                  $81BF: E8        INX
A:00 X:56 Y:08 S:EE P:nvUbdIzc                  $81C0: 88        DEY
A:00 X:56 Y:07 S:EE P:nvUbdIzc                  $81C1: D0 F9     BNE $81BC
A:00 X:56 Y:07 S:EE P:nvUbdIzc                  $81BC: 9D 80 07  STA $0780,X @ $07D6 = #$0D
A:00 X:56 Y:07 S:EE P:nvUbdIzc                  $81BF: E8        INX
A:00 X:57 Y:07 S:EE P:nvUbdIzc                  $81C0: 88        DEY
A:00 X:57 Y:06 S:EE P:nvUbdIzc                  $81C1: D0 F9     BNE $81BC
A:00 X:57 Y:06 S:EE P:nvUbdIzc                  $81BC: 9D 80 07  STA $0780,X @ $07D7 = #$00
A:00 X:57 Y:06 S:EE P:nvUbdIzc                  $81BF: E8        INX
A:00 X:58 Y:06 S:EE P:nvUbdIzc                  $81C0: 88        DEY
A:00 X:58 Y:05 S:EE P:nvUbdIzc                  $81C1: D0 F9     BNE $81BC
A:00 X:58 Y:05 S:EE P:nvUbdIzc                  $81BC: 9D 80 07  STA $0780,X @ $07D8 = #$00
A:00 X:58 Y:05 S:EE P:nvUbdIzc                  $81BF: E8        INX
A:00 X:59 Y:05 S:EE P:nvUbdIzc                  $81C0: 88        DEY
A:00 X:59 Y:04 S:EE P:nvUbdIzc                  $81C1: D0 F9     BNE $81BC
A:00 X:59 Y:04 S:EE P:nvUbdIzc                  $81BC: 9D 80 07  STA $0780,X @ $07D9 = #$00
A:00 X:59 Y:04 S:EE P:nvUbdIzc                  $81BF: E8        INX
A:00 X:5A Y:04 S:EE P:nvUbdIzc                  $81C0: 88        DEY
A:00 X:5A Y:03 S:EE P:nvUbdIzc                  $81C1: D0 F9     BNE $81BC
A:00 X:5A Y:03 S:EE P:nvUbdIzc                  $81BC: 9D 80 07  STA $0780,X @ $07DA = #$00
A:00 X:5A Y:03 S:EE P:nvUbdIzc                  $81BF: E8        INX
A:00 X:5B Y:03 S:EE P:nvUbdIzc                  $81C0: 88        DEY
A:00 X:5B Y:02 S:EE P:nvUbdIzc                  $81C1: D0 F9     BNE $81BC
A:00 X:5B Y:02 S:EE P:nvUbdIzc                  $81BC: 9D 80 07  STA $0780,X @ $07DB = #$0D
A:00 X:5B Y:02 S:EE P:nvUbdIzc                  $81BF: E8        INX
A:00 X:5C Y:02 S:EE P:nvUbdIzc                  $81C0: 88        DEY
A:00 X:5C Y:01 S:EE P:nvUbdIzc                  $81C1: D0 F9     BNE $81BC
A:00 X:5C Y:01 S:EE P:nvUbdIzc                  $81BC: 9D 80 07  STA $0780,X @ $07DC = #$81
A:00 X:5C Y:01 S:EE P:nvUbdIzc                  $81BF: E8        INX
A:00 X:5D Y:01 S:EE P:nvUbdIzc                  $81C0: 88        DEY
A:00 X:5D Y:00 S:EE P:nvUbdIZc                  $81C1: D0 F9     BNE $81BC
A:00 X:5D Y:00 S:EE P:nvUbdIZc                  $81C3: 60        RTS (from $81B2) ----------------------------
A:00 X:5D Y:00 S:F0 P:nvUbdIZc                $809A: 20 07 82  JSR $8207
A:00 X:5D Y:00 S:EE P:nvUbdIZc                  $8207: 46 C1     LSR $C1 = #$00
A:00 X:5D Y:00 S:EE P:nvUbdIZc                  $8209: 90 06     BCC $8211
A:00 X:5D Y:00 S:EE P:nvUbdIZc                  $8211: A9 1F     LDA #$1F
A:1F X:5D Y:00 S:EE P:nvUbdIzc                  $8213: 18        CLC
A:1F X:5D Y:00 S:EE P:nvUbdIzc                  $8214: 65 CC     ADC $CC = #$3E
A:5D X:5D Y:00 S:EE P:nvUbdIzc                  $8216: 85 CC     STA $CC = #$3E
A:5D X:5D Y:00 S:EE P:nvUbdIzc                  $8218: 60        RTS (from $8207) ----------------------------
A:5D X:5D Y:00 S:F0 P:nvUbdIzc                $809D: C6 C5     DEC $C5 = #$02
A:5D X:5D Y:00 S:F0 P:nvUbdIzc                $809F: F0 05     BEQ $80A6
A:5D X:5D Y:00 S:F0 P:nvUbdIzc                $80A1: A9 02     LDA #$02
A:02 X:5D Y:00 S:F0 P:nvUbdIzc                $80A3: 4C 6D 80  JMP $806D
A:02 X:5D Y:00 S:F0 P:nvUbdIzc                $806D: 18        CLC
A:02 X:5D Y:00 S:F0 P:nvUbdIzc                $806E: 65 C2     ADC $C2 = #$6D
A:6F X:5D Y:00 S:F0 P:nvUbdIzc                $8070: 85 C2     STA $C2 = #$6D
A:6F X:5D Y:00 S:F0 P:nvUbdIzc                $8072: A9 00     LDA #$00
A:00 X:5D Y:00 S:F0 P:nvUbdIZc                $8074: 65 C3     ADC $C3 = #$9C
A:9C X:5D Y:00 S:F0 P:NvUbdIzc                $8076: 85 C3     STA $C3 = #$9C
A:9C X:5D Y:00 S:F0 P:NvUbdIzc                $8078: A6 CC     LDX $CC = #$5D
A:9C X:5D Y:00 S:F0 P:nvUbdIzc                $807A: A0 00     LDY #$00
A:9C X:5D Y:00 S:F0 P:nvUbdIZc                $807C: B1 C2     LDA ($C2),Y @ $9C6F = #$F9
A:F9 X:5D Y:00 S:F0 P:NvUbdIzc                $807E: 9D 80 07  STA $0780,X @ $07DD = #$D7
A:F9 X:5D Y:00 S:F0 P:NvUbdIzc                $8081: E8        INX
A:F9 X:5E Y:00 S:F0 P:nvUbdIzc                $8082: C8        INY
A:F9 X:5E Y:01 S:F0 P:nvUbdIzc                $8083: C0 02     CPY #$02
A:F9 X:5E Y:01 S:F0 P:NvUbdIzc                $8085: D0 F5     BNE $807C
A:F9 X:5E Y:01 S:F0 P:NvUbdIzc                $807C: B1 C2     LDA ($C2),Y @ $9C70 = #$9C
A:9C X:5E Y:01 S:F0 P:NvUbdIzc                $807E: 9D 80 07  STA $0780,X @ $07DE = #$8C
A:9C X:5E Y:01 S:F0 P:NvUbdIzc                $8081: E8        INX
A:9C X:5F Y:01 S:F0 P:nvUbdIzc                $8082: C8        INY
A:9C X:5F Y:02 S:F0 P:nvUbdIzc                $8083: C0 02     CPY #$02
A:9C X:5F Y:02 S:F0 P:nvUbdIZC                $8085: D0 F5     BNE $807C
A:9C X:5F Y:02 S:F0 P:nvUbdIZC                $8087: A0 0E     LDY #$0E
A:9C X:5F Y:0E S:F0 P:nvUbdIzC                $8089: A9 00     LDA #$00
A:00 X:5F Y:0E S:F0 P:nvUbdIZC                $808B: 9D 80 07  STA $0780,X @ $07DF = #$04
A:00 X:5F Y:0E S:F0 P:nvUbdIZC                $808E: E8        INX
A:00 X:60 Y:0E S:F0 P:nvUbdIzC                $808F: 88        DEY
A:00 X:60 Y:0D S:F0 P:nvUbdIzC                $8090: D0 F9     BNE $808B
A:00 X:60 Y:0D S:F0 P:nvUbdIzC                $808B: 9D 80 07  STA $0780,X @ $07E0 = #$00
A:00 X:60 Y:0D S:F0 P:nvUbdIzC                $808E: E8        INX
A:00 X:61 Y:0D S:F0 P:nvUbdIzC                $808F: 88        DEY
A:00 X:61 Y:0C S:F0 P:nvUbdIzC                $8090: D0 F9     BNE $808B
A:00 X:61 Y:0C S:F0 P:nvUbdIzC                $808B: 9D 80 07  STA $0780,X @ $07E1 = #$05
A:00 X:61 Y:0C S:F0 P:nvUbdIzC                $808E: E8        INX
A:00 X:62 Y:0C S:F0 P:nvUbdIzC                $808F: 88        DEY
A:00 X:62 Y:0B S:F0 P:nvUbdIzC                $8090: D0 F9     BNE $808B
A:00 X:62 Y:0B S:F0 P:nvUbdIzC                $808B: 9D 80 07  STA $0780,X @ $07E2 = #$0A
A:00 X:62 Y:0B S:F0 P:nvUbdIzC                $808E: E8        INX
A:00 X:63 Y:0B S:F0 P:nvUbdIzC                $808F: 88        DEY
A:00 X:63 Y:0A S:F0 P:nvUbdIzC                $8090: D0 F9     BNE $808B
A:00 X:63 Y:0A S:F0 P:nvUbdIzC                $808B: 9D 80 07  STA $0780,X @ $07E3 = #$00
A:00 X:63 Y:0A S:F0 P:nvUbdIzC                $808E: E8        INX
A:00 X:64 Y:0A S:F0 P:nvUbdIzC                $808F: 88        DEY
A:00 X:64 Y:09 S:F0 P:nvUbdIzC                $8090: D0 F9     BNE $808B
A:00 X:64 Y:09 S:F0 P:nvUbdIzC                $808B: 9D 80 07  STA $0780,X @ $07E4 = #$00
A:00 X:64 Y:09 S:F0 P:nvUbdIzC                $808E: E8        INX
A:00 X:65 Y:09 S:F0 P:nvUbdIzC                $808F: 88        DEY
A:00 X:65 Y:08 S:F0 P:nvUbdIzC                $8090: D0 F9     BNE $808B
A:00 X:65 Y:08 S:F0 P:nvUbdIzC                $808B: 9D 80 07  STA $0780,X @ $07E5 = #$00
A:00 X:65 Y:08 S:F0 P:nvUbdIzC                $808E: E8        INX
A:00 X:66 Y:08 S:F0 P:nvUbdIzC                $808F: 88        DEY
A:00 X:66 Y:07 S:F0 P:nvUbdIzC                $8090: D0 F9     BNE $808B
A:00 X:66 Y:07 S:F0 P:nvUbdIzC                $808B: 9D 80 07  STA $0780,X @ $07E6 = #$00
A:00 X:66 Y:07 S:F0 P:nvUbdIzC                $808E: E8        INX
A:00 X:67 Y:07 S:F0 P:nvUbdIzC                $808F: 88        DEY
A:00 X:67 Y:06 S:F0 P:nvUbdIzC                $8090: D0 F9     BNE $808B
A:00 X:67 Y:06 S:F0 P:nvUbdIzC                $808B: 9D 80 07  STA $0780,X @ $07E7 = #$03
A:00 X:67 Y:06 S:F0 P:nvUbdIzC                $808E: E8        INX
A:00 X:68 Y:06 S:F0 P:nvUbdIzC                $808F: 88        DEY
A:00 X:68 Y:05 S:F0 P:nvUbdIzC                $8090: D0 F9     BNE $808B
A:00 X:68 Y:05 S:F0 P:nvUbdIzC                $808B: 9D 80 07  STA $0780,X @ $07E8 = #$00
A:00 X:68 Y:05 S:F0 P:nvUbdIzC                $808E: E8        INX
A:00 X:69 Y:05 S:F0 P:nvUbdIzC                $808F: 88        DEY
A:00 X:69 Y:04 S:F0 P:nvUbdIzC                $8090: D0 F9     BNE $808B
A:00 X:69 Y:04 S:F0 P:nvUbdIzC                $808B: 9D 80 07  STA $0780,X @ $07E9 = #$3D
A:00 X:69 Y:04 S:F0 P:nvUbdIzC                $808E: E8        INX
A:00 X:6A Y:04 S:F0 P:nvUbdIzC                $808F: 88        DEY
A:00 X:6A Y:03 S:F0 P:nvUbdIzC                $8090: D0 F9     BNE $808B
A:00 X:6A Y:03 S:F0 P:nvUbdIzC                $808B: 9D 80 07  STA $0780,X @ $07EA = #$81
A:00 X:6A Y:03 S:F0 P:nvUbdIzC                $808E: E8        INX
A:00 X:6B Y:03 S:F0 P:nvUbdIzC                $808F: 88        DEY
A:00 X:6B Y:02 S:F0 P:nvUbdIzC                $8090: D0 F9     BNE $808B
A:00 X:6B Y:02 S:F0 P:nvUbdIzC                $808B: 9D 80 07  STA $0780,X @ $07EB = #$00
A:00 X:6B Y:02 S:F0 P:nvUbdIzC                $808E: E8        INX
A:00 X:6C Y:02 S:F0 P:nvUbdIzC                $808F: 88        DEY
A:00 X:6C Y:01 S:F0 P:nvUbdIzC                $8090: D0 F9     BNE $808B
A:00 X:6C Y:01 S:F0 P:nvUbdIzC                $808B: 9D 80 07  STA $0780,X @ $07EC = #$33
A:00 X:6C Y:01 S:F0 P:nvUbdIzC                $808E: E8        INX
A:00 X:6D Y:01 S:F0 P:nvUbdIzC                $808F: 88        DEY
A:00 X:6D Y:00 S:F0 P:nvUbdIZC                $8090: D0 F9     BNE $808B
A:00 X:6D Y:00 S:F0 P:nvUbdIZC                $8092: A5 C1     LDA $C1 = #$00
A:00 X:6D Y:00 S:F0 P:nvUbdIZC                $8094: 4A        LSR
A:00 X:6D Y:00 S:F0 P:nvUbdIZc                $8095: B0 03     BCS $809A
A:00 X:6D Y:00 S:F0 P:nvUbdIZc                $8097: 20 B2 81  JSR $81B2
A:00 X:6D Y:00 S:EE P:nvUbdIZc                  $81B2: A0 0F     LDY #$0F
A:00 X:6D Y:0F S:EE P:nvUbdIzc                  $81B4: A9 10     LDA #$10
A:10 X:6D Y:0F S:EE P:nvUbdIzc                  $81B6: 18        CLC
A:10 X:6D Y:0F S:EE P:nvUbdIzc                  $81B7: 65 CC     ADC $CC = #$5D
A:6D X:6D Y:0F S:EE P:nvUbdIzc                  $81B9: AA        TAX
A:6D X:6D Y:0F S:EE P:nvUbdIzc                  $81BA: A9 00     LDA #$00
A:00 X:6D Y:0F S:EE P:nvUbdIZc                  $81BC: 9D 80 07  STA $0780,X @ $07ED = #$FF
A:00 X:6D Y:0F S:EE P:nvUbdIZc                  $81BF: E8        INX
A:00 X:6E Y:0F S:EE P:nvUbdIzc                  $81C0: 88        DEY
A:00 X:6E Y:0E S:EE P:nvUbdIzc                  $81C1: D0 F9     BNE $81BC
A:00 X:6E Y:0E S:EE P:nvUbdIzc                  $81BC: 9D 80 07  STA $0780,X @ $07EE = #$00
A:00 X:6E Y:0E S:EE P:nvUbdIzc                  $81BF: E8        INX
A:00 X:6F Y:0E S:EE P:nvUbdIzc                  $81C0: 88        DEY
A:00 X:6F Y:0D S:EE P:nvUbdIzc                  $81C1: D0 F9     BNE $81BC
A:00 X:6F Y:0D S:EE P:nvUbdIzc                  $81BC: 9D 80 07  STA $0780,X @ $07EF = #$00
A:00 X:6F Y:0D S:EE P:nvUbdIzc                  $81BF: E8        INX
A:00 X:70 Y:0D S:EE P:nvUbdIzc                  $81C0: 88        DEY
A:00 X:70 Y:0C S:EE P:nvUbdIzc                  $81C1: D0 F9     BNE $81BC
A:00 X:70 Y:0C S:EE P:nvUbdIzc                  $81BC: 9D 80 07  STA $0780,X @ $07F0 = #$30
A:00 X:70 Y:0C S:EE P:nvUbdIzc                  $81BF: E8        INX
A:00 X:71 Y:0C S:EE P:nvUbdIzc                  $81C0: 88        DEY
A:00 X:71 Y:0B S:EE P:nvUbdIzc                  $81C1: D0 F9     BNE $81BC
A:00 X:71 Y:0B S:EE P:nvUbdIzc                  $81BC: 9D 80 07  STA $0780,X @ $07F1 = #$00
A:00 X:71 Y:0B S:EE P:nvUbdIzc                  $81BF: E8        INX
A:00 X:72 Y:0B S:EE P:nvUbdIzc                  $81C0: 88        DEY
A:00 X:72 Y:0A S:EE P:nvUbdIzc                  $81C1: D0 F9     BNE $81BC
A:00 X:72 Y:0A S:EE P:nvUbdIzc                  $81BC: 9D 80 07  STA $0780,X @ $07F2 = #$00
A:00 X:72 Y:0A S:EE P:nvUbdIzc                  $81BF: E8        INX
A:00 X:73 Y:0A S:EE P:nvUbdIzc                  $81C0: 88        DEY
A:00 X:73 Y:09 S:EE P:nvUbdIzc                  $81C1: D0 F9     BNE $81BC
A:00 X:73 Y:09 S:EE P:nvUbdIzc                  $81BC: 9D 80 07  STA $0780,X @ $07F3 = #$80
A:00 X:73 Y:09 S:EE P:nvUbdIzc                  $81BF: E8        INX
A:00 X:74 Y:09 S:EE P:nvUbdIzc                  $81C0: 88        DEY
A:00 X:74 Y:08 S:EE P:nvUbdIzc                  $81C1: D0 F9     BNE $81BC
A:00 X:74 Y:08 S:EE P:nvUbdIzc                  $81BC: 9D 80 07  STA $0780,X @ $07F4 = #$00
A:00 X:74 Y:08 S:EE P:nvUbdIzc                  $81BF: E8        INX
A:00 X:75 Y:08 S:EE P:nvUbdIzc                  $81C0: 88        DEY
A:00 X:75 Y:07 S:EE P:nvUbdIzc                  $81C1: D0 F9     BNE $81BC
A:00 X:75 Y:07 S:EE P:nvUbdIzc                  $81BC: 9D 80 07  STA $0780,X @ $07F5 = #$04
A:00 X:75 Y:07 S:EE P:nvUbdIzc                  $81BF: E8        INX
A:00 X:76 Y:07 S:EE P:nvUbdIzc                  $81C0: 88        DEY
A:00 X:76 Y:06 S:EE P:nvUbdIzc                  $81C1: D0 F9     BNE $81BC
A:00 X:76 Y:06 S:EE P:nvUbdIzc                  $81BC: 9D 80 07  STA $0780,X @ $07F6 = #$00
A:00 X:76 Y:06 S:EE P:nvUbdIzc                  $81BF: E8        INX
A:00 X:77 Y:06 S:EE P:nvUbdIzc                  $81C0: 88        DEY
A:00 X:77 Y:05 S:EE P:nvUbdIzc                  $81C1: D0 F9     BNE $81BC
A:00 X:77 Y:05 S:EE P:nvUbdIzc                  $81BC: 9D 80 07  STA $0780,X @ $07F7 = #$00
A:00 X:77 Y:05 S:EE P:nvUbdIzc                  $81BF: E8        INX
A:00 X:78 Y:05 S:EE P:nvUbdIzc                  $81C0: 88        DEY
A:00 X:78 Y:04 S:EE P:nvUbdIzc                  $81C1: D0 F9     BNE $81BC
A:00 X:78 Y:04 S:EE P:nvUbdIzc                  $81BC: 9D 80 07  STA $0780,X @ $07F8 = #$00
A:00 X:78 Y:04 S:EE P:nvUbdIzc                  $81BF: E8        INX
A:00 X:79 Y:04 S:EE P:nvUbdIzc                  $81C0: 88        DEY
A:00 X:79 Y:03 S:EE P:nvUbdIzc                  $81C1: D0 F9     BNE $81BC
A:00 X:79 Y:03 S:EE P:nvUbdIzc                  $81BC: 9D 80 07  STA $0780,X @ $07F9 = #$00
A:00 X:79 Y:03 S:EE P:nvUbdIzc                  $81BF: E8        INX
A:00 X:7A Y:03 S:EE P:nvUbdIzc                  $81C0: 88        DEY
A:00 X:7A Y:02 S:EE P:nvUbdIzc                  $81C1: D0 F9     BNE $81BC
A:00 X:7A Y:02 S:EE P:nvUbdIzc                  $81BC: 9D 80 07  STA $0780,X @ $07FA = #$04
A:00 X:7A Y:02 S:EE P:nvUbdIzc                  $81BF: E8        INX
A:00 X:7B Y:02 S:EE P:nvUbdIzc                  $81C0: 88        DEY
A:00 X:7B Y:01 S:EE P:nvUbdIzc                  $81C1: D0 F9     BNE $81BC
A:00 X:7B Y:01 S:EE P:nvUbdIzc                  $81BC: 9D 80 07  STA $0780,X @ $07FB = #$0D
A:00 X:7B Y:01 S:EE P:nvUbdIzc                  $81BF: E8        INX
A:00 X:7C Y:01 S:EE P:nvUbdIzc                  $81C0: 88        DEY
A:00 X:7C Y:00 S:EE P:nvUbdIZc                  $81C1: D0 F9     BNE $81BC
A:00 X:7C Y:00 S:EE P:nvUbdIZc                  $81C3: 60        RTS (from $81B2) ----------------------------
A:00 X:7C Y:00 S:F0 P:nvUbdIZc                $809A: 20 07 82  JSR $8207
A:00 X:7C Y:00 S:EE P:nvUbdIZc                  $8207: 46 C1     LSR $C1 = #$00
A:00 X:7C Y:00 S:EE P:nvUbdIZc                  $8209: 90 06     BCC $8211
A:00 X:7C Y:00 S:EE P:nvUbdIZc                  $8211: A9 1F     LDA #$1F
A:1F X:7C Y:00 S:EE P:nvUbdIzc                  $8213: 18        CLC
A:1F X:7C Y:00 S:EE P:nvUbdIzc                  $8214: 65 CC     ADC $CC = #$5D
A:7C X:7C Y:00 S:EE P:nvUbdIzc                  $8216: 85 CC     STA $CC = #$5D
A:7C X:7C Y:00 S:EE P:nvUbdIzc                  $8218: 60        RTS (from $8207) ----------------------------
A:7C X:7C Y:00 S:F0 P:nvUbdIzc                $809D: C6 C5     DEC $C5 = #$01
A:7C X:7C Y:00 S:F0 P:nvUbdIZc                $809F: F0 05     BEQ $80A6
A:7C X:7C Y:00 S:F0 P:nvUbdIZc                $80A6: A0 02     LDY #$02
A:7C X:7C Y:02 S:F0 P:nvUbdIzc                $80A8: B1 C2     LDA ($C2),Y @ $9C71 = #$05
A:05 X:7C Y:02 S:F0 P:nvUbdIzc                $80AA: 8D FC 07  STA $07FC = #$EA
A:05 X:7C Y:02 S:F0 P:nvUbdIzc                $80AD: C8        INY
A:05 X:7C Y:03 S:F0 P:nvUbdIzc                $80AE: B1 C2     LDA ($C2),Y @ $9C72 = #$9D
A:9D X:7C Y:03 S:F0 P:NvUbdIzc                $80B0: 8D FD 07  STA $07FD = #$8C
A:9D X:7C Y:03 S:F0 P:NvUbdIzc                $80B3: 20 19 82  JSR $8219
A:9D X:7C Y:03 S:EE P:NvUbdIzc                  $8219: 46 C1     LSR $C1 = #$00
A:9D X:7C Y:03 S:EE P:nvUbdIZc                  $821B: 46 C1     LSR $C1 = #$00
A:9D X:7C Y:03 S:EE P:nvUbdIZc                  $821D: 46 C1     LSR $C1 = #$00
A:9D X:7C Y:03 S:EE P:nvUbdIZc                  $821F: 46 C1     LSR $C1 = #$00
A:9D X:7C Y:03 S:EE P:nvUbdIZc                  $8221: 60        RTS (from $8219) ----------------------------
A:9D X:7C Y:03 S:F0 P:nvUbdIZc                $80B6: A9 00     LDA #$00
A:00 X:7C Y:03 S:F0 P:nvUbdIZc                $80B8: 85 C4     STA $C4 = #$01
A:00 X:7C Y:03 S:F0 P:nvUbdIZc                $80BA: 60        RTS (from $C315) ----------------------------
A:00 X:7C Y:03 S:F2 P:nvUbdIZc              $C330: A9 F0     LDA #$F0
A:F0 X:7C Y:03 S:F2 P:NvUbdIzc              $C332: 85 58     STA $58 = #$0B
A:F0 X:7C Y:03 S:F2 P:NvUbdIzc              $C334: A9 05     LDA #$05
A:05 X:7C Y:03 S:F2 P:nvUbdIzc              $C336: 8D 05 C0  STA $C005 = #$05
A:05 X:7C Y:03 S:F2 P:nvUbdIzc              $C339: 4C 00 80  JMP $8000
A:05 X:7C Y:03 S:F2 P:nvUbdIzc              $8000: 4C 35 82  JMP $8235
A:05 X:7C Y:03 S:F2 P:nvUbdIzc              $8235: E6 CA     INC $CA = #$21
A:05 X:7C Y:03 S:F2 P:nvUbdIzc              $8237: A5 C4     LDA $C4 = #$00
A:00 X:7C Y:03 S:F2 P:nvUbdIZc              $8239: F0 01     BEQ $823C
A:00 X:7C Y:03 S:F2 P:nvUbdIZc              $823C: A2 80     LDX #$80
A:00 X:80 Y:03 S:F2 P:NvUbdIzc              $823E: A0 07     LDY #$07
A:00 X:80 Y:07 S:F2 P:nvUbdIzc              $8240: 86 CC     STX $CC = #$7C
A:00 X:80 Y:07 S:F2 P:nvUbdIzc              $8242: 84 CD     STY $CD = #$07
A:00 X:80 Y:07 S:F2 P:nvUbdIzc              $8244: A9 00     LDA #$00
A:00 X:80 Y:07 S:F2 P:nvUbdIZc              $8246: 85 CB     STA $CB = #$0C
A:00 X:80 Y:07 S:F2 P:nvUbdIZc              $8248: A9 04     LDA #$04
A:04 X:80 Y:07 S:F2 P:nvUbdIzc              $824A: 85 CE     STA $CE = #$00
A:04 X:80 Y:07 S:F2 P:nvUbdIzc              $824C: A9 01     LDA #$01
A:01 X:80 Y:07 S:F2 P:nvUbdIzc              $824E: A0 18     LDY #$18
A:01 X:80 Y:18 S:F2 P:nvUbdIzc              $8250: 18        CLC
A:01 X:80 Y:18 S:F2 P:nvUbdIzc              $8251: 71 CC     ADC ($CC),Y @ $0798 = #$00
A:01 X:80 Y:18 S:F2 P:nvUbdIzc              $8253: 91 CC     STA ($CC),Y @ $0798 = #$00
A:01 X:80 Y:18 S:F2 P:nvUbdIzc              $8255: A9 01     LDA #$01
A:01 X:80 Y:18 S:F2 P:nvUbdIzc              $8257: A0 1D     LDY #$1D
A:01 X:80 Y:1D S:F2 P:nvUbdIzc              $8259: 18        CLC
A:01 X:80 Y:1D S:F2 P:nvUbdIzc              $825A: 71 CC     ADC ($CC),Y @ $079D = #$00
A:01 X:80 Y:1D S:F2 P:nvUbdIzc              $825C: 91 CC     STA ($CC),Y @ $079D = #$00
A:01 X:80 Y:1D S:F2 P:nvUbdIzc              $825E: A5 CF     LDA $CF = #$00
A:00 X:80 Y:1D S:F2 P:nvUbdIZc              $8260: 4A        LSR
A:00 X:80 Y:1D S:F2 P:nvUbdIZc              $8261: 90 03     BCC $8266
A:00 X:80 Y:1D S:F2 P:nvUbdIZc              $8266: A5 30     LDA $30 = #$00
A:00 X:80 Y:1D S:F2 P:nvUbdIZc              $8268: 4A        LSR
A:00 X:80 Y:1D S:F2 P:nvUbdIZc              $8269: 90 03     BCC $826E
A:00 X:80 Y:1D S:F2 P:nvUbdIZc              $826E: A0 00     LDY #$00
A:00 X:80 Y:00 S:F2 P:nvUbdIZc              $8270: B1 CC     LDA ($CC),Y @ $0780 = #$73
A:73 X:80 Y:00 S:F2 P:nvUbdIzc              $8272: C8        INY
A:73 X:80 Y:01 S:F2 P:nvUbdIzc              $8273: 11 CC     ORA ($CC),Y @ $0781 = #$9C
A:FF X:80 Y:01 S:F2 P:NvUbdIzc              $8275: F0 0F     BEQ $8286
A:FF X:80 Y:01 S:F2 P:NvUbdIzc              $8277: A9 01     LDA #$01
A:01 X:80 Y:01 S:F2 P:nvUbdIzc              $8279: A0 0E     LDY #$0E
A:01 X:80 Y:0E S:F2 P:nvUbdIzc              $827B: 18        CLC
A:01 X:80 Y:0E S:F2 P:nvUbdIzc              $827C: 71 CC     ADC ($CC),Y @ $078E = #$00
A:01 X:80 Y:0E S:F2 P:nvUbdIzc              $827E: 91 CC     STA ($CC),Y @ $078E = #$00
A:01 X:80 Y:0E S:F2 P:nvUbdIzc              $8280: 20 B4 86  JSR $86B4
A:01 X:80 Y:0E S:F0 P:nvUbdIzc                $86B4: A5 C7     LDA $C7 = #$00
A:00 X:80 Y:0E S:F0 P:nvUbdIZc                $86B6: F0 0B     BEQ $86C3
A:00 X:80 Y:0E S:F0 P:nvUbdIZc                $86C3: A0 05     LDY #$05
A:00 X:80 Y:05 S:F0 P:nvUbdIzc                $86C5: B1 CC     LDA ($CC),Y @ $0785 = #$00
A:00 X:80 Y:05 S:F0 P:nvUbdIZc                $86C7: 0A        ASL
A:00 X:80 Y:05 S:F0 P:nvUbdIZc                $86C8: 90 09     BCC $86D3
A:00 X:80 Y:05 S:F0 P:nvUbdIZc                $86D3: A0 02     LDY #$02
A:00 X:80 Y:02 S:F0 P:nvUbdIzc                $86D5: B1 CC     LDA ($CC),Y @ $0782 = #$00
A:00 X:80 Y:02 S:F0 P:nvUbdIZc                $86D7: C8        INY
A:00 X:80 Y:03 S:F0 P:nvUbdIzc                $86D8: 11 CC     ORA ($CC),Y @ $0783 = #$00
A:00 X:80 Y:03 S:F0 P:nvUbdIZc                $86DA: F0 22     BEQ $86FE
A:00 X:80 Y:03 S:F0 P:nvUbdIZc                $86FE: A0 05     LDY #$05
A:00 X:80 Y:05 S:F0 P:nvUbdIzc                $8700: B1 CC     LDA ($CC),Y @ $0785 = #$00
A:00 X:80 Y:05 S:F0 P:nvUbdIZc                $8702: 29 7F     AND #$7F
A:00 X:80 Y:05 S:F0 P:nvUbdIZc                $8704: 91 CC     STA ($CC),Y @ $0785 = #$00
A:00 X:80 Y:05 S:F0 P:nvUbdIZc                $8706: 20 35 89  JSR $8935
A:00 X:80 Y:05 S:EE P:nvUbdIZc                  $8935: A0 00     LDY #$00
A:00 X:80 Y:00 S:EE P:nvUbdIZc                  $8937: B1 CC     LDA ($CC),Y @ $0780 = #$73
A:73 X:80 Y:00 S:EE P:nvUbdIzc                  $8939: 85 D4     STA $D4 = #$00
A:73 X:80 Y:00 S:EE P:nvUbdIzc                  $893B: C8        INY
A:73 X:80 Y:01 S:EE P:nvUbdIzc                  $893C: B1 CC     LDA ($CC),Y @ $0781 = #$9C
A:9C X:80 Y:01 S:EE P:NvUbdIzc                  $893E: 85 D5     STA $D5 = #$0C
A:9C X:80 Y:01 S:EE P:NvUbdIzc                  $8940: 88        DEY
A:9C X:80 Y:00 S:EE P:nvUbdIZc                  $8941: B1 D4     LDA ($D4),Y @ $9C73 = #$00
A:00 X:80 Y:00 S:EE P:nvUbdIZc                  $8943: AA        TAX
A:00 X:00 Y:00 S:EE P:nvUbdIZc                  $8944: A9 01     LDA #$01
A:01 X:00 Y:00 S:EE P:nvUbdIzc                  $8946: 18        CLC
A:01 X:00 Y:00 S:EE P:nvUbdIzc                  $8947: 65 D4     ADC $D4 = #$73
A:74 X:00 Y:00 S:EE P:nvUbdIzc                  $8949: 91 CC     STA ($CC),Y @ $0780 = #$73
A:74 X:00 Y:00 S:EE P:nvUbdIzc                  $894B: A9 00     LDA #$00
A:00 X:00 Y:00 S:EE P:nvUbdIZc                  $894D: 65 D5     ADC $D5 = #$9C
A:9C X:00 Y:00 S:EE P:NvUbdIzc                  $894F: C8        INY
A:9C X:00 Y:01 S:EE P:nvUbdIzc                  $8950: 91 CC     STA ($CC),Y @ $0781 = #$9C
A:9C X:00 Y:01 S:EE P:nvUbdIzc                  $8952: 8A        TXA
A:00 X:00 Y:01 S:EE P:nvUbdIZc                  $8953: 60        RTS (from $8935) ----------------------------
A:00 X:00 Y:01 S:F0 P:nvUbdIZc                $8709: 29 F0     AND #$F0
A:00 X:00 Y:01 S:F0 P:nvUbdIZc                $870B: D0 03     BNE $8710
A:00 X:00 Y:01 S:F0 P:nvUbdIZc                $870D: 4C C0 87  JMP $87C0
A:00 X:00 Y:01 S:F0 P:nvUbdIZc                $87C0: 20 56 85  JSR $8556
A:00 X:00 Y:01 S:EE P:nvUbdIZc                  $8556: 8A        TXA
A:00 X:00 Y:01 S:EE P:nvUbdIZc                  $8557: 0A        ASL
A:00 X:00 Y:01 S:EE P:nvUbdIZc                  $8558: A8        TAY
A:00 X:00 Y:00 S:EE P:nvUbdIZc                  $8559: C8        INY
A:00 X:00 Y:01 S:EE P:nvUbdIzc                  $855A: 68        PLA
A:C2 X:00 Y:01 S:EF P:NvUbdIzc                 $855B: 85 D4     STA $D4 = #$73
A:C2 X:00 Y:01 S:EF P:NvUbdIzc                 $855D: 68        PLA
A:87 X:00 Y:01 S:F0 P:NvUbdIzc                $855E: 85 D5     STA $D5 = #$9C
A:87 X:00 Y:01 S:F0 P:NvUbdIzc                $8560: B1 D4     LDA ($D4),Y @ $87C3 = #$D7
A:D7 X:00 Y:01 S:F0 P:NvUbdIzc                $8562: AA        TAX
A:D7 X:D7 Y:01 S:F0 P:NvUbdIzc                $8563: C8        INY
A:D7 X:D7 Y:02 S:F0 P:nvUbdIzc                $8564: B1 D4     LDA ($D4),Y @ $87C4 = #$87
A:87 X:D7 Y:02 S:F0 P:NvUbdIzc                $8566: 85 D5     STA $D5 = #$87
A:87 X:D7 Y:02 S:F0 P:NvUbdIzc                $8568: 86 D4     STX $D4 = #$C2
A:87 X:D7 Y:02 S:F0 P:NvUbdIzc                $856A: 6C D4 00  JMP ($00D4) = $87D7
A:87 X:D7 Y:02 S:F0 P:NvUbdIzc                $87D7: 20 35 89  JSR $8935
A:87 X:D7 Y:02 S:EE P:NvUbdIzc                  $8935: A0 00     LDY #$00
A:87 X:D7 Y:00 S:EE P:nvUbdIZc                  $8937: B1 CC     LDA ($CC),Y @ $0780 = #$74
A:74 X:D7 Y:00 S:EE P:nvUbdIzc                  $8939: 85 D4     STA $D4 = #$D7
A:74 X:D7 Y:00 S:EE P:nvUbdIzc                  $893B: C8        INY
A:74 X:D7 Y:01 S:EE P:nvUbdIzc                  $893C: B1 CC     LDA ($CC),Y @ $0781 = #$9C
A:9C X:D7 Y:01 S:EE P:NvUbdIzc                  $893E: 85 D5     STA $D5 = #$87
A:9C X:D7 Y:01 S:EE P:NvUbdIzc                  $8940: 88        DEY
A:9C X:D7 Y:00 S:EE P:nvUbdIZc                  $8941: B1 D4     LDA ($D4),Y @ $9C74 = #$03
A:03 X:D7 Y:00 S:EE P:nvUbdIzc                  $8943: AA        TAX
A:03 X:03 Y:00 S:EE P:nvUbdIzc                  $8944: A9 01     LDA #$01
A:01 X:03 Y:00 S:EE P:nvUbdIzc                  $8946: 18        CLC
A:01 X:03 Y:00 S:EE P:nvUbdIzc                  $8947: 65 D4     ADC $D4 = #$74
A:75 X:03 Y:00 S:EE P:nvUbdIzc                  $8949: 91 CC     STA ($CC),Y @ $0780 = #$74
A:75 X:03 Y:00 S:EE P:nvUbdIzc                  $894B: A9 00     LDA #$00
A:00 X:03 Y:00 S:EE P:nvUbdIZc                  $894D: 65 D5     ADC $D5 = #$9C
A:9C X:03 Y:00 S:EE P:NvUbdIzc                  $894F: C8        INY
A:9C X:03 Y:01 S:EE P:nvUbdIzc                  $8950: 91 CC     STA ($CC),Y @ $0781 = #$9C
A:9C X:03 Y:01 S:EE P:nvUbdIzc                  $8952: 8A        TXA
A:03 X:03 Y:01 S:EE P:nvUbdIzc                  $8953: 60        RTS (from $8935) ----------------------------
A:03 X:03 Y:01 S:F0 P:nvUbdIzc                $87DA: A0 04     LDY #$04
A:03 X:03 Y:04 S:F0 P:nvUbdIzc                $87DC: 91 CC     STA ($CC),Y @ $0784 = #$00
A:03 X:03 Y:04 S:F0 P:nvUbdIzc                $87DE: 4C 06 87  JMP $8706
A:03 X:03 Y:04 S:F0 P:nvUbdIzc                $8706: 20 35 89  JSR $8935
A:03 X:03 Y:04 S:EE P:nvUbdIzc                  $8935: A0 00     LDY #$00
A:03 X:03 Y:00 S:EE P:nvUbdIZc                  $8937: B1 CC     LDA ($CC),Y @ $0780 = #$75
A:75 X:03 Y:00 S:EE P:nvUbdIzc                  $8939: 85 D4     STA $D4 = #$74
A:75 X:03 Y:00 S:EE P:nvUbdIzc                  $893B: C8        INY
A:75 X:03 Y:01 S:EE P:nvUbdIzc                  $893C: B1 CC     LDA ($CC),Y @ $0781 = #$9C
A:9C X:03 Y:01 S:EE P:NvUbdIzc                  $893E: 85 D5     STA $D5 = #$9C
A:9C X:03 Y:01 S:EE P:NvUbdIzc                  $8940: 88        DEY
A:9C X:03 Y:00 S:EE P:nvUbdIZc                  $8941: B1 D4     LDA ($D4),Y @ $9C75 = #$02
A:02 X:03 Y:00 S:EE P:nvUbdIzc                  $8943: AA        TAX
A:02 X:02 Y:00 S:EE P:nvUbdIzc                  $8944: A9 01     LDA #$01
A:01 X:02 Y:00 S:EE P:nvUbdIzc                  $8946: 18        CLC
A:01 X:02 Y:00 S:EE P:nvUbdIzc                  $8947: 65 D4     ADC $D4 = #$75
A:76 X:02 Y:00 S:EE P:nvUbdIzc                  $8949: 91 CC     STA ($CC),Y @ $0780 = #$75
A:76 X:02 Y:00 S:EE P:nvUbdIzc                  $894B: A9 00     LDA #$00
A:00 X:02 Y:00 S:EE P:nvUbdIZc                  $894D: 65 D5     ADC $D5 = #$9C
A:9C X:02 Y:00 S:EE P:NvUbdIzc                  $894F: C8        INY
A:9C X:02 Y:01 S:EE P:nvUbdIzc                  $8950: 91 CC     STA ($CC),Y @ $0781 = #$9C
A:9C X:02 Y:01 S:EE P:nvUbdIzc                  $8952: 8A        TXA
A:02 X:02 Y:01 S:EE P:nvUbdIzc                  $8953: 60        RTS (from $8935) ----------------------------
A:02 X:02 Y:01 S:F0 P:nvUbdIzc                $8709: 29 F0     AND #$F0
A:00 X:02 Y:01 S:F0 P:nvUbdIZc                $870B: D0 03     BNE $8710
A:00 X:02 Y:01 S:F0 P:nvUbdIZc                $870D: 4C C0 87  JMP $87C0
A:00 X:02 Y:01 S:F0 P:nvUbdIZc                $87C0: 20 56 85  JSR $8556
A:00 X:02 Y:01 S:EE P:nvUbdIZc                  $8556: 8A        TXA
A:02 X:02 Y:01 S:EE P:nvUbdIzc                  $8557: 0A        ASL
A:04 X:02 Y:01 S:EE P:nvUbdIzc                  $8558: A8        TAY
A:04 X:02 Y:04 S:EE P:nvUbdIzc                  $8559: C8        INY
A:04 X:02 Y:05 S:EE P:nvUbdIzc                  $855A: 68        PLA
A:C2 X:02 Y:05 S:EF P:NvUbdIzc                 $855B: 85 D4     STA $D4 = #$75
A:C2 X:02 Y:05 S:EF P:NvUbdIzc                 $855D: 68        PLA
A:87 X:02 Y:05 S:F0 P:NvUbdIzc                $855E: 85 D5     STA $D5 = #$9C
A:87 X:02 Y:05 S:F0 P:NvUbdIzc                $8560: B1 D4     LDA ($D4),Y @ $87C7 = #$EB
A:EB X:02 Y:05 S:F0 P:NvUbdIzc                $8562: AA        TAX
A:EB X:EB Y:05 S:F0 P:NvUbdIzc                $8563: C8        INY
A:EB X:EB Y:06 S:F0 P:nvUbdIzc                $8564: B1 D4     LDA ($D4),Y @ $87C8 = #$87
A:87 X:EB Y:06 S:F0 P:NvUbdIzc                $8566: 85 D5     STA $D5 = #$87
A:87 X:EB Y:06 S:F0 P:NvUbdIzc                $8568: 86 D4     STX $D4 = #$C2
A:87 X:EB Y:06 S:F0 P:NvUbdIzc                $856A: 6C D4 00  JMP ($00D4) = $87EB
A:87 X:EB Y:06 S:F0 P:NvUbdIzc                $87EB: 20 35 89  JSR $8935
A:87 X:EB Y:06 S:EE P:NvUbdIzc                  $8935: A0 00     LDY #$00
A:87 X:EB Y:00 S:EE P:nvUbdIZc                  $8937: B1 CC     LDA ($CC),Y @ $0780 = #$76
A:76 X:EB Y:00 S:EE P:nvUbdIzc                  $8939: 85 D4     STA $D4 = #$EB
A:76 X:EB Y:00 S:EE P:nvUbdIzc                  $893B: C8        INY
A:76 X:EB Y:01 S:EE P:nvUbdIzc                  $893C: B1 CC     LDA ($CC),Y @ $0781 = #$9C
A:9C X:EB Y:01 S:EE P:NvUbdIzc                  $893E: 85 D5     STA $D5 = #$87
A:9C X:EB Y:01 S:EE P:NvUbdIzc                  $8940: 88        DEY
A:9C X:EB Y:00 S:EE P:nvUbdIZc                  $8941: B1 D4     LDA ($D4),Y @ $9C76 = #$80
A:80 X:EB Y:00 S:EE P:NvUbdIzc                  $8943: AA        TAX
A:80 X:80 Y:00 S:EE P:NvUbdIzc                  $8944: A9 01     LDA #$01
A:01 X:80 Y:00 S:EE P:nvUbdIzc                  $8946: 18        CLC
A:01 X:80 Y:00 S:EE P:nvUbdIzc                  $8947: 65 D4     ADC $D4 = #$76
A:77 X:80 Y:00 S:EE P:nvUbdIzc                  $8949: 91 CC     STA ($CC),Y @ $0780 = #$76
A:77 X:80 Y:00 S:EE P:nvUbdIzc                  $894B: A9 00     LDA #$00
A:00 X:80 Y:00 S:EE P:nvUbdIZc                  $894D: 65 D5     ADC $D5 = #$9C
A:9C X:80 Y:00 S:EE P:NvUbdIzc                  $894F: C8        INY
A:9C X:80 Y:01 S:EE P:nvUbdIzc                  $8950: 91 CC     STA ($CC),Y @ $0781 = #$9C
A:9C X:80 Y:01 S:EE P:nvUbdIzc                  $8952: 8A        TXA
A:80 X:80 Y:01 S:EE P:NvUbdIzc                  $8953: 60        RTS (from $8935) ----------------------------
A:80 X:80 Y:01 S:F0 P:NvUbdIzc                $87EE: 85 D4     STA $D4 = #$76
A:80 X:80 Y:01 S:F0 P:NvUbdIzc                $87F0: A0 0C     LDY #$0C
A:80 X:80 Y:0C S:F0 P:nvUbdIzc                $87F2: B1 CC     LDA ($CC),Y @ $078C = #$00
A:00 X:80 Y:0C S:F0 P:nvUbdIZc                $87F4: 29 3F     AND #$3F
A:00 X:80 Y:0C S:F0 P:nvUbdIZc                $87F6: 05 D4     ORA $D4 = #$80
A:80 X:80 Y:0C S:F0 P:NvUbdIzc                $87F8: 4C 0E 88  JMP $880E
A:80 X:80 Y:0C S:F0 P:NvUbdIzc                $880E: A0 0C     LDY #$0C
A:80 X:80 Y:0C S:F0 P:nvUbdIzc                $8810: 91 CC     STA ($CC),Y @ $078C = #$00
A:80 X:80 Y:0C S:F0 P:nvUbdIzc                $8812: 4C 06 87  JMP $8706
A:80 X:80 Y:0C S:F0 P:nvUbdIzc                $8706: 20 35 89  JSR $8935
A:80 X:80 Y:0C S:EE P:nvUbdIzc                  $8935: A0 00     LDY #$00
A:80 X:80 Y:00 S:EE P:nvUbdIZc                  $8937: B1 CC     LDA ($CC),Y @ $0780 = #$77
A:77 X:80 Y:00 S:EE P:nvUbdIzc                  $8939: 85 D4     STA $D4 = #$80
A:77 X:80 Y:00 S:EE P:nvUbdIzc                  $893B: C8        INY
A:77 X:80 Y:01 S:EE P:nvUbdIzc                  $893C: B1 CC     LDA ($CC),Y @ $0781 = #$9C
A:9C X:80 Y:01 S:EE P:NvUbdIzc                  $893E: 85 D5     STA $D5 = #$9C
A:9C X:80 Y:01 S:EE P:NvUbdIzc                  $8940: 88        DEY
A:9C X:80 Y:00 S:EE P:nvUbdIZc                  $8941: B1 D4     LDA ($D4),Y @ $9C77 = #$03
A:03 X:80 Y:00 S:EE P:nvUbdIzc                  $8943: AA        TAX
A:03 X:03 Y:00 S:EE P:nvUbdIzc                  $8944: A9 01     LDA #$01
A:01 X:03 Y:00 S:EE P:nvUbdIzc                  $8946: 18        CLC
A:01 X:03 Y:00 S:EE P:nvUbdIzc                  $8947: 65 D4     ADC $D4 = #$77
A:78 X:03 Y:00 S:EE P:nvUbdIzc                  $8949: 91 CC     STA ($CC),Y @ $0780 = #$77
A:78 X:03 Y:00 S:EE P:nvUbdIzc                  $894B: A9 00     LDA #$00
A:00 X:03 Y:00 S:EE P:nvUbdIZc                  $894D: 65 D5     ADC $D5 = #$9C
A:9C X:03 Y:00 S:EE P:NvUbdIzc                  $894F: C8        INY
A:9C X:03 Y:01 S:EE P:nvUbdIzc                  $8950: 91 CC     STA ($CC),Y @ $0781 = #$9C
A:9C X:03 Y:01 S:EE P:nvUbdIzc                  $8952: 8A        TXA
A:03 X:03 Y:01 S:EE P:nvUbdIzc                  $8953: 60        RTS (from $8935) ----------------------------
A:03 X:03 Y:01 S:F0 P:nvUbdIzc                $8709: 29 F0     AND #$F0
A:00 X:03 Y:01 S:F0 P:nvUbdIZc                $870B: D0 03     BNE $8710
A:00 X:03 Y:01 S:F0 P:nvUbdIZc                $870D: 4C C0 87  JMP $87C0
A:00 X:03 Y:01 S:F0 P:nvUbdIZc                $87C0: 20 56 85  JSR $8556
A:00 X:03 Y:01 S:EE P:nvUbdIZc                  $8556: 8A        TXA
A:03 X:03 Y:01 S:EE P:nvUbdIzc                  $8557: 0A        ASL
A:06 X:03 Y:01 S:EE P:nvUbdIzc                  $8558: A8        TAY
A:06 X:03 Y:06 S:EE P:nvUbdIzc                  $8559: C8        INY
A:06 X:03 Y:07 S:EE P:nvUbdIzc                  $855A: 68        PLA
A:C2 X:03 Y:07 S:EF P:NvUbdIzc                 $855B: 85 D4     STA $D4 = #$77
A:C2 X:03 Y:07 S:EF P:NvUbdIzc                 $855D: 68        PLA
A:87 X:03 Y:07 S:F0 P:NvUbdIzc                $855E: 85 D5     STA $D5 = #$9C
A:87 X:03 Y:07 S:F0 P:NvUbdIzc                $8560: B1 D4     LDA ($D4),Y @ $87C9 = #$FB
A:FB X:03 Y:07 S:F0 P:NvUbdIzc                $8562: AA        TAX
A:FB X:FB Y:07 S:F0 P:NvUbdIzc                $8563: C8        INY
A:FB X:FB Y:08 S:F0 P:nvUbdIzc                $8564: B1 D4     LDA ($D4),Y @ $87CA = #$87
A:87 X:FB Y:08 S:F0 P:NvUbdIzc                $8566: 85 D5     STA $D5 = #$87
A:87 X:FB Y:08 S:F0 P:NvUbdIzc                $8568: 86 D4     STX $D4 = #$C2
A:87 X:FB Y:08 S:F0 P:NvUbdIzc                $856A: 6C D4 00  JMP ($00D4) = $87FB
A:87 X:FB Y:08 S:F0 P:NvUbdIzc                $87FB: 20 35 89  JSR $8935
A:87 X:FB Y:08 S:EE P:NvUbdIzc                  $8935: A0 00     LDY #$00
A:87 X:FB Y:00 S:EE P:nvUbdIZc                  $8937: B1 CC     LDA ($CC),Y @ $0780 = #$78
A:78 X:FB Y:00 S:EE P:nvUbdIzc                  $8939: 85 D4     STA $D4 = #$FB
A:78 X:FB Y:00 S:EE P:nvUbdIzc                  $893B: C8        INY
A:78 X:FB Y:01 S:EE P:nvUbdIzc                  $893C: B1 CC     LDA ($CC),Y @ $0781 = #$9C
A:9C X:FB Y:01 S:EE P:NvUbdIzc                  $893E: 85 D5     STA $D5 = #$87
A:9C X:FB Y:01 S:EE P:NvUbdIzc                  $8940: 88        DEY
A:9C X:FB Y:00 S:EE P:nvUbdIZc                  $8941: B1 D4     LDA ($D4),Y @ $9C78 = #$3A
A:3A X:FB Y:00 S:EE P:nvUbdIzc                  $8943: AA        TAX
A:3A X:3A Y:00 S:EE P:nvUbdIzc                  $8944: A9 01     LDA #$01
A:01 X:3A Y:00 S:EE P:nvUbdIzc                  $8946: 18        CLC
A:01 X:3A Y:00 S:EE P:nvUbdIzc                  $8947: 65 D4     ADC $D4 = #$78
A:79 X:3A Y:00 S:EE P:nvUbdIzc                  $8949: 91 CC     STA ($CC),Y @ $0780 = #$78
A:79 X:3A Y:00 S:EE P:nvUbdIzc                  $894B: A9 00     LDA #$00
A:00 X:3A Y:00 S:EE P:nvUbdIZc                  $894D: 65 D5     ADC $D5 = #$9C
A:9C X:3A Y:00 S:EE P:NvUbdIzc                  $894F: C8        INY
A:9C X:3A Y:01 S:EE P:nvUbdIzc                  $8950: 91 CC     STA ($CC),Y @ $0781 = #$9C
A:9C X:3A Y:01 S:EE P:nvUbdIzc                  $8952: 8A        TXA
A:3A X:3A Y:01 S:EE P:nvUbdIzc                  $8953: 60        RTS (from $8935) ----------------------------
A:3A X:3A Y:01 S:F0 P:nvUbdIzc                $87FE: A0 02     LDY #$02
A:3A X:3A Y:02 S:F0 P:nvUbdIzc                $8800: C4 CE     CPY $CE = #$04
A:3A X:3A Y:02 S:F0 P:NvUbdIzc                $8802: F0 0A     BEQ $880E
A:3A X:3A Y:02 S:F0 P:NvUbdIzc                $8804: 85 D4     STA $D4 = #$78
A:3A X:3A Y:02 S:F0 P:NvUbdIzc                $8806: A0 0C     LDY #$0C
A:3A X:3A Y:0C S:F0 P:nvUbdIzc                $8808: B1 CC     LDA ($CC),Y @ $078C = #$80
A:80 X:3A Y:0C S:F0 P:NvUbdIzc                $880A: 29 C0     AND #$C0
A:80 X:3A Y:0C S:F0 P:NvUbdIzc                $880C: 05 D4     ORA $D4 = #$3A
A:BA X:3A Y:0C S:F0 P:NvUbdIzc                $880E: A0 0C     LDY #$0C
A:BA X:3A Y:0C S:F0 P:nvUbdIzc                $8810: 91 CC     STA ($CC),Y @ $078C = #$80
A:BA X:3A Y:0C S:F0 P:nvUbdIzc                $8812: 4C 06 87  JMP $8706
A:BA X:3A Y:0C S:F0 P:nvUbdIzc                $8706: 20 35 89  JSR $8935
A:BA X:3A Y:0C S:EE P:nvUbdIzc                  $8935: A0 00     LDY #$00
A:BA X:3A Y:00 S:EE P:nvUbdIZc                  $8937: B1 CC     LDA ($CC),Y @ $0780 = #$79
A:79 X:3A Y:00 S:EE P:nvUbdIzc                  $8939: 85 D4     STA $D4 = #$3A
A:79 X:3A Y:00 S:EE P:nvUbdIzc                  $893B: C8        INY
A:79 X:3A Y:01 S:EE P:nvUbdIzc                  $893C: B1 CC     LDA ($CC),Y @ $0781 = #$9C
A:9C X:3A Y:01 S:EE P:NvUbdIzc                  $893E: 85 D5     STA $D5 = #$9C
A:9C X:3A Y:01 S:EE P:NvUbdIzc                  $8940: 88        DEY
A:9C X:3A Y:00 S:EE P:nvUbdIZc                  $8941: B1 D4     LDA ($D4),Y @ $9C79 = #$07
A:07 X:3A Y:00 S:EE P:nvUbdIzc                  $8943: AA        TAX
A:07 X:07 Y:00 S:EE P:nvUbdIzc                  $8944: A9 01     LDA #$01
A:01 X:07 Y:00 S:EE P:nvUbdIzc                  $8946: 18        CLC
A:01 X:07 Y:00 S:EE P:nvUbdIzc                  $8947: 65 D4     ADC $D4 = #$79
A:7A X:07 Y:00 S:EE P:nvUbdIzc                  $8949: 91 CC     STA ($CC),Y @ $0780 = #$79
A:7A X:07 Y:00 S:EE P:nvUbdIzc                  $894B: A9 00     LDA #$00
A:00 X:07 Y:00 S:EE P:nvUbdIZc                  $894D: 65 D5     ADC $D5 = #$9C
A:9C X:07 Y:00 S:EE P:NvUbdIzc                  $894F: C8        INY
A:9C X:07 Y:01 S:EE P:nvUbdIzc                  $8950: 91 CC     STA ($CC),Y @ $0781 = #$9C
A:9C X:07 Y:01 S:EE P:nvUbdIzc                  $8952: 8A        TXA
A:07 X:07 Y:01 S:EE P:nvUbdIzc                  $8953: 60        RTS (from $8935) ----------------------------
A:07 X:07 Y:01 S:F0 P:nvUbdIzc                $8709: 29 F0     AND #$F0
A:00 X:07 Y:01 S:F0 P:nvUbdIZc                $870B: D0 03     BNE $8710
A:00 X:07 Y:01 S:F0 P:nvUbdIZc                $870D: 4C C0 87  JMP $87C0
A:00 X:07 Y:01 S:F0 P:nvUbdIZc                $87C0: 20 56 85  JSR $8556
A:00 X:07 Y:01 S:EE P:nvUbdIZc                  $8556: 8A        TXA
A:07 X:07 Y:01 S:EE P:nvUbdIzc                  $8557: 0A        ASL
A:0E X:07 Y:01 S:EE P:nvUbdIzc                  $8558: A8        TAY
A:0E X:07 Y:0E S:EE P:nvUbdIzc                  $8559: C8        INY
A:0E X:07 Y:0F S:EE P:nvUbdIzc                  $855A: 68        PLA
A:C2 X:07 Y:0F S:EF P:NvUbdIzc                 $855B: 85 D4     STA $D4 = #$79
A:C2 X:07 Y:0F S:EF P:NvUbdIzc                 $855D: 68        PLA
A:87 X:07 Y:0F S:F0 P:NvUbdIzc                $855E: 85 D5     STA $D5 = #$9C
A:87 X:07 Y:0F S:F0 P:NvUbdIzc                $8560: B1 D4     LDA ($D4),Y @ $87D1 = #$8D
A:8D X:07 Y:0F S:F0 P:NvUbdIzc                $8562: AA        TAX
A:8D X:8D Y:0F S:F0 P:NvUbdIzc                $8563: C8        INY
A:8D X:8D Y:10 S:F0 P:nvUbdIzc                $8564: B1 D4     LDA ($D4),Y @ $87D2 = #$88
A:88 X:8D Y:10 S:F0 P:NvUbdIzc                $8566: 85 D5     STA $D5 = #$87
A:88 X:8D Y:10 S:F0 P:NvUbdIzc                $8568: 86 D4     STX $D4 = #$C2
A:88 X:8D Y:10 S:F0 P:NvUbdIzc                $856A: 6C D4 00  JMP ($00D4) = $888D
A:88 X:8D Y:10 S:F0 P:NvUbdIzc                $888D: 20 35 89  JSR $8935
A:88 X:8D Y:10 S:EE P:NvUbdIzc                  $8935: A0 00     LDY #$00
A:88 X:8D Y:00 S:EE P:nvUbdIZc                  $8937: B1 CC     LDA ($CC),Y @ $0780 = #$7A
A:7A X:8D Y:00 S:EE P:nvUbdIzc                  $8939: 85 D4     STA $D4 = #$8D
A:7A X:8D Y:00 S:EE P:nvUbdIzc                  $893B: C8        INY
A:7A X:8D Y:01 S:EE P:nvUbdIzc                  $893C: B1 CC     LDA ($CC),Y @ $0781 = #$9C
A:9C X:8D Y:01 S:EE P:NvUbdIzc                  $893E: 85 D5     STA $D5 = #$88
A:9C X:8D Y:01 S:EE P:NvUbdIzc                  $8940: 88        DEY
A:9C X:8D Y:00 S:EE P:nvUbdIZc                  $8941: B1 D4     LDA ($D4),Y @ $9C7A = #$FF
A:FF X:8D Y:00 S:EE P:NvUbdIzc                  $8943: AA        TAX
A:FF X:FF Y:00 S:EE P:NvUbdIzc                  $8944: A9 01     LDA #$01
A:01 X:FF Y:00 S:EE P:nvUbdIzc                  $8946: 18        CLC
A:01 X:FF Y:00 S:EE P:nvUbdIzc                  $8947: 65 D4     ADC $D4 = #$7A
A:7B X:FF Y:00 S:EE P:nvUbdIzc                  $8949: 91 CC     STA ($CC),Y @ $0780 = #$7A
A:7B X:FF Y:00 S:EE P:nvUbdIzc                  $894B: A9 00     LDA #$00
A:00 X:FF Y:00 S:EE P:nvUbdIZc                  $894D: 65 D5     ADC $D5 = #$9C
A:9C X:FF Y:00 S:EE P:NvUbdIzc                  $894F: C8        INY
A:9C X:FF Y:01 S:EE P:nvUbdIzc                  $8950: 91 CC     STA ($CC),Y @ $0781 = #$9C
A:9C X:FF Y:01 S:EE P:nvUbdIzc                  $8952: 8A        TXA
A:FF X:FF Y:01 S:EE P:NvUbdIzc                  $8953: 60        RTS (from $8935) ----------------------------
A:FF X:FF Y:01 S:F0 P:NvUbdIzc                $8890: A0 0D     LDY #$0D
A:FF X:FF Y:0D S:F0 P:nvUbdIzc                $8892: 91 CC     STA ($CC),Y @ $078D = #$00
A:FF X:FF Y:0D S:F0 P:nvUbdIzc                $8894: 48        PHA
A:FF X:FF Y:0D S:EF P:nvUbdIzc                 $8895: 20 35 89  JSR $8935
A:FF X:FF Y:0D S:ED P:nvUbdIzc                   $8935: A0 00     LDY #$00
A:FF X:FF Y:00 S:ED P:nvUbdIZc                   $8937: B1 CC     LDA ($CC),Y @ $0780 = #$7B
A:7B X:FF Y:00 S:ED P:nvUbdIzc                   $8939: 85 D4     STA $D4 = #$7A
A:7B X:FF Y:00 S:ED P:nvUbdIzc                   $893B: C8        INY
A:7B X:FF Y:01 S:ED P:nvUbdIzc                   $893C: B1 CC     LDA ($CC),Y @ $0781 = #$9C
A:9C X:FF Y:01 S:ED P:NvUbdIzc                   $893E: 85 D5     STA $D5 = #$9C
A:9C X:FF Y:01 S:ED P:NvUbdIzc                   $8940: 88        DEY
A:9C X:FF Y:00 S:ED P:nvUbdIZc                   $8941: B1 D4     LDA ($D4),Y @ $9C7B = #$F0
A:F0 X:FF Y:00 S:ED P:NvUbdIzc                   $8943: AA        TAX
A:F0 X:F0 Y:00 S:ED P:NvUbdIzc                   $8944: A9 01     LDA #$01
A:01 X:F0 Y:00 S:ED P:nvUbdIzc                   $8946: 18        CLC
A:01 X:F0 Y:00 S:ED P:nvUbdIzc                   $8947: 65 D4     ADC $D4 = #$7B
A:7C X:F0 Y:00 S:ED P:nvUbdIzc                   $8949: 91 CC     STA ($CC),Y @ $0780 = #$7B
A:7C X:F0 Y:00 S:ED P:nvUbdIzc                   $894B: A9 00     LDA #$00
A:00 X:F0 Y:00 S:ED P:nvUbdIZc                   $894D: 65 D5     ADC $D5 = #$9C
A:9C X:F0 Y:00 S:ED P:NvUbdIzc                   $894F: C8        INY
A:9C X:F0 Y:01 S:ED P:nvUbdIzc                   $8950: 91 CC     STA ($CC),Y @ $0781 = #$9C
A:9C X:F0 Y:01 S:ED P:nvUbdIzc                   $8952: 8A        TXA
A:F0 X:F0 Y:01 S:ED P:NvUbdIzc                   $8953: 60        RTS (from $8935) ----------------------------
A:F0 X:F0 Y:01 S:EF P:NvUbdIzc                 $8898: A0 0F     LDY #$0F
A:F0 X:F0 Y:0F S:EF P:nvUbdIzc                 $889A: 91 CC     STA ($CC),Y @ $078F = #$00
A:F0 X:F0 Y:0F S:EF P:nvUbdIzc                 $889C: 68        PLA
A:FF X:F0 Y:0F S:F0 P:NvUbdIzc                $889D: 85 D4     STA $D4 = #$7B
A:FF X:F0 Y:0F S:F0 P:NvUbdIzc                $889F: 29 7F     AND #$7F
A:7F X:F0 Y:0F S:F0 P:nvUbdIzc                $88A1: F0 03     BEQ $88A6
A:7F X:F0 Y:0F S:F0 P:nvUbdIzc                $88A3: 20 A9 88  JSR $88A9
A:7F X:F0 Y:0F S:EE P:nvUbdIzc                  $88A9: A9 00     LDA #$00
A:00 X:F0 Y:0F S:EE P:nvUbdIZc                  $88AB: A0 0E     LDY #$0E
A:00 X:F0 Y:0E S:EE P:nvUbdIzc                  $88AD: 91 CC     STA ($CC),Y @ $078E = #$01
A:00 X:F0 Y:0E S:EE P:nvUbdIzc                  $88AF: A5 D4     LDA $D4 = #$FF
A:FF X:F0 Y:0E S:EE P:NvUbdIzc                  $88B1: 10 05     BPL $88B8
A:FF X:F0 Y:0E S:EE P:NvUbdIzc                  $88B3: A9 0F     LDA #$0F
A:0F X:F0 Y:0E S:EE P:nvUbdIzc                  $88B5: 4C BA 88  JMP $88BA
A:0F X:F0 Y:0E S:EE P:nvUbdIzc                  $88BA: 85 D4     STA $D4 = #$FF
A:0F X:F0 Y:0E S:EE P:nvUbdIzc                  $88BC: A0 0F     LDY #$0F
A:0F X:F0 Y:0F S:EE P:nvUbdIzc                  $88BE: B1 CC     LDA ($CC),Y @ $078F = #$F0
A:F0 X:F0 Y:0F S:EE P:NvUbdIzc                  $88C0: 29 F0     AND #$F0
A:F0 X:F0 Y:0F S:EE P:NvUbdIzc                  $88C2: 05 D4     ORA $D4 = #$0F
A:FF X:F0 Y:0F S:EE P:NvUbdIzc                  $88C4: 91 CC     STA ($CC),Y @ $078F = #$F0
A:FF X:F0 Y:0F S:EE P:NvUbdIzc                  $88C6: 60        RTS (from $88A9) ----------------------------
A:FF X:F0 Y:0F S:F0 P:NvUbdIzc                $88A6: 4C 06 87  JMP $8706
A:FF X:F0 Y:0F S:F0 P:NvUbdIzc                $8706: 20 35 89  JSR $8935
A:FF X:F0 Y:0F S:EE P:NvUbdIzc                  $8935: A0 00     LDY #$00
A:FF X:F0 Y:00 S:EE P:nvUbdIZc                  $8937: B1 CC     LDA ($CC),Y @ $0780 = #$7C
A:7C X:F0 Y:00 S:EE P:nvUbdIzc                  $8939: 85 D4     STA $D4 = #$0F
A:7C X:F0 Y:00 S:EE P:nvUbdIzc                  $893B: C8        INY
A:7C X:F0 Y:01 S:EE P:nvUbdIzc                  $893C: B1 CC     LDA ($CC),Y @ $0781 = #$9C
A:9C X:F0 Y:01 S:EE P:NvUbdIzc                  $893E: 85 D5     STA $D5 = #$9C
A:9C X:F0 Y:01 S:EE P:NvUbdIzc                  $8940: 88        DEY
A:9C X:F0 Y:00 S:EE P:nvUbdIZc                  $8941: B1 D4     LDA ($D4),Y @ $9C7C = #$08
A:08 X:F0 Y:00 S:EE P:nvUbdIzc                  $8943: AA        TAX
A:08 X:08 Y:00 S:EE P:nvUbdIzc                  $8944: A9 01     LDA #$01
A:01 X:08 Y:00 S:EE P:nvUbdIzc                  $8946: 18        CLC
A:01 X:08 Y:00 S:EE P:nvUbdIzc                  $8947: 65 D4     ADC $D4 = #$7C
A:7D X:08 Y:00 S:EE P:nvUbdIzc                  $8949: 91 CC     STA ($CC),Y @ $0780 = #$7C
A:7D X:08 Y:00 S:EE P:nvUbdIzc                  $894B: A9 00     LDA #$00
A:00 X:08 Y:00 S:EE P:nvUbdIZc                  $894D: 65 D5     ADC $D5 = #$9C
A:9C X:08 Y:00 S:EE P:NvUbdIzc                  $894F: C8        INY
A:9C X:08 Y:01 S:EE P:nvUbdIzc                  $8950: 91 CC     STA ($CC),Y @ $0781 = #$9C
A:9C X:08 Y:01 S:EE P:nvUbdIzc                  $8952: 8A        TXA
A:08 X:08 Y:01 S:EE P:nvUbdIzc                  $8953: 60        RTS (from $8935) ----------------------------
A:08 X:08 Y:01 S:F0 P:nvUbdIzc                $8709: 29 F0     AND #$F0
A:00 X:08 Y:01 S:F0 P:nvUbdIZc                $870B: D0 03     BNE $8710
A:00 X:08 Y:01 S:F0 P:nvUbdIZc                $870D: 4C C0 87  JMP $87C0
A:00 X:08 Y:01 S:F0 P:nvUbdIZc                $87C0: 20 56 85  JSR $8556
A:00 X:08 Y:01 S:EE P:nvUbdIZc                  $8556: 8A        TXA
A:08 X:08 Y:01 S:EE P:nvUbdIzc                  $8557: 0A        ASL
A:10 X:08 Y:01 S:EE P:nvUbdIzc                  $8558: A8        TAY
A:10 X:08 Y:10 S:EE P:nvUbdIzc                  $8559: C8        INY
A:10 X:08 Y:11 S:EE P:nvUbdIzc                  $855A: 68        PLA
A:C2 X:08 Y:11 S:EF P:NvUbdIzc                 $855B: 85 D4     STA $D4 = #$7C
A:C2 X:08 Y:11 S:EF P:NvUbdIzc                 $855D: 68        PLA
A:87 X:08 Y:11 S:F0 P:NvUbdIzc                $855E: 85 D5     STA $D5 = #$9C
A:87 X:08 Y:11 S:F0 P:NvUbdIzc                $8560: B1 D4     LDA ($D4),Y @ $87D3 = #$C7
A:C7 X:08 Y:11 S:F0 P:NvUbdIzc                $8562: AA        TAX
A:C7 X:C7 Y:11 S:F0 P:NvUbdIzc                $8563: C8        INY
A:C7 X:C7 Y:12 S:F0 P:nvUbdIzc                $8564: B1 D4     LDA ($D4),Y @ $87D4 = #$88
A:88 X:C7 Y:12 S:F0 P:NvUbdIzc                $8566: 85 D5     STA $D5 = #$87
A:88 X:C7 Y:12 S:F0 P:NvUbdIzc                $8568: 86 D4     STX $D4 = #$C2
A:88 X:C7 Y:12 S:F0 P:NvUbdIzc                $856A: 6C D4 00  JMP ($00D4) = $88C7
A:88 X:C7 Y:12 S:F0 P:NvUbdIzc                $88C7: 20 35 89  JSR $8935
A:88 X:C7 Y:12 S:EE P:NvUbdIzc                  $8935: A0 00     LDY #$00
A:88 X:C7 Y:00 S:EE P:nvUbdIZc                  $8937: B1 CC     LDA ($CC),Y @ $0780 = #$7D
A:7D X:C7 Y:00 S:EE P:nvUbdIzc                  $8939: 85 D4     STA $D4 = #$C7
A:7D X:C7 Y:00 S:EE P:nvUbdIzc                  $893B: C8        INY
A:7D X:C7 Y:01 S:EE P:nvUbdIzc                  $893C: B1 CC     LDA ($CC),Y @ $0781 = #$9C
A:9C X:C7 Y:01 S:EE P:NvUbdIzc                  $893E: 85 D5     STA $D5 = #$88
A:9C X:C7 Y:01 S:EE P:NvUbdIzc                  $8940: 88        DEY
A:9C X:C7 Y:00 S:EE P:nvUbdIZc                  $8941: B1 D4     LDA ($D4),Y @ $9C7D = #$00
A:00 X:C7 Y:00 S:EE P:nvUbdIZc                  $8943: AA        TAX
A:00 X:00 Y:00 S:EE P:nvUbdIZc                  $8944: A9 01     LDA #$01
A:01 X:00 Y:00 S:EE P:nvUbdIzc                  $8946: 18        CLC
A:01 X:00 Y:00 S:EE P:nvUbdIzc                  $8947: 65 D4     ADC $D4 = #$7D
A:7E X:00 Y:00 S:EE P:nvUbdIzc                  $8949: 91 CC     STA ($CC),Y @ $0780 = #$7D
A:7E X:00 Y:00 S:EE P:nvUbdIzc                  $894B: A9 00     LDA #$00
A:00 X:00 Y:00 S:EE P:nvUbdIZc                  $894D: 65 D5     ADC $D5 = #$9C
A:9C X:00 Y:00 S:EE P:NvUbdIzc                  $894F: C8        INY
A:9C X:00 Y:01 S:EE P:nvUbdIzc                  $8950: 91 CC     STA ($CC),Y @ $0781 = #$9C
A:9C X:00 Y:01 S:EE P:nvUbdIzc                  $8952: 8A        TXA
A:00 X:00 Y:01 S:EE P:nvUbdIZc                  $8953: 60        RTS (from $8935) ----------------------------
A:00 X:00 Y:01 S:F0 P:nvUbdIZc                $88CA: 85 D4     STA $D4 = #$7D
A:00 X:00 Y:01 S:F0 P:nvUbdIZc                $88CC: A0 06     LDY #$06
A:00 X:00 Y:06 S:F0 P:nvUbdIzc                $88CE: B1 CC     LDA ($CC),Y @ $0786 = #$00
A:00 X:00 Y:06 S:F0 P:nvUbdIZc                $88D0: 29 E0     AND #$E0
A:00 X:00 Y:06 S:F0 P:nvUbdIZc                $88D2: 05 D4     ORA $D4 = #$00
A:00 X:00 Y:06 S:F0 P:nvUbdIZc                $88D4: 91 CC     STA ($CC),Y @ $0786 = #$00
A:00 X:00 Y:06 S:F0 P:nvUbdIZc                $88D6: A5 CF     LDA $CF = #$00
A:00 X:00 Y:06 S:F0 P:nvUbdIZc                $88D8: 4A        LSR
A:00 X:00 Y:06 S:F0 P:nvUbdIZc                $88D9: B0 03     BCS $88DE
A:00 X:00 Y:06 S:F0 P:nvUbdIZc                $88DB: 20 E1 88  JSR $88E1
A:00 X:00 Y:06 S:EE P:nvUbdIZc                  $88E1: 8A        TXA
A:00 X:00 Y:06 S:EE P:nvUbdIZc                  $88E2: F0 08     BEQ $88EC
A:00 X:00 Y:06 S:EE P:nvUbdIZc                  $88EC: 18        CLC
A:00 X:00 Y:06 S:EE P:nvUbdIZc                  $88ED: 6D FC 07  ADC $07FC = #$05
A:05 X:00 Y:06 S:EE P:nvUbdIzc                  $88F0: 85 D4     STA $D4 = #$00
A:05 X:00 Y:06 S:EE P:nvUbdIzc                  $88F2: A9 00     LDA #$00
A:00 X:00 Y:06 S:EE P:nvUbdIZc                  $88F4: 6D FD 07  ADC $07FD = #$9D
A:9D X:00 Y:06 S:EE P:NvUbdIzc                  $88F7: 85 D5     STA $D5 = #$9C
A:9D X:00 Y:06 S:EE P:NvUbdIzc                  $88F9: A2 00     LDX #$00
A:9D X:00 Y:06 S:EE P:nvUbdIZc                  $88FB: A0 14     LDY #$14
A:9D X:00 Y:14 S:EE P:nvUbdIzc                  $88FD: A1 D4     LDA ($D4,X) @ $9D05 = #$05
A:05 X:00 Y:14 S:EE P:nvUbdIzc                  $88FF: 91 CC     STA ($CC),Y @ $0794 = #$00
A:05 X:00 Y:14 S:EE P:nvUbdIzc                  $8901: C8        INY
A:05 X:00 Y:15 S:EE P:nvUbdIzc                  $8902: C0 18     CPY #$18
A:05 X:00 Y:15 S:EE P:NvUbdIzc                  $8904: D0 01     BNE $8907
A:05 X:00 Y:15 S:EE P:NvUbdIzc                  $8907: A9 01     LDA #$01
A:01 X:00 Y:15 S:EE P:nvUbdIzc                  $8909: 18        CLC
A:01 X:00 Y:15 S:EE P:nvUbdIzc                  $890A: 65 D4     ADC $D4 = #$05
A:06 X:00 Y:15 S:EE P:nvUbdIzc                  $890C: 85 D4     STA $D4 = #$05
A:06 X:00 Y:15 S:EE P:nvUbdIzc                  $890E: A9 00     LDA #$00
A:00 X:00 Y:15 S:EE P:nvUbdIZc                  $8910: 65 D5     ADC $D5 = #$9D
A:9D X:00 Y:15 S:EE P:NvUbdIzc                  $8912: 85 D5     STA $D5 = #$9D
A:9D X:00 Y:15 S:EE P:NvUbdIzc                  $8914: 4C FD 88  JMP $88FD
A:9D X:00 Y:15 S:EE P:NvUbdIzc                  $88FD: A1 D4     LDA ($D4,X) @ $9D06 = #$22
A:22 X:00 Y:15 S:EE P:nvUbdIzc                  $88FF: 91 CC     STA ($CC),Y @ $0795 = #$00
A:22 X:00 Y:15 S:EE P:nvUbdIzc                  $8901: C8        INY
A:22 X:00 Y:16 S:EE P:nvUbdIzc                  $8902: C0 18     CPY #$18
A:22 X:00 Y:16 S:EE P:NvUbdIzc                  $8904: D0 01     BNE $8907
A:22 X:00 Y:16 S:EE P:NvUbdIzc                  $8907: A9 01     LDA #$01
A:01 X:00 Y:16 S:EE P:nvUbdIzc                  $8909: 18        CLC
A:01 X:00 Y:16 S:EE P:nvUbdIzc                  $890A: 65 D4     ADC $D4 = #$06
A:07 X:00 Y:16 S:EE P:nvUbdIzc                  $890C: 85 D4     STA $D4 = #$06
A:07 X:00 Y:16 S:EE P:nvUbdIzc                  $890E: A9 00     LDA #$00
A:00 X:00 Y:16 S:EE P:nvUbdIZc                  $8910: 65 D5     ADC $D5 = #$9D
A:9D X:00 Y:16 S:EE P:NvUbdIzc                  $8912: 85 D5     STA $D5 = #$9D
A:9D X:00 Y:16 S:EE P:NvUbdIzc                  $8914: 4C FD 88  JMP $88FD
A:9D X:00 Y:16 S:EE P:NvUbdIzc                  $88FD: A1 D4     LDA ($D4,X) @ $9D07 = #$80
A:80 X:00 Y:16 S:EE P:NvUbdIzc                  $88FF: 91 CC     STA ($CC),Y @ $0796 = #$00
A:80 X:00 Y:16 S:EE P:NvUbdIzc                  $8901: C8        INY
A:80 X:00 Y:17 S:EE P:nvUbdIzc                  $8902: C0 18     CPY #$18
A:80 X:00 Y:17 S:EE P:NvUbdIzc                  $8904: D0 01     BNE $8907
A:80 X:00 Y:17 S:EE P:NvUbdIzc                  $8907: A9 01     LDA #$01
A:01 X:00 Y:17 S:EE P:nvUbdIzc                  $8909: 18        CLC
A:01 X:00 Y:17 S:EE P:nvUbdIzc                  $890A: 65 D4     ADC $D4 = #$07
A:08 X:00 Y:17 S:EE P:nvUbdIzc                  $890C: 85 D4     STA $D4 = #$07
A:08 X:00 Y:17 S:EE P:nvUbdIzc                  $890E: A9 00     LDA #$00
A:00 X:00 Y:17 S:EE P:nvUbdIZc                  $8910: 65 D5     ADC $D5 = #$9D
A:9D X:00 Y:17 S:EE P:NvUbdIzc                  $8912: 85 D5     STA $D5 = #$9D
A:9D X:00 Y:17 S:EE P:NvUbdIzc                  $8914: 4C FD 88  JMP $88FD
A:9D X:00 Y:17 S:EE P:NvUbdIzc                  $88FD: A1 D4     LDA ($D4,X) @ $9D08 = #$00
A:00 X:00 Y:17 S:EE P:nvUbdIZc                  $88FF: 91 CC     STA ($CC),Y @ $0797 = #$00
A:00 X:00 Y:17 S:EE P:nvUbdIZc                  $8901: C8        INY
A:00 X:00 Y:18 S:EE P:nvUbdIzc                  $8902: C0 18     CPY #$18
A:00 X:00 Y:18 S:EE P:nvUbdIZC                  $8904: D0 01     BNE $8907
A:00 X:00 Y:18 S:EE P:nvUbdIZC                  $8906: 60        RTS (from $88E1) ----------------------------
A:00 X:00 Y:18 S:F0 P:nvUbdIZC                $88DE: 4C 06 87  JMP $8706
A:00 X:00 Y:18 S:F0 P:nvUbdIZC                $8706: 20 35 89  JSR $8935
A:00 X:00 Y:18 S:EE P:nvUbdIZC                  $8935: A0 00     LDY #$00
A:00 X:00 Y:00 S:EE P:nvUbdIZC                  $8937: B1 CC     LDA ($CC),Y @ $0780 = #$7E
A:7E X:00 Y:00 S:EE P:nvUbdIzC                  $8939: 85 D4     STA $D4 = #$08
A:7E X:00 Y:00 S:EE P:nvUbdIzC                  $893B: C8        INY
A:7E X:00 Y:01 S:EE P:nvUbdIzC                  $893C: B1 CC     LDA ($CC),Y @ $0781 = #$9C
A:9C X:00 Y:01 S:EE P:NvUbdIzC                  $893E: 85 D5     STA $D5 = #$9D
A:9C X:00 Y:01 S:EE P:NvUbdIzC                  $8940: 88        DEY
A:9C X:00 Y:00 S:EE P:nvUbdIZC                  $8941: B1 D4     LDA ($D4),Y @ $9C7E = #$05
A:05 X:00 Y:00 S:EE P:nvUbdIzC                  $8943: AA        TAX
A:05 X:05 Y:00 S:EE P:nvUbdIzC                  $8944: A9 01     LDA #$01
A:01 X:05 Y:00 S:EE P:nvUbdIzC                  $8946: 18        CLC
A:01 X:05 Y:00 S:EE P:nvUbdIzc                  $8947: 65 D4     ADC $D4 = #$7E
A:7F X:05 Y:00 S:EE P:nvUbdIzc                  $8949: 91 CC     STA ($CC),Y @ $0780 = #$7E
A:7F X:05 Y:00 S:EE P:nvUbdIzc                  $894B: A9 00     LDA #$00
A:00 X:05 Y:00 S:EE P:nvUbdIZc                  $894D: 65 D5     ADC $D5 = #$9C
A:9C X:05 Y:00 S:EE P:NvUbdIzc                  $894F: C8        INY
A:9C X:05 Y:01 S:EE P:nvUbdIzc                  $8950: 91 CC     STA ($CC),Y @ $0781 = #$9C
A:9C X:05 Y:01 S:EE P:nvUbdIzc                  $8952: 8A        TXA
A:05 X:05 Y:01 S:EE P:nvUbdIzc                  $8953: 60        RTS (from $8935) ----------------------------
A:05 X:05 Y:01 S:F0 P:nvUbdIzc                $8709: 29 F0     AND #$F0
A:00 X:05 Y:01 S:F0 P:nvUbdIZc                $870B: D0 03     BNE $8710
A:00 X:05 Y:01 S:F0 P:nvUbdIZc                $870D: 4C C0 87  JMP $87C0
A:00 X:05 Y:01 S:F0 P:nvUbdIZc                $87C0: 20 56 85  JSR $8556
A:00 X:05 Y:01 S:EE P:nvUbdIZc                  $8556: 8A        TXA
A:05 X:05 Y:01 S:EE P:nvUbdIzc                  $8557: 0A        ASL
A:0A X:05 Y:01 S:EE P:nvUbdIzc                  $8558: A8        TAY
A:0A X:05 Y:0A S:EE P:nvUbdIzc                  $8559: C8        INY
A:0A X:05 Y:0B S:EE P:nvUbdIzc                  $855A: 68        PLA
A:C2 X:05 Y:0B S:EF P:NvUbdIzc                 $855B: 85 D4     STA $D4 = #$7E
A:C2 X:05 Y:0B S:EF P:NvUbdIzc                 $855D: 68        PLA
A:87 X:05 Y:0B S:F0 P:NvUbdIzc                $855E: 85 D5     STA $D5 = #$9C
A:87 X:05 Y:0B S:F0 P:NvUbdIzc                $8560: B1 D4     LDA ($D4),Y @ $87CD = #$5D
A:5D X:05 Y:0B S:F0 P:nvUbdIzc                $8562: AA        TAX
A:5D X:5D Y:0B S:F0 P:nvUbdIzc                $8563: C8        INY
A:5D X:5D Y:0C S:F0 P:nvUbdIzc                $8564: B1 D4     LDA ($D4),Y @ $87CE = #$88
A:88 X:5D Y:0C S:F0 P:NvUbdIzc                $8566: 85 D5     STA $D5 = #$87
A:88 X:5D Y:0C S:F0 P:NvUbdIzc                $8568: 86 D4     STX $D4 = #$C2
A:88 X:5D Y:0C S:F0 P:NvUbdIzc                $856A: 6C D4 00  JMP ($00D4) = $885D
A:88 X:5D Y:0C S:F0 P:NvUbdIzc                $885D: 20 35 89  JSR $8935
A:88 X:5D Y:0C S:EE P:NvUbdIzc                  $8935: A0 00     LDY #$00
A:88 X:5D Y:00 S:EE P:nvUbdIZc                  $8937: B1 CC     LDA ($CC),Y @ $0780 = #$7F
A:7F X:5D Y:00 S:EE P:nvUbdIzc                  $8939: 85 D4     STA $D4 = #$5D
A:7F X:5D Y:00 S:EE P:nvUbdIzc                  $893B: C8        INY
A:7F X:5D Y:01 S:EE P:nvUbdIzc                  $893C: B1 CC     LDA ($CC),Y @ $0781 = #$9C
A:9C X:5D Y:01 S:EE P:NvUbdIzc                  $893E: 85 D5     STA $D5 = #$88
A:9C X:5D Y:01 S:EE P:NvUbdIzc                  $8940: 88        DEY
A:9C X:5D Y:00 S:EE P:nvUbdIZc                  $8941: B1 D4     LDA ($D4),Y @ $9C7F = #$2F
A:2F X:5D Y:00 S:EE P:nvUbdIzc                  $8943: AA        TAX
A:2F X:2F Y:00 S:EE P:nvUbdIzc                  $8944: A9 01     LDA #$01
A:01 X:2F Y:00 S:EE P:nvUbdIzc                  $8946: 18        CLC
A:01 X:2F Y:00 S:EE P:nvUbdIzc                  $8947: 65 D4     ADC $D4 = #$7F
A:80 X:2F Y:00 S:EE P:NVUbdIzc                  $8949: 91 CC     STA ($CC),Y @ $0780 = #$7F
A:80 X:2F Y:00 S:EE P:NVUbdIzc                  $894B: A9 00     LDA #$00
A:00 X:2F Y:00 S:EE P:nVUbdIZc                  $894D: 65 D5     ADC $D5 = #$9C
A:9C X:2F Y:00 S:EE P:NvUbdIzc                  $894F: C8        INY
A:9C X:2F Y:01 S:EE P:nvUbdIzc                  $8950: 91 CC     STA ($CC),Y @ $0781 = #$9C
A:9C X:2F Y:01 S:EE P:nvUbdIzc                  $8952: 8A        TXA
A:2F X:2F Y:01 S:EE P:nvUbdIzc                  $8953: 60        RTS (from $8935) ----------------------------
A:2F X:2F Y:01 S:F0 P:nvUbdIzc                $8860: A2 85     LDX #$85
A:2F X:85 Y:01 S:F0 P:NvUbdIzc                $8862: A0 89     LDY #$89
A:2F X:85 Y:89 S:F0 P:NvUbdIzc                $8864: 86 D4     STX $D4 = #$7F
A:2F X:85 Y:89 S:F0 P:NvUbdIzc                $8866: 84 D5     STY $D5 = #$9C
A:2F X:85 Y:89 S:F0 P:NvUbdIzc                $8868: 0A        ASL
A:5E X:85 Y:89 S:F0 P:nvUbdIzc                $8869: A0 07     LDY #$07
A:5E X:85 Y:07 S:F0 P:nvUbdIzc                $886B: 18        CLC
A:5E X:85 Y:07 S:F0 P:nvUbdIzc                $886C: 65 D4     ADC $D4 = #$85
A:E3 X:85 Y:07 S:F0 P:NvUbdIzc                $886E: 91 CC     STA ($CC),Y @ $0787 = #$00
A:E3 X:85 Y:07 S:F0 P:NvUbdIzc                $8870: A9 00     LDA #$00
A:00 X:85 Y:07 S:F0 P:nvUbdIZc                $8872: 65 D5     ADC $D5 = #$89
A:89 X:85 Y:07 S:F0 P:NvUbdIzc                $8874: C8        INY
A:89 X:85 Y:08 S:F0 P:nvUbdIzc                $8875: 91 CC     STA ($CC),Y @ $0788 = #$00
A:89 X:85 Y:08 S:F0 P:nvUbdIzc                $8877: 4C 06 87  JMP $8706
A:89 X:85 Y:08 S:F0 P:nvUbdIzc                $8706: 20 35 89  JSR $8935
A:89 X:85 Y:08 S:EE P:nvUbdIzc                  $8935: A0 00     LDY #$00
A:89 X:85 Y:00 S:EE P:nvUbdIZc                  $8937: B1 CC     LDA ($CC),Y @ $0780 = #$80
A:80 X:85 Y:00 S:EE P:NvUbdIzc                  $8939: 85 D4     STA $D4 = #$85
A:80 X:85 Y:00 S:EE P:NvUbdIzc                  $893B: C8        INY
A:80 X:85 Y:01 S:EE P:nvUbdIzc                  $893C: B1 CC     LDA ($CC),Y @ $0781 = #$9C
A:9C X:85 Y:01 S:EE P:NvUbdIzc                  $893E: 85 D5     STA $D5 = #$89
A:9C X:85 Y:01 S:EE P:NvUbdIzc                  $8940: 88        DEY
A:9C X:85 Y:00 S:EE P:nvUbdIZc                  $8941: B1 D4     LDA ($D4),Y @ $9C80 = #$B1
A:B1 X:85 Y:00 S:EE P:NvUbdIzc                  $8943: AA        TAX
A:B1 X:B1 Y:00 S:EE P:NvUbdIzc                  $8944: A9 01     LDA #$01
A:01 X:B1 Y:00 S:EE P:nvUbdIzc                  $8946: 18        CLC
A:01 X:B1 Y:00 S:EE P:nvUbdIzc                  $8947: 65 D4     ADC $D4 = #$80
A:81 X:B1 Y:00 S:EE P:NvUbdIzc                  $8949: 91 CC     STA ($CC),Y @ $0780 = #$80
A:81 X:B1 Y:00 S:EE P:NvUbdIzc                  $894B: A9 00     LDA #$00
A:00 X:B1 Y:00 S:EE P:nvUbdIZc                  $894D: 65 D5     ADC $D5 = #$9C
A:9C X:B1 Y:00 S:EE P:NvUbdIzc                  $894F: C8        INY
A:9C X:B1 Y:01 S:EE P:nvUbdIzc                  $8950: 91 CC     STA ($CC),Y @ $0781 = #$9C
A:9C X:B1 Y:01 S:EE P:nvUbdIzc                  $8952: 8A        TXA
A:B1 X:B1 Y:01 S:EE P:NvUbdIzc                  $8953: 60        RTS (from $8935) ----------------------------
A:B1 X:B1 Y:01 S:F0 P:NvUbdIzc                $8709: 29 F0     AND #$F0
A:B0 X:B1 Y:01 S:F0 P:NvUbdIzc                $870B: D0 03     BNE $8710
A:B0 X:B1 Y:01 S:F0 P:NvUbdIzc                $8710: C9 20     CMP #$20
A:B0 X:B1 Y:01 S:F0 P:NvUbdIzC                $8712: D0 0B     BNE $871F
A:B0 X:B1 Y:01 S:F0 P:NvUbdIzC                $871F: C9 30     CMP #$30
A:B0 X:B1 Y:01 S:F0 P:NvUbdIzC                $8721: D0 03     BNE $8726
A:B0 X:B1 Y:01 S:F0 P:NvUbdIzC                $8726: 8A        TXA
A:B1 X:B1 Y:01 S:F0 P:NvUbdIzC                $8727: 2A        ROL
A:63 X:B1 Y:01 S:F0 P:nvUbdIzC                $8728: 2A        ROL
A:C7 X:B1 Y:01 S:F0 P:NvUbdIzc                $8729: 2A        ROL
A:8E X:B1 Y:01 S:F0 P:NvUbdIzC                $872A: 2A        ROL
A:1D X:B1 Y:01 S:F0 P:nvUbdIzC                $872B: 29 07     AND #$07
A:05 X:B1 Y:01 S:F0 P:nvUbdIzC                $872D: A8        TAY
A:05 X:B1 Y:05 S:F0 P:nvUbdIzC                $872E: B9 75 89  LDA $8975,Y @ $897A = #$10
A:10 X:B1 Y:05 S:F0 P:nvUbdIzC                $8731: 20 54 89  JSR $8954
A:10 X:B1 Y:05 S:EE P:nvUbdIzC                  $8954: 85 D4     STA $D4 = #$80
A:10 X:B1 Y:05 S:EE P:nvUbdIzC                  $8956: A9 00     LDA #$00
A:00 X:B1 Y:05 S:EE P:nvUbdIZC                  $8958: 85 D5     STA $D5 = #$9C
A:00 X:B1 Y:05 S:EE P:nvUbdIZC                  $895A: A0 04     LDY #$04
A:00 X:B1 Y:04 S:EE P:nvUbdIzC                  $895C: B1 CC     LDA ($CC),Y @ $0784 = #$03
A:03 X:B1 Y:04 S:EE P:nvUbdIzC                  $895E: A8        TAY
A:03 X:B1 Y:03 S:EE P:nvUbdIzC                  $895F: A9 00     LDA #$00
A:00 X:B1 Y:03 S:EE P:nvUbdIZC                  $8961: 18        CLC
A:00 X:B1 Y:03 S:EE P:nvUbdIZc                  $8962: 65 D4     ADC $D4 = #$10
A:10 X:B1 Y:03 S:EE P:nvUbdIzc                  $8964: 90 02     BCC $8968
A:10 X:B1 Y:03 S:EE P:nvUbdIzc                  $8968: 88        DEY
A:10 X:B1 Y:02 S:EE P:nvUbdIzc                  $8969: D0 F6     BNE $8961
A:10 X:B1 Y:02 S:EE P:nvUbdIzc                  $8961: 18        CLC
A:10 X:B1 Y:02 S:EE P:nvUbdIzc                  $8962: 65 D4     ADC $D4 = #$10
A:20 X:B1 Y:02 S:EE P:nvUbdIzc                  $8964: 90 02     BCC $8968
A:20 X:B1 Y:02 S:EE P:nvUbdIzc                  $8968: 88        DEY
A:20 X:B1 Y:01 S:EE P:nvUbdIzc                  $8969: D0 F6     BNE $8961
A:20 X:B1 Y:01 S:EE P:nvUbdIzc                  $8961: 18        CLC
A:20 X:B1 Y:01 S:EE P:nvUbdIzc                  $8962: 65 D4     ADC $D4 = #$10
A:30 X:B1 Y:01 S:EE P:nvUbdIzc                  $8964: 90 02     BCC $8968
A:30 X:B1 Y:01 S:EE P:nvUbdIzc                  $8968: 88        DEY
A:30 X:B1 Y:00 S:EE P:nvUbdIZc                  $8969: D0 F6     BNE $8961
A:30 X:B1 Y:00 S:EE P:nvUbdIZc                  $896B: A0 02     LDY #$02
A:30 X:B1 Y:02 S:EE P:nvUbdIzc                  $896D: 91 CC     STA ($CC),Y @ $0782 = #$00
A:30 X:B1 Y:02 S:EE P:nvUbdIzc                  $896F: C8        INY
A:30 X:B1 Y:03 S:EE P:nvUbdIzc                  $8970: A5 D5     LDA $D5 = #$00
A:00 X:B1 Y:03 S:EE P:nvUbdIZc                  $8972: 91 CC     STA ($CC),Y @ $0783 = #$00
A:00 X:B1 Y:03 S:EE P:nvUbdIZc                  $8974: 60        RTS (from $8954) ----------------------------
A:00 X:B1 Y:03 S:F0 P:nvUbdIZc                $8734: A0 06     LDY #$06
A:00 X:B1 Y:06 S:F0 P:nvUbdIzc                $8736: B1 CC     LDA ($CC),Y @ $0786 = #$00
A:00 X:B1 Y:06 S:F0 P:nvUbdIZc                $8738: 29 E0     AND #$E0
A:00 X:B1 Y:06 S:F0 P:nvUbdIZc                $873A: F0 16     BEQ $8752
A:00 X:B1 Y:06 S:F0 P:nvUbdIZc                $8752: 8A        TXA
A:B1 X:B1 Y:06 S:F0 P:NvUbdIzc                $8753: 29 1F     AND #$1F
A:11 X:B1 Y:06 S:F0 P:nvUbdIzc                $8755: D0 04     BNE $875B
A:11 X:B1 Y:06 S:F0 P:nvUbdIzc                $875B: A0 01     LDY #$01
A:11 X:B1 Y:01 S:F0 P:nvUbdIzc                $875D: C4 CE     CPY $CE = #$04
A:11 X:B1 Y:01 S:F0 P:NvUbdIzc                $875F: D0 05     BNE $8766
A:11 X:B1 Y:01 S:F0 P:NvUbdIzc                $8766: 0A        ASL
A:22 X:B1 Y:01 S:F0 P:nvUbdIzc                $8767: A0 07     LDY #$07
A:22 X:B1 Y:07 S:F0 P:nvUbdIzc                $8769: 18        CLC
A:22 X:B1 Y:07 S:F0 P:nvUbdIzc                $876A: 71 CC     ADC ($CC),Y @ $0787 = #$E3
A:05 X:B1 Y:07 S:F0 P:nvUbdIzC                $876C: 85 D4     STA $D4 = #$10
A:05 X:B1 Y:07 S:F0 P:nvUbdIzC                $876E: A9 00     LDA #$00
A:00 X:B1 Y:07 S:F0 P:nvUbdIZC                $8770: C8        INY
A:00 X:B1 Y:08 S:F0 P:nvUbdIzC                $8771: 71 CC     ADC ($CC),Y @ $0788 = #$89
A:8A X:B1 Y:08 S:F0 P:NvUbdIzc                $8773: 85 D5     STA $D5 = #$00
A:8A X:B1 Y:08 S:F0 P:NvUbdIzc                $8775: A0 01     LDY #$01
A:8A X:B1 Y:01 S:F0 P:nvUbdIzc                $8777: B1 D4     LDA ($D4),Y @ $8A06 = #$00
A:00 X:B1 Y:01 S:F0 P:nvUbdIZc                $8779: AA        TAX
A:00 X:00 Y:01 S:F0 P:nvUbdIZc                $877A: 88        DEY
A:00 X:00 Y:00 S:F0 P:nvUbdIZc                $877B: B1 D4     LDA ($D4),Y @ $8A05 = #$54
A:54 X:00 Y:00 S:F0 P:nvUbdIzc                $877D: A0 0A     LDY #$0A
A:54 X:00 Y:0A S:F0 P:nvUbdIzc                $877F: 91 CC     STA ($CC),Y @ $078A = #$00
A:54 X:00 Y:0A S:F0 P:nvUbdIzc                $8781: C8        INY
A:54 X:00 Y:0B S:F0 P:nvUbdIzc                $8782: 8A        TXA
A:00 X:00 Y:0B S:F0 P:nvUbdIZc                $8783: 91 CC     STA ($CC),Y @ $078B = #$00
A:00 X:00 Y:0B S:F0 P:nvUbdIZc                $8785: A0 0D     LDY #$0D
A:00 X:00 Y:0D S:F0 P:nvUbdIzc                $8787: B1 CC     LDA ($CC),Y @ $078D = #$FF
A:FF X:00 Y:0D S:F0 P:NvUbdIzc                $8789: 85 D4     STA $D4 = #$05
A:FF X:00 Y:0D S:F0 P:NvUbdIzc                $878B: 29 7F     AND #$7F
A:7F X:00 Y:0D S:F0 P:nvUbdIzc                $878D: F0 03     BEQ $8792
A:7F X:00 Y:0D S:F0 P:nvUbdIzc                $878F: 20 A9 88  JSR $88A9
A:7F X:00 Y:0D S:EE P:nvUbdIzc                  $88A9: A9 00     LDA #$00
A:00 X:00 Y:0D S:EE P:nvUbdIZc                  $88AB: A0 0E     LDY #$0E
A:00 X:00 Y:0E S:EE P:nvUbdIzc                  $88AD: 91 CC     STA ($CC),Y @ $078E = #$00
A:00 X:00 Y:0E S:EE P:nvUbdIzc                  $88AF: A5 D4     LDA $D4 = #$FF
A:FF X:00 Y:0E S:EE P:NvUbdIzc                  $88B1: 10 05     BPL $88B8
A:FF X:00 Y:0E S:EE P:NvUbdIzc                  $88B3: A9 0F     LDA #$0F
A:0F X:00 Y:0E S:EE P:nvUbdIzc                  $88B5: 4C BA 88  JMP $88BA
A:0F X:00 Y:0E S:EE P:nvUbdIzc                  $88BA: 85 D4     STA $D4 = #$FF
A:0F X:00 Y:0E S:EE P:nvUbdIzc                  $88BC: A0 0F     LDY #$0F
A:0F X:00 Y:0F S:EE P:nvUbdIzc                  $88BE: B1 CC     LDA ($CC),Y @ $078F = #$FF
A:FF X:00 Y:0F S:EE P:NvUbdIzc                  $88C0: 29 F0     AND #$F0
A:F0 X:00 Y:0F S:EE P:NvUbdIzc                  $88C2: 05 D4     ORA $D4 = #$0F
A:FF X:00 Y:0F S:EE P:NvUbdIzc                  $88C4: 91 CC     STA ($CC),Y @ $078F = #$FF
A:FF X:00 Y:0F S:EE P:NvUbdIzc                  $88C6: 60        RTS (from $88A9) ----------------------------
A:FF X:00 Y:0F S:F0 P:NvUbdIzc                $8792: A5 CF     LDA $CF = #$00
A:00 X:00 Y:0F S:F0 P:nvUbdIZc                $8794: 4A        LSR
A:00 X:00 Y:0F S:F0 P:nvUbdIZc                $8795: 90 01     BCC $8798
A:00 X:00 Y:0F S:F0 P:nvUbdIZc                $8798: A9 0C     LDA #$0C
A:0C X:00 Y:0F S:F0 P:nvUbdIzc                $879A: 85 D4     STA $D4 = #$0F
A:0C X:00 Y:0F S:F0 P:nvUbdIzc                $879C: 20 16 85  JSR $8516
A:0C X:00 Y:0F S:EE P:nvUbdIzc                  $8516: A0 14     LDY #$14
A:0C X:00 Y:14 S:EE P:nvUbdIzc                  $8518: B1 CC     LDA ($CC),Y @ $0794 = #$05
A:05 X:00 Y:14 S:EE P:nvUbdIzc                  $851A: 29 7F     AND #$7F
A:05 X:00 Y:14 S:EE P:nvUbdIzc                  $851C: 91 CC     STA ($CC),Y @ $0794 = #$05
A:05 X:00 Y:14 S:EE P:nvUbdIzc                  $851E: A0 16     LDY #$16
A:05 X:00 Y:16 S:EE P:nvUbdIzc                  $8520: B1 CC     LDA ($CC),Y @ $0796 = #$80
A:80 X:00 Y:16 S:EE P:NvUbdIzc                  $8522: 0A        ASL
A:00 X:00 Y:16 S:EE P:nvUbdIZC                  $8523: 90 10     BCC $8535
A:00 X:00 Y:16 S:EE P:nvUbdIZC                  $8525: A4 D4     LDY $D4 = #$0C
A:00 X:00 Y:0C S:EE P:nvUbdIzC                  $8527: B1 CC     LDA ($CC),Y @ $078C = #$BA
A:BA X:00 Y:0C S:EE P:NvUbdIzC                  $8529: A2 02     LDX #$02
A:BA X:02 Y:0C S:EE P:nvUbdIzC                  $852B: E4 CE     CPX $CE = #$04
A:BA X:02 Y:0C S:EE P:NvUbdIzc                  $852D: F0 02     BEQ $8531
A:BA X:02 Y:0C S:EE P:NvUbdIzc                  $852F: 29 0F     AND #$0F
A:0A X:02 Y:0C S:EE P:nvUbdIzc                  $8531: A0 1E     LDY #$1E
A:0A X:02 Y:1E S:EE P:nvUbdIzc                  $8533: 91 CC     STA ($CC),Y @ $079E = #$00
A:0A X:02 Y:1E S:EE P:nvUbdIzc                  $8535: A2 06     LDX #$06
A:0A X:06 Y:1E S:EE P:nvUbdIzc                  $8537: A9 00     LDA #$00
A:00 X:06 Y:1E S:EE P:nvUbdIZc                  $8539: A0 18     LDY #$18
A:00 X:06 Y:18 S:EE P:nvUbdIzc                  $853B: 91 CC     STA ($CC),Y @ $0798 = #$01
A:00 X:06 Y:18 S:EE P:nvUbdIzc                  $853D: C8        INY
A:00 X:06 Y:19 S:EE P:nvUbdIzc                  $853E: CA        DEX
A:00 X:05 Y:19 S:EE P:nvUbdIzc                  $853F: D0 FA     BNE $853B
A:00 X:05 Y:19 S:EE P:nvUbdIzc                  $853B: 91 CC     STA ($CC),Y @ $0799 = #$00
A:00 X:05 Y:19 S:EE P:nvUbdIzc                  $853D: C8        INY
A:00 X:05 Y:1A S:EE P:nvUbdIzc                  $853E: CA        DEX
A:00 X:04 Y:1A S:EE P:nvUbdIzc                  $853F: D0 FA     BNE $853B
A:00 X:04 Y:1A S:EE P:nvUbdIzc                  $853B: 91 CC     STA ($CC),Y @ $079A = #$00
A:00 X:04 Y:1A S:EE P:nvUbdIzc                  $853D: C8        INY
A:00 X:04 Y:1B S:EE P:nvUbdIzc                  $853E: CA        DEX
A:00 X:03 Y:1B S:EE P:nvUbdIzc                  $853F: D0 FA     BNE $853B
A:00 X:03 Y:1B S:EE P:nvUbdIzc                  $853B: 91 CC     STA ($CC),Y @ $079B = #$00
A:00 X:03 Y:1B S:EE P:nvUbdIzc                  $853D: C8        INY
A:00 X:03 Y:1C S:EE P:nvUbdIzc                  $853E: CA        DEX
A:00 X:02 Y:1C S:EE P:nvUbdIzc                  $853F: D0 FA     BNE $853B
A:00 X:02 Y:1C S:EE P:nvUbdIzc                  $853B: 91 CC     STA ($CC),Y @ $079C = #$00
A:00 X:02 Y:1C S:EE P:nvUbdIzc                  $853D: C8        INY
A:00 X:02 Y:1D S:EE P:nvUbdIzc                  $853E: CA        DEX
A:00 X:01 Y:1D S:EE P:nvUbdIzc                  $853F: D0 FA     BNE $853B
A:00 X:01 Y:1D S:EE P:nvUbdIzc                  $853B: 91 CC     STA ($CC),Y @ $079D = #$01
A:00 X:01 Y:1D S:EE P:nvUbdIzc                  $853D: C8        INY
A:00 X:01 Y:1E S:EE P:nvUbdIzc                  $853E: CA        DEX
A:00 X:00 Y:1E S:EE P:nvUbdIZc                  $853F: D0 FA     BNE $853B
A:00 X:00 Y:1E S:EE P:nvUbdIZc                  $8541: A9 FF     LDA #$FF
A:FF X:00 Y:1E S:EE P:NvUbdIzc                  $8543: A0 1C     LDY #$1C
A:FF X:00 Y:1C S:EE P:nvUbdIzc                  $8545: 91 CC     STA ($CC),Y @ $079C = #$00
A:FF X:00 Y:1C S:EE P:nvUbdIzc                  $8547: 60        RTS (from $8516) ----------------------------
A:FF X:00 Y:1C S:F0 P:nvUbdIzc                $879F: 4C FD 84  JMP $84FD
A:FF X:00 Y:1C S:F0 P:nvUbdIzc                $84FD: A0 01     LDY #$01
A:FF X:00 Y:01 S:F0 P:nvUbdIzc                $84FF: C4 CE     CPY $CE = #$04
A:FF X:00 Y:01 S:F0 P:NvUbdIzc                $8501: D0 06     BNE $8509
A:FF X:00 Y:01 S:F0 P:NvUbdIzc                $8509: A9 00     LDA #$00
A:00 X:00 Y:01 S:F0 P:nvUbdIZc                $850B: A6 CB     LDX $CB = #$00
A:00 X:00 Y:01 S:F0 P:nvUbdIZc                $850D: E8        INX
A:00 X:01 Y:01 S:F0 P:nvUbdIzc                $850E: E8        INX
A:00 X:02 Y:01 S:F0 P:nvUbdIzc                $850F: 9D 00 40  STA $4000,X @ $4002 = #$D6
A:00 X:02 Y:01 S:F0 P:nvUbdIzc                $8512: 9D 01 40  STA $4001,X @ $4003 = #$08
A:00 X:02 Y:01 S:F0 P:nvUbdIzc                $8515: 60        RTS (from $86B4) ----------------------------
A:00 X:02 Y:01 S:F2 P:nvUbdIzc              $8283: 4C 94 82  JMP $8294
A:00 X:02 Y:01 S:F2 P:nvUbdIzc              $8294: 46 CF     LSR $CF = #$00
A:00 X:02 Y:01 S:F2 P:nvUbdIZc              $8296: 90 06     BCC $829E
A:00 X:02 Y:01 S:F2 P:nvUbdIZc              $829E: C6 CE     DEC $CE = #$04
A:00 X:02 Y:01 S:F2 P:nvUbdIzc              $82A0: F0 17     BEQ $82B9
A:00 X:02 Y:01 S:F2 P:nvUbdIzc              $82A2: A9 04     LDA #$04
A:04 X:02 Y:01 S:F2 P:nvUbdIzc              $82A4: 18        CLC
A:04 X:02 Y:01 S:F2 P:nvUbdIzc              $82A5: 65 CB     ADC $CB = #$00
A:04 X:02 Y:01 S:F2 P:nvUbdIzc              $82A7: 85 CB     STA $CB = #$00
A:04 X:02 Y:01 S:F2 P:nvUbdIzc              $82A9: A9 1F     LDA #$1F
A:1F X:02 Y:01 S:F2 P:nvUbdIzc              $82AB: 18        CLC
A:1F X:02 Y:01 S:F2 P:nvUbdIzc              $82AC: 65 CC     ADC $CC = #$80
A:9F X:02 Y:01 S:F2 P:NvUbdIzc              $82AE: 85 CC     STA $CC = #$80
A:9F X:02 Y:01 S:F2 P:NvUbdIzc              $82B0: A9 00     LDA #$00
A:00 X:02 Y:01 S:F2 P:nvUbdIZc              $82B2: 65 CD     ADC $CD = #$07
A:07 X:02 Y:01 S:F2 P:nvUbdIzc              $82B4: 85 CD     STA $CD = #$07
A:07 X:02 Y:01 S:F2 P:nvUbdIzc              $82B6: 4C 4C 82  JMP $824C
A:07 X:02 Y:01 S:F2 P:nvUbdIzc              $824C: A9 01     LDA #$01
A:01 X:02 Y:01 S:F2 P:nvUbdIzc              $824E: A0 18     LDY #$18
A:01 X:02 Y:18 S:F2 P:nvUbdIzc              $8250: 18        CLC
A:01 X:02 Y:18 S:F2 P:nvUbdIzc              $8251: 71 CC     ADC ($CC),Y @ $07B7 = #$00
A:01 X:02 Y:18 S:F2 P:nvUbdIzc              $8253: 91 CC     STA ($CC),Y @ $07B7 = #$00
A:01 X:02 Y:18 S:F2 P:nvUbdIzc              $8255: A9 01     LDA #$01
A:01 X:02 Y:18 S:F2 P:nvUbdIzc              $8257: A0 1D     LDY #$1D
A:01 X:02 Y:1D S:F2 P:nvUbdIzc              $8259: 18        CLC
A:01 X:02 Y:1D S:F2 P:nvUbdIzc              $825A: 71 CC     ADC ($CC),Y @ $07BC = #$00
A:01 X:02 Y:1D S:F2 P:nvUbdIzc              $825C: 91 CC     STA ($CC),Y @ $07BC = #$00
A:01 X:02 Y:1D S:F2 P:nvUbdIzc              $825E: A5 CF     LDA $CF = #$00
A:00 X:02 Y:1D S:F2 P:nvUbdIZc              $8260: 4A        LSR
A:00 X:02 Y:1D S:F2 P:nvUbdIZc              $8261: 90 03     BCC $8266
A:00 X:02 Y:1D S:F2 P:nvUbdIZc              $8266: A5 30     LDA $30 = #$00
A:00 X:02 Y:1D S:F2 P:nvUbdIZc              $8268: 4A        LSR
A:00 X:02 Y:1D S:F2 P:nvUbdIZc              $8269: 90 03     BCC $826E
A:00 X:02 Y:1D S:F2 P:nvUbdIZc              $826E: A0 00     LDY #$00
A:00 X:02 Y:00 S:F2 P:nvUbdIZc              $8270: B1 CC     LDA ($CC),Y @ $079F = #$A2
A:A2 X:02 Y:00 S:F2 P:NvUbdIzc              $8272: C8        INY
A:A2 X:02 Y:01 S:F2 P:nvUbdIzc              $8273: 11 CC     ORA ($CC),Y @ $07A0 = #$9C
A:BE X:02 Y:01 S:F2 P:NvUbdIzc              $8275: F0 0F     BEQ $8286
A:BE X:02 Y:01 S:F2 P:NvUbdIzc              $8277: A9 01     LDA #$01
A:01 X:02 Y:01 S:F2 P:nvUbdIzc              $8279: A0 0E     LDY #$0E
A:01 X:02 Y:0E S:F2 P:nvUbdIzc              $827B: 18        CLC
A:01 X:02 Y:0E S:F2 P:nvUbdIzc              $827C: 71 CC     ADC ($CC),Y @ $07AD = #$00
A:01 X:02 Y:0E S:F2 P:nvUbdIzc              $827E: 91 CC     STA ($CC),Y @ $07AD = #$00
A:01 X:02 Y:0E S:F2 P:nvUbdIzc              $8280: 20 B4 86  JSR $86B4
A:01 X:02 Y:0E S:F0 P:nvUbdIzc                $86B4: A5 C7     LDA $C7 = #$00
A:00 X:02 Y:0E S:F0 P:nvUbdIZc                $86B6: F0 0B     BEQ $86C3
A:00 X:02 Y:0E S:F0 P:nvUbdIZc                $86C3: A0 05     LDY #$05
A:00 X:02 Y:05 S:F0 P:nvUbdIzc                $86C5: B1 CC     LDA ($CC),Y @ $07A4 = #$00
A:00 X:02 Y:05 S:F0 P:nvUbdIZc                $86C7: 0A        ASL
A:00 X:02 Y:05 S:F0 P:nvUbdIZc                $86C8: 90 09     BCC $86D3
A:00 X:02 Y:05 S:F0 P:nvUbdIZc                $86D3: A0 02     LDY #$02
A:00 X:02 Y:02 S:F0 P:nvUbdIzc                $86D5: B1 CC     LDA ($CC),Y @ $07A1 = #$00
A:00 X:02 Y:02 S:F0 P:nvUbdIZc                $86D7: C8        INY
A:00 X:02 Y:03 S:F0 P:nvUbdIzc                $86D8: 11 CC     ORA ($CC),Y @ $07A2 = #$00
A:00 X:02 Y:03 S:F0 P:nvUbdIZc                $86DA: F0 22     BEQ $86FE
A:00 X:02 Y:03 S:F0 P:nvUbdIZc                $86FE: A0 05     LDY #$05
A:00 X:02 Y:05 S:F0 P:nvUbdIzc                $8700: B1 CC     LDA ($CC),Y @ $07A4 = #$00
A:00 X:02 Y:05 S:F0 P:nvUbdIZc                $8702: 29 7F     AND #$7F
A:00 X:02 Y:05 S:F0 P:nvUbdIZc                $8704: 91 CC     STA ($CC),Y @ $07A4 = #$00
A:00 X:02 Y:05 S:F0 P:nvUbdIZc                $8706: 20 35 89  JSR $8935
A:00 X:02 Y:05 S:EE P:nvUbdIZc                  $8935: A0 00     LDY #$00
A:00 X:02 Y:00 S:EE P:nvUbdIZc                  $8937: B1 CC     LDA ($CC),Y @ $079F = #$A2
A:A2 X:02 Y:00 S:EE P:NvUbdIzc                  $8939: 85 D4     STA $D4 = #$0C
A:A2 X:02 Y:00 S:EE P:NvUbdIzc                  $893B: C8        INY
A:A2 X:02 Y:01 S:EE P:nvUbdIzc                  $893C: B1 CC     LDA ($CC),Y @ $07A0 = #$9C
A:9C X:02 Y:01 S:EE P:NvUbdIzc                  $893E: 85 D5     STA $D5 = #$8A
A:9C X:02 Y:01 S:EE P:NvUbdIzc                  $8940: 88        DEY
A:9C X:02 Y:00 S:EE P:nvUbdIZc                  $8941: B1 D4     LDA ($D4),Y @ $9CA2 = #$00
A:00 X:02 Y:00 S:EE P:nvUbdIZc                  $8943: AA        TAX
A:00 X:00 Y:00 S:EE P:nvUbdIZc                  $8944: A9 01     LDA #$01
A:01 X:00 Y:00 S:EE P:nvUbdIzc                  $8946: 18        CLC
A:01 X:00 Y:00 S:EE P:nvUbdIzc                  $8947: 65 D4     ADC $D4 = #$A2
A:A3 X:00 Y:00 S:EE P:NvUbdIzc                  $8949: 91 CC     STA ($CC),Y @ $079F = #$A2
A:A3 X:00 Y:00 S:EE P:NvUbdIzc                  $894B: A9 00     LDA #$00
A:00 X:00 Y:00 S:EE P:nvUbdIZc                  $894D: 65 D5     ADC $D5 = #$9C
A:9C X:00 Y:00 S:EE P:NvUbdIzc                  $894F: C8        INY
A:9C X:00 Y:01 S:EE P:nvUbdIzc                  $8950: 91 CC     STA ($CC),Y @ $07A0 = #$9C
A:9C X:00 Y:01 S:EE P:nvUbdIzc                  $8952: 8A        TXA
A:00 X:00 Y:01 S:EE P:nvUbdIZc                  $8953: 60        RTS (from $8935) ----------------------------
A:00 X:00 Y:01 S:F0 P:nvUbdIZc                $8709: 29 F0     AND #$F0
A:00 X:00 Y:01 S:F0 P:nvUbdIZc                $870B: D0 03     BNE $8710
A:00 X:00 Y:01 S:F0 P:nvUbdIZc                $870D: 4C C0 87  JMP $87C0
A:00 X:00 Y:01 S:F0 P:nvUbdIZc                $87C0: 20 56 85  JSR $8556
A:00 X:00 Y:01 S:EE P:nvUbdIZc                  $8556: 8A        TXA
A:00 X:00 Y:01 S:EE P:nvUbdIZc                  $8557: 0A        ASL
A:00 X:00 Y:01 S:EE P:nvUbdIZc                  $8558: A8        TAY
A:00 X:00 Y:00 S:EE P:nvUbdIZc                  $8559: C8        INY
A:00 X:00 Y:01 S:EE P:nvUbdIzc                  $855A: 68        PLA
A:C2 X:00 Y:01 S:EF P:NvUbdIzc                 $855B: 85 D4     STA $D4 = #$A2
A:C2 X:00 Y:01 S:EF P:NvUbdIzc                 $855D: 68        PLA
A:87 X:00 Y:01 S:F0 P:NvUbdIzc                $855E: 85 D5     STA $D5 = #$9C
A:87 X:00 Y:01 S:F0 P:NvUbdIzc                $8560: B1 D4     LDA ($D4),Y @ $87C3 = #$D7
A:D7 X:00 Y:01 S:F0 P:NvUbdIzc                $8562: AA        TAX
A:D7 X:D7 Y:01 S:F0 P:NvUbdIzc                $8563: C8        INY
A:D7 X:D7 Y:02 S:F0 P:nvUbdIzc                $8564: B1 D4     LDA ($D4),Y @ $87C4 = #$87
A:87 X:D7 Y:02 S:F0 P:NvUbdIzc                $8566: 85 D5     STA $D5 = #$87
A:87 X:D7 Y:02 S:F0 P:NvUbdIzc                $8568: 86 D4     STX $D4 = #$C2
A:87 X:D7 Y:02 S:F0 P:NvUbdIzc                $856A: 6C D4 00  JMP ($00D4) = $87D7
A:87 X:D7 Y:02 S:F0 P:NvUbdIzc                $87D7: 20 35 89  JSR $8935
A:87 X:D7 Y:02 S:EE P:NvUbdIzc                  $8935: A0 00     LDY #$00
A:87 X:D7 Y:00 S:EE P:nvUbdIZc                  $8937: B1 CC     LDA ($CC),Y @ $079F = #$A3
A:A3 X:D7 Y:00 S:EE P:NvUbdIzc                  $8939: 85 D4     STA $D4 = #$D7
A:A3 X:D7 Y:00 S:EE P:NvUbdIzc                  $893B: C8        INY
A:A3 X:D7 Y:01 S:EE P:nvUbdIzc                  $893C: B1 CC     LDA ($CC),Y @ $07A0 = #$9C
A:9C X:D7 Y:01 S:EE P:NvUbdIzc                  $893E: 85 D5     STA $D5 = #$87
A:9C X:D7 Y:01 S:EE P:NvUbdIzc                  $8940: 88        DEY
A:9C X:D7 Y:00 S:EE P:nvUbdIZc                  $8941: B1 D4     LDA ($D4),Y @ $9CA3 = #$03
A:03 X:D7 Y:00 S:EE P:nvUbdIzc                  $8943: AA        TAX
A:03 X:03 Y:00 S:EE P:nvUbdIzc                  $8944: A9 01     LDA #$01
A:01 X:03 Y:00 S:EE P:nvUbdIzc                  $8946: 18        CLC
A:01 X:03 Y:00 S:EE P:nvUbdIzc                  $8947: 65 D4     ADC $D4 = #$A3
A:A4 X:03 Y:00 S:EE P:NvUbdIzc                  $8949: 91 CC     STA ($CC),Y @ $079F = #$A3
A:A4 X:03 Y:00 S:EE P:NvUbdIzc                  $894B: A9 00     LDA #$00
A:00 X:03 Y:00 S:EE P:nvUbdIZc                  $894D: 65 D5     ADC $D5 = #$9C
A:9C X:03 Y:00 S:EE P:NvUbdIzc                  $894F: C8        INY
A:9C X:03 Y:01 S:EE P:nvUbdIzc                  $8950: 91 CC     STA ($CC),Y @ $07A0 = #$9C
A:9C X:03 Y:01 S:EE P:nvUbdIzc                  $8952: 8A        TXA
A:03 X:03 Y:01 S:EE P:nvUbdIzc                  $8953: 60        RTS (from $8935) ----------------------------
A:03 X:03 Y:01 S:F0 P:nvUbdIzc                $87DA: A0 04     LDY #$04
A:03 X:03 Y:04 S:F0 P:nvUbdIzc                $87DC: 91 CC     STA ($CC),Y @ $07A3 = #$00
A:03 X:03 Y:04 S:F0 P:nvUbdIzc                $87DE: 4C 06 87  JMP $8706
A:03 X:03 Y:04 S:F0 P:nvUbdIzc                $8706: 20 35 89  JSR $8935
A:03 X:03 Y:04 S:EE P:nvUbdIzc                  $8935: A0 00     LDY #$00
A:03 X:03 Y:00 S:EE P:nvUbdIZc                  $8937: B1 CC     LDA ($CC),Y @ $079F = #$A4
A:A4 X:03 Y:00 S:EE P:NvUbdIzc                  $8939: 85 D4     STA $D4 = #$A3
A:A4 X:03 Y:00 S:EE P:NvUbdIzc                  $893B: C8        INY
A:A4 X:03 Y:01 S:EE P:nvUbdIzc                  $893C: B1 CC     LDA ($CC),Y @ $07A0 = #$9C
A:9C X:03 Y:01 S:EE P:NvUbdIzc                  $893E: 85 D5     STA $D5 = #$9C
A:9C X:03 Y:01 S:EE P:NvUbdIzc                  $8940: 88        DEY
A:9C X:03 Y:00 S:EE P:nvUbdIZc                  $8941: B1 D4     LDA ($D4),Y @ $9CA4 = #$03
A:03 X:03 Y:00 S:EE P:nvUbdIzc                  $8943: AA        TAX
A:03 X:03 Y:00 S:EE P:nvUbdIzc                  $8944: A9 01     LDA #$01
A:01 X:03 Y:00 S:EE P:nvUbdIzc                  $8946: 18        CLC
A:01 X:03 Y:00 S:EE P:nvUbdIzc                  $8947: 65 D4     ADC $D4 = #$A4
A:A5 X:03 Y:00 S:EE P:NvUbdIzc                  $8949: 91 CC     STA ($CC),Y @ $079F = #$A4
A:A5 X:03 Y:00 S:EE P:NvUbdIzc                  $894B: A9 00     LDA #$00
A:00 X:03 Y:00 S:EE P:nvUbdIZc                  $894D: 65 D5     ADC $D5 = #$9C
A:9C X:03 Y:00 S:EE P:NvUbdIzc                  $894F: C8        INY
A:9C X:03 Y:01 S:EE P:nvUbdIzc                  $8950: 91 CC     STA ($CC),Y @ $07A0 = #$9C
A:9C X:03 Y:01 S:EE P:nvUbdIzc                  $8952: 8A        TXA
A:03 X:03 Y:01 S:EE P:nvUbdIzc                  $8953: 60        RTS (from $8935) ----------------------------
A:03 X:03 Y:01 S:F0 P:nvUbdIzc                $8709: 29 F0     AND #$F0
A:00 X:03 Y:01 S:F0 P:nvUbdIZc                $870B: D0 03     BNE $8710
A:00 X:03 Y:01 S:F0 P:nvUbdIZc                $870D: 4C C0 87  JMP $87C0
A:00 X:03 Y:01 S:F0 P:nvUbdIZc                $87C0: 20 56 85  JSR $8556
A:00 X:03 Y:01 S:EE P:nvUbdIZc                  $8556: 8A        TXA
A:03 X:03 Y:01 S:EE P:nvUbdIzc                  $8557: 0A        ASL
A:06 X:03 Y:01 S:EE P:nvUbdIzc                  $8558: A8        TAY
A:06 X:03 Y:06 S:EE P:nvUbdIzc                  $8559: C8        INY
A:06 X:03 Y:07 S:EE P:nvUbdIzc                  $855A: 68        PLA
A:C2 X:03 Y:07 S:EF P:NvUbdIzc                 $855B: 85 D4     STA $D4 = #$A4
A:C2 X:03 Y:07 S:EF P:NvUbdIzc                 $855D: 68        PLA
A:87 X:03 Y:07 S:F0 P:NvUbdIzc                $855E: 85 D5     STA $D5 = #$9C
A:87 X:03 Y:07 S:F0 P:NvUbdIzc                $8560: B1 D4     LDA ($D4),Y @ $87C9 = #$FB
A:FB X:03 Y:07 S:F0 P:NvUbdIzc                $8562: AA        TAX
A:FB X:FB Y:07 S:F0 P:NvUbdIzc                $8563: C8        INY
A:FB X:FB Y:08 S:F0 P:nvUbdIzc                $8564: B1 D4     LDA ($D4),Y @ $87CA = #$87
A:87 X:FB Y:08 S:F0 P:NvUbdIzc                $8566: 85 D5     STA $D5 = #$87
A:87 X:FB Y:08 S:F0 P:NvUbdIzc                $8568: 86 D4     STX $D4 = #$C2
A:87 X:FB Y:08 S:F0 P:NvUbdIzc                $856A: 6C D4 00  JMP ($00D4) = $87FB
A:87 X:FB Y:08 S:F0 P:NvUbdIzc                $87FB: 20 35 89  JSR $8935
A:87 X:FB Y:08 S:EE P:NvUbdIzc                  $8935: A0 00     LDY #$00
A:87 X:FB Y:00 S:EE P:nvUbdIZc                  $8937: B1 CC     LDA ($CC),Y @ $079F = #$A5
A:A5 X:FB Y:00 S:EE P:NvUbdIzc                  $8939: 85 D4     STA $D4 = #$FB
A:A5 X:FB Y:00 S:EE P:NvUbdIzc                  $893B: C8        INY
A:A5 X:FB Y:01 S:EE P:nvUbdIzc                  $893C: B1 CC     LDA ($CC),Y @ $07A0 = #$9C
A:9C X:FB Y:01 S:EE P:NvUbdIzc                  $893E: 85 D5     STA $D5 = #$87
A:9C X:FB Y:01 S:EE P:NvUbdIzc                  $8940: 88        DEY
A:9C X:FB Y:00 S:EE P:nvUbdIZc                  $8941: B1 D4     LDA ($D4),Y @ $9CA5 = #$3A
A:3A X:FB Y:00 S:EE P:nvUbdIzc                  $8943: AA        TAX
A:3A X:3A Y:00 S:EE P:nvUbdIzc                  $8944: A9 01     LDA #$01
A:01 X:3A Y:00 S:EE P:nvUbdIzc                  $8946: 18        CLC
A:01 X:3A Y:00 S:EE P:nvUbdIzc                  $8947: 65 D4     ADC $D4 = #$A5
A:A6 X:3A Y:00 S:EE P:NvUbdIzc                  $8949: 91 CC     STA ($CC),Y @ $079F = #$A5
A:A6 X:3A Y:00 S:EE P:NvUbdIzc                  $894B: A9 00     LDA #$00
A:00 X:3A Y:00 S:EE P:nvUbdIZc                  $894D: 65 D5     ADC $D5 = #$9C
A:9C X:3A Y:00 S:EE P:NvUbdIzc                  $894F: C8        INY
A:9C X:3A Y:01 S:EE P:nvUbdIzc                  $8950: 91 CC     STA ($CC),Y @ $07A0 = #$9C
A:9C X:3A Y:01 S:EE P:nvUbdIzc                  $8952: 8A        TXA
A:3A X:3A Y:01 S:EE P:nvUbdIzc                  $8953: 60        RTS (from $8935) ----------------------------
A:3A X:3A Y:01 S:F0 P:nvUbdIzc                $87FE: A0 02     LDY #$02
A:3A X:3A Y:02 S:F0 P:nvUbdIzc                $8800: C4 CE     CPY $CE = #$03
A:3A X:3A Y:02 S:F0 P:NvUbdIzc                $8802: F0 0A     BEQ $880E
A:3A X:3A Y:02 S:F0 P:NvUbdIzc                $8804: 85 D4     STA $D4 = #$A5
A:3A X:3A Y:02 S:F0 P:NvUbdIzc                $8806: A0 0C     LDY #$0C
A:3A X:3A Y:0C S:F0 P:nvUbdIzc                $8808: B1 CC     LDA ($CC),Y @ $07AB = #$00
A:00 X:3A Y:0C S:F0 P:nvUbdIZc                $880A: 29 C0     AND #$C0
A:00 X:3A Y:0C S:F0 P:nvUbdIZc                $880C: 05 D4     ORA $D4 = #$3A
A:3A X:3A Y:0C S:F0 P:nvUbdIzc                $880E: A0 0C     LDY #$0C
A:3A X:3A Y:0C S:F0 P:nvUbdIzc                $8810: 91 CC     STA ($CC),Y @ $07AB = #$00
A:3A X:3A Y:0C S:F0 P:nvUbdIzc                $8812: 4C 06 87  JMP $8706
A:3A X:3A Y:0C S:F0 P:nvUbdIzc                $8706: 20 35 89  JSR $8935
A:3A X:3A Y:0C S:EE P:nvUbdIzc                  $8935: A0 00     LDY #$00
A:3A X:3A Y:00 S:EE P:nvUbdIZc                  $8937: B1 CC     LDA ($CC),Y @ $079F = #$A6
A:A6 X:3A Y:00 S:EE P:NvUbdIzc                  $8939: 85 D4     STA $D4 = #$3A
A:A6 X:3A Y:00 S:EE P:NvUbdIzc                  $893B: C8        INY
A:A6 X:3A Y:01 S:EE P:nvUbdIzc                  $893C: B1 CC     LDA ($CC),Y @ $07A0 = #$9C
A:9C X:3A Y:01 S:EE P:NvUbdIzc                  $893E: 85 D5     STA $D5 = #$9C
A:9C X:3A Y:01 S:EE P:NvUbdIzc                  $8940: 88        DEY
A:9C X:3A Y:00 S:EE P:nvUbdIZc                  $8941: B1 D4     LDA ($D4),Y @ $9CA6 = #$02
A:02 X:3A Y:00 S:EE P:nvUbdIzc                  $8943: AA        TAX
A:02 X:02 Y:00 S:EE P:nvUbdIzc                  $8944: A9 01     LDA #$01
A:01 X:02 Y:00 S:EE P:nvUbdIzc                  $8946: 18        CLC
A:01 X:02 Y:00 S:EE P:nvUbdIzc                  $8947: 65 D4     ADC $D4 = #$A6
A:A7 X:02 Y:00 S:EE P:NvUbdIzc                  $8949: 91 CC     STA ($CC),Y @ $079F = #$A6
A:A7 X:02 Y:00 S:EE P:NvUbdIzc                  $894B: A9 00     LDA #$00
A:00 X:02 Y:00 S:EE P:nvUbdIZc                  $894D: 65 D5     ADC $D5 = #$9C
A:9C X:02 Y:00 S:EE P:NvUbdIzc                  $894F: C8        INY
A:9C X:02 Y:01 S:EE P:nvUbdIzc                  $8950: 91 CC     STA ($CC),Y @ $07A0 = #$9C
A:9C X:02 Y:01 S:EE P:nvUbdIzc                  $8952: 8A        TXA
A:02 X:02 Y:01 S:EE P:nvUbdIzc                  $8953: 60        RTS (from $8935) ----------------------------
A:02 X:02 Y:01 S:F0 P:nvUbdIzc                $8709: 29 F0     AND #$F0
A:00 X:02 Y:01 S:F0 P:nvUbdIZc                $870B: D0 03     BNE $8710
A:00 X:02 Y:01 S:F0 P:nvUbdIZc                $870D: 4C C0 87  JMP $87C0
A:00 X:02 Y:01 S:F0 P:nvUbdIZc                $87C0: 20 56 85  JSR $8556
A:00 X:02 Y:01 S:EE P:nvUbdIZc                  $8556: 8A        TXA
A:02 X:02 Y:01 S:EE P:nvUbdIzc                  $8557: 0A        ASL
A:04 X:02 Y:01 S:EE P:nvUbdIzc                  $8558: A8        TAY
A:04 X:02 Y:04 S:EE P:nvUbdIzc                  $8559: C8        INY
A:04 X:02 Y:05 S:EE P:nvUbdIzc                  $855A: 68        PLA
A:C2 X:02 Y:05 S:EF P:NvUbdIzc                 $855B: 85 D4     STA $D4 = #$A6
A:C2 X:02 Y:05 S:EF P:NvUbdIzc                 $855D: 68        PLA
A:87 X:02 Y:05 S:F0 P:NvUbdIzc                $855E: 85 D5     STA $D5 = #$9C
A:87 X:02 Y:05 S:F0 P:NvUbdIzc                $8560: B1 D4     LDA ($D4),Y @ $87C7 = #$EB
A:EB X:02 Y:05 S:F0 P:NvUbdIzc                $8562: AA        TAX
A:EB X:EB Y:05 S:F0 P:NvUbdIzc                $8563: C8        INY
A:EB X:EB Y:06 S:F0 P:nvUbdIzc                $8564: B1 D4     LDA ($D4),Y @ $87C8 = #$87
A:87 X:EB Y:06 S:F0 P:NvUbdIzc                $8566: 85 D5     STA $D5 = #$87
A:87 X:EB Y:06 S:F0 P:NvUbdIzc                $8568: 86 D4     STX $D4 = #$C2
A:87 X:EB Y:06 S:F0 P:NvUbdIzc                $856A: 6C D4 00  JMP ($00D4) = $87EB
A:87 X:EB Y:06 S:F0 P:NvUbdIzc                $87EB: 20 35 89  JSR $8935
A:87 X:EB Y:06 S:EE P:NvUbdIzc                  $8935: A0 00     LDY #$00
A:87 X:EB Y:00 S:EE P:nvUbdIZc                  $8937: B1 CC     LDA ($CC),Y @ $079F = #$A7
A:A7 X:EB Y:00 S:EE P:NvUbdIzc                  $8939: 85 D4     STA $D4 = #$EB
A:A7 X:EB Y:00 S:EE P:NvUbdIzc                  $893B: C8        INY
A:A7 X:EB Y:01 S:EE P:nvUbdIzc                  $893C: B1 CC     LDA ($CC),Y @ $07A0 = #$9C
A:9C X:EB Y:01 S:EE P:NvUbdIzc                  $893E: 85 D5     STA $D5 = #$87
A:9C X:EB Y:01 S:EE P:NvUbdIzc                  $8940: 88        DEY
A:9C X:EB Y:00 S:EE P:nvUbdIZc                  $8941: B1 D4     LDA ($D4),Y @ $9CA7 = #$80
A:80 X:EB Y:00 S:EE P:NvUbdIzc                  $8943: AA        TAX
A:80 X:80 Y:00 S:EE P:NvUbdIzc                  $8944: A9 01     LDA #$01
A:01 X:80 Y:00 S:EE P:nvUbdIzc                  $8946: 18        CLC
A:01 X:80 Y:00 S:EE P:nvUbdIzc                  $8947: 65 D4     ADC $D4 = #$A7
A:A8 X:80 Y:00 S:EE P:NvUbdIzc                  $8949: 91 CC     STA ($CC),Y @ $079F = #$A7
A:A8 X:80 Y:00 S:EE P:NvUbdIzc                  $894B: A9 00     LDA #$00
A:00 X:80 Y:00 S:EE P:nvUbdIZc                  $894D: 65 D5     ADC $D5 = #$9C
A:9C X:80 Y:00 S:EE P:NvUbdIzc                  $894F: C8        INY
A:9C X:80 Y:01 S:EE P:nvUbdIzc                  $8950: 91 CC     STA ($CC),Y @ $07A0 = #$9C
A:9C X:80 Y:01 S:EE P:nvUbdIzc                  $8952: 8A        TXA
A:80 X:80 Y:01 S:EE P:NvUbdIzc                  $8953: 60        RTS (from $8935) ----------------------------
A:80 X:80 Y:01 S:F0 P:NvUbdIzc                $87EE: 85 D4     STA $D4 = #$A7
A:80 X:80 Y:01 S:F0 P:NvUbdIzc                $87F0: A0 0C     LDY #$0C
A:80 X:80 Y:0C S:F0 P:nvUbdIzc                $87F2: B1 CC     LDA ($CC),Y @ $07AB = #$3A
A:3A X:80 Y:0C S:F0 P:nvUbdIzc                $87F4: 29 3F     AND #$3F
A:3A X:80 Y:0C S:F0 P:nvUbdIzc                $87F6: 05 D4     ORA $D4 = #$80
A:BA X:80 Y:0C S:F0 P:NvUbdIzc                $87F8: 4C 0E 88  JMP $880E
A:BA X:80 Y:0C S:F0 P:NvUbdIzc                $880E: A0 0C     LDY #$0C
A:BA X:80 Y:0C S:F0 P:nvUbdIzc                $8810: 91 CC     STA ($CC),Y @ $07AB = #$3A
A:BA X:80 Y:0C S:F0 P:nvUbdIzc                $8812: 4C 06 87  JMP $8706
A:BA X:80 Y:0C S:F0 P:nvUbdIzc                $8706: 20 35 89  JSR $8935
A:BA X:80 Y:0C S:EE P:nvUbdIzc                  $8935: A0 00     LDY #$00
A:BA X:80 Y:00 S:EE P:nvUbdIZc                  $8937: B1 CC     LDA ($CC),Y @ $079F = #$A8
A:A8 X:80 Y:00 S:EE P:NvUbdIzc                  $8939: 85 D4     STA $D4 = #$80
A:A8 X:80 Y:00 S:EE P:NvUbdIzc                  $893B: C8        INY
A:A8 X:80 Y:01 S:EE P:nvUbdIzc                  $893C: B1 CC     LDA ($CC),Y @ $07A0 = #$9C
A:9C X:80 Y:01 S:EE P:NvUbdIzc                  $893E: 85 D5     STA $D5 = #$9C
A:9C X:80 Y:01 S:EE P:NvUbdIzc                  $8940: 88        DEY
A:9C X:80 Y:00 S:EE P:nvUbdIZc                  $8941: B1 D4     LDA ($D4),Y @ $9CA8 = #$07
A:07 X:80 Y:00 S:EE P:nvUbdIzc                  $8943: AA        TAX
A:07 X:07 Y:00 S:EE P:nvUbdIzc                  $8944: A9 01     LDA #$01
A:01 X:07 Y:00 S:EE P:nvUbdIzc                  $8946: 18        CLC
A:01 X:07 Y:00 S:EE P:nvUbdIzc                  $8947: 65 D4     ADC $D4 = #$A8
A:A9 X:07 Y:00 S:EE P:NvUbdIzc                  $8949: 91 CC     STA ($CC),Y @ $079F = #$A8
A:A9 X:07 Y:00 S:EE P:NvUbdIzc                  $894B: A9 00     LDA #$00
A:00 X:07 Y:00 S:EE P:nvUbdIZc                  $894D: 65 D5     ADC $D5 = #$9C
A:9C X:07 Y:00 S:EE P:NvUbdIzc                  $894F: C8        INY
A:9C X:07 Y:01 S:EE P:nvUbdIzc                  $8950: 91 CC     STA ($CC),Y @ $07A0 = #$9C
A:9C X:07 Y:01 S:EE P:nvUbdIzc                  $8952: 8A        TXA
A:07 X:07 Y:01 S:EE P:nvUbdIzc                  $8953: 60        RTS (from $8935) ----------------------------
A:07 X:07 Y:01 S:F0 P:nvUbdIzc                $8709: 29 F0     AND #$F0
A:00 X:07 Y:01 S:F0 P:nvUbdIZc                $870B: D0 03     BNE $8710
A:00 X:07 Y:01 S:F0 P:nvUbdIZc                $870D: 4C C0 87  JMP $87C0
A:00 X:07 Y:01 S:F0 P:nvUbdIZc                $87C0: 20 56 85  JSR $8556
A:00 X:07 Y:01 S:EE P:nvUbdIZc                  $8556: 8A        TXA
A:07 X:07 Y:01 S:EE P:nvUbdIzc                  $8557: 0A        ASL
A:0E X:07 Y:01 S:EE P:nvUbdIzc                  $8558: A8        TAY
A:0E X:07 Y:0E S:EE P:nvUbdIzc                  $8559: C8        INY
A:0E X:07 Y:0F S:EE P:nvUbdIzc                  $855A: 68        PLA
A:C2 X:07 Y:0F S:EF P:NvUbdIzc                 $855B: 85 D4     STA $D4 = #$A8
A:C2 X:07 Y:0F S:EF P:NvUbdIzc                 $855D: 68        PLA
A:87 X:07 Y:0F S:F0 P:NvUbdIzc                $855E: 85 D5     STA $D5 = #$9C
A:87 X:07 Y:0F S:F0 P:NvUbdIzc                $8560: B1 D4     LDA ($D4),Y @ $87D1 = #$8D
A:8D X:07 Y:0F S:F0 P:NvUbdIzc                $8562: AA        TAX
A:8D X:8D Y:0F S:F0 P:NvUbdIzc                $8563: C8        INY
A:8D X:8D Y:10 S:F0 P:nvUbdIzc                $8564: B1 D4     LDA ($D4),Y @ $87D2 = #$88
A:88 X:8D Y:10 S:F0 P:NvUbdIzc                $8566: 85 D5     STA $D5 = #$87
A:88 X:8D Y:10 S:F0 P:NvUbdIzc                $8568: 86 D4     STX $D4 = #$C2
A:88 X:8D Y:10 S:F0 P:NvUbdIzc                $856A: 6C D4 00  JMP ($00D4) = $888D
A:88 X:8D Y:10 S:F0 P:NvUbdIzc                $888D: 20 35 89  JSR $8935
A:88 X:8D Y:10 S:EE P:NvUbdIzc                  $8935: A0 00     LDY #$00
A:88 X:8D Y:00 S:EE P:nvUbdIZc                  $8937: B1 CC     LDA ($CC),Y @ $079F = #$A9
A:A9 X:8D Y:00 S:EE P:NvUbdIzc                  $8939: 85 D4     STA $D4 = #$8D
A:A9 X:8D Y:00 S:EE P:NvUbdIzc                  $893B: C8        INY
A:A9 X:8D Y:01 S:EE P:nvUbdIzc                  $893C: B1 CC     LDA ($CC),Y @ $07A0 = #$9C
A:9C X:8D Y:01 S:EE P:NvUbdIzc                  $893E: 85 D5     STA $D5 = #$88
A:9C X:8D Y:01 S:EE P:NvUbdIzc                  $8940: 88        DEY
A:9C X:8D Y:00 S:EE P:nvUbdIZc                  $8941: B1 D4     LDA ($D4),Y @ $9CA9 = #$FF
A:FF X:8D Y:00 S:EE P:NvUbdIzc                  $8943: AA        TAX
A:FF X:FF Y:00 S:EE P:NvUbdIzc                  $8944: A9 01     LDA #$01
A:01 X:FF Y:00 S:EE P:nvUbdIzc                  $8946: 18        CLC
A:01 X:FF Y:00 S:EE P:nvUbdIzc                  $8947: 65 D4     ADC $D4 = #$A9
A:AA X:FF Y:00 S:EE P:NvUbdIzc                  $8949: 91 CC     STA ($CC),Y @ $079F = #$A9
A:AA X:FF Y:00 S:EE P:NvUbdIzc                  $894B: A9 00     LDA #$00
A:00 X:FF Y:00 S:EE P:nvUbdIZc                  $894D: 65 D5     ADC $D5 = #$9C
A:9C X:FF Y:00 S:EE P:NvUbdIzc                  $894F: C8        INY
A:9C X:FF Y:01 S:EE P:nvUbdIzc                  $8950: 91 CC     STA ($CC),Y @ $07A0 = #$9C
A:9C X:FF Y:01 S:EE P:nvUbdIzc                  $8952: 8A        TXA
A:FF X:FF Y:01 S:EE P:NvUbdIzc                  $8953: 60        RTS (from $8935) ----------------------------
A:FF X:FF Y:01 S:F0 P:NvUbdIzc                $8890: A0 0D     LDY #$0D
A:FF X:FF Y:0D S:F0 P:nvUbdIzc                $8892: 91 CC     STA ($CC),Y @ $07AC = #$00
A:FF X:FF Y:0D S:F0 P:nvUbdIzc                $8894: 48        PHA
A:FF X:FF Y:0D S:EF P:nvUbdIzc                 $8895: 20 35 89  JSR $8935
A:FF X:FF Y:0D S:ED P:nvUbdIzc                   $8935: A0 00     LDY #$00
A:FF X:FF Y:00 S:ED P:nvUbdIZc                   $8937: B1 CC     LDA ($CC),Y @ $079F = #$AA
A:AA X:FF Y:00 S:ED P:NvUbdIzc                   $8939: 85 D4     STA $D4 = #$A9
A:AA X:FF Y:00 S:ED P:NvUbdIzc                   $893B: C8        INY
A:AA X:FF Y:01 S:ED P:nvUbdIzc                   $893C: B1 CC     LDA ($CC),Y @ $07A0 = #$9C
A:9C X:FF Y:01 S:ED P:NvUbdIzc                   $893E: 85 D5     STA $D5 = #$9C
A:9C X:FF Y:01 S:ED P:NvUbdIzc                   $8940: 88        DEY
A:9C X:FF Y:00 S:ED P:nvUbdIZc                   $8941: B1 D4     LDA ($D4),Y @ $9CAA = #$F0
A:F0 X:FF Y:00 S:ED P:NvUbdIzc                   $8943: AA        TAX
A:F0 X:F0 Y:00 S:ED P:NvUbdIzc                   $8944: A9 01     LDA #$01
A:01 X:F0 Y:00 S:ED P:nvUbdIzc                   $8946: 18        CLC
A:01 X:F0 Y:00 S:ED P:nvUbdIzc                   $8947: 65 D4     ADC $D4 = #$AA
A:AB X:F0 Y:00 S:ED P:NvUbdIzc                   $8949: 91 CC     STA ($CC),Y @ $079F = #$AA
A:AB X:F0 Y:00 S:ED P:NvUbdIzc                   $894B: A9 00     LDA #$00
A:00 X:F0 Y:00 S:ED P:nvUbdIZc                   $894D: 65 D5     ADC $D5 = #$9C
A:9C X:F0 Y:00 S:ED P:NvUbdIzc                   $894F: C8        INY
A:9C X:F0 Y:01 S:ED P:nvUbdIzc                   $8950: 91 CC     STA ($CC),Y @ $07A0 = #$9C
A:9C X:F0 Y:01 S:ED P:nvUbdIzc                   $8952: 8A        TXA
A:F0 X:F0 Y:01 S:ED P:NvUbdIzc                   $8953: 60        RTS (from $8935) ----------------------------
A:F0 X:F0 Y:01 S:EF P:NvUbdIzc                 $8898: A0 0F     LDY #$0F
A:F0 X:F0 Y:0F S:EF P:nvUbdIzc                 $889A: 91 CC     STA ($CC),Y @ $07AE = #$00
A:F0 X:F0 Y:0F S:EF P:nvUbdIzc                 $889C: 68        PLA
A:FF X:F0 Y:0F S:F0 P:NvUbdIzc                $889D: 85 D4     STA $D4 = #$AA
A:FF X:F0 Y:0F S:F0 P:NvUbdIzc                $889F: 29 7F     AND #$7F
A:7F X:F0 Y:0F S:F0 P:nvUbdIzc                $88A1: F0 03     BEQ $88A6
A:7F X:F0 Y:0F S:F0 P:nvUbdIzc                $88A3: 20 A9 88  JSR $88A9
A:7F X:F0 Y:0F S:EE P:nvUbdIzc                  $88A9: A9 00     LDA #$00
A:00 X:F0 Y:0F S:EE P:nvUbdIZc                  $88AB: A0 0E     LDY #$0E
A:00 X:F0 Y:0E S:EE P:nvUbdIzc                  $88AD: 91 CC     STA ($CC),Y @ $07AD = #$01
A:00 X:F0 Y:0E S:EE P:nvUbdIzc                  $88AF: A5 D4     LDA $D4 = #$FF
A:FF X:F0 Y:0E S:EE P:NvUbdIzc                  $88B1: 10 05     BPL $88B8
A:FF X:F0 Y:0E S:EE P:NvUbdIzc                  $88B3: A9 0F     LDA #$0F
A:0F X:F0 Y:0E S:EE P:nvUbdIzc                  $88B5: 4C BA 88  JMP $88BA
A:0F X:F0 Y:0E S:EE P:nvUbdIzc                  $88BA: 85 D4     STA $D4 = #$FF
A:0F X:F0 Y:0E S:EE P:nvUbdIzc                  $88BC: A0 0F     LDY #$0F
A:0F X:F0 Y:0F S:EE P:nvUbdIzc                  $88BE: B1 CC     LDA ($CC),Y @ $07AE = #$F0
A:F0 X:F0 Y:0F S:EE P:NvUbdIzc                  $88C0: 29 F0     AND #$F0
A:F0 X:F0 Y:0F S:EE P:NvUbdIzc                  $88C2: 05 D4     ORA $D4 = #$0F
A:FF X:F0 Y:0F S:EE P:NvUbdIzc                  $88C4: 91 CC     STA ($CC),Y @ $07AE = #$F0
A:FF X:F0 Y:0F S:EE P:NvUbdIzc                  $88C6: 60        RTS (from $88A9) ----------------------------
A:FF X:F0 Y:0F S:F0 P:NvUbdIzc                $88A6: 4C 06 87  JMP $8706
A:FF X:F0 Y:0F S:F0 P:NvUbdIzc                $8706: 20 35 89  JSR $8935
A:FF X:F0 Y:0F S:EE P:NvUbdIzc                  $8935: A0 00     LDY #$00
A:FF X:F0 Y:00 S:EE P:nvUbdIZc                  $8937: B1 CC     LDA ($CC),Y @ $079F = #$AB
A:AB X:F0 Y:00 S:EE P:NvUbdIzc                  $8939: 85 D4     STA $D4 = #$0F
A:AB X:F0 Y:00 S:EE P:NvUbdIzc                  $893B: C8        INY
A:AB X:F0 Y:01 S:EE P:nvUbdIzc                  $893C: B1 CC     LDA ($CC),Y @ $07A0 = #$9C
A:9C X:F0 Y:01 S:EE P:NvUbdIzc                  $893E: 85 D5     STA $D5 = #$9C
A:9C X:F0 Y:01 S:EE P:NvUbdIzc                  $8940: 88        DEY
A:9C X:F0 Y:00 S:EE P:nvUbdIZc                  $8941: B1 D4     LDA ($D4),Y @ $9CAB = #$08
A:08 X:F0 Y:00 S:EE P:nvUbdIzc                  $8943: AA        TAX
A:08 X:08 Y:00 S:EE P:nvUbdIzc                  $8944: A9 01     LDA #$01
A:01 X:08 Y:00 S:EE P:nvUbdIzc                  $8946: 18        CLC
A:01 X:08 Y:00 S:EE P:nvUbdIzc                  $8947: 65 D4     ADC $D4 = #$AB
A:AC X:08 Y:00 S:EE P:NvUbdIzc                  $8949: 91 CC     STA ($CC),Y @ $079F = #$AB
A:AC X:08 Y:00 S:EE P:NvUbdIzc                  $894B: A9 00     LDA #$00
A:00 X:08 Y:00 S:EE P:nvUbdIZc                  $894D: 65 D5     ADC $D5 = #$9C
A:9C X:08 Y:00 S:EE P:NvUbdIzc                  $894F: C8        INY
A:9C X:08 Y:01 S:EE P:nvUbdIzc                  $8950: 91 CC     STA ($CC),Y @ $07A0 = #$9C
A:9C X:08 Y:01 S:EE P:nvUbdIzc                  $8952: 8A        TXA
A:08 X:08 Y:01 S:EE P:nvUbdIzc                  $8953: 60        RTS (from $8935) ----------------------------
A:08 X:08 Y:01 S:F0 P:nvUbdIzc                $8709: 29 F0     AND #$F0
A:00 X:08 Y:01 S:F0 P:nvUbdIZc                $870B: D0 03     BNE $8710
A:00 X:08 Y:01 S:F0 P:nvUbdIZc                $870D: 4C C0 87  JMP $87C0
A:00 X:08 Y:01 S:F0 P:nvUbdIZc                $87C0: 20 56 85  JSR $8556
A:00 X:08 Y:01 S:EE P:nvUbdIZc                  $8556: 8A        TXA
A:08 X:08 Y:01 S:EE P:nvUbdIzc                  $8557: 0A        ASL
A:10 X:08 Y:01 S:EE P:nvUbdIzc                  $8558: A8        TAY
A:10 X:08 Y:10 S:EE P:nvUbdIzc                  $8559: C8        INY
A:10 X:08 Y:11 S:EE P:nvUbdIzc                  $855A: 68        PLA
A:C2 X:08 Y:11 S:EF P:NvUbdIzc                 $855B: 85 D4     STA $D4 = #$AB
A:C2 X:08 Y:11 S:EF P:NvUbdIzc                 $855D: 68        PLA
A:87 X:08 Y:11 S:F0 P:NvUbdIzc                $855E: 85 D5     STA $D5 = #$9C
A:87 X:08 Y:11 S:F0 P:NvUbdIzc                $8560: B1 D4     LDA ($D4),Y @ $87D3 = #$C7
A:C7 X:08 Y:11 S:F0 P:NvUbdIzc                $8562: AA        TAX
A:C7 X:C7 Y:11 S:F0 P:NvUbdIzc                $8563: C8        INY
A:C7 X:C7 Y:12 S:F0 P:nvUbdIzc                $8564: B1 D4     LDA ($D4),Y @ $87D4 = #$88
A:88 X:C7 Y:12 S:F0 P:NvUbdIzc                $8566: 85 D5     STA $D5 = #$87
A:88 X:C7 Y:12 S:F0 P:NvUbdIzc                $8568: 86 D4     STX $D4 = #$C2
A:88 X:C7 Y:12 S:F0 P:NvUbdIzc                $856A: 6C D4 00  JMP ($00D4) = $88C7
A:88 X:C7 Y:12 S:F0 P:NvUbdIzc                $88C7: 20 35 89  JSR $8935
A:88 X:C7 Y:12 S:EE P:NvUbdIzc                  $8935: A0 00     LDY #$00
A:88 X:C7 Y:00 S:EE P:nvUbdIZc                  $8937: B1 CC     LDA ($CC),Y @ $079F = #$AC
A:AC X:C7 Y:00 S:EE P:NvUbdIzc                  $8939: 85 D4     STA $D4 = #$C7
A:AC X:C7 Y:00 S:EE P:NvUbdIzc                  $893B: C8        INY
A:AC X:C7 Y:01 S:EE P:nvUbdIzc                  $893C: B1 CC     LDA ($CC),Y @ $07A0 = #$9C
A:9C X:C7 Y:01 S:EE P:NvUbdIzc                  $893E: 85 D5     STA $D5 = #$88
A:9C X:C7 Y:01 S:EE P:NvUbdIzc                  $8940: 88        DEY
A:9C X:C7 Y:00 S:EE P:nvUbdIZc                  $8941: B1 D4     LDA ($D4),Y @ $9CAC = #$00
A:00 X:C7 Y:00 S:EE P:nvUbdIZc                  $8943: AA        TAX
A:00 X:00 Y:00 S:EE P:nvUbdIZc                  $8944: A9 01     LDA #$01
A:01 X:00 Y:00 S:EE P:nvUbdIzc                  $8946: 18        CLC
A:01 X:00 Y:00 S:EE P:nvUbdIzc                  $8947: 65 D4     ADC $D4 = #$AC
A:AD X:00 Y:00 S:EE P:NvUbdIzc                  $8949: 91 CC     STA ($CC),Y @ $079F = #$AC
A:AD X:00 Y:00 S:EE P:NvUbdIzc                  $894B: A9 00     LDA #$00
A:00 X:00 Y:00 S:EE P:nvUbdIZc                  $894D: 65 D5     ADC $D5 = #$9C
A:9C X:00 Y:00 S:EE P:NvUbdIzc                  $894F: C8        INY
A:9C X:00 Y:01 S:EE P:nvUbdIzc                  $8950: 91 CC     STA ($CC),Y @ $07A0 = #$9C
A:9C X:00 Y:01 S:EE P:nvUbdIzc                  $8952: 8A        TXA
A:00 X:00 Y:01 S:EE P:nvUbdIZc                  $8953: 60        RTS (from $8935) ----------------------------
A:00 X:00 Y:01 S:F0 P:nvUbdIZc                $88CA: 85 D4     STA $D4 = #$AC
A:00 X:00 Y:01 S:F0 P:nvUbdIZc                $88CC: A0 06     LDY #$06
A:00 X:00 Y:06 S:F0 P:nvUbdIzc                $88CE: B1 CC     LDA ($CC),Y @ $07A5 = #$00
A:00 X:00 Y:06 S:F0 P:nvUbdIZc                $88D0: 29 E0     AND #$E0
A:00 X:00 Y:06 S:F0 P:nvUbdIZc                $88D2: 05 D4     ORA $D4 = #$00
A:00 X:00 Y:06 S:F0 P:nvUbdIZc                $88D4: 91 CC     STA ($CC),Y @ $07A5 = #$00
A:00 X:00 Y:06 S:F0 P:nvUbdIZc                $88D6: A5 CF     LDA $CF = #$00
A:00 X:00 Y:06 S:F0 P:nvUbdIZc                $88D8: 4A        LSR
A:00 X:00 Y:06 S:F0 P:nvUbdIZc                $88D9: B0 03     BCS $88DE
A:00 X:00 Y:06 S:F0 P:nvUbdIZc                $88DB: 20 E1 88  JSR $88E1
A:00 X:00 Y:06 S:EE P:nvUbdIZc                  $88E1: 8A        TXA
A:00 X:00 Y:06 S:EE P:nvUbdIZc                  $88E2: F0 08     BEQ $88EC
A:00 X:00 Y:06 S:EE P:nvUbdIZc                  $88EC: 18        CLC
A:00 X:00 Y:06 S:EE P:nvUbdIZc                  $88ED: 6D FC 07  ADC $07FC = #$05
A:05 X:00 Y:06 S:EE P:nvUbdIzc                  $88F0: 85 D4     STA $D4 = #$00
A:05 X:00 Y:06 S:EE P:nvUbdIzc                  $88F2: A9 00     LDA #$00
A:00 X:00 Y:06 S:EE P:nvUbdIZc                  $88F4: 6D FD 07  ADC $07FD = #$9D
A:9D X:00 Y:06 S:EE P:NvUbdIzc                  $88F7: 85 D5     STA $D5 = #$9C
A:9D X:00 Y:06 S:EE P:NvUbdIzc                  $88F9: A2 00     LDX #$00
A:9D X:00 Y:06 S:EE P:nvUbdIZc                  $88FB: A0 14     LDY #$14
A:9D X:00 Y:14 S:EE P:nvUbdIzc                  $88FD: A1 D4     LDA ($D4,X) @ $9D05 = #$05
A:05 X:00 Y:14 S:EE P:nvUbdIzc                  $88FF: 91 CC     STA ($CC),Y @ $07B3 = #$00
A:05 X:00 Y:14 S:EE P:nvUbdIzc                  $8901: C8        INY
A:05 X:00 Y:15 S:EE P:nvUbdIzc                  $8902: C0 18     CPY #$18
A:05 X:00 Y:15 S:EE P:NvUbdIzc                  $8904: D0 01     BNE $8907
A:05 X:00 Y:15 S:EE P:NvUbdIzc                  $8907: A9 01     LDA #$01
A:01 X:00 Y:15 S:EE P:nvUbdIzc                  $8909: 18        CLC
A:01 X:00 Y:15 S:EE P:nvUbdIzc                  $890A: 65 D4     ADC $D4 = #$05
A:06 X:00 Y:15 S:EE P:nvUbdIzc                  $890C: 85 D4     STA $D4 = #$05
A:06 X:00 Y:15 S:EE P:nvUbdIzc                  $890E: A9 00     LDA #$00
A:00 X:00 Y:15 S:EE P:nvUbdIZc                  $8910: 65 D5     ADC $D5 = #$9D
A:9D X:00 Y:15 S:EE P:NvUbdIzc                  $8912: 85 D5     STA $D5 = #$9D
A:9D X:00 Y:15 S:EE P:NvUbdIzc                  $8914: 4C FD 88  JMP $88FD
A:9D X:00 Y:15 S:EE P:NvUbdIzc                  $88FD: A1 D4     LDA ($D4,X) @ $9D06 = #$22
A:22 X:00 Y:15 S:EE P:nvUbdIzc                  $88FF: 91 CC     STA ($CC),Y @ $07B4 = #$00
A:22 X:00 Y:15 S:EE P:nvUbdIzc                  $8901: C8        INY
A:22 X:00 Y:16 S:EE P:nvUbdIzc                  $8902: C0 18     CPY #$18
A:22 X:00 Y:16 S:EE P:NvUbdIzc                  $8904: D0 01     BNE $8907
A:22 X:00 Y:16 S:EE P:NvUbdIzc                  $8907: A9 01     LDA #$01
A:01 X:00 Y:16 S:EE P:nvUbdIzc                  $8909: 18        CLC
A:01 X:00 Y:16 S:EE P:nvUbdIzc                  $890A: 65 D4     ADC $D4 = #$06
A:07 X:00 Y:16 S:EE P:nvUbdIzc                  $890C: 85 D4     STA $D4 = #$06
A:07 X:00 Y:16 S:EE P:nvUbdIzc                  $890E: A9 00     LDA #$00
A:00 X:00 Y:16 S:EE P:nvUbdIZc                  $8910: 65 D5     ADC $D5 = #$9D
A:9D X:00 Y:16 S:EE P:NvUbdIzc                  $8912: 85 D5     STA $D5 = #$9D
A:9D X:00 Y:16 S:EE P:NvUbdIzc                  $8914: 4C FD 88  JMP $88FD
A:9D X:00 Y:16 S:EE P:NvUbdIzc                  $88FD: A1 D4     LDA ($D4,X) @ $9D07 = #$80
A:80 X:00 Y:16 S:EE P:NvUbdIzc                  $88FF: 91 CC     STA ($CC),Y @ $07B5 = #$00
A:80 X:00 Y:16 S:EE P:NvUbdIzc                  $8901: C8        INY
A:80 X:00 Y:17 S:EE P:nvUbdIzc                  $8902: C0 18     CPY #$18
A:80 X:00 Y:17 S:EE P:NvUbdIzc                  $8904: D0 01     BNE $8907
A:80 X:00 Y:17 S:EE P:NvUbdIzc                  $8907: A9 01     LDA #$01
A:01 X:00 Y:17 S:EE P:nvUbdIzc                  $8909: 18        CLC
A:01 X:00 Y:17 S:EE P:nvUbdIzc                  $890A: 65 D4     ADC $D4 = #$07
A:08 X:00 Y:17 S:EE P:nvUbdIzc                  $890C: 85 D4     STA $D4 = #$07
A:08 X:00 Y:17 S:EE P:nvUbdIzc                  $890E: A9 00     LDA #$00
A:00 X:00 Y:17 S:EE P:nvUbdIZc                  $8910: 65 D5     ADC $D5 = #$9D
A:9D X:00 Y:17 S:EE P:NvUbdIzc                  $8912: 85 D5     STA $D5 = #$9D
A:9D X:00 Y:17 S:EE P:NvUbdIzc                  $8914: 4C FD 88  JMP $88FD
A:9D X:00 Y:17 S:EE P:NvUbdIzc                  $88FD: A1 D4     LDA ($D4,X) @ $9D08 = #$00
A:00 X:00 Y:17 S:EE P:nvUbdIZc                  $88FF: 91 CC     STA ($CC),Y @ $07B6 = #$00
A:00 X:00 Y:17 S:EE P:nvUbdIZc                  $8901: C8        INY
A:00 X:00 Y:18 S:EE P:nvUbdIzc                  $8902: C0 18     CPY #$18
A:00 X:00 Y:18 S:EE P:nvUbdIZC                  $8904: D0 01     BNE $8907
A:00 X:00 Y:18 S:EE P:nvUbdIZC                  $8906: 60        RTS (from $88E1) ----------------------------
A:00 X:00 Y:18 S:F0 P:nvUbdIZC                $88DE: 4C 06 87  JMP $8706
A:00 X:00 Y:18 S:F0 P:nvUbdIZC                $8706: 20 35 89  JSR $8935
A:00 X:00 Y:18 S:EE P:nvUbdIZC                  $8935: A0 00     LDY #$00
A:00 X:00 Y:00 S:EE P:nvUbdIZC                  $8937: B1 CC     LDA ($CC),Y @ $079F = #$AD
A:AD X:00 Y:00 S:EE P:NvUbdIzC                  $8939: 85 D4     STA $D4 = #$08
A:AD X:00 Y:00 S:EE P:NvUbdIzC                  $893B: C8        INY
A:AD X:00 Y:01 S:EE P:nvUbdIzC                  $893C: B1 CC     LDA ($CC),Y @ $07A0 = #$9C
A:9C X:00 Y:01 S:EE P:NvUbdIzC                  $893E: 85 D5     STA $D5 = #$9D
A:9C X:00 Y:01 S:EE P:NvUbdIzC                  $8940: 88        DEY
A:9C X:00 Y:00 S:EE P:nvUbdIZC                  $8941: B1 D4     LDA ($D4),Y @ $9CAD = #$05
A:05 X:00 Y:00 S:EE P:nvUbdIzC                  $8943: AA        TAX
A:05 X:05 Y:00 S:EE P:nvUbdIzC                  $8944: A9 01     LDA #$01
A:01 X:05 Y:00 S:EE P:nvUbdIzC                  $8946: 18        CLC
A:01 X:05 Y:00 S:EE P:nvUbdIzc                  $8947: 65 D4     ADC $D4 = #$AD
A:AE X:05 Y:00 S:EE P:NvUbdIzc                  $8949: 91 CC     STA ($CC),Y @ $079F = #$AD
A:AE X:05 Y:00 S:EE P:NvUbdIzc                  $894B: A9 00     LDA #$00
A:00 X:05 Y:00 S:EE P:nvUbdIZc                  $894D: 65 D5     ADC $D5 = #$9C
A:9C X:05 Y:00 S:EE P:NvUbdIzc                  $894F: C8        INY
A:9C X:05 Y:01 S:EE P:nvUbdIzc                  $8950: 91 CC     STA ($CC),Y @ $07A0 = #$9C
A:9C X:05 Y:01 S:EE P:nvUbdIzc                  $8952: 8A        TXA
A:05 X:05 Y:01 S:EE P:nvUbdIzc                  $8953: 60        RTS (from $8935) ----------------------------
A:05 X:05 Y:01 S:F0 P:nvUbdIzc                $8709: 29 F0     AND #$F0
A:00 X:05 Y:01 S:F0 P:nvUbdIZc                $870B: D0 03     BNE $8710
A:00 X:05 Y:01 S:F0 P:nvUbdIZc                $870D: 4C C0 87  JMP $87C0
A:00 X:05 Y:01 S:F0 P:nvUbdIZc                $87C0: 20 56 85  JSR $8556
A:00 X:05 Y:01 S:EE P:nvUbdIZc                  $8556: 8A        TXA
A:05 X:05 Y:01 S:EE P:nvUbdIzc                  $8557: 0A        ASL
A:0A X:05 Y:01 S:EE P:nvUbdIzc                  $8558: A8        TAY
A:0A X:05 Y:0A S:EE P:nvUbdIzc                  $8559: C8        INY
A:0A X:05 Y:0B S:EE P:nvUbdIzc                  $855A: 68        PLA
A:C2 X:05 Y:0B S:EF P:NvUbdIzc                 $855B: 85 D4     STA $D4 = #$AD
A:C2 X:05 Y:0B S:EF P:NvUbdIzc                 $855D: 68        PLA
A:87 X:05 Y:0B S:F0 P:NvUbdIzc                $855E: 85 D5     STA $D5 = #$9C
A:87 X:05 Y:0B S:F0 P:NvUbdIzc                $8560: B1 D4     LDA ($D4),Y @ $87CD = #$5D
A:5D X:05 Y:0B S:F0 P:nvUbdIzc                $8562: AA        TAX
A:5D X:5D Y:0B S:F0 P:nvUbdIzc                $8563: C8        INY
A:5D X:5D Y:0C S:F0 P:nvUbdIzc                $8564: B1 D4     LDA ($D4),Y @ $87CE = #$88
A:88 X:5D Y:0C S:F0 P:NvUbdIzc                $8566: 85 D5     STA $D5 = #$87
A:88 X:5D Y:0C S:F0 P:NvUbdIzc                $8568: 86 D4     STX $D4 = #$C2
A:88 X:5D Y:0C S:F0 P:NvUbdIzc                $856A: 6C D4 00  JMP ($00D4) = $885D
A:88 X:5D Y:0C S:F0 P:NvUbdIzc                $885D: 20 35 89  JSR $8935
A:88 X:5D Y:0C S:EE P:NvUbdIzc                  $8935: A0 00     LDY #$00
A:88 X:5D Y:00 S:EE P:nvUbdIZc                  $8937: B1 CC     LDA ($CC),Y @ $079F = #$AE
A:AE X:5D Y:00 S:EE P:NvUbdIzc                  $8939: 85 D4     STA $D4 = #$5D
A:AE X:5D Y:00 S:EE P:NvUbdIzc                  $893B: C8        INY
A:AE X:5D Y:01 S:EE P:nvUbdIzc                  $893C: B1 CC     LDA ($CC),Y @ $07A0 = #$9C
A:9C X:5D Y:01 S:EE P:NvUbdIzc                  $893E: 85 D5     STA $D5 = #$88
A:9C X:5D Y:01 S:EE P:NvUbdIzc                  $8940: 88        DEY
A:9C X:5D Y:00 S:EE P:nvUbdIZc                  $8941: B1 D4     LDA ($D4),Y @ $9CAE = #$2F
A:2F X:5D Y:00 S:EE P:nvUbdIzc                  $8943: AA        TAX
A:2F X:2F Y:00 S:EE P:nvUbdIzc                  $8944: A9 01     LDA #$01
A:01 X:2F Y:00 S:EE P:nvUbdIzc                  $8946: 18        CLC
A:01 X:2F Y:00 S:EE P:nvUbdIzc                  $8947: 65 D4     ADC $D4 = #$AE
A:AF X:2F Y:00 S:EE P:NvUbdIzc                  $8949: 91 CC     STA ($CC),Y @ $079F = #$AE
A:AF X:2F Y:00 S:EE P:NvUbdIzc                  $894B: A9 00     LDA #$00
A:00 X:2F Y:00 S:EE P:nvUbdIZc                  $894D: 65 D5     ADC $D5 = #$9C
A:9C X:2F Y:00 S:EE P:NvUbdIzc                  $894F: C8        INY
A:9C X:2F Y:01 S:EE P:nvUbdIzc                  $8950: 91 CC     STA ($CC),Y @ $07A0 = #$9C
A:9C X:2F Y:01 S:EE P:nvUbdIzc                  $8952: 8A        TXA
A:2F X:2F Y:01 S:EE P:nvUbdIzc                  $8953: 60        RTS (from $8935) ----------------------------
A:2F X:2F Y:01 S:F0 P:nvUbdIzc                $8860: A2 85     LDX #$85
A:2F X:85 Y:01 S:F0 P:NvUbdIzc                $8862: A0 89     LDY #$89
A:2F X:85 Y:89 S:F0 P:NvUbdIzc                $8864: 86 D4     STX $D4 = #$AE
A:2F X:85 Y:89 S:F0 P:NvUbdIzc                $8866: 84 D5     STY $D5 = #$9C
A:2F X:85 Y:89 S:F0 P:NvUbdIzc                $8868: 0A        ASL
A:5E X:85 Y:89 S:F0 P:nvUbdIzc                $8869: A0 07     LDY #$07
A:5E X:85 Y:07 S:F0 P:nvUbdIzc                $886B: 18        CLC
A:5E X:85 Y:07 S:F0 P:nvUbdIzc                $886C: 65 D4     ADC $D4 = #$85
A:E3 X:85 Y:07 S:F0 P:NvUbdIzc                $886E: 91 CC     STA ($CC),Y @ $07A6 = #$00
A:E3 X:85 Y:07 S:F0 P:NvUbdIzc                $8870: A9 00     LDA #$00
A:00 X:85 Y:07 S:F0 P:nvUbdIZc                $8872: 65 D5     ADC $D5 = #$89
A:89 X:85 Y:07 S:F0 P:NvUbdIzc                $8874: C8        INY
A:89 X:85 Y:08 S:F0 P:nvUbdIzc                $8875: 91 CC     STA ($CC),Y @ $07A7 = #$00
A:89 X:85 Y:08 S:F0 P:nvUbdIzc                $8877: 4C 06 87  JMP $8706
A:89 X:85 Y:08 S:F0 P:nvUbdIzc                $8706: 20 35 89  JSR $8935
A:89 X:85 Y:08 S:EE P:nvUbdIzc                  $8935: A0 00     LDY #$00
A:89 X:85 Y:00 S:EE P:nvUbdIZc                  $8937: B1 CC     LDA ($CC),Y @ $079F = #$AF
A:AF X:85 Y:00 S:EE P:NvUbdIzc                  $8939: 85 D4     STA $D4 = #$85
A:AF X:85 Y:00 S:EE P:NvUbdIzc                  $893B: C8        INY
A:AF X:85 Y:01 S:EE P:nvUbdIzc                  $893C: B1 CC     LDA ($CC),Y @ $07A0 = #$9C
A:9C X:85 Y:01 S:EE P:NvUbdIzc                  $893E: 85 D5     STA $D5 = #$89
A:9C X:85 Y:01 S:EE P:NvUbdIzc                  $8940: 88        DEY
A:9C X:85 Y:00 S:EE P:nvUbdIZc                  $8941: B1 D4     LDA ($D4),Y @ $9CAF = #$AF
A:AF X:85 Y:00 S:EE P:NvUbdIzc                  $8943: AA        TAX
A:AF X:AF Y:00 S:EE P:NvUbdIzc                  $8944: A9 01     LDA #$01
A:01 X:AF Y:00 S:EE P:nvUbdIzc                  $8946: 18        CLC
A:01 X:AF Y:00 S:EE P:nvUbdIzc                  $8947: 65 D4     ADC $D4 = #$AF
A:B0 X:AF Y:00 S:EE P:NvUbdIzc                  $8949: 91 CC     STA ($CC),Y @ $079F = #$AF
A:B0 X:AF Y:00 S:EE P:NvUbdIzc                  $894B: A9 00     LDA #$00
A:00 X:AF Y:00 S:EE P:nvUbdIZc                  $894D: 65 D5     ADC $D5 = #$9C
A:9C X:AF Y:00 S:EE P:NvUbdIzc                  $894F: C8        INY
A:9C X:AF Y:01 S:EE P:nvUbdIzc                  $8950: 91 CC     STA ($CC),Y @ $07A0 = #$9C
A:9C X:AF Y:01 S:EE P:nvUbdIzc                  $8952: 8A        TXA
A:AF X:AF Y:01 S:EE P:NvUbdIzc                  $8953: 60        RTS (from $8935) ----------------------------
A:AF X:AF Y:01 S:F0 P:NvUbdIzc                $8709: 29 F0     AND #$F0
A:A0 X:AF Y:01 S:F0 P:NvUbdIzc                $870B: D0 03     BNE $8710
A:A0 X:AF Y:01 S:F0 P:NvUbdIzc                $8710: C9 20     CMP #$20
A:A0 X:AF Y:01 S:F0 P:NvUbdIzC                $8712: D0 0B     BNE $871F
A:A0 X:AF Y:01 S:F0 P:NvUbdIzC                $871F: C9 30     CMP #$30
A:A0 X:AF Y:01 S:F0 P:nvUbdIzC                $8721: D0 03     BNE $8726
A:A0 X:AF Y:01 S:F0 P:nvUbdIzC                $8726: 8A        TXA
A:AF X:AF Y:01 S:F0 P:NvUbdIzC                $8727: 2A        ROL
A:5F X:AF Y:01 S:F0 P:nvUbdIzC                $8728: 2A        ROL
A:BF X:AF Y:01 S:F0 P:NvUbdIzc                $8729: 2A        ROL
A:7E X:AF Y:01 S:F0 P:nvUbdIzC                $872A: 2A        ROL
A:FD X:AF Y:01 S:F0 P:NvUbdIzc                $872B: 29 07     AND #$07
A:05 X:AF Y:01 S:F0 P:nvUbdIzc                $872D: A8        TAY
A:05 X:AF Y:05 S:F0 P:nvUbdIzc                $872E: B9 75 89  LDA $8975,Y @ $897A = #$10
A:10 X:AF Y:05 S:F0 P:nvUbdIzc                $8731: 20 54 89  JSR $8954
A:10 X:AF Y:05 S:EE P:nvUbdIzc                  $8954: 85 D4     STA $D4 = #$AF
A:10 X:AF Y:05 S:EE P:nvUbdIzc                  $8956: A9 00     LDA #$00
A:00 X:AF Y:05 S:EE P:nvUbdIZc                  $8958: 85 D5     STA $D5 = #$9C
A:00 X:AF Y:05 S:EE P:nvUbdIZc                  $895A: A0 04     LDY #$04
A:00 X:AF Y:04 S:EE P:nvUbdIzc                  $895C: B1 CC     LDA ($CC),Y @ $07A3 = #$03
A:03 X:AF Y:04 S:EE P:nvUbdIzc                  $895E: A8        TAY
A:03 X:AF Y:03 S:EE P:nvUbdIzc                  $895F: A9 00     LDA #$00
A:00 X:AF Y:03 S:EE P:nvUbdIZc                  $8961: 18        CLC
A:00 X:AF Y:03 S:EE P:nvUbdIZc                  $8962: 65 D4     ADC $D4 = #$10
A:10 X:AF Y:03 S:EE P:nvUbdIzc                  $8964: 90 02     BCC $8968
A:10 X:AF Y:03 S:EE P:nvUbdIzc                  $8968: 88        DEY
A:10 X:AF Y:02 S:EE P:nvUbdIzc                  $8969: D0 F6     BNE $8961
A:10 X:AF Y:02 S:EE P:nvUbdIzc                  $8961: 18        CLC
A:10 X:AF Y:02 S:EE P:nvUbdIzc                  $8962: 65 D4     ADC $D4 = #$10
A:20 X:AF Y:02 S:EE P:nvUbdIzc                  $8964: 90 02     BCC $8968
A:20 X:AF Y:02 S:EE P:nvUbdIzc                  $8968: 88        DEY
A:20 X:AF Y:01 S:EE P:nvUbdIzc                  $8969: D0 F6     BNE $8961
A:20 X:AF Y:01 S:EE P:nvUbdIzc                  $8961: 18        CLC
A:20 X:AF Y:01 S:EE P:nvUbdIzc                  $8962: 65 D4     ADC $D4 = #$10
A:30 X:AF Y:01 S:EE P:nvUbdIzc                  $8964: 90 02     BCC $8968
A:30 X:AF Y:01 S:EE P:nvUbdIzc                  $8968: 88        DEY
A:30 X:AF Y:00 S:EE P:nvUbdIZc                  $8969: D0 F6     BNE $8961
A:30 X:AF Y:00 S:EE P:nvUbdIZc                  $896B: A0 02     LDY #$02
A:30 X:AF Y:02 S:EE P:nvUbdIzc                  $896D: 91 CC     STA ($CC),Y @ $07A1 = #$00
A:30 X:AF Y:02 S:EE P:nvUbdIzc                  $896F: C8        INY
A:30 X:AF Y:03 S:EE P:nvUbdIzc                  $8970: A5 D5     LDA $D5 = #$00
A:00 X:AF Y:03 S:EE P:nvUbdIZc                  $8972: 91 CC     STA ($CC),Y @ $07A2 = #$00
A:00 X:AF Y:03 S:EE P:nvUbdIZc                  $8974: 60        RTS (from $8954) ----------------------------
A:00 X:AF Y:03 S:F0 P:nvUbdIZc                $8734: A0 06     LDY #$06
A:00 X:AF Y:06 S:F0 P:nvUbdIzc                $8736: B1 CC     LDA ($CC),Y @ $07A5 = #$00
A:00 X:AF Y:06 S:F0 P:nvUbdIZc                $8738: 29 E0     AND #$E0
A:00 X:AF Y:06 S:F0 P:nvUbdIZc                $873A: F0 16     BEQ $8752
A:00 X:AF Y:06 S:F0 P:nvUbdIZc                $8752: 8A        TXA
A:AF X:AF Y:06 S:F0 P:NvUbdIzc                $8753: 29 1F     AND #$1F
A:0F X:AF Y:06 S:F0 P:nvUbdIzc                $8755: D0 04     BNE $875B
A:0F X:AF Y:06 S:F0 P:nvUbdIzc                $875B: A0 01     LDY #$01
A:0F X:AF Y:01 S:F0 P:nvUbdIzc                $875D: C4 CE     CPY $CE = #$03
A:0F X:AF Y:01 S:F0 P:NvUbdIzc                $875F: D0 05     BNE $8766
A:0F X:AF Y:01 S:F0 P:NvUbdIzc                $8766: 0A        ASL
A:1E X:AF Y:01 S:F0 P:nvUbdIzc                $8767: A0 07     LDY #$07
A:1E X:AF Y:07 S:F0 P:nvUbdIzc                $8769: 18        CLC
A:1E X:AF Y:07 S:F0 P:nvUbdIzc                $876A: 71 CC     ADC ($CC),Y @ $07A6 = #$E3
A:01 X:AF Y:07 S:F0 P:nvUbdIzC                $876C: 85 D4     STA $D4 = #$10
A:01 X:AF Y:07 S:F0 P:nvUbdIzC                $876E: A9 00     LDA #$00
A:00 X:AF Y:07 S:F0 P:nvUbdIZC                $8770: C8        INY
A:00 X:AF Y:08 S:F0 P:nvUbdIzC                $8771: 71 CC     ADC ($CC),Y @ $07A7 = #$89
A:8A X:AF Y:08 S:F0 P:NvUbdIzc                $8773: 85 D5     STA $D5 = #$00
A:8A X:AF Y:08 S:F0 P:NvUbdIzc                $8775: A0 01     LDY #$01
A:8A X:AF Y:01 S:F0 P:nvUbdIzc                $8777: B1 D4     LDA ($D4),Y @ $8A02 = #$00
A:00 X:AF Y:01 S:F0 P:nvUbdIZc                $8779: AA        TAX
A:00 X:00 Y:01 S:F0 P:nvUbdIZc                $877A: 88        DEY
A:00 X:00 Y:00 S:F0 P:nvUbdIZc                $877B: B1 D4     LDA ($D4),Y @ $8A01 = #$5F
A:5F X:00 Y:00 S:F0 P:nvUbdIzc                $877D: A0 0A     LDY #$0A
A:5F X:00 Y:0A S:F0 P:nvUbdIzc                $877F: 91 CC     STA ($CC),Y @ $07A9 = #$00
A:5F X:00 Y:0A S:F0 P:nvUbdIzc                $8781: C8        INY
A:5F X:00 Y:0B S:F0 P:nvUbdIzc                $8782: 8A        TXA
A:00 X:00 Y:0B S:F0 P:nvUbdIZc                $8783: 91 CC     STA ($CC),Y @ $07AA = #$00
A:00 X:00 Y:0B S:F0 P:nvUbdIZc                $8785: A0 0D     LDY #$0D
A:00 X:00 Y:0D S:F0 P:nvUbdIzc                $8787: B1 CC     LDA ($CC),Y @ $07AC = #$FF
A:FF X:00 Y:0D S:F0 P:NvUbdIzc                $8789: 85 D4     STA $D4 = #$01
A:FF X:00 Y:0D S:F0 P:NvUbdIzc                $878B: 29 7F     AND #$7F
A:7F X:00 Y:0D S:F0 P:nvUbdIzc                $878D: F0 03     BEQ $8792
A:7F X:00 Y:0D S:F0 P:nvUbdIzc                $878F: 20 A9 88  JSR $88A9
A:7F X:00 Y:0D S:EE P:nvUbdIzc                  $88A9: A9 00     LDA #$00
A:00 X:00 Y:0D S:EE P:nvUbdIZc                  $88AB: A0 0E     LDY #$0E
A:00 X:00 Y:0E S:EE P:nvUbdIzc                  $88AD: 91 CC     STA ($CC),Y @ $07AD = #$00
A:00 X:00 Y:0E S:EE P:nvUbdIzc                  $88AF: A5 D4     LDA $D4 = #$FF
A:FF X:00 Y:0E S:EE P:NvUbdIzc                  $88B1: 10 05     BPL $88B8
A:FF X:00 Y:0E S:EE P:NvUbdIzc                  $88B3: A9 0F     LDA #$0F
A:0F X:00 Y:0E S:EE P:nvUbdIzc                  $88B5: 4C BA 88  JMP $88BA
A:0F X:00 Y:0E S:EE P:nvUbdIzc                  $88BA: 85 D4     STA $D4 = #$FF
A:0F X:00 Y:0E S:EE P:nvUbdIzc                  $88BC: A0 0F     LDY #$0F
A:0F X:00 Y:0F S:EE P:nvUbdIzc                  $88BE: B1 CC     LDA ($CC),Y @ $07AE = #$FF
A:FF X:00 Y:0F S:EE P:NvUbdIzc                  $88C0: 29 F0     AND #$F0
A:F0 X:00 Y:0F S:EE P:NvUbdIzc                  $88C2: 05 D4     ORA $D4 = #$0F
A:FF X:00 Y:0F S:EE P:NvUbdIzc                  $88C4: 91 CC     STA ($CC),Y @ $07AE = #$FF
A:FF X:00 Y:0F S:EE P:NvUbdIzc                  $88C6: 60        RTS (from $88A9) ----------------------------
A:FF X:00 Y:0F S:F0 P:NvUbdIzc                $8792: A5 CF     LDA $CF = #$00
A:00 X:00 Y:0F S:F0 P:nvUbdIZc                $8794: 4A        LSR
A:00 X:00 Y:0F S:F0 P:nvUbdIZc                $8795: 90 01     BCC $8798
A:00 X:00 Y:0F S:F0 P:nvUbdIZc                $8798: A9 0C     LDA #$0C
A:0C X:00 Y:0F S:F0 P:nvUbdIzc                $879A: 85 D4     STA $D4 = #$0F
A:0C X:00 Y:0F S:F0 P:nvUbdIzc                $879C: 20 16 85  JSR $8516
A:0C X:00 Y:0F S:EE P:nvUbdIzc                  $8516: A0 14     LDY #$14
A:0C X:00 Y:14 S:EE P:nvUbdIzc                  $8518: B1 CC     LDA ($CC),Y @ $07B3 = #$05
A:05 X:00 Y:14 S:EE P:nvUbdIzc                  $851A: 29 7F     AND #$7F
A:05 X:00 Y:14 S:EE P:nvUbdIzc                  $851C: 91 CC     STA ($CC),Y @ $07B3 = #$05
A:05 X:00 Y:14 S:EE P:nvUbdIzc                  $851E: A0 16     LDY #$16
A:05 X:00 Y:16 S:EE P:nvUbdIzc                  $8520: B1 CC     LDA ($CC),Y @ $07B5 = #$80
A:80 X:00 Y:16 S:EE P:NvUbdIzc                  $8522: 0A        ASL
A:00 X:00 Y:16 S:EE P:nvUbdIZC                  $8523: 90 10     BCC $8535
A:00 X:00 Y:16 S:EE P:nvUbdIZC                  $8525: A4 D4     LDY $D4 = #$0C
A:00 X:00 Y:0C S:EE P:nvUbdIzC                  $8527: B1 CC     LDA ($CC),Y @ $07AB = #$BA
A:BA X:00 Y:0C S:EE P:NvUbdIzC                  $8529: A2 02     LDX #$02
A:BA X:02 Y:0C S:EE P:nvUbdIzC                  $852B: E4 CE     CPX $CE = #$03
A:BA X:02 Y:0C S:EE P:NvUbdIzc                  $852D: F0 02     BEQ $8531
A:BA X:02 Y:0C S:EE P:NvUbdIzc                  $852F: 29 0F     AND #$0F
A:0A X:02 Y:0C S:EE P:nvUbdIzc                  $8531: A0 1E     LDY #$1E
A:0A X:02 Y:1E S:EE P:nvUbdIzc                  $8533: 91 CC     STA ($CC),Y @ $07BD = #$00
A:0A X:02 Y:1E S:EE P:nvUbdIzc                  $8535: A2 06     LDX #$06
A:0A X:06 Y:1E S:EE P:nvUbdIzc                  $8537: A9 00     LDA #$00
A:00 X:06 Y:1E S:EE P:nvUbdIZc                  $8539: A0 18     LDY #$18
A:00 X:06 Y:18 S:EE P:nvUbdIzc                  $853B: 91 CC     STA ($CC),Y @ $07B7 = #$01
A:00 X:06 Y:18 S:EE P:nvUbdIzc                  $853D: C8        INY
A:00 X:06 Y:19 S:EE P:nvUbdIzc                  $853E: CA        DEX
A:00 X:05 Y:19 S:EE P:nvUbdIzc                  $853F: D0 FA     BNE $853B
A:00 X:05 Y:19 S:EE P:nvUbdIzc                  $853B: 91 CC     STA ($CC),Y @ $07B8 = #$00
A:00 X:05 Y:19 S:EE P:nvUbdIzc                  $853D: C8        INY
A:00 X:05 Y:1A S:EE P:nvUbdIzc                  $853E: CA        DEX
A:00 X:04 Y:1A S:EE P:nvUbdIzc                  $853F: D0 FA     BNE $853B
A:00 X:04 Y:1A S:EE P:nvUbdIzc                  $853B: 91 CC     STA ($CC),Y @ $07B9 = #$00
A:00 X:04 Y:1A S:EE P:nvUbdIzc                  $853D: C8        INY
A:00 X:04 Y:1B S:EE P:nvUbdIzc                  $853E: CA        DEX
A:00 X:03 Y:1B S:EE P:nvUbdIzc                  $853F: D0 FA     BNE $853B
A:00 X:03 Y:1B S:EE P:nvUbdIzc                  $853B: 91 CC     STA ($CC),Y @ $07BA = #$00
A:00 X:03 Y:1B S:EE P:nvUbdIzc                  $853D: C8        INY
A:00 X:03 Y:1C S:EE P:nvUbdIzc                  $853E: CA        DEX
A:00 X:02 Y:1C S:EE P:nvUbdIzc                  $853F: D0 FA     BNE $853B
A:00 X:02 Y:1C S:EE P:nvUbdIzc                  $853B: 91 CC     STA ($CC),Y @ $07BB = #$00
A:00 X:02 Y:1C S:EE P:nvUbdIzc                  $853D: C8        INY
A:00 X:02 Y:1D S:EE P:nvUbdIzc                  $853E: CA        DEX
A:00 X:01 Y:1D S:EE P:nvUbdIzc                  $853F: D0 FA     BNE $853B
A:00 X:01 Y:1D S:EE P:nvUbdIzc                  $853B: 91 CC     STA ($CC),Y @ $07BC = #$01
A:00 X:01 Y:1D S:EE P:nvUbdIzc                  $853D: C8        INY
A:00 X:01 Y:1E S:EE P:nvUbdIzc                  $853E: CA        DEX
A:00 X:00 Y:1E S:EE P:nvUbdIZc                  $853F: D0 FA     BNE $853B
A:00 X:00 Y:1E S:EE P:nvUbdIZc                  $8541: A9 FF     LDA #$FF
A:FF X:00 Y:1E S:EE P:NvUbdIzc                  $8543: A0 1C     LDY #$1C
A:FF X:00 Y:1C S:EE P:nvUbdIzc                  $8545: 91 CC     STA ($CC),Y @ $07BB = #$00
A:FF X:00 Y:1C S:EE P:nvUbdIzc                  $8547: 60        RTS (from $8516) ----------------------------
A:FF X:00 Y:1C S:F0 P:nvUbdIzc                $879F: 4C FD 84  JMP $84FD
A:FF X:00 Y:1C S:F0 P:nvUbdIzc                $84FD: A0 01     LDY #$01
A:FF X:00 Y:01 S:F0 P:nvUbdIzc                $84FF: C4 CE     CPY $CE = #$03
A:FF X:00 Y:01 S:F0 P:NvUbdIzc                $8501: D0 06     BNE $8509
A:FF X:00 Y:01 S:F0 P:NvUbdIzc                $8509: A9 00     LDA #$00
A:00 X:00 Y:01 S:F0 P:nvUbdIZc                $850B: A6 CB     LDX $CB = #$04
A:00 X:04 Y:01 S:F0 P:nvUbdIzc                $850D: E8        INX
A:00 X:05 Y:01 S:F0 P:nvUbdIzc                $850E: E8        INX
A:00 X:06 Y:01 S:F0 P:nvUbdIzc                $850F: 9D 00 40  STA $4000,X @ $4006 = #$0E
A:00 X:06 Y:01 S:F0 P:nvUbdIzc                $8512: 9D 01 40  STA $4001,X @ $4007 = #$09
A:00 X:06 Y:01 S:F0 P:nvUbdIzc                $8515: 60        RTS (from $86B4) ----------------------------
A:00 X:06 Y:01 S:F2 P:nvUbdIzc              $8283: 4C 94 82  JMP $8294
A:00 X:06 Y:01 S:F2 P:nvUbdIzc              $8294: 46 CF     LSR $CF = #$00
A:00 X:06 Y:01 S:F2 P:nvUbdIZc              $8296: 90 06     BCC $829E
A:00 X:06 Y:01 S:F2 P:nvUbdIZc              $829E: C6 CE     DEC $CE = #$03
A:00 X:06 Y:01 S:F2 P:nvUbdIzc              $82A0: F0 17     BEQ $82B9
A:00 X:06 Y:01 S:F2 P:nvUbdIzc              $82A2: A9 04     LDA #$04
A:04 X:06 Y:01 S:F2 P:nvUbdIzc              $82A4: 18        CLC
A:04 X:06 Y:01 S:F2 P:nvUbdIzc              $82A5: 65 CB     ADC $CB = #$04
A:08 X:06 Y:01 S:F2 P:nvUbdIzc              $82A7: 85 CB     STA $CB = #$04
A:08 X:06 Y:01 S:F2 P:nvUbdIzc              $82A9: A9 1F     LDA #$1F
A:1F X:06 Y:01 S:F2 P:nvUbdIzc              $82AB: 18        CLC
A:1F X:06 Y:01 S:F2 P:nvUbdIzc              $82AC: 65 CC     ADC $CC = #$9F
A:BE X:06 Y:01 S:F2 P:NvUbdIzc              $82AE: 85 CC     STA $CC = #$9F
A:BE X:06 Y:01 S:F2 P:NvUbdIzc              $82B0: A9 00     LDA #$00
A:00 X:06 Y:01 S:F2 P:nvUbdIZc              $82B2: 65 CD     ADC $CD = #$07
A:07 X:06 Y:01 S:F2 P:nvUbdIzc              $82B4: 85 CD     STA $CD = #$07
A:07 X:06 Y:01 S:F2 P:nvUbdIzc              $82B6: 4C 4C 82  JMP $824C
A:07 X:06 Y:01 S:F2 P:nvUbdIzc              $824C: A9 01     LDA #$01
A:01 X:06 Y:01 S:F2 P:nvUbdIzc              $824E: A0 18     LDY #$18
A:01 X:06 Y:18 S:F2 P:nvUbdIzc              $8250: 18        CLC
A:01 X:06 Y:18 S:F2 P:nvUbdIzc              $8251: 71 CC     ADC ($CC),Y @ $07D6 = #$00
A:01 X:06 Y:18 S:F2 P:nvUbdIzc              $8253: 91 CC     STA ($CC),Y @ $07D6 = #$00
A:01 X:06 Y:18 S:F2 P:nvUbdIzc              $8255: A9 01     LDA #$01
A:01 X:06 Y:18 S:F2 P:nvUbdIzc              $8257: A0 1D     LDY #$1D
A:01 X:06 Y:1D S:F2 P:nvUbdIzc              $8259: 18        CLC
A:01 X:06 Y:1D S:F2 P:nvUbdIzc              $825A: 71 CC     ADC ($CC),Y @ $07DB = #$00
A:01 X:06 Y:1D S:F2 P:nvUbdIzc              $825C: 91 CC     STA ($CC),Y @ $07DB = #$00
A:01 X:06 Y:1D S:F2 P:nvUbdIzc              $825E: A5 CF     LDA $CF = #$00
A:00 X:06 Y:1D S:F2 P:nvUbdIZc              $8260: 4A        LSR
A:00 X:06 Y:1D S:F2 P:nvUbdIZc              $8261: 90 03     BCC $8266
A:00 X:06 Y:1D S:F2 P:nvUbdIZc              $8266: A5 30     LDA $30 = #$00
A:00 X:06 Y:1D S:F2 P:nvUbdIZc              $8268: 4A        LSR
A:00 X:06 Y:1D S:F2 P:nvUbdIZc              $8269: 90 03     BCC $826E
A:00 X:06 Y:1D S:F2 P:nvUbdIZc              $826E: A0 00     LDY #$00
A:00 X:06 Y:00 S:F2 P:nvUbdIZc              $8270: B1 CC     LDA ($CC),Y @ $07BE = #$D1
A:D1 X:06 Y:00 S:F2 P:NvUbdIzc              $8272: C8        INY
A:D1 X:06 Y:01 S:F2 P:nvUbdIzc              $8273: 11 CC     ORA ($CC),Y @ $07BF = #$9C
A:DD X:06 Y:01 S:F2 P:NvUbdIzc              $8275: F0 0F     BEQ $8286
A:DD X:06 Y:01 S:F2 P:NvUbdIzc              $8277: A9 01     LDA #$01
A:01 X:06 Y:01 S:F2 P:nvUbdIzc              $8279: A0 0E     LDY #$0E
A:01 X:06 Y:0E S:F2 P:nvUbdIzc              $827B: 18        CLC
A:01 X:06 Y:0E S:F2 P:nvUbdIzc              $827C: 71 CC     ADC ($CC),Y @ $07CC = #$00
A:01 X:06 Y:0E S:F2 P:nvUbdIzc              $827E: 91 CC     STA ($CC),Y @ $07CC = #$00
A:01 X:06 Y:0E S:F2 P:nvUbdIzc              $8280: 20 B4 86  JSR $86B4
A:01 X:06 Y:0E S:F0 P:nvUbdIzc                $86B4: A5 C7     LDA $C7 = #$00
A:00 X:06 Y:0E S:F0 P:nvUbdIZc                $86B6: F0 0B     BEQ $86C3
A:00 X:06 Y:0E S:F0 P:nvUbdIZc                $86C3: A0 05     LDY #$05
A:00 X:06 Y:05 S:F0 P:nvUbdIzc                $86C5: B1 CC     LDA ($CC),Y @ $07C3 = #$00
A:00 X:06 Y:05 S:F0 P:nvUbdIZc                $86C7: 0A        ASL
A:00 X:06 Y:05 S:F0 P:nvUbdIZc                $86C8: 90 09     BCC $86D3
A:00 X:06 Y:05 S:F0 P:nvUbdIZc                $86D3: A0 02     LDY #$02
A:00 X:06 Y:02 S:F0 P:nvUbdIzc                $86D5: B1 CC     LDA ($CC),Y @ $07C0 = #$00
A:00 X:06 Y:02 S:F0 P:nvUbdIZc                $86D7: C8        INY
A:00 X:06 Y:03 S:F0 P:nvUbdIzc                $86D8: 11 CC     ORA ($CC),Y @ $07C1 = #$00
A:00 X:06 Y:03 S:F0 P:nvUbdIZc                $86DA: F0 22     BEQ $86FE
A:00 X:06 Y:03 S:F0 P:nvUbdIZc                $86FE: A0 05     LDY #$05
A:00 X:06 Y:05 S:F0 P:nvUbdIzc                $8700: B1 CC     LDA ($CC),Y @ $07C3 = #$00
A:00 X:06 Y:05 S:F0 P:nvUbdIZc                $8702: 29 7F     AND #$7F
A:00 X:06 Y:05 S:F0 P:nvUbdIZc                $8704: 91 CC     STA ($CC),Y @ $07C3 = #$00
A:00 X:06 Y:05 S:F0 P:nvUbdIZc                $8706: 20 35 89  JSR $8935
A:00 X:06 Y:05 S:EE P:nvUbdIZc                  $8935: A0 00     LDY #$00
A:00 X:06 Y:00 S:EE P:nvUbdIZc                  $8937: B1 CC     LDA ($CC),Y @ $07BE = #$D1
A:D1 X:06 Y:00 S:EE P:NvUbdIzc                  $8939: 85 D4     STA $D4 = #$0C
A:D1 X:06 Y:00 S:EE P:NvUbdIzc                  $893B: C8        INY
A:D1 X:06 Y:01 S:EE P:nvUbdIzc                  $893C: B1 CC     LDA ($CC),Y @ $07BF = #$9C
A:9C X:06 Y:01 S:EE P:NvUbdIzc                  $893E: 85 D5     STA $D5 = #$8A
A:9C X:06 Y:01 S:EE P:NvUbdIzc                  $8940: 88        DEY
A:9C X:06 Y:00 S:EE P:nvUbdIZc                  $8941: B1 D4     LDA ($D4),Y @ $9CD1 = #$00
A:00 X:06 Y:00 S:EE P:nvUbdIZc                  $8943: AA        TAX
A:00 X:00 Y:00 S:EE P:nvUbdIZc                  $8944: A9 01     LDA #$01
A:01 X:00 Y:00 S:EE P:nvUbdIzc                  $8946: 18        CLC
A:01 X:00 Y:00 S:EE P:nvUbdIzc                  $8947: 65 D4     ADC $D4 = #$D1
A:D2 X:00 Y:00 S:EE P:NvUbdIzc                  $8949: 91 CC     STA ($CC),Y @ $07BE = #$D1
A:D2 X:00 Y:00 S:EE P:NvUbdIzc                  $894B: A9 00     LDA #$00
A:00 X:00 Y:00 S:EE P:nvUbdIZc                  $894D: 65 D5     ADC $D5 = #$9C
A:9C X:00 Y:00 S:EE P:NvUbdIzc                  $894F: C8        INY
A:9C X:00 Y:01 S:EE P:nvUbdIzc                  $8950: 91 CC     STA ($CC),Y @ $07BF = #$9C
A:9C X:00 Y:01 S:EE P:nvUbdIzc                  $8952: 8A        TXA
A:00 X:00 Y:01 S:EE P:nvUbdIZc                  $8953: 60        RTS (from $8935) ----------------------------
A:00 X:00 Y:01 S:F0 P:nvUbdIZc                $8709: 29 F0     AND #$F0
A:00 X:00 Y:01 S:F0 P:nvUbdIZc                $870B: D0 03     BNE $8710
A:00 X:00 Y:01 S:F0 P:nvUbdIZc                $870D: 4C C0 87  JMP $87C0
A:00 X:00 Y:01 S:F0 P:nvUbdIZc                $87C0: 20 56 85  JSR $8556
A:00 X:00 Y:01 S:EE P:nvUbdIZc                  $8556: 8A        TXA
A:00 X:00 Y:01 S:EE P:nvUbdIZc                  $8557: 0A        ASL
A:00 X:00 Y:01 S:EE P:nvUbdIZc                  $8558: A8        TAY
A:00 X:00 Y:00 S:EE P:nvUbdIZc                  $8559: C8        INY
A:00 X:00 Y:01 S:EE P:nvUbdIzc                  $855A: 68        PLA
A:C2 X:00 Y:01 S:EF P:NvUbdIzc                 $855B: 85 D4     STA $D4 = #$D1
A:C2 X:00 Y:01 S:EF P:NvUbdIzc                 $855D: 68        PLA
A:87 X:00 Y:01 S:F0 P:NvUbdIzc                $855E: 85 D5     STA $D5 = #$9C
A:87 X:00 Y:01 S:F0 P:NvUbdIzc                $8560: B1 D4     LDA ($D4),Y @ $87C3 = #$D7
A:D7 X:00 Y:01 S:F0 P:NvUbdIzc                $8562: AA        TAX
A:D7 X:D7 Y:01 S:F0 P:NvUbdIzc                $8563: C8        INY
A:D7 X:D7 Y:02 S:F0 P:nvUbdIzc                $8564: B1 D4     LDA ($D4),Y @ $87C4 = #$87
A:87 X:D7 Y:02 S:F0 P:NvUbdIzc                $8566: 85 D5     STA $D5 = #$87
A:87 X:D7 Y:02 S:F0 P:NvUbdIzc                $8568: 86 D4     STX $D4 = #$C2
A:87 X:D7 Y:02 S:F0 P:NvUbdIzc                $856A: 6C D4 00  JMP ($00D4) = $87D7
A:87 X:D7 Y:02 S:F0 P:NvUbdIzc                $87D7: 20 35 89  JSR $8935
A:87 X:D7 Y:02 S:EE P:NvUbdIzc                  $8935: A0 00     LDY #$00
A:87 X:D7 Y:00 S:EE P:nvUbdIZc                  $8937: B1 CC     LDA ($CC),Y @ $07BE = #$D2
A:D2 X:D7 Y:00 S:EE P:NvUbdIzc                  $8939: 85 D4     STA $D4 = #$D7
A:D2 X:D7 Y:00 S:EE P:NvUbdIzc                  $893B: C8        INY
A:D2 X:D7 Y:01 S:EE P:nvUbdIzc                  $893C: B1 CC     LDA ($CC),Y @ $07BF = #$9C
A:9C X:D7 Y:01 S:EE P:NvUbdIzc                  $893E: 85 D5     STA $D5 = #$87
A:9C X:D7 Y:01 S:EE P:NvUbdIzc                  $8940: 88        DEY
A:9C X:D7 Y:00 S:EE P:nvUbdIZc                  $8941: B1 D4     LDA ($D4),Y @ $9CD2 = #$03
A:03 X:D7 Y:00 S:EE P:nvUbdIzc                  $8943: AA        TAX
A:03 X:03 Y:00 S:EE P:nvUbdIzc                  $8944: A9 01     LDA #$01
A:01 X:03 Y:00 S:EE P:nvUbdIzc                  $8946: 18        CLC
A:01 X:03 Y:00 S:EE P:nvUbdIzc                  $8947: 65 D4     ADC $D4 = #$D2
A:D3 X:03 Y:00 S:EE P:NvUbdIzc                  $8949: 91 CC     STA ($CC),Y @ $07BE = #$D2
A:D3 X:03 Y:00 S:EE P:NvUbdIzc                  $894B: A9 00     LDA #$00
A:00 X:03 Y:00 S:EE P:nvUbdIZc                  $894D: 65 D5     ADC $D5 = #$9C
A:9C X:03 Y:00 S:EE P:NvUbdIzc                  $894F: C8        INY
A:9C X:03 Y:01 S:EE P:nvUbdIzc                  $8950: 91 CC     STA ($CC),Y @ $07BF = #$9C
A:9C X:03 Y:01 S:EE P:nvUbdIzc                  $8952: 8A        TXA
A:03 X:03 Y:01 S:EE P:nvUbdIzc                  $8953: 60        RTS (from $8935) ----------------------------
A:03 X:03 Y:01 S:F0 P:nvUbdIzc                $87DA: A0 04     LDY #$04
A:03 X:03 Y:04 S:F0 P:nvUbdIzc                $87DC: 91 CC     STA ($CC),Y @ $07C2 = #$00
A:03 X:03 Y:04 S:F0 P:nvUbdIzc                $87DE: 4C 06 87  JMP $8706
A:03 X:03 Y:04 S:F0 P:nvUbdIzc                $8706: 20 35 89  JSR $8935
A:03 X:03 Y:04 S:EE P:nvUbdIzc                  $8935: A0 00     LDY #$00
A:03 X:03 Y:00 S:EE P:nvUbdIZc                  $8937: B1 CC     LDA ($CC),Y @ $07BE = #$D3
A:D3 X:03 Y:00 S:EE P:NvUbdIzc                  $8939: 85 D4     STA $D4 = #$D2
A:D3 X:03 Y:00 S:EE P:NvUbdIzc                  $893B: C8        INY
A:D3 X:03 Y:01 S:EE P:nvUbdIzc                  $893C: B1 CC     LDA ($CC),Y @ $07BF = #$9C
A:9C X:03 Y:01 S:EE P:NvUbdIzc                  $893E: 85 D5     STA $D5 = #$9C
A:9C X:03 Y:01 S:EE P:NvUbdIzc                  $8940: 88        DEY
A:9C X:03 Y:00 S:EE P:nvUbdIZc                  $8941: B1 D4     LDA ($D4),Y @ $9CD3 = #$03
A:03 X:03 Y:00 S:EE P:nvUbdIzc                  $8943: AA        TAX
A:03 X:03 Y:00 S:EE P:nvUbdIzc                  $8944: A9 01     LDA #$01
A:01 X:03 Y:00 S:EE P:nvUbdIzc                  $8946: 18        CLC
A:01 X:03 Y:00 S:EE P:nvUbdIzc                  $8947: 65 D4     ADC $D4 = #$D3
A:D4 X:03 Y:00 S:EE P:NvUbdIzc                  $8949: 91 CC     STA ($CC),Y @ $07BE = #$D3
A:D4 X:03 Y:00 S:EE P:NvUbdIzc                  $894B: A9 00     LDA #$00
A:00 X:03 Y:00 S:EE P:nvUbdIZc                  $894D: 65 D5     ADC $D5 = #$9C
A:9C X:03 Y:00 S:EE P:NvUbdIzc                  $894F: C8        INY
A:9C X:03 Y:01 S:EE P:nvUbdIzc                  $8950: 91 CC     STA ($CC),Y @ $07BF = #$9C
A:9C X:03 Y:01 S:EE P:nvUbdIzc                  $8952: 8A        TXA
A:03 X:03 Y:01 S:EE P:nvUbdIzc                  $8953: 60        RTS (from $8935) ----------------------------
A:03 X:03 Y:01 S:F0 P:nvUbdIzc                $8709: 29 F0     AND #$F0
A:00 X:03 Y:01 S:F0 P:nvUbdIZc                $870B: D0 03     BNE $8710
A:00 X:03 Y:01 S:F0 P:nvUbdIZc                $870D: 4C C0 87  JMP $87C0
A:00 X:03 Y:01 S:F0 P:nvUbdIZc                $87C0: 20 56 85  JSR $8556
A:00 X:03 Y:01 S:EE P:nvUbdIZc                  $8556: 8A        TXA
A:03 X:03 Y:01 S:EE P:nvUbdIzc                  $8557: 0A        ASL
A:06 X:03 Y:01 S:EE P:nvUbdIzc                  $8558: A8        TAY
A:06 X:03 Y:06 S:EE P:nvUbdIzc                  $8559: C8        INY
A:06 X:03 Y:07 S:EE P:nvUbdIzc                  $855A: 68        PLA
A:C2 X:03 Y:07 S:EF P:NvUbdIzc                 $855B: 85 D4     STA $D4 = #$D3
A:C2 X:03 Y:07 S:EF P:NvUbdIzc                 $855D: 68        PLA
A:87 X:03 Y:07 S:F0 P:NvUbdIzc                $855E: 85 D5     STA $D5 = #$9C
A:87 X:03 Y:07 S:F0 P:NvUbdIzc                $8560: B1 D4     LDA ($D4),Y @ $87C9 = #$FB
A:FB X:03 Y:07 S:F0 P:NvUbdIzc                $8562: AA        TAX
A:FB X:FB Y:07 S:F0 P:NvUbdIzc                $8563: C8        INY
A:FB X:FB Y:08 S:F0 P:nvUbdIzc                $8564: B1 D4     LDA ($D4),Y @ $87CA = #$87
A:87 X:FB Y:08 S:F0 P:NvUbdIzc                $8566: 85 D5     STA $D5 = #$87
A:87 X:FB Y:08 S:F0 P:NvUbdIzc                $8568: 86 D4     STX $D4 = #$C2
A:87 X:FB Y:08 S:F0 P:NvUbdIzc                $856A: 6C D4 00  JMP ($00D4) = $87FB
A:87 X:FB Y:08 S:F0 P:NvUbdIzc                $87FB: 20 35 89  JSR $8935
A:87 X:FB Y:08 S:EE P:NvUbdIzc                  $8935: A0 00     LDY #$00
A:87 X:FB Y:00 S:EE P:nvUbdIZc                  $8937: B1 CC     LDA ($CC),Y @ $07BE = #$D4
A:D4 X:FB Y:00 S:EE P:NvUbdIzc                  $8939: 85 D4     STA $D4 = #$FB
A:D4 X:FB Y:00 S:EE P:NvUbdIzc                  $893B: C8        INY
A:D4 X:FB Y:01 S:EE P:nvUbdIzc                  $893C: B1 CC     LDA ($CC),Y @ $07BF = #$9C
A:9C X:FB Y:01 S:EE P:NvUbdIzc                  $893E: 85 D5     STA $D5 = #$87
A:9C X:FB Y:01 S:EE P:NvUbdIzc                  $8940: 88        DEY
A:9C X:FB Y:00 S:EE P:nvUbdIZc                  $8941: B1 D4     LDA ($D4),Y @ $9CD4 = #$4F
A:4F X:FB Y:00 S:EE P:nvUbdIzc                  $8943: AA        TAX
A:4F X:4F Y:00 S:EE P:nvUbdIzc                  $8944: A9 01     LDA #$01
A:01 X:4F Y:00 S:EE P:nvUbdIzc                  $8946: 18        CLC
A:01 X:4F Y:00 S:EE P:nvUbdIzc                  $8947: 65 D4     ADC $D4 = #$D4
A:D5 X:4F Y:00 S:EE P:NvUbdIzc                  $8949: 91 CC     STA ($CC),Y @ $07BE = #$D4
A:D5 X:4F Y:00 S:EE P:NvUbdIzc                  $894B: A9 00     LDA #$00
A:00 X:4F Y:00 S:EE P:nvUbdIZc                  $894D: 65 D5     ADC $D5 = #$9C
A:9C X:4F Y:00 S:EE P:NvUbdIzc                  $894F: C8        INY
A:9C X:4F Y:01 S:EE P:nvUbdIzc                  $8950: 91 CC     STA ($CC),Y @ $07BF = #$9C
A:9C X:4F Y:01 S:EE P:nvUbdIzc                  $8952: 8A        TXA
A:4F X:4F Y:01 S:EE P:nvUbdIzc                  $8953: 60        RTS (from $8935) ----------------------------
A:4F X:4F Y:01 S:F0 P:nvUbdIzc                $87FE: A0 02     LDY #$02
A:4F X:4F Y:02 S:F0 P:nvUbdIzc                $8800: C4 CE     CPY $CE = #$02
A:4F X:4F Y:02 S:F0 P:nvUbdIZC                $8802: F0 0A     BEQ $880E
A:4F X:4F Y:02 S:F0 P:nvUbdIZC                $880E: A0 0C     LDY #$0C
A:4F X:4F Y:0C S:F0 P:nvUbdIzC                $8810: 91 CC     STA ($CC),Y @ $07CA = #$00
A:4F X:4F Y:0C S:F0 P:nvUbdIzC                $8812: 4C 06 87  JMP $8706
A:4F X:4F Y:0C S:F0 P:nvUbdIzC                $8706: 20 35 89  JSR $8935
A:4F X:4F Y:0C S:EE P:nvUbdIzC                  $8935: A0 00     LDY #$00
A:4F X:4F Y:00 S:EE P:nvUbdIZC                  $8937: B1 CC     LDA ($CC),Y @ $07BE = #$D5
A:D5 X:4F Y:00 S:EE P:NvUbdIzC                  $8939: 85 D4     STA $D4 = #$D4
A:D5 X:4F Y:00 S:EE P:NvUbdIzC                  $893B: C8        INY
A:D5 X:4F Y:01 S:EE P:nvUbdIzC                  $893C: B1 CC     LDA ($CC),Y @ $07BF = #$9C
A:9C X:4F Y:01 S:EE P:NvUbdIzC                  $893E: 85 D5     STA $D5 = #$9C
A:9C X:4F Y:01 S:EE P:NvUbdIzC                  $8940: 88        DEY
A:9C X:4F Y:00 S:EE P:nvUbdIZC                  $8941: B1 D4     LDA ($D4),Y @ $9CD5 = #$05
A:05 X:4F Y:00 S:EE P:nvUbdIzC                  $8943: AA        TAX
A:05 X:05 Y:00 S:EE P:nvUbdIzC                  $8944: A9 01     LDA #$01
A:01 X:05 Y:00 S:EE P:nvUbdIzC                  $8946: 18        CLC
A:01 X:05 Y:00 S:EE P:nvUbdIzc                  $8947: 65 D4     ADC $D4 = #$D5
A:D6 X:05 Y:00 S:EE P:NvUbdIzc                  $8949: 91 CC     STA ($CC),Y @ $07BE = #$D5
A:D6 X:05 Y:00 S:EE P:NvUbdIzc                  $894B: A9 00     LDA #$00
A:00 X:05 Y:00 S:EE P:nvUbdIZc                  $894D: 65 D5     ADC $D5 = #$9C
A:9C X:05 Y:00 S:EE P:NvUbdIzc                  $894F: C8        INY
A:9C X:05 Y:01 S:EE P:nvUbdIzc                  $8950: 91 CC     STA ($CC),Y @ $07BF = #$9C
A:9C X:05 Y:01 S:EE P:nvUbdIzc                  $8952: 8A        TXA
A:05 X:05 Y:01 S:EE P:nvUbdIzc                  $8953: 60        RTS (from $8935) ----------------------------
A:05 X:05 Y:01 S:F0 P:nvUbdIzc                $8709: 29 F0     AND #$F0
A:00 X:05 Y:01 S:F0 P:nvUbdIZc                $870B: D0 03     BNE $8710
A:00 X:05 Y:01 S:F0 P:nvUbdIZc                $870D: 4C C0 87  JMP $87C0
A:00 X:05 Y:01 S:F0 P:nvUbdIZc                $87C0: 20 56 85  JSR $8556
A:00 X:05 Y:01 S:EE P:nvUbdIZc                  $8556: 8A        TXA
A:05 X:05 Y:01 S:EE P:nvUbdIzc                  $8557: 0A        ASL
A:0A X:05 Y:01 S:EE P:nvUbdIzc                  $8558: A8        TAY
A:0A X:05 Y:0A S:EE P:nvUbdIzc                  $8559: C8        INY
A:0A X:05 Y:0B S:EE P:nvUbdIzc                  $855A: 68        PLA
A:C2 X:05 Y:0B S:EF P:NvUbdIzc                 $855B: 85 D4     STA $D4 = #$D5
A:C2 X:05 Y:0B S:EF P:NvUbdIzc                 $855D: 68        PLA
A:87 X:05 Y:0B S:F0 P:NvUbdIzc                $855E: 85 D5     STA $D5 = #$9C
A:87 X:05 Y:0B S:F0 P:NvUbdIzc                $8560: B1 D4     LDA ($D4),Y @ $87CD = #$5D
A:5D X:05 Y:0B S:F0 P:nvUbdIzc                $8562: AA        TAX
A:5D X:5D Y:0B S:F0 P:nvUbdIzc                $8563: C8        INY
A:5D X:5D Y:0C S:F0 P:nvUbdIzc                $8564: B1 D4     LDA ($D4),Y @ $87CE = #$88
A:88 X:5D Y:0C S:F0 P:NvUbdIzc                $8566: 85 D5     STA $D5 = #$87
A:88 X:5D Y:0C S:F0 P:NvUbdIzc                $8568: 86 D4     STX $D4 = #$C2
A:88 X:5D Y:0C S:F0 P:NvUbdIzc                $856A: 6C D4 00  JMP ($00D4) = $885D
A:88 X:5D Y:0C S:F0 P:NvUbdIzc                $885D: 20 35 89  JSR $8935
A:88 X:5D Y:0C S:EE P:NvUbdIzc                  $8935: A0 00     LDY #$00
A:88 X:5D Y:00 S:EE P:nvUbdIZc                  $8937: B1 CC     LDA ($CC),Y @ $07BE = #$D6
A:D6 X:5D Y:00 S:EE P:NvUbdIzc                  $8939: 85 D4     STA $D4 = #$5D
A:D6 X:5D Y:00 S:EE P:NvUbdIzc                  $893B: C8        INY
A:D6 X:5D Y:01 S:EE P:nvUbdIzc                  $893C: B1 CC     LDA ($CC),Y @ $07BF = #$9C
A:9C X:5D Y:01 S:EE P:NvUbdIzc                  $893E: 85 D5     STA $D5 = #$88
A:9C X:5D Y:01 S:EE P:NvUbdIzc                  $8940: 88        DEY
A:9C X:5D Y:00 S:EE P:nvUbdIZc                  $8941: B1 D4     LDA ($D4),Y @ $9CD6 = #$23
A:23 X:5D Y:00 S:EE P:nvUbdIzc                  $8943: AA        TAX
A:23 X:23 Y:00 S:EE P:nvUbdIzc                  $8944: A9 01     LDA #$01
A:01 X:23 Y:00 S:EE P:nvUbdIzc                  $8946: 18        CLC
A:01 X:23 Y:00 S:EE P:nvUbdIzc                  $8947: 65 D4     ADC $D4 = #$D6
A:D7 X:23 Y:00 S:EE P:NvUbdIzc                  $8949: 91 CC     STA ($CC),Y @ $07BE = #$D6
A:D7 X:23 Y:00 S:EE P:NvUbdIzc                  $894B: A9 00     LDA #$00
A:00 X:23 Y:00 S:EE P:nvUbdIZc                  $894D: 65 D5     ADC $D5 = #$9C
A:9C X:23 Y:00 S:EE P:NvUbdIzc                  $894F: C8        INY
A:9C X:23 Y:01 S:EE P:nvUbdIzc                  $8950: 91 CC     STA ($CC),Y @ $07BF = #$9C
A:9C X:23 Y:01 S:EE P:nvUbdIzc                  $8952: 8A        TXA
A:23 X:23 Y:01 S:EE P:nvUbdIzc                  $8953: 60        RTS (from $8935) ----------------------------
A:23 X:23 Y:01 S:F0 P:nvUbdIzc                $8860: A2 85     LDX #$85
A:23 X:85 Y:01 S:F0 P:NvUbdIzc                $8862: A0 89     LDY #$89
A:23 X:85 Y:89 S:F0 P:NvUbdIzc                $8864: 86 D4     STX $D4 = #$D6
A:23 X:85 Y:89 S:F0 P:NvUbdIzc                $8866: 84 D5     STY $D5 = #$9C
A:23 X:85 Y:89 S:F0 P:NvUbdIzc                $8868: 0A        ASL
A:46 X:85 Y:89 S:F0 P:nvUbdIzc                $8869: A0 07     LDY #$07
A:46 X:85 Y:07 S:F0 P:nvUbdIzc                $886B: 18        CLC
A:46 X:85 Y:07 S:F0 P:nvUbdIzc                $886C: 65 D4     ADC $D4 = #$85
A:CB X:85 Y:07 S:F0 P:NvUbdIzc                $886E: 91 CC     STA ($CC),Y @ $07C5 = #$00
A:CB X:85 Y:07 S:F0 P:NvUbdIzc                $8870: A9 00     LDA #$00
A:00 X:85 Y:07 S:F0 P:nvUbdIZc                $8872: 65 D5     ADC $D5 = #$89
A:89 X:85 Y:07 S:F0 P:NvUbdIzc                $8874: C8        INY
A:89 X:85 Y:08 S:F0 P:nvUbdIzc                $8875: 91 CC     STA ($CC),Y @ $07C6 = #$00
A:89 X:85 Y:08 S:F0 P:nvUbdIzc                $8877: 4C 06 87  JMP $8706
A:89 X:85 Y:08 S:F0 P:nvUbdIzc                $8706: 20 35 89  JSR $8935
A:89 X:85 Y:08 S:EE P:nvUbdIzc                  $8935: A0 00     LDY #$00
A:89 X:85 Y:00 S:EE P:nvUbdIZc                  $8937: B1 CC     LDA ($CC),Y @ $07BE = #$D7
A:D7 X:85 Y:00 S:EE P:NvUbdIzc                  $8939: 85 D4     STA $D4 = #$85
A:D7 X:85 Y:00 S:EE P:NvUbdIzc                  $893B: C8        INY
A:D7 X:85 Y:01 S:EE P:nvUbdIzc                  $893C: B1 CC     LDA ($CC),Y @ $07BF = #$9C
A:9C X:85 Y:01 S:EE P:NvUbdIzc                  $893E: 85 D5     STA $D5 = #$89
A:9C X:85 Y:01 S:EE P:NvUbdIzc                  $8940: 88        DEY
A:9C X:85 Y:00 S:EE P:nvUbdIZc                  $8941: B1 D4     LDA ($D4),Y @ $9CD7 = #$B1
A:B1 X:85 Y:00 S:EE P:NvUbdIzc                  $8943: AA        TAX
A:B1 X:B1 Y:00 S:EE P:NvUbdIzc                  $8944: A9 01     LDA #$01
A:01 X:B1 Y:00 S:EE P:nvUbdIzc                  $8946: 18        CLC
A:01 X:B1 Y:00 S:EE P:nvUbdIzc                  $8947: 65 D4     ADC $D4 = #$D7
A:D8 X:B1 Y:00 S:EE P:NvUbdIzc                  $8949: 91 CC     STA ($CC),Y @ $07BE = #$D7
A:D8 X:B1 Y:00 S:EE P:NvUbdIzc                  $894B: A9 00     LDA #$00
A:00 X:B1 Y:00 S:EE P:nvUbdIZc                  $894D: 65 D5     ADC $D5 = #$9C
A:9C X:B1 Y:00 S:EE P:NvUbdIzc                  $894F: C8        INY
A:9C X:B1 Y:01 S:EE P:nvUbdIzc                  $8950: 91 CC     STA ($CC),Y @ $07BF = #$9C
A:9C X:B1 Y:01 S:EE P:nvUbdIzc                  $8952: 8A        TXA
A:B1 X:B1 Y:01 S:EE P:NvUbdIzc                  $8953: 60        RTS (from $8935) ----------------------------
A:B1 X:B1 Y:01 S:F0 P:NvUbdIzc                $8709: 29 F0     AND #$F0
A:B0 X:B1 Y:01 S:F0 P:NvUbdIzc                $870B: D0 03     BNE $8710
A:B0 X:B1 Y:01 S:F0 P:NvUbdIzc                $8710: C9 20     CMP #$20
A:B0 X:B1 Y:01 S:F0 P:NvUbdIzC                $8712: D0 0B     BNE $871F
A:B0 X:B1 Y:01 S:F0 P:NvUbdIzC                $871F: C9 30     CMP #$30
A:B0 X:B1 Y:01 S:F0 P:NvUbdIzC                $8721: D0 03     BNE $8726
A:B0 X:B1 Y:01 S:F0 P:NvUbdIzC                $8726: 8A        TXA
A:B1 X:B1 Y:01 S:F0 P:NvUbdIzC                $8727: 2A        ROL
A:63 X:B1 Y:01 S:F0 P:nvUbdIzC                $8728: 2A        ROL
A:C7 X:B1 Y:01 S:F0 P:NvUbdIzc                $8729: 2A        ROL
A:8E X:B1 Y:01 S:F0 P:NvUbdIzC                $872A: 2A        ROL
A:1D X:B1 Y:01 S:F0 P:nvUbdIzC                $872B: 29 07     AND #$07
A:05 X:B1 Y:01 S:F0 P:nvUbdIzC                $872D: A8        TAY
A:05 X:B1 Y:05 S:F0 P:nvUbdIzC                $872E: B9 75 89  LDA $8975,Y @ $897A = #$10
A:10 X:B1 Y:05 S:F0 P:nvUbdIzC                $8731: 20 54 89  JSR $8954
A:10 X:B1 Y:05 S:EE P:nvUbdIzC                  $8954: 85 D4     STA $D4 = #$D7
A:10 X:B1 Y:05 S:EE P:nvUbdIzC                  $8956: A9 00     LDA #$00
A:00 X:B1 Y:05 S:EE P:nvUbdIZC                  $8958: 85 D5     STA $D5 = #$9C
A:00 X:B1 Y:05 S:EE P:nvUbdIZC                  $895A: A0 04     LDY #$04
A:00 X:B1 Y:04 S:EE P:nvUbdIzC                  $895C: B1 CC     LDA ($CC),Y @ $07C2 = #$03
A:03 X:B1 Y:04 S:EE P:nvUbdIzC                  $895E: A8        TAY
A:03 X:B1 Y:03 S:EE P:nvUbdIzC                  $895F: A9 00     LDA #$00
A:00 X:B1 Y:03 S:EE P:nvUbdIZC                  $8961: 18        CLC
A:00 X:B1 Y:03 S:EE P:nvUbdIZc                  $8962: 65 D4     ADC $D4 = #$10
A:10 X:B1 Y:03 S:EE P:nvUbdIzc                  $8964: 90 02     BCC $8968
A:10 X:B1 Y:03 S:EE P:nvUbdIzc                  $8968: 88        DEY
A:10 X:B1 Y:02 S:EE P:nvUbdIzc                  $8969: D0 F6     BNE $8961
A:10 X:B1 Y:02 S:EE P:nvUbdIzc                  $8961: 18        CLC
A:10 X:B1 Y:02 S:EE P:nvUbdIzc                  $8962: 65 D4     ADC $D4 = #$10
A:20 X:B1 Y:02 S:EE P:nvUbdIzc                  $8964: 90 02     BCC $8968
A:20 X:B1 Y:02 S:EE P:nvUbdIzc                  $8968: 88        DEY
A:20 X:B1 Y:01 S:EE P:nvUbdIzc                  $8969: D0 F6     BNE $8961
A:20 X:B1 Y:01 S:EE P:nvUbdIzc                  $8961: 18        CLC
A:20 X:B1 Y:01 S:EE P:nvUbdIzc                  $8962: 65 D4     ADC $D4 = #$10
A:30 X:B1 Y:01 S:EE P:nvUbdIzc                  $8964: 90 02     BCC $8968
A:30 X:B1 Y:01 S:EE P:nvUbdIzc                  $8968: 88        DEY
A:30 X:B1 Y:00 S:EE P:nvUbdIZc                  $8969: D0 F6     BNE $8961
A:30 X:B1 Y:00 S:EE P:nvUbdIZc                  $896B: A0 02     LDY #$02
A:30 X:B1 Y:02 S:EE P:nvUbdIzc                  $896D: 91 CC     STA ($CC),Y @ $07C0 = #$00
A:30 X:B1 Y:02 S:EE P:nvUbdIzc                  $896F: C8        INY
A:30 X:B1 Y:03 S:EE P:nvUbdIzc                  $8970: A5 D5     LDA $D5 = #$00
A:00 X:B1 Y:03 S:EE P:nvUbdIZc                  $8972: 91 CC     STA ($CC),Y @ $07C1 = #$00
A:00 X:B1 Y:03 S:EE P:nvUbdIZc                  $8974: 60        RTS (from $8954) ----------------------------
A:00 X:B1 Y:03 S:F0 P:nvUbdIZc                $8734: A0 06     LDY #$06
A:00 X:B1 Y:06 S:F0 P:nvUbdIzc                $8736: B1 CC     LDA ($CC),Y @ $07C4 = #$00
A:00 X:B1 Y:06 S:F0 P:nvUbdIZc                $8738: 29 E0     AND #$E0
A:00 X:B1 Y:06 S:F0 P:nvUbdIZc                $873A: F0 16     BEQ $8752
A:00 X:B1 Y:06 S:F0 P:nvUbdIZc                $8752: 8A        TXA
A:B1 X:B1 Y:06 S:F0 P:NvUbdIzc                $8753: 29 1F     AND #$1F
A:11 X:B1 Y:06 S:F0 P:nvUbdIzc                $8755: D0 04     BNE $875B
A:11 X:B1 Y:06 S:F0 P:nvUbdIzc                $875B: A0 01     LDY #$01
A:11 X:B1 Y:01 S:F0 P:nvUbdIzc                $875D: C4 CE     CPY $CE = #$02
A:11 X:B1 Y:01 S:F0 P:NvUbdIzc                $875F: D0 05     BNE $8766
A:11 X:B1 Y:01 S:F0 P:NvUbdIzc                $8766: 0A        ASL
A:22 X:B1 Y:01 S:F0 P:nvUbdIzc                $8767: A0 07     LDY #$07
A:22 X:B1 Y:07 S:F0 P:nvUbdIzc                $8769: 18        CLC
A:22 X:B1 Y:07 S:F0 P:nvUbdIzc                $876A: 71 CC     ADC ($CC),Y @ $07C5 = #$CB
A:ED X:B1 Y:07 S:F0 P:NvUbdIzc                $876C: 85 D4     STA $D4 = #$10
A:ED X:B1 Y:07 S:F0 P:NvUbdIzc                $876E: A9 00     LDA #$00
A:00 X:B1 Y:07 S:F0 P:nvUbdIZc                $8770: C8        INY
A:00 X:B1 Y:08 S:F0 P:nvUbdIzc                $8771: 71 CC     ADC ($CC),Y @ $07C6 = #$89
A:89 X:B1 Y:08 S:F0 P:NvUbdIzc                $8773: 85 D5     STA $D5 = #$00
A:89 X:B1 Y:08 S:F0 P:NvUbdIzc                $8775: A0 01     LDY #$01
A:89 X:B1 Y:01 S:F0 P:nvUbdIzc                $8777: B1 D4     LDA ($D4),Y @ $89EE = #$00
A:00 X:B1 Y:01 S:F0 P:nvUbdIZc                $8779: AA        TAX
A:00 X:00 Y:01 S:F0 P:nvUbdIZc                $877A: 88        DEY
A:00 X:00 Y:00 S:F0 P:nvUbdIZc                $877B: B1 D4     LDA ($D4),Y @ $89ED = #$A9
A:A9 X:00 Y:00 S:F0 P:NvUbdIzc                $877D: A0 0A     LDY #$0A
A:A9 X:00 Y:0A S:F0 P:nvUbdIzc                $877F: 91 CC     STA ($CC),Y @ $07C8 = #$00
A:A9 X:00 Y:0A S:F0 P:nvUbdIzc                $8781: C8        INY
A:A9 X:00 Y:0B S:F0 P:nvUbdIzc                $8782: 8A        TXA
A:00 X:00 Y:0B S:F0 P:nvUbdIZc                $8783: 91 CC     STA ($CC),Y @ $07C9 = #$00
A:00 X:00 Y:0B S:F0 P:nvUbdIZc                $8785: A0 0D     LDY #$0D
A:00 X:00 Y:0D S:F0 P:nvUbdIzc                $8787: B1 CC     LDA ($CC),Y @ $07CB = #$00
A:00 X:00 Y:0D S:F0 P:nvUbdIZc                $8789: 85 D4     STA $D4 = #$ED
A:00 X:00 Y:0D S:F0 P:nvUbdIZc                $878B: 29 7F     AND #$7F
A:00 X:00 Y:0D S:F0 P:nvUbdIZc                $878D: F0 03     BEQ $8792
A:00 X:00 Y:0D S:F0 P:nvUbdIZc                $8792: A5 CF     LDA $CF = #$00
A:00 X:00 Y:0D S:F0 P:nvUbdIZc                $8794: 4A        LSR
A:00 X:00 Y:0D S:F0 P:nvUbdIZc                $8795: 90 01     BCC $8798
A:00 X:00 Y:0D S:F0 P:nvUbdIZc                $8798: A9 0C     LDA #$0C
A:0C X:00 Y:0D S:F0 P:nvUbdIzc                $879A: 85 D4     STA $D4 = #$00
A:0C X:00 Y:0D S:F0 P:nvUbdIzc                $879C: 20 16 85  JSR $8516
A:0C X:00 Y:0D S:EE P:nvUbdIzc                  $8516: A0 14     LDY #$14
A:0C X:00 Y:14 S:EE P:nvUbdIzc                  $8518: B1 CC     LDA ($CC),Y @ $07D2 = #$00
A:00 X:00 Y:14 S:EE P:nvUbdIZc                  $851A: 29 7F     AND #$7F
A:00 X:00 Y:14 S:EE P:nvUbdIZc                  $851C: 91 CC     STA ($CC),Y @ $07D2 = #$00
A:00 X:00 Y:14 S:EE P:nvUbdIZc                  $851E: A0 16     LDY #$16
A:00 X:00 Y:16 S:EE P:nvUbdIzc                  $8520: B1 CC     LDA ($CC),Y @ $07D4 = #$00
A:00 X:00 Y:16 S:EE P:nvUbdIZc                  $8522: 0A        ASL
A:00 X:00 Y:16 S:EE P:nvUbdIZc                  $8523: 90 10     BCC $8535
A:00 X:00 Y:16 S:EE P:nvUbdIZc                  $8535: A2 06     LDX #$06
A:00 X:06 Y:16 S:EE P:nvUbdIzc                  $8537: A9 00     LDA #$00
A:00 X:06 Y:16 S:EE P:nvUbdIZc                  $8539: A0 18     LDY #$18
A:00 X:06 Y:18 S:EE P:nvUbdIzc                  $853B: 91 CC     STA ($CC),Y @ $07D6 = #$01
A:00 X:06 Y:18 S:EE P:nvUbdIzc                  $853D: C8        INY
A:00 X:06 Y:19 S:EE P:nvUbdIzc                  $853E: CA        DEX
A:00 X:05 Y:19 S:EE P:nvUbdIzc                  $853F: D0 FA     BNE $853B
A:00 X:05 Y:19 S:EE P:nvUbdIzc                  $853B: 91 CC     STA ($CC),Y @ $07D7 = #$00
A:00 X:05 Y:19 S:EE P:nvUbdIzc                  $853D: C8        INY
A:00 X:05 Y:1A S:EE P:nvUbdIzc                  $853E: CA        DEX
A:00 X:04 Y:1A S:EE P:nvUbdIzc                  $853F: D0 FA     BNE $853B
A:00 X:04 Y:1A S:EE P:nvUbdIzc                  $853B: 91 CC     STA ($CC),Y @ $07D8 = #$00
A:00 X:04 Y:1A S:EE P:nvUbdIzc                  $853D: C8        INY
A:00 X:04 Y:1B S:EE P:nvUbdIzc                  $853E: CA        DEX
A:00 X:03 Y:1B S:EE P:nvUbdIzc                  $853F: D0 FA     BNE $853B
A:00 X:03 Y:1B S:EE P:nvUbdIzc                  $853B: 91 CC     STA ($CC),Y @ $07D9 = #$00
A:00 X:03 Y:1B S:EE P:nvUbdIzc                  $853D: C8        INY
A:00 X:03 Y:1C S:EE P:nvUbdIzc                  $853E: CA        DEX
A:00 X:02 Y:1C S:EE P:nvUbdIzc                  $853F: D0 FA     BNE $853B
A:00 X:02 Y:1C S:EE P:nvUbdIzc                  $853B: 91 CC     STA ($CC),Y @ $07DA = #$00
A:00 X:02 Y:1C S:EE P:nvUbdIzc                  $853D: C8        INY
A:00 X:02 Y:1D S:EE P:nvUbdIzc                  $853E: CA        DEX
A:00 X:01 Y:1D S:EE P:nvUbdIzc                  $853F: D0 FA     BNE $853B
A:00 X:01 Y:1D S:EE P:nvUbdIzc                  $853B: 91 CC     STA ($CC),Y @ $07DB = #$01
A:00 X:01 Y:1D S:EE P:nvUbdIzc                  $853D: C8        INY
A:00 X:01 Y:1E S:EE P:nvUbdIzc                  $853E: CA        DEX
A:00 X:00 Y:1E S:EE P:nvUbdIZc                  $853F: D0 FA     BNE $853B
A:00 X:00 Y:1E S:EE P:nvUbdIZc                  $8541: A9 FF     LDA #$FF
A:FF X:00 Y:1E S:EE P:NvUbdIzc                  $8543: A0 1C     LDY #$1C
A:FF X:00 Y:1C S:EE P:nvUbdIzc                  $8545: 91 CC     STA ($CC),Y @ $07DA = #$00
A:FF X:00 Y:1C S:EE P:nvUbdIzc                  $8547: 60        RTS (from $8516) ----------------------------
A:FF X:00 Y:1C S:F0 P:nvUbdIzc                $879F: 4C FD 84  JMP $84FD
A:FF X:00 Y:1C S:F0 P:nvUbdIzc                $84FD: A0 01     LDY #$01
A:FF X:00 Y:01 S:F0 P:nvUbdIzc                $84FF: C4 CE     CPY $CE = #$02
A:FF X:00 Y:01 S:F0 P:NvUbdIzc                $8501: D0 06     BNE $8509
A:FF X:00 Y:01 S:F0 P:NvUbdIzc                $8509: A9 00     LDA #$00
A:00 X:00 Y:01 S:F0 P:nvUbdIZc                $850B: A6 CB     LDX $CB = #$08
A:00 X:08 Y:01 S:F0 P:nvUbdIzc                $850D: E8        INX
A:00 X:09 Y:01 S:F0 P:nvUbdIzc                $850E: E8        INX
A:00 X:0A Y:01 S:F0 P:nvUbdIzc                $850F: 9D 00 40  STA $4000,X @ $400A = #$F0
A:00 X:0A Y:01 S:F0 P:nvUbdIzc                $8512: 9D 01 40  STA $4001,X @ $400B = #$08
A:00 X:0A Y:01 S:F0 P:nvUbdIzc                $8515: 60        RTS (from $86B4) ----------------------------
A:00 X:0A Y:01 S:F2 P:nvUbdIzc              $8283: 4C 94 82  JMP $8294
A:00 X:0A Y:01 S:F2 P:nvUbdIzc              $8294: 46 CF     LSR $CF = #$00
A:00 X:0A Y:01 S:F2 P:nvUbdIZc              $8296: 90 06     BCC $829E
A:00 X:0A Y:01 S:F2 P:nvUbdIZc              $829E: C6 CE     DEC $CE = #$02
A:00 X:0A Y:01 S:F2 P:nvUbdIzc              $82A0: F0 17     BEQ $82B9
A:00 X:0A Y:01 S:F2 P:nvUbdIzc              $82A2: A9 04     LDA #$04
A:04 X:0A Y:01 S:F2 P:nvUbdIzc              $82A4: 18        CLC
A:04 X:0A Y:01 S:F2 P:nvUbdIzc              $82A5: 65 CB     ADC $CB = #$08
A:0C X:0A Y:01 S:F2 P:nvUbdIzc              $82A7: 85 CB     STA $CB = #$08
A:0C X:0A Y:01 S:F2 P:nvUbdIzc              $82A9: A9 1F     LDA #$1F
A:1F X:0A Y:01 S:F2 P:nvUbdIzc              $82AB: 18        CLC
A:1F X:0A Y:01 S:F2 P:nvUbdIzc              $82AC: 65 CC     ADC $CC = #$BE
A:DD X:0A Y:01 S:F2 P:NvUbdIzc              $82AE: 85 CC     STA $CC = #$BE
A:DD X:0A Y:01 S:F2 P:NvUbdIzc              $82B0: A9 00     LDA #$00
A:00 X:0A Y:01 S:F2 P:nvUbdIZc              $82B2: 65 CD     ADC $CD = #$07
A:07 X:0A Y:01 S:F2 P:nvUbdIzc              $82B4: 85 CD     STA $CD = #$07
A:07 X:0A Y:01 S:F2 P:nvUbdIzc              $82B6: 4C 4C 82  JMP $824C
A:07 X:0A Y:01 S:F2 P:nvUbdIzc              $824C: A9 01     LDA #$01
A:01 X:0A Y:01 S:F2 P:nvUbdIzc              $824E: A0 18     LDY #$18
A:01 X:0A Y:18 S:F2 P:nvUbdIzc              $8250: 18        CLC
A:01 X:0A Y:18 S:F2 P:nvUbdIzc              $8251: 71 CC     ADC ($CC),Y @ $07F5 = #$00
A:01 X:0A Y:18 S:F2 P:nvUbdIzc              $8253: 91 CC     STA ($CC),Y @ $07F5 = #$00
A:01 X:0A Y:18 S:F2 P:nvUbdIzc              $8255: A9 01     LDA #$01
A:01 X:0A Y:18 S:F2 P:nvUbdIzc              $8257: A0 1D     LDY #$1D
A:01 X:0A Y:1D S:F2 P:nvUbdIzc              $8259: 18        CLC
A:01 X:0A Y:1D S:F2 P:nvUbdIzc              $825A: 71 CC     ADC ($CC),Y @ $07FA = #$00
A:01 X:0A Y:1D S:F2 P:nvUbdIzc              $825C: 91 CC     STA ($CC),Y @ $07FA = #$00
A:01 X:0A Y:1D S:F2 P:nvUbdIzc              $825E: A5 CF     LDA $CF = #$00
A:00 X:0A Y:1D S:F2 P:nvUbdIZc              $8260: 4A        LSR
A:00 X:0A Y:1D S:F2 P:nvUbdIZc              $8261: 90 03     BCC $8266
A:00 X:0A Y:1D S:F2 P:nvUbdIZc              $8266: A5 30     LDA $30 = #$00
A:00 X:0A Y:1D S:F2 P:nvUbdIZc              $8268: 4A        LSR
A:00 X:0A Y:1D S:F2 P:nvUbdIZc              $8269: 90 03     BCC $826E
A:00 X:0A Y:1D S:F2 P:nvUbdIZc              $826E: A0 00     LDY #$00
A:00 X:0A Y:00 S:F2 P:nvUbdIZc              $8270: B1 CC     LDA ($CC),Y @ $07DD = #$F9
A:F9 X:0A Y:00 S:F2 P:NvUbdIzc              $8272: C8        INY
A:F9 X:0A Y:01 S:F2 P:nvUbdIzc              $8273: 11 CC     ORA ($CC),Y @ $07DE = #$9C
A:FD X:0A Y:01 S:F2 P:NvUbdIzc              $8275: F0 0F     BEQ $8286
A:FD X:0A Y:01 S:F2 P:NvUbdIzc              $8277: A9 01     LDA #$01
A:01 X:0A Y:01 S:F2 P:nvUbdIzc              $8279: A0 0E     LDY #$0E
A:01 X:0A Y:0E S:F2 P:nvUbdIzc              $827B: 18        CLC
A:01 X:0A Y:0E S:F2 P:nvUbdIzc              $827C: 71 CC     ADC ($CC),Y @ $07EB = #$00
A:01 X:0A Y:0E S:F2 P:nvUbdIzc              $827E: 91 CC     STA ($CC),Y @ $07EB = #$00
A:01 X:0A Y:0E S:F2 P:nvUbdIzc              $8280: 20 B4 86  JSR $86B4
A:01 X:0A Y:0E S:F0 P:nvUbdIzc                $86B4: A5 C7     LDA $C7 = #$00
A:00 X:0A Y:0E S:F0 P:nvUbdIZc                $86B6: F0 0B     BEQ $86C3
A:00 X:0A Y:0E S:F0 P:nvUbdIZc                $86C3: A0 05     LDY #$05
A:00 X:0A Y:05 S:F0 P:nvUbdIzc                $86C5: B1 CC     LDA ($CC),Y @ $07E2 = #$00
A:00 X:0A Y:05 S:F0 P:nvUbdIZc                $86C7: 0A        ASL
A:00 X:0A Y:05 S:F0 P:nvUbdIZc                $86C8: 90 09     BCC $86D3
A:00 X:0A Y:05 S:F0 P:nvUbdIZc                $86D3: A0 02     LDY #$02
A:00 X:0A Y:02 S:F0 P:nvUbdIzc                $86D5: B1 CC     LDA ($CC),Y @ $07DF = #$00
A:00 X:0A Y:02 S:F0 P:nvUbdIZc                $86D7: C8        INY
A:00 X:0A Y:03 S:F0 P:nvUbdIzc                $86D8: 11 CC     ORA ($CC),Y @ $07E0 = #$00
A:00 X:0A Y:03 S:F0 P:nvUbdIZc                $86DA: F0 22     BEQ $86FE
A:00 X:0A Y:03 S:F0 P:nvUbdIZc                $86FE: A0 05     LDY #$05
A:00 X:0A Y:05 S:F0 P:nvUbdIzc                $8700: B1 CC     LDA ($CC),Y @ $07E2 = #$00
A:00 X:0A Y:05 S:F0 P:nvUbdIZc                $8702: 29 7F     AND #$7F
A:00 X:0A Y:05 S:F0 P:nvUbdIZc                $8704: 91 CC     STA ($CC),Y @ $07E2 = #$00
A:00 X:0A Y:05 S:F0 P:nvUbdIZc                $8706: 20 35 89  JSR $8935
A:00 X:0A Y:05 S:EE P:nvUbdIZc                  $8935: A0 00     LDY #$00
A:00 X:0A Y:00 S:EE P:nvUbdIZc                  $8937: B1 CC     LDA ($CC),Y @ $07DD = #$F9
A:F9 X:0A Y:00 S:EE P:NvUbdIzc                  $8939: 85 D4     STA $D4 = #$0C
A:F9 X:0A Y:00 S:EE P:NvUbdIzc                  $893B: C8        INY
A:F9 X:0A Y:01 S:EE P:nvUbdIzc                  $893C: B1 CC     LDA ($CC),Y @ $07DE = #$9C
A:9C X:0A Y:01 S:EE P:NvUbdIzc                  $893E: 85 D5     STA $D5 = #$89
A:9C X:0A Y:01 S:EE P:NvUbdIzc                  $8940: 88        DEY
A:9C X:0A Y:00 S:EE P:nvUbdIZc                  $8941: B1 D4     LDA ($D4),Y @ $9CF9 = #$00
A:00 X:0A Y:00 S:EE P:nvUbdIZc                  $8943: AA        TAX
A:00 X:00 Y:00 S:EE P:nvUbdIZc                  $8944: A9 01     LDA #$01
A:01 X:00 Y:00 S:EE P:nvUbdIzc                  $8946: 18        CLC
A:01 X:00 Y:00 S:EE P:nvUbdIzc                  $8947: 65 D4     ADC $D4 = #$F9
A:FA X:00 Y:00 S:EE P:NvUbdIzc                  $8949: 91 CC     STA ($CC),Y @ $07DD = #$F9
A:FA X:00 Y:00 S:EE P:NvUbdIzc                  $894B: A9 00     LDA #$00
A:00 X:00 Y:00 S:EE P:nvUbdIZc                  $894D: 65 D5     ADC $D5 = #$9C
A:9C X:00 Y:00 S:EE P:NvUbdIzc                  $894F: C8        INY
A:9C X:00 Y:01 S:EE P:nvUbdIzc                  $8950: 91 CC     STA ($CC),Y @ $07DE = #$9C
A:9C X:00 Y:01 S:EE P:nvUbdIzc                  $8952: 8A        TXA
A:00 X:00 Y:01 S:EE P:nvUbdIZc                  $8953: 60        RTS (from $8935) ----------------------------
A:00 X:00 Y:01 S:F0 P:nvUbdIZc                $8709: 29 F0     AND #$F0
A:00 X:00 Y:01 S:F0 P:nvUbdIZc                $870B: D0 03     BNE $8710
A:00 X:00 Y:01 S:F0 P:nvUbdIZc                $870D: 4C C0 87  JMP $87C0
A:00 X:00 Y:01 S:F0 P:nvUbdIZc                $87C0: 20 56 85  JSR $8556
A:00 X:00 Y:01 S:EE P:nvUbdIZc                  $8556: 8A        TXA
A:00 X:00 Y:01 S:EE P:nvUbdIZc                  $8557: 0A        ASL
A:00 X:00 Y:01 S:EE P:nvUbdIZc                  $8558: A8        TAY
A:00 X:00 Y:00 S:EE P:nvUbdIZc                  $8559: C8        INY
A:00 X:00 Y:01 S:EE P:nvUbdIzc                  $855A: 68        PLA
A:C2 X:00 Y:01 S:EF P:NvUbdIzc                 $855B: 85 D4     STA $D4 = #$F9
A:C2 X:00 Y:01 S:EF P:NvUbdIzc                 $855D: 68        PLA
A:87 X:00 Y:01 S:F0 P:NvUbdIzc                $855E: 85 D5     STA $D5 = #$9C
A:87 X:00 Y:01 S:F0 P:NvUbdIzc                $8560: B1 D4     LDA ($D4),Y @ $87C3 = #$D7
A:D7 X:00 Y:01 S:F0 P:NvUbdIzc                $8562: AA        TAX
A:D7 X:D7 Y:01 S:F0 P:NvUbdIzc                $8563: C8        INY
A:D7 X:D7 Y:02 S:F0 P:nvUbdIzc                $8564: B1 D4     LDA ($D4),Y @ $87C4 = #$87
A:87 X:D7 Y:02 S:F0 P:NvUbdIzc                $8566: 85 D5     STA $D5 = #$87
A:87 X:D7 Y:02 S:F0 P:NvUbdIzc                $8568: 86 D4     STX $D4 = #$C2
A:87 X:D7 Y:02 S:F0 P:NvUbdIzc                $856A: 6C D4 00  JMP ($00D4) = $87D7
A:87 X:D7 Y:02 S:F0 P:NvUbdIzc                $87D7: 20 35 89  JSR $8935
A:87 X:D7 Y:02 S:EE P:NvUbdIzc                  $8935: A0 00     LDY #$00
A:87 X:D7 Y:00 S:EE P:nvUbdIZc                  $8937: B1 CC     LDA ($CC),Y @ $07DD = #$FA
A:FA X:D7 Y:00 S:EE P:NvUbdIzc                  $8939: 85 D4     STA $D4 = #$D7
A:FA X:D7 Y:00 S:EE P:NvUbdIzc                  $893B: C8        INY
A:FA X:D7 Y:01 S:EE P:nvUbdIzc                  $893C: B1 CC     LDA ($CC),Y @ $07DE = #$9C
A:9C X:D7 Y:01 S:EE P:NvUbdIzc                  $893E: 85 D5     STA $D5 = #$87
A:9C X:D7 Y:01 S:EE P:NvUbdIzc                  $8940: 88        DEY
A:9C X:D7 Y:00 S:EE P:nvUbdIZc                  $8941: B1 D4     LDA ($D4),Y @ $9CFA = #$03
A:03 X:D7 Y:00 S:EE P:nvUbdIzc                  $8943: AA        TAX
A:03 X:03 Y:00 S:EE P:nvUbdIzc                  $8944: A9 01     LDA #$01
A:01 X:03 Y:00 S:EE P:nvUbdIzc                  $8946: 18        CLC
A:01 X:03 Y:00 S:EE P:nvUbdIzc                  $8947: 65 D4     ADC $D4 = #$FA
A:FB X:03 Y:00 S:EE P:NvUbdIzc                  $8949: 91 CC     STA ($CC),Y @ $07DD = #$FA
A:FB X:03 Y:00 S:EE P:NvUbdIzc                  $894B: A9 00     LDA #$00
A:00 X:03 Y:00 S:EE P:nvUbdIZc                  $894D: 65 D5     ADC $D5 = #$9C
A:9C X:03 Y:00 S:EE P:NvUbdIzc                  $894F: C8        INY
A:9C X:03 Y:01 S:EE P:nvUbdIzc                  $8950: 91 CC     STA ($CC),Y @ $07DE = #$9C
A:9C X:03 Y:01 S:EE P:nvUbdIzc                  $8952: 8A        TXA
A:03 X:03 Y:01 S:EE P:nvUbdIzc                  $8953: 60        RTS (from $8935) ----------------------------
A:03 X:03 Y:01 S:F0 P:nvUbdIzc                $87DA: A0 04     LDY #$04
A:03 X:03 Y:04 S:F0 P:nvUbdIzc                $87DC: 91 CC     STA ($CC),Y @ $07E1 = #$00
A:03 X:03 Y:04 S:F0 P:nvUbdIzc                $87DE: 4C 06 87  JMP $8706
A:03 X:03 Y:04 S:F0 P:nvUbdIzc                $8706: 20 35 89  JSR $8935
A:03 X:03 Y:04 S:EE P:nvUbdIzc                  $8935: A0 00     LDY #$00
A:03 X:03 Y:00 S:EE P:nvUbdIZc                  $8937: B1 CC     LDA ($CC),Y @ $07DD = #$FB
A:FB X:03 Y:00 S:EE P:NvUbdIzc                  $8939: 85 D4     STA $D4 = #$FA
A:FB X:03 Y:00 S:EE P:NvUbdIzc                  $893B: C8        INY
A:FB X:03 Y:01 S:EE P:nvUbdIzc                  $893C: B1 CC     LDA ($CC),Y @ $07DE = #$9C
A:9C X:03 Y:01 S:EE P:NvUbdIzc                  $893E: 85 D5     STA $D5 = #$9C
A:9C X:03 Y:01 S:EE P:NvUbdIzc                  $8940: 88        DEY
A:9C X:03 Y:00 S:EE P:nvUbdIZc                  $8941: B1 D4     LDA ($D4),Y @ $9CFB = #$03
A:03 X:03 Y:00 S:EE P:nvUbdIzc                  $8943: AA        TAX
A:03 X:03 Y:00 S:EE P:nvUbdIzc                  $8944: A9 01     LDA #$01
A:01 X:03 Y:00 S:EE P:nvUbdIzc                  $8946: 18        CLC
A:01 X:03 Y:00 S:EE P:nvUbdIzc                  $8947: 65 D4     ADC $D4 = #$FB
A:FC X:03 Y:00 S:EE P:NvUbdIzc                  $8949: 91 CC     STA ($CC),Y @ $07DD = #$FB
A:FC X:03 Y:00 S:EE P:NvUbdIzc                  $894B: A9 00     LDA #$00
A:00 X:03 Y:00 S:EE P:nvUbdIZc                  $894D: 65 D5     ADC $D5 = #$9C
A:9C X:03 Y:00 S:EE P:NvUbdIzc                  $894F: C8        INY
A:9C X:03 Y:01 S:EE P:nvUbdIzc                  $8950: 91 CC     STA ($CC),Y @ $07DE = #$9C
A:9C X:03 Y:01 S:EE P:nvUbdIzc                  $8952: 8A        TXA
A:03 X:03 Y:01 S:EE P:nvUbdIzc                  $8953: 60        RTS (from $8935) ----------------------------
A:03 X:03 Y:01 S:F0 P:nvUbdIzc                $8709: 29 F0     AND #$F0
A:00 X:03 Y:01 S:F0 P:nvUbdIZc                $870B: D0 03     BNE $8710
A:00 X:03 Y:01 S:F0 P:nvUbdIZc                $870D: 4C C0 87  JMP $87C0
A:00 X:03 Y:01 S:F0 P:nvUbdIZc                $87C0: 20 56 85  JSR $8556
A:00 X:03 Y:01 S:EE P:nvUbdIZc                  $8556: 8A        TXA
A:03 X:03 Y:01 S:EE P:nvUbdIzc                  $8557: 0A        ASL
A:06 X:03 Y:01 S:EE P:nvUbdIzc                  $8558: A8        TAY
A:06 X:03 Y:06 S:EE P:nvUbdIzc                  $8559: C8        INY
A:06 X:03 Y:07 S:EE P:nvUbdIzc                  $855A: 68        PLA
A:C2 X:03 Y:07 S:EF P:NvUbdIzc                 $855B: 85 D4     STA $D4 = #$FB
A:C2 X:03 Y:07 S:EF P:NvUbdIzc                 $855D: 68        PLA
A:87 X:03 Y:07 S:F0 P:NvUbdIzc                $855E: 85 D5     STA $D5 = #$9C
A:87 X:03 Y:07 S:F0 P:NvUbdIzc                $8560: B1 D4     LDA ($D4),Y @ $87C9 = #$FB
A:FB X:03 Y:07 S:F0 P:NvUbdIzc                $8562: AA        TAX
A:FB X:FB Y:07 S:F0 P:NvUbdIzc                $8563: C8        INY
A:FB X:FB Y:08 S:F0 P:nvUbdIzc                $8564: B1 D4     LDA ($D4),Y @ $87CA = #$87
A:87 X:FB Y:08 S:F0 P:NvUbdIzc                $8566: 85 D5     STA $D5 = #$87
A:87 X:FB Y:08 S:F0 P:NvUbdIzc                $8568: 86 D4     STX $D4 = #$C2
A:87 X:FB Y:08 S:F0 P:NvUbdIzc                $856A: 6C D4 00  JMP ($00D4) = $87FB
A:87 X:FB Y:08 S:F0 P:NvUbdIzc                $87FB: 20 35 89  JSR $8935
A:87 X:FB Y:08 S:EE P:NvUbdIzc                  $8935: A0 00     LDY #$00
A:87 X:FB Y:00 S:EE P:nvUbdIZc                  $8937: B1 CC     LDA ($CC),Y @ $07DD = #$FC
A:FC X:FB Y:00 S:EE P:NvUbdIzc                  $8939: 85 D4     STA $D4 = #$FB
A:FC X:FB Y:00 S:EE P:NvUbdIzc                  $893B: C8        INY
A:FC X:FB Y:01 S:EE P:nvUbdIzc                  $893C: B1 CC     LDA ($CC),Y @ $07DE = #$9C
A:9C X:FB Y:01 S:EE P:NvUbdIzc                  $893E: 85 D5     STA $D5 = #$87
A:9C X:FB Y:01 S:EE P:NvUbdIzc                  $8940: 88        DEY
A:9C X:FB Y:00 S:EE P:nvUbdIZc                  $8941: B1 D4     LDA ($D4),Y @ $9CFC = #$3D
A:3D X:FB Y:00 S:EE P:nvUbdIzc                  $8943: AA        TAX
A:3D X:3D Y:00 S:EE P:nvUbdIzc                  $8944: A9 01     LDA #$01
A:01 X:3D Y:00 S:EE P:nvUbdIzc                  $8946: 18        CLC
A:01 X:3D Y:00 S:EE P:nvUbdIzc                  $8947: 65 D4     ADC $D4 = #$FC
A:FD X:3D Y:00 S:EE P:NvUbdIzc                  $8949: 91 CC     STA ($CC),Y @ $07DD = #$FC
A:FD X:3D Y:00 S:EE P:NvUbdIzc                  $894B: A9 00     LDA #$00
A:00 X:3D Y:00 S:EE P:nvUbdIZc                  $894D: 65 D5     ADC $D5 = #$9C
A:9C X:3D Y:00 S:EE P:NvUbdIzc                  $894F: C8        INY
A:9C X:3D Y:01 S:EE P:nvUbdIzc                  $8950: 91 CC     STA ($CC),Y @ $07DE = #$9C
A:9C X:3D Y:01 S:EE P:nvUbdIzc                  $8952: 8A        TXA
A:3D X:3D Y:01 S:EE P:nvUbdIzc                  $8953: 60        RTS (from $8935) ----------------------------
A:3D X:3D Y:01 S:F0 P:nvUbdIzc                $87FE: A0 02     LDY #$02
A:3D X:3D Y:02 S:F0 P:nvUbdIzc                $8800: C4 CE     CPY $CE = #$01
A:3D X:3D Y:02 S:F0 P:nvUbdIzC                $8802: F0 0A     BEQ $880E
A:3D X:3D Y:02 S:F0 P:nvUbdIzC                $8804: 85 D4     STA $D4 = #$FC
A:3D X:3D Y:02 S:F0 P:nvUbdIzC                $8806: A0 0C     LDY #$0C
A:3D X:3D Y:0C S:F0 P:nvUbdIzC                $8808: B1 CC     LDA ($CC),Y @ $07E9 = #$00
A:00 X:3D Y:0C S:F0 P:nvUbdIZC                $880A: 29 C0     AND #$C0
A:00 X:3D Y:0C S:F0 P:nvUbdIZC                $880C: 05 D4     ORA $D4 = #$3D
A:3D X:3D Y:0C S:F0 P:nvUbdIzC                $880E: A0 0C     LDY #$0C
A:3D X:3D Y:0C S:F0 P:nvUbdIzC                $8810: 91 CC     STA ($CC),Y @ $07E9 = #$00
A:3D X:3D Y:0C S:F0 P:nvUbdIzC                $8812: 4C 06 87  JMP $8706
A:3D X:3D Y:0C S:F0 P:nvUbdIzC                $8706: 20 35 89  JSR $8935
A:3D X:3D Y:0C S:EE P:nvUbdIzC                  $8935: A0 00     LDY #$00
A:3D X:3D Y:00 S:EE P:nvUbdIZC                  $8937: B1 CC     LDA ($CC),Y @ $07DD = #$FD
A:FD X:3D Y:00 S:EE P:NvUbdIzC                  $8939: 85 D4     STA $D4 = #$3D
A:FD X:3D Y:00 S:EE P:NvUbdIzC                  $893B: C8        INY
A:FD X:3D Y:01 S:EE P:nvUbdIzC                  $893C: B1 CC     LDA ($CC),Y @ $07DE = #$9C
A:9C X:3D Y:01 S:EE P:NvUbdIzC                  $893E: 85 D5     STA $D5 = #$9C
A:9C X:3D Y:01 S:EE P:NvUbdIzC                  $8940: 88        DEY
A:9C X:3D Y:00 S:EE P:nvUbdIZC                  $8941: B1 D4     LDA ($D4),Y @ $9CFD = #$07
A:07 X:3D Y:00 S:EE P:nvUbdIzC                  $8943: AA        TAX
A:07 X:07 Y:00 S:EE P:nvUbdIzC                  $8944: A9 01     LDA #$01
A:01 X:07 Y:00 S:EE P:nvUbdIzC                  $8946: 18        CLC
A:01 X:07 Y:00 S:EE P:nvUbdIzc                  $8947: 65 D4     ADC $D4 = #$FD
A:FE X:07 Y:00 S:EE P:NvUbdIzc                  $8949: 91 CC     STA ($CC),Y @ $07DD = #$FD
A:FE X:07 Y:00 S:EE P:NvUbdIzc                  $894B: A9 00     LDA #$00
A:00 X:07 Y:00 S:EE P:nvUbdIZc                  $894D: 65 D5     ADC $D5 = #$9C
A:9C X:07 Y:00 S:EE P:NvUbdIzc                  $894F: C8        INY
A:9C X:07 Y:01 S:EE P:nvUbdIzc                  $8950: 91 CC     STA ($CC),Y @ $07DE = #$9C
A:9C X:07 Y:01 S:EE P:nvUbdIzc                  $8952: 8A        TXA
A:07 X:07 Y:01 S:EE P:nvUbdIzc                  $8953: 60        RTS (from $8935) ----------------------------
A:07 X:07 Y:01 S:F0 P:nvUbdIzc                $8709: 29 F0     AND #$F0
A:00 X:07 Y:01 S:F0 P:nvUbdIZc                $870B: D0 03     BNE $8710
A:00 X:07 Y:01 S:F0 P:nvUbdIZc                $870D: 4C C0 87  JMP $87C0
A:00 X:07 Y:01 S:F0 P:nvUbdIZc                $87C0: 20 56 85  JSR $8556
A:00 X:07 Y:01 S:EE P:nvUbdIZc                  $8556: 8A        TXA
A:07 X:07 Y:01 S:EE P:nvUbdIzc                  $8557: 0A        ASL
A:0E X:07 Y:01 S:EE P:nvUbdIzc                  $8558: A8        TAY
A:0E X:07 Y:0E S:EE P:nvUbdIzc                  $8559: C8        INY
A:0E X:07 Y:0F S:EE P:nvUbdIzc                  $855A: 68        PLA
A:C2 X:07 Y:0F S:EF P:NvUbdIzc                 $855B: 85 D4     STA $D4 = #$FD
A:C2 X:07 Y:0F S:EF P:NvUbdIzc                 $855D: 68        PLA
A:87 X:07 Y:0F S:F0 P:NvUbdIzc                $855E: 85 D5     STA $D5 = #$9C
A:87 X:07 Y:0F S:F0 P:NvUbdIzc                $8560: B1 D4     LDA ($D4),Y @ $87D1 = #$8D
A:8D X:07 Y:0F S:F0 P:NvUbdIzc                $8562: AA        TAX
A:8D X:8D Y:0F S:F0 P:NvUbdIzc                $8563: C8        INY
A:8D X:8D Y:10 S:F0 P:nvUbdIzc                $8564: B1 D4     LDA ($D4),Y @ $87D2 = #$88
A:88 X:8D Y:10 S:F0 P:NvUbdIzc                $8566: 85 D5     STA $D5 = #$87
A:88 X:8D Y:10 S:F0 P:NvUbdIzc                $8568: 86 D4     STX $D4 = #$C2
A:88 X:8D Y:10 S:F0 P:NvUbdIzc                $856A: 6C D4 00  JMP ($00D4) = $888D
A:88 X:8D Y:10 S:F0 P:NvUbdIzc                $888D: 20 35 89  JSR $8935
A:88 X:8D Y:10 S:EE P:NvUbdIzc                  $8935: A0 00     LDY #$00
A:88 X:8D Y:00 S:EE P:nvUbdIZc                  $8937: B1 CC     LDA ($CC),Y @ $07DD = #$FE
A:FE X:8D Y:00 S:EE P:NvUbdIzc                  $8939: 85 D4     STA $D4 = #$8D
A:FE X:8D Y:00 S:EE P:NvUbdIzc                  $893B: C8        INY
A:FE X:8D Y:01 S:EE P:nvUbdIzc                  $893C: B1 CC     LDA ($CC),Y @ $07DE = #$9C
A:9C X:8D Y:01 S:EE P:NvUbdIzc                  $893E: 85 D5     STA $D5 = #$88
A:9C X:8D Y:01 S:EE P:NvUbdIzc                  $8940: 88        DEY
A:9C X:8D Y:00 S:EE P:nvUbdIZc                  $8941: B1 D4     LDA ($D4),Y @ $9CFE = #$81
A:81 X:8D Y:00 S:EE P:NvUbdIzc                  $8943: AA        TAX
A:81 X:81 Y:00 S:EE P:NvUbdIzc                  $8944: A9 01     LDA #$01
A:01 X:81 Y:00 S:EE P:nvUbdIzc                  $8946: 18        CLC
A:01 X:81 Y:00 S:EE P:nvUbdIzc                  $8947: 65 D4     ADC $D4 = #$FE
A:FF X:81 Y:00 S:EE P:NvUbdIzc                  $8949: 91 CC     STA ($CC),Y @ $07DD = #$FE
A:FF X:81 Y:00 S:EE P:NvUbdIzc                  $894B: A9 00     LDA #$00
A:00 X:81 Y:00 S:EE P:nvUbdIZc                  $894D: 65 D5     ADC $D5 = #$9C
A:9C X:81 Y:00 S:EE P:NvUbdIzc                  $894F: C8        INY
A:9C X:81 Y:01 S:EE P:nvUbdIzc                  $8950: 91 CC     STA ($CC),Y @ $07DE = #$9C
A:9C X:81 Y:01 S:EE P:nvUbdIzc                  $8952: 8A        TXA
A:81 X:81 Y:01 S:EE P:NvUbdIzc                  $8953: 60        RTS (from $8935) ----------------------------
A:81 X:81 Y:01 S:F0 P:NvUbdIzc                $8890: A0 0D     LDY #$0D
A:81 X:81 Y:0D S:F0 P:nvUbdIzc                $8892: 91 CC     STA ($CC),Y @ $07EA = #$00
A:81 X:81 Y:0D S:F0 P:nvUbdIzc                $8894: 48        PHA
A:81 X:81 Y:0D S:EF P:nvUbdIzc                 $8895: 20 35 89  JSR $8935
A:81 X:81 Y:0D S:ED P:nvUbdIzc                   $8935: A0 00     LDY #$00
A:81 X:81 Y:00 S:ED P:nvUbdIZc                   $8937: B1 CC     LDA ($CC),Y @ $07DD = #$FF
A:FF X:81 Y:00 S:ED P:NvUbdIzc                   $8939: 85 D4     STA $D4 = #$FE
A:FF X:81 Y:00 S:ED P:NvUbdIzc                   $893B: C8        INY
A:FF X:81 Y:01 S:ED P:nvUbdIzc                   $893C: B1 CC     LDA ($CC),Y @ $07DE = #$9C
A:9C X:81 Y:01 S:ED P:NvUbdIzc                   $893E: 85 D5     STA $D5 = #$9C
A:9C X:81 Y:01 S:ED P:NvUbdIzc                   $8940: 88        DEY
A:9C X:81 Y:00 S:ED P:nvUbdIZc                   $8941: B1 D4     LDA ($D4),Y @ $9CFF = #$30
A:30 X:81 Y:00 S:ED P:nvUbdIzc                   $8943: AA        TAX
A:30 X:30 Y:00 S:ED P:nvUbdIzc                   $8944: A9 01     LDA #$01
A:01 X:30 Y:00 S:ED P:nvUbdIzc                   $8946: 18        CLC
A:01 X:30 Y:00 S:ED P:nvUbdIzc                   $8947: 65 D4     ADC $D4 = #$FF
A:00 X:30 Y:00 S:ED P:nvUbdIZC                   $8949: 91 CC     STA ($CC),Y @ $07DD = #$FF
A:00 X:30 Y:00 S:ED P:nvUbdIZC                   $894B: A9 00     LDA #$00
A:00 X:30 Y:00 S:ED P:nvUbdIZC                   $894D: 65 D5     ADC $D5 = #$9C
A:9D X:30 Y:00 S:ED P:NvUbdIzc                   $894F: C8        INY
A:9D X:30 Y:01 S:ED P:nvUbdIzc                   $8950: 91 CC     STA ($CC),Y @ $07DE = #$9C
A:9D X:30 Y:01 S:ED P:nvUbdIzc                   $8952: 8A        TXA
A:30 X:30 Y:01 S:ED P:nvUbdIzc                   $8953: 60        RTS (from $8935) ----------------------------
A:30 X:30 Y:01 S:EF P:nvUbdIzc                 $8898: A0 0F     LDY #$0F
A:30 X:30 Y:0F S:EF P:nvUbdIzc                 $889A: 91 CC     STA ($CC),Y @ $07EC = #$00
A:30 X:30 Y:0F S:EF P:nvUbdIzc                 $889C: 68        PLA
A:81 X:30 Y:0F S:F0 P:NvUbdIzc                $889D: 85 D4     STA $D4 = #$FF
A:81 X:30 Y:0F S:F0 P:NvUbdIzc                $889F: 29 7F     AND #$7F
A:01 X:30 Y:0F S:F0 P:nvUbdIzc                $88A1: F0 03     BEQ $88A6
A:01 X:30 Y:0F S:F0 P:nvUbdIzc                $88A3: 20 A9 88  JSR $88A9
A:01 X:30 Y:0F S:EE P:nvUbdIzc                  $88A9: A9 00     LDA #$00
A:00 X:30 Y:0F S:EE P:nvUbdIZc                  $88AB: A0 0E     LDY #$0E
A:00 X:30 Y:0E S:EE P:nvUbdIzc                  $88AD: 91 CC     STA ($CC),Y @ $07EB = #$01
A:00 X:30 Y:0E S:EE P:nvUbdIzc                  $88AF: A5 D4     LDA $D4 = #$81
A:81 X:30 Y:0E S:EE P:NvUbdIzc                  $88B1: 10 05     BPL $88B8
A:81 X:30 Y:0E S:EE P:NvUbdIzc                  $88B3: A9 0F     LDA #$0F
A:0F X:30 Y:0E S:EE P:nvUbdIzc                  $88B5: 4C BA 88  JMP $88BA
A:0F X:30 Y:0E S:EE P:nvUbdIzc                  $88BA: 85 D4     STA $D4 = #$81
A:0F X:30 Y:0E S:EE P:nvUbdIzc                  $88BC: A0 0F     LDY #$0F
A:0F X:30 Y:0F S:EE P:nvUbdIzc                  $88BE: B1 CC     LDA ($CC),Y @ $07EC = #$30
A:30 X:30 Y:0F S:EE P:nvUbdIzc                  $88C0: 29 F0     AND #$F0
A:30 X:30 Y:0F S:EE P:nvUbdIzc                  $88C2: 05 D4     ORA $D4 = #$0F
A:3F X:30 Y:0F S:EE P:nvUbdIzc                  $88C4: 91 CC     STA ($CC),Y @ $07EC = #$30
A:3F X:30 Y:0F S:EE P:nvUbdIzc                  $88C6: 60        RTS (from $88A9) ----------------------------
A:3F X:30 Y:0F S:F0 P:nvUbdIzc                $88A6: 4C 06 87  JMP $8706
A:3F X:30 Y:0F S:F0 P:nvUbdIzc                $8706: 20 35 89  JSR $8935
A:3F X:30 Y:0F S:EE P:nvUbdIzc                  $8935: A0 00     LDY #$00
A:3F X:30 Y:00 S:EE P:nvUbdIZc                  $8937: B1 CC     LDA ($CC),Y @ $07DD = #$00
A:00 X:30 Y:00 S:EE P:nvUbdIZc                  $8939: 85 D4     STA $D4 = #$0F
A:00 X:30 Y:00 S:EE P:nvUbdIZc                  $893B: C8        INY
A:00 X:30 Y:01 S:EE P:nvUbdIzc                  $893C: B1 CC     LDA ($CC),Y @ $07DE = #$9D
A:9D X:30 Y:01 S:EE P:NvUbdIzc                  $893E: 85 D5     STA $D5 = #$9C
A:9D X:30 Y:01 S:EE P:NvUbdIzc                  $8940: 88        DEY
A:9D X:30 Y:00 S:EE P:nvUbdIZc                  $8941: B1 D4     LDA ($D4),Y @ $9D00 = #$E0
A:E0 X:30 Y:00 S:EE P:NvUbdIzc                  $8943: AA        TAX
A:E0 X:E0 Y:00 S:EE P:NvUbdIzc                  $8944: A9 01     LDA #$01
A:01 X:E0 Y:00 S:EE P:nvUbdIzc                  $8946: 18        CLC
A:01 X:E0 Y:00 S:EE P:nvUbdIzc                  $8947: 65 D4     ADC $D4 = #$00
A:01 X:E0 Y:00 S:EE P:nvUbdIzc                  $8949: 91 CC     STA ($CC),Y @ $07DD = #$00
A:01 X:E0 Y:00 S:EE P:nvUbdIzc                  $894B: A9 00     LDA #$00
A:00 X:E0 Y:00 S:EE P:nvUbdIZc                  $894D: 65 D5     ADC $D5 = #$9D
A:9D X:E0 Y:00 S:EE P:NvUbdIzc                  $894F: C8        INY
A:9D X:E0 Y:01 S:EE P:nvUbdIzc                  $8950: 91 CC     STA ($CC),Y @ $07DE = #$9D
A:9D X:E0 Y:01 S:EE P:nvUbdIzc                  $8952: 8A        TXA
A:E0 X:E0 Y:01 S:EE P:NvUbdIzc                  $8953: 60        RTS (from $8935) ----------------------------
A:E0 X:E0 Y:01 S:F0 P:NvUbdIzc                $8709: 29 F0     AND #$F0
A:E0 X:E0 Y:01 S:F0 P:NvUbdIzc                $870B: D0 03     BNE $8710
A:E0 X:E0 Y:01 S:F0 P:NvUbdIzc                $8710: C9 20     CMP #$20
A:E0 X:E0 Y:01 S:F0 P:NvUbdIzC                $8712: D0 0B     BNE $871F
A:E0 X:E0 Y:01 S:F0 P:NvUbdIzC                $871F: C9 30     CMP #$30
A:E0 X:E0 Y:01 S:F0 P:NvUbdIzC                $8721: D0 03     BNE $8726
A:E0 X:E0 Y:01 S:F0 P:NvUbdIzC                $8726: 8A        TXA
A:E0 X:E0 Y:01 S:F0 P:NvUbdIzC                $8727: 2A        ROL
A:C1 X:E0 Y:01 S:F0 P:NvUbdIzC                $8728: 2A        ROL
A:83 X:E0 Y:01 S:F0 P:NvUbdIzC                $8729: 2A        ROL
A:07 X:E0 Y:01 S:F0 P:nvUbdIzC                $872A: 2A        ROL
A:0F X:E0 Y:01 S:F0 P:nvUbdIzc                $872B: 29 07     AND #$07
A:07 X:E0 Y:01 S:F0 P:nvUbdIzc                $872D: A8        TAY
A:07 X:E0 Y:07 S:F0 P:nvUbdIzc                $872E: B9 75 89  LDA $8975,Y @ $897C = #$40
A:40 X:E0 Y:07 S:F0 P:nvUbdIzc                $8731: 20 54 89  JSR $8954
A:40 X:E0 Y:07 S:EE P:nvUbdIzc                  $8954: 85 D4     STA $D4 = #$00
A:40 X:E0 Y:07 S:EE P:nvUbdIzc                  $8956: A9 00     LDA #$00
A:00 X:E0 Y:07 S:EE P:nvUbdIZc                  $8958: 85 D5     STA $D5 = #$9D
A:00 X:E0 Y:07 S:EE P:nvUbdIZc                  $895A: A0 04     LDY #$04
A:00 X:E0 Y:04 S:EE P:nvUbdIzc                  $895C: B1 CC     LDA ($CC),Y @ $07E1 = #$03
A:03 X:E0 Y:04 S:EE P:nvUbdIzc                  $895E: A8        TAY
A:03 X:E0 Y:03 S:EE P:nvUbdIzc                  $895F: A9 00     LDA #$00
A:00 X:E0 Y:03 S:EE P:nvUbdIZc                  $8961: 18        CLC
A:00 X:E0 Y:03 S:EE P:nvUbdIZc                  $8962: 65 D4     ADC $D4 = #$40
A:40 X:E0 Y:03 S:EE P:nvUbdIzc                  $8964: 90 02     BCC $8968
A:40 X:E0 Y:03 S:EE P:nvUbdIzc                  $8968: 88        DEY
A:40 X:E0 Y:02 S:EE P:nvUbdIzc                  $8969: D0 F6     BNE $8961
A:40 X:E0 Y:02 S:EE P:nvUbdIzc                  $8961: 18        CLC
A:40 X:E0 Y:02 S:EE P:nvUbdIzc                  $8962: 65 D4     ADC $D4 = #$40
A:80 X:E0 Y:02 S:EE P:NVUbdIzc                  $8964: 90 02     BCC $8968
A:80 X:E0 Y:02 S:EE P:NVUbdIzc                  $8968: 88        DEY
A:80 X:E0 Y:01 S:EE P:nVUbdIzc                  $8969: D0 F6     BNE $8961
A:80 X:E0 Y:01 S:EE P:nVUbdIzc                  $8961: 18        CLC
A:80 X:E0 Y:01 S:EE P:nVUbdIzc                  $8962: 65 D4     ADC $D4 = #$40
A:C0 X:E0 Y:01 S:EE P:NvUbdIzc                  $8964: 90 02     BCC $8968
A:C0 X:E0 Y:01 S:EE P:NvUbdIzc                  $8968: 88        DEY
A:C0 X:E0 Y:00 S:EE P:nvUbdIZc                  $8969: D0 F6     BNE $8961
A:C0 X:E0 Y:00 S:EE P:nvUbdIZc                  $896B: A0 02     LDY #$02
A:C0 X:E0 Y:02 S:EE P:nvUbdIzc                  $896D: 91 CC     STA ($CC),Y @ $07DF = #$00
A:C0 X:E0 Y:02 S:EE P:nvUbdIzc                  $896F: C8        INY
A:C0 X:E0 Y:03 S:EE P:nvUbdIzc                  $8970: A5 D5     LDA $D5 = #$00
A:00 X:E0 Y:03 S:EE P:nvUbdIZc                  $8972: 91 CC     STA ($CC),Y @ $07E0 = #$00
A:00 X:E0 Y:03 S:EE P:nvUbdIZc                  $8974: 60        RTS (from $8954) ----------------------------
A:00 X:E0 Y:03 S:F0 P:nvUbdIZc                $8734: A0 06     LDY #$06
A:00 X:E0 Y:06 S:F0 P:nvUbdIzc                $8736: B1 CC     LDA ($CC),Y @ $07E3 = #$00
A:00 X:E0 Y:06 S:F0 P:nvUbdIZc                $8738: 29 E0     AND #$E0
A:00 X:E0 Y:06 S:F0 P:nvUbdIZc                $873A: F0 16     BEQ $8752
A:00 X:E0 Y:06 S:F0 P:nvUbdIZc                $8752: 8A        TXA
A:E0 X:E0 Y:06 S:F0 P:NvUbdIzc                $8753: 29 1F     AND #$1F
A:00 X:E0 Y:06 S:F0 P:nvUbdIZc                $8755: D0 04     BNE $875B
A:00 X:E0 Y:06 S:F0 P:nvUbdIZc                $8757: AA        TAX
A:00 X:00 Y:06 S:F0 P:nvUbdIZc                $8758: 4C 7D 87  JMP $877D
A:00 X:00 Y:06 S:F0 P:nvUbdIZc                $877D: A0 0A     LDY #$0A
A:00 X:00 Y:0A S:F0 P:nvUbdIzc                $877F: 91 CC     STA ($CC),Y @ $07E7 = #$00
A:00 X:00 Y:0A S:F0 P:nvUbdIzc                $8781: C8        INY
A:00 X:00 Y:0B S:F0 P:nvUbdIzc                $8782: 8A        TXA
A:00 X:00 Y:0B S:F0 P:nvUbdIZc                $8783: 91 CC     STA ($CC),Y @ $07E8 = #$00
A:00 X:00 Y:0B S:F0 P:nvUbdIZc                $8785: A0 0D     LDY #$0D
A:00 X:00 Y:0D S:F0 P:nvUbdIzc                $8787: B1 CC     LDA ($CC),Y @ $07EA = #$81
A:81 X:00 Y:0D S:F0 P:NvUbdIzc                $8789: 85 D4     STA $D4 = #$40
A:81 X:00 Y:0D S:F0 P:NvUbdIzc                $878B: 29 7F     AND #$7F
A:01 X:00 Y:0D S:F0 P:nvUbdIzc                $878D: F0 03     BEQ $8792
A:01 X:00 Y:0D S:F0 P:nvUbdIzc                $878F: 20 A9 88  JSR $88A9
A:01 X:00 Y:0D S:EE P:nvUbdIzc                  $88A9: A9 00     LDA #$00
A:00 X:00 Y:0D S:EE P:nvUbdIZc                  $88AB: A0 0E     LDY #$0E
A:00 X:00 Y:0E S:EE P:nvUbdIzc                  $88AD: 91 CC     STA ($CC),Y @ $07EB = #$00
A:00 X:00 Y:0E S:EE P:nvUbdIzc                  $88AF: A5 D4     LDA $D4 = #$81
A:81 X:00 Y:0E S:EE P:NvUbdIzc                  $88B1: 10 05     BPL $88B8
A:81 X:00 Y:0E S:EE P:NvUbdIzc                  $88B3: A9 0F     LDA #$0F
A:0F X:00 Y:0E S:EE P:nvUbdIzc                  $88B5: 4C BA 88  JMP $88BA
A:0F X:00 Y:0E S:EE P:nvUbdIzc                  $88BA: 85 D4     STA $D4 = #$81
A:0F X:00 Y:0E S:EE P:nvUbdIzc                  $88BC: A0 0F     LDY #$0F
A:0F X:00 Y:0F S:EE P:nvUbdIzc                  $88BE: B1 CC     LDA ($CC),Y @ $07EC = #$3F
A:3F X:00 Y:0F S:EE P:nvUbdIzc                  $88C0: 29 F0     AND #$F0
A:30 X:00 Y:0F S:EE P:nvUbdIzc                  $88C2: 05 D4     ORA $D4 = #$0F
A:3F X:00 Y:0F S:EE P:nvUbdIzc                  $88C4: 91 CC     STA ($CC),Y @ $07EC = #$3F
A:3F X:00 Y:0F S:EE P:nvUbdIzc                  $88C6: 60        RTS (from $88A9) ----------------------------
A:3F X:00 Y:0F S:F0 P:nvUbdIzc                $8792: A5 CF     LDA $CF = #$00
A:00 X:00 Y:0F S:F0 P:nvUbdIZc                $8794: 4A        LSR
A:00 X:00 Y:0F S:F0 P:nvUbdIZc                $8795: 90 01     BCC $8798
A:00 X:00 Y:0F S:F0 P:nvUbdIZc                $8798: A9 0C     LDA #$0C
A:0C X:00 Y:0F S:F0 P:nvUbdIzc                $879A: 85 D4     STA $D4 = #$0F
A:0C X:00 Y:0F S:F0 P:nvUbdIzc                $879C: 20 16 85  JSR $8516
A:0C X:00 Y:0F S:EE P:nvUbdIzc                  $8516: A0 14     LDY #$14
A:0C X:00 Y:14 S:EE P:nvUbdIzc                  $8518: B1 CC     LDA ($CC),Y @ $07F1 = #$00
A:00 X:00 Y:14 S:EE P:nvUbdIZc                  $851A: 29 7F     AND #$7F
A:00 X:00 Y:14 S:EE P:nvUbdIZc                  $851C: 91 CC     STA ($CC),Y @ $07F1 = #$00
A:00 X:00 Y:14 S:EE P:nvUbdIZc                  $851E: A0 16     LDY #$16
A:00 X:00 Y:16 S:EE P:nvUbdIzc                  $8520: B1 CC     LDA ($CC),Y @ $07F3 = #$00
A:00 X:00 Y:16 S:EE P:nvUbdIZc                  $8522: 0A        ASL
A:00 X:00 Y:16 S:EE P:nvUbdIZc                  $8523: 90 10     BCC $8535
A:00 X:00 Y:16 S:EE P:nvUbdIZc                  $8535: A2 06     LDX #$06
A:00 X:06 Y:16 S:EE P:nvUbdIzc                  $8537: A9 00     LDA #$00
A:00 X:06 Y:16 S:EE P:nvUbdIZc                  $8539: A0 18     LDY #$18
A:00 X:06 Y:18 S:EE P:nvUbdIzc                  $853B: 91 CC     STA ($CC),Y @ $07F5 = #$01
A:00 X:06 Y:18 S:EE P:nvUbdIzc                  $853D: C8        INY
A:00 X:06 Y:19 S:EE P:nvUbdIzc                  $853E: CA        DEX
A:00 X:05 Y:19 S:EE P:nvUbdIzc                  $853F: D0 FA     BNE $853B
A:00 X:05 Y:19 S:EE P:nvUbdIzc                  $853B: 91 CC     STA ($CC),Y @ $07F6 = #$00
A:00 X:05 Y:19 S:EE P:nvUbdIzc                  $853D: C8        INY
A:00 X:05 Y:1A S:EE P:nvUbdIzc                  $853E: CA        DEX
A:00 X:04 Y:1A S:EE P:nvUbdIzc                  $853F: D0 FA     BNE $853B
A:00 X:04 Y:1A S:EE P:nvUbdIzc                  $853B: 91 CC     STA ($CC),Y @ $07F7 = #$00
A:00 X:04 Y:1A S:EE P:nvUbdIzc                  $853D: C8        INY
A:00 X:04 Y:1B S:EE P:nvUbdIzc                  $853E: CA        DEX
A:00 X:03 Y:1B S:EE P:nvUbdIzc                  $853F: D0 FA     BNE $853B
A:00 X:03 Y:1B S:EE P:nvUbdIzc                  $853B: 91 CC     STA ($CC),Y @ $07F8 = #$00
A:00 X:03 Y:1B S:EE P:nvUbdIzc                  $853D: C8        INY
A:00 X:03 Y:1C S:EE P:nvUbdIzc                  $853E: CA        DEX
A:00 X:02 Y:1C S:EE P:nvUbdIzc                  $853F: D0 FA     BNE $853B
A:00 X:02 Y:1C S:EE P:nvUbdIzc                  $853B: 91 CC     STA ($CC),Y @ $07F9 = #$00
A:00 X:02 Y:1C S:EE P:nvUbdIzc                  $853D: C8        INY
A:00 X:02 Y:1D S:EE P:nvUbdIzc                  $853E: CA        DEX
A:00 X:01 Y:1D S:EE P:nvUbdIzc                  $853F: D0 FA     BNE $853B
A:00 X:01 Y:1D S:EE P:nvUbdIzc                  $853B: 91 CC     STA ($CC),Y @ $07FA = #$01
A:00 X:01 Y:1D S:EE P:nvUbdIzc                  $853D: C8        INY
A:00 X:01 Y:1E S:EE P:nvUbdIzc                  $853E: CA        DEX
A:00 X:00 Y:1E S:EE P:nvUbdIZc                  $853F: D0 FA     BNE $853B
A:00 X:00 Y:1E S:EE P:nvUbdIZc                  $8541: A9 FF     LDA #$FF
A:FF X:00 Y:1E S:EE P:NvUbdIzc                  $8543: A0 1C     LDY #$1C
A:FF X:00 Y:1C S:EE P:nvUbdIzc                  $8545: 91 CC     STA ($CC),Y @ $07F9 = #$00
A:FF X:00 Y:1C S:EE P:nvUbdIzc                  $8547: 60        RTS (from $8516) ----------------------------
A:FF X:00 Y:1C S:F0 P:nvUbdIzc                $879F: 4C FD 84  JMP $84FD
A:FF X:00 Y:1C S:F0 P:nvUbdIzc                $84FD: A0 01     LDY #$01
A:FF X:00 Y:01 S:F0 P:nvUbdIzc                $84FF: C4 CE     CPY $CE = #$01
A:FF X:00 Y:01 S:F0 P:nvUbdIZC                $8501: D0 06     BNE $8509
A:FF X:00 Y:01 S:F0 P:nvUbdIZC                $8503: A9 07     LDA #$07
A:07 X:00 Y:01 S:F0 P:nvUbdIzC                $8505: 8D 15 40  STA $4015 = #$0F
A:07 X:00 Y:01 S:F0 P:nvUbdIzC                $8508: 60        RTS (from $86B4) ----------------------------
A:07 X:00 Y:01 S:F2 P:nvUbdIzC              $8283: 4C 94 82  JMP $8294
A:07 X:00 Y:01 S:F2 P:nvUbdIzC              $8294: 46 CF     LSR $CF = #$00
A:07 X:00 Y:01 S:F2 P:nvUbdIZc              $8296: 90 06     BCC $829E
A:07 X:00 Y:01 S:F2 P:nvUbdIZc              $829E: C6 CE     DEC $CE = #$01
A:07 X:00 Y:01 S:F2 P:nvUbdIZc              $82A0: F0 17     BEQ $82B9
A:07 X:00 Y:01 S:F2 P:nvUbdIZc              $82B9: A5 C8     LDA $C8 = #$00
A:00 X:00 Y:01 S:F2 P:nvUbdIZc              $82BB: 29 7F     AND #$7F
A:00 X:00 Y:01 S:F2 P:nvUbdIZc              $82BD: F0 1E     BEQ $82DD
A:00 X:00 Y:01 S:F2 P:nvUbdIZc              $82DD: A5 D2     LDA $D2 = #$00
A:00 X:00 Y:01 S:F2 P:nvUbdIZc              $82DF: F0 02     BEQ $82E3
A:00 X:00 Y:01 S:F2 P:nvUbdIZc              $82E3: 46 CF     LSR $CF = #$00
A:00 X:00 Y:01 S:F2 P:nvUbdIZc              $82E5: 46 CF     LSR $CF = #$00
A:00 X:00 Y:01 S:F2 P:nvUbdIZc              $82E7: 46 CF     LSR $CF = #$00
A:00 X:00 Y:01 S:F2 P:nvUbdIZc              $82E9: 46 CF     LSR $CF = #$00
A:00 X:00 Y:01 S:F2 P:nvUbdIZc              $82EB: 60        RTS (from $C323) ----------------------------
A:00 X:00 Y:01 S:F4 P:nvUbdIZc            $C2F2: 20 83 C3  JSR $C383
A:00 X:00 Y:01 S:F2 P:nvUbdIZc              $C383: A9 05     LDA #$05
A:05 X:00 Y:01 S:F2 P:nvUbdIzc              $C385: 4C 7F C0  JMP $C07F
A:05 X:00 Y:01 S:F2 P:nvUbdIzc              $C07F: A0 05     LDY #$05
A:05 X:00 Y:05 S:F2 P:nvUbdIzc              $C081: 8C 05 C0  STY $C005 = #$05
A:05 X:00 Y:05 S:F2 P:nvUbdIzc              $C084: 0A        ASL
A:0A X:00 Y:05 S:F2 P:nvUbdIzc              $C085: A8        TAY
A:0A X:00 Y:0A S:F2 P:nvUbdIzc              $C086: B9 00 A8  LDA $A800,Y @ $A80A = #$48
A:48 X:00 Y:0A S:F2 P:nvUbdIzc              $C089: 85 3A     STA $3A = #$02
A:48 X:00 Y:0A S:F2 P:nvUbdIzc              $C08B: B9 01 A8  LDA $A801,Y @ $A80B = #$A9
A:A9 X:00 Y:0A S:F2 P:NvUbdIzc              $C08E: 85 3B     STA $3B = #$A9
A:A9 X:00 Y:0A S:F2 P:NvUbdIzc              $C090: 6C 3A 00  JMP ($003A) = $A948
A:A9 X:00 Y:0A S:F2 P:NvUbdIzc              $A948: 20 9C A9  JSR $A99C
A:A9 X:00 Y:0A S:F0 P:NvUbdIzc                $A99C: A9 07     LDA #$07
A:07 X:00 Y:0A S:F0 P:nvUbdIzc                $A99E: 8D 16 40  STA $4016 = #$00
A:07 X:00 Y:0A S:F0 P:nvUbdIzc                $A9A1: 29 FE     AND #$FE
A:06 X:00 Y:0A S:F0 P:nvUbdIzc                $A9A3: 8D 16 40  STA $4016 = #$07
A:06 X:00 Y:0A S:F0 P:nvUbdIzc                $A9A6: A0 08     LDY #$08
A:06 X:00 Y:08 S:F0 P:nvUbdIzc                $A9A8: 48        PHA
A:06 X:00 Y:08 S:EF P:nvUbdIzc                 $A9A9: AD 17 40  LDA $4017 = #$00
A:40 X:00 Y:08 S:EF P:nvUbdIzc                 $A9AC: 4A        LSR
A:20 X:00 Y:08 S:EF P:nvUbdIzc                 $A9AD: 4A        LSR
A:10 X:00 Y:08 S:EF P:nvUbdIzc                 $A9AE: 68        PLA
A:06 X:00 Y:08 S:F0 P:nvUbdIzc                $A9AF: 2A        ROL
A:0C X:00 Y:08 S:F0 P:nvUbdIzc                $A9B0: 88        DEY
A:0C X:00 Y:07 S:F0 P:nvUbdIzc                $A9B1: D0 F5     BNE $A9A8
A:0C X:00 Y:07 S:F0 P:nvUbdIzc                $A9A8: 48        PHA
A:0C X:00 Y:07 S:EF P:nvUbdIzc                 $A9A9: AD 17 40  LDA $4017 = #$00
A:40 X:00 Y:07 S:EF P:nvUbdIzc                 $A9AC: 4A        LSR
A:20 X:00 Y:07 S:EF P:nvUbdIzc                 $A9AD: 4A        LSR
A:10 X:00 Y:07 S:EF P:nvUbdIzc                 $A9AE: 68        PLA
A:0C X:00 Y:07 S:F0 P:nvUbdIzc                $A9AF: 2A        ROL
A:18 X:00 Y:07 S:F0 P:nvUbdIzc                $A9B0: 88        DEY
A:18 X:00 Y:06 S:F0 P:nvUbdIzc                $A9B1: D0 F5     BNE $A9A8
A:18 X:00 Y:06 S:F0 P:nvUbdIzc                $A9A8: 48        PHA
A:18 X:00 Y:06 S:EF P:nvUbdIzc                 $A9A9: AD 17 40  LDA $4017 = #$00
A:40 X:00 Y:06 S:EF P:nvUbdIzc                 $A9AC: 4A        LSR
A:20 X:00 Y:06 S:EF P:nvUbdIzc                 $A9AD: 4A        LSR
A:10 X:00 Y:06 S:EF P:nvUbdIzc                 $A9AE: 68        PLA
A:18 X:00 Y:06 S:F0 P:nvUbdIzc                $A9AF: 2A        ROL
A:30 X:00 Y:06 S:F0 P:nvUbdIzc                $A9B0: 88        DEY
A:30 X:00 Y:05 S:F0 P:nvUbdIzc                $A9B1: D0 F5     BNE $A9A8
A:30 X:00 Y:05 S:F0 P:nvUbdIzc                $A9A8: 48        PHA
A:30 X:00 Y:05 S:EF P:nvUbdIzc                 $A9A9: AD 17 40  LDA $4017 = #$00
A:40 X:00 Y:05 S:EF P:nvUbdIzc                 $A9AC: 4A        LSR
A:20 X:00 Y:05 S:EF P:nvUbdIzc                 $A9AD: 4A        LSR
A:10 X:00 Y:05 S:EF P:nvUbdIzc                 $A9AE: 68        PLA
A:30 X:00 Y:05 S:F0 P:nvUbdIzc                $A9AF: 2A        ROL
A:60 X:00 Y:05 S:F0 P:nvUbdIzc                $A9B0: 88        DEY
A:60 X:00 Y:04 S:F0 P:nvUbdIzc                $A9B1: D0 F5     BNE $A9A8
A:60 X:00 Y:04 S:F0 P:nvUbdIzc                $A9A8: 48        PHA
A:60 X:00 Y:04 S:EF P:nvUbdIzc                 $A9A9: AD 17 40  LDA $4017 = #$00
A:40 X:00 Y:04 S:EF P:nvUbdIzc                 $A9AC: 4A        LSR
A:20 X:00 Y:04 S:EF P:nvUbdIzc                 $A9AD: 4A        LSR
A:10 X:00 Y:04 S:EF P:nvUbdIzc                 $A9AE: 68        PLA
A:60 X:00 Y:04 S:F0 P:nvUbdIzc                $A9AF: 2A        ROL
A:C0 X:00 Y:04 S:F0 P:NvUbdIzc                $A9B0: 88        DEY
A:C0 X:00 Y:03 S:F0 P:nvUbdIzc                $A9B1: D0 F5     BNE $A9A8
A:C0 X:00 Y:03 S:F0 P:nvUbdIzc                $A9A8: 48        PHA
A:C0 X:00 Y:03 S:EF P:nvUbdIzc                 $A9A9: AD 17 40  LDA $4017 = #$00
A:40 X:00 Y:03 S:EF P:nvUbdIzc                 $A9AC: 4A        LSR
A:20 X:00 Y:03 S:EF P:nvUbdIzc                 $A9AD: 4A        LSR
A:10 X:00 Y:03 S:EF P:nvUbdIzc                 $A9AE: 68        PLA
A:C0 X:00 Y:03 S:F0 P:NvUbdIzc                $A9AF: 2A        ROL
A:80 X:00 Y:03 S:F0 P:NvUbdIzC                $A9B0: 88        DEY
A:80 X:00 Y:02 S:F0 P:nvUbdIzC                $A9B1: D0 F5     BNE $A9A8
A:80 X:00 Y:02 S:F0 P:nvUbdIzC                $A9A8: 48        PHA
A:80 X:00 Y:02 S:EF P:nvUbdIzC                 $A9A9: AD 17 40  LDA $4017 = #$00
A:40 X:00 Y:02 S:EF P:nvUbdIzC                 $A9AC: 4A        LSR
A:20 X:00 Y:02 S:EF P:nvUbdIzc                 $A9AD: 4A        LSR
A:10 X:00 Y:02 S:EF P:nvUbdIzc                 $A9AE: 68        PLA
A:80 X:00 Y:02 S:F0 P:NvUbdIzc                $A9AF: 2A        ROL
A:00 X:00 Y:02 S:F0 P:nvUbdIZC                $A9B0: 88        DEY
A:00 X:00 Y:01 S:F0 P:nvUbdIzC                $A9B1: D0 F5     BNE $A9A8
A:00 X:00 Y:01 S:F0 P:nvUbdIzC                $A9A8: 48        PHA
A:00 X:00 Y:01 S:EF P:nvUbdIzC                 $A9A9: AD 17 40  LDA $4017 = #$00
A:40 X:00 Y:01 S:EF P:nvUbdIzC                 $A9AC: 4A        LSR
A:20 X:00 Y:01 S:EF P:nvUbdIzc                 $A9AD: 4A        LSR
A:10 X:00 Y:01 S:EF P:nvUbdIzc                 $A9AE: 68        PLA
A:00 X:00 Y:01 S:F0 P:nvUbdIZc                $A9AF: 2A        ROL
A:00 X:00 Y:01 S:F0 P:nvUbdIZc                $A9B0: 88        DEY
A:00 X:00 Y:00 S:F0 P:nvUbdIZc                $A9B1: D0 F5     BNE $A9A8
A:00 X:00 Y:00 S:F0 P:nvUbdIZc                $A9B3: 85 9F     STA $9F = #$00
A:00 X:00 Y:00 S:F0 P:nvUbdIZc                $A9B5: 60        RTS (from $A99C) ----------------------------
A:00 X:00 Y:00 S:F2 P:nvUbdIZc              $A94B: A5 F4     LDA $F4 = #$00
A:00 X:00 Y:00 S:F2 P:nvUbdIZc              $A94D: 85 F6     STA $F6 = #$00
A:00 X:00 Y:00 S:F2 P:nvUbdIZc              $A94F: A5 F5     LDA $F5 = #$00
A:00 X:00 Y:00 S:F2 P:nvUbdIZc              $A951: 85 F7     STA $F7 = #$00
A:00 X:00 Y:00 S:F2 P:nvUbdIZc              $A953: A9 01     LDA #$01
A:01 X:00 Y:00 S:F2 P:nvUbdIzc              $A955: 8D 16 40  STA $4016 = #$06
A:01 X:00 Y:00 S:F2 P:nvUbdIzc              $A958: 4A        LSR
A:00 X:00 Y:00 S:F2 P:nvUbdIZC              $A959: AA        TAX
A:00 X:00 Y:00 S:F2 P:nvUbdIZC              $A95A: 8D 16 40  STA $4016 = #$01
A:00 X:00 Y:00 S:F2 P:nvUbdIZC              $A95D: 20 82 A9  JSR $A982
A:00 X:00 Y:00 S:F0 P:nvUbdIZC                $A982: A0 08     LDY #$08
A:00 X:00 Y:08 S:F0 P:nvUbdIzC                $A984: 48        PHA
A:00 X:00 Y:08 S:EF P:nvUbdIzC                 $A985: BD 16 40  LDA $4016,X @ $4016 = #$00
A:40 X:00 Y:08 S:EF P:nvUbdIzC                 $A988: 85 00     STA $00 = #$02
A:40 X:00 Y:08 S:EF P:nvUbdIzC                 $A98A: 4A        LSR
A:20 X:00 Y:08 S:EF P:nvUbdIzc                 $A98B: 05 00     ORA $00 = #$40
A:60 X:00 Y:08 S:EF P:nvUbdIzc                 $A98D: 4A        LSR
A:30 X:00 Y:08 S:EF P:nvUbdIzc                 $A98E: 68        PLA
A:00 X:00 Y:08 S:F0 P:nvUbdIZc                $A98F: 2A        ROL
A:00 X:00 Y:08 S:F0 P:nvUbdIZc                $A990: 88        DEY
A:00 X:00 Y:07 S:F0 P:nvUbdIzc                $A991: D0 F1     BNE $A984
A:00 X:00 Y:07 S:F0 P:nvUbdIzc                $A984: 48        PHA
A:00 X:00 Y:07 S:EF P:nvUbdIzc                 $A985: BD 16 40  LDA $4016,X @ $4016 = #$00
A:40 X:00 Y:07 S:EF P:nvUbdIzc                 $A988: 85 00     STA $00 = #$40
A:40 X:00 Y:07 S:EF P:nvUbdIzc                 $A98A: 4A        LSR
A:20 X:00 Y:07 S:EF P:nvUbdIzc                 $A98B: 05 00     ORA $00 = #$40
A:60 X:00 Y:07 S:EF P:nvUbdIzc                 $A98D: 4A        LSR
A:30 X:00 Y:07 S:EF P:nvUbdIzc                 $A98E: 68        PLA
A:00 X:00 Y:07 S:F0 P:nvUbdIZc                $A98F: 2A        ROL
A:00 X:00 Y:07 S:F0 P:nvUbdIZc                $A990: 88        DEY
A:00 X:00 Y:06 S:F0 P:nvUbdIzc                $A991: D0 F1     BNE $A984
A:00 X:00 Y:06 S:F0 P:nvUbdIzc                $A984: 48        PHA
A:00 X:00 Y:06 S:EF P:nvUbdIzc                 $A985: BD 16 40  LDA $4016,X @ $4016 = #$00
A:40 X:00 Y:06 S:EF P:nvUbdIzc                 $A988: 85 00     STA $00 = #$40
A:40 X:00 Y:06 S:EF P:nvUbdIzc                 $A98A: 4A        LSR
A:20 X:00 Y:06 S:EF P:nvUbdIzc                 $A98B: 05 00     ORA $00 = #$40
A:60 X:00 Y:06 S:EF P:nvUbdIzc                 $A98D: 4A        LSR
A:30 X:00 Y:06 S:EF P:nvUbdIzc                 $A98E: 68        PLA
A:00 X:00 Y:06 S:F0 P:nvUbdIZc                $A98F: 2A        ROL
A:00 X:00 Y:06 S:F0 P:nvUbdIZc                $A990: 88        DEY
A:00 X:00 Y:05 S:F0 P:nvUbdIzc                $A991: D0 F1     BNE $A984
A:00 X:00 Y:05 S:F0 P:nvUbdIzc                $A984: 48        PHA
A:00 X:00 Y:05 S:EF P:nvUbdIzc                 $A985: BD 16 40  LDA $4016,X @ $4016 = #$00
A:40 X:00 Y:05 S:EF P:nvUbdIzc                 $A988: 85 00     STA $00 = #$40
A:40 X:00 Y:05 S:EF P:nvUbdIzc                 $A98A: 4A        LSR
A:20 X:00 Y:05 S:EF P:nvUbdIzc                 $A98B: 05 00     ORA $00 = #$40
A:60 X:00 Y:05 S:EF P:nvUbdIzc                 $A98D: 4A        LSR
A:30 X:00 Y:05 S:EF P:nvUbdIzc                 $A98E: 68        PLA
A:00 X:00 Y:05 S:F0 P:nvUbdIZc                $A98F: 2A        ROL
A:00 X:00 Y:05 S:F0 P:nvUbdIZc                $A990: 88        DEY
A:00 X:00 Y:04 S:F0 P:nvUbdIzc                $A991: D0 F1     BNE $A984
A:00 X:00 Y:04 S:F0 P:nvUbdIzc                $A984: 48        PHA
A:00 X:00 Y:04 S:EF P:nvUbdIzc                 $A985: BD 16 40  LDA $4016,X @ $4016 = #$00
A:40 X:00 Y:04 S:EF P:nvUbdIzc                 $A988: 85 00     STA $00 = #$40
A:40 X:00 Y:04 S:EF P:nvUbdIzc                 $A98A: 4A        LSR
A:20 X:00 Y:04 S:EF P:nvUbdIzc                 $A98B: 05 00     ORA $00 = #$40
A:60 X:00 Y:04 S:EF P:nvUbdIzc                 $A98D: 4A        LSR
A:30 X:00 Y:04 S:EF P:nvUbdIzc                 $A98E: 68        PLA
A:00 X:00 Y:04 S:F0 P:nvUbdIZc                $A98F: 2A        ROL
A:00 X:00 Y:04 S:F0 P:nvUbdIZc                $A990: 88        DEY
A:00 X:00 Y:03 S:F0 P:nvUbdIzc                $A991: D0 F1     BNE $A984
A:00 X:00 Y:03 S:F0 P:nvUbdIzc                $A984: 48        PHA
A:00 X:00 Y:03 S:EF P:nvUbdIzc                 $A985: BD 16 40  LDA $4016,X @ $4016 = #$00
A:40 X:00 Y:03 S:EF P:nvUbdIzc                 $A988: 85 00     STA $00 = #$40
A:40 X:00 Y:03 S:EF P:nvUbdIzc                 $A98A: 4A        LSR
A:20 X:00 Y:03 S:EF P:nvUbdIzc                 $A98B: 05 00     ORA $00 = #$40
A:60 X:00 Y:03 S:EF P:nvUbdIzc                 $A98D: 4A        LSR
A:30 X:00 Y:03 S:EF P:nvUbdIzc                 $A98E: 68        PLA
A:00 X:00 Y:03 S:F0 P:nvUbdIZc                $A98F: 2A        ROL
A:00 X:00 Y:03 S:F0 P:nvUbdIZc                $A990: 88        DEY
A:00 X:00 Y:02 S:F0 P:nvUbdIzc                $A991: D0 F1     BNE $A984
A:00 X:00 Y:02 S:F0 P:nvUbdIzc                $A984: 48        PHA
A:00 X:00 Y:02 S:EF P:nvUbdIzc                 $A985: BD 16 40  LDA $4016,X @ $4016 = #$00
A:40 X:00 Y:02 S:EF P:nvUbdIzc                 $A988: 85 00     STA $00 = #$40
A:40 X:00 Y:02 S:EF P:nvUbdIzc                 $A98A: 4A        LSR
A:20 X:00 Y:02 S:EF P:nvUbdIzc                 $A98B: 05 00     ORA $00 = #$40
A:60 X:00 Y:02 S:EF P:nvUbdIzc                 $A98D: 4A        LSR
A:30 X:00 Y:02 S:EF P:nvUbdIzc                 $A98E: 68        PLA
A:00 X:00 Y:02 S:F0 P:nvUbdIZc                $A98F: 2A        ROL
A:00 X:00 Y:02 S:F0 P:nvUbdIZc                $A990: 88        DEY
A:00 X:00 Y:01 S:F0 P:nvUbdIzc                $A991: D0 F1     BNE $A984
A:00 X:00 Y:01 S:F0 P:nvUbdIzc                $A984: 48        PHA
A:00 X:00 Y:01 S:EF P:nvUbdIzc                 $A985: BD 16 40  LDA $4016,X @ $4016 = #$00
A:40 X:00 Y:01 S:EF P:nvUbdIzc                 $A988: 85 00     STA $00 = #$40
A:40 X:00 Y:01 S:EF P:nvUbdIzc                 $A98A: 4A        LSR
A:20 X:00 Y:01 S:EF P:nvUbdIzc                 $A98B: 05 00     ORA $00 = #$40
A:60 X:00 Y:01 S:EF P:nvUbdIzc                 $A98D: 4A        LSR
A:30 X:00 Y:01 S:EF P:nvUbdIzc                 $A98E: 68        PLA
A:00 X:00 Y:01 S:F0 P:nvUbdIZc                $A98F: 2A        ROL
A:00 X:00 Y:01 S:F0 P:nvUbdIZc                $A990: 88        DEY
A:00 X:00 Y:00 S:F0 P:nvUbdIZc                $A991: D0 F1     BNE $A984
A:00 X:00 Y:00 S:F0 P:nvUbdIZc                $A993: 95 F4     STA $F4,X @ $00F4 = #$00
A:00 X:00 Y:00 S:F0 P:nvUbdIZc                $A995: 35 F6     AND $F6,X @ $00F6 = #$00
A:00 X:00 Y:00 S:F0 P:nvUbdIZc                $A997: 55 F4     EOR $F4,X @ $00F4 = #$00
A:00 X:00 Y:00 S:F0 P:nvUbdIZc                $A999: 95 F8     STA $F8,X @ $00F8 = #$00
A:00 X:00 Y:00 S:F0 P:nvUbdIZc                $A99B: 60        RTS (from $A982) ----------------------------
A:00 X:00 Y:00 S:F2 P:nvUbdIZc              $A960: AD 7F 07  LDA $077F = #$00
A:00 X:00 Y:00 S:F2 P:nvUbdIZc              $A963: D0 05     BNE $A96A
A:00 X:00 Y:00 S:F2 P:nvUbdIZc              $A965: 60        RTS (from $C383) ----------------------------
A:00 X:00 Y:00 S:F4 P:nvUbdIZc            $C2F5: E6 22     INC $22 = #$21
A:00 X:00 Y:00 S:F4 P:nvUbdIzc            $C2F7: A5 F8     LDA $F8 = #$00
A:00 X:00 Y:00 S:F4 P:nvUbdIZc            $C2F9: 29 10     AND #$10
A:00 X:00 Y:00 S:F4 P:nvUbdIZc            $C2FB: F0 13     BEQ $C310
A:00 X:00 Y:00 S:F4 P:nvUbdIZc            $C310: A9 00     LDA #$00
A:00 X:00 Y:00 S:F4 P:nvUbdIZc            $C312: 85 3F     STA $3F = #$01
A:00 X:00 Y:00 S:F4 P:nvUbdIZc            $C314: 60        RTS (from $C236) ----------------------------
A:00 X:00 Y:00 S:F6 P:nvUbdIZc          $C22F: 68        PLA
A:A8 X:00 Y:00 S:F7 P:NvUbdIzc         $C230: A8        TAY
A:A8 X:00 Y:A8 S:F7 P:NvUbdIzc         $C231: 68        PLA
A:06 X:00 Y:A8 S:F8 P:nvUbdIzc        $C232: AA        TAX
A:06 X:06 Y:A8 S:F8 P:nvUbdIzc        $C233: 68        PLA
A:01 X:06 Y:A8 S:F9 P:nvUbdIzc       $C234: 28        PLP
A:01 X:06 Y:A8 S:FA P:nvUBdIzc      $C235: 40        RTI
A:01 X:06 Y:A8 S:FD P:nvUbdIzc   $C1CC: D0 FC     BNE $C1CA
A:01 X:06 Y:A8 S:FD P:nvUbdIzc   $C1CA: A5 3F     LDA $3F = #$00
A:00 X:06 Y:A8 S:FD P:nvUbdIZc   $C1CC: D0 FC     BNE $C1CA
A:00 X:06 Y:A8 S:FD P:nvUbdIZc   $C1CE: AD 02 20  LDA $2002 = #$1E
A:1E X:06 Y:A8 S:FD P:nvUbdIzc   $C1D1: A5 30     LDA $30 = #$00
A:00 X:06 Y:A8 S:FD P:nvUbdIZc   $C1D3: D0 F5     BNE $C1CA
A:00 X:06 Y:A8 S:FD P:nvUbdIZc   $C1D5: 20 9D C0  JSR $C09D
A:00 X:06 Y:A8 S:FB P:nvUbdIZc     $C09D: A5 FF     LDA $FF = #$B2
A:B2 X:06 Y:A8 S:FB P:NvUbdIzc     $C09F: 29 7F     AND #$7F
A:32 X:06 Y:A8 S:FB P:nvUbdIzc     $C0A1: 85 FF     STA $FF = #$B2
A:32 X:06 Y:A8 S:FB P:nvUbdIzc     $C0A3: 8D 00 20  STA $2000 = #$B2
A:32 X:06 Y:A8 S:FB P:nvUbdIzc     $C0A6: 60        RTS (from $C09D) ----------------------------
A:32 X:06 Y:A8 S:FD P:nvUbdIzc   $C1D8: E6 3F     INC $3F = #$00
A:32 X:06 Y:A8 S:FD P:nvUbdIzc   $C1DA: A5 4C     LDA $4C = #$FF
A:FF X:06 Y:A8 S:FD P:NvUbdIzc   $C1DC: F0 0B     BEQ $C1E9
A:FF X:06 Y:A8 S:FD P:NvUbdIzc   $C1DE: A5 22     LDA $22 = #$22
A:22 X:06 Y:A8 S:FD P:nvUbdIzc   $C1E0: 29 07     AND #$07
A:02 X:06 Y:A8 S:FD P:nvUbdIzc   $C1E2: C9 01     CMP #$01
A:02 X:06 Y:A8 S:FD P:nvUbdIzC   $C1E4: D0 03     BNE $C1E9
A:02 X:06 Y:A8 S:FD P:nvUbdIzC   $C1E9: A5 88     LDA $88 = #$00
A:00 X:06 Y:A8 S:FD P:nvUbdIZC   $C1EB: F0 03     BEQ $C1F0
A:00 X:06 Y:A8 S:FD P:nvUbdIZC   $C1F0: A5 F5     LDA $F5 = #$00
A:00 X:06 Y:A8 S:FD P:nvUbdIZC   $C1F2: 29 02     AND #$02
A:00 X:06 Y:A8 S:FD P:nvUbdIZC   $C1F4: F0 03     BEQ $C1F9
A:00 X:06 Y:A8 S:FD P:nvUbdIZC   $C1F9: A9 06     LDA #$06
A:06 X:06 Y:A8 S:FD P:nvUbdIzC   $C1FB: 8D 06 C0  STA $C006 = #$06
A:06 X:06 Y:A8 S:FD P:nvUbdIzC   $C1FE: 60        RTS (from $C1B4) ----------------------------
A:06 X:06 Y:A8 S:FF P:nvUbdIzC $F4DE: 4C 2F F4  JMP $F42F
A:06 X:06 Y:A8 S:FF P:nvUbdIzC $F42F: 20 D0 C0  JSR $C0D0
A:06 X:06 Y:A8 S:FD P:nvUbdIzC   $C0D0: 8A        TXA
A:06 X:06 Y:A8 S:FD P:nvUbdIzC   $C0D1: 48        PHA
A:06 X:06 Y:A8 S:FC P:nvUbdIzC    $C0D2: AD 16 07  LDA $0716 = #$96
A:96 X:06 Y:A8 S:FC P:NvUbdIzC    $C0D5: 29 0F     AND #$0F
A:06 X:06 Y:A8 S:FC P:nvUbdIzC    $C0D7: AA        TAX
A:06 X:06 Y:A8 S:FC P:nvUbdIzC    $C0D8: EE 16 07  INC $0716 = #$96
A:06 X:06 Y:A8 S:FC P:NvUbdIzC    $C0DB: BD 20 07  LDA $0720,X @ $0726 = #$D6
A:D6 X:06 Y:A8 S:FC P:NvUbdIzC    $C0DE: 18        CLC
A:D6 X:06 Y:A8 S:FC P:NvUbdIzc    $C0DF: 65 22     ADC $22 = #$22
A:F8 X:06 Y:A8 S:FC P:NvUbdIzc    $C0E1: 9D 20 07  STA $0720,X @ $0726 = #$D6
A:F8 X:06 Y:A8 S:FC P:NvUbdIzc    $C0E4: 85 3A     STA $3A = #$48
A:F8 X:06 Y:A8 S:FC P:NvUbdIzc    $C0E6: 68        PLA
A:06 X:06 Y:A8 S:FD P:nvUbdIzc   $C0E7: AA        TAX
A:06 X:06 Y:A8 S:FD P:nvUbdIzc   $C0E8: A5 3A     LDA $3A = #$F8
A:F8 X:06 Y:A8 S:FD P:NvUbdIzc   $C0EA: 60        RTS (from $C0D0) ----------------------------
A:F8 X:06 Y:A8 S:FF P:NvUbdIzc $F432: A5 22     LDA $22 = #$22
A:22 X:06 Y:A8 S:FF P:nvUbdIzc $F434: 6A        ROR
A:11 X:06 Y:A8 S:FF P:nvUbdIzc $F435: 6A        ROR
A:08 X:06 Y:A8 S:FF P:nvUbdIzC $F436: 6A        ROR
A:84 X:06 Y:A8 S:FF P:NvUbdIzc $F437: 29 C0     AND #$C0
A:80 X:06 Y:A8 S:FF P:NvUbdIzc $F439: 85 51     STA $51 = #$00
A:80 X:06 Y:A8 S:FF P:NvUbdIzc $F43B: AD 02 20  LDA $2002 = #$12
A:12 X:06 Y:A8 S:FF P:nvUbdIzc $F43E: 20 FA F7  JSR $F7FA
A:12 X:06 Y:A8 S:FD P:nvUbdIzc   $F7FA: 60        RTS (from $F7FA) ----------------------------
A:12 X:06 Y:A8 S:FF P:nvUbdIzc $F441: AD 02 20  LDA $2002 = #$12
A:12 X:06 Y:A8 S:FF P:nvUbdIzc $F444: 20 3E F8  JSR $F83E
A:12 X:06 Y:A8 S:FD P:nvUbdIzc   $F83E: A9 21     LDA #$21
A:21 X:06 Y:A8 S:FD P:nvUbdIzc   $F840: 4C 57 C0  JMP $C057
A:21 X:06 Y:A8 S:FD P:nvUbdIzc   $C057: A0 06     LDY #$06
A:21 X:06 Y:06 S:FD P:nvUbdIzc   $C059: 8C 06 C0  STY $C006 = #$06
A:21 X:06 Y:06 S:FD P:nvUbdIzc   $C05C: 0A        ASL
A:42 X:06 Y:06 S:FD P:nvUbdIzc   $C05D: A8        TAY
A:42 X:06 Y:42 S:FD P:nvUbdIzc   $C05E: B9 40 80  LDA $8040,Y @ $8082 = #$BF
A:BF X:06 Y:42 S:FD P:NvUbdIzc   $C061: 85 3A     STA $3A = #$F8
A:BF X:06 Y:42 S:FD P:NvUbdIzc   $C063: B9 41 80  LDA $8041,Y @ $8083 = #$B6
A:B6 X:06 Y:42 S:FD P:NvUbdIzc   $C066: 85 3B     STA $3B = #$A9
A:B6 X:06 Y:42 S:FD P:NvUbdIzc   $C068: 6C 3A 00  JMP ($003A) = $B6BF
A:B6 X:06 Y:42 S:FD P:NvUbdIzc   $B6BF: A2 00     LDX #$00
A:B6 X:00 Y:42 S:FD P:nvUbdIZc   $B6C1: A9 F8     LDA #$F8
A:F8 X:00 Y:42 S:FD P:NvUbdIzc   $B6C3: 9D 00 02  STA $0200,X @ $0200 = #$F8
A:F8 X:00 Y:42 S:FD P:NvUbdIzc   $B6C6: E8        INX
A:F8 X:01 Y:42 S:FD P:nvUbdIzc   $B6C7: E8        INX
A:F8 X:02 Y:42 S:FD P:nvUbdIzc   $B6C8: E8        INX
A:F8 X:03 Y:42 S:FD P:nvUbdIzc   $B6C9: E8        INX
A:F8 X:04 Y:42 S:FD P:nvUbdIzc   $B6CA: D0 F7     BNE $B6C3
A:F8 X:04 Y:42 S:FD P:nvUbdIzc   $B6C3: 9D 00 02  STA $0200,X @ $0204 = #$F8
A:F8 X:04 Y:42 S:FD P:nvUbdIzc   $B6C6: E8        INX
A:F8 X:05 Y:42 S:FD P:nvUbdIzc   $B6C7: E8        INX
A:F8 X:06 Y:42 S:FD P:nvUbdIzc   $B6C8: E8        INX
A:F8 X:07 Y:42 S:FD P:nvUbdIzc   $B6C9: E8        INX
A:F8 X:08 Y:42 S:FD P:nvUbdIzc   $B6CA: D0 F7     BNE $B6C3
A:F8 X:08 Y:42 S:FD P:nvUbdIzc   $B6C3: 9D 00 02  STA $0200,X @ $0208 = #$F8
A:F8 X:08 Y:42 S:FD P:nvUbdIzc   $B6C6: E8        INX
A:F8 X:09 Y:42 S:FD P:nvUbdIzc   $B6C7: E8        INX
A:F8 X:0A Y:42 S:FD P:nvUbdIzc   $B6C8: E8        INX
A:F8 X:0B Y:42 S:FD P:nvUbdIzc   $B6C9: E8        INX
A:F8 X:0C Y:42 S:FD P:nvUbdIzc   $B6CA: D0 F7     BNE $B6C3
A:F8 X:0C Y:42 S:FD P:nvUbdIzc   $B6C3: 9D 00 02  STA $0200,X @ $020C = #$F8
A:F8 X:0C Y:42 S:FD P:nvUbdIzc   $B6C6: E8        INX
A:F8 X:0D Y:42 S:FD P:nvUbdIzc   $B6C7: E8        INX
A:F8 X:0E Y:42 S:FD P:nvUbdIzc   $B6C8: E8        INX
A:F8 X:0F Y:42 S:FD P:nvUbdIzc   $B6C9: E8        INX
A:F8 X:10 Y:42 S:FD P:nvUbdIzc   $B6CA: D0 F7     BNE $B6C3
A:F8 X:10 Y:42 S:FD P:nvUbdIzc   $B6C3: 9D 00 02  STA $0200,X @ $0210 = #$F8
A:F8 X:10 Y:42 S:FD P:nvUbdIzc   $B6C6: E8        INX
A:F8 X:11 Y:42 S:FD P:nvUbdIzc   $B6C7: E8        INX
A:F8 X:12 Y:42 S:FD P:nvUbdIzc   $B6C8: E8        INX
A:F8 X:13 Y:42 S:FD P:nvUbdIzc   $B6C9: E8        INX
A:F8 X:14 Y:42 S:FD P:nvUbdIzc   $B6CA: D0 F7     BNE $B6C3
A:F8 X:14 Y:42 S:FD P:nvUbdIzc   $B6C3: 9D 00 02  STA $0200,X @ $0214 = #$F8
A:F8 X:14 Y:42 S:FD P:nvUbdIzc   $B6C6: E8        INX
A:F8 X:15 Y:42 S:FD P:nvUbdIzc   $B6C7: E8        INX
A:F8 X:16 Y:42 S:FD P:nvUbdIzc   $B6C8: E8        INX
A:F8 X:17 Y:42 S:FD P:nvUbdIzc   $B6C9: E8        INX
A:F8 X:18 Y:42 S:FD P:nvUbdIzc   $B6CA: D0 F7     BNE $B6C3
A:F8 X:18 Y:42 S:FD P:nvUbdIzc   $B6C3: 9D 00 02  STA $0200,X @ $0218 = #$F8
A:F8 X:18 Y:42 S:FD P:nvUbdIzc   $B6C6: E8        INX
A:F8 X:19 Y:42 S:FD P:nvUbdIzc   $B6C7: E8        INX
A:F8 X:1A Y:42 S:FD P:nvUbdIzc   $B6C8: E8        INX
A:F8 X:1B Y:42 S:FD P:nvUbdIzc   $B6C9: E8        INX
A:F8 X:1C Y:42 S:FD P:nvUbdIzc   $B6CA: D0 F7     BNE $B6C3
A:F8 X:1C Y:42 S:FD P:nvUbdIzc   $B6C3: 9D 00 02  STA $0200,X @ $021C = #$F8
A:F8 X:1C Y:42 S:FD P:nvUbdIzc   $B6C6: E8        INX
A:F8 X:1D Y:42 S:FD P:nvUbdIzc   $B6C7: E8        INX
A:F8 X:1E Y:42 S:FD P:nvUbdIzc   $B6C8: E8        INX
A:F8 X:1F Y:42 S:FD P:nvUbdIzc   $B6C9: E8        INX
A:F8 X:20 Y:42 S:FD P:nvUbdIzc   $B6CA: D0 F7     BNE $B6C3
A:F8 X:20 Y:42 S:FD P:nvUbdIzc   $B6C3: 9D 00 02  STA $0200,X @ $0220 = #$F8
A:F8 X:20 Y:42 S:FD P:nvUbdIzc   $B6C6: E8        INX
A:F8 X:21 Y:42 S:FD P:nvUbdIzc   $B6C7: E8        INX
A:F8 X:22 Y:42 S:FD P:nvUbdIzc   $B6C8: E8        INX
A:F8 X:23 Y:42 S:FD P:nvUbdIzc   $B6C9: E8        INX
A:F8 X:24 Y:42 S:FD P:nvUbdIzc   $B6CA: D0 F7     BNE $B6C3
A:F8 X:24 Y:42 S:FD P:nvUbdIzc   $B6C3: 9D 00 02  STA $0200,X @ $0224 = #$F8
A:F8 X:24 Y:42 S:FD P:nvUbdIzc   $B6C6: E8        INX
A:F8 X:25 Y:42 S:FD P:nvUbdIzc   $B6C7: E8        INX
A:F8 X:26 Y:42 S:FD P:nvUbdIzc   $B6C8: E8        INX
A:F8 X:27 Y:42 S:FD P:nvUbdIzc   $B6C9: E8        INX
A:F8 X:28 Y:42 S:FD P:nvUbdIzc   $B6CA: D0 F7     BNE $B6C3
A:F8 X:28 Y:42 S:FD P:nvUbdIzc   $B6C3: 9D 00 02  STA $0200,X @ $0228 = #$F8
A:F8 X:28 Y:42 S:FD P:nvUbdIzc   $B6C6: E8        INX
A:F8 X:29 Y:42 S:FD P:nvUbdIzc   $B6C7: E8        INX
A:F8 X:2A Y:42 S:FD P:nvUbdIzc   $B6C8: E8        INX
A:F8 X:2B Y:42 S:FD P:nvUbdIzc   $B6C9: E8        INX
A:F8 X:2C Y:42 S:FD P:nvUbdIzc   $B6CA: D0 F7     BNE $B6C3
A:F8 X:2C Y:42 S:FD P:nvUbdIzc   $B6C3: 9D 00 02  STA $0200,X @ $022C = #$F8
A:F8 X:2C Y:42 S:FD P:nvUbdIzc   $B6C6: E8        INX
A:F8 X:2D Y:42 S:FD P:nvUbdIzc   $B6C7: E8        INX
A:F8 X:2E Y:42 S:FD P:nvUbdIzc   $B6C8: E8        INX
A:F8 X:2F Y:42 S:FD P:nvUbdIzc   $B6C9: E8        INX
A:F8 X:30 Y:42 S:FD P:nvUbdIzc   $B6CA: D0 F7     BNE $B6C3
A:F8 X:30 Y:42 S:FD P:nvUbdIzc   $B6C3: 9D 00 02  STA $0200,X @ $0230 = #$F8
A:F8 X:30 Y:42 S:FD P:nvUbdIzc   $B6C6: E8        INX
A:F8 X:31 Y:42 S:FD P:nvUbdIzc   $B6C7: E8        INX
A:F8 X:32 Y:42 S:FD P:nvUbdIzc   $B6C8: E8        INX
A:F8 X:33 Y:42 S:FD P:nvUbdIzc   $B6C9: E8        INX
A:F8 X:34 Y:42 S:FD P:nvUbdIzc   $B6CA: D0 F7     BNE $B6C3
A:F8 X:34 Y:42 S:FD P:nvUbdIzc   $B6C3: 9D 00 02  STA $0200,X @ $0234 = #$F8
A:F8 X:34 Y:42 S:FD P:nvUbdIzc   $B6C6: E8        INX
A:F8 X:35 Y:42 S:FD P:nvUbdIzc   $B6C7: E8        INX
A:F8 X:36 Y:42 S:FD P:nvUbdIzc   $B6C8: E8        INX
A:F8 X:37 Y:42 S:FD P:nvUbdIzc   $B6C9: E8        INX
A:F8 X:38 Y:42 S:FD P:nvUbdIzc   $B6CA: D0 F7     BNE $B6C3
A:F8 X:38 Y:42 S:FD P:nvUbdIzc   $B6C3: 9D 00 02  STA $0200,X @ $0238 = #$F8
A:F8 X:38 Y:42 S:FD P:nvUbdIzc   $B6C6: E8        INX
A:F8 X:39 Y:42 S:FD P:nvUbdIzc   $B6C7: E8        INX
A:F8 X:3A Y:42 S:FD P:nvUbdIzc   $B6C8: E8        INX
A:F8 X:3B Y:42 S:FD P:nvUbdIzc   $B6C9: E8        INX
A:F8 X:3C Y:42 S:FD P:nvUbdIzc   $B6CA: D0 F7     BNE $B6C3
A:F8 X:3C Y:42 S:FD P:nvUbdIzc   $B6C3: 9D 00 02  STA $0200,X @ $023C = #$F8
A:F8 X:3C Y:42 S:FD P:nvUbdIzc   $B6C6: E8        INX
A:F8 X:3D Y:42 S:FD P:nvUbdIzc   $B6C7: E8        INX
A:F8 X:3E Y:42 S:FD P:nvUbdIzc   $B6C8: E8        INX
A:F8 X:3F Y:42 S:FD P:nvUbdIzc   $B6C9: E8        INX
A:F8 X:40 Y:42 S:FD P:nvUbdIzc   $B6CA: D0 F7     BNE $B6C3
A:F8 X:40 Y:42 S:FD P:nvUbdIzc   $B6C3: 9D 00 02  STA $0200,X @ $0240 = #$68
A:F8 X:40 Y:42 S:FD P:nvUbdIzc   $B6C6: E8        INX
A:F8 X:41 Y:42 S:FD P:nvUbdIzc   $B6C7: E8        INX
A:F8 X:42 Y:42 S:FD P:nvUbdIzc   $B6C8: E8        INX
A:F8 X:43 Y:42 S:FD P:nvUbdIzc   $B6C9: E8        INX
A:F8 X:44 Y:42 S:FD P:nvUbdIzc   $B6CA: D0 F7     BNE $B6C3
A:F8 X:44 Y:42 S:FD P:nvUbdIzc   $B6C3: 9D 00 02  STA $0200,X @ $0244 = #$68
A:F8 X:44 Y:42 S:FD P:nvUbdIzc   $B6C6: E8        INX
A:F8 X:45 Y:42 S:FD P:nvUbdIzc   $B6C7: E8        INX
A:F8 X:46 Y:42 S:FD P:nvUbdIzc   $B6C8: E8        INX
A:F8 X:47 Y:42 S:FD P:nvUbdIzc   $B6C9: E8        INX
A:F8 X:48 Y:42 S:FD P:nvUbdIzc   $B6CA: D0 F7     BNE $B6C3
A:F8 X:48 Y:42 S:FD P:nvUbdIzc   $B6C3: 9D 00 02  STA $0200,X @ $0248 = #$76
A:F8 X:48 Y:42 S:FD P:nvUbdIzc   $B6C6: E8        INX
A:F8 X:49 Y:42 S:FD P:nvUbdIzc   $B6C7: E8        INX
A:F8 X:4A Y:42 S:FD P:nvUbdIzc   $B6C8: E8        INX
A:F8 X:4B Y:42 S:FD P:nvUbdIzc   $B6C9: E8        INX
A:F8 X:4C Y:42 S:FD P:nvUbdIzc   $B6CA: D0 F7     BNE $B6C3
A:F8 X:4C Y:42 S:FD P:nvUbdIzc   $B6C3: 9D 00 02  STA $0200,X @ $024C = #$76
A:F8 X:4C Y:42 S:FD P:nvUbdIzc   $B6C6: E8        INX
A:F8 X:4D Y:42 S:FD P:nvUbdIzc   $B6C7: E8        INX
A:F8 X:4E Y:42 S:FD P:nvUbdIzc   $B6C8: E8        INX
A:F8 X:4F Y:42 S:FD P:nvUbdIzc   $B6C9: E8        INX
A:F8 X:50 Y:42 S:FD P:nvUbdIzc   $B6CA: D0 F7     BNE $B6C3
A:F8 X:50 Y:42 S:FD P:nvUbdIzc   $B6C3: 9D 00 02  STA $0200,X @ $0250 = #$59
A:F8 X:50 Y:42 S:FD P:nvUbdIzc   $B6C6: E8        INX
A:F8 X:51 Y:42 S:FD P:nvUbdIzc   $B6C7: E8        INX
A:F8 X:52 Y:42 S:FD P:nvUbdIzc   $B6C8: E8        INX
A:F8 X:53 Y:42 S:FD P:nvUbdIzc   $B6C9: E8        INX
A:F8 X:54 Y:42 S:FD P:nvUbdIzc   $B6CA: D0 F7     BNE $B6C3
A:F8 X:54 Y:42 S:FD P:nvUbdIzc   $B6C3: 9D 00 02  STA $0200,X @ $0254 = #$59
A:F8 X:54 Y:42 S:FD P:nvUbdIzc   $B6C6: E8        INX
A:F8 X:55 Y:42 S:FD P:nvUbdIzc   $B6C7: E8        INX
A:F8 X:56 Y:42 S:FD P:nvUbdIzc   $B6C8: E8        INX
A:F8 X:57 Y:42 S:FD P:nvUbdIzc   $B6C9: E8        INX
A:F8 X:58 Y:42 S:FD P:nvUbdIzc   $B6CA: D0 F7     BNE $B6C3
A:F8 X:58 Y:42 S:FD P:nvUbdIzc   $B6C3: 9D 00 02  STA $0200,X @ $0258 = #$3B
A:F8 X:58 Y:42 S:FD P:nvUbdIzc   $B6C6: E8        INX
A:F8 X:59 Y:42 S:FD P:nvUbdIzc   $B6C7: E8        INX
A:F8 X:5A Y:42 S:FD P:nvUbdIzc   $B6C8: E8        INX
A:F8 X:5B Y:42 S:FD P:nvUbdIzc   $B6C9: E8        INX
A:F8 X:5C Y:42 S:FD P:nvUbdIzc   $B6CA: D0 F7     BNE $B6C3
A:F8 X:5C Y:42 S:FD P:nvUbdIzc   $B6C3: 9D 00 02  STA $0200,X @ $025C = #$3B
A:F8 X:5C Y:42 S:FD P:nvUbdIzc   $B6C6: E8        INX
A:F8 X:5D Y:42 S:FD P:nvUbdIzc   $B6C7: E8        INX
A:F8 X:5E Y:42 S:FD P:nvUbdIzc   $B6C8: E8        INX
A:F8 X:5F Y:42 S:FD P:nvUbdIzc   $B6C9: E8        INX
A:F8 X:60 Y:42 S:FD P:nvUbdIzc   $B6CA: D0 F7     BNE $B6C3
A:F8 X:60 Y:42 S:FD P:nvUbdIzc   $B6C3: 9D 00 02  STA $0200,X @ $0260 = #$74
A:F8 X:60 Y:42 S:FD P:nvUbdIzc   $B6C6: E8        INX
A:F8 X:61 Y:42 S:FD P:nvUbdIzc   $B6C7: E8        INX
A:F8 X:62 Y:42 S:FD P:nvUbdIzc   $B6C8: E8        INX
A:F8 X:63 Y:42 S:FD P:nvUbdIzc   $B6C9: E8        INX
A:F8 X:64 Y:42 S:FD P:nvUbdIzc   $B6CA: D0 F7     BNE $B6C3
A:F8 X:64 Y:42 S:FD P:nvUbdIzc   $B6C3: 9D 00 02  STA $0200,X @ $0264 = #$74
A:F8 X:64 Y:42 S:FD P:nvUbdIzc   $B6C6: E8        INX
A:F8 X:65 Y:42 S:FD P:nvUbdIzc   $B6C7: E8        INX
A:F8 X:66 Y:42 S:FD P:nvUbdIzc   $B6C8: E8        INX
A:F8 X:67 Y:42 S:FD P:nvUbdIzc   $B6C9: E8        INX
A:F8 X:68 Y:42 S:FD P:nvUbdIzc   $B6CA: D0 F7     BNE $B6C3
A:F8 X:68 Y:42 S:FD P:nvUbdIzc   $B6C3: 9D 00 02  STA $0200,X @ $0268 = #$57
A:F8 X:68 Y:42 S:FD P:nvUbdIzc   $B6C6: E8        INX
A:F8 X:69 Y:42 S:FD P:nvUbdIzc   $B6C7: E8        INX
A:F8 X:6A Y:42 S:FD P:nvUbdIzc   $B6C8: E8        INX
A:F8 X:6B Y:42 S:FD P:nvUbdIzc   $B6C9: E8        INX
A:F8 X:6C Y:42 S:FD P:nvUbdIzc   $B6CA: D0 F7     BNE $B6C3
A:F8 X:6C Y:42 S:FD P:nvUbdIzc   $B6C3: 9D 00 02  STA $0200,X @ $026C = #$57
A:F8 X:6C Y:42 S:FD P:nvUbdIzc   $B6C6: E8        INX
A:F8 X:6D Y:42 S:FD P:nvUbdIzc   $B6C7: E8        INX
A:F8 X:6E Y:42 S:FD P:nvUbdIzc   $B6C8: E8        INX
A:F8 X:6F Y:42 S:FD P:nvUbdIzc   $B6C9: E8        INX
A:F8 X:70 Y:42 S:FD P:nvUbdIzc   $B6CA: D0 F7     BNE $B6C3
A:F8 X:70 Y:42 S:FD P:nvUbdIzc   $B6C3: 9D 00 02  STA $0200,X @ $0270 = #$3A
A:F8 X:70 Y:42 S:FD P:nvUbdIzc   $B6C6: E8        INX
A:F8 X:71 Y:42 S:FD P:nvUbdIzc   $B6C7: E8        INX
A:F8 X:72 Y:42 S:FD P:nvUbdIzc   $B6C8: E8        INX
A:F8 X:73 Y:42 S:FD P:nvUbdIzc   $B6C9: E8        INX
A:F8 X:74 Y:42 S:FD P:nvUbdIzc   $B6CA: D0 F7     BNE $B6C3
A:F8 X:74 Y:42 S:FD P:nvUbdIzc   $B6C3: 9D 00 02  STA $0200,X @ $0274 = #$3A
A:F8 X:74 Y:42 S:FD P:nvUbdIzc   $B6C6: E8        INX
A:F8 X:75 Y:42 S:FD P:nvUbdIzc   $B6C7: E8        INX
A:F8 X:76 Y:42 S:FD P:nvUbdIzc   $B6C8: E8        INX
A:F8 X:77 Y:42 S:FD P:nvUbdIzc   $B6C9: E8        INX
A:F8 X:78 Y:42 S:FD P:nvUbdIzc   $B6CA: D0 F7     BNE $B6C3
A:F8 X:78 Y:42 S:FD P:nvUbdIzc   $B6C3: 9D 00 02  STA $0200,X @ $0278 = #$03
A:F8 X:78 Y:42 S:FD P:nvUbdIzc   $B6C6: E8        INX
A:F8 X:79 Y:42 S:FD P:nvUbdIzc   $B6C7: E8        INX
A:F8 X:7A Y:42 S:FD P:nvUbdIzc   $B6C8: E8        INX
A:F8 X:7B Y:42 S:FD P:nvUbdIzc   $B6C9: E8        INX
A:F8 X:7C Y:42 S:FD P:nvUbdIzc   $B6CA: D0 F7     BNE $B6C3
A:F8 X:7C Y:42 S:FD P:nvUbdIzc   $B6C3: 9D 00 02  STA $0200,X @ $027C = #$03
A:F8 X:7C Y:42 S:FD P:nvUbdIzc   $B6C6: E8        INX
A:F8 X:7D Y:42 S:FD P:nvUbdIzc   $B6C7: E8        INX
A:F8 X:7E Y:42 S:FD P:nvUbdIzc   $B6C8: E8        INX
A:F8 X:7F Y:42 S:FD P:nvUbdIzc   $B6C9: E8        INX
A:F8 X:80 Y:42 S:FD P:NvUbdIzc   $B6CA: D0 F7     BNE $B6C3
A:F8 X:80 Y:42 S:FD P:NvUbdIzc   $B6C3: 9D 00 02  STA $0200,X @ $0280 = #$C7
A:F8 X:80 Y:42 S:FD P:NvUbdIzc   $B6C6: E8        INX
A:F8 X:81 Y:42 S:FD P:NvUbdIzc   $B6C7: E8        INX
A:F8 X:82 Y:42 S:FD P:NvUbdIzc   $B6C8: E8        INX
A:F8 X:83 Y:42 S:FD P:NvUbdIzc   $B6C9: E8        INX
A:F8 X:84 Y:42 S:FD P:NvUbdIzc   $B6CA: D0 F7     BNE $B6C3
A:F8 X:84 Y:42 S:FD P:NvUbdIzc   $B6C3: 9D 00 02  STA $0200,X @ $0284 = #$C7
A:F8 X:84 Y:42 S:FD P:NvUbdIzc   $B6C6: E8        INX
A:F8 X:85 Y:42 S:FD P:NvUbdIzc   $B6C7: E8        INX
A:F8 X:86 Y:42 S:FD P:NvUbdIzc   $B6C8: E8        INX
A:F8 X:87 Y:42 S:FD P:NvUbdIzc   $B6C9: E8        INX
A:F8 X:88 Y:42 S:FD P:NvUbdIzc   $B6CA: D0 F7     BNE $B6C3
A:F8 X:88 Y:42 S:FD P:NvUbdIzc   $B6C3: 9D 00 02  STA $0200,X @ $0288 = #$C7
A:F8 X:88 Y:42 S:FD P:NvUbdIzc   $B6C6: E8        INX
A:F8 X:89 Y:42 S:FD P:NvUbdIzc   $B6C7: E8        INX
A:F8 X:8A Y:42 S:FD P:NvUbdIzc   $B6C8: E8        INX
A:F8 X:8B Y:42 S:FD P:NvUbdIzc   $B6C9: E8        INX
A:F8 X:8C Y:42 S:FD P:NvUbdIzc   $B6CA: D0 F7     BNE $B6C3
A:F8 X:8C Y:42 S:FD P:NvUbdIzc   $B6C3: 9D 00 02  STA $0200,X @ $028C = #$D0
A:F8 X:8C Y:42 S:FD P:NvUbdIzc   $B6C6: E8        INX
A:F8 X:8D Y:42 S:FD P:NvUbdIzc   $B6C7: E8        INX
A:F8 X:8E Y:42 S:FD P:NvUbdIzc   $B6C8: E8        INX
A:F8 X:8F Y:42 S:FD P:NvUbdIzc   $B6C9: E8        INX
A:F8 X:90 Y:42 S:FD P:NvUbdIzc   $B6CA: D0 F7     BNE $B6C3
A:F8 X:90 Y:42 S:FD P:NvUbdIzc   $B6C3: 9D 00 02  STA $0200,X @ $0290 = #$D0
A:F8 X:90 Y:42 S:FD P:NvUbdIzc   $B6C6: E8        INX
A:F8 X:91 Y:42 S:FD P:NvUbdIzc   $B6C7: E8        INX
A:F8 X:92 Y:42 S:FD P:NvUbdIzc   $B6C8: E8        INX
A:F8 X:93 Y:42 S:FD P:NvUbdIzc   $B6C9: E8        INX
A:F8 X:94 Y:42 S:FD P:NvUbdIzc   $B6CA: D0 F7     BNE $B6C3
A:F8 X:94 Y:42 S:FD P:NvUbdIzc   $B6C3: 9D 00 02  STA $0200,X @ $0294 = #$D0
A:F8 X:94 Y:42 S:FD P:NvUbdIzc   $B6C6: E8        INX
A:F8 X:95 Y:42 S:FD P:NvUbdIzc   $B6C7: E8        INX
A:F8 X:96 Y:42 S:FD P:NvUbdIzc   $B6C8: E8        INX
A:F8 X:97 Y:42 S:FD P:NvUbdIzc   $B6C9: E8        INX
A:F8 X:98 Y:42 S:FD P:NvUbdIzc   $B6CA: D0 F7     BNE $B6C3
A:F8 X:98 Y:42 S:FD P:NvUbdIzc   $B6C3: 9D 00 02  STA $0200,X @ $0298 = #$D0
A:F8 X:98 Y:42 S:FD P:NvUbdIzc   $B6C6: E8        INX
A:F8 X:99 Y:42 S:FD P:NvUbdIzc   $B6C7: E8        INX
A:F8 X:9A Y:42 S:FD P:NvUbdIzc   $B6C8: E8        INX
A:F8 X:9B Y:42 S:FD P:NvUbdIzc   $B6C9: E8        INX
A:F8 X:9C Y:42 S:FD P:NvUbdIzc   $B6CA: D0 F7     BNE $B6C3
A:F8 X:9C Y:42 S:FD P:NvUbdIzc   $B6C3: 9D 00 02  STA $0200,X @ $029C = #$10
A:F8 X:9C Y:42 S:FD P:NvUbdIzc   $B6C6: E8        INX
A:F8 X:9D Y:42 S:FD P:NvUbdIzc   $B6C7: E8        INX
A:F8 X:9E Y:42 S:FD P:NvUbdIzc   $B6C8: E8        INX
A:F8 X:9F Y:42 S:FD P:NvUbdIzc   $B6C9: E8        INX
A:F8 X:A0 Y:42 S:FD P:NvUbdIzc   $B6CA: D0 F7     BNE $B6C3
A:F8 X:A0 Y:42 S:FD P:NvUbdIzc   $B6C3: 9D 00 02  STA $0200,X @ $02A0 = #$10
A:F8 X:A0 Y:42 S:FD P:NvUbdIzc   $B6C6: E8        INX
A:F8 X:A1 Y:42 S:FD P:NvUbdIzc   $B6C7: E8        INX
A:F8 X:A2 Y:42 S:FD P:NvUbdIzc   $B6C8: E8        INX
A:F8 X:A3 Y:42 S:FD P:NvUbdIzc   $B6C9: E8        INX
A:F8 X:A4 Y:42 S:FD P:NvUbdIzc   $B6CA: D0 F7     BNE $B6C3
A:F8 X:A4 Y:42 S:FD P:NvUbdIzc   $B6C3: 9D 00 02  STA $0200,X @ $02A4 = #$10
A:F8 X:A4 Y:42 S:FD P:NvUbdIzc   $B6C6: E8        INX
A:F8 X:A5 Y:42 S:FD P:NvUbdIzc   $B6C7: E8        INX
A:F8 X:A6 Y:42 S:FD P:NvUbdIzc   $B6C8: E8        INX
A:F8 X:A7 Y:42 S:FD P:NvUbdIzc   $B6C9: E8        INX
A:F8 X:A8 Y:42 S:FD P:NvUbdIzc   $B6CA: D0 F7     BNE $B6C3
A:F8 X:A8 Y:42 S:FD P:NvUbdIzc   $B6C3: 9D 00 02  STA $0200,X @ $02A8 = #$F8
A:F8 X:A8 Y:42 S:FD P:NvUbdIzc   $B6C6: E8        INX
A:F8 X:A9 Y:42 S:FD P:NvUbdIzc   $B6C7: E8        INX
A:F8 X:AA Y:42 S:FD P:NvUbdIzc   $B6C8: E8        INX
A:F8 X:AB Y:42 S:FD P:NvUbdIzc   $B6C9: E8        INX
A:F8 X:AC Y:42 S:FD P:NvUbdIzc   $B6CA: D0 F7     BNE $B6C3
A:F8 X:AC Y:42 S:FD P:NvUbdIzc   $B6C3: 9D 00 02  STA $0200,X @ $02AC = #$F8
A:F8 X:AC Y:42 S:FD P:NvUbdIzc   $B6C6: E8        INX
A:F8 X:AD Y:42 S:FD P:NvUbdIzc   $B6C7: E8        INX
A:F8 X:AE Y:42 S:FD P:NvUbdIzc   $B6C8: E8        INX
A:F8 X:AF Y:42 S:FD P:NvUbdIzc   $B6C9: E8        INX
A:F8 X:B0 Y:42 S:FD P:NvUbdIzc   $B6CA: D0 F7     BNE $B6C3
A:F8 X:B0 Y:42 S:FD P:NvUbdIzc   $B6C3: 9D 00 02  STA $0200,X @ $02B0 = #$F8
A:F8 X:B0 Y:42 S:FD P:NvUbdIzc   $B6C6: E8        INX
A:F8 X:B1 Y:42 S:FD P:NvUbdIzc   $B6C7: E8        INX
A:F8 X:B2 Y:42 S:FD P:NvUbdIzc   $B6C8: E8        INX
A:F8 X:B3 Y:42 S:FD P:NvUbdIzc   $B6C9: E8        INX
A:F8 X:B4 Y:42 S:FD P:NvUbdIzc   $B6CA: D0 F7     BNE $B6C3
A:F8 X:B4 Y:42 S:FD P:NvUbdIzc   $B6C3: 9D 00 02  STA $0200,X @ $02B4 = #$F8
A:F8 X:B4 Y:42 S:FD P:NvUbdIzc   $B6C6: E8        INX
A:F8 X:B5 Y:42 S:FD P:NvUbdIzc   $B6C7: E8        INX
A:F8 X:B6 Y:42 S:FD P:NvUbdIzc   $B6C8: E8        INX
A:F8 X:B7 Y:42 S:FD P:NvUbdIzc   $B6C9: E8        INX
A:F8 X:B8 Y:42 S:FD P:NvUbdIzc   $B6CA: D0 F7     BNE $B6C3
A:F8 X:B8 Y:42 S:FD P:NvUbdIzc   $B6C3: 9D 00 02  STA $0200,X @ $02B8 = #$F8
A:F8 X:B8 Y:42 S:FD P:NvUbdIzc   $B6C6: E8        INX
A:F8 X:B9 Y:42 S:FD P:NvUbdIzc   $B6C7: E8        INX
A:F8 X:BA Y:42 S:FD P:NvUbdIzc   $B6C8: E8        INX
A:F8 X:BB Y:42 S:FD P:NvUbdIzc   $B6C9: E8        INX
A:F8 X:BC Y:42 S:FD P:NvUbdIzc   $B6CA: D0 F7     BNE $B6C3
A:F8 X:BC Y:42 S:FD P:NvUbdIzc   $B6C3: 9D 00 02  STA $0200,X @ $02BC = #$F8
A:F8 X:BC Y:42 S:FD P:NvUbdIzc   $B6C6: E8        INX
A:F8 X:BD Y:42 S:FD P:NvUbdIzc   $B6C7: E8        INX
A:F8 X:BE Y:42 S:FD P:NvUbdIzc   $B6C8: E8        INX
A:F8 X:BF Y:42 S:FD P:NvUbdIzc   $B6C9: E8        INX
A:F8 X:C0 Y:42 S:FD P:NvUbdIzc   $B6CA: D0 F7     BNE $B6C3
A:F8 X:C0 Y:42 S:FD P:NvUbdIzc   $B6C3: 9D 00 02  STA $0200,X @ $02C0 = #$F8
A:F8 X:C0 Y:42 S:FD P:NvUbdIzc   $B6C6: E8        INX
A:F8 X:C1 Y:42 S:FD P:NvUbdIzc   $B6C7: E8        INX
A:F8 X:C2 Y:42 S:FD P:NvUbdIzc   $B6C8: E8        INX
A:F8 X:C3 Y:42 S:FD P:NvUbdIzc   $B6C9: E8        INX
A:F8 X:C4 Y:42 S:FD P:NvUbdIzc   $B6CA: D0 F7     BNE $B6C3
A:F8 X:C4 Y:42 S:FD P:NvUbdIzc   $B6C3: 9D 00 02  STA $0200,X @ $02C4 = #$F8
A:F8 X:C4 Y:42 S:FD P:NvUbdIzc   $B6C6: E8        INX
A:F8 X:C5 Y:42 S:FD P:NvUbdIzc   $B6C7: E8        INX
A:F8 X:C6 Y:42 S:FD P:NvUbdIzc   $B6C8: E8        INX
A:F8 X:C7 Y:42 S:FD P:NvUbdIzc   $B6C9: E8        INX
A:F8 X:C8 Y:42 S:FD P:NvUbdIzc   $B6CA: D0 F7     BNE $B6C3
A:F8 X:C8 Y:42 S:FD P:NvUbdIzc   $B6C3: 9D 00 02  STA $0200,X @ $02C8 = #$F8
A:F8 X:C8 Y:42 S:FD P:NvUbdIzc   $B6C6: E8        INX
A:F8 X:C9 Y:42 S:FD P:NvUbdIzc   $B6C7: E8        INX
A:F8 X:CA Y:42 S:FD P:NvUbdIzc   $B6C8: E8        INX
A:F8 X:CB Y:42 S:FD P:NvUbdIzc   $B6C9: E8        INX
A:F8 X:CC Y:42 S:FD P:NvUbdIzc   $B6CA: D0 F7     BNE $B6C3
A:F8 X:CC Y:42 S:FD P:NvUbdIzc   $B6C3: 9D 00 02  STA $0200,X @ $02CC = #$F8
A:F8 X:CC Y:42 S:FD P:NvUbdIzc   $B6C6: E8        INX
A:F8 X:CD Y:42 S:FD P:NvUbdIzc   $B6C7: E8        INX
A:F8 X:CE Y:42 S:FD P:NvUbdIzc   $B6C8: E8        INX
A:F8 X:CF Y:42 S:FD P:NvUbdIzc   $B6C9: E8        INX
A:F8 X:D0 Y:42 S:FD P:NvUbdIzc   $B6CA: D0 F7     BNE $B6C3
A:F8 X:D0 Y:42 S:FD P:NvUbdIzc   $B6C3: 9D 00 02  STA $0200,X @ $02D0 = #$F8
A:F8 X:D0 Y:42 S:FD P:NvUbdIzc   $B6C6: E8        INX
A:F8 X:D1 Y:42 S:FD P:NvUbdIzc   $B6C7: E8        INX
A:F8 X:D2 Y:42 S:FD P:NvUbdIzc   $B6C8: E8        INX
A:F8 X:D3 Y:42 S:FD P:NvUbdIzc   $B6C9: E8        INX
A:F8 X:D4 Y:42 S:FD P:NvUbdIzc   $B6CA: D0 F7     BNE $B6C3
A:F8 X:D4 Y:42 S:FD P:NvUbdIzc   $B6C3: 9D 00 02  STA $0200,X @ $02D4 = #$F8
A:F8 X:D4 Y:42 S:FD P:NvUbdIzc   $B6C6: E8        INX
A:F8 X:D5 Y:42 S:FD P:NvUbdIzc   $B6C7: E8        INX
A:F8 X:D6 Y:42 S:FD P:NvUbdIzc   $B6C8: E8        INX
A:F8 X:D7 Y:42 S:FD P:NvUbdIzc   $B6C9: E8        INX
A:F8 X:D8 Y:42 S:FD P:NvUbdIzc   $B6CA: D0 F7     BNE $B6C3
A:F8 X:D8 Y:42 S:FD P:NvUbdIzc   $B6C3: 9D 00 02  STA $0200,X @ $02D8 = #$F8
A:F8 X:D8 Y:42 S:FD P:NvUbdIzc   $B6C6: E8        INX
A:F8 X:D9 Y:42 S:FD P:NvUbdIzc   $B6C7: E8        INX
A:F8 X:DA Y:42 S:FD P:NvUbdIzc   $B6C8: E8        INX
A:F8 X:DB Y:42 S:FD P:NvUbdIzc   $B6C9: E8        INX
A:F8 X:DC Y:42 S:FD P:NvUbdIzc   $B6CA: D0 F7     BNE $B6C3
A:F8 X:DC Y:42 S:FD P:NvUbdIzc   $B6C3: 9D 00 02  STA $0200,X @ $02DC = #$F8
A:F8 X:DC Y:42 S:FD P:NvUbdIzc   $B6C6: E8        INX
A:F8 X:DD Y:42 S:FD P:NvUbdIzc   $B6C7: E8        INX
A:F8 X:DE Y:42 S:FD P:NvUbdIzc   $B6C8: E8        INX
A:F8 X:DF Y:42 S:FD P:NvUbdIzc   $B6C9: E8        INX
A:F8 X:E0 Y:42 S:FD P:NvUbdIzc   $B6CA: D0 F7     BNE $B6C3
A:F8 X:E0 Y:42 S:FD P:NvUbdIzc   $B6C3: 9D 00 02  STA $0200,X @ $02E0 = #$F8
A:F8 X:E0 Y:42 S:FD P:NvUbdIzc   $B6C6: E8        INX
A:F8 X:E1 Y:42 S:FD P:NvUbdIzc   $B6C7: E8        INX
A:F8 X:E2 Y:42 S:FD P:NvUbdIzc   $B6C8: E8        INX
A:F8 X:E3 Y:42 S:FD P:NvUbdIzc   $B6C9: E8        INX
A:F8 X:E4 Y:42 S:FD P:NvUbdIzc   $B6CA: D0 F7     BNE $B6C3
A:F8 X:E4 Y:42 S:FD P:NvUbdIzc   $B6C3: 9D 00 02  STA $0200,X @ $02E4 = #$F8
A:F8 X:E4 Y:42 S:FD P:NvUbdIzc   $B6C6: E8        INX
A:F8 X:E5 Y:42 S:FD P:NvUbdIzc   $B6C7: E8        INX
A:F8 X:E6 Y:42 S:FD P:NvUbdIzc   $B6C8: E8        INX
A:F8 X:E7 Y:42 S:FD P:NvUbdIzc   $B6C9: E8        INX
A:F8 X:E8 Y:42 S:FD P:NvUbdIzc   $B6CA: D0 F7     BNE $B6C3
A:F8 X:E8 Y:42 S:FD P:NvUbdIzc   $B6C3: 9D 00 02  STA $0200,X @ $02E8 = #$F8
A:F8 X:E8 Y:42 S:FD P:NvUbdIzc   $B6C6: E8        INX
A:F8 X:E9 Y:42 S:FD P:NvUbdIzc   $B6C7: E8        INX
A:F8 X:EA Y:42 S:FD P:NvUbdIzc   $B6C8: E8        INX
A:F8 X:EB Y:42 S:FD P:NvUbdIzc   $B6C9: E8        INX
A:F8 X:EC Y:42 S:FD P:NvUbdIzc   $B6CA: D0 F7     BNE $B6C3
A:F8 X:EC Y:42 S:FD P:NvUbdIzc   $B6C3: 9D 00 02  STA $0200,X @ $02EC = #$F8
A:F8 X:EC Y:42 S:FD P:NvUbdIzc   $B6C6: E8        INX
A:F8 X:ED Y:42 S:FD P:NvUbdIzc   $B6C7: E8        INX
A:F8 X:EE Y:42 S:FD P:NvUbdIzc   $B6C8: E8        INX
A:F8 X:EF Y:42 S:FD P:NvUbdIzc   $B6C9: E8        INX
A:F8 X:F0 Y:42 S:FD P:NvUbdIzc   $B6CA: D0 F7     BNE $B6C3
A:F8 X:F0 Y:42 S:FD P:NvUbdIzc   $B6C3: 9D 00 02  STA $0200,X @ $02F0 = #$F8
A:F8 X:F0 Y:42 S:FD P:NvUbdIzc   $B6C6: E8        INX
A:F8 X:F1 Y:42 S:FD P:NvUbdIzc   $B6C7: E8        INX
A:F8 X:F2 Y:42 S:FD P:NvUbdIzc   $B6C8: E8        INX
A:F8 X:F3 Y:42 S:FD P:NvUbdIzc   $B6C9: E8        INX
A:F8 X:F4 Y:42 S:FD P:NvUbdIzc   $B6CA: D0 F7     BNE $B6C3
A:F8 X:F4 Y:42 S:FD P:NvUbdIzc   $B6C3: 9D 00 02  STA $0200,X @ $02F4 = #$F8
A:F8 X:F4 Y:42 S:FD P:NvUbdIzc   $B6C6: E8        INX
A:F8 X:F5 Y:42 S:FD P:NvUbdIzc   $B6C7: E8        INX
A:F8 X:F6 Y:42 S:FD P:NvUbdIzc   $B6C8: E8        INX
A:F8 X:F7 Y:42 S:FD P:NvUbdIzc   $B6C9: E8        INX
A:F8 X:F8 Y:42 S:FD P:NvUbdIzc   $B6CA: D0 F7     BNE $B6C3
A:F8 X:F8 Y:42 S:FD P:NvUbdIzc   $B6C3: 9D 00 02  STA $0200,X @ $02F8 = #$F8
A:F8 X:F8 Y:42 S:FD P:NvUbdIzc   $B6C6: E8        INX
A:F8 X:F9 Y:42 S:FD P:NvUbdIzc   $B6C7: E8        INX
A:F8 X:FA Y:42 S:FD P:NvUbdIzc   $B6C8: E8        INX
A:F8 X:FB Y:42 S:FD P:NvUbdIzc   $B6C9: E8        INX
A:F8 X:FC Y:42 S:FD P:NvUbdIzc   $B6CA: D0 F7     BNE $B6C3
A:F8 X:FC Y:42 S:FD P:NvUbdIzc   $B6C3: 9D 00 02  STA $0200,X @ $02FC = #$F8
A:F8 X:FC Y:42 S:FD P:NvUbdIzc   $B6C6: E8        INX
A:F8 X:FD Y:42 S:FD P:NvUbdIzc   $B6C7: E8        INX
A:F8 X:FE Y:42 S:FD P:NvUbdIzc   $B6C8: E8        INX
A:F8 X:FF Y:42 S:FD P:NvUbdIzc   $B6C9: E8        INX
A:F8 X:00 Y:42 S:FD P:nvUbdIZc   $B6CA: D0 F7     BNE $B6C3
A:F8 X:00 Y:42 S:FD P:nvUbdIZc   $B6CC: 60        RTS (from $F83E) ----------------------------
A:F8 X:00 Y:42 S:FF P:nvUbdIZc $F447: AD 02 20  LDA $2002 = #$12
A:12 X:00 Y:42 S:FF P:nvUbdIzc $F44A: 20 3A F0  JSR $F03A
A:12 X:00 Y:42 S:FD P:nvUbdIzc   $F03A: A2 05     LDX #$05
A:12 X:05 Y:42 S:FD P:nvUbdIzc   $F03C: BD FF 06  LDA $06FF,X @ $0704 = #$00
A:00 X:05 Y:42 S:FD P:nvUbdIZc   $F03F: 9D 04 07  STA $0704,X @ $0709 = #$00
A:00 X:05 Y:42 S:FD P:nvUbdIZc   $F042: CA        DEX
A:00 X:04 Y:42 S:FD P:nvUbdIzc   $F043: D0 F7     BNE $F03C
A:00 X:04 Y:42 S:FD P:nvUbdIzc   $F03C: BD FF 06  LDA $06FF,X @ $0703 = #$00
A:00 X:04 Y:42 S:FD P:nvUbdIZc   $F03F: 9D 04 07  STA $0704,X @ $0708 = #$00
A:00 X:04 Y:42 S:FD P:nvUbdIZc   $F042: CA        DEX
A:00 X:03 Y:42 S:FD P:nvUbdIzc   $F043: D0 F7     BNE $F03C
A:00 X:03 Y:42 S:FD P:nvUbdIzc   $F03C: BD FF 06  LDA $06FF,X @ $0702 = #$40
A:40 X:03 Y:42 S:FD P:nvUbdIzc   $F03F: 9D 04 07  STA $0704,X @ $0707 = #$E0
A:40 X:03 Y:42 S:FD P:nvUbdIzc   $F042: CA        DEX
A:40 X:02 Y:42 S:FD P:nvUbdIzc   $F043: D0 F7     BNE $F03C
A:40 X:02 Y:42 S:FD P:nvUbdIzc   $F03C: BD FF 06  LDA $06FF,X @ $0701 = #$58
A:58 X:02 Y:42 S:FD P:nvUbdIzc   $F03F: 9D 04 07  STA $0704,X @ $0706 = #$57
A:58 X:02 Y:42 S:FD P:nvUbdIzc   $F042: CA        DEX
A:58 X:01 Y:42 S:FD P:nvUbdIzc   $F043: D0 F7     BNE $F03C
A:58 X:01 Y:42 S:FD P:nvUbdIzc   $F03C: BD FF 06  LDA $06FF,X @ $0700 = #$02
A:02 X:01 Y:42 S:FD P:nvUbdIzc   $F03F: 9D 04 07  STA $0704,X @ $0705 = #$02
A:02 X:01 Y:42 S:FD P:nvUbdIzc   $F042: CA        DEX
A:02 X:00 Y:42 S:FD P:nvUbdIZc   $F043: D0 F7     BNE $F03C
A:02 X:00 Y:42 S:FD P:nvUbdIZc   $F045: AD F1 04  LDA $04F1 = #$00
A:00 X:00 Y:42 S:FD P:nvUbdIZc   $F048: C9 03     CMP #$03
A:00 X:00 Y:42 S:FD P:NvUbdIzc   $F04A: F0 38     BEQ $F084
A:00 X:00 Y:42 S:FD P:NvUbdIzc   $F04C: A0 FF     LDY #$FF
A:00 X:00 Y:FF S:FD P:NvUbdIzc   $F04E: AD 0A 07  LDA $070A = #$00
A:00 X:00 Y:FF S:FD P:nvUbdIZc   $F051: 30 01     BMI $F054
A:00 X:00 Y:FF S:FD P:nvUbdIZc   $F053: C8        INY
A:00 X:00 Y:00 S:FD P:nvUbdIZc   $F054: 84 01     STY $01 = #$40
A:00 X:00 Y:00 S:FD P:nvUbdIZc   $F056: 18        CLC
A:00 X:00 Y:00 S:FD P:nvUbdIZc   $F057: AD 02 07  LDA $0702 = #$40
A:40 X:00 Y:00 S:FD P:nvUbdIzc   $F05A: 6D 0B 07  ADC $070B = #$60
A:A0 X:00 Y:00 S:FD P:NVUbdIzc   $F05D: 8D 02 07  STA $0702 = #$40
A:A0 X:00 Y:00 S:FD P:NVUbdIzc   $F060: AD 01 07  LDA $0701 = #$58
A:58 X:00 Y:00 S:FD P:nVUbdIzc   $F063: 6D 0A 07  ADC $070A = #$00
A:58 X:00 Y:00 S:FD P:nvUbdIzc   $F066: 8D 01 07  STA $0701 = #$58
A:58 X:00 Y:00 S:FD P:nvUbdIzc   $F069: AD 00 07  LDA $0700 = #$02
A:02 X:00 Y:00 S:FD P:nvUbdIzc   $F06C: 65 01     ADC $01 = #$00
A:02 X:00 Y:00 S:FD P:nvUbdIzc   $F06E: 8D 00 07  STA $0700 = #$02
A:02 X:00 Y:00 S:FD P:nvUbdIzc   $F071: 18        CLC
A:02 X:00 Y:00 S:FD P:nvUbdIzc   $F072: AD 0D 07  LDA $070D = #$00
A:00 X:00 Y:00 S:FD P:nvUbdIZc   $F075: 6D 04 07  ADC $0704 = #$00
A:00 X:00 Y:00 S:FD P:nvUbdIZc   $F078: 8D 04 07  STA $0704 = #$00
A:00 X:00 Y:00 S:FD P:nvUbdIZc   $F07B: AD 0C 07  LDA $070C = #$00
A:00 X:00 Y:00 S:FD P:nvUbdIZc   $F07E: 6D 03 07  ADC $0703 = #$00
A:00 X:00 Y:00 S:FD P:nvUbdIZc   $F081: 8D 03 07  STA $0703 = #$00
A:00 X:00 Y:00 S:FD P:nvUbdIZc   $F084: 38        SEC
A:00 X:00 Y:00 S:FD P:nvUbdIZC   $F085: AD 01 07  LDA $0701 = #$58
A:58 X:00 Y:00 S:FD P:nvUbdIzC   $F088: ED 06 07  SBC $0706 = #$58
A:00 X:00 Y:00 S:FD P:nvUbdIZC   $F08B: 85 97     STA $97 = #$01
A:00 X:00 Y:00 S:FD P:nvUbdIZC   $F08D: AD 00 07  LDA $0700 = #$02
A:02 X:00 Y:00 S:FD P:nvUbdIzC   $F090: ED 05 07  SBC $0705 = #$02
A:00 X:00 Y:00 S:FD P:nvUbdIZC   $F093: 85 98     STA $98 = #$00
A:00 X:00 Y:00 S:FD P:nvUbdIZC   $F095: A9 FF     LDA #$FF
A:FF X:00 Y:00 S:FD P:NvUbdIzC   $F097: 85 9A     STA $9A = #$00
A:FF X:00 Y:00 S:FD P:NvUbdIzC   $F099: 38        SEC
A:FF X:00 Y:00 S:FD P:NvUbdIzC   $F09A: AD 08 07  LDA $0708 = #$00
A:00 X:00 Y:00 S:FD P:nvUbdIZC   $F09D: ED 03 07  SBC $0703 = #$00
A:00 X:00 Y:00 S:FD P:nvUbdIZC   $F0A0: 85 99     STA $99 = #$00
A:00 X:00 Y:00 S:FD P:nvUbdIZC   $F0A2: 30 02     BMI $F0A6
A:00 X:00 Y:00 S:FD P:nvUbdIZC   $F0A4: E6 9A     INC $9A = #$FF
A:00 X:00 Y:00 S:FD P:nvUbdIZC   $F0A6: 38        SEC
A:00 X:00 Y:00 S:FD P:nvUbdIZC   $F0A7: AD 06 07  LDA $0706 = #$58
A:58 X:00 Y:00 S:FD P:nvUbdIzC   $F0AA: ED 01 07  SBC $0701 = #$58
A:00 X:00 Y:00 S:FD P:nvUbdIZC   $F0AD: 85 00     STA $00 = #$40
A:00 X:00 Y:00 S:FD P:nvUbdIZC   $F0AF: 18        CLC
A:00 X:00 Y:00 S:FD P:nvUbdIZc   $F0B0: AD 0F 07  LDA $070F = #$78
A:78 X:00 Y:00 S:FD P:nvUbdIzc   $F0B3: 85 01     STA $01 = #$00
A:78 X:00 Y:00 S:FD P:nvUbdIzc   $F0B5: 65 00     ADC $00 = #$00
A:78 X:00 Y:00 S:FD P:nvUbdIzc   $F0B7: 8D 0F 07  STA $070F = #$78
A:78 X:00 Y:00 S:FD P:nvUbdIzc   $F0BA: AD 0F 07  LDA $070F = #$78
A:78 X:00 Y:00 S:FD P:nvUbdIzc   $F0BD: 29 F0     AND #$F0
A:70 X:00 Y:00 S:FD P:nvUbdIzc   $F0BF: C9 F0     CMP #$F0
A:70 X:00 Y:00 S:FD P:NvUbdIzc   $F0C1: D0 13     BNE $F0D6
A:70 X:00 Y:00 S:FD P:NvUbdIzc   $F0D6: AD 34 07  LDA $0734 = #$00
A:00 X:00 Y:00 S:FD P:nvUbdIZc   $F0D9: D0 26     BNE $F101
A:00 X:00 Y:00 S:FD P:nvUbdIZc   $F0DB: A5 3D     LDA $3D = #$00
A:00 X:00 Y:00 S:FD P:nvUbdIZc   $F0DD: D0 10     BNE $F0EF
A:00 X:00 Y:00 S:FD P:nvUbdIZc   $F0DF: A5 01     LDA $01 = #$78
A:78 X:00 Y:00 S:FD P:nvUbdIzc   $F0E1: 29 E0     AND #$E0
A:60 X:00 Y:00 S:FD P:nvUbdIzc   $F0E3: 85 01     STA $01 = #$78
A:60 X:00 Y:00 S:FD P:nvUbdIzc   $F0E5: AD 0F 07  LDA $070F = #$78
A:78 X:00 Y:00 S:FD P:nvUbdIzc   $F0E8: 29 E0     AND #$E0
A:60 X:00 Y:00 S:FD P:nvUbdIzc   $F0EA: C5 01     CMP $01 = #$60
A:60 X:00 Y:00 S:FD P:nvUbdIZC   $F0EC: D0 14     BNE $F102
A:60 X:00 Y:00 S:FD P:nvUbdIZC   $F0EE: 60        RTS (from $F03A) ----------------------------
A:60 X:00 Y:00 S:FF P:nvUbdIZC $F44D: AD 02 20  LDA $2002 = #$12
A:12 X:00 Y:00 S:FF P:nvUbdIzC $F450: 20 52 D1  JSR $D152
A:12 X:00 Y:00 S:FD P:nvUbdIzC   $D152: 20 81 D0  JSR $D081
A:12 X:00 Y:00 S:FB P:nvUbdIzC     $D081: A9 01     LDA #$01
A:01 X:00 Y:00 S:FB P:nvUbdIzC     $D083: 8D 01 C0  STA $C001 = #$01
A:01 X:00 Y:00 S:FB P:nvUbdIzC     $D086: A0 00     LDY #$00
A:01 X:00 Y:00 S:FB P:nvUbdIZC     $D088: 84 01     STY $01 = #$60
A:01 X:00 Y:00 S:FB P:nvUbdIZC     $D08A: B1 59     LDA ($59),Y @ $A096 = #$37
A:37 X:00 Y:00 S:FB P:nvUbdIzC     $D08C: 85 00     STA $00 = #$00
A:37 X:00 Y:00 S:FB P:nvUbdIzC     $D08E: 06 00     ASL $00 = #$37
A:37 X:00 Y:00 S:FB P:nvUbdIzc     $D090: 26 01     ROL $01 = #$00
A:37 X:00 Y:00 S:FB P:nvUbdIZc     $D092: 06 00     ASL $00 = #$6E
A:37 X:00 Y:00 S:FB P:NvUbdIzc     $D094: 26 01     ROL $01 = #$00
A:37 X:00 Y:00 S:FB P:nvUbdIZc     $D096: 06 00     ASL $00 = #$DC
A:37 X:00 Y:00 S:FB P:NvUbdIzC     $D098: 26 01     ROL $01 = #$00
A:37 X:00 Y:00 S:FB P:nvUbdIzc     $D09A: 06 00     ASL $00 = #$B8
A:37 X:00 Y:00 S:FB P:nvUbdIzC     $D09C: 26 01     ROL $01 = #$01
A:37 X:00 Y:00 S:FB P:nvUbdIzc     $D09E: AD 15 07  LDA $0715 = #$00
A:00 X:00 Y:00 S:FB P:nvUbdIZc     $D0A1: C9 01     CMP #$01
A:00 X:00 Y:00 S:FB P:NvUbdIzc     $D0A3: F0 17     BEQ $D0BC
A:00 X:00 Y:00 S:FB P:NvUbdIzc     $D0A5: C9 03     CMP #$03
A:00 X:00 Y:00 S:FB P:NvUbdIzc     $D0A7: F0 13     BEQ $D0BC
A:00 X:00 Y:00 S:FB P:NvUbdIzc     $D0A9: C9 05     CMP #$05
A:00 X:00 Y:00 S:FB P:NvUbdIzc     $D0AB: F0 0F     BEQ $D0BC
A:00 X:00 Y:00 S:FB P:NvUbdIzc     $D0AD: C9 07     CMP #$07
A:00 X:00 Y:00 S:FB P:NvUbdIzc     $D0AF: F0 0B     BEQ $D0BC
A:00 X:00 Y:00 S:FB P:NvUbdIzc     $D0B1: C9 21     CMP #$21
A:00 X:00 Y:00 S:FB P:NvUbdIzc     $D0B3: F0 07     BEQ $D0BC
A:00 X:00 Y:00 S:FB P:NvUbdIzc     $D0B5: C9 23     CMP #$23
A:00 X:00 Y:00 S:FB P:NvUbdIzc     $D0B7: F0 03     BEQ $D0BC
A:00 X:00 Y:00 S:FB P:NvUbdIzc     $D0B9: 4C C9 D0  JMP $D0C9
A:00 X:00 Y:00 S:FB P:NvUbdIzc     $D0C9: 38        SEC
A:00 X:00 Y:00 S:FB P:NvUbdIzC     $D0CA: A5 00     LDA $00 = #$70
A:70 X:00 Y:00 S:FB P:nvUbdIzC     $D0CC: ED 01 07  SBC $0701 = #$58
A:18 X:00 Y:00 S:FB P:nvUbdIzC     $D0CF: 85 00     STA $00 = #$70
A:18 X:00 Y:00 S:FB P:nvUbdIzC     $D0D1: A5 01     LDA $01 = #$03
A:03 X:00 Y:00 S:FB P:nvUbdIzC     $D0D3: ED 00 07  SBC $0700 = #$02
A:01 X:00 Y:00 S:FB P:nvUbdIzC     $D0D6: 29 0F     AND #$0F
A:01 X:00 Y:00 S:FB P:nvUbdIzC     $D0D8: F0 05     BEQ $D0DF
A:01 X:00 Y:00 S:FB P:nvUbdIzC     $D0DA: C9 0F     CMP #$0F
A:01 X:00 Y:00 S:FB P:NvUbdIzc     $D0DC: F0 01     BEQ $D0DF
A:01 X:00 Y:00 S:FB P:NvUbdIzc     $D0DE: 60        RTS (from $D081) ----------------------------
A:01 X:00 Y:00 S:FD P:NvUbdIzc   $D155: A9 04     LDA #$04
A:04 X:00 Y:00 S:FD P:nvUbdIzc   $D157: 8D 04 C0  STA $C004 = #$04
A:04 X:00 Y:00 S:FD P:nvUbdIzc   $D15A: A0 00     LDY #$00
A:04 X:00 Y:00 S:FD P:nvUbdIZc   $D15C: B1 38     LDA ($38),Y @ $B084 = #$70
A:70 X:00 Y:00 S:FD P:nvUbdIzc   $D15E: 85 00     STA $00 = #$18
A:70 X:00 Y:00 S:FD P:nvUbdIzc   $D160: C8        INY
A:70 X:00 Y:01 S:FD P:nvUbdIzc   $D161: B1 38     LDA ($38),Y @ $B085 = #$09
A:09 X:00 Y:01 S:FD P:nvUbdIzc   $D163: 85 01     STA $01 = #$03
A:09 X:00 Y:01 S:FD P:nvUbdIzc   $D165: 38        SEC
A:09 X:00 Y:01 S:FD P:nvUbdIzC   $D166: A5 00     LDA $00 = #$70
A:70 X:00 Y:01 S:FD P:nvUbdIzC   $D168: ED 01 07  SBC $0701 = #$58
A:18 X:00 Y:01 S:FD P:nvUbdIzC   $D16B: 85 00     STA $00 = #$70
A:18 X:00 Y:01 S:FD P:nvUbdIzC   $D16D: A5 01     LDA $01 = #$09
A:09 X:00 Y:01 S:FD P:nvUbdIzC   $D16F: ED 00 07  SBC $0700 = #$02
A:07 X:00 Y:01 S:FD P:nvUbdIzC   $D172: F0 05     BEQ $D179
A:07 X:00 Y:01 S:FD P:nvUbdIzC   $D174: C9 FF     CMP #$FF
A:07 X:00 Y:01 S:FD P:nvUbdIzc   $D176: F0 01     BEQ $D179
A:07 X:00 Y:01 S:FD P:nvUbdIzc   $D178: 60        RTS (from $D152) ----------------------------
A:07 X:00 Y:01 S:FF P:nvUbdIzc $F453: AD 02 20  LDA $2002 = #$12
A:12 X:00 Y:01 S:FF P:nvUbdIzc $F456: 20 33 C5  JSR $C533
A:12 X:00 Y:01 S:FD P:nvUbdIzc   $C533: A2 00     LDX #$00
A:12 X:00 Y:01 S:FD P:nvUbdIZc   $C535: 86 50     STX $50 = #$80
A:12 X:00 Y:01 S:FD P:nvUbdIZc   $C537: A6 50     LDX $50 = #$00
A:12 X:00 Y:01 S:FD P:nvUbdIZc   $C539: BD 00 01  LDA $0100,X @ $0100 = #$00
A:00 X:00 Y:01 S:FD P:nvUbdIZc   $C53C: F0 03     BEQ $C541
A:00 X:00 Y:01 S:FD P:nvUbdIZc   $C541: A5 50     LDA $50 = #$00
A:00 X:00 Y:01 S:FD P:nvUbdIZc   $C543: 18        CLC
A:00 X:00 Y:01 S:FD P:nvUbdIZc   $C544: 69 08     ADC #$08
A:08 X:00 Y:01 S:FD P:nvUbdIzc   $C546: 85 50     STA $50 = #$00
A:08 X:00 Y:01 S:FD P:nvUbdIzc   $C548: C9 D0     CMP #$D0
A:08 X:00 Y:01 S:FD P:nvUbdIzc   $C54A: D0 EB     BNE $C537
A:08 X:00 Y:01 S:FD P:nvUbdIzc   $C537: A6 50     LDX $50 = #$08
A:08 X:08 Y:01 S:FD P:nvUbdIzc   $C539: BD 00 01  LDA $0100,X @ $0108 = #$00
A:00 X:08 Y:01 S:FD P:nvUbdIZc   $C53C: F0 03     BEQ $C541
A:00 X:08 Y:01 S:FD P:nvUbdIZc   $C541: A5 50     LDA $50 = #$08
A:08 X:08 Y:01 S:FD P:nvUbdIzc   $C543: 18        CLC
A:08 X:08 Y:01 S:FD P:nvUbdIzc   $C544: 69 08     ADC #$08
A:10 X:08 Y:01 S:FD P:nvUbdIzc   $C546: 85 50     STA $50 = #$08
A:10 X:08 Y:01 S:FD P:nvUbdIzc   $C548: C9 D0     CMP #$D0
A:10 X:08 Y:01 S:FD P:nvUbdIzc   $C54A: D0 EB     BNE $C537
A:10 X:08 Y:01 S:FD P:nvUbdIzc   $C537: A6 50     LDX $50 = #$10
A:10 X:10 Y:01 S:FD P:nvUbdIzc   $C539: BD 00 01  LDA $0100,X @ $0110 = #$00
A:00 X:10 Y:01 S:FD P:nvUbdIZc   $C53C: F0 03     BEQ $C541
A:00 X:10 Y:01 S:FD P:nvUbdIZc   $C541: A5 50     LDA $50 = #$10
A:10 X:10 Y:01 S:FD P:nvUbdIzc   $C543: 18        CLC
A:10 X:10 Y:01 S:FD P:nvUbdIzc   $C544: 69 08     ADC #$08
A:18 X:10 Y:01 S:FD P:nvUbdIzc   $C546: 85 50     STA $50 = #$10
A:18 X:10 Y:01 S:FD P:nvUbdIzc   $C548: C9 D0     CMP #$D0
A:18 X:10 Y:01 S:FD P:nvUbdIzc   $C54A: D0 EB     BNE $C537
A:18 X:10 Y:01 S:FD P:nvUbdIzc   $C537: A6 50     LDX $50 = #$18
A:18 X:18 Y:01 S:FD P:nvUbdIzc   $C539: BD 00 01  LDA $0100,X @ $0118 = #$00
A:00 X:18 Y:01 S:FD P:nvUbdIZc   $C53C: F0 03     BEQ $C541
A:00 X:18 Y:01 S:FD P:nvUbdIZc   $C541: A5 50     LDA $50 = #$18
A:18 X:18 Y:01 S:FD P:nvUbdIzc   $C543: 18        CLC
A:18 X:18 Y:01 S:FD P:nvUbdIzc   $C544: 69 08     ADC #$08
A:20 X:18 Y:01 S:FD P:nvUbdIzc   $C546: 85 50     STA $50 = #$18
A:20 X:18 Y:01 S:FD P:nvUbdIzc   $C548: C9 D0     CMP #$D0
A:20 X:18 Y:01 S:FD P:nvUbdIzc   $C54A: D0 EB     BNE $C537
A:20 X:18 Y:01 S:FD P:nvUbdIzc   $C537: A6 50     LDX $50 = #$20
A:20 X:20 Y:01 S:FD P:nvUbdIzc   $C539: BD 00 01  LDA $0100,X @ $0120 = #$00
A:00 X:20 Y:01 S:FD P:nvUbdIZc   $C53C: F0 03     BEQ $C541
A:00 X:20 Y:01 S:FD P:nvUbdIZc   $C541: A5 50     LDA $50 = #$20
A:20 X:20 Y:01 S:FD P:nvUbdIzc   $C543: 18        CLC
A:20 X:20 Y:01 S:FD P:nvUbdIzc   $C544: 69 08     ADC #$08
A:28 X:20 Y:01 S:FD P:nvUbdIzc   $C546: 85 50     STA $50 = #$20
A:28 X:20 Y:01 S:FD P:nvUbdIzc   $C548: C9 D0     CMP #$D0
A:28 X:20 Y:01 S:FD P:nvUbdIzc   $C54A: D0 EB     BNE $C537
A:28 X:20 Y:01 S:FD P:nvUbdIzc   $C537: A6 50     LDX $50 = #$28
A:28 X:28 Y:01 S:FD P:nvUbdIzc   $C539: BD 00 01  LDA $0100,X @ $0128 = #$00
A:00 X:28 Y:01 S:FD P:nvUbdIZc   $C53C: F0 03     BEQ $C541
A:00 X:28 Y:01 S:FD P:nvUbdIZc   $C541: A5 50     LDA $50 = #$28
A:28 X:28 Y:01 S:FD P:nvUbdIzc   $C543: 18        CLC
A:28 X:28 Y:01 S:FD P:nvUbdIzc   $C544: 69 08     ADC #$08
A:30 X:28 Y:01 S:FD P:nvUbdIzc   $C546: 85 50     STA $50 = #$28
A:30 X:28 Y:01 S:FD P:nvUbdIzc   $C548: C9 D0     CMP #$D0
A:30 X:28 Y:01 S:FD P:nvUbdIzc   $C54A: D0 EB     BNE $C537
A:30 X:28 Y:01 S:FD P:nvUbdIzc   $C537: A6 50     LDX $50 = #$30
A:30 X:30 Y:01 S:FD P:nvUbdIzc   $C539: BD 00 01  LDA $0100,X @ $0130 = #$00
A:00 X:30 Y:01 S:FD P:nvUbdIZc   $C53C: F0 03     BEQ $C541
A:00 X:30 Y:01 S:FD P:nvUbdIZc   $C541: A5 50     LDA $50 = #$30
A:30 X:30 Y:01 S:FD P:nvUbdIzc   $C543: 18        CLC
A:30 X:30 Y:01 S:FD P:nvUbdIzc   $C544: 69 08     ADC #$08
A:38 X:30 Y:01 S:FD P:nvUbdIzc   $C546: 85 50     STA $50 = #$30
A:38 X:30 Y:01 S:FD P:nvUbdIzc   $C548: C9 D0     CMP #$D0
A:38 X:30 Y:01 S:FD P:nvUbdIzc   $C54A: D0 EB     BNE $C537
A:38 X:30 Y:01 S:FD P:nvUbdIzc   $C537: A6 50     LDX $50 = #$38
A:38 X:38 Y:01 S:FD P:nvUbdIzc   $C539: BD 00 01  LDA $0100,X @ $0138 = #$00
A:00 X:38 Y:01 S:FD P:nvUbdIZc   $C53C: F0 03     BEQ $C541
A:00 X:38 Y:01 S:FD P:nvUbdIZc   $C541: A5 50     LDA $50 = #$38
A:38 X:38 Y:01 S:FD P:nvUbdIzc   $C543: 18        CLC
A:38 X:38 Y:01 S:FD P:nvUbdIzc   $C544: 69 08     ADC #$08
A:40 X:38 Y:01 S:FD P:nvUbdIzc   $C546: 85 50     STA $50 = #$38
A:40 X:38 Y:01 S:FD P:nvUbdIzc   $C548: C9 D0     CMP #$D0
A:40 X:38 Y:01 S:FD P:nvUbdIzc   $C54A: D0 EB     BNE $C537
A:40 X:38 Y:01 S:FD P:nvUbdIzc   $C537: A6 50     LDX $50 = #$40
A:40 X:40 Y:01 S:FD P:nvUbdIzc   $C539: BD 00 01  LDA $0100,X @ $0140 = #$00
A:00 X:40 Y:01 S:FD P:nvUbdIZc   $C53C: F0 03     BEQ $C541
A:00 X:40 Y:01 S:FD P:nvUbdIZc   $C541: A5 50     LDA $50 = #$40
A:40 X:40 Y:01 S:FD P:nvUbdIzc   $C543: 18        CLC
A:40 X:40 Y:01 S:FD P:nvUbdIzc   $C544: 69 08     ADC #$08
A:48 X:40 Y:01 S:FD P:nvUbdIzc   $C546: 85 50     STA $50 = #$40
A:48 X:40 Y:01 S:FD P:nvUbdIzc   $C548: C9 D0     CMP #$D0
A:48 X:40 Y:01 S:FD P:nvUbdIzc   $C54A: D0 EB     BNE $C537
A:48 X:40 Y:01 S:FD P:nvUbdIzc   $C537: A6 50     LDX $50 = #$48
A:48 X:48 Y:01 S:FD P:nvUbdIzc   $C539: BD 00 01  LDA $0100,X @ $0148 = #$00
A:00 X:48 Y:01 S:FD P:nvUbdIZc   $C53C: F0 03     BEQ $C541
A:00 X:48 Y:01 S:FD P:nvUbdIZc   $C541: A5 50     LDA $50 = #$48
A:48 X:48 Y:01 S:FD P:nvUbdIzc   $C543: 18        CLC
A:48 X:48 Y:01 S:FD P:nvUbdIzc   $C544: 69 08     ADC #$08
A:50 X:48 Y:01 S:FD P:nvUbdIzc   $C546: 85 50     STA $50 = #$48
A:50 X:48 Y:01 S:FD P:nvUbdIzc   $C548: C9 D0     CMP #$D0
A:50 X:48 Y:01 S:FD P:NvUbdIzc   $C54A: D0 EB     BNE $C537
A:50 X:48 Y:01 S:FD P:NvUbdIzc   $C537: A6 50     LDX $50 = #$50
A:50 X:50 Y:01 S:FD P:nvUbdIzc   $C539: BD 00 01  LDA $0100,X @ $0150 = #$00
A:00 X:50 Y:01 S:FD P:nvUbdIZc   $C53C: F0 03     BEQ $C541
A:00 X:50 Y:01 S:FD P:nvUbdIZc   $C541: A5 50     LDA $50 = #$50
A:50 X:50 Y:01 S:FD P:nvUbdIzc   $C543: 18        CLC
A:50 X:50 Y:01 S:FD P:nvUbdIzc   $C544: 69 08     ADC #$08
A:58 X:50 Y:01 S:FD P:nvUbdIzc   $C546: 85 50     STA $50 = #$50
A:58 X:50 Y:01 S:FD P:nvUbdIzc   $C548: C9 D0     CMP #$D0
A:58 X:50 Y:01 S:FD P:NvUbdIzc   $C54A: D0 EB     BNE $C537
A:58 X:50 Y:01 S:FD P:NvUbdIzc   $C537: A6 50     LDX $50 = #$58
A:58 X:58 Y:01 S:FD P:nvUbdIzc   $C539: BD 00 01  LDA $0100,X @ $0158 = #$00
A:00 X:58 Y:01 S:FD P:nvUbdIZc   $C53C: F0 03     BEQ $C541
A:00 X:58 Y:01 S:FD P:nvUbdIZc   $C541: A5 50     LDA $50 = #$58
A:58 X:58 Y:01 S:FD P:nvUbdIzc   $C543: 18        CLC
A:58 X:58 Y:01 S:FD P:nvUbdIzc   $C544: 69 08     ADC #$08
A:60 X:58 Y:01 S:FD P:nvUbdIzc   $C546: 85 50     STA $50 = #$58
A:60 X:58 Y:01 S:FD P:nvUbdIzc   $C548: C9 D0     CMP #$D0
A:60 X:58 Y:01 S:FD P:NvUbdIzc   $C54A: D0 EB     BNE $C537
A:60 X:58 Y:01 S:FD P:NvUbdIzc   $C537: A6 50     LDX $50 = #$60
A:60 X:60 Y:01 S:FD P:nvUbdIzc   $C539: BD 00 01  LDA $0100,X @ $0160 = #$00
A:00 X:60 Y:01 S:FD P:nvUbdIZc   $C53C: F0 03     BEQ $C541
A:00 X:60 Y:01 S:FD P:nvUbdIZc   $C541: A5 50     LDA $50 = #$60
A:60 X:60 Y:01 S:FD P:nvUbdIzc   $C543: 18        CLC
A:60 X:60 Y:01 S:FD P:nvUbdIzc   $C544: 69 08     ADC #$08
A:68 X:60 Y:01 S:FD P:nvUbdIzc   $C546: 85 50     STA $50 = #$60
A:68 X:60 Y:01 S:FD P:nvUbdIzc   $C548: C9 D0     CMP #$D0
A:68 X:60 Y:01 S:FD P:NvUbdIzc   $C54A: D0 EB     BNE $C537
A:68 X:60 Y:01 S:FD P:NvUbdIzc   $C537: A6 50     LDX $50 = #$68
A:68 X:68 Y:01 S:FD P:nvUbdIzc   $C539: BD 00 01  LDA $0100,X @ $0168 = #$00
A:00 X:68 Y:01 S:FD P:nvUbdIZc   $C53C: F0 03     BEQ $C541
A:00 X:68 Y:01 S:FD P:nvUbdIZc   $C541: A5 50     LDA $50 = #$68
A:68 X:68 Y:01 S:FD P:nvUbdIzc   $C543: 18        CLC
A:68 X:68 Y:01 S:FD P:nvUbdIzc   $C544: 69 08     ADC #$08
A:70 X:68 Y:01 S:FD P:nvUbdIzc   $C546: 85 50     STA $50 = #$68
A:70 X:68 Y:01 S:FD P:nvUbdIzc   $C548: C9 D0     CMP #$D0
A:70 X:68 Y:01 S:FD P:NvUbdIzc   $C54A: D0 EB     BNE $C537
A:70 X:68 Y:01 S:FD P:NvUbdIzc   $C537: A6 50     LDX $50 = #$70
A:70 X:70 Y:01 S:FD P:nvUbdIzc   $C539: BD 00 01  LDA $0100,X @ $0170 = #$00
A:00 X:70 Y:01 S:FD P:nvUbdIZc   $C53C: F0 03     BEQ $C541
A:00 X:70 Y:01 S:FD P:nvUbdIZc   $C541: A5 50     LDA $50 = #$70
A:70 X:70 Y:01 S:FD P:nvUbdIzc   $C543: 18        CLC
A:70 X:70 Y:01 S:FD P:nvUbdIzc   $C544: 69 08     ADC #$08
A:78 X:70 Y:01 S:FD P:nvUbdIzc   $C546: 85 50     STA $50 = #$70
A:78 X:70 Y:01 S:FD P:nvUbdIzc   $C548: C9 D0     CMP #$D0
A:78 X:70 Y:01 S:FD P:NvUbdIzc   $C54A: D0 EB     BNE $C537
A:78 X:70 Y:01 S:FD P:NvUbdIzc   $C537: A6 50     LDX $50 = #$78
A:78 X:78 Y:01 S:FD P:nvUbdIzc   $C539: BD 00 01  LDA $0100,X @ $0178 = #$00
A:00 X:78 Y:01 S:FD P:nvUbdIZc   $C53C: F0 03     BEQ $C541
A:00 X:78 Y:01 S:FD P:nvUbdIZc   $C541: A5 50     LDA $50 = #$78
A:78 X:78 Y:01 S:FD P:nvUbdIzc   $C543: 18        CLC
A:78 X:78 Y:01 S:FD P:nvUbdIzc   $C544: 69 08     ADC #$08
A:80 X:78 Y:01 S:FD P:NVUbdIzc   $C546: 85 50     STA $50 = #$78
A:80 X:78 Y:01 S:FD P:NVUbdIzc   $C548: C9 D0     CMP #$D0
A:80 X:78 Y:01 S:FD P:NVUbdIzc   $C54A: D0 EB     BNE $C537
A:80 X:78 Y:01 S:FD P:NVUbdIzc   $C537: A6 50     LDX $50 = #$80
A:80 X:80 Y:01 S:FD P:NVUbdIzc   $C539: BD 00 01  LDA $0100,X @ $0180 = #$00
A:00 X:80 Y:01 S:FD P:nVUbdIZc   $C53C: F0 03     BEQ $C541
A:00 X:80 Y:01 S:FD P:nVUbdIZc   $C541: A5 50     LDA $50 = #$80
A:80 X:80 Y:01 S:FD P:NVUbdIzc   $C543: 18        CLC
A:80 X:80 Y:01 S:FD P:NVUbdIzc   $C544: 69 08     ADC #$08
A:88 X:80 Y:01 S:FD P:NvUbdIzc   $C546: 85 50     STA $50 = #$80
A:88 X:80 Y:01 S:FD P:NvUbdIzc   $C548: C9 D0     CMP #$D0
A:88 X:80 Y:01 S:FD P:NvUbdIzc   $C54A: D0 EB     BNE $C537
A:88 X:80 Y:01 S:FD P:NvUbdIzc   $C537: A6 50     LDX $50 = #$88
A:88 X:88 Y:01 S:FD P:NvUbdIzc   $C539: BD 00 01  LDA $0100,X @ $0188 = #$00
A:00 X:88 Y:01 S:FD P:nvUbdIZc   $C53C: F0 03     BEQ $C541
A:00 X:88 Y:01 S:FD P:nvUbdIZc   $C541: A5 50     LDA $50 = #$88
A:88 X:88 Y:01 S:FD P:NvUbdIzc   $C543: 18        CLC
A:88 X:88 Y:01 S:FD P:NvUbdIzc   $C544: 69 08     ADC #$08
A:90 X:88 Y:01 S:FD P:NvUbdIzc   $C546: 85 50     STA $50 = #$88
A:90 X:88 Y:01 S:FD P:NvUbdIzc   $C548: C9 D0     CMP #$D0
A:90 X:88 Y:01 S:FD P:NvUbdIzc   $C54A: D0 EB     BNE $C537
A:90 X:88 Y:01 S:FD P:NvUbdIzc   $C537: A6 50     LDX $50 = #$90
A:90 X:90 Y:01 S:FD P:NvUbdIzc   $C539: BD 00 01  LDA $0100,X @ $0190 = #$00
A:00 X:90 Y:01 S:FD P:nvUbdIZc   $C53C: F0 03     BEQ $C541
A:00 X:90 Y:01 S:FD P:nvUbdIZc   $C541: A5 50     LDA $50 = #$90
A:90 X:90 Y:01 S:FD P:NvUbdIzc   $C543: 18        CLC
A:90 X:90 Y:01 S:FD P:NvUbdIzc   $C544: 69 08     ADC #$08
A:98 X:90 Y:01 S:FD P:NvUbdIzc   $C546: 85 50     STA $50 = #$90
A:98 X:90 Y:01 S:FD P:NvUbdIzc   $C548: C9 D0     CMP #$D0
A:98 X:90 Y:01 S:FD P:NvUbdIzc   $C54A: D0 EB     BNE $C537
A:98 X:90 Y:01 S:FD P:NvUbdIzc   $C537: A6 50     LDX $50 = #$98
A:98 X:98 Y:01 S:FD P:NvUbdIzc   $C539: BD 00 01  LDA $0100,X @ $0198 = #$00
A:00 X:98 Y:01 S:FD P:nvUbdIZc   $C53C: F0 03     BEQ $C541
A:00 X:98 Y:01 S:FD P:nvUbdIZc   $C541: A5 50     LDA $50 = #$98
A:98 X:98 Y:01 S:FD P:NvUbdIzc   $C543: 18        CLC
A:98 X:98 Y:01 S:FD P:NvUbdIzc   $C544: 69 08     ADC #$08
A:A0 X:98 Y:01 S:FD P:NvUbdIzc   $C546: 85 50     STA $50 = #$98
A:A0 X:98 Y:01 S:FD P:NvUbdIzc   $C548: C9 D0     CMP #$D0
A:A0 X:98 Y:01 S:FD P:NvUbdIzc   $C54A: D0 EB     BNE $C537
A:A0 X:98 Y:01 S:FD P:NvUbdIzc   $C537: A6 50     LDX $50 = #$A0
A:A0 X:A0 Y:01 S:FD P:NvUbdIzc   $C539: BD 00 01  LDA $0100,X @ $01A0 = #$00
A:00 X:A0 Y:01 S:FD P:nvUbdIZc   $C53C: F0 03     BEQ $C541
A:00 X:A0 Y:01 S:FD P:nvUbdIZc   $C541: A5 50     LDA $50 = #$A0
A:A0 X:A0 Y:01 S:FD P:NvUbdIzc   $C543: 18        CLC
A:A0 X:A0 Y:01 S:FD P:NvUbdIzc   $C544: 69 08     ADC #$08
A:A8 X:A0 Y:01 S:FD P:NvUbdIzc   $C546: 85 50     STA $50 = #$A0
A:A8 X:A0 Y:01 S:FD P:NvUbdIzc   $C548: C9 D0     CMP #$D0
A:A8 X:A0 Y:01 S:FD P:NvUbdIzc   $C54A: D0 EB     BNE $C537
A:A8 X:A0 Y:01 S:FD P:NvUbdIzc   $C537: A6 50     LDX $50 = #$A8
A:A8 X:A8 Y:01 S:FD P:NvUbdIzc   $C539: BD 00 01  LDA $0100,X @ $01A8 = #$00
A:00 X:A8 Y:01 S:FD P:nvUbdIZc   $C53C: F0 03     BEQ $C541
A:00 X:A8 Y:01 S:FD P:nvUbdIZc   $C541: A5 50     LDA $50 = #$A8
A:A8 X:A8 Y:01 S:FD P:NvUbdIzc   $C543: 18        CLC
A:A8 X:A8 Y:01 S:FD P:NvUbdIzc   $C544: 69 08     ADC #$08
A:B0 X:A8 Y:01 S:FD P:NvUbdIzc   $C546: 85 50     STA $50 = #$A8
A:B0 X:A8 Y:01 S:FD P:NvUbdIzc   $C548: C9 D0     CMP #$D0
A:B0 X:A8 Y:01 S:FD P:NvUbdIzc   $C54A: D0 EB     BNE $C537
A:B0 X:A8 Y:01 S:FD P:NvUbdIzc   $C537: A6 50     LDX $50 = #$B0
A:B0 X:B0 Y:01 S:FD P:NvUbdIzc   $C539: BD 00 01  LDA $0100,X @ $01B0 = #$00
A:00 X:B0 Y:01 S:FD P:nvUbdIZc   $C53C: F0 03     BEQ $C541
A:00 X:B0 Y:01 S:FD P:nvUbdIZc   $C541: A5 50     LDA $50 = #$B0
A:B0 X:B0 Y:01 S:FD P:NvUbdIzc   $C543: 18        CLC
A:B0 X:B0 Y:01 S:FD P:NvUbdIzc   $C544: 69 08     ADC #$08
A:B8 X:B0 Y:01 S:FD P:NvUbdIzc   $C546: 85 50     STA $50 = #$B0
A:B8 X:B0 Y:01 S:FD P:NvUbdIzc   $C548: C9 D0     CMP #$D0
A:B8 X:B0 Y:01 S:FD P:NvUbdIzc   $C54A: D0 EB     BNE $C537
A:B8 X:B0 Y:01 S:FD P:NvUbdIzc   $C537: A6 50     LDX $50 = #$B8
A:B8 X:B8 Y:01 S:FD P:NvUbdIzc   $C539: BD 00 01  LDA $0100,X @ $01B8 = #$00
A:00 X:B8 Y:01 S:FD P:nvUbdIZc   $C53C: F0 03     BEQ $C541
A:00 X:B8 Y:01 S:FD P:nvUbdIZc   $C541: A5 50     LDA $50 = #$B8
A:B8 X:B8 Y:01 S:FD P:NvUbdIzc   $C543: 18        CLC
A:B8 X:B8 Y:01 S:FD P:NvUbdIzc   $C544: 69 08     ADC #$08
A:C0 X:B8 Y:01 S:FD P:NvUbdIzc   $C546: 85 50     STA $50 = #$B8
A:C0 X:B8 Y:01 S:FD P:NvUbdIzc   $C548: C9 D0     CMP #$D0
A:C0 X:B8 Y:01 S:FD P:NvUbdIzc   $C54A: D0 EB     BNE $C537
A:C0 X:B8 Y:01 S:FD P:NvUbdIzc   $C537: A6 50     LDX $50 = #$C0
A:C0 X:C0 Y:01 S:FD P:NvUbdIzc   $C539: BD 00 01  LDA $0100,X @ $01C0 = #$00
A:00 X:C0 Y:01 S:FD P:nvUbdIZc   $C53C: F0 03     BEQ $C541
A:00 X:C0 Y:01 S:FD P:nvUbdIZc   $C541: A5 50     LDA $50 = #$C0
A:C0 X:C0 Y:01 S:FD P:NvUbdIzc   $C543: 18        CLC
A:C0 X:C0 Y:01 S:FD P:NvUbdIzc   $C544: 69 08     ADC #$08
A:C8 X:C0 Y:01 S:FD P:NvUbdIzc   $C546: 85 50     STA $50 = #$C0
A:C8 X:C0 Y:01 S:FD P:NvUbdIzc   $C548: C9 D0     CMP #$D0
A:C8 X:C0 Y:01 S:FD P:NvUbdIzc   $C54A: D0 EB     BNE $C537
A:C8 X:C0 Y:01 S:FD P:NvUbdIzc   $C537: A6 50     LDX $50 = #$C8
A:C8 X:C8 Y:01 S:FD P:NvUbdIzc   $C539: BD 00 01  LDA $0100,X @ $01C8 = #$00
A:00 X:C8 Y:01 S:FD P:nvUbdIZc   $C53C: F0 03     BEQ $C541
A:00 X:C8 Y:01 S:FD P:nvUbdIZc   $C541: A5 50     LDA $50 = #$C8
A:C8 X:C8 Y:01 S:FD P:NvUbdIzc   $C543: 18        CLC
A:C8 X:C8 Y:01 S:FD P:NvUbdIzc   $C544: 69 08     ADC #$08
A:D0 X:C8 Y:01 S:FD P:NvUbdIzc   $C546: 85 50     STA $50 = #$C8
A:D0 X:C8 Y:01 S:FD P:NvUbdIzc   $C548: C9 D0     CMP #$D0
A:D0 X:C8 Y:01 S:FD P:nvUbdIZC   $C54A: D0 EB     BNE $C537
A:D0 X:C8 Y:01 S:FD P:nvUbdIZC   $C54C: 60        RTS (from $C533) ----------------------------
A:D0 X:C8 Y:01 S:FF P:nvUbdIZC $F459: AD 02 20  LDA $2002 = #$12
A:12 X:C8 Y:01 S:FF P:nvUbdIzC $F45C: 20 5E D9  JSR $D95E
A:12 X:C8 Y:01 S:FD P:nvUbdIzC   $D95E: A9 0C     LDA #$0C
A:0C X:C8 Y:01 S:FD P:nvUbdIzC   $D960: 85 0F     STA $0F = #$00
A:0C X:C8 Y:01 S:FD P:nvUbdIzC   $D962: A9 00     LDA #$00
A:00 X:C8 Y:01 S:FD P:nvUbdIZC   $D964: 85 50     STA $50 = #$D0
A:00 X:C8 Y:01 S:FD P:nvUbdIZC   $D966: 8D 3E 07  STA $073E = #$00
A:00 X:C8 Y:01 S:FD P:nvUbdIZC   $D969: A6 50     LDX $50 = #$00
A:00 X:00 Y:01 S:FD P:nvUbdIZC   $D96B: BD 00 05  LDA $0500,X @ $0500 = #$FF
A:FF X:00 Y:01 S:FD P:NvUbdIzC   $D96E: F0 03     BEQ $D973
A:FF X:00 Y:01 S:FD P:NvUbdIzC   $D970: 20 7F D9  JSR $D97F
A:FF X:00 Y:01 S:FB P:NvUbdIzC     $D97F: 48        PHA
A:FF X:00 Y:01 S:FA P:NvUbdIzC      $D980: BD 02 05  LDA $0502,X @ $0502 = #$00
A:00 X:00 Y:01 S:FA P:nvUbdIZC      $D983: 29 40     AND #$40
A:00 X:00 Y:01 S:FA P:nvUbdIZC      $D985: F0 03     BEQ $D98A
A:00 X:00 Y:01 S:FA P:nvUbdIZC      $D98A: 68        PLA
A:FF X:00 Y:01 S:FB P:NvUbdIzC     $D98B: C9 FF     CMP #$FF
A:FF X:00 Y:01 S:FB P:nvUbdIZC     $D98D: F0 07     BEQ $D996
A:FF X:00 Y:01 S:FB P:nvUbdIZC     $D996: BD 02 05  LDA $0502,X @ $0502 = #$00
A:00 X:00 Y:01 S:FB P:nvUbdIZC     $D999: 29 60     AND #$60
A:00 X:00 Y:01 S:FB P:nvUbdIZC     $D99B: F0 07     BEQ $D9A4
A:00 X:00 Y:01 S:FB P:nvUbdIZC     $D9A4: BD 0B 05  LDA $050B,X @ $050B = #$03
A:03 X:00 Y:01 S:FB P:nvUbdIzC     $D9A7: F0 09     BEQ $D9B2
A:03 X:00 Y:01 S:FB P:nvUbdIzC     $D9A9: 20 72 DB  JSR $DB72
A:03 X:00 Y:01 S:F9 P:nvUbdIzC       $DB72: A5 22     LDA $22 = #$22
A:22 X:00 Y:01 S:F9 P:nvUbdIzC       $DB74: 29 01     AND #$01
A:00 X:00 Y:01 S:F9 P:nvUbdIZC       $DB76: D0 F9     BNE $DB71
A:00 X:00 Y:01 S:F9 P:nvUbdIZC       $DB78: BD 03 05  LDA $0503,X @ $0503 = #$97
A:97 X:00 Y:01 S:F9 P:NvUbdIzC       $DB7B: 85 01     STA $01 = #$09
A:97 X:00 Y:01 S:F9 P:NvUbdIzC       $DB7D: BD 05 05  LDA $0505,X @ $0505 = #$70
A:70 X:00 Y:01 S:F9 P:nvUbdIzC       $DB80: 85 00     STA $00 = #$18
A:70 X:00 Y:01 S:F9 P:nvUbdIzC       $DB82: A9 12     LDA #$12
A:12 X:00 Y:01 S:F9 P:nvUbdIzC       $DB84: 85 03     STA $03 = #$E9
A:12 X:00 Y:01 S:F9 P:nvUbdIzC       $DB86: 85 02     STA $02 = #$CF
A:12 X:00 Y:01 S:F9 P:nvUbdIzC       $DB88: 0A        ASL
A:24 X:00 Y:01 S:F9 P:nvUbdIzc       $DB89: 85 05     STA $05 = #$00
A:24 X:00 Y:01 S:F9 P:nvUbdIzc       $DB8B: 85 04     STA $04 = #$40
A:24 X:00 Y:01 S:F9 P:nvUbdIzc       $DB8D: 20 E3 DB  JSR $DBE3
A:24 X:00 Y:01 S:F7 P:nvUbdIzc         $DBE3: A0 00     LDY #$00
A:24 X:00 Y:00 S:F7 P:nvUbdIZc         $DBE5: A9 0C     LDA #$0C
A:0C X:00 Y:00 S:F7 P:nvUbdIzc         $DBE7: 85 07     STA $07 = #$BF
A:0C X:00 Y:00 S:F7 P:nvUbdIzc         $DBE9: B9 15 04  LDA $0415,Y @ $0415 = #$00
A:00 X:00 Y:00 S:F7 P:nvUbdIZc         $DBEC: C9 FF     CMP #$FF
A:00 X:00 Y:00 S:F7 P:nvUbdIzc         $DBEE: D0 1D     BNE $DC0D
A:00 X:00 Y:00 S:F7 P:nvUbdIzc         $DC0D: 98        TYA
A:00 X:00 Y:00 S:F7 P:nvUbdIZc         $DC0E: 18        CLC
A:00 X:00 Y:00 S:F7 P:nvUbdIZc         $DC0F: 69 0E     ADC #$0E
A:0E X:00 Y:00 S:F7 P:nvUbdIzc         $DC11: A8        TAY
A:0E X:00 Y:0E S:F7 P:nvUbdIzc         $DC12: C6 07     DEC $07 = #$0C
A:0E X:00 Y:0E S:F7 P:nvUbdIzc         $DC14: D0 D3     BNE $DBE9
A:0E X:00 Y:0E S:F7 P:nvUbdIzc         $DBE9: B9 15 04  LDA $0415,Y @ $0423 = #$00
A:00 X:00 Y:0E S:F7 P:nvUbdIZc         $DBEC: C9 FF     CMP #$FF
A:00 X:00 Y:0E S:F7 P:nvUbdIzc         $DBEE: D0 1D     BNE $DC0D
A:00 X:00 Y:0E S:F7 P:nvUbdIzc         $DC0D: 98        TYA
A:0E X:00 Y:0E S:F7 P:nvUbdIzc         $DC0E: 18        CLC
A:0E X:00 Y:0E S:F7 P:nvUbdIzc         $DC0F: 69 0E     ADC #$0E
A:1C X:00 Y:0E S:F7 P:nvUbdIzc         $DC11: A8        TAY
A:1C X:00 Y:1C S:F7 P:nvUbdIzc         $DC12: C6 07     DEC $07 = #$0B
A:1C X:00 Y:1C S:F7 P:nvUbdIzc         $DC14: D0 D3     BNE $DBE9
A:1C X:00 Y:1C S:F7 P:nvUbdIzc         $DBE9: B9 15 04  LDA $0415,Y @ $0431 = #$00
A:00 X:00 Y:1C S:F7 P:nvUbdIZc         $DBEC: C9 FF     CMP #$FF
A:00 X:00 Y:1C S:F7 P:nvUbdIzc         $DBEE: D0 1D     BNE $DC0D
A:00 X:00 Y:1C S:F7 P:nvUbdIzc         $DC0D: 98        TYA
A:1C X:00 Y:1C S:F7 P:nvUbdIzc         $DC0E: 18        CLC
A:1C X:00 Y:1C S:F7 P:nvUbdIzc         $DC0F: 69 0E     ADC #$0E
A:2A X:00 Y:1C S:F7 P:nvUbdIzc         $DC11: A8        TAY
A:2A X:00 Y:2A S:F7 P:nvUbdIzc         $DC12: C6 07     DEC $07 = #$0A
A:2A X:00 Y:2A S:F7 P:nvUbdIzc         $DC14: D0 D3     BNE $DBE9
A:2A X:00 Y:2A S:F7 P:nvUbdIzc         $DBE9: B9 15 04  LDA $0415,Y @ $043F = #$00
A:00 X:00 Y:2A S:F7 P:nvUbdIZc         $DBEC: C9 FF     CMP #$FF
A:00 X:00 Y:2A S:F7 P:nvUbdIzc         $DBEE: D0 1D     BNE $DC0D
A:00 X:00 Y:2A S:F7 P:nvUbdIzc         $DC0D: 98        TYA
A:2A X:00 Y:2A S:F7 P:nvUbdIzc         $DC0E: 18        CLC
A:2A X:00 Y:2A S:F7 P:nvUbdIzc         $DC0F: 69 0E     ADC #$0E
A:38 X:00 Y:2A S:F7 P:nvUbdIzc         $DC11: A8        TAY
A:38 X:00 Y:38 S:F7 P:nvUbdIzc         $DC12: C6 07     DEC $07 = #$09
A:38 X:00 Y:38 S:F7 P:nvUbdIzc         $DC14: D0 D3     BNE $DBE9
A:38 X:00 Y:38 S:F7 P:nvUbdIzc         $DBE9: B9 15 04  LDA $0415,Y @ $044D = #$00
A:00 X:00 Y:38 S:F7 P:nvUbdIZc         $DBEC: C9 FF     CMP #$FF
A:00 X:00 Y:38 S:F7 P:nvUbdIzc         $DBEE: D0 1D     BNE $DC0D
A:00 X:00 Y:38 S:F7 P:nvUbdIzc         $DC0D: 98        TYA
A:38 X:00 Y:38 S:F7 P:nvUbdIzc         $DC0E: 18        CLC
A:38 X:00 Y:38 S:F7 P:nvUbdIzc         $DC0F: 69 0E     ADC #$0E
A:46 X:00 Y:38 S:F7 P:nvUbdIzc         $DC11: A8        TAY
A:46 X:00 Y:46 S:F7 P:nvUbdIzc         $DC12: C6 07     DEC $07 = #$08
A:46 X:00 Y:46 S:F7 P:nvUbdIzc         $DC14: D0 D3     BNE $DBE9
A:46 X:00 Y:46 S:F7 P:nvUbdIzc         $DBE9: B9 15 04  LDA $0415,Y @ $045B = #$00
A:00 X:00 Y:46 S:F7 P:nvUbdIZc         $DBEC: C9 FF     CMP #$FF
A:00 X:00 Y:46 S:F7 P:nvUbdIzc         $DBEE: D0 1D     BNE $DC0D
A:00 X:00 Y:46 S:F7 P:nvUbdIzc         $DC0D: 98        TYA
A:46 X:00 Y:46 S:F7 P:nvUbdIzc         $DC0E: 18        CLC
A:46 X:00 Y:46 S:F7 P:nvUbdIzc         $DC0F: 69 0E     ADC #$0E
A:54 X:00 Y:46 S:F7 P:nvUbdIzc         $DC11: A8        TAY
A:54 X:00 Y:54 S:F7 P:nvUbdIzc         $DC12: C6 07     DEC $07 = #$07
A:54 X:00 Y:54 S:F7 P:nvUbdIzc         $DC14: D0 D3     BNE $DBE9
A:54 X:00 Y:54 S:F7 P:nvUbdIzc         $DBE9: B9 15 04  LDA $0415,Y @ $0469 = #$00
A:00 X:00 Y:54 S:F7 P:nvUbdIZc         $DBEC: C9 FF     CMP #$FF
A:00 X:00 Y:54 S:F7 P:nvUbdIzc         $DBEE: D0 1D     BNE $DC0D
A:00 X:00 Y:54 S:F7 P:nvUbdIzc         $DC0D: 98        TYA
A:54 X:00 Y:54 S:F7 P:nvUbdIzc         $DC0E: 18        CLC
A:54 X:00 Y:54 S:F7 P:nvUbdIzc         $DC0F: 69 0E     ADC #$0E
A:62 X:00 Y:54 S:F7 P:nvUbdIzc         $DC11: A8        TAY
A:62 X:00 Y:62 S:F7 P:nvUbdIzc         $DC12: C6 07     DEC $07 = #$06
A:62 X:00 Y:62 S:F7 P:nvUbdIzc         $DC14: D0 D3     BNE $DBE9
A:62 X:00 Y:62 S:F7 P:nvUbdIzc         $DBE9: B9 15 04  LDA $0415,Y @ $0477 = #$00
A:00 X:00 Y:62 S:F7 P:nvUbdIZc         $DBEC: C9 FF     CMP #$FF
A:00 X:00 Y:62 S:F7 P:nvUbdIzc         $DBEE: D0 1D     BNE $DC0D
A:00 X:00 Y:62 S:F7 P:nvUbdIzc         $DC0D: 98        TYA
A:62 X:00 Y:62 S:F7 P:nvUbdIzc         $DC0E: 18        CLC
A:62 X:00 Y:62 S:F7 P:nvUbdIzc         $DC0F: 69 0E     ADC #$0E
A:70 X:00 Y:62 S:F7 P:nvUbdIzc         $DC11: A8        TAY
A:70 X:00 Y:70 S:F7 P:nvUbdIzc         $DC12: C6 07     DEC $07 = #$05
A:70 X:00 Y:70 S:F7 P:nvUbdIzc         $DC14: D0 D3     BNE $DBE9
A:70 X:00 Y:70 S:F7 P:nvUbdIzc         $DBE9: B9 15 04  LDA $0415,Y @ $0485 = #$00
A:00 X:00 Y:70 S:F7 P:nvUbdIZc         $DBEC: C9 FF     CMP #$FF
A:00 X:00 Y:70 S:F7 P:nvUbdIzc         $DBEE: D0 1D     BNE $DC0D
A:00 X:00 Y:70 S:F7 P:nvUbdIzc         $DC0D: 98        TYA
A:70 X:00 Y:70 S:F7 P:nvUbdIzc         $DC0E: 18        CLC
A:70 X:00 Y:70 S:F7 P:nvUbdIzc         $DC0F: 69 0E     ADC #$0E
A:7E X:00 Y:70 S:F7 P:nvUbdIzc         $DC11: A8        TAY
A:7E X:00 Y:7E S:F7 P:nvUbdIzc         $DC12: C6 07     DEC $07 = #$04
A:7E X:00 Y:7E S:F7 P:nvUbdIzc         $DC14: D0 D3     BNE $DBE9
A:7E X:00 Y:7E S:F7 P:nvUbdIzc         $DBE9: B9 15 04  LDA $0415,Y @ $0493 = #$00
A:00 X:00 Y:7E S:F7 P:nvUbdIZc         $DBEC: C9 FF     CMP #$FF
A:00 X:00 Y:7E S:F7 P:nvUbdIzc         $DBEE: D0 1D     BNE $DC0D
A:00 X:00 Y:7E S:F7 P:nvUbdIzc         $DC0D: 98        TYA
A:7E X:00 Y:7E S:F7 P:nvUbdIzc         $DC0E: 18        CLC
A:7E X:00 Y:7E S:F7 P:nvUbdIzc         $DC0F: 69 0E     ADC #$0E
A:8C X:00 Y:7E S:F7 P:NVUbdIzc         $DC11: A8        TAY
A:8C X:00 Y:8C S:F7 P:NVUbdIzc         $DC12: C6 07     DEC $07 = #$03
A:8C X:00 Y:8C S:F7 P:nVUbdIzc         $DC14: D0 D3     BNE $DBE9
A:8C X:00 Y:8C S:F7 P:nVUbdIzc         $DBE9: B9 15 04  LDA $0415,Y @ $04A1 = #$00
A:00 X:00 Y:8C S:F7 P:nVUbdIZc         $DBEC: C9 FF     CMP #$FF
A:00 X:00 Y:8C S:F7 P:nVUbdIzc         $DBEE: D0 1D     BNE $DC0D
A:00 X:00 Y:8C S:F7 P:nVUbdIzc         $DC0D: 98        TYA
A:8C X:00 Y:8C S:F7 P:NVUbdIzc         $DC0E: 18        CLC
A:8C X:00 Y:8C S:F7 P:NVUbdIzc         $DC0F: 69 0E     ADC #$0E
A:9A X:00 Y:8C S:F7 P:NvUbdIzc         $DC11: A8        TAY
A:9A X:00 Y:9A S:F7 P:NvUbdIzc         $DC12: C6 07     DEC $07 = #$02
A:9A X:00 Y:9A S:F7 P:nvUbdIzc         $DC14: D0 D3     BNE $DBE9
A:9A X:00 Y:9A S:F7 P:nvUbdIzc         $DBE9: B9 15 04  LDA $0415,Y @ $04AF = #$00
A:00 X:00 Y:9A S:F7 P:nvUbdIZc         $DBEC: C9 FF     CMP #$FF
A:00 X:00 Y:9A S:F7 P:nvUbdIzc         $DBEE: D0 1D     BNE $DC0D
A:00 X:00 Y:9A S:F7 P:nvUbdIzc         $DC0D: 98        TYA
A:9A X:00 Y:9A S:F7 P:NvUbdIzc         $DC0E: 18        CLC
A:9A X:00 Y:9A S:F7 P:NvUbdIzc         $DC0F: 69 0E     ADC #$0E
A:A8 X:00 Y:9A S:F7 P:NvUbdIzc         $DC11: A8        TAY
A:A8 X:00 Y:A8 S:F7 P:NvUbdIzc         $DC12: C6 07     DEC $07 = #$01
A:A8 X:00 Y:A8 S:F7 P:nvUbdIZc         $DC14: D0 D3     BNE $DBE9
A:A8 X:00 Y:A8 S:F7 P:nvUbdIZc         $DC16: A9 00     LDA #$00
A:00 X:00 Y:A8 S:F7 P:nvUbdIZc         $DC18: 60        RTS (from $DBE3) ----------------------------
A:00 X:00 Y:A8 S:F9 P:nvUbdIZc       $DB90: D0 01     BNE $DB93
A:00 X:00 Y:A8 S:F9 P:nvUbdIZc       $DB92: 60        RTS (from $DB72) ----------------------------
A:00 X:00 Y:A8 S:FB P:nvUbdIZc     $D9AC: 20 18 DB  JSR $DB18
A:00 X:00 Y:A8 S:F9 P:nvUbdIZc       $DB18: AD 00 04  LDA $0400 = #$FF
A:FF X:00 Y:A8 S:F9 P:NvUbdIzc       $DB1B: C9 FF     CMP #$FF
A:FF X:00 Y:A8 S:F9 P:nvUbdIZC       $DB1D: D0 52     BNE $DB71
A:FF X:00 Y:A8 S:F9 P:nvUbdIZC       $DB1F: AD 0E 04  LDA $040E = #$00
A:00 X:00 Y:A8 S:F9 P:nvUbdIZC       $DB22: D0 4D     BNE $DB71
A:00 X:00 Y:A8 S:F9 P:nvUbdIZC       $DB24: BD 03 05  LDA $0503,X @ $0503 = #$97
A:97 X:00 Y:A8 S:F9 P:NvUbdIzC       $DB27: 38        SEC
A:97 X:00 Y:A8 S:F9 P:NvUbdIzC       $DB28: ED 03 04  SBC $0403 = #$E9
A:AE X:00 Y:A8 S:F9 P:NvUbdIzc       $DB2B: 18        CLC
A:AE X:00 Y:A8 S:F9 P:NvUbdIzc       $DB2C: 69 09     ADC #$09
A:B7 X:00 Y:A8 S:F9 P:NvUbdIzc       $DB2E: C9 13     CMP #$13
A:B7 X:00 Y:A8 S:F9 P:NvUbdIzC       $DB30: B0 3F     BCS $DB71
A:B7 X:00 Y:A8 S:F9 P:NvUbdIzC       $DB71: 60        RTS (from $DB18) ----------------------------
A:B7 X:00 Y:A8 S:FB P:NvUbdIzC     $D9AF: 4C 82 DE  JMP $DE82
A:B7 X:00 Y:A8 S:FB P:NvUbdIzC     $DE82: BD 02 05  LDA $0502,X @ $0502 = #$00
A:00 X:00 Y:A8 S:FB P:nvUbdIZC     $DE85: 30 29     BMI $DEB0
A:00 X:00 Y:A8 S:FB P:nvUbdIZC     $DE87: 20 EB C0  JSR $C0EB
A:00 X:00 Y:A8 S:F9 P:nvUbdIZC       $C0EB: 0A        ASL
A:00 X:00 Y:A8 S:F9 P:nvUbdIZc       $C0EC: A8        TAY
A:00 X:00 Y:00 S:F9 P:nvUbdIZc       $C0ED: 68        PLA
A:89 X:00 Y:00 S:FA P:NvUbdIzc      $C0EE: 85 3A     STA $3A = #$BF
A:89 X:00 Y:00 S:FA P:NvUbdIzc      $C0F0: 68        PLA
A:DE X:00 Y:00 S:FB P:NvUbdIzc     $C0F1: 85 3B     STA $3B = #$B6
A:DE X:00 Y:00 S:FB P:NvUbdIzc     $C0F3: C8        INY
A:DE X:00 Y:01 S:FB P:nvUbdIzc     $C0F4: 8A        TXA
A:00 X:00 Y:01 S:FB P:nvUbdIZc     $C0F5: 48        PHA
A:00 X:00 Y:01 S:FA P:nvUbdIZc      $C0F6: B1 3A     LDA ($3A),Y @ $DE8A = #$EA
A:EA X:00 Y:01 S:FA P:NvUbdIzc      $C0F8: AA        TAX
A:EA X:EA Y:01 S:FA P:NvUbdIzc      $C0F9: C8        INY
A:EA X:EA Y:02 S:FA P:nvUbdIzc      $C0FA: B1 3A     LDA ($3A),Y @ $DE8B = #$DF
A:DF X:EA Y:02 S:FA P:NvUbdIzc      $C0FC: 85 3B     STA $3B = #$DE
A:DF X:EA Y:02 S:FA P:NvUbdIzc      $C0FE: 86 3A     STX $3A = #$89
A:DF X:EA Y:02 S:FA P:NvUbdIzc      $C100: 68        PLA
A:00 X:EA Y:02 S:FB P:nvUbdIZc     $C101: AA        TAX
A:00 X:00 Y:02 S:FB P:nvUbdIZc     $C102: 6C 3A 00  JMP ($003A) = $DFEA
A:00 X:00 Y:02 S:FB P:nvUbdIZc     $DFEA: BD 0B 05  LDA $050B,X @ $050B = #$03
A:03 X:00 Y:02 S:FB P:nvUbdIzc     $DFED: 20 EB C0  JSR $C0EB
A:03 X:00 Y:02 S:F9 P:nvUbdIzc       $C0EB: 0A        ASL
A:06 X:00 Y:02 S:F9 P:nvUbdIzc       $C0EC: A8        TAY
A:06 X:00 Y:06 S:F9 P:nvUbdIzc       $C0ED: 68        PLA
A:EF X:00 Y:06 S:FA P:NvUbdIzc      $C0EE: 85 3A     STA $3A = #$EA
A:EF X:00 Y:06 S:FA P:NvUbdIzc      $C0F0: 68        PLA
A:DF X:00 Y:06 S:FB P:NvUbdIzc     $C0F1: 85 3B     STA $3B = #$DF
A:DF X:00 Y:06 S:FB P:NvUbdIzc     $C0F3: C8        INY
A:DF X:00 Y:07 S:FB P:nvUbdIzc     $C0F4: 8A        TXA
A:00 X:00 Y:07 S:FB P:nvUbdIZc     $C0F5: 48        PHA
A:00 X:00 Y:07 S:FA P:nvUbdIZc      $C0F6: B1 3A     LDA ($3A),Y @ $DFF6 = #$1B
A:1B X:00 Y:07 S:FA P:nvUbdIzc      $C0F8: AA        TAX
A:1B X:1B Y:07 S:FA P:nvUbdIzc      $C0F9: C8        INY
A:1B X:1B Y:08 S:FA P:nvUbdIzc      $C0FA: B1 3A     LDA ($3A),Y @ $DFF7 = #$E1
A:E1 X:1B Y:08 S:FA P:NvUbdIzc      $C0FC: 85 3B     STA $3B = #$DF
A:E1 X:1B Y:08 S:FA P:NvUbdIzc      $C0FE: 86 3A     STX $3A = #$EF
A:E1 X:1B Y:08 S:FA P:NvUbdIzc      $C100: 68        PLA
A:00 X:1B Y:08 S:FB P:nvUbdIZc     $C101: AA        TAX
A:00 X:00 Y:08 S:FB P:nvUbdIZc     $C102: 6C 3A 00  JMP ($003A) = $E11B
A:00 X:00 Y:08 S:FB P:nvUbdIZc     $E11B: 20 AF DF  JSR $DFAF
A:00 X:00 Y:08 S:F9 P:nvUbdIZc       $DFAF: 18        CLC
A:00 X:00 Y:08 S:F9 P:nvUbdIZc       $DFB0: BD 04 05  LDA $0504,X @ $0504 = #$28
A:28 X:00 Y:08 S:F9 P:nvUbdIzc       $DFB3: 7D 08 05  ADC $0508,X @ $0508 = #$C4
A:EC X:00 Y:08 S:F9 P:NvUbdIzc       $DFB6: 9D 04 05  STA $0504,X @ $0504 = #$28
A:EC X:00 Y:08 S:F9 P:NvUbdIzc       $DFB9: BD 03 05  LDA $0503,X @ $0503 = #$97
A:97 X:00 Y:08 S:F9 P:NvUbdIzc       $DFBC: 7D 07 05  ADC $0507,X @ $0507 = #$00
A:97 X:00 Y:08 S:F9 P:NvUbdIzc       $DFBF: 9D 03 05  STA $0503,X @ $0503 = #$97
A:97 X:00 Y:08 S:F9 P:NvUbdIzc       $DFC2: 18        CLC
A:97 X:00 Y:08 S:F9 P:NvUbdIzc       $DFC3: 69 02     ADC #$02
A:99 X:00 Y:08 S:F9 P:NvUbdIzc       $DFC5: C9 05     CMP #$05
A:99 X:00 Y:08 S:F9 P:NvUbdIzC       $DFC7: 90 1B     BCC $DFE4
A:99 X:00 Y:08 S:F9 P:NvUbdIzC       $DFC9: 18        CLC
A:99 X:00 Y:08 S:F9 P:NvUbdIzc       $DFCA: BD 06 05  LDA $0506,X @ $0506 = #$7C
A:7C X:00 Y:08 S:F9 P:nvUbdIzc       $DFCD: 7D 0A 05  ADC $050A,X @ $050A = #$80
A:FC X:00 Y:08 S:F9 P:NvUbdIzc       $DFD0: 9D 06 05  STA $0506,X @ $0506 = #$7C
A:FC X:00 Y:08 S:F9 P:NvUbdIzc       $DFD3: BD 05 05  LDA $0505,X @ $0505 = #$70
A:70 X:00 Y:08 S:F9 P:nvUbdIzc       $DFD6: 7D 09 05  ADC $0509,X @ $0509 = #$FE
A:6E X:00 Y:08 S:F9 P:nvUbdIzC       $DFD9: 9D 05 05  STA $0505,X @ $0505 = #$70
A:6E X:00 Y:08 S:F9 P:nvUbdIzC       $DFDC: 18        CLC
A:6E X:00 Y:08 S:F9 P:nvUbdIzc       $DFDD: 69 02     ADC #$02
A:70 X:00 Y:08 S:F9 P:nvUbdIzc       $DFDF: C9 05     CMP #$05
A:70 X:00 Y:08 S:F9 P:nvUbdIzC       $DFE1: 90 01     BCC $DFE4
A:70 X:00 Y:08 S:F9 P:nvUbdIzC       $DFE3: 60        RTS (from $DFAF) ----------------------------
A:70 X:00 Y:08 S:FB P:nvUbdIzC     $E11E: DE 0C 05  DEC $050C,X @ $050C = #$DD
A:70 X:00 Y:08 S:FB P:NvUbdIzC     $E121: BD 0C 05  LDA $050C,X @ $050C = #$DC
A:DC X:00 Y:08 S:FB P:NvUbdIzC     $E124: C9 DC     CMP #$DC
A:DC X:00 Y:08 S:FB P:nvUbdIZC     $E126: F0 0A     BEQ $E132
A:DC X:00 Y:08 S:FB P:nvUbdIZC     $E132: A9 08     LDA #$08
A:08 X:00 Y:08 S:FB P:nvUbdIzC     $E134: 20 0B E0  JSR $E00B
A:08 X:00 Y:08 S:F9 P:nvUbdIzC       $E00B: 85 01     STA $01 = #$97
A:08 X:00 Y:08 S:F9 P:nvUbdIzC       $E00D: A5 53     LDA $53 = #$00
A:00 X:00 Y:08 S:F9 P:nvUbdIZC       $E00F: CD 31 07  CMP $0731 = #$00
A:00 X:00 Y:08 S:F9 P:nvUbdIZC       $E012: F0 5C     BEQ $E070
A:00 X:00 Y:08 S:F9 P:nvUbdIZC       $E070: 60        RTS (from $E00B) ----------------------------
A:00 X:00 Y:08 S:FB P:nvUbdIZC     $E137: 4C 2C E1  JMP $E12C
A:00 X:00 Y:08 S:FB P:nvUbdIZC     $E12C: A9 13     LDA #$13
A:13 X:00 Y:08 S:FB P:nvUbdIzC     $E12E: 20 3F E7  JSR $E73F
A:13 X:00 Y:08 S:F9 P:nvUbdIzC       $E73F: 48        PHA
A:13 X:00 Y:08 S:F8 P:nvUbdIzC        $E740: A9 10     LDA #$10
A:10 X:00 Y:08 S:F8 P:nvUbdIzC        $E742: 4C 6B C0  JMP $C06B
A:10 X:00 Y:08 S:F8 P:nvUbdIzC        $C06B: A0 04     LDY #$04
A:10 X:00 Y:04 S:F8 P:nvUbdIzC        $C06D: 8C 04 C0  STY $C004 = #$04
A:10 X:00 Y:04 S:F8 P:nvUbdIzC        $C070: 0A        ASL
A:20 X:00 Y:04 S:F8 P:nvUbdIzc        $C071: A8        TAY
A:20 X:00 Y:20 S:F8 P:nvUbdIzc        $C072: B9 08 92  LDA $9208,Y @ $9228 = #$5E
A:5E X:00 Y:20 S:F8 P:nvUbdIzc        $C075: 85 3A     STA $3A = #$1B
A:5E X:00 Y:20 S:F8 P:nvUbdIzc        $C077: B9 09 92  LDA $9209,Y @ $9229 = #$93
A:93 X:00 Y:20 S:F8 P:NvUbdIzc        $C07A: 85 3B     STA $3B = #$E1
A:93 X:00 Y:20 S:F8 P:NvUbdIzc        $C07C: 6C 3A 00  JMP ($003A) = $935E
A:93 X:00 Y:20 S:F8 P:NvUbdIzc        $935E: AD 06 92  LDA $9206 = #$21
A:21 X:00 Y:20 S:F8 P:nvUbdIzc        $9361: 85 02     STA $02 = #$12
A:21 X:00 Y:20 S:F8 P:nvUbdIzc        $9363: AD 07 92  LDA $9207 = #$AE
A:AE X:00 Y:20 S:F8 P:NvUbdIzc        $9366: 85 03     STA $03 = #$12
A:AE X:00 Y:20 S:F8 P:NvUbdIzc        $9368: A6 50     LDX $50 = #$00
A:AE X:00 Y:20 S:F8 P:nvUbdIZc        $936A: BD 0F 05  LDA $050F,X @ $050F = #$02
A:02 X:00 Y:20 S:F8 P:nvUbdIzc        $936D: 4A        LSR
A:01 X:00 Y:20 S:F8 P:nvUbdIzc        $936E: 4A        LSR
A:00 X:00 Y:20 S:F8 P:nvUbdIZC        $936F: 4A        LSR
A:00 X:00 Y:20 S:F8 P:nvUbdIZc        $9370: 29 1E     AND #$1E
A:00 X:00 Y:20 S:F8 P:nvUbdIZc        $9372: A8        TAY
A:00 X:00 Y:00 S:F8 P:nvUbdIZc        $9373: B1 02     LDA ($02),Y @ $AE21 = #$35
A:35 X:00 Y:00 S:F8 P:nvUbdIzc        $9375: 48        PHA
A:35 X:00 Y:00 S:F7 P:nvUbdIzc         $9376: C8        INY
A:35 X:00 Y:01 S:F7 P:nvUbdIzc         $9377: B1 02     LDA ($02),Y @ $AE22 = #$AE
A:AE X:00 Y:01 S:F7 P:NvUbdIzc         $9379: 85 03     STA $03 = #$AE
A:AE X:00 Y:01 S:F7 P:NvUbdIzc         $937B: 68        PLA
A:35 X:00 Y:01 S:F8 P:nvUbdIzc        $937C: 85 02     STA $02 = #$21
A:35 X:00 Y:01 S:F8 P:nvUbdIzc        $937E: 68        PLA
A:13 X:00 Y:01 S:F9 P:nvUbdIzc       $937F: 29 7F     AND #$7F
A:13 X:00 Y:01 S:F9 P:nvUbdIzc       $9381: 0A        ASL
A:26 X:00 Y:01 S:F9 P:nvUbdIzc       $9382: A8        TAY
A:26 X:00 Y:26 S:F9 P:nvUbdIzc       $9383: B1 02     LDA ($02),Y @ $AE5B = #$E5
A:E5 X:00 Y:26 S:F9 P:NvUbdIzc       $9385: 85 01     STA $01 = #$08
A:E5 X:00 Y:26 S:F9 P:NvUbdIzc       $9387: BD 02 05  LDA $0502,X @ $0502 = #$00
A:00 X:00 Y:26 S:F9 P:nvUbdIZc       $938A: 30 06     BMI $9392
A:00 X:00 Y:26 S:F9 P:nvUbdIZc       $938C: C8        INY
A:00 X:00 Y:27 S:F9 P:nvUbdIzc       $938D: B1 02     LDA ($02),Y @ $AE5C = #$83
A:83 X:00 Y:27 S:F9 P:NvUbdIzc       $938F: 4C 9A 93  JMP $939A
A:83 X:00 Y:27 S:F9 P:NvUbdIzc       $939A: A4 51     LDY $51 = #$80
A:83 X:00 Y:80 S:F9 P:NvUbdIzc       $939C: 84 07     STY $07 = #$00
A:83 X:00 Y:80 S:F9 P:NvUbdIzc       $939E: C8        INY
A:83 X:00 Y:81 S:F9 P:NvUbdIzc       $939F: C8        INY
A:83 X:00 Y:82 S:F9 P:NvUbdIzc       $93A0: C8        INY
A:83 X:00 Y:83 S:F9 P:NvUbdIzc       $93A1: C8        INY
A:83 X:00 Y:84 S:F9 P:NvUbdIzc       $93A2: 84 06     STY $06 = #$3D
A:83 X:00 Y:84 S:F9 P:NvUbdIzc       $93A4: A4 07     LDY $07 = #$80
A:83 X:00 Y:80 S:F9 P:NvUbdIzc       $93A6: 99 02 02  STA $0202,Y @ $0282 = #$00
A:83 X:00 Y:80 S:F9 P:NvUbdIzc       $93A9: A4 06     LDY $06 = #$84
A:83 X:00 Y:84 S:F9 P:NvUbdIzc       $93AB: 99 02 02  STA $0202,Y @ $0286 = #$00
A:83 X:00 Y:84 S:F9 P:NvUbdIzc       $93AE: 2A        ROL
A:06 X:00 Y:84 S:F9 P:nvUbdIzC       $93AF: 2A        ROL
A:0D X:00 Y:84 S:F9 P:nvUbdIzc       $93B0: 2A        ROL
A:1A X:00 Y:84 S:F9 P:nvUbdIzc       $93B1: 29 03     AND #$03
A:02 X:00 Y:84 S:F9 P:nvUbdIzc       $93B3: 48        PHA
A:02 X:00 Y:84 S:F8 P:nvUbdIzc        $93B4: 20 C3 93  JSR $93C3
A:02 X:00 Y:84 S:F6 P:nvUbdIzc          $93C3: A4 51     LDY $51 = #$80
A:02 X:00 Y:80 S:F6 P:NvUbdIzc          $93C5: 84 07     STY $07 = #$80
A:02 X:00 Y:80 S:F6 P:NvUbdIzc          $93C7: C8        INY
A:02 X:00 Y:81 S:F6 P:NvUbdIzc          $93C8: C8        INY
A:02 X:00 Y:82 S:F6 P:NvUbdIzc          $93C9: C8        INY
A:02 X:00 Y:83 S:F6 P:NvUbdIzc          $93CA: C8        INY
A:02 X:00 Y:84 S:F6 P:NvUbdIzc          $93CB: 84 06     STY $06 = #$84
A:02 X:00 Y:84 S:F6 P:NvUbdIzc          $93CD: BD 03 05  LDA $0503,X @ $0503 = #$97
A:97 X:00 Y:84 S:F6 P:NvUbdIzc          $93D0: A4 06     LDY $06 = #$84
A:97 X:00 Y:84 S:F6 P:NvUbdIzc          $93D2: 99 03 02  STA $0203,Y @ $0287 = #$E5
A:97 X:00 Y:84 S:F6 P:NvUbdIzc          $93D5: 18        CLC
A:97 X:00 Y:84 S:F6 P:NvUbdIzc          $93D6: 69 F8     ADC #$F8
A:8F X:00 Y:84 S:F6 P:NvUbdIzC          $93D8: A4 07     LDY $07 = #$80
A:8F X:00 Y:80 S:F6 P:NvUbdIzC          $93DA: 99 03 02  STA $0203,Y @ $0283 = #$DD
A:8F X:00 Y:80 S:F6 P:NvUbdIzC          $93DD: BD 05 05  LDA $0505,X @ $0505 = #$6E
A:6E X:00 Y:80 S:F6 P:nvUbdIzC          $93E0: 18        CLC
A:6E X:00 Y:80 S:F6 P:nvUbdIzc          $93E1: 69 F8     ADC #$F8
A:66 X:00 Y:80 S:F6 P:nvUbdIzC          $93E3: 99 00 02  STA $0200,Y @ $0280 = #$F8
A:66 X:00 Y:80 S:F6 P:nvUbdIzC          $93E6: A4 06     LDY $06 = #$84
A:66 X:00 Y:84 S:F6 P:NvUbdIzC          $93E8: 99 00 02  STA $0200,Y @ $0284 = #$F8
A:66 X:00 Y:84 S:F6 P:NvUbdIzC          $93EB: 60        RTS (from $93C3) ----------------------------
A:66 X:00 Y:84 S:F8 P:NvUbdIzC        $93B7: 68        PLA
A:02 X:00 Y:84 S:F9 P:nvUbdIzC       $93B8: 20 15 94  JSR $9415
A:02 X:00 Y:84 S:F7 P:nvUbdIzC         $9415: 0A        ASL
A:04 X:00 Y:84 S:F7 P:nvUbdIzc         $9416: A8        TAY
A:04 X:00 Y:04 S:F7 P:nvUbdIzc         $9417: 68        PLA
A:BA X:00 Y:04 S:F8 P:NvUbdIzc        $9418: 85 3A     STA $3A = #$5E
A:BA X:00 Y:04 S:F8 P:NvUbdIzc        $941A: 68        PLA
A:93 X:00 Y:04 S:F9 P:NvUbdIzc       $941B: 85 3B     STA $3B = #$93
A:93 X:00 Y:04 S:F9 P:NvUbdIzc       $941D: C8        INY
A:93 X:00 Y:05 S:F9 P:nvUbdIzc       $941E: 8A        TXA
A:00 X:00 Y:05 S:F9 P:nvUbdIZc       $941F: 48        PHA
A:00 X:00 Y:05 S:F8 P:nvUbdIZc        $9420: B1 3A     LDA ($3A),Y @ $93BF = #$EC
A:EC X:00 Y:05 S:F8 P:NvUbdIzc        $9422: AA        TAX
A:EC X:EC Y:05 S:F8 P:NvUbdIzc        $9423: C8        INY
A:EC X:EC Y:06 S:F8 P:nvUbdIzc        $9424: B1 3A     LDA ($3A),Y @ $93C0 = #$93
A:93 X:EC Y:06 S:F8 P:NvUbdIzc        $9426: 85 3B     STA $3B = #$93
A:93 X:EC Y:06 S:F8 P:NvUbdIzc        $9428: 86 3A     STX $3A = #$BA
A:93 X:EC Y:06 S:F8 P:NvUbdIzc        $942A: 68        PLA
A:00 X:EC Y:06 S:F9 P:nvUbdIZc       $942B: AA        TAX
A:00 X:00 Y:06 S:F9 P:nvUbdIZc       $942C: 6C 3A 00  JMP ($003A) = $93EC
A:00 X:00 Y:06 S:F9 P:nvUbdIZc       $93EC: A4 07     LDY $07 = #$80
A:00 X:00 Y:80 S:F9 P:NvUbdIzc       $93EE: A5 01     LDA $01 = #$E5
A:E5 X:00 Y:80 S:F9 P:NvUbdIzc       $93F0: 99 01 02  STA $0201,Y @ $0281 = #$00
A:E5 X:00 Y:80 S:F9 P:NvUbdIzc       $93F3: 18        CLC
A:E5 X:00 Y:80 S:F9 P:NvUbdIzc       $93F4: 69 02     ADC #$02
A:E7 X:00 Y:80 S:F9 P:NvUbdIzc       $93F6: A4 06     LDY $06 = #$84
A:E7 X:00 Y:84 S:F9 P:NvUbdIzc       $93F8: 99 01 02  STA $0201,Y @ $0285 = #$02
A:E7 X:00 Y:84 S:F9 P:NvUbdIzc       $93FB: 4C 0D 94  JMP $940D
A:E7 X:00 Y:84 S:F9 P:NvUbdIzc       $940D: 18        CLC
A:E7 X:00 Y:84 S:F9 P:NvUbdIzc       $940E: A5 51     LDA $51 = #$80
A:80 X:00 Y:84 S:F9 P:NvUbdIzc       $9410: 69 08     ADC #$08
A:88 X:00 Y:84 S:F9 P:NvUbdIzc       $9412: 85 51     STA $51 = #$80
A:88 X:00 Y:84 S:F9 P:NvUbdIzc       $9414: 60        RTS (from $E73F) ----------------------------
A:88 X:00 Y:84 S:FB P:NvUbdIzc     $E131: 60        RTS (from $D97F) ----------------------------
A:88 X:00 Y:84 S:FD P:NvUbdIzc   $D973: A5 50     LDA $50 = #$00
A:00 X:00 Y:84 S:FD P:nvUbdIZc   $D975: 18        CLC
A:00 X:00 Y:84 S:FD P:nvUbdIZc   $D976: 69 12     ADC #$12
A:12 X:00 Y:84 S:FD P:nvUbdIzc   $D978: 85 50     STA $50 = #$00
A:12 X:00 Y:84 S:FD P:nvUbdIzc   $D97A: C6 0F     DEC $0F = #$0C
A:12 X:00 Y:84 S:FD P:nvUbdIzc   $D97C: D0 EB     BNE $D969
A:12 X:00 Y:84 S:FD P:nvUbdIzc   $D969: A6 50     LDX $50 = #$12
A:12 X:12 Y:84 S:FD P:nvUbdIzc   $D96B: BD 00 05  LDA $0500,X @ $0512 = #$FF
A:FF X:12 Y:84 S:FD P:NvUbdIzc   $D96E: F0 03     BEQ $D973
A:FF X:12 Y:84 S:FD P:NvUbdIzc   $D970: 20 7F D9  JSR $D97F
A:FF X:12 Y:84 S:FB P:NvUbdIzc     $D97F: 48        PHA
A:FF X:12 Y:84 S:FA P:NvUbdIzc      $D980: BD 02 05  LDA $0502,X @ $0514 = #$00
A:00 X:12 Y:84 S:FA P:nvUbdIZc      $D983: 29 40     AND #$40
A:00 X:12 Y:84 S:FA P:nvUbdIZc      $D985: F0 03     BEQ $D98A
A:00 X:12 Y:84 S:FA P:nvUbdIZc      $D98A: 68        PLA
A:FF X:12 Y:84 S:FB P:NvUbdIzc     $D98B: C9 FF     CMP #$FF
A:FF X:12 Y:84 S:FB P:nvUbdIZC     $D98D: F0 07     BEQ $D996
A:FF X:12 Y:84 S:FB P:nvUbdIZC     $D996: BD 02 05  LDA $0502,X @ $0514 = #$00
A:00 X:12 Y:84 S:FB P:nvUbdIZC     $D999: 29 60     AND #$60
A:00 X:12 Y:84 S:FB P:nvUbdIZC     $D99B: F0 07     BEQ $D9A4
A:00 X:12 Y:84 S:FB P:nvUbdIZC     $D9A4: BD 0B 05  LDA $050B,X @ $051D = #$00
A:00 X:12 Y:84 S:FB P:nvUbdIZC     $D9A7: F0 09     BEQ $D9B2
A:00 X:12 Y:84 S:FB P:nvUbdIZC     $D9B2: BD 02 05  LDA $0502,X @ $0514 = #$00
A:00 X:12 Y:84 S:FB P:nvUbdIZC     $D9B5: 29 0F     AND #$0F
A:00 X:12 Y:84 S:FB P:nvUbdIZC     $D9B7: A8        TAY
A:00 X:12 Y:00 S:FB P:nvUbdIZC     $D9B8: B9 C3 D9  LDA $D9C3,Y @ $D9C3 = #$FF
A:FF X:12 Y:00 S:FB P:NvUbdIzC     $D9BB: D0 EC     BNE $D9A9
A:FF X:12 Y:00 S:FB P:NvUbdIzC     $D9A9: 20 72 DB  JSR $DB72
A:FF X:12 Y:00 S:F9 P:NvUbdIzC       $DB72: A5 22     LDA $22 = #$22
A:22 X:12 Y:00 S:F9 P:nvUbdIzC       $DB74: 29 01     AND #$01
A:00 X:12 Y:00 S:F9 P:nvUbdIZC       $DB76: D0 F9     BNE $DB71
A:00 X:12 Y:00 S:F9 P:nvUbdIZC       $DB78: BD 03 05  LDA $0503,X @ $0515 = #$6E
A:6E X:12 Y:00 S:F9 P:nvUbdIzC       $DB7B: 85 01     STA $01 = #$E5
A:6E X:12 Y:00 S:F9 P:nvUbdIzC       $DB7D: BD 05 05  LDA $0505,X @ $0517 = #$7E
A:7E X:12 Y:00 S:F9 P:nvUbdIzC       $DB80: 85 00     STA $00 = #$70
A:7E X:12 Y:00 S:F9 P:nvUbdIzC       $DB82: A9 12     LDA #$12
A:12 X:12 Y:00 S:F9 P:nvUbdIzC       $DB84: 85 03     STA $03 = #$AE
A:12 X:12 Y:00 S:F9 P:nvUbdIzC       $DB86: 85 02     STA $02 = #$35
A:12 X:12 Y:00 S:F9 P:nvUbdIzC       $DB88: 0A        ASL
A:24 X:12 Y:00 S:F9 P:nvUbdIzc       $DB89: 85 05     STA $05 = #$24
A:24 X:12 Y:00 S:F9 P:nvUbdIzc       $DB8B: 85 04     STA $04 = #$24
A:24 X:12 Y:00 S:F9 P:nvUbdIzc       $DB8D: 20 E3 DB  JSR $DBE3
A:24 X:12 Y:00 S:F7 P:nvUbdIzc         $DBE3: A0 00     LDY #$00
A:24 X:12 Y:00 S:F7 P:nvUbdIZc         $DBE5: A9 0C     LDA #$0C
A:0C X:12 Y:00 S:F7 P:nvUbdIzc         $DBE7: 85 07     STA $07 = #$80
A:0C X:12 Y:00 S:F7 P:nvUbdIzc         $DBE9: B9 15 04  LDA $0415,Y @ $0415 = #$00
A:00 X:12 Y:00 S:F7 P:nvUbdIZc         $DBEC: C9 FF     CMP #$FF
A:00 X:12 Y:00 S:F7 P:nvUbdIzc         $DBEE: D0 1D     BNE $DC0D
A:00 X:12 Y:00 S:F7 P:nvUbdIzc         $DC0D: 98        TYA
A:00 X:12 Y:00 S:F7 P:nvUbdIZc         $DC0E: 18        CLC
A:00 X:12 Y:00 S:F7 P:nvUbdIZc         $DC0F: 69 0E     ADC #$0E
A:0E X:12 Y:00 S:F7 P:nvUbdIzc         $DC11: A8        TAY
A:0E X:12 Y:0E S:F7 P:nvUbdIzc         $DC12: C6 07     DEC $07 = #$0C
A:0E X:12 Y:0E S:F7 P:nvUbdIzc         $DC14: D0 D3     BNE $DBE9
A:0E X:12 Y:0E S:F7 P:nvUbdIzc         $DBE9: B9 15 04  LDA $0415,Y @ $0423 = #$00
A:00 X:12 Y:0E S:F7 P:nvUbdIZc         $DBEC: C9 FF     CMP #$FF
A:00 X:12 Y:0E S:F7 P:nvUbdIzc         $DBEE: D0 1D     BNE $DC0D
A:00 X:12 Y:0E S:F7 P:nvUbdIzc         $DC0D: 98        TYA
A:0E X:12 Y:0E S:F7 P:nvUbdIzc         $DC0E: 18        CLC
A:0E X:12 Y:0E S:F7 P:nvUbdIzc         $DC0F: 69 0E     ADC #$0E
A:1C X:12 Y:0E S:F7 P:nvUbdIzc         $DC11: A8        TAY
A:1C X:12 Y:1C S:F7 P:nvUbdIzc         $DC12: C6 07     DEC $07 = #$0B
A:1C X:12 Y:1C S:F7 P:nvUbdIzc         $DC14: D0 D3     BNE $DBE9
A:1C X:12 Y:1C S:F7 P:nvUbdIzc         $DBE9: B9 15 04  LDA $0415,Y @ $0431 = #$00
A:00 X:12 Y:1C S:F7 P:nvUbdIZc         $DBEC: C9 FF     CMP #$FF
A:00 X:12 Y:1C S:F7 P:nvUbdIzc         $DBEE: D0 1D     BNE $DC0D
A:00 X:12 Y:1C S:F7 P:nvUbdIzc         $DC0D: 98        TYA
A:1C X:12 Y:1C S:F7 P:nvUbdIzc         $DC0E: 18        CLC
A:1C X:12 Y:1C S:F7 P:nvUbdIzc         $DC0F: 69 0E     ADC #$0E
A:2A X:12 Y:1C S:F7 P:nvUbdIzc         $DC11: A8        TAY
A:2A X:12 Y:2A S:F7 P:nvUbdIzc         $DC12: C6 07     DEC $07 = #$0A
A:2A X:12 Y:2A S:F7 P:nvUbdIzc         $DC14: D0 D3     BNE $DBE9
A:2A X:12 Y:2A S:F7 P:nvUbdIzc         $DBE9: B9 15 04  LDA $0415,Y @ $043F = #$00
A:00 X:12 Y:2A S:F7 P:nvUbdIZc         $DBEC: C9 FF     CMP #$FF
A:00 X:12 Y:2A S:F7 P:nvUbdIzc         $DBEE: D0 1D     BNE $DC0D
A:00 X:12 Y:2A S:F7 P:nvUbdIzc         $DC0D: 98        TYA
A:2A X:12 Y:2A S:F7 P:nvUbdIzc         $DC0E: 18        CLC
A:2A X:12 Y:2A S:F7 P:nvUbdIzc         $DC0F: 69 0E     ADC #$0E
A:38 X:12 Y:2A S:F7 P:nvUbdIzc         $DC11: A8        TAY
A:38 X:12 Y:38 S:F7 P:nvUbdIzc         $DC12: C6 07     DEC $07 = #$09
A:38 X:12 Y:38 S:F7 P:nvUbdIzc         $DC14: D0 D3     BNE $DBE9
A:38 X:12 Y:38 S:F7 P:nvUbdIzc         $DBE9: B9 15 04  LDA $0415,Y @ $044D = #$00
A:00 X:12 Y:38 S:F7 P:nvUbdIZc         $DBEC: C9 FF     CMP #$FF
A:00 X:12 Y:38 S:F7 P:nvUbdIzc         $DBEE: D0 1D     BNE $DC0D
A:00 X:12 Y:38 S:F7 P:nvUbdIzc         $DC0D: 98        TYA
A:38 X:12 Y:38 S:F7 P:nvUbdIzc         $DC0E: 18        CLC
A:38 X:12 Y:38 S:F7 P:nvUbdIzc         $DC0F: 69 0E     ADC #$0E
A:46 X:12 Y:38 S:F7 P:nvUbdIzc         $DC11: A8        TAY
A:46 X:12 Y:46 S:F7 P:nvUbdIzc         $DC12: C6 07     DEC $07 = #$08
A:46 X:12 Y:46 S:F7 P:nvUbdIzc         $DC14: D0 D3     BNE $DBE9
A:46 X:12 Y:46 S:F7 P:nvUbdIzc         $DBE9: B9 15 04  LDA $0415,Y @ $045B = #$00
A:00 X:12 Y:46 S:F7 P:nvUbdIZc         $DBEC: C9 FF     CMP #$FF
A:00 X:12 Y:46 S:F7 P:nvUbdIzc         $DBEE: D0 1D     BNE $DC0D
A:00 X:12 Y:46 S:F7 P:nvUbdIzc         $DC0D: 98        TYA
A:46 X:12 Y:46 S:F7 P:nvUbdIzc         $DC0E: 18        CLC
A:46 X:12 Y:46 S:F7 P:nvUbdIzc         $DC0F: 69 0E     ADC #$0E
A:54 X:12 Y:46 S:F7 P:nvUbdIzc         $DC11: A8        TAY
A:54 X:12 Y:54 S:F7 P:nvUbdIzc         $DC12: C6 07     DEC $07 = #$07
A:54 X:12 Y:54 S:F7 P:nvUbdIzc         $DC14: D0 D3     BNE $DBE9
A:54 X:12 Y:54 S:F7 P:nvUbdIzc         $DBE9: B9 15 04  LDA $0415,Y @ $0469 = #$00
A:00 X:12 Y:54 S:F7 P:nvUbdIZc         $DBEC: C9 FF     CMP #$FF
A:00 X:12 Y:54 S:F7 P:nvUbdIzc         $DBEE: D0 1D     BNE $DC0D
A:00 X:12 Y:54 S:F7 P:nvUbdIzc         $DC0D: 98        TYA
A:54 X:12 Y:54 S:F7 P:nvUbdIzc         $DC0E: 18        CLC
A:54 X:12 Y:54 S:F7 P:nvUbdIzc         $DC0F: 69 0E     ADC #$0E
A:62 X:12 Y:54 S:F7 P:nvUbdIzc         $DC11: A8        TAY
A:62 X:12 Y:62 S:F7 P:nvUbdIzc         $DC12: C6 07     DEC $07 = #$06
A:62 X:12 Y:62 S:F7 P:nvUbdIzc         $DC14: D0 D3     BNE $DBE9
A:62 X:12 Y:62 S:F7 P:nvUbdIzc         $DBE9: B9 15 04  LDA $0415,Y @ $0477 = #$00
A:00 X:12 Y:62 S:F7 P:nvUbdIZc         $DBEC: C9 FF     CMP #$FF
A:00 X:12 Y:62 S:F7 P:nvUbdIzc         $DBEE: D0 1D     BNE $DC0D
A:00 X:12 Y:62 S:F7 P:nvUbdIzc         $DC0D: 98        TYA
A:62 X:12 Y:62 S:F7 P:nvUbdIzc         $DC0E: 18        CLC
A:62 X:12 Y:62 S:F7 P:nvUbdIzc         $DC0F: 69 0E     ADC #$0E
A:70 X:12 Y:62 S:F7 P:nvUbdIzc         $DC11: A8        TAY
A:70 X:12 Y:70 S:F7 P:nvUbdIzc         $DC12: C6 07     DEC $07 = #$05
A:70 X:12 Y:70 S:F7 P:nvUbdIzc         $DC14: D0 D3     BNE $DBE9
A:70 X:12 Y:70 S:F7 P:nvUbdIzc         $DBE9: B9 15 04  LDA $0415,Y @ $0485 = #$00
A:00 X:12 Y:70 S:F7 P:nvUbdIZc         $DBEC: C9 FF     CMP #$FF
A:00 X:12 Y:70 S:F7 P:nvUbdIzc         $DBEE: D0 1D     BNE $DC0D
A:00 X:12 Y:70 S:F7 P:nvUbdIzc         $DC0D: 98        TYA
A:70 X:12 Y:70 S:F7 P:nvUbdIzc         $DC0E: 18        CLC
A:70 X:12 Y:70 S:F7 P:nvUbdIzc         $DC0F: 69 0E     ADC #$0E
A:7E X:12 Y:70 S:F7 P:nvUbdIzc         $DC11: A8        TAY
A:7E X:12 Y:7E S:F7 P:nvUbdIzc         $DC12: C6 07     DEC $07 = #$04
A:7E X:12 Y:7E S:F7 P:nvUbdIzc         $DC14: D0 D3     BNE $DBE9
A:7E X:12 Y:7E S:F7 P:nvUbdIzc         $DBE9: B9 15 04  LDA $0415,Y @ $0493 = #$00
A:00 X:12 Y:7E S:F7 P:nvUbdIZc         $DBEC: C9 FF     CMP #$FF
A:00 X:12 Y:7E S:F7 P:nvUbdIzc         $DBEE: D0 1D     BNE $DC0D
A:00 X:12 Y:7E S:F7 P:nvUbdIzc         $DC0D: 98        TYA
A:7E X:12 Y:7E S:F7 P:nvUbdIzc         $DC0E: 18        CLC
A:7E X:12 Y:7E S:F7 P:nvUbdIzc         $DC0F: 69 0E     ADC #$0E
A:8C X:12 Y:7E S:F7 P:NVUbdIzc         $DC11: A8        TAY
A:8C X:12 Y:8C S:F7 P:NVUbdIzc         $DC12: C6 07     DEC $07 = #$03
A:8C X:12 Y:8C S:F7 P:nVUbdIzc         $DC14: D0 D3     BNE $DBE9
A:8C X:12 Y:8C S:F7 P:nVUbdIzc         $DBE9: B9 15 04  LDA $0415,Y @ $04A1 = #$00
A:00 X:12 Y:8C S:F7 P:nVUbdIZc         $DBEC: C9 FF     CMP #$FF
A:00 X:12 Y:8C S:F7 P:nVUbdIzc         $DBEE: D0 1D     BNE $DC0D
A:00 X:12 Y:8C S:F7 P:nVUbdIzc         $DC0D: 98        TYA
A:8C X:12 Y:8C S:F7 P:NVUbdIzc         $DC0E: 18        CLC
A:8C X:12 Y:8C S:F7 P:NVUbdIzc         $DC0F: 69 0E     ADC #$0E
A:9A X:12 Y:8C S:F7 P:NvUbdIzc         $DC11: A8        TAY
A:9A X:12 Y:9A S:F7 P:NvUbdIzc         $DC12: C6 07     DEC $07 = #$02
A:9A X:12 Y:9A S:F7 P:nvUbdIzc         $DC14: D0 D3     BNE $DBE9
A:9A X:12 Y:9A S:F7 P:nvUbdIzc         $DBE9: B9 15 04  LDA $0415,Y @ $04AF = #$00
A:00 X:12 Y:9A S:F7 P:nvUbdIZc         $DBEC: C9 FF     CMP #$FF
A:00 X:12 Y:9A S:F7 P:nvUbdIzc         $DBEE: D0 1D     BNE $DC0D
A:00 X:12 Y:9A S:F7 P:nvUbdIzc         $DC0D: 98        TYA
A:9A X:12 Y:9A S:F7 P:NvUbdIzc         $DC0E: 18        CLC
A:9A X:12 Y:9A S:F7 P:NvUbdIzc         $DC0F: 69 0E     ADC #$0E
A:A8 X:12 Y:9A S:F7 P:NvUbdIzc         $DC11: A8        TAY
A:A8 X:12 Y:A8 S:F7 P:NvUbdIzc         $DC12: C6 07     DEC $07 = #$01
A:A8 X:12 Y:A8 S:F7 P:nvUbdIZc         $DC14: D0 D3     BNE $DBE9
A:A8 X:12 Y:A8 S:F7 P:nvUbdIZc         $DC16: A9 00     LDA #$00
A:00 X:12 Y:A8 S:F7 P:nvUbdIZc         $DC18: 60        RTS (from $DBE3) ----------------------------
A:00 X:12 Y:A8 S:F9 P:nvUbdIZc       $DB90: D0 01     BNE $DB93
A:00 X:12 Y:A8 S:F9 P:nvUbdIZc       $DB92: 60        RTS (from $DB72) ----------------------------
A:00 X:12 Y:A8 S:FB P:nvUbdIZc     $D9AC: 20 18 DB  JSR $DB18
A:00 X:12 Y:A8 S:F9 P:nvUbdIZc       $DB18: AD 00 04  LDA $0400 = #$FF
A:FF X:12 Y:A8 S:F9 P:NvUbdIzc       $DB1B: C9 FF     CMP #$FF
A:FF X:12 Y:A8 S:F9 P:nvUbdIZC       $DB1D: D0 52     BNE $DB71
A:FF X:12 Y:A8 S:F9 P:nvUbdIZC       $DB1F: AD 0E 04  LDA $040E = #$00
A:00 X:12 Y:A8 S:F9 P:nvUbdIZC       $DB22: D0 4D     BNE $DB71
A:00 X:12 Y:A8 S:F9 P:nvUbdIZC       $DB24: BD 03 05  LDA $0503,X @ $0515 = #$6E
A:6E X:12 Y:A8 S:F9 P:nvUbdIzC       $DB27: 38        SEC
A:6E X:12 Y:A8 S:F9 P:nvUbdIzC       $DB28: ED 03 04  SBC $0403 = #$E9
A:85 X:12 Y:A8 S:F9 P:NVUbdIzc       $DB2B: 18        CLC
A:85 X:12 Y:A8 S:F9 P:NVUbdIzc       $DB2C: 69 09     ADC #$09
A:8E X:12 Y:A8 S:F9 P:NvUbdIzc       $DB2E: C9 13     CMP #$13
A:8E X:12 Y:A8 S:F9 P:nvUbdIzC       $DB30: B0 3F     BCS $DB71
A:8E X:12 Y:A8 S:F9 P:nvUbdIzC       $DB71: 60        RTS (from $DB18) ----------------------------
A:8E X:12 Y:A8 S:FB P:nvUbdIzC     $D9AF: 4C 82 DE  JMP $DE82
A:8E X:12 Y:A8 S:FB P:nvUbdIzC     $DE82: BD 02 05  LDA $0502,X @ $0514 = #$00
A:00 X:12 Y:A8 S:FB P:nvUbdIZC     $DE85: 30 29     BMI $DEB0
A:00 X:12 Y:A8 S:FB P:nvUbdIZC     $DE87: 20 EB C0  JSR $C0EB
A:00 X:12 Y:A8 S:F9 P:nvUbdIZC       $C0EB: 0A        ASL
A:00 X:12 Y:A8 S:F9 P:nvUbdIZc       $C0EC: A8        TAY
A:00 X:12 Y:00 S:F9 P:nvUbdIZc       $C0ED: 68        PLA
A:89 X:12 Y:00 S:FA P:NvUbdIzc      $C0EE: 85 3A     STA $3A = #$EC
A:89 X:12 Y:00 S:FA P:NvUbdIzc      $C0F0: 68        PLA
A:DE X:12 Y:00 S:FB P:NvUbdIzc     $C0F1: 85 3B     STA $3B = #$93
A:DE X:12 Y:00 S:FB P:NvUbdIzc     $C0F3: C8        INY
A:DE X:12 Y:01 S:FB P:nvUbdIzc     $C0F4: 8A        TXA
A:12 X:12 Y:01 S:FB P:nvUbdIzc     $C0F5: 48        PHA
A:12 X:12 Y:01 S:FA P:nvUbdIzc      $C0F6: B1 3A     LDA ($3A),Y @ $DE8A = #$EA
A:EA X:12 Y:01 S:FA P:NvUbdIzc      $C0F8: AA        TAX
A:EA X:EA Y:01 S:FA P:NvUbdIzc      $C0F9: C8        INY
A:EA X:EA Y:02 S:FA P:nvUbdIzc      $C0FA: B1 3A     LDA ($3A),Y @ $DE8B = #$DF
A:DF X:EA Y:02 S:FA P:NvUbdIzc      $C0FC: 85 3B     STA $3B = #$DE
A:DF X:EA Y:02 S:FA P:NvUbdIzc      $C0FE: 86 3A     STX $3A = #$89
A:DF X:EA Y:02 S:FA P:NvUbdIzc      $C100: 68        PLA
A:12 X:EA Y:02 S:FB P:nvUbdIzc     $C101: AA        TAX
A:12 X:12 Y:02 S:FB P:nvUbdIzc     $C102: 6C 3A 00  JMP ($003A) = $DFEA
A:12 X:12 Y:02 S:FB P:nvUbdIzc     $DFEA: BD 0B 05  LDA $050B,X @ $051D = #$00
A:00 X:12 Y:02 S:FB P:nvUbdIZc     $DFED: 20 EB C0  JSR $C0EB
A:00 X:12 Y:02 S:F9 P:nvUbdIZc       $C0EB: 0A        ASL
A:00 X:12 Y:02 S:F9 P:nvUbdIZc       $C0EC: A8        TAY
A:00 X:12 Y:00 S:F9 P:nvUbdIZc       $C0ED: 68        PLA
A:EF X:12 Y:00 S:FA P:NvUbdIzc      $C0EE: 85 3A     STA $3A = #$EA
A:EF X:12 Y:00 S:FA P:NvUbdIzc      $C0F0: 68        PLA
A:DF X:12 Y:00 S:FB P:NvUbdIzc     $C0F1: 85 3B     STA $3B = #$DF
A:DF X:12 Y:00 S:FB P:NvUbdIzc     $C0F3: C8        INY
A:DF X:12 Y:01 S:FB P:nvUbdIzc     $C0F4: 8A        TXA
A:12 X:12 Y:01 S:FB P:nvUbdIzc     $C0F5: 48        PHA
A:12 X:12 Y:01 S:FA P:nvUbdIzc      $C0F6: B1 3A     LDA ($3A),Y @ $DFF0 = #$F8
A:F8 X:12 Y:01 S:FA P:NvUbdIzc      $C0F8: AA        TAX
A:F8 X:F8 Y:01 S:FA P:NvUbdIzc      $C0F9: C8        INY
A:F8 X:F8 Y:02 S:FA P:nvUbdIzc      $C0FA: B1 3A     LDA ($3A),Y @ $DFF1 = #$DF
A:DF X:F8 Y:02 S:FA P:NvUbdIzc      $C0FC: 85 3B     STA $3B = #$DF
A:DF X:F8 Y:02 S:FA P:NvUbdIzc      $C0FE: 86 3A     STX $3A = #$EF
A:DF X:F8 Y:02 S:FA P:NvUbdIzc      $C100: 68        PLA
A:12 X:F8 Y:02 S:FB P:nvUbdIzc     $C101: AA        TAX
A:12 X:12 Y:02 S:FB P:nvUbdIzc     $C102: 6C 3A 00  JMP ($003A) = $DFF8
A:12 X:12 Y:02 S:FB P:nvUbdIzc     $DFF8: 20 8F E0  JSR $E08F
A:12 X:12 Y:02 S:F9 P:nvUbdIzc       $E08F: FE 0C 05  INC $050C,X @ $051E = #$3E
A:12 X:12 Y:02 S:F9 P:nvUbdIzc       $E092: BD 0C 05  LDA $050C,X @ $051E = #$3F
A:3F X:12 Y:02 S:F9 P:nvUbdIzc       $E095: C9 18     CMP #$18
A:3F X:12 Y:02 S:F9 P:nvUbdIzC       $E097: F0 07     BEQ $E0A0
A:3F X:12 Y:02 S:F9 P:nvUbdIzC       $E099: C9 30     CMP #$30
A:3F X:12 Y:02 S:F9 P:nvUbdIzC       $E09B: F0 09     BEQ $E0A6
A:3F X:12 Y:02 S:F9 P:nvUbdIzC       $E09D: B0 00     BCS $E09F
A:3F X:12 Y:02 S:F9 P:nvUbdIzC       $E09F: 60        RTS (from $E08F) ----------------------------
A:3F X:12 Y:02 S:FB P:nvUbdIzC     $DFFB: 20 AF DF  JSR $DFAF
A:3F X:12 Y:02 S:F9 P:nvUbdIzC       $DFAF: 18        CLC
A:3F X:12 Y:02 S:F9 P:nvUbdIzc       $DFB0: BD 04 05  LDA $0504,X @ $0516 = #$A6
A:A6 X:12 Y:02 S:F9 P:NvUbdIzc       $DFB3: 7D 08 05  ADC $0508,X @ $051A = #$C4
A:6A X:12 Y:02 S:F9 P:nVUbdIzC       $DFB6: 9D 04 05  STA $0504,X @ $0516 = #$A6
A:6A X:12 Y:02 S:F9 P:nVUbdIzC       $DFB9: BD 03 05  LDA $0503,X @ $0515 = #$6E
A:6E X:12 Y:02 S:F9 P:nVUbdIzC       $DFBC: 7D 07 05  ADC $0507,X @ $0519 = #$00
A:6F X:12 Y:02 S:F9 P:nvUbdIzc       $DFBF: 9D 03 05  STA $0503,X @ $0515 = #$6E
A:6F X:12 Y:02 S:F9 P:nvUbdIzc       $DFC2: 18        CLC
A:6F X:12 Y:02 S:F9 P:nvUbdIzc       $DFC3: 69 02     ADC #$02
A:71 X:12 Y:02 S:F9 P:nvUbdIzc       $DFC5: C9 05     CMP #$05
A:71 X:12 Y:02 S:F9 P:nvUbdIzC       $DFC7: 90 1B     BCC $DFE4
A:71 X:12 Y:02 S:F9 P:nvUbdIzC       $DFC9: 18        CLC
A:71 X:12 Y:02 S:F9 P:nvUbdIzc       $DFCA: BD 06 05  LDA $0506,X @ $0518 = #$F8
A:F8 X:12 Y:02 S:F9 P:NvUbdIzc       $DFCD: 7D 0A 05  ADC $050A,X @ $051C = #$DA
A:D2 X:12 Y:02 S:F9 P:NvUbdIzC       $DFD0: 9D 06 05  STA $0506,X @ $0518 = #$F8
A:D2 X:12 Y:02 S:F9 P:NvUbdIzC       $DFD3: BD 05 05  LDA $0505,X @ $0517 = #$7E
A:7E X:12 Y:02 S:F9 P:nvUbdIzC       $DFD6: 7D 09 05  ADC $0509,X @ $051B = #$01
A:80 X:12 Y:02 S:F9 P:NVUbdIzc       $DFD9: 9D 05 05  STA $0505,X @ $0517 = #$7E
A:80 X:12 Y:02 S:F9 P:NVUbdIzc       $DFDC: 18        CLC
A:80 X:12 Y:02 S:F9 P:NVUbdIzc       $DFDD: 69 02     ADC #$02
A:82 X:12 Y:02 S:F9 P:NvUbdIzc       $DFDF: C9 05     CMP #$05
A:82 X:12 Y:02 S:F9 P:nvUbdIzC       $DFE1: 90 01     BCC $DFE4
A:82 X:12 Y:02 S:F9 P:nvUbdIzC       $DFE3: 60        RTS (from $DFAF) ----------------------------
A:82 X:12 Y:02 S:FB P:nvUbdIzC     $DFFE: A9 04     LDA #$04
A:04 X:12 Y:02 S:FB P:nvUbdIzC     $E000: 20 3F E7  JSR $E73F
A:04 X:12 Y:02 S:F9 P:nvUbdIzC       $E73F: 48        PHA
A:04 X:12 Y:02 S:F8 P:nvUbdIzC        $E740: A9 10     LDA #$10
A:10 X:12 Y:02 S:F8 P:nvUbdIzC        $E742: 4C 6B C0  JMP $C06B
A:10 X:12 Y:02 S:F8 P:nvUbdIzC        $C06B: A0 04     LDY #$04
A:10 X:12 Y:04 S:F8 P:nvUbdIzC        $C06D: 8C 04 C0  STY $C004 = #$04
A:10 X:12 Y:04 S:F8 P:nvUbdIzC        $C070: 0A        ASL
A:20 X:12 Y:04 S:F8 P:nvUbdIzc        $C071: A8        TAY
A:20 X:12 Y:20 S:F8 P:nvUbdIzc        $C072: B9 08 92  LDA $9208,Y @ $9228 = #$5E
A:5E X:12 Y:20 S:F8 P:nvUbdIzc        $C075: 85 3A     STA $3A = #$F8
A:5E X:12 Y:20 S:F8 P:nvUbdIzc        $C077: B9 09 92  LDA $9209,Y @ $9229 = #$93
A:93 X:12 Y:20 S:F8 P:NvUbdIzc        $C07A: 85 3B     STA $3B = #$DF
A:93 X:12 Y:20 S:F8 P:NvUbdIzc        $C07C: 6C 3A 00  JMP ($003A) = $935E
A:93 X:12 Y:20 S:F8 P:NvUbdIzc        $935E: AD 06 92  LDA $9206 = #$21
A:21 X:12 Y:20 S:F8 P:nvUbdIzc        $9361: 85 02     STA $02 = #$12
A:21 X:12 Y:20 S:F8 P:nvUbdIzc        $9363: AD 07 92  LDA $9207 = #$AE
A:AE X:12 Y:20 S:F8 P:NvUbdIzc        $9366: 85 03     STA $03 = #$12
A:AE X:12 Y:20 S:F8 P:NvUbdIzc        $9368: A6 50     LDX $50 = #$12
A:AE X:12 Y:20 S:F8 P:nvUbdIzc        $936A: BD 0F 05  LDA $050F,X @ $0521 = #$02
A:02 X:12 Y:20 S:F8 P:nvUbdIzc        $936D: 4A        LSR
A:01 X:12 Y:20 S:F8 P:nvUbdIzc        $936E: 4A        LSR
A:00 X:12 Y:20 S:F8 P:nvUbdIZC        $936F: 4A        LSR
A:00 X:12 Y:20 S:F8 P:nvUbdIZc        $9370: 29 1E     AND #$1E
A:00 X:12 Y:20 S:F8 P:nvUbdIZc        $9372: A8        TAY
A:00 X:12 Y:00 S:F8 P:nvUbdIZc        $9373: B1 02     LDA ($02),Y @ $AE21 = #$35
A:35 X:12 Y:00 S:F8 P:nvUbdIzc        $9375: 48        PHA
A:35 X:12 Y:00 S:F7 P:nvUbdIzc         $9376: C8        INY
A:35 X:12 Y:01 S:F7 P:nvUbdIzc         $9377: B1 02     LDA ($02),Y @ $AE22 = #$AE
A:AE X:12 Y:01 S:F7 P:NvUbdIzc         $9379: 85 03     STA $03 = #$AE
A:AE X:12 Y:01 S:F7 P:NvUbdIzc         $937B: 68        PLA
A:35 X:12 Y:01 S:F8 P:nvUbdIzc        $937C: 85 02     STA $02 = #$21
A:35 X:12 Y:01 S:F8 P:nvUbdIzc        $937E: 68        PLA
A:04 X:12 Y:01 S:F9 P:nvUbdIzc       $937F: 29 7F     AND #$7F
A:04 X:12 Y:01 S:F9 P:nvUbdIzc       $9381: 0A        ASL
A:08 X:12 Y:01 S:F9 P:nvUbdIzc       $9382: A8        TAY
A:08 X:12 Y:08 S:F9 P:nvUbdIzc       $9383: B1 02     LDA ($02),Y @ $AE3D = #$F5
A:F5 X:12 Y:08 S:F9 P:NvUbdIzc       $9385: 85 01     STA $01 = #$6E
A:F5 X:12 Y:08 S:F9 P:NvUbdIzc       $9387: BD 02 05  LDA $0502,X @ $0514 = #$00
A:00 X:12 Y:08 S:F9 P:nvUbdIZc       $938A: 30 06     BMI $9392
A:00 X:12 Y:08 S:F9 P:nvUbdIZc       $938C: C8        INY
A:00 X:12 Y:09 S:F9 P:nvUbdIzc       $938D: B1 02     LDA ($02),Y @ $AE3E = #$82
A:82 X:12 Y:09 S:F9 P:NvUbdIzc       $938F: 4C 9A 93  JMP $939A
A:82 X:12 Y:09 S:F9 P:NvUbdIzc       $939A: A4 51     LDY $51 = #$88
A:82 X:12 Y:88 S:F9 P:NvUbdIzc       $939C: 84 07     STY $07 = #$00
A:82 X:12 Y:88 S:F9 P:NvUbdIzc       $939E: C8        INY
A:82 X:12 Y:89 S:F9 P:NvUbdIzc       $939F: C8        INY
A:82 X:12 Y:8A S:F9 P:NvUbdIzc       $93A0: C8        INY
A:82 X:12 Y:8B S:F9 P:NvUbdIzc       $93A1: C8        INY
A:82 X:12 Y:8C S:F9 P:NvUbdIzc       $93A2: 84 06     STY $06 = #$84
A:82 X:12 Y:8C S:F9 P:NvUbdIzc       $93A4: A4 07     LDY $07 = #$88
A:82 X:12 Y:88 S:F9 P:NvUbdIzc       $93A6: 99 02 02  STA $0202,Y @ $028A = #$00
A:82 X:12 Y:88 S:F9 P:NvUbdIzc       $93A9: A4 06     LDY $06 = #$8C
A:82 X:12 Y:8C S:F9 P:NvUbdIzc       $93AB: 99 02 02  STA $0202,Y @ $028E = #$00
A:82 X:12 Y:8C S:F9 P:NvUbdIzc       $93AE: 2A        ROL
A:04 X:12 Y:8C S:F9 P:nvUbdIzC       $93AF: 2A        ROL
A:09 X:12 Y:8C S:F9 P:nvUbdIzc       $93B0: 2A        ROL
A:12 X:12 Y:8C S:F9 P:nvUbdIzc       $93B1: 29 03     AND #$03
A:02 X:12 Y:8C S:F9 P:nvUbdIzc       $93B3: 48        PHA
A:02 X:12 Y:8C S:F8 P:nvUbdIzc        $93B4: 20 C3 93  JSR $93C3
A:02 X:12 Y:8C S:F6 P:nvUbdIzc          $93C3: A4 51     LDY $51 = #$88
A:02 X:12 Y:88 S:F6 P:NvUbdIzc          $93C5: 84 07     STY $07 = #$88
A:02 X:12 Y:88 S:F6 P:NvUbdIzc          $93C7: C8        INY
A:02 X:12 Y:89 S:F6 P:NvUbdIzc          $93C8: C8        INY
A:02 X:12 Y:8A S:F6 P:NvUbdIzc          $93C9: C8        INY
A:02 X:12 Y:8B S:F6 P:NvUbdIzc          $93CA: C8        INY
A:02 X:12 Y:8C S:F6 P:NvUbdIzc          $93CB: 84 06     STY $06 = #$8C
A:02 X:12 Y:8C S:F6 P:NvUbdIzc          $93CD: BD 03 05  LDA $0503,X @ $0515 = #$6F
A:6F X:12 Y:8C S:F6 P:nvUbdIzc          $93D0: A4 06     LDY $06 = #$8C
A:6F X:12 Y:8C S:F6 P:NvUbdIzc          $93D2: 99 03 02  STA $0203,Y @ $028F = #$C0
A:6F X:12 Y:8C S:F6 P:NvUbdIzc          $93D5: 18        CLC
A:6F X:12 Y:8C S:F6 P:NvUbdIzc          $93D6: 69 F8     ADC #$F8
A:67 X:12 Y:8C S:F6 P:nvUbdIzC          $93D8: A4 07     LDY $07 = #$88
A:67 X:12 Y:88 S:F6 P:NvUbdIzC          $93DA: 99 03 02  STA $0203,Y @ $028B = #$ED
A:67 X:12 Y:88 S:F6 P:NvUbdIzC          $93DD: BD 05 05  LDA $0505,X @ $0517 = #$80
A:80 X:12 Y:88 S:F6 P:NvUbdIzC          $93E0: 18        CLC
A:80 X:12 Y:88 S:F6 P:NvUbdIzc          $93E1: 69 F8     ADC #$F8
A:78 X:12 Y:88 S:F6 P:nVUbdIzC          $93E3: 99 00 02  STA $0200,Y @ $0288 = #$F8
A:78 X:12 Y:88 S:F6 P:nVUbdIzC          $93E6: A4 06     LDY $06 = #$8C
A:78 X:12 Y:8C S:F6 P:NVUbdIzC          $93E8: 99 00 02  STA $0200,Y @ $028C = #$F8
A:78 X:12 Y:8C S:F6 P:NVUbdIzC          $93EB: 60        RTS (from $93C3) ----------------------------
A:78 X:12 Y:8C S:F8 P:NVUbdIzC        $93B7: 68        PLA
A:02 X:12 Y:8C S:F9 P:nVUbdIzC       $93B8: 20 15 94  JSR $9415
A:02 X:12 Y:8C S:F7 P:nVUbdIzC         $9415: 0A        ASL
A:04 X:12 Y:8C S:F7 P:nVUbdIzc         $9416: A8        TAY
A:04 X:12 Y:04 S:F7 P:nVUbdIzc         $9417: 68        PLA
A:BA X:12 Y:04 S:F8 P:NVUbdIzc        $9418: 85 3A     STA $3A = #$5E
A:BA X:12 Y:04 S:F8 P:NVUbdIzc        $941A: 68        PLA
A:93 X:12 Y:04 S:F9 P:NVUbdIzc       $941B: 85 3B     STA $3B = #$93
A:93 X:12 Y:04 S:F9 P:NVUbdIzc       $941D: C8        INY
A:93 X:12 Y:05 S:F9 P:nVUbdIzc       $941E: 8A        TXA
A:12 X:12 Y:05 S:F9 P:nVUbdIzc       $941F: 48        PHA
A:12 X:12 Y:05 S:F8 P:nVUbdIzc        $9420: B1 3A     LDA ($3A),Y @ $93BF = #$EC
A:EC X:12 Y:05 S:F8 P:NVUbdIzc        $9422: AA        TAX
A:EC X:EC Y:05 S:F8 P:NVUbdIzc        $9423: C8        INY
A:EC X:EC Y:06 S:F8 P:nVUbdIzc        $9424: B1 3A     LDA ($3A),Y @ $93C0 = #$93
A:93 X:EC Y:06 S:F8 P:NVUbdIzc        $9426: 85 3B     STA $3B = #$93
A:93 X:EC Y:06 S:F8 P:NVUbdIzc        $9428: 86 3A     STX $3A = #$BA
A:93 X:EC Y:06 S:F8 P:NVUbdIzc        $942A: 68        PLA
A:12 X:EC Y:06 S:F9 P:nVUbdIzc       $942B: AA        TAX
A:12 X:12 Y:06 S:F9 P:nVUbdIzc       $942C: 6C 3A 00  JMP ($003A) = $93EC
A:12 X:12 Y:06 S:F9 P:nVUbdIzc       $93EC: A4 07     LDY $07 = #$88
A:12 X:12 Y:88 S:F9 P:NVUbdIzc       $93EE: A5 01     LDA $01 = #$F5
A:F5 X:12 Y:88 S:F9 P:NVUbdIzc       $93F0: 99 01 02  STA $0201,Y @ $0289 = #$04
A:F5 X:12 Y:88 S:F9 P:NVUbdIzc       $93F3: 18        CLC
A:F5 X:12 Y:88 S:F9 P:NVUbdIzc       $93F4: 69 02     ADC #$02
A:F7 X:12 Y:88 S:F9 P:NvUbdIzc       $93F6: A4 06     LDY $06 = #$8C
A:F7 X:12 Y:8C S:F9 P:NvUbdIzc       $93F8: 99 01 02  STA $0201,Y @ $028D = #$94
A:F7 X:12 Y:8C S:F9 P:NvUbdIzc       $93FB: 4C 0D 94  JMP $940D
A:F7 X:12 Y:8C S:F9 P:NvUbdIzc       $940D: 18        CLC
A:F7 X:12 Y:8C S:F9 P:NvUbdIzc       $940E: A5 51     LDA $51 = #$88
A:88 X:12 Y:8C S:F9 P:NvUbdIzc       $9410: 69 08     ADC #$08
A:90 X:12 Y:8C S:F9 P:NvUbdIzc       $9412: 85 51     STA $51 = #$88
A:90 X:12 Y:8C S:F9 P:NvUbdIzc       $9414: 60        RTS (from $E73F) ----------------------------
A:90 X:12 Y:8C S:FB P:NvUbdIzc     $E003: BD 05 05  LDA $0505,X @ $0517 = #$80
A:80 X:12 Y:8C S:FB P:NvUbdIzc     $E006: C9 A0     CMP #$A0
A:80 X:12 Y:8C S:FB P:NvUbdIzc     $E008: B0 67     BCS $E071
A:80 X:12 Y:8C S:FB P:NvUbdIzc     $E00A: 60        RTS (from $D97F) ----------------------------
A:80 X:12 Y:8C S:FD P:NvUbdIzc   $D973: A5 50     LDA $50 = #$12
A:12 X:12 Y:8C S:FD P:nvUbdIzc   $D975: 18        CLC
A:12 X:12 Y:8C S:FD P:nvUbdIzc   $D976: 69 12     ADC #$12
A:24 X:12 Y:8C S:FD P:nvUbdIzc   $D978: 85 50     STA $50 = #$12
A:24 X:12 Y:8C S:FD P:nvUbdIzc   $D97A: C6 0F     DEC $0F = #$0B
A:24 X:12 Y:8C S:FD P:nvUbdIzc   $D97C: D0 EB     BNE $D969
A:24 X:12 Y:8C S:FD P:nvUbdIzc   $D969: A6 50     LDX $50 = #$24
A:24 X:24 Y:8C S:FD P:nvUbdIzc   $D96B: BD 00 05  LDA $0500,X @ $0524 = #$FF
A:FF X:24 Y:8C S:FD P:NvUbdIzc   $D96E: F0 03     BEQ $D973
A:FF X:24 Y:8C S:FD P:NvUbdIzc   $D970: 20 7F D9  JSR $D97F
A:FF X:24 Y:8C S:FB P:NvUbdIzc     $D97F: 48        PHA
A:FF X:24 Y:8C S:FA P:NvUbdIzc      $D980: BD 02 05  LDA $0502,X @ $0526 = #$00
A:00 X:24 Y:8C S:FA P:nvUbdIZc      $D983: 29 40     AND #$40
A:00 X:24 Y:8C S:FA P:nvUbdIZc      $D985: F0 03     BEQ $D98A
A:00 X:24 Y:8C S:FA P:nvUbdIZc      $D98A: 68        PLA
A:FF X:24 Y:8C S:FB P:NvUbdIzc     $D98B: C9 FF     CMP #$FF
A:FF X:24 Y:8C S:FB P:nvUbdIZC     $D98D: F0 07     BEQ $D996
A:FF X:24 Y:8C S:FB P:nvUbdIZC     $D996: BD 02 05  LDA $0502,X @ $0526 = #$00
A:00 X:24 Y:8C S:FB P:nvUbdIZC     $D999: 29 60     AND #$60
A:00 X:24 Y:8C S:FB P:nvUbdIZC     $D99B: F0 07     BEQ $D9A4
A:00 X:24 Y:8C S:FB P:nvUbdIZC     $D9A4: BD 0B 05  LDA $050B,X @ $052F = #$00
A:00 X:24 Y:8C S:FB P:nvUbdIZC     $D9A7: F0 09     BEQ $D9B2
A:00 X:24 Y:8C S:FB P:nvUbdIZC     $D9B2: BD 02 05  LDA $0502,X @ $0526 = #$00
A:00 X:24 Y:8C S:FB P:nvUbdIZC     $D9B5: 29 0F     AND #$0F
A:00 X:24 Y:8C S:FB P:nvUbdIZC     $D9B7: A8        TAY
A:00 X:24 Y:00 S:FB P:nvUbdIZC     $D9B8: B9 C3 D9  LDA $D9C3,Y @ $D9C3 = #$FF
A:FF X:24 Y:00 S:FB P:NvUbdIzC     $D9BB: D0 EC     BNE $D9A9
A:FF X:24 Y:00 S:FB P:NvUbdIzC     $D9A9: 20 72 DB  JSR $DB72
A:FF X:24 Y:00 S:F9 P:NvUbdIzC       $DB72: A5 22     LDA $22 = #$22
A:22 X:24 Y:00 S:F9 P:nvUbdIzC       $DB74: 29 01     AND #$01
A:00 X:24 Y:00 S:F9 P:nvUbdIZC       $DB76: D0 F9     BNE $DB71
A:00 X:24 Y:00 S:F9 P:nvUbdIZC       $DB78: BD 03 05  LDA $0503,X @ $0527 = #$5A
A:5A X:24 Y:00 S:F9 P:nvUbdIzC       $DB7B: 85 01     STA $01 = #$F5
A:5A X:24 Y:00 S:F9 P:nvUbdIzC       $DB7D: BD 05 05  LDA $0505,X @ $0529 = #$61
A:61 X:24 Y:00 S:F9 P:nvUbdIzC       $DB80: 85 00     STA $00 = #$7E
A:61 X:24 Y:00 S:F9 P:nvUbdIzC       $DB82: A9 12     LDA #$12
A:12 X:24 Y:00 S:F9 P:nvUbdIzC       $DB84: 85 03     STA $03 = #$AE
A:12 X:24 Y:00 S:F9 P:nvUbdIzC       $DB86: 85 02     STA $02 = #$35
A:12 X:24 Y:00 S:F9 P:nvUbdIzC       $DB88: 0A        ASL
A:24 X:24 Y:00 S:F9 P:nvUbdIzc       $DB89: 85 05     STA $05 = #$24
A:24 X:24 Y:00 S:F9 P:nvUbdIzc       $DB8B: 85 04     STA $04 = #$24
A:24 X:24 Y:00 S:F9 P:nvUbdIzc       $DB8D: 20 E3 DB  JSR $DBE3
A:24 X:24 Y:00 S:F7 P:nvUbdIzc         $DBE3: A0 00     LDY #$00
A:24 X:24 Y:00 S:F7 P:nvUbdIZc         $DBE5: A9 0C     LDA #$0C
A:0C X:24 Y:00 S:F7 P:nvUbdIzc         $DBE7: 85 07     STA $07 = #$88
A:0C X:24 Y:00 S:F7 P:nvUbdIzc         $DBE9: B9 15 04  LDA $0415,Y @ $0415 = #$00
A:00 X:24 Y:00 S:F7 P:nvUbdIZc         $DBEC: C9 FF     CMP #$FF
A:00 X:24 Y:00 S:F7 P:nvUbdIzc         $DBEE: D0 1D     BNE $DC0D
A:00 X:24 Y:00 S:F7 P:nvUbdIzc         $DC0D: 98        TYA
A:00 X:24 Y:00 S:F7 P:nvUbdIZc         $DC0E: 18        CLC
A:00 X:24 Y:00 S:F7 P:nvUbdIZc         $DC0F: 69 0E     ADC #$0E
A:0E X:24 Y:00 S:F7 P:nvUbdIzc         $DC11: A8        TAY
A:0E X:24 Y:0E S:F7 P:nvUbdIzc         $DC12: C6 07     DEC $07 = #$0C
A:0E X:24 Y:0E S:F7 P:nvUbdIzc         $DC14: D0 D3     BNE $DBE9
A:0E X:24 Y:0E S:F7 P:nvUbdIzc         $DBE9: B9 15 04  LDA $0415,Y @ $0423 = #$00
A:00 X:24 Y:0E S:F7 P:nvUbdIZc         $DBEC: C9 FF     CMP #$FF
A:00 X:24 Y:0E S:F7 P:nvUbdIzc         $DBEE: D0 1D     BNE $DC0D
A:00 X:24 Y:0E S:F7 P:nvUbdIzc         $DC0D: 98        TYA
A:0E X:24 Y:0E S:F7 P:nvUbdIzc         $DC0E: 18        CLC
A:0E X:24 Y:0E S:F7 P:nvUbdIzc         $DC0F: 69 0E     ADC #$0E
A:1C X:24 Y:0E S:F7 P:nvUbdIzc         $DC11: A8        TAY
A:1C X:24 Y:1C S:F7 P:nvUbdIzc         $DC12: C6 07     DEC $07 = #$0B
A:1C X:24 Y:1C S:F7 P:nvUbdIzc         $DC14: D0 D3     BNE $DBE9
A:1C X:24 Y:1C S:F7 P:nvUbdIzc         $DBE9: B9 15 04  LDA $0415,Y @ $0431 = #$00
A:00 X:24 Y:1C S:F7 P:nvUbdIZc         $DBEC: C9 FF     CMP #$FF
A:00 X:24 Y:1C S:F7 P:nvUbdIzc         $DBEE: D0 1D     BNE $DC0D
A:00 X:24 Y:1C S:F7 P:nvUbdIzc         $DC0D: 98        TYA
A:1C X:24 Y:1C S:F7 P:nvUbdIzc         $DC0E: 18        CLC
A:1C X:24 Y:1C S:F7 P:nvUbdIzc         $DC0F: 69 0E     ADC #$0E
A:2A X:24 Y:1C S:F7 P:nvUbdIzc         $DC11: A8        TAY
A:2A X:24 Y:2A S:F7 P:nvUbdIzc         $DC12: C6 07     DEC $07 = #$0A
A:2A X:24 Y:2A S:F7 P:nvUbdIzc         $DC14: D0 D3     BNE $DBE9
A:2A X:24 Y:2A S:F7 P:nvUbdIzc         $DBE9: B9 15 04  LDA $0415,Y @ $043F = #$00
A:00 X:24 Y:2A S:F7 P:nvUbdIZc         $DBEC: C9 FF     CMP #$FF
A:00 X:24 Y:2A S:F7 P:nvUbdIzc         $DBEE: D0 1D     BNE $DC0D
A:00 X:24 Y:2A S:F7 P:nvUbdIzc         $DC0D: 98        TYA
A:2A X:24 Y:2A S:F7 P:nvUbdIzc         $DC0E: 18        CLC
A:2A X:24 Y:2A S:F7 P:nvUbdIzc         $DC0F: 69 0E     ADC #$0E
A:38 X:24 Y:2A S:F7 P:nvUbdIzc         $DC11: A8        TAY
A:38 X:24 Y:38 S:F7 P:nvUbdIzc         $DC12: C6 07     DEC $07 = #$09
A:38 X:24 Y:38 S:F7 P:nvUbdIzc         $DC14: D0 D3     BNE $DBE9
A:38 X:24 Y:38 S:F7 P:nvUbdIzc         $DBE9: B9 15 04  LDA $0415,Y @ $044D = #$00
A:00 X:24 Y:38 S:F7 P:nvUbdIZc         $DBEC: C9 FF     CMP #$FF
A:00 X:24 Y:38 S:F7 P:nvUbdIzc         $DBEE: D0 1D     BNE $DC0D
A:00 X:24 Y:38 S:F7 P:nvUbdIzc         $DC0D: 98        TYA
A:38 X:24 Y:38 S:F7 P:nvUbdIzc         $DC0E: 18        CLC
A:38 X:24 Y:38 S:F7 P:nvUbdIzc         $DC0F: 69 0E     ADC #$0E
A:46 X:24 Y:38 S:F7 P:nvUbdIzc         $DC11: A8        TAY
A:46 X:24 Y:46 S:F7 P:nvUbdIzc         $DC12: C6 07     DEC $07 = #$08
A:46 X:24 Y:46 S:F7 P:nvUbdIzc         $DC14: D0 D3     BNE $DBE9
A:46 X:24 Y:46 S:F7 P:nvUbdIzc         $DBE9: B9 15 04  LDA $0415,Y @ $045B = #$00
A:00 X:24 Y:46 S:F7 P:nvUbdIZc         $DBEC: C9 FF     CMP #$FF
A:00 X:24 Y:46 S:F7 P:nvUbdIzc         $DBEE: D0 1D     BNE $DC0D
A:00 X:24 Y:46 S:F7 P:nvUbdIzc         $DC0D: 98        TYA
A:46 X:24 Y:46 S:F7 P:nvUbdIzc         $DC0E: 18        CLC
A:46 X:24 Y:46 S:F7 P:nvUbdIzc         $DC0F: 69 0E     ADC #$0E
A:54 X:24 Y:46 S:F7 P:nvUbdIzc         $DC11: A8        TAY
A:54 X:24 Y:54 S:F7 P:nvUbdIzc         $DC12: C6 07     DEC $07 = #$07
A:54 X:24 Y:54 S:F7 P:nvUbdIzc         $DC14: D0 D3     BNE $DBE9
A:54 X:24 Y:54 S:F7 P:nvUbdIzc         $DBE9: B9 15 04  LDA $0415,Y @ $0469 = #$00
A:00 X:24 Y:54 S:F7 P:nvUbdIZc         $DBEC: C9 FF     CMP #$FF
A:00 X:24 Y:54 S:F7 P:nvUbdIzc         $DBEE: D0 1D     BNE $DC0D
A:00 X:24 Y:54 S:F7 P:nvUbdIzc         $DC0D: 98        TYA
A:54 X:24 Y:54 S:F7 P:nvUbdIzc         $DC0E: 18        CLC
A:54 X:24 Y:54 S:F7 P:nvUbdIzc         $DC0F: 69 0E     ADC #$0E
A:62 X:24 Y:54 S:F7 P:nvUbdIzc         $DC11: A8        TAY
A:62 X:24 Y:62 S:F7 P:nvUbdIzc         $DC12: C6 07     DEC $07 = #$06
A:62 X:24 Y:62 S:F7 P:nvUbdIzc         $DC14: D0 D3     BNE $DBE9
A:62 X:24 Y:62 S:F7 P:nvUbdIzc         $DBE9: B9 15 04  LDA $0415,Y @ $0477 = #$00
A:00 X:24 Y:62 S:F7 P:nvUbdIZc         $DBEC: C9 FF     CMP #$FF
A:00 X:24 Y:62 S:F7 P:nvUbdIzc         $DBEE: D0 1D     BNE $DC0D
A:00 X:24 Y:62 S:F7 P:nvUbdIzc         $DC0D: 98        TYA
A:62 X:24 Y:62 S:F7 P:nvUbdIzc         $DC0E: 18        CLC
A:62 X:24 Y:62 S:F7 P:nvUbdIzc         $DC0F: 69 0E     ADC #$0E
A:70 X:24 Y:62 S:F7 P:nvUbdIzc         $DC11: A8        TAY
A:70 X:24 Y:70 S:F7 P:nvUbdIzc         $DC12: C6 07     DEC $07 = #$05
A:70 X:24 Y:70 S:F7 P:nvUbdIzc         $DC14: D0 D3     BNE $DBE9
A:70 X:24 Y:70 S:F7 P:nvUbdIzc         $DBE9: B9 15 04  LDA $0415,Y @ $0485 = #$00
A:00 X:24 Y:70 S:F7 P:nvUbdIZc         $DBEC: C9 FF     CMP #$FF
A:00 X:24 Y:70 S:F7 P:nvUbdIzc         $DBEE: D0 1D     BNE $DC0D
A:00 X:24 Y:70 S:F7 P:nvUbdIzc         $DC0D: 98        TYA
A:70 X:24 Y:70 S:F7 P:nvUbdIzc         $DC0E: 18        CLC
A:70 X:24 Y:70 S:F7 P:nvUbdIzc         $DC0F: 69 0E     ADC #$0E
A:7E X:24 Y:70 S:F7 P:nvUbdIzc         $DC11: A8        TAY
A:7E X:24 Y:7E S:F7 P:nvUbdIzc         $DC12: C6 07     DEC $07 = #$04
A:7E X:24 Y:7E S:F7 P:nvUbdIzc         $DC14: D0 D3     BNE $DBE9
A:7E X:24 Y:7E S:F7 P:nvUbdIzc         $DBE9: B9 15 04  LDA $0415,Y @ $0493 = #$00
A:00 X:24 Y:7E S:F7 P:nvUbdIZc         $DBEC: C9 FF     CMP #$FF
A:00 X:24 Y:7E S:F7 P:nvUbdIzc         $DBEE: D0 1D     BNE $DC0D
A:00 X:24 Y:7E S:F7 P:nvUbdIzc         $DC0D: 98        TYA
A:7E X:24 Y:7E S:F7 P:nvUbdIzc         $DC0E: 18        CLC
A:7E X:24 Y:7E S:F7 P:nvUbdIzc         $DC0F: 69 0E     ADC #$0E
A:8C X:24 Y:7E S:F7 P:NVUbdIzc         $DC11: A8        TAY
A:8C X:24 Y:8C S:F7 P:NVUbdIzc         $DC12: C6 07     DEC $07 = #$03
A:8C X:24 Y:8C S:F7 P:nVUbdIzc         $DC14: D0 D3     BNE $DBE9
A:8C X:24 Y:8C S:F7 P:nVUbdIzc         $DBE9: B9 15 04  LDA $0415,Y @ $04A1 = #$00
A:00 X:24 Y:8C S:F7 P:nVUbdIZc         $DBEC: C9 FF     CMP #$FF
A:00 X:24 Y:8C S:F7 P:nVUbdIzc         $DBEE: D0 1D     BNE $DC0D
A:00 X:24 Y:8C S:F7 P:nVUbdIzc         $DC0D: 98        TYA
A:8C X:24 Y:8C S:F7 P:NVUbdIzc         $DC0E: 18        CLC
A:8C X:24 Y:8C S:F7 P:NVUbdIzc         $DC0F: 69 0E     ADC #$0E
A:9A X:24 Y:8C S:F7 P:NvUbdIzc         $DC11: A8        TAY
A:9A X:24 Y:9A S:F7 P:NvUbdIzc         $DC12: C6 07     DEC $07 = #$02
A:9A X:24 Y:9A S:F7 P:nvUbdIzc         $DC14: D0 D3     BNE $DBE9
A:9A X:24 Y:9A S:F7 P:nvUbdIzc         $DBE9: B9 15 04  LDA $0415,Y @ $04AF = #$00
A:00 X:24 Y:9A S:F7 P:nvUbdIZc         $DBEC: C9 FF     CMP #$FF
A:00 X:24 Y:9A S:F7 P:nvUbdIzc         $DBEE: D0 1D     BNE $DC0D
A:00 X:24 Y:9A S:F7 P:nvUbdIzc         $DC0D: 98        TYA
A:9A X:24 Y:9A S:F7 P:NvUbdIzc         $DC0E: 18        CLC
A:9A X:24 Y:9A S:F7 P:NvUbdIzc         $DC0F: 69 0E     ADC #$0E
A:A8 X:24 Y:9A S:F7 P:NvUbdIzc         $DC11: A8        TAY
A:A8 X:24 Y:A8 S:F7 P:NvUbdIzc         $DC12: C6 07     DEC $07 = #$01
A:A8 X:24 Y:A8 S:F7 P:nvUbdIZc         $DC14: D0 D3     BNE $DBE9
A:A8 X:24 Y:A8 S:F7 P:nvUbdIZc         $DC16: A9 00     LDA #$00
A:00 X:24 Y:A8 S:F7 P:nvUbdIZc         $DC18: 60        RTS (from $DBE3) ----------------------------
A:00 X:24 Y:A8 S:F9 P:nvUbdIZc       $DB90: D0 01     BNE $DB93
A:00 X:24 Y:A8 S:F9 P:nvUbdIZc       $DB92: 60        RTS (from $DB72) ----------------------------
A:00 X:24 Y:A8 S:FB P:nvUbdIZc     $D9AC: 20 18 DB  JSR $DB18
A:00 X:24 Y:A8 S:F9 P:nvUbdIZc       $DB18: AD 00 04  LDA $0400 = #$FF
A:FF X:24 Y:A8 S:F9 P:NvUbdIzc       $DB1B: C9 FF     CMP #$FF
A:FF X:24 Y:A8 S:F9 P:nvUbdIZC       $DB1D: D0 52     BNE $DB71
A:FF X:24 Y:A8 S:F9 P:nvUbdIZC       $DB1F: AD 0E 04  LDA $040E = #$00
A:00 X:24 Y:A8 S:F9 P:nvUbdIZC       $DB22: D0 4D     BNE $DB71
A:00 X:24 Y:A8 S:F9 P:nvUbdIZC       $DB24: BD 03 05  LDA $0503,X @ $0527 = #$5A
A:5A X:24 Y:A8 S:F9 P:nvUbdIzC       $DB27: 38        SEC
A:5A X:24 Y:A8 S:F9 P:nvUbdIzC       $DB28: ED 03 04  SBC $0403 = #$E9
A:71 X:24 Y:A8 S:F9 P:nvUbdIzc       $DB2B: 18        CLC
A:71 X:24 Y:A8 S:F9 P:nvUbdIzc       $DB2C: 69 09     ADC #$09
A:7A X:24 Y:A8 S:F9 P:nvUbdIzc       $DB2E: C9 13     CMP #$13
A:7A X:24 Y:A8 S:F9 P:nvUbdIzC       $DB30: B0 3F     BCS $DB71
A:7A X:24 Y:A8 S:F9 P:nvUbdIzC       $DB71: 60        RTS (from $DB18) ----------------------------
A:7A X:24 Y:A8 S:FB P:nvUbdIzC     $D9AF: 4C 82 DE  JMP $DE82
A:7A X:24 Y:A8 S:FB P:nvUbdIzC     $DE82: BD 02 05  LDA $0502,X @ $0526 = #$00
A:00 X:24 Y:A8 S:FB P:nvUbdIZC     $DE85: 30 29     BMI $DEB0
A:00 X:24 Y:A8 S:FB P:nvUbdIZC     $DE87: 20 EB C0  JSR $C0EB
A:00 X:24 Y:A8 S:F9 P:nvUbdIZC       $C0EB: 0A        ASL
A:00 X:24 Y:A8 S:F9 P:nvUbdIZc       $C0EC: A8        TAY
A:00 X:24 Y:00 S:F9 P:nvUbdIZc       $C0ED: 68        PLA
A:89 X:24 Y:00 S:FA P:NvUbdIzc      $C0EE: 85 3A     STA $3A = #$EC
A:89 X:24 Y:00 S:FA P:NvUbdIzc      $C0F0: 68        PLA
A:DE X:24 Y:00 S:FB P:NvUbdIzc     $C0F1: 85 3B     STA $3B = #$93
A:DE X:24 Y:00 S:FB P:NvUbdIzc     $C0F3: C8        INY
A:DE X:24 Y:01 S:FB P:nvUbdIzc     $C0F4: 8A        TXA
A:24 X:24 Y:01 S:FB P:nvUbdIzc     $C0F5: 48        PHA
A:24 X:24 Y:01 S:FA P:nvUbdIzc      $C0F6: B1 3A     LDA ($3A),Y @ $DE8A = #$EA
A:EA X:24 Y:01 S:FA P:NvUbdIzc      $C0F8: AA        TAX
A:EA X:EA Y:01 S:FA P:NvUbdIzc      $C0F9: C8        INY
A:EA X:EA Y:02 S:FA P:nvUbdIzc      $C0FA: B1 3A     LDA ($3A),Y @ $DE8B = #$DF
A:DF X:EA Y:02 S:FA P:NvUbdIzc      $C0FC: 85 3B     STA $3B = #$DE
A:DF X:EA Y:02 S:FA P:NvUbdIzc      $C0FE: 86 3A     STX $3A = #$89
A:DF X:EA Y:02 S:FA P:NvUbdIzc      $C100: 68        PLA
A:24 X:EA Y:02 S:FB P:nvUbdIzc     $C101: AA        TAX
A:24 X:24 Y:02 S:FB P:nvUbdIzc     $C102: 6C 3A 00  JMP ($003A) = $DFEA
A:24 X:24 Y:02 S:FB P:nvUbdIzc     $DFEA: BD 0B 05  LDA $050B,X @ $052F = #$00
A:00 X:24 Y:02 S:FB P:nvUbdIZc     $DFED: 20 EB C0  JSR $C0EB
A:00 X:24 Y:02 S:F9 P:nvUbdIZc       $C0EB: 0A        ASL
A:00 X:24 Y:02 S:F9 P:nvUbdIZc       $C0EC: A8        TAY
A:00 X:24 Y:00 S:F9 P:nvUbdIZc       $C0ED: 68        PLA
A:EF X:24 Y:00 S:FA P:NvUbdIzc      $C0EE: 85 3A     STA $3A = #$EA
A:EF X:24 Y:00 S:FA P:NvUbdIzc      $C0F0: 68        PLA
A:DF X:24 Y:00 S:FB P:NvUbdIzc     $C0F1: 85 3B     STA $3B = #$DF
A:DF X:24 Y:00 S:FB P:NvUbdIzc     $C0F3: C8        INY
A:DF X:24 Y:01 S:FB P:nvUbdIzc     $C0F4: 8A        TXA
A:24 X:24 Y:01 S:FB P:nvUbdIzc     $C0F5: 48        PHA
A:24 X:24 Y:01 S:FA P:nvUbdIzc      $C0F6: B1 3A     LDA ($3A),Y @ $DFF0 = #$F8
A:F8 X:24 Y:01 S:FA P:NvUbdIzc      $C0F8: AA        TAX
A:F8 X:F8 Y:01 S:FA P:NvUbdIzc      $C0F9: C8        INY
A:F8 X:F8 Y:02 S:FA P:nvUbdIzc      $C0FA: B1 3A     LDA ($3A),Y @ $DFF1 = #$DF
A:DF X:F8 Y:02 S:FA P:NvUbdIzc      $C0FC: 85 3B     STA $3B = #$DF
A:DF X:F8 Y:02 S:FA P:NvUbdIzc      $C0FE: 86 3A     STX $3A = #$EF
A:DF X:F8 Y:02 S:FA P:NvUbdIzc      $C100: 68        PLA
A:24 X:F8 Y:02 S:FB P:nvUbdIzc     $C101: AA        TAX
A:24 X:24 Y:02 S:FB P:nvUbdIzc     $C102: 6C 3A 00  JMP ($003A) = $DFF8
A:24 X:24 Y:02 S:FB P:nvUbdIzc     $DFF8: 20 8F E0  JSR $E08F
A:24 X:24 Y:02 S:F9 P:nvUbdIzc       $E08F: FE 0C 05  INC $050C,X @ $0530 = #$2E
A:24 X:24 Y:02 S:F9 P:nvUbdIzc       $E092: BD 0C 05  LDA $050C,X @ $0530 = #$2F
A:2F X:24 Y:02 S:F9 P:nvUbdIzc       $E095: C9 18     CMP #$18
A:2F X:24 Y:02 S:F9 P:nvUbdIzC       $E097: F0 07     BEQ $E0A0
A:2F X:24 Y:02 S:F9 P:nvUbdIzC       $E099: C9 30     CMP #$30
A:2F X:24 Y:02 S:F9 P:NvUbdIzc       $E09B: F0 09     BEQ $E0A6
A:2F X:24 Y:02 S:F9 P:NvUbdIzc       $E09D: B0 00     BCS $E09F
A:2F X:24 Y:02 S:F9 P:NvUbdIzc       $E09F: 60        RTS (from $E08F) ----------------------------
A:2F X:24 Y:02 S:FB P:NvUbdIzc     $DFFB: 20 AF DF  JSR $DFAF
A:2F X:24 Y:02 S:F9 P:NvUbdIzc       $DFAF: 18        CLC
A:2F X:24 Y:02 S:F9 P:NvUbdIzc       $DFB0: BD 04 05  LDA $0504,X @ $0528 = #$74
A:74 X:24 Y:02 S:F9 P:nvUbdIzc       $DFB3: 7D 08 05  ADC $0508,X @ $052C = #$C4
A:38 X:24 Y:02 S:F9 P:nvUbdIzC       $DFB6: 9D 04 05  STA $0504,X @ $0528 = #$74
A:38 X:24 Y:02 S:F9 P:nvUbdIzC       $DFB9: BD 03 05  LDA $0503,X @ $0527 = #$5A
A:5A X:24 Y:02 S:F9 P:nvUbdIzC       $DFBC: 7D 07 05  ADC $0507,X @ $052B = #$00
A:5B X:24 Y:02 S:F9 P:nvUbdIzc       $DFBF: 9D 03 05  STA $0503,X @ $0527 = #$5A
A:5B X:24 Y:02 S:F9 P:nvUbdIzc       $DFC2: 18        CLC
A:5B X:24 Y:02 S:F9 P:nvUbdIzc       $DFC3: 69 02     ADC #$02
A:5D X:24 Y:02 S:F9 P:nvUbdIzc       $DFC5: C9 05     CMP #$05
A:5D X:24 Y:02 S:F9 P:nvUbdIzC       $DFC7: 90 1B     BCC $DFE4
A:5D X:24 Y:02 S:F9 P:nvUbdIzC       $DFC9: 18        CLC
A:5D X:24 Y:02 S:F9 P:nvUbdIzc       $DFCA: BD 06 05  LDA $0506,X @ $052A = #$34
A:34 X:24 Y:02 S:F9 P:nvUbdIzc       $DFCD: 7D 0A 05  ADC $050A,X @ $052E = #$DA
A:0E X:24 Y:02 S:F9 P:nvUbdIzC       $DFD0: 9D 06 05  STA $0506,X @ $052A = #$34
A:0E X:24 Y:02 S:F9 P:nvUbdIzC       $DFD3: BD 05 05  LDA $0505,X @ $0529 = #$61
A:61 X:24 Y:02 S:F9 P:nvUbdIzC       $DFD6: 7D 09 05  ADC $0509,X @ $052D = #$01
A:63 X:24 Y:02 S:F9 P:nvUbdIzc       $DFD9: 9D 05 05  STA $0505,X @ $0529 = #$61
A:63 X:24 Y:02 S:F9 P:nvUbdIzc       $DFDC: 18        CLC
A:63 X:24 Y:02 S:F9 P:nvUbdIzc       $DFDD: 69 02     ADC #$02
A:65 X:24 Y:02 S:F9 P:nvUbdIzc       $DFDF: C9 05     CMP #$05
A:65 X:24 Y:02 S:F9 P:nvUbdIzC       $DFE1: 90 01     BCC $DFE4
A:65 X:24 Y:02 S:F9 P:nvUbdIzC       $DFE3: 60        RTS (from $DFAF) ----------------------------
A:65 X:24 Y:02 S:FB P:nvUbdIzC     $DFFE: A9 04     LDA #$04
A:04 X:24 Y:02 S:FB P:nvUbdIzC     $E000: 20 3F E7  JSR $E73F
A:04 X:24 Y:02 S:F9 P:nvUbdIzC       $E73F: 48        PHA
A:04 X:24 Y:02 S:F8 P:nvUbdIzC        $E740: A9 10     LDA #$10
A:10 X:24 Y:02 S:F8 P:nvUbdIzC        $E742: 4C 6B C0  JMP $C06B
A:10 X:24 Y:02 S:F8 P:nvUbdIzC        $C06B: A0 04     LDY #$04
A:10 X:24 Y:04 S:F8 P:nvUbdIzC        $C06D: 8C 04 C0  STY $C004 = #$04
A:10 X:24 Y:04 S:F8 P:nvUbdIzC        $C070: 0A        ASL
A:20 X:24 Y:04 S:F8 P:nvUbdIzc        $C071: A8        TAY
A:20 X:24 Y:20 S:F8 P:nvUbdIzc        $C072: B9 08 92  LDA $9208,Y @ $9228 = #$5E
A:5E X:24 Y:20 S:F8 P:nvUbdIzc        $C075: 85 3A     STA $3A = #$F8
A:5E X:24 Y:20 S:F8 P:nvUbdIzc        $C077: B9 09 92  LDA $9209,Y @ $9229 = #$93
A:93 X:24 Y:20 S:F8 P:NvUbdIzc        $C07A: 85 3B     STA $3B = #$DF
A:93 X:24 Y:20 S:F8 P:NvUbdIzc        $C07C: 6C 3A 00  JMP ($003A) = $935E
A:93 X:24 Y:20 S:F8 P:NvUbdIzc        $935E: AD 06 92  LDA $9206 = #$21
A:21 X:24 Y:20 S:F8 P:nvUbdIzc        $9361: 85 02     STA $02 = #$12
A:21 X:24 Y:20 S:F8 P:nvUbdIzc        $9363: AD 07 92  LDA $9207 = #$AE
A:AE X:24 Y:20 S:F8 P:NvUbdIzc        $9366: 85 03     STA $03 = #$12
A:AE X:24 Y:20 S:F8 P:NvUbdIzc        $9368: A6 50     LDX $50 = #$24
A:AE X:24 Y:20 S:F8 P:nvUbdIzc        $936A: BD 0F 05  LDA $050F,X @ $0533 = #$02
A:02 X:24 Y:20 S:F8 P:nvUbdIzc        $936D: 4A        LSR
A:01 X:24 Y:20 S:F8 P:nvUbdIzc        $936E: 4A        LSR
A:00 X:24 Y:20 S:F8 P:nvUbdIZC        $936F: 4A        LSR
A:00 X:24 Y:20 S:F8 P:nvUbdIZc        $9370: 29 1E     AND #$1E
A:00 X:24 Y:20 S:F8 P:nvUbdIZc        $9372: A8        TAY
A:00 X:24 Y:00 S:F8 P:nvUbdIZc        $9373: B1 02     LDA ($02),Y @ $AE21 = #$35
A:35 X:24 Y:00 S:F8 P:nvUbdIzc        $9375: 48        PHA
A:35 X:24 Y:00 S:F7 P:nvUbdIzc         $9376: C8        INY
A:35 X:24 Y:01 S:F7 P:nvUbdIzc         $9377: B1 02     LDA ($02),Y @ $AE22 = #$AE
A:AE X:24 Y:01 S:F7 P:NvUbdIzc         $9379: 85 03     STA $03 = #$AE
A:AE X:24 Y:01 S:F7 P:NvUbdIzc         $937B: 68        PLA
A:35 X:24 Y:01 S:F8 P:nvUbdIzc        $937C: 85 02     STA $02 = #$21
A:35 X:24 Y:01 S:F8 P:nvUbdIzc        $937E: 68        PLA
A:04 X:24 Y:01 S:F9 P:nvUbdIzc       $937F: 29 7F     AND #$7F
A:04 X:24 Y:01 S:F9 P:nvUbdIzc       $9381: 0A        ASL
A:08 X:24 Y:01 S:F9 P:nvUbdIzc       $9382: A8        TAY
A:08 X:24 Y:08 S:F9 P:nvUbdIzc       $9383: B1 02     LDA ($02),Y @ $AE3D = #$F5
A:F5 X:24 Y:08 S:F9 P:NvUbdIzc       $9385: 85 01     STA $01 = #$5A
A:F5 X:24 Y:08 S:F9 P:NvUbdIzc       $9387: BD 02 05  LDA $0502,X @ $0526 = #$00
A:00 X:24 Y:08 S:F9 P:nvUbdIZc       $938A: 30 06     BMI $9392
A:00 X:24 Y:08 S:F9 P:nvUbdIZc       $938C: C8        INY
A:00 X:24 Y:09 S:F9 P:nvUbdIzc       $938D: B1 02     LDA ($02),Y @ $AE3E = #$82
A:82 X:24 Y:09 S:F9 P:NvUbdIzc       $938F: 4C 9A 93  JMP $939A
A:82 X:24 Y:09 S:F9 P:NvUbdIzc       $939A: A4 51     LDY $51 = #$90
A:82 X:24 Y:90 S:F9 P:NvUbdIzc       $939C: 84 07     STY $07 = #$00
A:82 X:24 Y:90 S:F9 P:NvUbdIzc       $939E: C8        INY
A:82 X:24 Y:91 S:F9 P:NvUbdIzc       $939F: C8        INY
A:82 X:24 Y:92 S:F9 P:NvUbdIzc       $93A0: C8        INY
A:82 X:24 Y:93 S:F9 P:NvUbdIzc       $93A1: C8        INY
A:82 X:24 Y:94 S:F9 P:NvUbdIzc       $93A2: 84 06     STY $06 = #$8C
A:82 X:24 Y:94 S:F9 P:NvUbdIzc       $93A4: A4 07     LDY $07 = #$90
A:82 X:24 Y:90 S:F9 P:NvUbdIzc       $93A6: 99 02 02  STA $0202,Y @ $0292 = #$00
A:82 X:24 Y:90 S:F9 P:NvUbdIzc       $93A9: A4 06     LDY $06 = #$94
A:82 X:24 Y:94 S:F9 P:NvUbdIzc       $93AB: 99 02 02  STA $0202,Y @ $0296 = #$00
A:82 X:24 Y:94 S:F9 P:NvUbdIzc       $93AE: 2A        ROL
A:04 X:24 Y:94 S:F9 P:nvUbdIzC       $93AF: 2A        ROL
A:09 X:24 Y:94 S:F9 P:nvUbdIzc       $93B0: 2A        ROL
A:12 X:24 Y:94 S:F9 P:nvUbdIzc       $93B1: 29 03     AND #$03
A:02 X:24 Y:94 S:F9 P:nvUbdIzc       $93B3: 48        PHA
A:02 X:24 Y:94 S:F8 P:nvUbdIzc        $93B4: 20 C3 93  JSR $93C3
A:02 X:24 Y:94 S:F6 P:nvUbdIzc          $93C3: A4 51     LDY $51 = #$90
A:02 X:24 Y:90 S:F6 P:NvUbdIzc          $93C5: 84 07     STY $07 = #$90
A:02 X:24 Y:90 S:F6 P:NvUbdIzc          $93C7: C8        INY
A:02 X:24 Y:91 S:F6 P:NvUbdIzc          $93C8: C8        INY
A:02 X:24 Y:92 S:F6 P:NvUbdIzc          $93C9: C8        INY
A:02 X:24 Y:93 S:F6 P:NvUbdIzc          $93CA: C8        INY
A:02 X:24 Y:94 S:F6 P:NvUbdIzc          $93CB: 84 06     STY $06 = #$94
A:02 X:24 Y:94 S:F6 P:NvUbdIzc          $93CD: BD 03 05  LDA $0503,X @ $0527 = #$5B
A:5B X:24 Y:94 S:F6 P:nvUbdIzc          $93D0: A4 06     LDY $06 = #$94
A:5B X:24 Y:94 S:F6 P:NvUbdIzc          $93D2: 99 03 02  STA $0203,Y @ $0297 = #$D0
A:5B X:24 Y:94 S:F6 P:NvUbdIzc          $93D5: 18        CLC
A:5B X:24 Y:94 S:F6 P:NvUbdIzc          $93D6: 69 F8     ADC #$F8
A:53 X:24 Y:94 S:F6 P:nvUbdIzC          $93D8: A4 07     LDY $07 = #$90
A:53 X:24 Y:90 S:F6 P:NvUbdIzC          $93DA: 99 03 02  STA $0203,Y @ $0293 = #$C8
A:53 X:24 Y:90 S:F6 P:NvUbdIzC          $93DD: BD 05 05  LDA $0505,X @ $0529 = #$63
A:63 X:24 Y:90 S:F6 P:nvUbdIzC          $93E0: 18        CLC
A:63 X:24 Y:90 S:F6 P:nvUbdIzc          $93E1: 69 F8     ADC #$F8
A:5B X:24 Y:90 S:F6 P:nvUbdIzC          $93E3: 99 00 02  STA $0200,Y @ $0290 = #$F8
A:5B X:24 Y:90 S:F6 P:nvUbdIzC          $93E6: A4 06     LDY $06 = #$94
A:5B X:24 Y:94 S:F6 P:NvUbdIzC          $93E8: 99 00 02  STA $0200,Y @ $0294 = #$F8
A:5B X:24 Y:94 S:F6 P:NvUbdIzC          $93EB: 60        RTS (from $93C3) ----------------------------
A:5B X:24 Y:94 S:F8 P:NvUbdIzC        $93B7: 68        PLA
A:02 X:24 Y:94 S:F9 P:nvUbdIzC       $93B8: 20 15 94  JSR $9415
A:02 X:24 Y:94 S:F7 P:nvUbdIzC         $9415: 0A        ASL
A:04 X:24 Y:94 S:F7 P:nvUbdIzc         $9416: A8        TAY
A:04 X:24 Y:04 S:F7 P:nvUbdIzc         $9417: 68        PLA
A:BA X:24 Y:04 S:F8 P:NvUbdIzc        $9418: 85 3A     STA $3A = #$5E
A:BA X:24 Y:04 S:F8 P:NvUbdIzc        $941A: 68        PLA
A:93 X:24 Y:04 S:F9 P:NvUbdIzc       $941B: 85 3B     STA $3B = #$93
A:93 X:24 Y:04 S:F9 P:NvUbdIzc       $941D: C8        INY
A:93 X:24 Y:05 S:F9 P:nvUbdIzc       $941E: 8A        TXA
A:24 X:24 Y:05 S:F9 P:nvUbdIzc       $941F: 48        PHA
A:24 X:24 Y:05 S:F8 P:nvUbdIzc        $9420: B1 3A     LDA ($3A),Y @ $93BF = #$EC
A:EC X:24 Y:05 S:F8 P:NvUbdIzc        $9422: AA        TAX
A:EC X:EC Y:05 S:F8 P:NvUbdIzc        $9423: C8        INY
A:EC X:EC Y:06 S:F8 P:nvUbdIzc        $9424: B1 3A     LDA ($3A),Y @ $93C0 = #$93
A:93 X:EC Y:06 S:F8 P:NvUbdIzc        $9426: 85 3B     STA $3B = #$93
A:93 X:EC Y:06 S:F8 P:NvUbdIzc        $9428: 86 3A     STX $3A = #$BA
A:93 X:EC Y:06 S:F8 P:NvUbdIzc        $942A: 68        PLA
A:24 X:EC Y:06 S:F9 P:nvUbdIzc       $942B: AA        TAX
A:24 X:24 Y:06 S:F9 P:nvUbdIzc       $942C: 6C 3A 00  JMP ($003A) = $93EC
A:24 X:24 Y:06 S:F9 P:nvUbdIzc       $93EC: A4 07     LDY $07 = #$90
A:24 X:24 Y:90 S:F9 P:NvUbdIzc       $93EE: A5 01     LDA $01 = #$F5
A:F5 X:24 Y:90 S:F9 P:NvUbdIzc       $93F0: 99 01 02  STA $0201,Y @ $0291 = #$7E
A:F5 X:24 Y:90 S:F9 P:NvUbdIzc       $93F3: 18        CLC
A:F5 X:24 Y:90 S:F9 P:NvUbdIzc       $93F4: 69 02     ADC #$02
A:F7 X:24 Y:90 S:F9 P:NvUbdIzc       $93F6: A4 06     LDY $06 = #$94
A:F7 X:24 Y:94 S:F9 P:NvUbdIzc       $93F8: 99 01 02  STA $0201,Y @ $0295 = #$80
A:F7 X:24 Y:94 S:F9 P:NvUbdIzc       $93FB: 4C 0D 94  JMP $940D
A:F7 X:24 Y:94 S:F9 P:NvUbdIzc       $940D: 18        CLC
A:F7 X:24 Y:94 S:F9 P:NvUbdIzc       $940E: A5 51     LDA $51 = #$90
A:90 X:24 Y:94 S:F9 P:NvUbdIzc       $9410: 69 08     ADC #$08
A:98 X:24 Y:94 S:F9 P:NvUbdIzc       $9412: 85 51     STA $51 = #$90
A:98 X:24 Y:94 S:F9 P:NvUbdIzc       $9414: 60        RTS (from $E73F) ----------------------------
A:98 X:24 Y:94 S:FB P:NvUbdIzc     $E003: BD 05 05  LDA $0505,X @ $0529 = #$63
A:63 X:24 Y:94 S:FB P:nvUbdIzc     $E006: C9 A0     CMP #$A0
A:63 X:24 Y:94 S:FB P:NvUbdIzc     $E008: B0 67     BCS $E071
A:63 X:24 Y:94 S:FB P:NvUbdIzc     $E00A: 60        RTS (from $D97F) ----------------------------
A:63 X:24 Y:94 S:FD P:NvUbdIzc   $D973: A5 50     LDA $50 = #$24
A:24 X:24 Y:94 S:FD P:nvUbdIzc   $D975: 18        CLC
A:24 X:24 Y:94 S:FD P:nvUbdIzc   $D976: 69 12     ADC #$12
A:36 X:24 Y:94 S:FD P:nvUbdIzc   $D978: 85 50     STA $50 = #$24
A:36 X:24 Y:94 S:FD P:nvUbdIzc   $D97A: C6 0F     DEC $0F = #$0A
A:36 X:24 Y:94 S:FD P:nvUbdIzc   $D97C: D0 EB     BNE $D969
A:36 X:24 Y:94 S:FD P:nvUbdIzc   $D969: A6 50     LDX $50 = #$36
A:36 X:36 Y:94 S:FD P:nvUbdIzc   $D96B: BD 00 05  LDA $0500,X @ $0536 = #$FF
A:FF X:36 Y:94 S:FD P:NvUbdIzc   $D96E: F0 03     BEQ $D973
A:FF X:36 Y:94 S:FD P:NvUbdIzc   $D970: 20 7F D9  JSR $D97F
A:FF X:36 Y:94 S:FB P:NvUbdIzc     $D97F: 48        PHA
A:FF X:36 Y:94 S:FA P:NvUbdIzc      $D980: BD 02 05  LDA $0502,X @ $0538 = #$00
A:00 X:36 Y:94 S:FA P:nvUbdIZc      $D983: 29 40     AND #$40
A:00 X:36 Y:94 S:FA P:nvUbdIZc      $D985: F0 03     BEQ $D98A
A:00 X:36 Y:94 S:FA P:nvUbdIZc      $D98A: 68        PLA
A:FF X:36 Y:94 S:FB P:NvUbdIzc     $D98B: C9 FF     CMP #$FF
A:FF X:36 Y:94 S:FB P:nvUbdIZC     $D98D: F0 07     BEQ $D996
A:FF X:36 Y:94 S:FB P:nvUbdIZC     $D996: BD 02 05  LDA $0502,X @ $0538 = #$00
A:00 X:36 Y:94 S:FB P:nvUbdIZC     $D999: 29 60     AND #$60
A:00 X:36 Y:94 S:FB P:nvUbdIZC     $D99B: F0 07     BEQ $D9A4
A:00 X:36 Y:94 S:FB P:nvUbdIZC     $D9A4: BD 0B 05  LDA $050B,X @ $0541 = #$00
A:00 X:36 Y:94 S:FB P:nvUbdIZC     $D9A7: F0 09     BEQ $D9B2
A:00 X:36 Y:94 S:FB P:nvUbdIZC     $D9B2: BD 02 05  LDA $0502,X @ $0538 = #$00
A:00 X:36 Y:94 S:FB P:nvUbdIZC     $D9B5: 29 0F     AND #$0F
A:00 X:36 Y:94 S:FB P:nvUbdIZC     $D9B7: A8        TAY
A:00 X:36 Y:00 S:FB P:nvUbdIZC     $D9B8: B9 C3 D9  LDA $D9C3,Y @ $D9C3 = #$FF
A:FF X:36 Y:00 S:FB P:NvUbdIzC     $D9BB: D0 EC     BNE $D9A9
A:FF X:36 Y:00 S:FB P:NvUbdIzC     $D9A9: 20 72 DB  JSR $DB72
A:FF X:36 Y:00 S:F9 P:NvUbdIzC       $DB72: A5 22     LDA $22 = #$22
A:22 X:36 Y:00 S:F9 P:nvUbdIzC       $DB74: 29 01     AND #$01
A:00 X:36 Y:00 S:F9 P:nvUbdIZC       $DB76: D0 F9     BNE $DB71
A:00 X:36 Y:00 S:F9 P:nvUbdIZC       $DB78: BD 03 05  LDA $0503,X @ $0539 = #$36
A:36 X:36 Y:00 S:F9 P:nvUbdIzC       $DB7B: 85 01     STA $01 = #$F5
A:36 X:36 Y:00 S:F9 P:nvUbdIzC       $DB7D: BD 05 05  LDA $0505,X @ $053B = #$43
A:43 X:36 Y:00 S:F9 P:nvUbdIzC       $DB80: 85 00     STA $00 = #$61
A:43 X:36 Y:00 S:F9 P:nvUbdIzC       $DB82: A9 12     LDA #$12
A:12 X:36 Y:00 S:F9 P:nvUbdIzC       $DB84: 85 03     STA $03 = #$AE
A:12 X:36 Y:00 S:F9 P:nvUbdIzC       $DB86: 85 02     STA $02 = #$35
A:12 X:36 Y:00 S:F9 P:nvUbdIzC       $DB88: 0A        ASL
A:24 X:36 Y:00 S:F9 P:nvUbdIzc       $DB89: 85 05     STA $05 = #$24
A:24 X:36 Y:00 S:F9 P:nvUbdIzc       $DB8B: 85 04     STA $04 = #$24
A:24 X:36 Y:00 S:F9 P:nvUbdIzc       $DB8D: 20 E3 DB  JSR $DBE3
A:24 X:36 Y:00 S:F7 P:nvUbdIzc         $DBE3: A0 00     LDY #$00
A:24 X:36 Y:00 S:F7 P:nvUbdIZc         $DBE5: A9 0C     LDA #$0C
A:0C X:36 Y:00 S:F7 P:nvUbdIzc         $DBE7: 85 07     STA $07 = #$90
A:0C X:36 Y:00 S:F7 P:nvUbdIzc         $DBE9: B9 15 04  LDA $0415,Y @ $0415 = #$00
A:00 X:36 Y:00 S:F7 P:nvUbdIZc         $DBEC: C9 FF     CMP #$FF
A:00 X:36 Y:00 S:F7 P:nvUbdIzc         $DBEE: D0 1D     BNE $DC0D
A:00 X:36 Y:00 S:F7 P:nvUbdIzc         $DC0D: 98        TYA
A:00 X:36 Y:00 S:F7 P:nvUbdIZc         $DC0E: 18        CLC
A:00 X:36 Y:00 S:F7 P:nvUbdIZc         $DC0F: 69 0E     ADC #$0E
A:0E X:36 Y:00 S:F7 P:nvUbdIzc         $DC11: A8        TAY
A:0E X:36 Y:0E S:F7 P:nvUbdIzc         $DC12: C6 07     DEC $07 = #$0C
A:0E X:36 Y:0E S:F7 P:nvUbdIzc         $DC14: D0 D3     BNE $DBE9
A:0E X:36 Y:0E S:F7 P:nvUbdIzc         $DBE9: B9 15 04  LDA $0415,Y @ $0423 = #$00
A:00 X:36 Y:0E S:F7 P:nvUbdIZc         $DBEC: C9 FF     CMP #$FF
A:00 X:36 Y:0E S:F7 P:nvUbdIzc         $DBEE: D0 1D     BNE $DC0D
A:00 X:36 Y:0E S:F7 P:nvUbdIzc         $DC0D: 98        TYA
A:0E X:36 Y:0E S:F7 P:nvUbdIzc         $DC0E: 18        CLC
A:0E X:36 Y:0E S:F7 P:nvUbdIzc         $DC0F: 69 0E     ADC #$0E
A:1C X:36 Y:0E S:F7 P:nvUbdIzc         $DC11: A8        TAY
A:1C X:36 Y:1C S:F7 P:nvUbdIzc         $DC12: C6 07     DEC $07 = #$0B
A:1C X:36 Y:1C S:F7 P:nvUbdIzc         $DC14: D0 D3     BNE $DBE9
A:1C X:36 Y:1C S:F7 P:nvUbdIzc         $DBE9: B9 15 04  LDA $0415,Y @ $0431 = #$00
A:00 X:36 Y:1C S:F7 P:nvUbdIZc         $DBEC: C9 FF     CMP #$FF
A:00 X:36 Y:1C S:F7 P:nvUbdIzc         $DBEE: D0 1D     BNE $DC0D
A:00 X:36 Y:1C S:F7 P:nvUbdIzc         $DC0D: 98        TYA
A:1C X:36 Y:1C S:F7 P:nvUbdIzc         $DC0E: 18        CLC
A:1C X:36 Y:1C S:F7 P:nvUbdIzc         $DC0F: 69 0E     ADC #$0E
A:2A X:36 Y:1C S:F7 P:nvUbdIzc         $DC11: A8        TAY
A:2A X:36 Y:2A S:F7 P:nvUbdIzc         $DC12: C6 07     DEC $07 = #$0A
A:2A X:36 Y:2A S:F7 P:nvUbdIzc         $DC14: D0 D3     BNE $DBE9
A:2A X:36 Y:2A S:F7 P:nvUbdIzc         $DBE9: B9 15 04  LDA $0415,Y @ $043F = #$00
A:00 X:36 Y:2A S:F7 P:nvUbdIZc         $DBEC: C9 FF     CMP #$FF
A:00 X:36 Y:2A S:F7 P:nvUbdIzc         $DBEE: D0 1D     BNE $DC0D
A:00 X:36 Y:2A S:F7 P:nvUbdIzc         $DC0D: 98        TYA
A:2A X:36 Y:2A S:F7 P:nvUbdIzc         $DC0E: 18        CLC
A:2A X:36 Y:2A S:F7 P:nvUbdIzc         $DC0F: 69 0E     ADC #$0E
A:38 X:36 Y:2A S:F7 P:nvUbdIzc         $DC11: A8        TAY
A:38 X:36 Y:38 S:F7 P:nvUbdIzc         $DC12: C6 07     DEC $07 = #$09
A:38 X:36 Y:38 S:F7 P:nvUbdIzc         $DC14: D0 D3     BNE $DBE9
A:38 X:36 Y:38 S:F7 P:nvUbdIzc         $DBE9: B9 15 04  LDA $0415,Y @ $044D = #$00
A:00 X:36 Y:38 S:F7 P:nvUbdIZc         $DBEC: C9 FF     CMP #$FF
A:00 X:36 Y:38 S:F7 P:nvUbdIzc         $DBEE: D0 1D     BNE $DC0D
A:00 X:36 Y:38 S:F7 P:nvUbdIzc         $DC0D: 98        TYA
A:38 X:36 Y:38 S:F7 P:nvUbdIzc         $DC0E: 18        CLC
A:38 X:36 Y:38 S:F7 P:nvUbdIzc         $DC0F: 69 0E     ADC #$0E
A:46 X:36 Y:38 S:F7 P:nvUbdIzc         $DC11: A8        TAY
A:46 X:36 Y:46 S:F7 P:nvUbdIzc         $DC12: C6 07     DEC $07 = #$08
A:46 X:36 Y:46 S:F7 P:nvUbdIzc         $DC14: D0 D3     BNE $DBE9
A:46 X:36 Y:46 S:F7 P:nvUbdIzc         $DBE9: B9 15 04  LDA $0415,Y @ $045B = #$00
A:00 X:36 Y:46 S:F7 P:nvUbdIZc         $DBEC: C9 FF     CMP #$FF
A:00 X:36 Y:46 S:F7 P:nvUbdIzc         $DBEE: D0 1D     BNE $DC0D
A:00 X:36 Y:46 S:F7 P:nvUbdIzc         $DC0D: 98        TYA
A:46 X:36 Y:46 S:F7 P:nvUbdIzc         $DC0E: 18        CLC
A:46 X:36 Y:46 S:F7 P:nvUbdIzc         $DC0F: 69 0E     ADC #$0E
A:54 X:36 Y:46 S:F7 P:nvUbdIzc         $DC11: A8        TAY
A:54 X:36 Y:54 S:F7 P:nvUbdIzc         $DC12: C6 07     DEC $07 = #$07
A:54 X:36 Y:54 S:F7 P:nvUbdIzc         $DC14: D0 D3     BNE $DBE9
A:54 X:36 Y:54 S:F7 P:nvUbdIzc         $DBE9: B9 15 04  LDA $0415,Y @ $0469 = #$00
A:00 X:36 Y:54 S:F7 P:nvUbdIZc         $DBEC: C9 FF     CMP #$FF
A:00 X:36 Y:54 S:F7 P:nvUbdIzc         $DBEE: D0 1D     BNE $DC0D
A:00 X:36 Y:54 S:F7 P:nvUbdIzc         $DC0D: 98        TYA
A:54 X:36 Y:54 S:F7 P:nvUbdIzc         $DC0E: 18        CLC
A:54 X:36 Y:54 S:F7 P:nvUbdIzc         $DC0F: 69 0E     ADC #$0E
A:62 X:36 Y:54 S:F7 P:nvUbdIzc         $DC11: A8        TAY
A:62 X:36 Y:62 S:F7 P:nvUbdIzc         $DC12: C6 07     DEC $07 = #$06
A:62 X:36 Y:62 S:F7 P:nvUbdIzc         $DC14: D0 D3     BNE $DBE9
A:62 X:36 Y:62 S:F7 P:nvUbdIzc         $DBE9: B9 15 04  LDA $0415,Y @ $0477 = #$00
A:00 X:36 Y:62 S:F7 P:nvUbdIZc         $DBEC: C9 FF     CMP #$FF
A:00 X:36 Y:62 S:F7 P:nvUbdIzc         $DBEE: D0 1D     BNE $DC0D
A:00 X:36 Y:62 S:F7 P:nvUbdIzc         $DC0D: 98        TYA
A:62 X:36 Y:62 S:F7 P:nvUbdIzc         $DC0E: 18        CLC
A:62 X:36 Y:62 S:F7 P:nvUbdIzc         $DC0F: 69 0E     ADC #$0E
A:70 X:36 Y:62 S:F7 P:nvUbdIzc         $DC11: A8        TAY
A:70 X:36 Y:70 S:F7 P:nvUbdIzc         $DC12: C6 07     DEC $07 = #$05
A:70 X:36 Y:70 S:F7 P:nvUbdIzc         $DC14: D0 D3     BNE $DBE9
A:70 X:36 Y:70 S:F7 P:nvUbdIzc         $DBE9: B9 15 04  LDA $0415,Y @ $0485 = #$00
A:00 X:36 Y:70 S:F7 P:nvUbdIZc         $DBEC: C9 FF     CMP #$FF
A:00 X:36 Y:70 S:F7 P:nvUbdIzc         $DBEE: D0 1D     BNE $DC0D
A:00 X:36 Y:70 S:F7 P:nvUbdIzc         $DC0D: 98        TYA
A:70 X:36 Y:70 S:F7 P:nvUbdIzc         $DC0E: 18        CLC
A:70 X:36 Y:70 S:F7 P:nvUbdIzc         $DC0F: 69 0E     ADC #$0E
A:7E X:36 Y:70 S:F7 P:nvUbdIzc         $DC11: A8        TAY
A:7E X:36 Y:7E S:F7 P:nvUbdIzc         $DC12: C6 07     DEC $07 = #$04
A:7E X:36 Y:7E S:F7 P:nvUbdIzc         $DC14: D0 D3     BNE $DBE9
A:7E X:36 Y:7E S:F7 P:nvUbdIzc         $DBE9: B9 15 04  LDA $0415,Y @ $0493 = #$00
A:00 X:36 Y:7E S:F7 P:nvUbdIZc         $DBEC: C9 FF     CMP #$FF
A:00 X:36 Y:7E S:F7 P:nvUbdIzc         $DBEE: D0 1D     BNE $DC0D
A:00 X:36 Y:7E S:F7 P:nvUbdIzc         $DC0D: 98        TYA
A:7E X:36 Y:7E S:F7 P:nvUbdIzc         $DC0E: 18        CLC
A:7E X:36 Y:7E S:F7 P:nvUbdIzc         $DC0F: 69 0E     ADC #$0E
A:8C X:36 Y:7E S:F7 P:NVUbdIzc         $DC11: A8        TAY
A:8C X:36 Y:8C S:F7 P:NVUbdIzc         $DC12: C6 07     DEC $07 = #$03
A:8C X:36 Y:8C S:F7 P:nVUbdIzc         $DC14: D0 D3     BNE $DBE9
A:8C X:36 Y:8C S:F7 P:nVUbdIzc         $DBE9: B9 15 04  LDA $0415,Y @ $04A1 = #$00
A:00 X:36 Y:8C S:F7 P:nVUbdIZc         $DBEC: C9 FF     CMP #$FF
A:00 X:36 Y:8C S:F7 P:nVUbdIzc         $DBEE: D0 1D     BNE $DC0D
A:00 X:36 Y:8C S:F7 P:nVUbdIzc         $DC0D: 98        TYA
A:8C X:36 Y:8C S:F7 P:NVUbdIzc         $DC0E: 18        CLC
A:8C X:36 Y:8C S:F7 P:NVUbdIzc         $DC0F: 69 0E     ADC #$0E
A:9A X:36 Y:8C S:F7 P:NvUbdIzc         $DC11: A8        TAY
A:9A X:36 Y:9A S:F7 P:NvUbdIzc         $DC12: C6 07     DEC $07 = #$02
A:9A X:36 Y:9A S:F7 P:nvUbdIzc         $DC14: D0 D3     BNE $DBE9
A:9A X:36 Y:9A S:F7 P:nvUbdIzc         $DBE9: B9 15 04  LDA $0415,Y @ $04AF = #$00
A:00 X:36 Y:9A S:F7 P:nvUbdIZc         $DBEC: C9 FF     CMP #$FF
A:00 X:36 Y:9A S:F7 P:nvUbdIzc         $DBEE: D0 1D     BNE $DC0D
A:00 X:36 Y:9A S:F7 P:nvUbdIzc         $DC0D: 98        TYA
A:9A X:36 Y:9A S:F7 P:NvUbdIzc         $DC0E: 18        CLC
A:9A X:36 Y:9A S:F7 P:NvUbdIzc         $DC0F: 69 0E     ADC #$0E
A:A8 X:36 Y:9A S:F7 P:NvUbdIzc         $DC11: A8        TAY
A:A8 X:36 Y:A8 S:F7 P:NvUbdIzc         $DC12: C6 07     DEC $07 = #$01
A:A8 X:36 Y:A8 S:F7 P:nvUbdIZc         $DC14: D0 D3     BNE $DBE9
A:A8 X:36 Y:A8 S:F7 P:nvUbdIZc         $DC16: A9 00     LDA #$00
A:00 X:36 Y:A8 S:F7 P:nvUbdIZc         $DC18: 60        RTS (from $DBE3) ----------------------------
A:00 X:36 Y:A8 S:F9 P:nvUbdIZc       $DB90: D0 01     BNE $DB93
A:00 X:36 Y:A8 S:F9 P:nvUbdIZc       $DB92: 60        RTS (from $DB72) ----------------------------
A:00 X:36 Y:A8 S:FB P:nvUbdIZc     $D9AC: 20 18 DB  JSR $DB18
A:00 X:36 Y:A8 S:F9 P:nvUbdIZc       $DB18: AD 00 04  LDA $0400 = #$FF
A:FF X:36 Y:A8 S:F9 P:NvUbdIzc       $DB1B: C9 FF     CMP #$FF
A:FF X:36 Y:A8 S:F9 P:nvUbdIZC       $DB1D: D0 52     BNE $DB71
A:FF X:36 Y:A8 S:F9 P:nvUbdIZC       $DB1F: AD 0E 04  LDA $040E = #$00
A:00 X:36 Y:A8 S:F9 P:nvUbdIZC       $DB22: D0 4D     BNE $DB71
A:00 X:36 Y:A8 S:F9 P:nvUbdIZC       $DB24: BD 03 05  LDA $0503,X @ $0539 = #$36
A:36 X:36 Y:A8 S:F9 P:nvUbdIzC       $DB27: 38        SEC
A:36 X:36 Y:A8 S:F9 P:nvUbdIzC       $DB28: ED 03 04  SBC $0403 = #$E9
A:4D X:36 Y:A8 S:F9 P:nvUbdIzc       $DB2B: 18        CLC
A:4D X:36 Y:A8 S:F9 P:nvUbdIzc       $DB2C: 69 09     ADC #$09
A:56 X:36 Y:A8 S:F9 P:nvUbdIzc       $DB2E: C9 13     CMP #$13
A:56 X:36 Y:A8 S:F9 P:nvUbdIzC       $DB30: B0 3F     BCS $DB71
A:56 X:36 Y:A8 S:F9 P:nvUbdIzC       $DB71: 60        RTS (from $DB18) ----------------------------
A:56 X:36 Y:A8 S:FB P:nvUbdIzC     $D9AF: 4C 82 DE  JMP $DE82
A:56 X:36 Y:A8 S:FB P:nvUbdIzC     $DE82: BD 02 05  LDA $0502,X @ $0538 = #$00
A:00 X:36 Y:A8 S:FB P:nvUbdIZC     $DE85: 30 29     BMI $DEB0
A:00 X:36 Y:A8 S:FB P:nvUbdIZC     $DE87: 20 EB C0  JSR $C0EB
A:00 X:36 Y:A8 S:F9 P:nvUbdIZC       $C0EB: 0A        ASL
A:00 X:36 Y:A8 S:F9 P:nvUbdIZc       $C0EC: A8        TAY
A:00 X:36 Y:00 S:F9 P:nvUbdIZc       $C0ED: 68        PLA
A:89 X:36 Y:00 S:FA P:NvUbdIzc      $C0EE: 85 3A     STA $3A = #$EC
A:89 X:36 Y:00 S:FA P:NvUbdIzc      $C0F0: 68        PLA
A:DE X:36 Y:00 S:FB P:NvUbdIzc     $C0F1: 85 3B     STA $3B = #$93
A:DE X:36 Y:00 S:FB P:NvUbdIzc     $C0F3: C8        INY
A:DE X:36 Y:01 S:FB P:nvUbdIzc     $C0F4: 8A        TXA
A:36 X:36 Y:01 S:FB P:nvUbdIzc     $C0F5: 48        PHA
A:36 X:36 Y:01 S:FA P:nvUbdIzc      $C0F6: B1 3A     LDA ($3A),Y @ $DE8A = #$EA
A:EA X:36 Y:01 S:FA P:NvUbdIzc      $C0F8: AA        TAX
A:EA X:EA Y:01 S:FA P:NvUbdIzc      $C0F9: C8        INY
A:EA X:EA Y:02 S:FA P:nvUbdIzc      $C0FA: B1 3A     LDA ($3A),Y @ $DE8B = #$DF
A:DF X:EA Y:02 S:FA P:NvUbdIzc      $C0FC: 85 3B     STA $3B = #$DE
A:DF X:EA Y:02 S:FA P:NvUbdIzc      $C0FE: 86 3A     STX $3A = #$89
A:DF X:EA Y:02 S:FA P:NvUbdIzc      $C100: 68        PLA
A:36 X:EA Y:02 S:FB P:nvUbdIzc     $C101: AA        TAX
A:36 X:36 Y:02 S:FB P:nvUbdIzc     $C102: 6C 3A 00  JMP ($003A) = $DFEA
A:36 X:36 Y:02 S:FB P:nvUbdIzc     $DFEA: BD 0B 05  LDA $050B,X @ $0541 = #$00
A:00 X:36 Y:02 S:FB P:nvUbdIZc     $DFED: 20 EB C0  JSR $C0EB
A:00 X:36 Y:02 S:F9 P:nvUbdIZc       $C0EB: 0A        ASL
A:00 X:36 Y:02 S:F9 P:nvUbdIZc       $C0EC: A8        TAY
A:00 X:36 Y:00 S:F9 P:nvUbdIZc       $C0ED: 68        PLA
A:EF X:36 Y:00 S:FA P:NvUbdIzc      $C0EE: 85 3A     STA $3A = #$EA
A:EF X:36 Y:00 S:FA P:NvUbdIzc      $C0F0: 68        PLA
A:DF X:36 Y:00 S:FB P:NvUbdIzc     $C0F1: 85 3B     STA $3B = #$DF
A:DF X:36 Y:00 S:FB P:NvUbdIzc     $C0F3: C8        INY
A:DF X:36 Y:01 S:FB P:nvUbdIzc     $C0F4: 8A        TXA
A:36 X:36 Y:01 S:FB P:nvUbdIzc     $C0F5: 48        PHA
A:36 X:36 Y:01 S:FA P:nvUbdIzc      $C0F6: B1 3A     LDA ($3A),Y @ $DFF0 = #$F8
A:F8 X:36 Y:01 S:FA P:NvUbdIzc      $C0F8: AA        TAX
A:F8 X:F8 Y:01 S:FA P:NvUbdIzc      $C0F9: C8        INY
A:F8 X:F8 Y:02 S:FA P:nvUbdIzc      $C0FA: B1 3A     LDA ($3A),Y @ $DFF1 = #$DF
A:DF X:F8 Y:02 S:FA P:NvUbdIzc      $C0FC: 85 3B     STA $3B = #$DF
A:DF X:F8 Y:02 S:FA P:NvUbdIzc      $C0FE: 86 3A     STX $3A = #$EF
A:DF X:F8 Y:02 S:FA P:NvUbdIzc      $C100: 68        PLA
A:36 X:F8 Y:02 S:FB P:nvUbdIzc     $C101: AA        TAX
A:36 X:36 Y:02 S:FB P:nvUbdIzc     $C102: 6C 3A 00  JMP ($003A) = $DFF8
A:36 X:36 Y:02 S:FB P:nvUbdIzc     $DFF8: 20 8F E0  JSR $E08F
A:36 X:36 Y:02 S:F9 P:nvUbdIzc       $E08F: FE 0C 05  INC $050C,X @ $0542 = #$1E
A:36 X:36 Y:02 S:F9 P:nvUbdIzc       $E092: BD 0C 05  LDA $050C,X @ $0542 = #$1F
A:1F X:36 Y:02 S:F9 P:nvUbdIzc       $E095: C9 18     CMP #$18
A:1F X:36 Y:02 S:F9 P:nvUbdIzC       $E097: F0 07     BEQ $E0A0
A:1F X:36 Y:02 S:F9 P:nvUbdIzC       $E099: C9 30     CMP #$30
A:1F X:36 Y:02 S:F9 P:NvUbdIzc       $E09B: F0 09     BEQ $E0A6
A:1F X:36 Y:02 S:F9 P:NvUbdIzc       $E09D: B0 00     BCS $E09F
A:1F X:36 Y:02 S:F9 P:NvUbdIzc       $E09F: 60        RTS (from $E08F) ----------------------------
A:1F X:36 Y:02 S:FB P:NvUbdIzc     $DFFB: 20 AF DF  JSR $DFAF
A:1F X:36 Y:02 S:F9 P:NvUbdIzc       $DFAF: 18        CLC
A:1F X:36 Y:02 S:F9 P:NvUbdIzc       $DFB0: BD 04 05  LDA $0504,X @ $053A = #$20
A:20 X:36 Y:02 S:F9 P:nvUbdIzc       $DFB3: 7D 08 05  ADC $0508,X @ $053E = #$C4
A:E4 X:36 Y:02 S:F9 P:NvUbdIzc       $DFB6: 9D 04 05  STA $0504,X @ $053A = #$20
A:E4 X:36 Y:02 S:F9 P:NvUbdIzc       $DFB9: BD 03 05  LDA $0503,X @ $0539 = #$36
A:36 X:36 Y:02 S:F9 P:nvUbdIzc       $DFBC: 7D 07 05  ADC $0507,X @ $053D = #$00
A:36 X:36 Y:02 S:F9 P:nvUbdIzc       $DFBF: 9D 03 05  STA $0503,X @ $0539 = #$36
A:36 X:36 Y:02 S:F9 P:nvUbdIzc       $DFC2: 18        CLC
A:36 X:36 Y:02 S:F9 P:nvUbdIzc       $DFC3: 69 02     ADC #$02
A:38 X:36 Y:02 S:F9 P:nvUbdIzc       $DFC5: C9 05     CMP #$05
A:38 X:36 Y:02 S:F9 P:nvUbdIzC       $DFC7: 90 1B     BCC $DFE4
A:38 X:36 Y:02 S:F9 P:nvUbdIzC       $DFC9: 18        CLC
A:38 X:36 Y:02 S:F9 P:nvUbdIzc       $DFCA: BD 06 05  LDA $0506,X @ $053C = #$14
A:14 X:36 Y:02 S:F9 P:nvUbdIzc       $DFCD: 7D 0A 05  ADC $050A,X @ $0540 = #$DA
A:EE X:36 Y:02 S:F9 P:NvUbdIzc       $DFD0: 9D 06 05  STA $0506,X @ $053C = #$14
A:EE X:36 Y:02 S:F9 P:NvUbdIzc       $DFD3: BD 05 05  LDA $0505,X @ $053B = #$43
A:43 X:36 Y:02 S:F9 P:nvUbdIzc       $DFD6: 7D 09 05  ADC $0509,X @ $053F = #$01
A:44 X:36 Y:02 S:F9 P:nvUbdIzc       $DFD9: 9D 05 05  STA $0505,X @ $053B = #$43
A:44 X:36 Y:02 S:F9 P:nvUbdIzc       $DFDC: 18        CLC
A:44 X:36 Y:02 S:F9 P:nvUbdIzc       $DFDD: 69 02     ADC #$02
A:46 X:36 Y:02 S:F9 P:nvUbdIzc       $DFDF: C9 05     CMP #$05
A:46 X:36 Y:02 S:F9 P:nvUbdIzC       $DFE1: 90 01     BCC $DFE4
A:46 X:36 Y:02 S:F9 P:nvUbdIzC       $DFE3: 60        RTS (from $DFAF) ----------------------------
A:46 X:36 Y:02 S:FB P:nvUbdIzC     $DFFE: A9 04     LDA #$04
A:04 X:36 Y:02 S:FB P:nvUbdIzC     $E000: 20 3F E7  JSR $E73F
A:04 X:36 Y:02 S:F9 P:nvUbdIzC       $E73F: 48        PHA
A:04 X:36 Y:02 S:F8 P:nvUbdIzC        $E740: A9 10     LDA #$10
A:10 X:36 Y:02 S:F8 P:nvUbdIzC        $E742: 4C 6B C0  JMP $C06B
A:10 X:36 Y:02 S:F8 P:nvUbdIzC        $C06B: A0 04     LDY #$04
A:10 X:36 Y:04 S:F8 P:nvUbdIzC        $C06D: 8C 04 C0  STY $C004 = #$04
A:10 X:36 Y:04 S:F8 P:nvUbdIzC        $C070: 0A        ASL
A:20 X:36 Y:04 S:F8 P:nvUbdIzc        $C071: A8        TAY
A:20 X:36 Y:20 S:F8 P:nvUbdIzc        $C072: B9 08 92  LDA $9208,Y @ $9228 = #$5E
A:5E X:36 Y:20 S:F8 P:nvUbdIzc        $C075: 85 3A     STA $3A = #$F8
A:5E X:36 Y:20 S:F8 P:nvUbdIzc        $C077: B9 09 92  LDA $9209,Y @ $9229 = #$93
A:93 X:36 Y:20 S:F8 P:NvUbdIzc        $C07A: 85 3B     STA $3B = #$DF
A:93 X:36 Y:20 S:F8 P:NvUbdIzc        $C07C: 6C 3A 00  JMP ($003A) = $935E
A:93 X:36 Y:20 S:F8 P:NvUbdIzc        $935E: AD 06 92  LDA $9206 = #$21
A:21 X:36 Y:20 S:F8 P:nvUbdIzc        $9361: 85 02     STA $02 = #$12
A:21 X:36 Y:20 S:F8 P:nvUbdIzc        $9363: AD 07 92  LDA $9207 = #$AE
A:AE X:36 Y:20 S:F8 P:NvUbdIzc        $9366: 85 03     STA $03 = #$12
A:AE X:36 Y:20 S:F8 P:NvUbdIzc        $9368: A6 50     LDX $50 = #$36
A:AE X:36 Y:20 S:F8 P:nvUbdIzc        $936A: BD 0F 05  LDA $050F,X @ $0545 = #$02
A:02 X:36 Y:20 S:F8 P:nvUbdIzc        $936D: 4A        LSR
A:01 X:36 Y:20 S:F8 P:nvUbdIzc        $936E: 4A        LSR
A:00 X:36 Y:20 S:F8 P:nvUbdIZC        $936F: 4A        LSR
A:00 X:36 Y:20 S:F8 P:nvUbdIZc        $9370: 29 1E     AND #$1E
A:00 X:36 Y:20 S:F8 P:nvUbdIZc        $9372: A8        TAY
A:00 X:36 Y:00 S:F8 P:nvUbdIZc        $9373: B1 02     LDA ($02),Y @ $AE21 = #$35
A:35 X:36 Y:00 S:F8 P:nvUbdIzc        $9375: 48        PHA
A:35 X:36 Y:00 S:F7 P:nvUbdIzc         $9376: C8        INY
A:35 X:36 Y:01 S:F7 P:nvUbdIzc         $9377: B1 02     LDA ($02),Y @ $AE22 = #$AE
A:AE X:36 Y:01 S:F7 P:NvUbdIzc         $9379: 85 03     STA $03 = #$AE
A:AE X:36 Y:01 S:F7 P:NvUbdIzc         $937B: 68        PLA
A:35 X:36 Y:01 S:F8 P:nvUbdIzc        $937C: 85 02     STA $02 = #$21
A:35 X:36 Y:01 S:F8 P:nvUbdIzc        $937E: 68        PLA
A:04 X:36 Y:01 S:F9 P:nvUbdIzc       $937F: 29 7F     AND #$7F
A:04 X:36 Y:01 S:F9 P:nvUbdIzc       $9381: 0A        ASL
A:08 X:36 Y:01 S:F9 P:nvUbdIzc       $9382: A8        TAY
A:08 X:36 Y:08 S:F9 P:nvUbdIzc       $9383: B1 02     LDA ($02),Y @ $AE3D = #$F5
A:F5 X:36 Y:08 S:F9 P:NvUbdIzc       $9385: 85 01     STA $01 = #$36
A:F5 X:36 Y:08 S:F9 P:NvUbdIzc       $9387: BD 02 05  LDA $0502,X @ $0538 = #$00
A:00 X:36 Y:08 S:F9 P:nvUbdIZc       $938A: 30 06     BMI $9392
A:00 X:36 Y:08 S:F9 P:nvUbdIZc       $938C: C8        INY
A:00 X:36 Y:09 S:F9 P:nvUbdIzc       $938D: B1 02     LDA ($02),Y @ $AE3E = #$82
A:82 X:36 Y:09 S:F9 P:NvUbdIzc       $938F: 4C 9A 93  JMP $939A
A:82 X:36 Y:09 S:F9 P:NvUbdIzc       $939A: A4 51     LDY $51 = #$98
A:82 X:36 Y:98 S:F9 P:NvUbdIzc       $939C: 84 07     STY $07 = #$00
A:82 X:36 Y:98 S:F9 P:NvUbdIzc       $939E: C8        INY
A:82 X:36 Y:99 S:F9 P:NvUbdIzc       $939F: C8        INY
A:82 X:36 Y:9A S:F9 P:NvUbdIzc       $93A0: C8        INY
A:82 X:36 Y:9B S:F9 P:NvUbdIzc       $93A1: C8        INY
A:82 X:36 Y:9C S:F9 P:NvUbdIzc       $93A2: 84 06     STY $06 = #$94
A:82 X:36 Y:9C S:F9 P:NvUbdIzc       $93A4: A4 07     LDY $07 = #$98
A:82 X:36 Y:98 S:F9 P:NvUbdIzc       $93A6: 99 02 02  STA $0202,Y @ $029A = #$00
A:82 X:36 Y:98 S:F9 P:NvUbdIzc       $93A9: A4 06     LDY $06 = #$9C
A:82 X:36 Y:9C S:F9 P:NvUbdIzc       $93AB: 99 02 02  STA $0202,Y @ $029E = #$00
A:82 X:36 Y:9C S:F9 P:NvUbdIzc       $93AE: 2A        ROL
A:04 X:36 Y:9C S:F9 P:nvUbdIzC       $93AF: 2A        ROL
A:09 X:36 Y:9C S:F9 P:nvUbdIzc       $93B0: 2A        ROL
A:12 X:36 Y:9C S:F9 P:nvUbdIzc       $93B1: 29 03     AND #$03
A:02 X:36 Y:9C S:F9 P:nvUbdIzc       $93B3: 48        PHA
A:02 X:36 Y:9C S:F8 P:nvUbdIzc        $93B4: 20 C3 93  JSR $93C3
A:02 X:36 Y:9C S:F6 P:nvUbdIzc          $93C3: A4 51     LDY $51 = #$98
A:02 X:36 Y:98 S:F6 P:NvUbdIzc          $93C5: 84 07     STY $07 = #$98
A:02 X:36 Y:98 S:F6 P:NvUbdIzc          $93C7: C8        INY
A:02 X:36 Y:99 S:F6 P:NvUbdIzc          $93C8: C8        INY
A:02 X:36 Y:9A S:F6 P:NvUbdIzc          $93C9: C8        INY
A:02 X:36 Y:9B S:F6 P:NvUbdIzc          $93CA: C8        INY
A:02 X:36 Y:9C S:F6 P:NvUbdIzc          $93CB: 84 06     STY $06 = #$9C
A:02 X:36 Y:9C S:F6 P:NvUbdIzc          $93CD: BD 03 05  LDA $0503,X @ $0539 = #$36
A:36 X:36 Y:9C S:F6 P:nvUbdIzc          $93D0: A4 06     LDY $06 = #$9C
A:36 X:36 Y:9C S:F6 P:NvUbdIzc          $93D2: 99 03 02  STA $0203,Y @ $029F = #$30
A:36 X:36 Y:9C S:F6 P:NvUbdIzc          $93D5: 18        CLC
A:36 X:36 Y:9C S:F6 P:NvUbdIzc          $93D6: 69 F8     ADC #$F8
A:2E X:36 Y:9C S:F6 P:nvUbdIzC          $93D8: A4 07     LDY $07 = #$98
A:2E X:36 Y:98 S:F6 P:NvUbdIzC          $93DA: 99 03 02  STA $0203,Y @ $029B = #$D8
A:2E X:36 Y:98 S:F6 P:NvUbdIzC          $93DD: BD 05 05  LDA $0505,X @ $053B = #$44
A:44 X:36 Y:98 S:F6 P:nvUbdIzC          $93E0: 18        CLC
A:44 X:36 Y:98 S:F6 P:nvUbdIzc          $93E1: 69 F8     ADC #$F8
A:3C X:36 Y:98 S:F6 P:nvUbdIzC          $93E3: 99 00 02  STA $0200,Y @ $0298 = #$F8
A:3C X:36 Y:98 S:F6 P:nvUbdIzC          $93E6: A4 06     LDY $06 = #$9C
A:3C X:36 Y:9C S:F6 P:NvUbdIzC          $93E8: 99 00 02  STA $0200,Y @ $029C = #$F8
A:3C X:36 Y:9C S:F6 P:NvUbdIzC          $93EB: 60        RTS (from $93C3) ----------------------------
A:3C X:36 Y:9C S:F8 P:NvUbdIzC        $93B7: 68        PLA
A:02 X:36 Y:9C S:F9 P:nvUbdIzC       $93B8: 20 15 94  JSR $9415
A:02 X:36 Y:9C S:F7 P:nvUbdIzC         $9415: 0A        ASL
A:04 X:36 Y:9C S:F7 P:nvUbdIzc         $9416: A8        TAY
A:04 X:36 Y:04 S:F7 P:nvUbdIzc         $9417: 68        PLA
A:BA X:36 Y:04 S:F8 P:NvUbdIzc        $9418: 85 3A     STA $3A = #$5E
A:BA X:36 Y:04 S:F8 P:NvUbdIzc        $941A: 68        PLA
A:93 X:36 Y:04 S:F9 P:NvUbdIzc       $941B: 85 3B     STA $3B = #$93
A:93 X:36 Y:04 S:F9 P:NvUbdIzc       $941D: C8        INY
A:93 X:36 Y:05 S:F9 P:nvUbdIzc       $941E: 8A        TXA
A:36 X:36 Y:05 S:F9 P:nvUbdIzc       $941F: 48        PHA
A:36 X:36 Y:05 S:F8 P:nvUbdIzc        $9420: B1 3A     LDA ($3A),Y @ $93BF = #$EC
A:EC X:36 Y:05 S:F8 P:NvUbdIzc        $9422: AA        TAX
A:EC X:EC Y:05 S:F8 P:NvUbdIzc        $9423: C8        INY
A:EC X:EC Y:06 S:F8 P:nvUbdIzc        $9424: B1 3A     LDA ($3A),Y @ $93C0 = #$93
A:93 X:EC Y:06 S:F8 P:NvUbdIzc        $9426: 85 3B     STA $3B = #$93
A:93 X:EC Y:06 S:F8 P:NvUbdIzc        $9428: 86 3A     STX $3A = #$BA
A:93 X:EC Y:06 S:F8 P:NvUbdIzc        $942A: 68        PLA
A:36 X:EC Y:06 S:F9 P:nvUbdIzc       $942B: AA        TAX
A:36 X:36 Y:06 S:F9 P:nvUbdIzc       $942C: 6C 3A 00  JMP ($003A) = $93EC
A:36 X:36 Y:06 S:F9 P:nvUbdIzc       $93EC: A4 07     LDY $07 = #$98
A:36 X:36 Y:98 S:F9 P:NvUbdIzc       $93EE: A5 01     LDA $01 = #$F5
A:F5 X:36 Y:98 S:F9 P:NvUbdIzc       $93F0: 99 01 02  STA $0201,Y @ $0299 = #$90
A:F5 X:36 Y:98 S:F9 P:NvUbdIzc       $93F3: 18        CLC
A:F5 X:36 Y:98 S:F9 P:NvUbdIzc       $93F4: 69 02     ADC #$02
A:F7 X:36 Y:98 S:F9 P:NvUbdIzc       $93F6: A4 06     LDY $06 = #$9C
A:F7 X:36 Y:9C S:F9 P:NvUbdIzc       $93F8: 99 01 02  STA $0201,Y @ $029D = #$88
A:F7 X:36 Y:9C S:F9 P:NvUbdIzc       $93FB: 4C 0D 94  JMP $940D
A:F7 X:36 Y:9C S:F9 P:NvUbdIzc       $940D: 18        CLC
A:F7 X:36 Y:9C S:F9 P:NvUbdIzc       $940E: A5 51     LDA $51 = #$98
A:98 X:36 Y:9C S:F9 P:NvUbdIzc       $9410: 69 08     ADC #$08
A:A0 X:36 Y:9C S:F9 P:NvUbdIzc       $9412: 85 51     STA $51 = #$98
A:A0 X:36 Y:9C S:F9 P:NvUbdIzc       $9414: 60        RTS (from $E73F) ----------------------------
A:A0 X:36 Y:9C S:FB P:NvUbdIzc     $E003: BD 05 05  LDA $0505,X @ $053B = #$44
A:44 X:36 Y:9C S:FB P:nvUbdIzc     $E006: C9 A0     CMP #$A0
A:44 X:36 Y:9C S:FB P:NvUbdIzc     $E008: B0 67     BCS $E071
A:44 X:36 Y:9C S:FB P:NvUbdIzc     $E00A: 60        RTS (from $D97F) ----------------------------
A:44 X:36 Y:9C S:FD P:NvUbdIzc   $D973: A5 50     LDA $50 = #$36
A:36 X:36 Y:9C S:FD P:nvUbdIzc   $D975: 18        CLC
A:36 X:36 Y:9C S:FD P:nvUbdIzc   $D976: 69 12     ADC #$12
A:48 X:36 Y:9C S:FD P:nvUbdIzc   $D978: 85 50     STA $50 = #$36
A:48 X:36 Y:9C S:FD P:nvUbdIzc   $D97A: C6 0F     DEC $0F = #$09
A:48 X:36 Y:9C S:FD P:nvUbdIzc   $D97C: D0 EB     BNE $D969
A:48 X:36 Y:9C S:FD P:nvUbdIzc   $D969: A6 50     LDX $50 = #$48
A:48 X:48 Y:9C S:FD P:nvUbdIzc   $D96B: BD 00 05  LDA $0500,X @ $0548 = #$00
A:00 X:48 Y:9C S:FD P:nvUbdIZc   $D96E: F0 03     BEQ $D973
A:00 X:48 Y:9C S:FD P:nvUbdIZc   $D973: A5 50     LDA $50 = #$48
A:48 X:48 Y:9C S:FD P:nvUbdIzc   $D975: 18        CLC
A:48 X:48 Y:9C S:FD P:nvUbdIzc   $D976: 69 12     ADC #$12
A:5A X:48 Y:9C S:FD P:nvUbdIzc   $D978: 85 50     STA $50 = #$48
A:5A X:48 Y:9C S:FD P:nvUbdIzc   $D97A: C6 0F     DEC $0F = #$08
A:5A X:48 Y:9C S:FD P:nvUbdIzc   $D97C: D0 EB     BNE $D969
A:5A X:48 Y:9C S:FD P:nvUbdIzc   $D969: A6 50     LDX $50 = #$5A
A:5A X:5A Y:9C S:FD P:nvUbdIzc   $D96B: BD 00 05  LDA $0500,X @ $055A = #$FF
A:FF X:5A Y:9C S:FD P:NvUbdIzc   $D96E: F0 03     BEQ $D973
A:FF X:5A Y:9C S:FD P:NvUbdIzc   $D970: 20 7F D9  JSR $D97F
A:FF X:5A Y:9C S:FB P:NvUbdIzc     $D97F: 48        PHA
A:FF X:5A Y:9C S:FA P:NvUbdIzc      $D980: BD 02 05  LDA $0502,X @ $055C = #$00
A:00 X:5A Y:9C S:FA P:nvUbdIZc      $D983: 29 40     AND #$40
A:00 X:5A Y:9C S:FA P:nvUbdIZc      $D985: F0 03     BEQ $D98A
A:00 X:5A Y:9C S:FA P:nvUbdIZc      $D98A: 68        PLA
A:FF X:5A Y:9C S:FB P:NvUbdIzc     $D98B: C9 FF     CMP #$FF
A:FF X:5A Y:9C S:FB P:nvUbdIZC     $D98D: F0 07     BEQ $D996
A:FF X:5A Y:9C S:FB P:nvUbdIZC     $D996: BD 02 05  LDA $0502,X @ $055C = #$00
A:00 X:5A Y:9C S:FB P:nvUbdIZC     $D999: 29 60     AND #$60
A:00 X:5A Y:9C S:FB P:nvUbdIZC     $D99B: F0 07     BEQ $D9A4
A:00 X:5A Y:9C S:FB P:nvUbdIZC     $D9A4: BD 0B 05  LDA $050B,X @ $0565 = #$00
A:00 X:5A Y:9C S:FB P:nvUbdIZC     $D9A7: F0 09     BEQ $D9B2
A:00 X:5A Y:9C S:FB P:nvUbdIZC     $D9B2: BD 02 05  LDA $0502,X @ $055C = #$00
A:00 X:5A Y:9C S:FB P:nvUbdIZC     $D9B5: 29 0F     AND #$0F
A:00 X:5A Y:9C S:FB P:nvUbdIZC     $D9B7: A8        TAY
A:00 X:5A Y:00 S:FB P:nvUbdIZC     $D9B8: B9 C3 D9  LDA $D9C3,Y @ $D9C3 = #$FF
A:FF X:5A Y:00 S:FB P:NvUbdIzC     $D9BB: D0 EC     BNE $D9A9
A:FF X:5A Y:00 S:FB P:NvUbdIzC     $D9A9: 20 72 DB  JSR $DB72
A:FF X:5A Y:00 S:F9 P:NvUbdIzC       $DB72: A5 22     LDA $22 = #$22
A:22 X:5A Y:00 S:F9 P:nvUbdIzC       $DB74: 29 01     AND #$01
A:00 X:5A Y:00 S:F9 P:nvUbdIZC       $DB76: D0 F9     BNE $DB71
A:00 X:5A Y:00 S:F9 P:nvUbdIZC       $DB78: BD 03 05  LDA $0503,X @ $055D = #$AD
A:AD X:5A Y:00 S:F9 P:NvUbdIzC       $DB7B: 85 01     STA $01 = #$F5
A:AD X:5A Y:00 S:F9 P:NvUbdIzC       $DB7D: BD 05 05  LDA $0505,X @ $055F = #$7C
A:7C X:5A Y:00 S:F9 P:nvUbdIzC       $DB80: 85 00     STA $00 = #$43
A:7C X:5A Y:00 S:F9 P:nvUbdIzC       $DB82: A9 12     LDA #$12
A:12 X:5A Y:00 S:F9 P:nvUbdIzC       $DB84: 85 03     STA $03 = #$AE
A:12 X:5A Y:00 S:F9 P:nvUbdIzC       $DB86: 85 02     STA $02 = #$35
A:12 X:5A Y:00 S:F9 P:nvUbdIzC       $DB88: 0A        ASL
A:24 X:5A Y:00 S:F9 P:nvUbdIzc       $DB89: 85 05     STA $05 = #$24
A:24 X:5A Y:00 S:F9 P:nvUbdIzc       $DB8B: 85 04     STA $04 = #$24
A:24 X:5A Y:00 S:F9 P:nvUbdIzc       $DB8D: 20 E3 DB  JSR $DBE3
A:24 X:5A Y:00 S:F7 P:nvUbdIzc         $DBE3: A0 00     LDY #$00
A:24 X:5A Y:00 S:F7 P:nvUbdIZc         $DBE5: A9 0C     LDA #$0C
A:0C X:5A Y:00 S:F7 P:nvUbdIzc         $DBE7: 85 07     STA $07 = #$98
A:0C X:5A Y:00 S:F7 P:nvUbdIzc         $DBE9: B9 15 04  LDA $0415,Y @ $0415 = #$00
A:00 X:5A Y:00 S:F7 P:nvUbdIZc         $DBEC: C9 FF     CMP #$FF
A:00 X:5A Y:00 S:F7 P:nvUbdIzc         $DBEE: D0 1D     BNE $DC0D
A:00 X:5A Y:00 S:F7 P:nvUbdIzc         $DC0D: 98        TYA
A:00 X:5A Y:00 S:F7 P:nvUbdIZc         $DC0E: 18        CLC
A:00 X:5A Y:00 S:F7 P:nvUbdIZc         $DC0F: 69 0E     ADC #$0E
A:0E X:5A Y:00 S:F7 P:nvUbdIzc         $DC11: A8        TAY
A:0E X:5A Y:0E S:F7 P:nvUbdIzc         $DC12: C6 07     DEC $07 = #$0C
A:0E X:5A Y:0E S:F7 P:nvUbdIzc         $DC14: D0 D3     BNE $DBE9
A:0E X:5A Y:0E S:F7 P:nvUbdIzc         $DBE9: B9 15 04  LDA $0415,Y @ $0423 = #$00
A:00 X:5A Y:0E S:F7 P:nvUbdIZc         $DBEC: C9 FF     CMP #$FF
A:00 X:5A Y:0E S:F7 P:nvUbdIzc         $DBEE: D0 1D     BNE $DC0D
A:00 X:5A Y:0E S:F7 P:nvUbdIzc         $DC0D: 98        TYA
A:0E X:5A Y:0E S:F7 P:nvUbdIzc         $DC0E: 18        CLC
A:0E X:5A Y:0E S:F7 P:nvUbdIzc         $DC0F: 69 0E     ADC #$0E
A:1C X:5A Y:0E S:F7 P:nvUbdIzc         $DC11: A8        TAY
A:1C X:5A Y:1C S:F7 P:nvUbdIzc         $DC12: C6 07     DEC $07 = #$0B
A:1C X:5A Y:1C S:F7 P:nvUbdIzc         $DC14: D0 D3     BNE $DBE9
A:1C X:5A Y:1C S:F7 P:nvUbdIzc         $DBE9: B9 15 04  LDA $0415,Y @ $0431 = #$00
A:00 X:5A Y:1C S:F7 P:nvUbdIZc         $DBEC: C9 FF     CMP #$FF
A:00 X:5A Y:1C S:F7 P:nvUbdIzc         $DBEE: D0 1D     BNE $DC0D
A:00 X:5A Y:1C S:F7 P:nvUbdIzc         $DC0D: 98        TYA
A:1C X:5A Y:1C S:F7 P:nvUbdIzc         $DC0E: 18        CLC
A:1C X:5A Y:1C S:F7 P:nvUbdIzc         $DC0F: 69 0E     ADC #$0E
A:2A X:5A Y:1C S:F7 P:nvUbdIzc         $DC11: A8        TAY
A:2A X:5A Y:2A S:F7 P:nvUbdIzc         $DC12: C6 07     DEC $07 = #$0A
A:2A X:5A Y:2A S:F7 P:nvUbdIzc         $DC14: D0 D3     BNE $DBE9
A:2A X:5A Y:2A S:F7 P:nvUbdIzc         $DBE9: B9 15 04  LDA $0415,Y @ $043F = #$00
A:00 X:5A Y:2A S:F7 P:nvUbdIZc         $DBEC: C9 FF     CMP #$FF
A:00 X:5A Y:2A S:F7 P:nvUbdIzc         $DBEE: D0 1D     BNE $DC0D
A:00 X:5A Y:2A S:F7 P:nvUbdIzc         $DC0D: 98        TYA
A:2A X:5A Y:2A S:F7 P:nvUbdIzc         $DC0E: 18        CLC
A:2A X:5A Y:2A S:F7 P:nvUbdIzc         $DC0F: 69 0E     ADC #$0E
A:38 X:5A Y:2A S:F7 P:nvUbdIzc         $DC11: A8        TAY
A:38 X:5A Y:38 S:F7 P:nvUbdIzc         $DC12: C6 07     DEC $07 = #$09
A:38 X:5A Y:38 S:F7 P:nvUbdIzc         $DC14: D0 D3     BNE $DBE9
A:38 X:5A Y:38 S:F7 P:nvUbdIzc         $DBE9: B9 15 04  LDA $0415,Y @ $044D = #$00
A:00 X:5A Y:38 S:F7 P:nvUbdIZc         $DBEC: C9 FF     CMP #$FF
A:00 X:5A Y:38 S:F7 P:nvUbdIzc         $DBEE: D0 1D     BNE $DC0D
A:00 X:5A Y:38 S:F7 P:nvUbdIzc         $DC0D: 98        TYA
A:38 X:5A Y:38 S:F7 P:nvUbdIzc         $DC0E: 18        CLC
A:38 X:5A Y:38 S:F7 P:nvUbdIzc         $DC0F: 69 0E     ADC #$0E
A:46 X:5A Y:38 S:F7 P:nvUbdIzc         $DC11: A8        TAY
A:46 X:5A Y:46 S:F7 P:nvUbdIzc         $DC12: C6 07     DEC $07 = #$08
A:46 X:5A Y:46 S:F7 P:nvUbdIzc         $DC14: D0 D3     BNE $DBE9
A:46 X:5A Y:46 S:F7 P:nvUbdIzc         $DBE9: B9 15 04  LDA $0415,Y @ $045B = #$00
A:00 X:5A Y:46 S:F7 P:nvUbdIZc         $DBEC: C9 FF     CMP #$FF
A:00 X:5A Y:46 S:F7 P:nvUbdIzc         $DBEE: D0 1D     BNE $DC0D
A:00 X:5A Y:46 S:F7 P:nvUbdIzc         $DC0D: 98        TYA
A:46 X:5A Y:46 S:F7 P:nvUbdIzc         $DC0E: 18        CLC
A:46 X:5A Y:46 S:F7 P:nvUbdIzc         $DC0F: 69 0E     ADC #$0E
A:54 X:5A Y:46 S:F7 P:nvUbdIzc         $DC11: A8        TAY
A:54 X:5A Y:54 S:F7 P:nvUbdIzc         $DC12: C6 07     DEC $07 = #$07
A:54 X:5A Y:54 S:F7 P:nvUbdIzc         $DC14: D0 D3     BNE $DBE9
A:54 X:5A Y:54 S:F7 P:nvUbdIzc         $DBE9: B9 15 04  LDA $0415,Y @ $0469 = #$00
A:00 X:5A Y:54 S:F7 P:nvUbdIZc         $DBEC: C9 FF     CMP #$FF
A:00 X:5A Y:54 S:F7 P:nvUbdIzc         $DBEE: D0 1D     BNE $DC0D
A:00 X:5A Y:54 S:F7 P:nvUbdIzc         $DC0D: 98        TYA
A:54 X:5A Y:54 S:F7 P:nvUbdIzc         $DC0E: 18        CLC
A:54 X:5A Y:54 S:F7 P:nvUbdIzc         $DC0F: 69 0E     ADC #$0E
A:62 X:5A Y:54 S:F7 P:nvUbdIzc         $DC11: A8        TAY
A:62 X:5A Y:62 S:F7 P:nvUbdIzc         $DC12: C6 07     DEC $07 = #$06
A:62 X:5A Y:62 S:F7 P:nvUbdIzc         $DC14: D0 D3     BNE $DBE9
A:62 X:5A Y:62 S:F7 P:nvUbdIzc         $DBE9: B9 15 04  LDA $0415,Y @ $0477 = #$00
A:00 X:5A Y:62 S:F7 P:nvUbdIZc         $DBEC: C9 FF     CMP #$FF
A:00 X:5A Y:62 S:F7 P:nvUbdIzc         $DBEE: D0 1D     BNE $DC0D
A:00 X:5A Y:62 S:F7 P:nvUbdIzc         $DC0D: 98        TYA
A:62 X:5A Y:62 S:F7 P:nvUbdIzc         $DC0E: 18        CLC
A:62 X:5A Y:62 S:F7 P:nvUbdIzc         $DC0F: 69 0E     ADC #$0E
A:70 X:5A Y:62 S:F7 P:nvUbdIzc         $DC11: A8        TAY
A:70 X:5A Y:70 S:F7 P:nvUbdIzc         $DC12: C6 07     DEC $07 = #$05
A:70 X:5A Y:70 S:F7 P:nvUbdIzc         $DC14: D0 D3     BNE $DBE9
A:70 X:5A Y:70 S:F7 P:nvUbdIzc         $DBE9: B9 15 04  LDA $0415,Y @ $0485 = #$00
A:00 X:5A Y:70 S:F7 P:nvUbdIZc         $DBEC: C9 FF     CMP #$FF
A:00 X:5A Y:70 S:F7 P:nvUbdIzc         $DBEE: D0 1D     BNE $DC0D
A:00 X:5A Y:70 S:F7 P:nvUbdIzc         $DC0D: 98        TYA
A:70 X:5A Y:70 S:F7 P:nvUbdIzc         $DC0E: 18        CLC
A:70 X:5A Y:70 S:F7 P:nvUbdIzc         $DC0F: 69 0E     ADC #$0E
A:7E X:5A Y:70 S:F7 P:nvUbdIzc         $DC11: A8        TAY
A:7E X:5A Y:7E S:F7 P:nvUbdIzc         $DC12: C6 07     DEC $07 = #$04
A:7E X:5A Y:7E S:F7 P:nvUbdIzc         $DC14: D0 D3     BNE $DBE9
A:7E X:5A Y:7E S:F7 P:nvUbdIzc         $DBE9: B9 15 04  LDA $0415,Y @ $0493 = #$00
A:00 X:5A Y:7E S:F7 P:nvUbdIZc         $DBEC: C9 FF     CMP #$FF
A:00 X:5A Y:7E S:F7 P:nvUbdIzc         $DBEE: D0 1D     BNE $DC0D
A:00 X:5A Y:7E S:F7 P:nvUbdIzc         $DC0D: 98        TYA
A:7E X:5A Y:7E S:F7 P:nvUbdIzc         $DC0E: 18        CLC
A:7E X:5A Y:7E S:F7 P:nvUbdIzc         $DC0F: 69 0E     ADC #$0E
A:8C X:5A Y:7E S:F7 P:NVUbdIzc         $DC11: A8        TAY
A:8C X:5A Y:8C S:F7 P:NVUbdIzc         $DC12: C6 07     DEC $07 = #$03
A:8C X:5A Y:8C S:F7 P:nVUbdIzc         $DC14: D0 D3     BNE $DBE9
A:8C X:5A Y:8C S:F7 P:nVUbdIzc         $DBE9: B9 15 04  LDA $0415,Y @ $04A1 = #$00
A:00 X:5A Y:8C S:F7 P:nVUbdIZc         $DBEC: C9 FF     CMP #$FF
A:00 X:5A Y:8C S:F7 P:nVUbdIzc         $DBEE: D0 1D     BNE $DC0D
A:00 X:5A Y:8C S:F7 P:nVUbdIzc         $DC0D: 98        TYA
A:8C X:5A Y:8C S:F7 P:NVUbdIzc         $DC0E: 18        CLC
A:8C X:5A Y:8C S:F7 P:NVUbdIzc         $DC0F: 69 0E     ADC #$0E
A:9A X:5A Y:8C S:F7 P:NvUbdIzc         $DC11: A8        TAY
A:9A X:5A Y:9A S:F7 P:NvUbdIzc         $DC12: C6 07     DEC $07 = #$02
A:9A X:5A Y:9A S:F7 P:nvUbdIzc         $DC14: D0 D3     BNE $DBE9
A:9A X:5A Y:9A S:F7 P:nvUbdIzc         $DBE9: B9 15 04  LDA $0415,Y @ $04AF = #$00
A:00 X:5A Y:9A S:F7 P:nvUbdIZc         $DBEC: C9 FF     CMP #$FF
A:00 X:5A Y:9A S:F7 P:nvUbdIzc         $DBEE: D0 1D     BNE $DC0D
A:00 X:5A Y:9A S:F7 P:nvUbdIzc         $DC0D: 98        TYA
A:9A X:5A Y:9A S:F7 P:NvUbdIzc         $DC0E: 18        CLC
A:9A X:5A Y:9A S:F7 P:NvUbdIzc         $DC0F: 69 0E     ADC #$0E
A:A8 X:5A Y:9A S:F7 P:NvUbdIzc         $DC11: A8        TAY
A:A8 X:5A Y:A8 S:F7 P:NvUbdIzc         $DC12: C6 07     DEC $07 = #$01
A:A8 X:5A Y:A8 S:F7 P:nvUbdIZc         $DC14: D0 D3     BNE $DBE9
A:A8 X:5A Y:A8 S:F7 P:nvUbdIZc         $DC16: A9 00     LDA #$00
A:00 X:5A Y:A8 S:F7 P:nvUbdIZc         $DC18: 60        RTS (from $DBE3) ----------------------------
A:00 X:5A Y:A8 S:F9 P:nvUbdIZc       $DB90: D0 01     BNE $DB93
A:00 X:5A Y:A8 S:F9 P:nvUbdIZc       $DB92: 60        RTS (from $DB72) ----------------------------
A:00 X:5A Y:A8 S:FB P:nvUbdIZc     $D9AC: 20 18 DB  JSR $DB18
A:00 X:5A Y:A8 S:F9 P:nvUbdIZc       $DB18: AD 00 04  LDA $0400 = #$FF
A:FF X:5A Y:A8 S:F9 P:NvUbdIzc       $DB1B: C9 FF     CMP #$FF
A:FF X:5A Y:A8 S:F9 P:nvUbdIZC       $DB1D: D0 52     BNE $DB71
A:FF X:5A Y:A8 S:F9 P:nvUbdIZC       $DB1F: AD 0E 04  LDA $040E = #$00
A:00 X:5A Y:A8 S:F9 P:nvUbdIZC       $DB22: D0 4D     BNE $DB71
A:00 X:5A Y:A8 S:F9 P:nvUbdIZC       $DB24: BD 03 05  LDA $0503,X @ $055D = #$AD
A:AD X:5A Y:A8 S:F9 P:NvUbdIzC       $DB27: 38        SEC
A:AD X:5A Y:A8 S:F9 P:NvUbdIzC       $DB28: ED 03 04  SBC $0403 = #$E9
A:C4 X:5A Y:A8 S:F9 P:NvUbdIzc       $DB2B: 18        CLC
A:C4 X:5A Y:A8 S:F9 P:NvUbdIzc       $DB2C: 69 09     ADC #$09
A:CD X:5A Y:A8 S:F9 P:NvUbdIzc       $DB2E: C9 13     CMP #$13
A:CD X:5A Y:A8 S:F9 P:NvUbdIzC       $DB30: B0 3F     BCS $DB71
A:CD X:5A Y:A8 S:F9 P:NvUbdIzC       $DB71: 60        RTS (from $DB18) ----------------------------
A:CD X:5A Y:A8 S:FB P:NvUbdIzC     $D9AF: 4C 82 DE  JMP $DE82
A:CD X:5A Y:A8 S:FB P:NvUbdIzC     $DE82: BD 02 05  LDA $0502,X @ $055C = #$00
A:00 X:5A Y:A8 S:FB P:nvUbdIZC     $DE85: 30 29     BMI $DEB0
A:00 X:5A Y:A8 S:FB P:nvUbdIZC     $DE87: 20 EB C0  JSR $C0EB
A:00 X:5A Y:A8 S:F9 P:nvUbdIZC       $C0EB: 0A        ASL
A:00 X:5A Y:A8 S:F9 P:nvUbdIZc       $C0EC: A8        TAY
A:00 X:5A Y:00 S:F9 P:nvUbdIZc       $C0ED: 68        PLA
A:89 X:5A Y:00 S:FA P:NvUbdIzc      $C0EE: 85 3A     STA $3A = #$EC
A:89 X:5A Y:00 S:FA P:NvUbdIzc      $C0F0: 68        PLA
A:DE X:5A Y:00 S:FB P:NvUbdIzc     $C0F1: 85 3B     STA $3B = #$93
A:DE X:5A Y:00 S:FB P:NvUbdIzc     $C0F3: C8        INY
A:DE X:5A Y:01 S:FB P:nvUbdIzc     $C0F4: 8A        TXA
A:5A X:5A Y:01 S:FB P:nvUbdIzc     $C0F5: 48        PHA
A:5A X:5A Y:01 S:FA P:nvUbdIzc      $C0F6: B1 3A     LDA ($3A),Y @ $DE8A = #$EA
A:EA X:5A Y:01 S:FA P:NvUbdIzc      $C0F8: AA        TAX
A:EA X:EA Y:01 S:FA P:NvUbdIzc      $C0F9: C8        INY
A:EA X:EA Y:02 S:FA P:nvUbdIzc      $C0FA: B1 3A     LDA ($3A),Y @ $DE8B = #$DF
A:DF X:EA Y:02 S:FA P:NvUbdIzc      $C0FC: 85 3B     STA $3B = #$DE
A:DF X:EA Y:02 S:FA P:NvUbdIzc      $C0FE: 86 3A     STX $3A = #$89
A:DF X:EA Y:02 S:FA P:NvUbdIzc      $C100: 68        PLA
A:5A X:EA Y:02 S:FB P:nvUbdIzc     $C101: AA        TAX
A:5A X:5A Y:02 S:FB P:nvUbdIzc     $C102: 6C 3A 00  JMP ($003A) = $DFEA
A:5A X:5A Y:02 S:FB P:nvUbdIzc     $DFEA: BD 0B 05  LDA $050B,X @ $0565 = #$00
A:00 X:5A Y:02 S:FB P:nvUbdIZc     $DFED: 20 EB C0  JSR $C0EB
A:00 X:5A Y:02 S:F9 P:nvUbdIZc       $C0EB: 0A        ASL
A:00 X:5A Y:02 S:F9 P:nvUbdIZc       $C0EC: A8        TAY
A:00 X:5A Y:00 S:F9 P:nvUbdIZc       $C0ED: 68        PLA
A:EF X:5A Y:00 S:FA P:NvUbdIzc      $C0EE: 85 3A     STA $3A = #$EA
A:EF X:5A Y:00 S:FA P:NvUbdIzc      $C0F0: 68        PLA
A:DF X:5A Y:00 S:FB P:NvUbdIzc     $C0F1: 85 3B     STA $3B = #$DF
A:DF X:5A Y:00 S:FB P:NvUbdIzc     $C0F3: C8        INY
A:DF X:5A Y:01 S:FB P:nvUbdIzc     $C0F4: 8A        TXA
A:5A X:5A Y:01 S:FB P:nvUbdIzc     $C0F5: 48        PHA
A:5A X:5A Y:01 S:FA P:nvUbdIzc      $C0F6: B1 3A     LDA ($3A),Y @ $DFF0 = #$F8
A:F8 X:5A Y:01 S:FA P:NvUbdIzc      $C0F8: AA        TAX
A:F8 X:F8 Y:01 S:FA P:NvUbdIzc      $C0F9: C8        INY
A:F8 X:F8 Y:02 S:FA P:nvUbdIzc      $C0FA: B1 3A     LDA ($3A),Y @ $DFF1 = #$DF
A:DF X:F8 Y:02 S:FA P:NvUbdIzc      $C0FC: 85 3B     STA $3B = #$DF
A:DF X:F8 Y:02 S:FA P:NvUbdIzc      $C0FE: 86 3A     STX $3A = #$EF
A:DF X:F8 Y:02 S:FA P:NvUbdIzc      $C100: 68        PLA
A:5A X:F8 Y:02 S:FB P:nvUbdIzc     $C101: AA        TAX
A:5A X:5A Y:02 S:FB P:nvUbdIzc     $C102: 6C 3A 00  JMP ($003A) = $DFF8
A:5A X:5A Y:02 S:FB P:nvUbdIzc     $DFF8: 20 8F E0  JSR $E08F
A:5A X:5A Y:02 S:F9 P:nvUbdIzc       $E08F: FE 0C 05  INC $050C,X @ $0566 = #$3D
A:5A X:5A Y:02 S:F9 P:nvUbdIzc       $E092: BD 0C 05  LDA $050C,X @ $0566 = #$3E
A:3E X:5A Y:02 S:F9 P:nvUbdIzc       $E095: C9 18     CMP #$18
A:3E X:5A Y:02 S:F9 P:nvUbdIzC       $E097: F0 07     BEQ $E0A0
A:3E X:5A Y:02 S:F9 P:nvUbdIzC       $E099: C9 30     CMP #$30
A:3E X:5A Y:02 S:F9 P:nvUbdIzC       $E09B: F0 09     BEQ $E0A6
A:3E X:5A Y:02 S:F9 P:nvUbdIzC       $E09D: B0 00     BCS $E09F
A:3E X:5A Y:02 S:F9 P:nvUbdIzC       $E09F: 60        RTS (from $E08F) ----------------------------
A:3E X:5A Y:02 S:FB P:nvUbdIzC     $DFFB: 20 AF DF  JSR $DFAF
A:3E X:5A Y:02 S:F9 P:nvUbdIzC       $DFAF: 18        CLC
A:3E X:5A Y:02 S:F9 P:nvUbdIzc       $DFB0: BD 04 05  LDA $0504,X @ $055E = #$18
A:18 X:5A Y:02 S:F9 P:nvUbdIzc       $DFB3: 7D 08 05  ADC $0508,X @ $0562 = #$C4
A:DC X:5A Y:02 S:F9 P:NvUbdIzc       $DFB6: 9D 04 05  STA $0504,X @ $055E = #$18
A:DC X:5A Y:02 S:F9 P:NvUbdIzc       $DFB9: BD 03 05  LDA $0503,X @ $055D = #$AD
A:AD X:5A Y:02 S:F9 P:NvUbdIzc       $DFBC: 7D 07 05  ADC $0507,X @ $0561 = #$00
A:AD X:5A Y:02 S:F9 P:NvUbdIzc       $DFBF: 9D 03 05  STA $0503,X @ $055D = #$AD
A:AD X:5A Y:02 S:F9 P:NvUbdIzc       $DFC2: 18        CLC
A:AD X:5A Y:02 S:F9 P:NvUbdIzc       $DFC3: 69 02     ADC #$02
A:AF X:5A Y:02 S:F9 P:NvUbdIzc       $DFC5: C9 05     CMP #$05
A:AF X:5A Y:02 S:F9 P:NvUbdIzC       $DFC7: 90 1B     BCC $DFE4
A:AF X:5A Y:02 S:F9 P:NvUbdIzC       $DFC9: 18        CLC
A:AF X:5A Y:02 S:F9 P:NvUbdIzc       $DFCA: BD 06 05  LDA $0506,X @ $0560 = #$70
A:70 X:5A Y:02 S:F9 P:nvUbdIzc       $DFCD: 7D 0A 05  ADC $050A,X @ $0564 = #$DA
A:4A X:5A Y:02 S:F9 P:nvUbdIzC       $DFD0: 9D 06 05  STA $0506,X @ $0560 = #$70
A:4A X:5A Y:02 S:F9 P:nvUbdIzC       $DFD3: BD 05 05  LDA $0505,X @ $055F = #$7C
A:7C X:5A Y:02 S:F9 P:nvUbdIzC       $DFD6: 7D 09 05  ADC $0509,X @ $0563 = #$01
A:7E X:5A Y:02 S:F9 P:nvUbdIzc       $DFD9: 9D 05 05  STA $0505,X @ $055F = #$7C
A:7E X:5A Y:02 S:F9 P:nvUbdIzc       $DFDC: 18        CLC
A:7E X:5A Y:02 S:F9 P:nvUbdIzc       $DFDD: 69 02     ADC #$02
A:80 X:5A Y:02 S:F9 P:NVUbdIzc       $DFDF: C9 05     CMP #$05
A:80 X:5A Y:02 S:F9 P:nVUbdIzC       $DFE1: 90 01     BCC $DFE4
A:80 X:5A Y:02 S:F9 P:nVUbdIzC       $DFE3: 60        RTS (from $DFAF) ----------------------------
A:80 X:5A Y:02 S:FB P:nVUbdIzC     $DFFE: A9 04     LDA #$04
A:04 X:5A Y:02 S:FB P:nVUbdIzC     $E000: 20 3F E7  JSR $E73F
A:04 X:5A Y:02 S:F9 P:nVUbdIzC       $E73F: 48        PHA
A:04 X:5A Y:02 S:F8 P:nVUbdIzC        $E740: A9 10     LDA #$10
A:10 X:5A Y:02 S:F8 P:nVUbdIzC        $E742: 4C 6B C0  JMP $C06B
A:10 X:5A Y:02 S:F8 P:nVUbdIzC        $C06B: A0 04     LDY #$04
A:10 X:5A Y:04 S:F8 P:nVUbdIzC        $C06D: 8C 04 C0  STY $C004 = #$04
A:10 X:5A Y:04 S:F8 P:nVUbdIzC        $C070: 0A        ASL
A:20 X:5A Y:04 S:F8 P:nVUbdIzc        $C071: A8        TAY
A:20 X:5A Y:20 S:F8 P:nVUbdIzc        $C072: B9 08 92  LDA $9208,Y @ $9228 = #$5E
A:5E X:5A Y:20 S:F8 P:nVUbdIzc        $C075: 85 3A     STA $3A = #$F8
A:5E X:5A Y:20 S:F8 P:nVUbdIzc        $C077: B9 09 92  LDA $9209,Y @ $9229 = #$93
A:93 X:5A Y:20 S:F8 P:NVUbdIzc        $C07A: 85 3B     STA $3B = #$DF
A:93 X:5A Y:20 S:F8 P:NVUbdIzc        $C07C: 6C 3A 00  JMP ($003A) = $935E
A:93 X:5A Y:20 S:F8 P:NVUbdIzc        $935E: AD 06 92  LDA $9206 = #$21
A:21 X:5A Y:20 S:F8 P:nVUbdIzc        $9361: 85 02     STA $02 = #$12
A:21 X:5A Y:20 S:F8 P:nVUbdIzc        $9363: AD 07 92  LDA $9207 = #$AE
A:AE X:5A Y:20 S:F8 P:NVUbdIzc        $9366: 85 03     STA $03 = #$12
A:AE X:5A Y:20 S:F8 P:NVUbdIzc        $9368: A6 50     LDX $50 = #$5A
A:AE X:5A Y:20 S:F8 P:nVUbdIzc        $936A: BD 0F 05  LDA $050F,X @ $0569 = #$02
A:02 X:5A Y:20 S:F8 P:nVUbdIzc        $936D: 4A        LSR
A:01 X:5A Y:20 S:F8 P:nVUbdIzc        $936E: 4A        LSR
A:00 X:5A Y:20 S:F8 P:nVUbdIZC        $936F: 4A        LSR
A:00 X:5A Y:20 S:F8 P:nVUbdIZc        $9370: 29 1E     AND #$1E
A:00 X:5A Y:20 S:F8 P:nVUbdIZc        $9372: A8        TAY
A:00 X:5A Y:00 S:F8 P:nVUbdIZc        $9373: B1 02     LDA ($02),Y @ $AE21 = #$35
A:35 X:5A Y:00 S:F8 P:nVUbdIzc        $9375: 48        PHA
A:35 X:5A Y:00 S:F7 P:nVUbdIzc         $9376: C8        INY
A:35 X:5A Y:01 S:F7 P:nVUbdIzc         $9377: B1 02     LDA ($02),Y @ $AE22 = #$AE
A:AE X:5A Y:01 S:F7 P:NVUbdIzc         $9379: 85 03     STA $03 = #$AE
A:AE X:5A Y:01 S:F7 P:NVUbdIzc         $937B: 68        PLA
A:35 X:5A Y:01 S:F8 P:nVUbdIzc        $937C: 85 02     STA $02 = #$21
A:35 X:5A Y:01 S:F8 P:nVUbdIzc        $937E: 68        PLA
A:04 X:5A Y:01 S:F9 P:nVUbdIzc       $937F: 29 7F     AND #$7F
A:04 X:5A Y:01 S:F9 P:nVUbdIzc       $9381: 0A        ASL
A:08 X:5A Y:01 S:F9 P:nVUbdIzc       $9382: A8        TAY
A:08 X:5A Y:08 S:F9 P:nVUbdIzc       $9383: B1 02     LDA ($02),Y @ $AE3D = #$F5
A:F5 X:5A Y:08 S:F9 P:NVUbdIzc       $9385: 85 01     STA $01 = #$AD
A:F5 X:5A Y:08 S:F9 P:NVUbdIzc       $9387: BD 02 05  LDA $0502,X @ $055C = #$00
A:00 X:5A Y:08 S:F9 P:nVUbdIZc       $938A: 30 06     BMI $9392
A:00 X:5A Y:08 S:F9 P:nVUbdIZc       $938C: C8        INY
A:00 X:5A Y:09 S:F9 P:nVUbdIzc       $938D: B1 02     LDA ($02),Y @ $AE3E = #$82
A:82 X:5A Y:09 S:F9 P:NVUbdIzc       $938F: 4C 9A 93  JMP $939A
A:82 X:5A Y:09 S:F9 P:NVUbdIzc       $939A: A4 51     LDY $51 = #$A0
A:82 X:5A Y:A0 S:F9 P:NVUbdIzc       $939C: 84 07     STY $07 = #$00
A:82 X:5A Y:A0 S:F9 P:NVUbdIzc       $939E: C8        INY
A:82 X:5A Y:A1 S:F9 P:NVUbdIzc       $939F: C8        INY
A:82 X:5A Y:A2 S:F9 P:NVUbdIzc       $93A0: C8        INY
A:82 X:5A Y:A3 S:F9 P:NVUbdIzc       $93A1: C8        INY
A:82 X:5A Y:A4 S:F9 P:NVUbdIzc       $93A2: 84 06     STY $06 = #$9C
A:82 X:5A Y:A4 S:F9 P:NVUbdIzc       $93A4: A4 07     LDY $07 = #$A0
A:82 X:5A Y:A0 S:F9 P:NVUbdIzc       $93A6: 99 02 02  STA $0202,Y @ $02A2 = #$00
A:82 X:5A Y:A0 S:F9 P:NVUbdIzc       $93A9: A4 06     LDY $06 = #$A4
A:82 X:5A Y:A4 S:F9 P:NVUbdIzc       $93AB: 99 02 02  STA $0202,Y @ $02A6 = #$00
A:82 X:5A Y:A4 S:F9 P:NVUbdIzc       $93AE: 2A        ROL
A:04 X:5A Y:A4 S:F9 P:nVUbdIzC       $93AF: 2A        ROL
A:09 X:5A Y:A4 S:F9 P:nVUbdIzc       $93B0: 2A        ROL
A:12 X:5A Y:A4 S:F9 P:nVUbdIzc       $93B1: 29 03     AND #$03
A:02 X:5A Y:A4 S:F9 P:nVUbdIzc       $93B3: 48        PHA
A:02 X:5A Y:A4 S:F8 P:nVUbdIzc        $93B4: 20 C3 93  JSR $93C3
A:02 X:5A Y:A4 S:F6 P:nVUbdIzc          $93C3: A4 51     LDY $51 = #$A0
A:02 X:5A Y:A0 S:F6 P:NVUbdIzc          $93C5: 84 07     STY $07 = #$A0
A:02 X:5A Y:A0 S:F6 P:NVUbdIzc          $93C7: C8        INY
A:02 X:5A Y:A1 S:F6 P:NVUbdIzc          $93C8: C8        INY
A:02 X:5A Y:A2 S:F6 P:NVUbdIzc          $93C9: C8        INY
A:02 X:5A Y:A3 S:F6 P:NVUbdIzc          $93CA: C8        INY
A:02 X:5A Y:A4 S:F6 P:NVUbdIzc          $93CB: 84 06     STY $06 = #$A4
A:02 X:5A Y:A4 S:F6 P:NVUbdIzc          $93CD: BD 03 05  LDA $0503,X @ $055D = #$AD
A:AD X:5A Y:A4 S:F6 P:NVUbdIzc          $93D0: A4 06     LDY $06 = #$A4
A:AD X:5A Y:A4 S:F6 P:NVUbdIzc          $93D2: 99 03 02  STA $0203,Y @ $02A7 = #$40
A:AD X:5A Y:A4 S:F6 P:NVUbdIzc          $93D5: 18        CLC
A:AD X:5A Y:A4 S:F6 P:NVUbdIzc          $93D6: 69 F8     ADC #$F8
A:A5 X:5A Y:A4 S:F6 P:NvUbdIzC          $93D8: A4 07     LDY $07 = #$A0
A:A5 X:5A Y:A0 S:F6 P:NvUbdIzC          $93DA: 99 03 02  STA $0203,Y @ $02A3 = #$38
A:A5 X:5A Y:A0 S:F6 P:NvUbdIzC          $93DD: BD 05 05  LDA $0505,X @ $055F = #$7E
A:7E X:5A Y:A0 S:F6 P:nvUbdIzC          $93E0: 18        CLC
A:7E X:5A Y:A0 S:F6 P:nvUbdIzc          $93E1: 69 F8     ADC #$F8
A:76 X:5A Y:A0 S:F6 P:nvUbdIzC          $93E3: 99 00 02  STA $0200,Y @ $02A0 = #$F8
A:76 X:5A Y:A0 S:F6 P:nvUbdIzC          $93E6: A4 06     LDY $06 = #$A4
A:76 X:5A Y:A4 S:F6 P:NvUbdIzC          $93E8: 99 00 02  STA $0200,Y @ $02A4 = #$F8
A:76 X:5A Y:A4 S:F6 P:NvUbdIzC          $93EB: 60        RTS (from $93C3) ----------------------------
A:76 X:5A Y:A4 S:F8 P:NvUbdIzC        $93B7: 68        PLA
A:02 X:5A Y:A4 S:F9 P:nvUbdIzC       $93B8: 20 15 94  JSR $9415
A:02 X:5A Y:A4 S:F7 P:nvUbdIzC         $9415: 0A        ASL
A:04 X:5A Y:A4 S:F7 P:nvUbdIzc         $9416: A8        TAY
A:04 X:5A Y:04 S:F7 P:nvUbdIzc         $9417: 68        PLA
A:BA X:5A Y:04 S:F8 P:NvUbdIzc        $9418: 85 3A     STA $3A = #$5E
A:BA X:5A Y:04 S:F8 P:NvUbdIzc        $941A: 68        PLA
A:93 X:5A Y:04 S:F9 P:NvUbdIzc       $941B: 85 3B     STA $3B = #$93
A:93 X:5A Y:04 S:F9 P:NvUbdIzc       $941D: C8        INY
A:93 X:5A Y:05 S:F9 P:nvUbdIzc       $941E: 8A        TXA
A:5A X:5A Y:05 S:F9 P:nvUbdIzc       $941F: 48        PHA
A:5A X:5A Y:05 S:F8 P:nvUbdIzc        $9420: B1 3A     LDA ($3A),Y @ $93BF = #$EC
A:EC X:5A Y:05 S:F8 P:NvUbdIzc        $9422: AA        TAX
A:EC X:EC Y:05 S:F8 P:NvUbdIzc        $9423: C8        INY
A:EC X:EC Y:06 S:F8 P:nvUbdIzc        $9424: B1 3A     LDA ($3A),Y @ $93C0 = #$93
A:93 X:EC Y:06 S:F8 P:NvUbdIzc        $9426: 85 3B     STA $3B = #$93
A:93 X:EC Y:06 S:F8 P:NvUbdIzc        $9428: 86 3A     STX $3A = #$BA
A:93 X:EC Y:06 S:F8 P:NvUbdIzc        $942A: 68        PLA
A:5A X:EC Y:06 S:F9 P:nvUbdIzc       $942B: AA        TAX
A:5A X:5A Y:06 S:F9 P:nvUbdIzc       $942C: 6C 3A 00  JMP ($003A) = $93EC
A:5A X:5A Y:06 S:F9 P:nvUbdIzc       $93EC: A4 07     LDY $07 = #$A0
A:5A X:5A Y:A0 S:F9 P:NvUbdIzc       $93EE: A5 01     LDA $01 = #$F5
A:F5 X:5A Y:A0 S:F9 P:NvUbdIzc       $93F0: 99 01 02  STA $0201,Y @ $02A1 = #$7E
A:F5 X:5A Y:A0 S:F9 P:NvUbdIzc       $93F3: 18        CLC
A:F5 X:5A Y:A0 S:F9 P:NvUbdIzc       $93F4: 69 02     ADC #$02
A:F7 X:5A Y:A0 S:F9 P:NvUbdIzc       $93F6: A4 06     LDY $06 = #$A4
A:F7 X:5A Y:A4 S:F9 P:NvUbdIzc       $93F8: 99 01 02  STA $0201,Y @ $02A5 = #$7E
A:F7 X:5A Y:A4 S:F9 P:NvUbdIzc       $93FB: 4C 0D 94  JMP $940D
A:F7 X:5A Y:A4 S:F9 P:NvUbdIzc       $940D: 18        CLC
A:F7 X:5A Y:A4 S:F9 P:NvUbdIzc       $940E: A5 51     LDA $51 = #$A0
A:A0 X:5A Y:A4 S:F9 P:NvUbdIzc       $9410: 69 08     ADC #$08
A:A8 X:5A Y:A4 S:F9 P:NvUbdIzc       $9412: 85 51     STA $51 = #$A0
A:A8 X:5A Y:A4 S:F9 P:NvUbdIzc       $9414: 60        RTS (from $E73F) ----------------------------
A:A8 X:5A Y:A4 S:FB P:NvUbdIzc     $E003: BD 05 05  LDA $0505,X @ $055F = #$7E
A:7E X:5A Y:A4 S:FB P:nvUbdIzc     $E006: C9 A0     CMP #$A0
A:7E X:5A Y:A4 S:FB P:NvUbdIzc     $E008: B0 67     BCS $E071
A:7E X:5A Y:A4 S:FB P:NvUbdIzc     $E00A: 60        RTS (from $D97F) ----------------------------
A:7E X:5A Y:A4 S:FD P:NvUbdIzc   $D973: A5 50     LDA $50 = #$5A
A:5A X:5A Y:A4 S:FD P:nvUbdIzc   $D975: 18        CLC
A:5A X:5A Y:A4 S:FD P:nvUbdIzc   $D976: 69 12     ADC #$12
A:6C X:5A Y:A4 S:FD P:nvUbdIzc   $D978: 85 50     STA $50 = #$5A
A:6C X:5A Y:A4 S:FD P:nvUbdIzc   $D97A: C6 0F     DEC $0F = #$07
A:6C X:5A Y:A4 S:FD P:nvUbdIzc   $D97C: D0 EB     BNE $D969
A:6C X:5A Y:A4 S:FD P:nvUbdIzc   $D969: A6 50     LDX $50 = #$6C
A:6C X:6C Y:A4 S:FD P:nvUbdIzc   $D96B: BD 00 05  LDA $0500,X @ $056C = #$FF
A:FF X:6C Y:A4 S:FD P:NvUbdIzc   $D96E: F0 03     BEQ $D973
A:FF X:6C Y:A4 S:FD P:NvUbdIzc   $D970: 20 7F D9  JSR $D97F
A:FF X:6C Y:A4 S:FB P:NvUbdIzc     $D97F: 48        PHA
A:FF X:6C Y:A4 S:FA P:NvUbdIzc      $D980: BD 02 05  LDA $0502,X @ $056E = #$00
A:00 X:6C Y:A4 S:FA P:nvUbdIZc      $D983: 29 40     AND #$40
A:00 X:6C Y:A4 S:FA P:nvUbdIZc      $D985: F0 03     BEQ $D98A
A:00 X:6C Y:A4 S:FA P:nvUbdIZc      $D98A: 68        PLA
A:FF X:6C Y:A4 S:FB P:NvUbdIzc     $D98B: C9 FF     CMP #$FF
A:FF X:6C Y:A4 S:FB P:nvUbdIZC     $D98D: F0 07     BEQ $D996
A:FF X:6C Y:A4 S:FB P:nvUbdIZC     $D996: BD 02 05  LDA $0502,X @ $056E = #$00
A:00 X:6C Y:A4 S:FB P:nvUbdIZC     $D999: 29 60     AND #$60
A:00 X:6C Y:A4 S:FB P:nvUbdIZC     $D99B: F0 07     BEQ $D9A4
A:00 X:6C Y:A4 S:FB P:nvUbdIZC     $D9A4: BD 0B 05  LDA $050B,X @ $0577 = #$00
A:00 X:6C Y:A4 S:FB P:nvUbdIZC     $D9A7: F0 09     BEQ $D9B2
A:00 X:6C Y:A4 S:FB P:nvUbdIZC     $D9B2: BD 02 05  LDA $0502,X @ $056E = #$00
A:00 X:6C Y:A4 S:FB P:nvUbdIZC     $D9B5: 29 0F     AND #$0F
A:00 X:6C Y:A4 S:FB P:nvUbdIZC     $D9B7: A8        TAY
A:00 X:6C Y:00 S:FB P:nvUbdIZC     $D9B8: B9 C3 D9  LDA $D9C3,Y @ $D9C3 = #$FF
A:FF X:6C Y:00 S:FB P:NvUbdIzC     $D9BB: D0 EC     BNE $D9A9
A:FF X:6C Y:00 S:FB P:NvUbdIzC     $D9A9: 20 72 DB  JSR $DB72
A:FF X:6C Y:00 S:F9 P:NvUbdIzC       $DB72: A5 22     LDA $22 = #$22
A:22 X:6C Y:00 S:F9 P:nvUbdIzC       $DB74: 29 01     AND #$01
A:00 X:6C Y:00 S:F9 P:nvUbdIZC       $DB76: D0 F9     BNE $DB71
A:00 X:6C Y:00 S:F9 P:nvUbdIZC       $DB78: BD 03 05  LDA $0503,X @ $056F = #$A9
A:A9 X:6C Y:00 S:F9 P:NvUbdIzC       $DB7B: 85 01     STA $01 = #$F5
A:A9 X:6C Y:00 S:F9 P:NvUbdIzC       $DB7D: BD 05 05  LDA $0505,X @ $0571 = #$5F
A:5F X:6C Y:00 S:F9 P:nvUbdIzC       $DB80: 85 00     STA $00 = #$7C
A:5F X:6C Y:00 S:F9 P:nvUbdIzC       $DB82: A9 12     LDA #$12
A:12 X:6C Y:00 S:F9 P:nvUbdIzC       $DB84: 85 03     STA $03 = #$AE
A:12 X:6C Y:00 S:F9 P:nvUbdIzC       $DB86: 85 02     STA $02 = #$35
A:12 X:6C Y:00 S:F9 P:nvUbdIzC       $DB88: 0A        ASL
A:24 X:6C Y:00 S:F9 P:nvUbdIzc       $DB89: 85 05     STA $05 = #$24
A:24 X:6C Y:00 S:F9 P:nvUbdIzc       $DB8B: 85 04     STA $04 = #$24
A:24 X:6C Y:00 S:F9 P:nvUbdIzc       $DB8D: 20 E3 DB  JSR $DBE3
A:24 X:6C Y:00 S:F7 P:nvUbdIzc         $DBE3: A0 00     LDY #$00
A:24 X:6C Y:00 S:F7 P:nvUbdIZc         $DBE5: A9 0C     LDA #$0C
A:0C X:6C Y:00 S:F7 P:nvUbdIzc         $DBE7: 85 07     STA $07 = #$A0
A:0C X:6C Y:00 S:F7 P:nvUbdIzc         $DBE9: B9 15 04  LDA $0415,Y @ $0415 = #$00
A:00 X:6C Y:00 S:F7 P:nvUbdIZc         $DBEC: C9 FF     CMP #$FF
A:00 X:6C Y:00 S:F7 P:nvUbdIzc         $DBEE: D0 1D     BNE $DC0D
A:00 X:6C Y:00 S:F7 P:nvUbdIzc         $DC0D: 98        TYA
A:00 X:6C Y:00 S:F7 P:nvUbdIZc         $DC0E: 18        CLC
A:00 X:6C Y:00 S:F7 P:nvUbdIZc         $DC0F: 69 0E     ADC #$0E
A:0E X:6C Y:00 S:F7 P:nvUbdIzc         $DC11: A8        TAY
A:0E X:6C Y:0E S:F7 P:nvUbdIzc         $DC12: C6 07     DEC $07 = #$0C
A:0E X:6C Y:0E S:F7 P:nvUbdIzc         $DC14: D0 D3     BNE $DBE9
A:0E X:6C Y:0E S:F7 P:nvUbdIzc         $DBE9: B9 15 04  LDA $0415,Y @ $0423 = #$00
A:00 X:6C Y:0E S:F7 P:nvUbdIZc         $DBEC: C9 FF     CMP #$FF
A:00 X:6C Y:0E S:F7 P:nvUbdIzc         $DBEE: D0 1D     BNE $DC0D
A:00 X:6C Y:0E S:F7 P:nvUbdIzc         $DC0D: 98        TYA
A:0E X:6C Y:0E S:F7 P:nvUbdIzc         $DC0E: 18        CLC
A:0E X:6C Y:0E S:F7 P:nvUbdIzc         $DC0F: 69 0E     ADC #$0E
A:1C X:6C Y:0E S:F7 P:nvUbdIzc         $DC11: A8        TAY
A:1C X:6C Y:1C S:F7 P:nvUbdIzc         $DC12: C6 07     DEC $07 = #$0B
A:1C X:6C Y:1C S:F7 P:nvUbdIzc         $DC14: D0 D3     BNE $DBE9
A:1C X:6C Y:1C S:F7 P:nvUbdIzc         $DBE9: B9 15 04  LDA $0415,Y @ $0431 = #$00
A:00 X:6C Y:1C S:F7 P:nvUbdIZc         $DBEC: C9 FF     CMP #$FF
A:00 X:6C Y:1C S:F7 P:nvUbdIzc         $DBEE: D0 1D     BNE $DC0D
A:00 X:6C Y:1C S:F7 P:nvUbdIzc         $DC0D: 98        TYA
A:1C X:6C Y:1C S:F7 P:nvUbdIzc         $DC0E: 18        CLC
A:1C X:6C Y:1C S:F7 P:nvUbdIzc         $DC0F: 69 0E     ADC #$0E
A:2A X:6C Y:1C S:F7 P:nvUbdIzc         $DC11: A8        TAY
A:2A X:6C Y:2A S:F7 P:nvUbdIzc         $DC12: C6 07     DEC $07 = #$0A
A:2A X:6C Y:2A S:F7 P:nvUbdIzc         $DC14: D0 D3     BNE $DBE9
A:2A X:6C Y:2A S:F7 P:nvUbdIzc         $DBE9: B9 15 04  LDA $0415,Y @ $043F = #$00
A:00 X:6C Y:2A S:F7 P:nvUbdIZc         $DBEC: C9 FF     CMP #$FF
A:00 X:6C Y:2A S:F7 P:nvUbdIzc         $DBEE: D0 1D     BNE $DC0D
A:00 X:6C Y:2A S:F7 P:nvUbdIzc         $DC0D: 98        TYA
A:2A X:6C Y:2A S:F7 P:nvUbdIzc         $DC0E: 18        CLC
A:2A X:6C Y:2A S:F7 P:nvUbdIzc         $DC0F: 69 0E     ADC #$0E
A:38 X:6C Y:2A S:F7 P:nvUbdIzc         $DC11: A8        TAY
A:38 X:6C Y:38 S:F7 P:nvUbdIzc         $DC12: C6 07     DEC $07 = #$09
A:38 X:6C Y:38 S:F7 P:nvUbdIzc         $DC14: D0 D3     BNE $DBE9
A:38 X:6C Y:38 S:F7 P:nvUbdIzc         $DBE9: B9 15 04  LDA $0415,Y @ $044D = #$00
A:00 X:6C Y:38 S:F7 P:nvUbdIZc         $DBEC: C9 FF     CMP #$FF
A:00 X:6C Y:38 S:F7 P:nvUbdIzc         $DBEE: D0 1D     BNE $DC0D
A:00 X:6C Y:38 S:F7 P:nvUbdIzc         $DC0D: 98        TYA
A:38 X:6C Y:38 S:F7 P:nvUbdIzc         $DC0E: 18        CLC
A:38 X:6C Y:38 S:F7 P:nvUbdIzc         $DC0F: 69 0E     ADC #$0E
A:46 X:6C Y:38 S:F7 P:nvUbdIzc         $DC11: A8        TAY
A:46 X:6C Y:46 S:F7 P:nvUbdIzc         $DC12: C6 07     DEC $07 = #$08
A:46 X:6C Y:46 S:F7 P:nvUbdIzc         $DC14: D0 D3     BNE $DBE9
A:46 X:6C Y:46 S:F7 P:nvUbdIzc         $DBE9: B9 15 04  LDA $0415,Y @ $045B = #$00
A:00 X:6C Y:46 S:F7 P:nvUbdIZc         $DBEC: C9 FF     CMP #$FF
A:00 X:6C Y:46 S:F7 P:nvUbdIzc         $DBEE: D0 1D     BNE $DC0D
A:00 X:6C Y:46 S:F7 P:nvUbdIzc         $DC0D: 98        TYA
A:46 X:6C Y:46 S:F7 P:nvUbdIzc         $DC0E: 18        CLC
A:46 X:6C Y:46 S:F7 P:nvUbdIzc         $DC0F: 69 0E     ADC #$0E
A:54 X:6C Y:46 S:F7 P:nvUbdIzc         $DC11: A8        TAY
A:54 X:6C Y:54 S:F7 P:nvUbdIzc         $DC12: C6 07     DEC $07 = #$07
A:54 X:6C Y:54 S:F7 P:nvUbdIzc         $DC14: D0 D3     BNE $DBE9
A:54 X:6C Y:54 S:F7 P:nvUbdIzc         $DBE9: B9 15 04  LDA $0415,Y @ $0469 = #$00
A:00 X:6C Y:54 S:F7 P:nvUbdIZc         $DBEC: C9 FF     CMP #$FF
A:00 X:6C Y:54 S:F7 P:nvUbdIzc         $DBEE: D0 1D     BNE $DC0D
A:00 X:6C Y:54 S:F7 P:nvUbdIzc         $DC0D: 98        TYA
A:54 X:6C Y:54 S:F7 P:nvUbdIzc         $DC0E: 18        CLC
A:54 X:6C Y:54 S:F7 P:nvUbdIzc         $DC0F: 69 0E     ADC #$0E
A:62 X:6C Y:54 S:F7 P:nvUbdIzc         $DC11: A8        TAY
A:62 X:6C Y:62 S:F7 P:nvUbdIzc         $DC12: C6 07     DEC $07 = #$06
A:62 X:6C Y:62 S:F7 P:nvUbdIzc         $DC14: D0 D3     BNE $DBE9
A:62 X:6C Y:62 S:F7 P:nvUbdIzc         $DBE9: B9 15 04  LDA $0415,Y @ $0477 = #$00
A:00 X:6C Y:62 S:F7 P:nvUbdIZc         $DBEC: C9 FF     CMP #$FF
A:00 X:6C Y:62 S:F7 P:nvUbdIzc         $DBEE: D0 1D     BNE $DC0D
A:00 X:6C Y:62 S:F7 P:nvUbdIzc         $DC0D: 98        TYA
A:62 X:6C Y:62 S:F7 P:nvUbdIzc         $DC0E: 18        CLC
A:62 X:6C Y:62 S:F7 P:nvUbdIzc         $DC0F: 69 0E     ADC #$0E
A:70 X:6C Y:62 S:F7 P:nvUbdIzc         $DC11: A8        TAY
A:70 X:6C Y:70 S:F7 P:nvUbdIzc         $DC12: C6 07     DEC $07 = #$05
A:70 X:6C Y:70 S:F7 P:nvUbdIzc         $DC14: D0 D3     BNE $DBE9
A:70 X:6C Y:70 S:F7 P:nvUbdIzc         $DBE9: B9 15 04  LDA $0415,Y @ $0485 = #$00
A:00 X:6C Y:70 S:F7 P:nvUbdIZc         $DBEC: C9 FF     CMP #$FF
A:00 X:6C Y:70 S:F7 P:nvUbdIzc         $DBEE: D0 1D     BNE $DC0D
A:00 X:6C Y:70 S:F7 P:nvUbdIzc         $DC0D: 98        TYA
A:70 X:6C Y:70 S:F7 P:nvUbdIzc         $DC0E: 18        CLC
A:70 X:6C Y:70 S:F7 P:nvUbdIzc         $DC0F: 69 0E     ADC #$0E
A:7E X:6C Y:70 S:F7 P:nvUbdIzc         $DC11: A8        TAY
A:7E X:6C Y:7E S:F7 P:nvUbdIzc         $DC12: C6 07     DEC $07 = #$04
A:7E X:6C Y:7E S:F7 P:nvUbdIzc         $DC14: D0 D3     BNE $DBE9
A:7E X:6C Y:7E S:F7 P:nvUbdIzc         $DBE9: B9 15 04  LDA $0415,Y @ $0493 = #$00
A:00 X:6C Y:7E S:F7 P:nvUbdIZc         $DBEC: C9 FF     CMP #$FF
A:00 X:6C Y:7E S:F7 P:nvUbdIzc         $DBEE: D0 1D     BNE $DC0D
A:00 X:6C Y:7E S:F7 P:nvUbdIzc         $DC0D: 98        TYA
A:7E X:6C Y:7E S:F7 P:nvUbdIzc         $DC0E: 18        CLC
A:7E X:6C Y:7E S:F7 P:nvUbdIzc         $DC0F: 69 0E     ADC #$0E
A:8C X:6C Y:7E S:F7 P:NVUbdIzc         $DC11: A8        TAY
A:8C X:6C Y:8C S:F7 P:NVUbdIzc         $DC12: C6 07     DEC $07 = #$03
A:8C X:6C Y:8C S:F7 P:nVUbdIzc         $DC14: D0 D3     BNE $DBE9
A:8C X:6C Y:8C S:F7 P:nVUbdIzc         $DBE9: B9 15 04  LDA $0415,Y @ $04A1 = #$00
A:00 X:6C Y:8C S:F7 P:nVUbdIZc         $DBEC: C9 FF     CMP #$FF
A:00 X:6C Y:8C S:F7 P:nVUbdIzc         $DBEE: D0 1D     BNE $DC0D
A:00 X:6C Y:8C S:F7 P:nVUbdIzc         $DC0D: 98        TYA
A:8C X:6C Y:8C S:F7 P:NVUbdIzc         $DC0E: 18        CLC
A:8C X:6C Y:8C S:F7 P:NVUbdIzc         $DC0F: 69 0E     ADC #$0E
A:9A X:6C Y:8C S:F7 P:NvUbdIzc         $DC11: A8        TAY
A:9A X:6C Y:9A S:F7 P:NvUbdIzc         $DC12: C6 07     DEC $07 = #$02
A:9A X:6C Y:9A S:F7 P:nvUbdIzc         $DC14: D0 D3     BNE $DBE9
A:9A X:6C Y:9A S:F7 P:nvUbdIzc         $DBE9: B9 15 04  LDA $0415,Y @ $04AF = #$00
A:00 X:6C Y:9A S:F7 P:nvUbdIZc         $DBEC: C9 FF     CMP #$FF
A:00 X:6C Y:9A S:F7 P:nvUbdIzc         $DBEE: D0 1D     BNE $DC0D
A:00 X:6C Y:9A S:F7 P:nvUbdIzc         $DC0D: 98        TYA
A:9A X:6C Y:9A S:F7 P:NvUbdIzc         $DC0E: 18        CLC
A:9A X:6C Y:9A S:F7 P:NvUbdIzc         $DC0F: 69 0E     ADC #$0E
A:A8 X:6C Y:9A S:F7 P:NvUbdIzc         $DC11: A8        TAY
A:A8 X:6C Y:A8 S:F7 P:NvUbdIzc         $DC12: C6 07     DEC $07 = #$01
A:A8 X:6C Y:A8 S:F7 P:nvUbdIZc         $DC14: D0 D3     BNE $DBE9
A:A8 X:6C Y:A8 S:F7 P:nvUbdIZc         $DC16: A9 00     LDA #$00
A:00 X:6C Y:A8 S:F7 P:nvUbdIZc         $DC18: 60        RTS (from $DBE3) ----------------------------
A:00 X:6C Y:A8 S:F9 P:nvUbdIZc       $DB90: D0 01     BNE $DB93
A:00 X:6C Y:A8 S:F9 P:nvUbdIZc       $DB92: 60        RTS (from $DB72) ----------------------------
A:00 X:6C Y:A8 S:FB P:nvUbdIZc     $D9AC: 20 18 DB  JSR $DB18
A:00 X:6C Y:A8 S:F9 P:nvUbdIZc       $DB18: AD 00 04  LDA $0400 = #$FF
A:FF X:6C Y:A8 S:F9 P:NvUbdIzc       $DB1B: C9 FF     CMP #$FF
A:FF X:6C Y:A8 S:F9 P:nvUbdIZC       $DB1D: D0 52     BNE $DB71
A:FF X:6C Y:A8 S:F9 P:nvUbdIZC       $DB1F: AD 0E 04  LDA $040E = #$00
A:00 X:6C Y:A8 S:F9 P:nvUbdIZC       $DB22: D0 4D     BNE $DB71
A:00 X:6C Y:A8 S:F9 P:nvUbdIZC       $DB24: BD 03 05  LDA $0503,X @ $056F = #$A9
A:A9 X:6C Y:A8 S:F9 P:NvUbdIzC       $DB27: 38        SEC
A:A9 X:6C Y:A8 S:F9 P:NvUbdIzC       $DB28: ED 03 04  SBC $0403 = #$E9
A:C0 X:6C Y:A8 S:F9 P:NvUbdIzc       $DB2B: 18        CLC
A:C0 X:6C Y:A8 S:F9 P:NvUbdIzc       $DB2C: 69 09     ADC #$09
A:C9 X:6C Y:A8 S:F9 P:NvUbdIzc       $DB2E: C9 13     CMP #$13
A:C9 X:6C Y:A8 S:F9 P:NvUbdIzC       $DB30: B0 3F     BCS $DB71
A:C9 X:6C Y:A8 S:F9 P:NvUbdIzC       $DB71: 60        RTS (from $DB18) ----------------------------
A:C9 X:6C Y:A8 S:FB P:NvUbdIzC     $D9AF: 4C 82 DE  JMP $DE82
A:C9 X:6C Y:A8 S:FB P:NvUbdIzC     $DE82: BD 02 05  LDA $0502,X @ $056E = #$00
A:00 X:6C Y:A8 S:FB P:nvUbdIZC     $DE85: 30 29     BMI $DEB0
A:00 X:6C Y:A8 S:FB P:nvUbdIZC     $DE87: 20 EB C0  JSR $C0EB
A:00 X:6C Y:A8 S:F9 P:nvUbdIZC       $C0EB: 0A        ASL
A:00 X:6C Y:A8 S:F9 P:nvUbdIZc       $C0EC: A8        TAY
A:00 X:6C Y:00 S:F9 P:nvUbdIZc       $C0ED: 68        PLA
A:89 X:6C Y:00 S:FA P:NvUbdIzc      $C0EE: 85 3A     STA $3A = #$EC
A:89 X:6C Y:00 S:FA P:NvUbdIzc      $C0F0: 68        PLA
A:DE X:6C Y:00 S:FB P:NvUbdIzc     $C0F1: 85 3B     STA $3B = #$93
A:DE X:6C Y:00 S:FB P:NvUbdIzc     $C0F3: C8        INY
A:DE X:6C Y:01 S:FB P:nvUbdIzc     $C0F4: 8A        TXA
A:6C X:6C Y:01 S:FB P:nvUbdIzc     $C0F5: 48        PHA
A:6C X:6C Y:01 S:FA P:nvUbdIzc      $C0F6: B1 3A     LDA ($3A),Y @ $DE8A = #$EA
A:EA X:6C Y:01 S:FA P:NvUbdIzc      $C0F8: AA        TAX
A:EA X:EA Y:01 S:FA P:NvUbdIzc      $C0F9: C8        INY
A:EA X:EA Y:02 S:FA P:nvUbdIzc      $C0FA: B1 3A     LDA ($3A),Y @ $DE8B = #$DF
A:DF X:EA Y:02 S:FA P:NvUbdIzc      $C0FC: 85 3B     STA $3B = #$DE
A:DF X:EA Y:02 S:FA P:NvUbdIzc      $C0FE: 86 3A     STX $3A = #$89
A:DF X:EA Y:02 S:FA P:NvUbdIzc      $C100: 68        PLA
A:6C X:EA Y:02 S:FB P:nvUbdIzc     $C101: AA        TAX
A:6C X:6C Y:02 S:FB P:nvUbdIzc     $C102: 6C 3A 00  JMP ($003A) = $DFEA
A:6C X:6C Y:02 S:FB P:nvUbdIzc     $DFEA: BD 0B 05  LDA $050B,X @ $0577 = #$00
A:00 X:6C Y:02 S:FB P:nvUbdIZc     $DFED: 20 EB C0  JSR $C0EB
A:00 X:6C Y:02 S:F9 P:nvUbdIZc       $C0EB: 0A        ASL
A:00 X:6C Y:02 S:F9 P:nvUbdIZc       $C0EC: A8        TAY
A:00 X:6C Y:00 S:F9 P:nvUbdIZc       $C0ED: 68        PLA
A:EF X:6C Y:00 S:FA P:NvUbdIzc      $C0EE: 85 3A     STA $3A = #$EA
A:EF X:6C Y:00 S:FA P:NvUbdIzc      $C0F0: 68        PLA
A:DF X:6C Y:00 S:FB P:NvUbdIzc     $C0F1: 85 3B     STA $3B = #$DF
A:DF X:6C Y:00 S:FB P:NvUbdIzc     $C0F3: C8        INY
A:DF X:6C Y:01 S:FB P:nvUbdIzc     $C0F4: 8A        TXA
A:6C X:6C Y:01 S:FB P:nvUbdIzc     $C0F5: 48        PHA
A:6C X:6C Y:01 S:FA P:nvUbdIzc      $C0F6: B1 3A     LDA ($3A),Y @ $DFF0 = #$F8
A:F8 X:6C Y:01 S:FA P:NvUbdIzc      $C0F8: AA        TAX
A:F8 X:F8 Y:01 S:FA P:NvUbdIzc      $C0F9: C8        INY
A:F8 X:F8 Y:02 S:FA P:nvUbdIzc      $C0FA: B1 3A     LDA ($3A),Y @ $DFF1 = #$DF
A:DF X:F8 Y:02 S:FA P:NvUbdIzc      $C0FC: 85 3B     STA $3B = #$DF
A:DF X:F8 Y:02 S:FA P:NvUbdIzc      $C0FE: 86 3A     STX $3A = #$EF
A:DF X:F8 Y:02 S:FA P:NvUbdIzc      $C100: 68        PLA
A:6C X:F8 Y:02 S:FB P:nvUbdIzc     $C101: AA        TAX
A:6C X:6C Y:02 S:FB P:nvUbdIzc     $C102: 6C 3A 00  JMP ($003A) = $DFF8
A:6C X:6C Y:02 S:FB P:nvUbdIzc     $DFF8: 20 8F E0  JSR $E08F
A:6C X:6C Y:02 S:F9 P:nvUbdIzc       $E08F: FE 0C 05  INC $050C,X @ $0578 = #$2D
A:6C X:6C Y:02 S:F9 P:nvUbdIzc       $E092: BD 0C 05  LDA $050C,X @ $0578 = #$2E
A:2E X:6C Y:02 S:F9 P:nvUbdIzc       $E095: C9 18     CMP #$18
A:2E X:6C Y:02 S:F9 P:nvUbdIzC       $E097: F0 07     BEQ $E0A0
A:2E X:6C Y:02 S:F9 P:nvUbdIzC       $E099: C9 30     CMP #$30
A:2E X:6C Y:02 S:F9 P:NvUbdIzc       $E09B: F0 09     BEQ $E0A6
A:2E X:6C Y:02 S:F9 P:NvUbdIzc       $E09D: B0 00     BCS $E09F
A:2E X:6C Y:02 S:F9 P:NvUbdIzc       $E09F: 60        RTS (from $E08F) ----------------------------
A:2E X:6C Y:02 S:FB P:NvUbdIzc     $DFFB: 20 AF DF  JSR $DFAF
A:2E X:6C Y:02 S:F9 P:NvUbdIzc       $DFAF: 18        CLC
A:2E X:6C Y:02 S:F9 P:NvUbdIzc       $DFB0: BD 04 05  LDA $0504,X @ $0570 = #$A2
A:A2 X:6C Y:02 S:F9 P:NvUbdIzc       $DFB3: 7D 08 05  ADC $0508,X @ $0574 = #$C4
A:66 X:6C Y:02 S:F9 P:nVUbdIzC       $DFB6: 9D 04 05  STA $0504,X @ $0570 = #$A2
A:66 X:6C Y:02 S:F9 P:nVUbdIzC       $DFB9: BD 03 05  LDA $0503,X @ $056F = #$A9
A:A9 X:6C Y:02 S:F9 P:NVUbdIzC       $DFBC: 7D 07 05  ADC $0507,X @ $0573 = #$00
A:AA X:6C Y:02 S:F9 P:NvUbdIzc       $DFBF: 9D 03 05  STA $0503,X @ $056F = #$A9
A:AA X:6C Y:02 S:F9 P:NvUbdIzc       $DFC2: 18        CLC
A:AA X:6C Y:02 S:F9 P:NvUbdIzc       $DFC3: 69 02     ADC #$02
A:AC X:6C Y:02 S:F9 P:NvUbdIzc       $DFC5: C9 05     CMP #$05
A:AC X:6C Y:02 S:F9 P:NvUbdIzC       $DFC7: 90 1B     BCC $DFE4
A:AC X:6C Y:02 S:F9 P:NvUbdIzC       $DFC9: 18        CLC
A:AC X:6C Y:02 S:F9 P:NvUbdIzc       $DFCA: BD 06 05  LDA $0506,X @ $0572 = #$84
A:84 X:6C Y:02 S:F9 P:NvUbdIzc       $DFCD: 7D 0A 05  ADC $050A,X @ $0576 = #$DA
A:5E X:6C Y:02 S:F9 P:nVUbdIzC       $DFD0: 9D 06 05  STA $0506,X @ $0572 = #$84
A:5E X:6C Y:02 S:F9 P:nVUbdIzC       $DFD3: BD 05 05  LDA $0505,X @ $0571 = #$5F
A:5F X:6C Y:02 S:F9 P:nVUbdIzC       $DFD6: 7D 09 05  ADC $0509,X @ $0575 = #$01
A:61 X:6C Y:02 S:F9 P:nvUbdIzc       $DFD9: 9D 05 05  STA $0505,X @ $0571 = #$5F
A:61 X:6C Y:02 S:F9 P:nvUbdIzc       $DFDC: 18        CLC
A:61 X:6C Y:02 S:F9 P:nvUbdIzc       $DFDD: 69 02     ADC #$02
A:63 X:6C Y:02 S:F9 P:nvUbdIzc       $DFDF: C9 05     CMP #$05
A:63 X:6C Y:02 S:F9 P:nvUbdIzC       $DFE1: 90 01     BCC $DFE4
A:63 X:6C Y:02 S:F9 P:nvUbdIzC       $DFE3: 60        RTS (from $DFAF) ----------------------------
A:63 X:6C Y:02 S:FB P:nvUbdIzC     $DFFE: A9 04     LDA #$04
A:04 X:6C Y:02 S:FB P:nvUbdIzC     $E000: 20 3F E7  JSR $E73F
A:04 X:6C Y:02 S:F9 P:nvUbdIzC       $E73F: 48        PHA
A:04 X:6C Y:02 S:F8 P:nvUbdIzC        $E740: A9 10     LDA #$10
A:10 X:6C Y:02 S:F8 P:nvUbdIzC        $E742: 4C 6B C0  JMP $C06B
A:10 X:6C Y:02 S:F8 P:nvUbdIzC        $C06B: A0 04     LDY #$04
A:10 X:6C Y:04 S:F8 P:nvUbdIzC        $C06D: 8C 04 C0  STY $C004 = #$04
A:10 X:6C Y:04 S:F8 P:nvUbdIzC        $C070: 0A        ASL
A:20 X:6C Y:04 S:F8 P:nvUbdIzc        $C071: A8        TAY
A:20 X:6C Y:20 S:F8 P:nvUbdIzc        $C072: B9 08 92  LDA $9208,Y @ $9228 = #$5E
A:5E X:6C Y:20 S:F8 P:nvUbdIzc        $C075: 85 3A     STA $3A = #$F8
A:5E X:6C Y:20 S:F8 P:nvUbdIzc        $C077: B9 09 92  LDA $9209,Y @ $9229 = #$93
A:93 X:6C Y:20 S:F8 P:NvUbdIzc        $C07A: 85 3B     STA $3B = #$DF
A:93 X:6C Y:20 S:F8 P:NvUbdIzc        $C07C: 6C 3A 00  JMP ($003A) = $935E
A:93 X:6C Y:20 S:F8 P:NvUbdIzc        $935E: AD 06 92  LDA $9206 = #$21
A:21 X:6C Y:20 S:F8 P:nvUbdIzc        $9361: 85 02     STA $02 = #$12
A:21 X:6C Y:20 S:F8 P:nvUbdIzc        $9363: AD 07 92  LDA $9207 = #$AE
A:AE X:6C Y:20 S:F8 P:NvUbdIzc        $9366: 85 03     STA $03 = #$12
A:AE X:6C Y:20 S:F8 P:NvUbdIzc        $9368: A6 50     LDX $50 = #$6C
A:AE X:6C Y:20 S:F8 P:nvUbdIzc        $936A: BD 0F 05  LDA $050F,X @ $057B = #$02
A:02 X:6C Y:20 S:F8 P:nvUbdIzc        $936D: 4A        LSR
A:01 X:6C Y:20 S:F8 P:nvUbdIzc        $936E: 4A        LSR
A:00 X:6C Y:20 S:F8 P:nvUbdIZC        $936F: 4A        LSR
A:00 X:6C Y:20 S:F8 P:nvUbdIZc        $9370: 29 1E     AND #$1E
A:00 X:6C Y:20 S:F8 P:nvUbdIZc        $9372: A8        TAY
A:00 X:6C Y:00 S:F8 P:nvUbdIZc        $9373: B1 02     LDA ($02),Y @ $AE21 = #$35
A:35 X:6C Y:00 S:F8 P:nvUbdIzc        $9375: 48        PHA
A:35 X:6C Y:00 S:F7 P:nvUbdIzc         $9376: C8        INY
A:35 X:6C Y:01 S:F7 P:nvUbdIzc         $9377: B1 02     LDA ($02),Y @ $AE22 = #$AE
A:AE X:6C Y:01 S:F7 P:NvUbdIzc         $9379: 85 03     STA $03 = #$AE
A:AE X:6C Y:01 S:F7 P:NvUbdIzc         $937B: 68        PLA
A:35 X:6C Y:01 S:F8 P:nvUbdIzc        $937C: 85 02     STA $02 = #$21
A:35 X:6C Y:01 S:F8 P:nvUbdIzc        $937E: 68        PLA
A:04 X:6C Y:01 S:F9 P:nvUbdIzc       $937F: 29 7F     AND #$7F
A:04 X:6C Y:01 S:F9 P:nvUbdIzc       $9381: 0A        ASL
A:08 X:6C Y:01 S:F9 P:nvUbdIzc       $9382: A8        TAY
A:08 X:6C Y:08 S:F9 P:nvUbdIzc       $9383: B1 02     LDA ($02),Y @ $AE3D = #$F5
A:F5 X:6C Y:08 S:F9 P:NvUbdIzc       $9385: 85 01     STA $01 = #$A9
A:F5 X:6C Y:08 S:F9 P:NvUbdIzc       $9387: BD 02 05  LDA $0502,X @ $056E = #$00
A:00 X:6C Y:08 S:F9 P:nvUbdIZc       $938A: 30 06     BMI $9392
A:00 X:6C Y:08 S:F9 P:nvUbdIZc       $938C: C8        INY
A:00 X:6C Y:09 S:F9 P:nvUbdIzc       $938D: B1 02     LDA ($02),Y @ $AE3E = #$82
A:82 X:6C Y:09 S:F9 P:NvUbdIzc       $938F: 4C 9A 93  JMP $939A
A:82 X:6C Y:09 S:F9 P:NvUbdIzc       $939A: A4 51     LDY $51 = #$A8
A:82 X:6C Y:A8 S:F9 P:NvUbdIzc       $939C: 84 07     STY $07 = #$00
A:82 X:6C Y:A8 S:F9 P:NvUbdIzc       $939E: C8        INY
A:82 X:6C Y:A9 S:F9 P:NvUbdIzc       $939F: C8        INY
A:82 X:6C Y:AA S:F9 P:NvUbdIzc       $93A0: C8        INY
A:82 X:6C Y:AB S:F9 P:NvUbdIzc       $93A1: C8        INY
A:82 X:6C Y:AC S:F9 P:NvUbdIzc       $93A2: 84 06     STY $06 = #$A4
A:82 X:6C Y:AC S:F9 P:NvUbdIzc       $93A4: A4 07     LDY $07 = #$A8
A:82 X:6C Y:A8 S:F9 P:NvUbdIzc       $93A6: 99 02 02  STA $0202,Y @ $02AA = #$82
A:82 X:6C Y:A8 S:F9 P:NvUbdIzc       $93A9: A4 06     LDY $06 = #$AC
A:82 X:6C Y:AC S:F9 P:NvUbdIzc       $93AB: 99 02 02  STA $0202,Y @ $02AE = #$82
A:82 X:6C Y:AC S:F9 P:NvUbdIzc       $93AE: 2A        ROL
A:04 X:6C Y:AC S:F9 P:nvUbdIzC       $93AF: 2A        ROL
A:09 X:6C Y:AC S:F9 P:nvUbdIzc       $93B0: 2A        ROL
A:12 X:6C Y:AC S:F9 P:nvUbdIzc       $93B1: 29 03     AND #$03
A:02 X:6C Y:AC S:F9 P:nvUbdIzc       $93B3: 48        PHA
A:02 X:6C Y:AC S:F8 P:nvUbdIzc        $93B4: 20 C3 93  JSR $93C3
A:02 X:6C Y:AC S:F6 P:nvUbdIzc          $93C3: A4 51     LDY $51 = #$A8
A:02 X:6C Y:A8 S:F6 P:NvUbdIzc          $93C5: 84 07     STY $07 = #$A8
A:02 X:6C Y:A8 S:F6 P:NvUbdIzc          $93C7: C8        INY
A:02 X:6C Y:A9 S:F6 P:NvUbdIzc          $93C8: C8        INY
A:02 X:6C Y:AA S:F6 P:NvUbdIzc          $93C9: C8        INY
A:02 X:6C Y:AB S:F6 P:NvUbdIzc          $93CA: C8        INY
A:02 X:6C Y:AC S:F6 P:NvUbdIzc          $93CB: 84 06     STY $06 = #$AC
A:02 X:6C Y:AC S:F6 P:NvUbdIzc          $93CD: BD 03 05  LDA $0503,X @ $056F = #$AA
A:AA X:6C Y:AC S:F6 P:NvUbdIzc          $93D0: A4 06     LDY $06 = #$AC
A:AA X:6C Y:AC S:F6 P:NvUbdIzc          $93D2: 99 03 02  STA $0203,Y @ $02AF = #$A7
A:AA X:6C Y:AC S:F6 P:NvUbdIzc          $93D5: 18        CLC
A:AA X:6C Y:AC S:F6 P:NvUbdIzc          $93D6: 69 F8     ADC #$F8
A:A2 X:6C Y:AC S:F6 P:NvUbdIzC          $93D8: A4 07     LDY $07 = #$A8
A:A2 X:6C Y:A8 S:F6 P:NvUbdIzC          $93DA: 99 03 02  STA $0203,Y @ $02AB = #$9F
A:A2 X:6C Y:A8 S:F6 P:NvUbdIzC          $93DD: BD 05 05  LDA $0505,X @ $0571 = #$61
A:61 X:6C Y:A8 S:F6 P:nvUbdIzC          $93E0: 18        CLC
A:61 X:6C Y:A8 S:F6 P:nvUbdIzc          $93E1: 69 F8     ADC #$F8
A:59 X:6C Y:A8 S:F6 P:nvUbdIzC          $93E3: 99 00 02  STA $0200,Y @ $02A8 = #$F8
A:59 X:6C Y:A8 S:F6 P:nvUbdIzC          $93E6: A4 06     LDY $06 = #$AC
A:59 X:6C Y:AC S:F6 P:NvUbdIzC          $93E8: 99 00 02  STA $0200,Y @ $02AC = #$F8
A:59 X:6C Y:AC S:F6 P:NvUbdIzC          $93EB: 60        RTS (from $93C3) ----------------------------
A:59 X:6C Y:AC S:F8 P:NvUbdIzC        $93B7: 68        PLA
A:02 X:6C Y:AC S:F9 P:nvUbdIzC       $93B8: 20 15 94  JSR $9415
A:02 X:6C Y:AC S:F7 P:nvUbdIzC         $9415: 0A        ASL
A:04 X:6C Y:AC S:F7 P:nvUbdIzc         $9416: A8        TAY
A:04 X:6C Y:04 S:F7 P:nvUbdIzc         $9417: 68        PLA
A:BA X:6C Y:04 S:F8 P:NvUbdIzc        $9418: 85 3A     STA $3A = #$5E
A:BA X:6C Y:04 S:F8 P:NvUbdIzc        $941A: 68        PLA
A:93 X:6C Y:04 S:F9 P:NvUbdIzc       $941B: 85 3B     STA $3B = #$93
A:93 X:6C Y:04 S:F9 P:NvUbdIzc       $941D: C8        INY
A:93 X:6C Y:05 S:F9 P:nvUbdIzc       $941E: 8A        TXA
A:6C X:6C Y:05 S:F9 P:nvUbdIzc       $941F: 48        PHA
A:6C X:6C Y:05 S:F8 P:nvUbdIzc        $9420: B1 3A     LDA ($3A),Y @ $93BF = #$EC
A:EC X:6C Y:05 S:F8 P:NvUbdIzc        $9422: AA        TAX
A:EC X:EC Y:05 S:F8 P:NvUbdIzc        $9423: C8        INY
A:EC X:EC Y:06 S:F8 P:nvUbdIzc        $9424: B1 3A     LDA ($3A),Y @ $93C0 = #$93
A:93 X:EC Y:06 S:F8 P:NvUbdIzc        $9426: 85 3B     STA $3B = #$93
A:93 X:EC Y:06 S:F8 P:NvUbdIzc        $9428: 86 3A     STX $3A = #$BA
A:93 X:EC Y:06 S:F8 P:NvUbdIzc        $942A: 68        PLA
A:6C X:EC Y:06 S:F9 P:nvUbdIzc       $942B: AA        TAX
A:6C X:6C Y:06 S:F9 P:nvUbdIzc       $942C: 6C 3A 00  JMP ($003A) = $93EC
A:6C X:6C Y:06 S:F9 P:nvUbdIzc       $93EC: A4 07     LDY $07 = #$A8
A:6C X:6C Y:A8 S:F9 P:NvUbdIzc       $93EE: A5 01     LDA $01 = #$F5
A:F5 X:6C Y:A8 S:F9 P:NvUbdIzc       $93F0: 99 01 02  STA $0201,Y @ $02A9 = #$F5
A:F5 X:6C Y:A8 S:F9 P:NvUbdIzc       $93F3: 18        CLC
A:F5 X:6C Y:A8 S:F9 P:NvUbdIzc       $93F4: 69 02     ADC #$02
A:F7 X:6C Y:A8 S:F9 P:NvUbdIzc       $93F6: A4 06     LDY $06 = #$AC
A:F7 X:6C Y:AC S:F9 P:NvUbdIzc       $93F8: 99 01 02  STA $0201,Y @ $02AD = #$F7
A:F7 X:6C Y:AC S:F9 P:NvUbdIzc       $93FB: 4C 0D 94  JMP $940D
A:F7 X:6C Y:AC S:F9 P:NvUbdIzc       $940D: 18        CLC
A:F7 X:6C Y:AC S:F9 P:NvUbdIzc       $940E: A5 51     LDA $51 = #$A8
A:A8 X:6C Y:AC S:F9 P:NvUbdIzc       $9410: 69 08     ADC #$08
A:B0 X:6C Y:AC S:F9 P:NvUbdIzc       $9412: 85 51     STA $51 = #$A8
A:B0 X:6C Y:AC S:F9 P:NvUbdIzc       $9414: 60        RTS (from $E73F) ----------------------------
A:B0 X:6C Y:AC S:FB P:NvUbdIzc     $E003: BD 05 05  LDA $0505,X @ $0571 = #$61
A:61 X:6C Y:AC S:FB P:nvUbdIzc     $E006: C9 A0     CMP #$A0
A:61 X:6C Y:AC S:FB P:NvUbdIzc     $E008: B0 67     BCS $E071
A:61 X:6C Y:AC S:FB P:NvUbdIzc     $E00A: 60        RTS (from $D97F) ----------------------------
A:61 X:6C Y:AC S:FD P:NvUbdIzc   $D973: A5 50     LDA $50 = #$6C
A:6C X:6C Y:AC S:FD P:nvUbdIzc   $D975: 18        CLC
A:6C X:6C Y:AC S:FD P:nvUbdIzc   $D976: 69 12     ADC #$12
A:7E X:6C Y:AC S:FD P:nvUbdIzc   $D978: 85 50     STA $50 = #$6C
A:7E X:6C Y:AC S:FD P:nvUbdIzc   $D97A: C6 0F     DEC $0F = #$06
A:7E X:6C Y:AC S:FD P:nvUbdIzc   $D97C: D0 EB     BNE $D969
A:7E X:6C Y:AC S:FD P:nvUbdIzc   $D969: A6 50     LDX $50 = #$7E
A:7E X:7E Y:AC S:FD P:nvUbdIzc   $D96B: BD 00 05  LDA $0500,X @ $057E = #$FF
A:FF X:7E Y:AC S:FD P:NvUbdIzc   $D96E: F0 03     BEQ $D973
A:FF X:7E Y:AC S:FD P:NvUbdIzc   $D970: 20 7F D9  JSR $D97F
A:FF X:7E Y:AC S:FB P:NvUbdIzc     $D97F: 48        PHA
A:FF X:7E Y:AC S:FA P:NvUbdIzc      $D980: BD 02 05  LDA $0502,X @ $0580 = #$00
A:00 X:7E Y:AC S:FA P:nvUbdIZc      $D983: 29 40     AND #$40
A:00 X:7E Y:AC S:FA P:nvUbdIZc      $D985: F0 03     BEQ $D98A
A:00 X:7E Y:AC S:FA P:nvUbdIZc      $D98A: 68        PLA
A:FF X:7E Y:AC S:FB P:NvUbdIzc     $D98B: C9 FF     CMP #$FF
A:FF X:7E Y:AC S:FB P:nvUbdIZC     $D98D: F0 07     BEQ $D996
A:FF X:7E Y:AC S:FB P:nvUbdIZC     $D996: BD 02 05  LDA $0502,X @ $0580 = #$00
A:00 X:7E Y:AC S:FB P:nvUbdIZC     $D999: 29 60     AND #$60
A:00 X:7E Y:AC S:FB P:nvUbdIZC     $D99B: F0 07     BEQ $D9A4
A:00 X:7E Y:AC S:FB P:nvUbdIZC     $D9A4: BD 0B 05  LDA $050B,X @ $0589 = #$00
A:00 X:7E Y:AC S:FB P:nvUbdIZC     $D9A7: F0 09     BEQ $D9B2
A:00 X:7E Y:AC S:FB P:nvUbdIZC     $D9B2: BD 02 05  LDA $0502,X @ $0580 = #$00
A:00 X:7E Y:AC S:FB P:nvUbdIZC     $D9B5: 29 0F     AND #$0F
A:00 X:7E Y:AC S:FB P:nvUbdIZC     $D9B7: A8        TAY
A:00 X:7E Y:00 S:FB P:nvUbdIZC     $D9B8: B9 C3 D9  LDA $D9C3,Y @ $D9C3 = #$FF
A:FF X:7E Y:00 S:FB P:NvUbdIzC     $D9BB: D0 EC     BNE $D9A9
A:FF X:7E Y:00 S:FB P:NvUbdIzC     $D9A9: 20 72 DB  JSR $DB72
A:FF X:7E Y:00 S:F9 P:NvUbdIzC       $DB72: A5 22     LDA $22 = #$22
A:22 X:7E Y:00 S:F9 P:nvUbdIzC       $DB74: 29 01     AND #$01
A:00 X:7E Y:00 S:F9 P:nvUbdIZC       $DB76: D0 F9     BNE $DB71
A:00 X:7E Y:00 S:F9 P:nvUbdIZC       $DB78: BD 03 05  LDA $0503,X @ $0581 = #$B3
A:B3 X:7E Y:00 S:F9 P:NvUbdIzC       $DB7B: 85 01     STA $01 = #$F5
A:B3 X:7E Y:00 S:F9 P:NvUbdIzC       $DB7D: BD 05 05  LDA $0505,X @ $0583 = #$42
A:42 X:7E Y:00 S:F9 P:nvUbdIzC       $DB80: 85 00     STA $00 = #$5F
A:42 X:7E Y:00 S:F9 P:nvUbdIzC       $DB82: A9 12     LDA #$12
A:12 X:7E Y:00 S:F9 P:nvUbdIzC       $DB84: 85 03     STA $03 = #$AE
A:12 X:7E Y:00 S:F9 P:nvUbdIzC       $DB86: 85 02     STA $02 = #$35
A:12 X:7E Y:00 S:F9 P:nvUbdIzC       $DB88: 0A        ASL
A:24 X:7E Y:00 S:F9 P:nvUbdIzc       $DB89: 85 05     STA $05 = #$24
A:24 X:7E Y:00 S:F9 P:nvUbdIzc       $DB8B: 85 04     STA $04 = #$24
A:24 X:7E Y:00 S:F9 P:nvUbdIzc       $DB8D: 20 E3 DB  JSR $DBE3
A:24 X:7E Y:00 S:F7 P:nvUbdIzc         $DBE3: A0 00     LDY #$00
A:24 X:7E Y:00 S:F7 P:nvUbdIZc         $DBE5: A9 0C     LDA #$0C
A:0C X:7E Y:00 S:F7 P:nvUbdIzc         $DBE7: 85 07     STA $07 = #$A8
A:0C X:7E Y:00 S:F7 P:nvUbdIzc         $DBE9: B9 15 04  LDA $0415,Y @ $0415 = #$00
A:00 X:7E Y:00 S:F7 P:nvUbdIZc         $DBEC: C9 FF     CMP #$FF
A:00 X:7E Y:00 S:F7 P:nvUbdIzc         $DBEE: D0 1D     BNE $DC0D
A:00 X:7E Y:00 S:F7 P:nvUbdIzc         $DC0D: 98        TYA
A:00 X:7E Y:00 S:F7 P:nvUbdIZc         $DC0E: 18        CLC
A:00 X:7E Y:00 S:F7 P:nvUbdIZc         $DC0F: 69 0E     ADC #$0E
A:0E X:7E Y:00 S:F7 P:nvUbdIzc         $DC11: A8        TAY
A:0E X:7E Y:0E S:F7 P:nvUbdIzc         $DC12: C6 07     DEC $07 = #$0C
A:0E X:7E Y:0E S:F7 P:nvUbdIzc         $DC14: D0 D3     BNE $DBE9
A:0E X:7E Y:0E S:F7 P:nvUbdIzc         $DBE9: B9 15 04  LDA $0415,Y @ $0423 = #$00
A:00 X:7E Y:0E S:F7 P:nvUbdIZc         $DBEC: C9 FF     CMP #$FF
A:00 X:7E Y:0E S:F7 P:nvUbdIzc         $DBEE: D0 1D     BNE $DC0D
A:00 X:7E Y:0E S:F7 P:nvUbdIzc         $DC0D: 98        TYA
A:0E X:7E Y:0E S:F7 P:nvUbdIzc         $DC0E: 18        CLC
A:0E X:7E Y:0E S:F7 P:nvUbdIzc         $DC0F: 69 0E     ADC #$0E
A:1C X:7E Y:0E S:F7 P:nvUbdIzc         $DC11: A8        TAY
A:1C X:7E Y:1C S:F7 P:nvUbdIzc         $DC12: C6 07     DEC $07 = #$0B
A:1C X:7E Y:1C S:F7 P:nvUbdIzc         $DC14: D0 D3     BNE $DBE9
A:1C X:7E Y:1C S:F7 P:nvUbdIzc         $DBE9: B9 15 04  LDA $0415,Y @ $0431 = #$00
A:00 X:7E Y:1C S:F7 P:nvUbdIZc         $DBEC: C9 FF     CMP #$FF
A:00 X:7E Y:1C S:F7 P:nvUbdIzc         $DBEE: D0 1D     BNE $DC0D
A:00 X:7E Y:1C S:F7 P:nvUbdIzc         $DC0D: 98        TYA
A:1C X:7E Y:1C S:F7 P:nvUbdIzc         $DC0E: 18        CLC
A:1C X:7E Y:1C S:F7 P:nvUbdIzc         $DC0F: 69 0E     ADC #$0E
A:2A X:7E Y:1C S:F7 P:nvUbdIzc         $DC11: A8        TAY
A:2A X:7E Y:2A S:F7 P:nvUbdIzc         $DC12: C6 07     DEC $07 = #$0A
A:2A X:7E Y:2A S:F7 P:nvUbdIzc         $DC14: D0 D3     BNE $DBE9
A:2A X:7E Y:2A S:F7 P:nvUbdIzc         $DBE9: B9 15 04  LDA $0415,Y @ $043F = #$00
A:00 X:7E Y:2A S:F7 P:nvUbdIZc         $DBEC: C9 FF     CMP #$FF
A:00 X:7E Y:2A S:F7 P:nvUbdIzc         $DBEE: D0 1D     BNE $DC0D
A:00 X:7E Y:2A S:F7 P:nvUbdIzc         $DC0D: 98        TYA
A:2A X:7E Y:2A S:F7 P:nvUbdIzc         $DC0E: 18        CLC
A:2A X:7E Y:2A S:F7 P:nvUbdIzc         $DC0F: 69 0E     ADC #$0E
A:38 X:7E Y:2A S:F7 P:nvUbdIzc         $DC11: A8        TAY
A:38 X:7E Y:38 S:F7 P:nvUbdIzc         $DC12: C6 07     DEC $07 = #$09
A:38 X:7E Y:38 S:F7 P:nvUbdIzc         $DC14: D0 D3     BNE $DBE9
A:38 X:7E Y:38 S:F7 P:nvUbdIzc         $DBE9: B9 15 04  LDA $0415,Y @ $044D = #$00
A:00 X:7E Y:38 S:F7 P:nvUbdIZc         $DBEC: C9 FF     CMP #$FF
A:00 X:7E Y:38 S:F7 P:nvUbdIzc         $DBEE: D0 1D     BNE $DC0D
A:00 X:7E Y:38 S:F7 P:nvUbdIzc         $DC0D: 98        TYA
A:38 X:7E Y:38 S:F7 P:nvUbdIzc         $DC0E: 18        CLC
A:38 X:7E Y:38 S:F7 P:nvUbdIzc         $DC0F: 69 0E     ADC #$0E
A:46 X:7E Y:38 S:F7 P:nvUbdIzc         $DC11: A8        TAY
A:46 X:7E Y:46 S:F7 P:nvUbdIzc         $DC12: C6 07     DEC $07 = #$08
A:46 X:7E Y:46 S:F7 P:nvUbdIzc         $DC14: D0 D3     BNE $DBE9
A:46 X:7E Y:46 S:F7 P:nvUbdIzc         $DBE9: B9 15 04  LDA $0415,Y @ $045B = #$00
A:00 X:7E Y:46 S:F7 P:nvUbdIZc         $DBEC: C9 FF     CMP #$FF
A:00 X:7E Y:46 S:F7 P:nvUbdIzc         $DBEE: D0 1D     BNE $DC0D
A:00 X:7E Y:46 S:F7 P:nvUbdIzc         $DC0D: 98        TYA
A:46 X:7E Y:46 S:F7 P:nvUbdIzc         $DC0E: 18        CLC
A:46 X:7E Y:46 S:F7 P:nvUbdIzc         $DC0F: 69 0E     ADC #$0E
A:54 X:7E Y:46 S:F7 P:nvUbdIzc         $DC11: A8        TAY
A:54 X:7E Y:54 S:F7 P:nvUbdIzc         $DC12: C6 07     DEC $07 = #$07
A:54 X:7E Y:54 S:F7 P:nvUbdIzc         $DC14: D0 D3     BNE $DBE9
A:54 X:7E Y:54 S:F7 P:nvUbdIzc         $DBE9: B9 15 04  LDA $0415,Y @ $0469 = #$00
A:00 X:7E Y:54 S:F7 P:nvUbdIZc         $DBEC: C9 FF     CMP #$FF
A:00 X:7E Y:54 S:F7 P:nvUbdIzc         $DBEE: D0 1D     BNE $DC0D
A:00 X:7E Y:54 S:F7 P:nvUbdIzc         $DC0D: 98        TYA
A:54 X:7E Y:54 S:F7 P:nvUbdIzc         $DC0E: 18        CLC
A:54 X:7E Y:54 S:F7 P:nvUbdIzc         $DC0F: 69 0E     ADC #$0E
A:62 X:7E Y:54 S:F7 P:nvUbdIzc         $DC11: A8        TAY
A:62 X:7E Y:62 S:F7 P:nvUbdIzc         $DC12: C6 07     DEC $07 = #$06
A:62 X:7E Y:62 S:F7 P:nvUbdIzc         $DC14: D0 D3     BNE $DBE9
A:62 X:7E Y:62 S:F7 P:nvUbdIzc         $DBE9: B9 15 04  LDA $0415,Y @ $0477 = #$00
A:00 X:7E Y:62 S:F7 P:nvUbdIZc         $DBEC: C9 FF     CMP #$FF
A:00 X:7E Y:62 S:F7 P:nvUbdIzc         $DBEE: D0 1D     BNE $DC0D
A:00 X:7E Y:62 S:F7 P:nvUbdIzc         $DC0D: 98        TYA
A:62 X:7E Y:62 S:F7 P:nvUbdIzc         $DC0E: 18        CLC
A:62 X:7E Y:62 S:F7 P:nvUbdIzc         $DC0F: 69 0E     ADC #$0E
A:70 X:7E Y:62 S:F7 P:nvUbdIzc         $DC11: A8        TAY
A:70 X:7E Y:70 S:F7 P:nvUbdIzc         $DC12: C6 07     DEC $07 = #$05
A:70 X:7E Y:70 S:F7 P:nvUbdIzc         $DC14: D0 D3     BNE $DBE9
A:70 X:7E Y:70 S:F7 P:nvUbdIzc         $DBE9: B9 15 04  LDA $0415,Y @ $0485 = #$00
A:00 X:7E Y:70 S:F7 P:nvUbdIZc         $DBEC: C9 FF     CMP #$FF
A:00 X:7E Y:70 S:F7 P:nvUbdIzc         $DBEE: D0 1D     BNE $DC0D
A:00 X:7E Y:70 S:F7 P:nvUbdIzc         $DC0D: 98        TYA
A:70 X:7E Y:70 S:F7 P:nvUbdIzc         $DC0E: 18        CLC
A:70 X:7E Y:70 S:F7 P:nvUbdIzc         $DC0F: 69 0E     ADC #$0E
A:7E X:7E Y:70 S:F7 P:nvUbdIzc         $DC11: A8        TAY
A:7E X:7E Y:7E S:F7 P:nvUbdIzc         $DC12: C6 07     DEC $07 = #$04
A:7E X:7E Y:7E S:F7 P:nvUbdIzc         $DC14: D0 D3     BNE $DBE9
A:7E X:7E Y:7E S:F7 P:nvUbdIzc         $DBE9: B9 15 04  LDA $0415,Y @ $0493 = #$00
A:00 X:7E Y:7E S:F7 P:nvUbdIZc         $DBEC: C9 FF     CMP #$FF
A:00 X:7E Y:7E S:F7 P:nvUbdIzc         $DBEE: D0 1D     BNE $DC0D
A:00 X:7E Y:7E S:F7 P:nvUbdIzc         $DC0D: 98        TYA
A:7E X:7E Y:7E S:F7 P:nvUbdIzc         $DC0E: 18        CLC
A:7E X:7E Y:7E S:F7 P:nvUbdIzc         $DC0F: 69 0E     ADC #$0E
A:8C X:7E Y:7E S:F7 P:NVUbdIzc         $DC11: A8        TAY
A:8C X:7E Y:8C S:F7 P:NVUbdIzc         $DC12: C6 07     DEC $07 = #$03
A:8C X:7E Y:8C S:F7 P:nVUbdIzc         $DC14: D0 D3     BNE $DBE9
A:8C X:7E Y:8C S:F7 P:nVUbdIzc         $DBE9: B9 15 04  LDA $0415,Y @ $04A1 = #$00
A:00 X:7E Y:8C S:F7 P:nVUbdIZc         $DBEC: C9 FF     CMP #$FF
A:00 X:7E Y:8C S:F7 P:nVUbdIzc         $DBEE: D0 1D     BNE $DC0D
A:00 X:7E Y:8C S:F7 P:nVUbdIzc         $DC0D: 98        TYA
A:8C X:7E Y:8C S:F7 P:NVUbdIzc         $DC0E: 18        CLC
A:8C X:7E Y:8C S:F7 P:NVUbdIzc         $DC0F: 69 0E     ADC #$0E
A:9A X:7E Y:8C S:F7 P:NvUbdIzc         $DC11: A8        TAY
A:9A X:7E Y:9A S:F7 P:NvUbdIzc         $DC12: C6 07     DEC $07 = #$02
A:9A X:7E Y:9A S:F7 P:nvUbdIzc         $DC14: D0 D3     BNE $DBE9
A:9A X:7E Y:9A S:F7 P:nvUbdIzc         $DBE9: B9 15 04  LDA $0415,Y @ $04AF = #$00
A:00 X:7E Y:9A S:F7 P:nvUbdIZc         $DBEC: C9 FF     CMP #$FF
A:00 X:7E Y:9A S:F7 P:nvUbdIzc         $DBEE: D0 1D     BNE $DC0D
A:00 X:7E Y:9A S:F7 P:nvUbdIzc         $DC0D: 98        TYA
A:9A X:7E Y:9A S:F7 P:NvUbdIzc         $DC0E: 18        CLC
A:9A X:7E Y:9A S:F7 P:NvUbdIzc         $DC0F: 69 0E     ADC #$0E
A:A8 X:7E Y:9A S:F7 P:NvUbdIzc         $DC11: A8        TAY
A:A8 X:7E Y:A8 S:F7 P:NvUbdIzc         $DC12: C6 07     DEC $07 = #$01
A:A8 X:7E Y:A8 S:F7 P:nvUbdIZc         $DC14: D0 D3     BNE $DBE9
A:A8 X:7E Y:A8 S:F7 P:nvUbdIZc         $DC16: A9 00     LDA #$00
A:00 X:7E Y:A8 S:F7 P:nvUbdIZc         $DC18: 60        RTS (from $DBE3) ----------------------------
A:00 X:7E Y:A8 S:F9 P:nvUbdIZc       $DB90: D0 01     BNE $DB93
A:00 X:7E Y:A8 S:F9 P:nvUbdIZc       $DB92: 60        RTS (from $DB72) ----------------------------
A:00 X:7E Y:A8 S:FB P:nvUbdIZc     $D9AC: 20 18 DB  JSR $DB18
A:00 X:7E Y:A8 S:F9 P:nvUbdIZc       $DB18: AD 00 04  LDA $0400 = #$FF
A:FF X:7E Y:A8 S:F9 P:NvUbdIzc       $DB1B: C9 FF     CMP #$FF
A:FF X:7E Y:A8 S:F9 P:nvUbdIZC       $DB1D: D0 52     BNE $DB71
A:FF X:7E Y:A8 S:F9 P:nvUbdIZC       $DB1F: AD 0E 04  LDA $040E = #$00
A:00 X:7E Y:A8 S:F9 P:nvUbdIZC       $DB22: D0 4D     BNE $DB71
A:00 X:7E Y:A8 S:F9 P:nvUbdIZC       $DB24: BD 03 05  LDA $0503,X @ $0581 = #$B3
A:B3 X:7E Y:A8 S:F9 P:NvUbdIzC       $DB27: 38        SEC
A:B3 X:7E Y:A8 S:F9 P:NvUbdIzC       $DB28: ED 03 04  SBC $0403 = #$E9
A:CA X:7E Y:A8 S:F9 P:NvUbdIzc       $DB2B: 18        CLC
A:CA X:7E Y:A8 S:F9 P:NvUbdIzc       $DB2C: 69 09     ADC #$09
A:D3 X:7E Y:A8 S:F9 P:NvUbdIzc       $DB2E: C9 13     CMP #$13
A:D3 X:7E Y:A8 S:F9 P:NvUbdIzC       $DB30: B0 3F     BCS $DB71
A:D3 X:7E Y:A8 S:F9 P:NvUbdIzC       $DB71: 60        RTS (from $DB18) ----------------------------
A:D3 X:7E Y:A8 S:FB P:NvUbdIzC     $D9AF: 4C 82 DE  JMP $DE82
A:D3 X:7E Y:A8 S:FB P:NvUbdIzC     $DE82: BD 02 05  LDA $0502,X @ $0580 = #$00
A:00 X:7E Y:A8 S:FB P:nvUbdIZC     $DE85: 30 29     BMI $DEB0
A:00 X:7E Y:A8 S:FB P:nvUbdIZC     $DE87: 20 EB C0  JSR $C0EB
A:00 X:7E Y:A8 S:F9 P:nvUbdIZC       $C0EB: 0A        ASL
A:00 X:7E Y:A8 S:F9 P:nvUbdIZc       $C0EC: A8        TAY
A:00 X:7E Y:00 S:F9 P:nvUbdIZc       $C0ED: 68        PLA
A:89 X:7E Y:00 S:FA P:NvUbdIzc      $C0EE: 85 3A     STA $3A = #$EC
A:89 X:7E Y:00 S:FA P:NvUbdIzc      $C0F0: 68        PLA
A:DE X:7E Y:00 S:FB P:NvUbdIzc     $C0F1: 85 3B     STA $3B = #$93
A:DE X:7E Y:00 S:FB P:NvUbdIzc     $C0F3: C8        INY
A:DE X:7E Y:01 S:FB P:nvUbdIzc     $C0F4: 8A        TXA
A:7E X:7E Y:01 S:FB P:nvUbdIzc     $C0F5: 48        PHA
A:7E X:7E Y:01 S:FA P:nvUbdIzc      $C0F6: B1 3A     LDA ($3A),Y @ $DE8A = #$EA
A:EA X:7E Y:01 S:FA P:NvUbdIzc      $C0F8: AA        TAX
A:EA X:EA Y:01 S:FA P:NvUbdIzc      $C0F9: C8        INY
A:EA X:EA Y:02 S:FA P:nvUbdIzc      $C0FA: B1 3A     LDA ($3A),Y @ $DE8B = #$DF
A:DF X:EA Y:02 S:FA P:NvUbdIzc      $C0FC: 85 3B     STA $3B = #$DE
A:DF X:EA Y:02 S:FA P:NvUbdIzc      $C0FE: 86 3A     STX $3A = #$89
A:DF X:EA Y:02 S:FA P:NvUbdIzc      $C100: 68        PLA
A:7E X:EA Y:02 S:FB P:nvUbdIzc     $C101: AA        TAX
A:7E X:7E Y:02 S:FB P:nvUbdIzc     $C102: 6C 3A 00  JMP ($003A) = $DFEA
A:7E X:7E Y:02 S:FB P:nvUbdIzc     $DFEA: BD 0B 05  LDA $050B,X @ $0589 = #$00
A:00 X:7E Y:02 S:FB P:nvUbdIZc     $DFED: 20 EB C0  JSR $C0EB
A:00 X:7E Y:02 S:F9 P:nvUbdIZc       $C0EB: 0A        ASL
A:00 X:7E Y:02 S:F9 P:nvUbdIZc       $C0EC: A8        TAY
A:00 X:7E Y:00 S:F9 P:nvUbdIZc       $C0ED: 68        PLA
A:EF X:7E Y:00 S:FA P:NvUbdIzc      $C0EE: 85 3A     STA $3A = #$EA
A:EF X:7E Y:00 S:FA P:NvUbdIzc      $C0F0: 68        PLA
A:DF X:7E Y:00 S:FB P:NvUbdIzc     $C0F1: 85 3B     STA $3B = #$DF
A:DF X:7E Y:00 S:FB P:NvUbdIzc     $C0F3: C8        INY
A:DF X:7E Y:01 S:FB P:nvUbdIzc     $C0F4: 8A        TXA
A:7E X:7E Y:01 S:FB P:nvUbdIzc     $C0F5: 48        PHA
A:7E X:7E Y:01 S:FA P:nvUbdIzc      $C0F6: B1 3A     LDA ($3A),Y @ $DFF0 = #$F8
A:F8 X:7E Y:01 S:FA P:NvUbdIzc      $C0F8: AA        TAX
A:F8 X:F8 Y:01 S:FA P:NvUbdIzc      $C0F9: C8        INY
A:F8 X:F8 Y:02 S:FA P:nvUbdIzc      $C0FA: B1 3A     LDA ($3A),Y @ $DFF1 = #$DF
A:DF X:F8 Y:02 S:FA P:NvUbdIzc      $C0FC: 85 3B     STA $3B = #$DF
A:DF X:F8 Y:02 S:FA P:NvUbdIzc      $C0FE: 86 3A     STX $3A = #$EF
A:DF X:F8 Y:02 S:FA P:NvUbdIzc      $C100: 68        PLA
A:7E X:F8 Y:02 S:FB P:nvUbdIzc     $C101: AA        TAX
A:7E X:7E Y:02 S:FB P:nvUbdIzc     $C102: 6C 3A 00  JMP ($003A) = $DFF8
A:7E X:7E Y:02 S:FB P:nvUbdIzc     $DFF8: 20 8F E0  JSR $E08F
A:7E X:7E Y:02 S:F9 P:nvUbdIzc       $E08F: FE 0C 05  INC $050C,X @ $058A = #$1D
A:7E X:7E Y:02 S:F9 P:nvUbdIzc       $E092: BD 0C 05  LDA $050C,X @ $058A = #$1E
A:1E X:7E Y:02 S:F9 P:nvUbdIzc       $E095: C9 18     CMP #$18
A:1E X:7E Y:02 S:F9 P:nvUbdIzC       $E097: F0 07     BEQ $E0A0
A:1E X:7E Y:02 S:F9 P:nvUbdIzC       $E099: C9 30     CMP #$30
A:1E X:7E Y:02 S:F9 P:NvUbdIzc       $E09B: F0 09     BEQ $E0A6
A:1E X:7E Y:02 S:F9 P:NvUbdIzc       $E09D: B0 00     BCS $E09F
A:1E X:7E Y:02 S:F9 P:NvUbdIzc       $E09F: 60        RTS (from $E08F) ----------------------------
A:1E X:7E Y:02 S:FB P:NvUbdIzc     $DFFB: 20 AF DF  JSR $DFAF
A:1E X:7E Y:02 S:F9 P:NvUbdIzc       $DFAF: 18        CLC
A:1E X:7E Y:02 S:F9 P:NvUbdIzc       $DFB0: BD 04 05  LDA $0504,X @ $0582 = #$22
A:22 X:7E Y:02 S:F9 P:nvUbdIzc       $DFB3: 7D 08 05  ADC $0508,X @ $0586 = #$64
A:86 X:7E Y:02 S:F9 P:NVUbdIzc       $DFB6: 9D 04 05  STA $0504,X @ $0582 = #$22
A:86 X:7E Y:02 S:F9 P:NVUbdIzc       $DFB9: BD 03 05  LDA $0503,X @ $0581 = #$B3
A:B3 X:7E Y:02 S:F9 P:NVUbdIzc       $DFBC: 7D 07 05  ADC $0507,X @ $0585 = #$00
A:B3 X:7E Y:02 S:F9 P:NvUbdIzc       $DFBF: 9D 03 05  STA $0503,X @ $0581 = #$B3
A:B3 X:7E Y:02 S:F9 P:NvUbdIzc       $DFC2: 18        CLC
A:B3 X:7E Y:02 S:F9 P:NvUbdIzc       $DFC3: 69 02     ADC #$02
A:B5 X:7E Y:02 S:F9 P:NvUbdIzc       $DFC5: C9 05     CMP #$05
A:B5 X:7E Y:02 S:F9 P:NvUbdIzC       $DFC7: 90 1B     BCC $DFE4
A:B5 X:7E Y:02 S:F9 P:NvUbdIzC       $DFC9: 18        CLC
A:B5 X:7E Y:02 S:F9 P:NvUbdIzc       $DFCA: BD 06 05  LDA $0506,X @ $0584 = #$98
A:98 X:7E Y:02 S:F9 P:NvUbdIzc       $DFCD: 7D 0A 05  ADC $050A,X @ $0588 = #$F8
A:90 X:7E Y:02 S:F9 P:NvUbdIzC       $DFD0: 9D 06 05  STA $0506,X @ $0584 = #$98
A:90 X:7E Y:02 S:F9 P:NvUbdIzC       $DFD3: BD 05 05  LDA $0505,X @ $0583 = #$42
A:42 X:7E Y:02 S:F9 P:nvUbdIzC       $DFD6: 7D 09 05  ADC $0509,X @ $0587 = #$01
A:44 X:7E Y:02 S:F9 P:nvUbdIzc       $DFD9: 9D 05 05  STA $0505,X @ $0583 = #$42
A:44 X:7E Y:02 S:F9 P:nvUbdIzc       $DFDC: 18        CLC
A:44 X:7E Y:02 S:F9 P:nvUbdIzc       $DFDD: 69 02     ADC #$02
A:46 X:7E Y:02 S:F9 P:nvUbdIzc       $DFDF: C9 05     CMP #$05
A:46 X:7E Y:02 S:F9 P:nvUbdIzC       $DFE1: 90 01     BCC $DFE4
A:46 X:7E Y:02 S:F9 P:nvUbdIzC       $DFE3: 60        RTS (from $DFAF) ----------------------------
A:46 X:7E Y:02 S:FB P:nvUbdIzC     $DFFE: A9 04     LDA #$04
A:04 X:7E Y:02 S:FB P:nvUbdIzC     $E000: 20 3F E7  JSR $E73F
A:04 X:7E Y:02 S:F9 P:nvUbdIzC       $E73F: 48        PHA
A:04 X:7E Y:02 S:F8 P:nvUbdIzC        $E740: A9 10     LDA #$10
A:10 X:7E Y:02 S:F8 P:nvUbdIzC        $E742: 4C 6B C0  JMP $C06B
A:10 X:7E Y:02 S:F8 P:nvUbdIzC        $C06B: A0 04     LDY #$04
A:10 X:7E Y:04 S:F8 P:nvUbdIzC        $C06D: 8C 04 C0  STY $C004 = #$04
A:10 X:7E Y:04 S:F8 P:nvUbdIzC        $C070: 0A        ASL
A:20 X:7E Y:04 S:F8 P:nvUbdIzc        $C071: A8        TAY
A:20 X:7E Y:20 S:F8 P:nvUbdIzc        $C072: B9 08 92  LDA $9208,Y @ $9228 = #$5E
A:5E X:7E Y:20 S:F8 P:nvUbdIzc        $C075: 85 3A     STA $3A = #$F8
A:5E X:7E Y:20 S:F8 P:nvUbdIzc        $C077: B9 09 92  LDA $9209,Y @ $9229 = #$93
A:93 X:7E Y:20 S:F8 P:NvUbdIzc        $C07A: 85 3B     STA $3B = #$DF
A:93 X:7E Y:20 S:F8 P:NvUbdIzc        $C07C: 6C 3A 00  JMP ($003A) = $935E
A:93 X:7E Y:20 S:F8 P:NvUbdIzc        $935E: AD 06 92  LDA $9206 = #$21
A:21 X:7E Y:20 S:F8 P:nvUbdIzc        $9361: 85 02     STA $02 = #$12
A:21 X:7E Y:20 S:F8 P:nvUbdIzc        $9363: AD 07 92  LDA $9207 = #$AE
A:AE X:7E Y:20 S:F8 P:NvUbdIzc        $9366: 85 03     STA $03 = #$12
A:AE X:7E Y:20 S:F8 P:NvUbdIzc        $9368: A6 50     LDX $50 = #$7E
A:AE X:7E Y:20 S:F8 P:nvUbdIzc        $936A: BD 0F 05  LDA $050F,X @ $058D = #$02
A:02 X:7E Y:20 S:F8 P:nvUbdIzc        $936D: 4A        LSR
A:01 X:7E Y:20 S:F8 P:nvUbdIzc        $936E: 4A        LSR
A:00 X:7E Y:20 S:F8 P:nvUbdIZC        $936F: 4A        LSR
A:00 X:7E Y:20 S:F8 P:nvUbdIZc        $9370: 29 1E     AND #$1E
A:00 X:7E Y:20 S:F8 P:nvUbdIZc        $9372: A8        TAY
A:00 X:7E Y:00 S:F8 P:nvUbdIZc        $9373: B1 02     LDA ($02),Y @ $AE21 = #$35
A:35 X:7E Y:00 S:F8 P:nvUbdIzc        $9375: 48        PHA
A:35 X:7E Y:00 S:F7 P:nvUbdIzc         $9376: C8        INY
A:35 X:7E Y:01 S:F7 P:nvUbdIzc         $9377: B1 02     LDA ($02),Y @ $AE22 = #$AE
A:AE X:7E Y:01 S:F7 P:NvUbdIzc         $9379: 85 03     STA $03 = #$AE
A:AE X:7E Y:01 S:F7 P:NvUbdIzc         $937B: 68        PLA
A:35 X:7E Y:01 S:F8 P:nvUbdIzc        $937C: 85 02     STA $02 = #$21
A:35 X:7E Y:01 S:F8 P:nvUbdIzc        $937E: 68        PLA
A:04 X:7E Y:01 S:F9 P:nvUbdIzc       $937F: 29 7F     AND #$7F
A:04 X:7E Y:01 S:F9 P:nvUbdIzc       $9381: 0A        ASL
A:08 X:7E Y:01 S:F9 P:nvUbdIzc       $9382: A8        TAY
A:08 X:7E Y:08 S:F9 P:nvUbdIzc       $9383: B1 02     LDA ($02),Y @ $AE3D = #$F5
A:F5 X:7E Y:08 S:F9 P:NvUbdIzc       $9385: 85 01     STA $01 = #$B3
A:F5 X:7E Y:08 S:F9 P:NvUbdIzc       $9387: BD 02 05  LDA $0502,X @ $0580 = #$00
A:00 X:7E Y:08 S:F9 P:nvUbdIZc       $938A: 30 06     BMI $9392
A:00 X:7E Y:08 S:F9 P:nvUbdIZc       $938C: C8        INY
A:00 X:7E Y:09 S:F9 P:nvUbdIzc       $938D: B1 02     LDA ($02),Y @ $AE3E = #$82
A:82 X:7E Y:09 S:F9 P:NvUbdIzc       $938F: 4C 9A 93  JMP $939A
A:82 X:7E Y:09 S:F9 P:NvUbdIzc       $939A: A4 51     LDY $51 = #$B0
A:82 X:7E Y:B0 S:F9 P:NvUbdIzc       $939C: 84 07     STY $07 = #$00
A:82 X:7E Y:B0 S:F9 P:NvUbdIzc       $939E: C8        INY
A:82 X:7E Y:B1 S:F9 P:NvUbdIzc       $939F: C8        INY
A:82 X:7E Y:B2 S:F9 P:NvUbdIzc       $93A0: C8        INY
A:82 X:7E Y:B3 S:F9 P:NvUbdIzc       $93A1: C8        INY
A:82 X:7E Y:B4 S:F9 P:NvUbdIzc       $93A2: 84 06     STY $06 = #$AC
A:82 X:7E Y:B4 S:F9 P:NvUbdIzc       $93A4: A4 07     LDY $07 = #$B0
A:82 X:7E Y:B0 S:F9 P:NvUbdIzc       $93A6: 99 02 02  STA $0202,Y @ $02B2 = #$82
A:82 X:7E Y:B0 S:F9 P:NvUbdIzc       $93A9: A4 06     LDY $06 = #$B4
A:82 X:7E Y:B4 S:F9 P:NvUbdIzc       $93AB: 99 02 02  STA $0202,Y @ $02B6 = #$82
A:82 X:7E Y:B4 S:F9 P:NvUbdIzc       $93AE: 2A        ROL
A:04 X:7E Y:B4 S:F9 P:nvUbdIzC       $93AF: 2A        ROL
A:09 X:7E Y:B4 S:F9 P:nvUbdIzc       $93B0: 2A        ROL
A:12 X:7E Y:B4 S:F9 P:nvUbdIzc       $93B1: 29 03     AND #$03
A:02 X:7E Y:B4 S:F9 P:nvUbdIzc       $93B3: 48        PHA
A:02 X:7E Y:B4 S:F8 P:nvUbdIzc        $93B4: 20 C3 93  JSR $93C3
A:02 X:7E Y:B4 S:F6 P:nvUbdIzc          $93C3: A4 51     LDY $51 = #$B0
A:02 X:7E Y:B0 S:F6 P:NvUbdIzc          $93C5: 84 07     STY $07 = #$B0
A:02 X:7E Y:B0 S:F6 P:NvUbdIzc          $93C7: C8        INY
A:02 X:7E Y:B1 S:F6 P:NvUbdIzc          $93C8: C8        INY
A:02 X:7E Y:B2 S:F6 P:NvUbdIzc          $93C9: C8        INY
A:02 X:7E Y:B3 S:F6 P:NvUbdIzc          $93CA: C8        INY
A:02 X:7E Y:B4 S:F6 P:NvUbdIzc          $93CB: 84 06     STY $06 = #$B4
A:02 X:7E Y:B4 S:F6 P:NvUbdIzc          $93CD: BD 03 05  LDA $0503,X @ $0581 = #$B3
A:B3 X:7E Y:B4 S:F6 P:NvUbdIzc          $93D0: A4 06     LDY $06 = #$B4
A:B3 X:7E Y:B4 S:F6 P:NvUbdIzc          $93D2: 99 03 02  STA $0203,Y @ $02B7 = #$B1
A:B3 X:7E Y:B4 S:F6 P:NvUbdIzc          $93D5: 18        CLC
A:B3 X:7E Y:B4 S:F6 P:NvUbdIzc          $93D6: 69 F8     ADC #$F8
A:AB X:7E Y:B4 S:F6 P:NvUbdIzC          $93D8: A4 07     LDY $07 = #$B0
A:AB X:7E Y:B0 S:F6 P:NvUbdIzC          $93DA: 99 03 02  STA $0203,Y @ $02B3 = #$A9
A:AB X:7E Y:B0 S:F6 P:NvUbdIzC          $93DD: BD 05 05  LDA $0505,X @ $0583 = #$44
A:44 X:7E Y:B0 S:F6 P:nvUbdIzC          $93E0: 18        CLC
A:44 X:7E Y:B0 S:F6 P:nvUbdIzc          $93E1: 69 F8     ADC #$F8
A:3C X:7E Y:B0 S:F6 P:nvUbdIzC          $93E3: 99 00 02  STA $0200,Y @ $02B0 = #$F8
A:3C X:7E Y:B0 S:F6 P:nvUbdIzC          $93E6: A4 06     LDY $06 = #$B4
A:3C X:7E Y:B4 S:F6 P:NvUbdIzC          $93E8: 99 00 02  STA $0200,Y @ $02B4 = #$F8
A:3C X:7E Y:B4 S:F6 P:NvUbdIzC          $93EB: 60        RTS (from $93C3) ----------------------------
A:3C X:7E Y:B4 S:F8 P:NvUbdIzC        $93B7: 68        PLA
A:02 X:7E Y:B4 S:F9 P:nvUbdIzC       $93B8: 20 15 94  JSR $9415
A:02 X:7E Y:B4 S:F7 P:nvUbdIzC         $9415: 0A        ASL
A:04 X:7E Y:B4 S:F7 P:nvUbdIzc         $9416: A8        TAY
A:04 X:7E Y:04 S:F7 P:nvUbdIzc         $9417: 68        PLA
A:BA X:7E Y:04 S:F8 P:NvUbdIzc        $9418: 85 3A     STA $3A = #$5E
A:BA X:7E Y:04 S:F8 P:NvUbdIzc        $941A: 68        PLA
A:93 X:7E Y:04 S:F9 P:NvUbdIzc       $941B: 85 3B     STA $3B = #$93
A:93 X:7E Y:04 S:F9 P:NvUbdIzc       $941D: C8        INY
A:93 X:7E Y:05 S:F9 P:nvUbdIzc       $941E: 8A        TXA
A:7E X:7E Y:05 S:F9 P:nvUbdIzc       $941F: 48        PHA
A:7E X:7E Y:05 S:F8 P:nvUbdIzc        $9420: B1 3A     LDA ($3A),Y @ $93BF = #$EC
A:EC X:7E Y:05 S:F8 P:NvUbdIzc        $9422: AA        TAX
A:EC X:EC Y:05 S:F8 P:NvUbdIzc        $9423: C8        INY
A:EC X:EC Y:06 S:F8 P:nvUbdIzc        $9424: B1 3A     LDA ($3A),Y @ $93C0 = #$93
A:93 X:EC Y:06 S:F8 P:NvUbdIzc        $9426: 85 3B     STA $3B = #$93
A:93 X:EC Y:06 S:F8 P:NvUbdIzc        $9428: 86 3A     STX $3A = #$BA
A:93 X:EC Y:06 S:F8 P:NvUbdIzc        $942A: 68        PLA
A:7E X:EC Y:06 S:F9 P:nvUbdIzc       $942B: AA        TAX
A:7E X:7E Y:06 S:F9 P:nvUbdIzc       $942C: 6C 3A 00  JMP ($003A) = $93EC
A:7E X:7E Y:06 S:F9 P:nvUbdIzc       $93EC: A4 07     LDY $07 = #$B0
A:7E X:7E Y:B0 S:F9 P:NvUbdIzc       $93EE: A5 01     LDA $01 = #$F5
A:F5 X:7E Y:B0 S:F9 P:NvUbdIzc       $93F0: 99 01 02  STA $0201,Y @ $02B1 = #$F5
A:F5 X:7E Y:B0 S:F9 P:NvUbdIzc       $93F3: 18        CLC
A:F5 X:7E Y:B0 S:F9 P:NvUbdIzc       $93F4: 69 02     ADC #$02
A:F7 X:7E Y:B0 S:F9 P:NvUbdIzc       $93F6: A4 06     LDY $06 = #$B4
A:F7 X:7E Y:B4 S:F9 P:NvUbdIzc       $93F8: 99 01 02  STA $0201,Y @ $02B5 = #$F7
A:F7 X:7E Y:B4 S:F9 P:NvUbdIzc       $93FB: 4C 0D 94  JMP $940D
A:F7 X:7E Y:B4 S:F9 P:NvUbdIzc       $940D: 18        CLC
A:F7 X:7E Y:B4 S:F9 P:NvUbdIzc       $940E: A5 51     LDA $51 = #$B0
A:B0 X:7E Y:B4 S:F9 P:NvUbdIzc       $9410: 69 08     ADC #$08
A:B8 X:7E Y:B4 S:F9 P:NvUbdIzc       $9412: 85 51     STA $51 = #$B0
A:B8 X:7E Y:B4 S:F9 P:NvUbdIzc       $9414: 60        RTS (from $E73F) ----------------------------
A:B8 X:7E Y:B4 S:FB P:NvUbdIzc     $E003: BD 05 05  LDA $0505,X @ $0583 = #$44
A:44 X:7E Y:B4 S:FB P:nvUbdIzc     $E006: C9 A0     CMP #$A0
A:44 X:7E Y:B4 S:FB P:NvUbdIzc     $E008: B0 67     BCS $E071
A:44 X:7E Y:B4 S:FB P:NvUbdIzc     $E00A: 60        RTS (from $D97F) ----------------------------
A:44 X:7E Y:B4 S:FD P:NvUbdIzc   $D973: A5 50     LDA $50 = #$7E
A:7E X:7E Y:B4 S:FD P:nvUbdIzc   $D975: 18        CLC
A:7E X:7E Y:B4 S:FD P:nvUbdIzc   $D976: 69 12     ADC #$12
A:90 X:7E Y:B4 S:FD P:NVUbdIzc   $D978: 85 50     STA $50 = #$7E
A:90 X:7E Y:B4 S:FD P:NVUbdIzc   $D97A: C6 0F     DEC $0F = #$05
A:90 X:7E Y:B4 S:FD P:nVUbdIzc   $D97C: D0 EB     BNE $D969
A:90 X:7E Y:B4 S:FD P:nVUbdIzc   $D969: A6 50     LDX $50 = #$90
A:90 X:90 Y:B4 S:FD P:NVUbdIzc   $D96B: BD 00 05  LDA $0500,X @ $0590 = #$00
A:00 X:90 Y:B4 S:FD P:nVUbdIZc   $D96E: F0 03     BEQ $D973
A:00 X:90 Y:B4 S:FD P:nVUbdIZc   $D973: A5 50     LDA $50 = #$90
A:90 X:90 Y:B4 S:FD P:NVUbdIzc   $D975: 18        CLC
A:90 X:90 Y:B4 S:FD P:NVUbdIzc   $D976: 69 12     ADC #$12
A:A2 X:90 Y:B4 S:FD P:NvUbdIzc   $D978: 85 50     STA $50 = #$90
A:A2 X:90 Y:B4 S:FD P:NvUbdIzc   $D97A: C6 0F     DEC $0F = #$04
A:A2 X:90 Y:B4 S:FD P:nvUbdIzc   $D97C: D0 EB     BNE $D969
A:A2 X:90 Y:B4 S:FD P:nvUbdIzc   $D969: A6 50     LDX $50 = #$A2
A:A2 X:A2 Y:B4 S:FD P:NvUbdIzc   $D96B: BD 00 05  LDA $0500,X @ $05A2 = #$00
A:00 X:A2 Y:B4 S:FD P:nvUbdIZc   $D96E: F0 03     BEQ $D973
A:00 X:A2 Y:B4 S:FD P:nvUbdIZc   $D973: A5 50     LDA $50 = #$A2
A:A2 X:A2 Y:B4 S:FD P:NvUbdIzc   $D975: 18        CLC
A:A2 X:A2 Y:B4 S:FD P:NvUbdIzc   $D976: 69 12     ADC #$12
A:B4 X:A2 Y:B4 S:FD P:NvUbdIzc   $D978: 85 50     STA $50 = #$A2
A:B4 X:A2 Y:B4 S:FD P:NvUbdIzc   $D97A: C6 0F     DEC $0F = #$03
A:B4 X:A2 Y:B4 S:FD P:nvUbdIzc   $D97C: D0 EB     BNE $D969
A:B4 X:A2 Y:B4 S:FD P:nvUbdIzc   $D969: A6 50     LDX $50 = #$B4
A:B4 X:B4 Y:B4 S:FD P:NvUbdIzc   $D96B: BD 00 05  LDA $0500,X @ $05B4 = #$00
A:00 X:B4 Y:B4 S:FD P:nvUbdIZc   $D96E: F0 03     BEQ $D973
A:00 X:B4 Y:B4 S:FD P:nvUbdIZc   $D973: A5 50     LDA $50 = #$B4
A:B4 X:B4 Y:B4 S:FD P:NvUbdIzc   $D975: 18        CLC
A:B4 X:B4 Y:B4 S:FD P:NvUbdIzc   $D976: 69 12     ADC #$12
A:C6 X:B4 Y:B4 S:FD P:NvUbdIzc   $D978: 85 50     STA $50 = #$B4
A:C6 X:B4 Y:B4 S:FD P:NvUbdIzc   $D97A: C6 0F     DEC $0F = #$02
A:C6 X:B4 Y:B4 S:FD P:nvUbdIzc   $D97C: D0 EB     BNE $D969
A:C6 X:B4 Y:B4 S:FD P:nvUbdIzc   $D969: A6 50     LDX $50 = #$C6
A:C6 X:C6 Y:B4 S:FD P:NvUbdIzc   $D96B: BD 00 05  LDA $0500,X @ $05C6 = #$FF
A:FF X:C6 Y:B4 S:FD P:NvUbdIzc   $D96E: F0 03     BEQ $D973
A:FF X:C6 Y:B4 S:FD P:NvUbdIzc   $D970: 20 7F D9  JSR $D97F
A:FF X:C6 Y:B4 S:FB P:NvUbdIzc     $D97F: 48        PHA
A:FF X:C6 Y:B4 S:FA P:NvUbdIzc      $D980: BD 02 05  LDA $0502,X @ $05C8 = #$00
A:00 X:C6 Y:B4 S:FA P:nvUbdIZc      $D983: 29 40     AND #$40
A:00 X:C6 Y:B4 S:FA P:nvUbdIZc      $D985: F0 03     BEQ $D98A
A:00 X:C6 Y:B4 S:FA P:nvUbdIZc      $D98A: 68        PLA
A:FF X:C6 Y:B4 S:FB P:NvUbdIzc     $D98B: C9 FF     CMP #$FF
A:FF X:C6 Y:B4 S:FB P:nvUbdIZC     $D98D: F0 07     BEQ $D996
A:FF X:C6 Y:B4 S:FB P:nvUbdIZC     $D996: BD 02 05  LDA $0502,X @ $05C8 = #$00
A:00 X:C6 Y:B4 S:FB P:nvUbdIZC     $D999: 29 60     AND #$60
A:00 X:C6 Y:B4 S:FB P:nvUbdIZC     $D99B: F0 07     BEQ $D9A4
A:00 X:C6 Y:B4 S:FB P:nvUbdIZC     $D9A4: BD 0B 05  LDA $050B,X @ $05D1 = #$03
A:03 X:C6 Y:B4 S:FB P:nvUbdIzC     $D9A7: F0 09     BEQ $D9B2
A:03 X:C6 Y:B4 S:FB P:nvUbdIzC     $D9A9: 20 72 DB  JSR $DB72
A:03 X:C6 Y:B4 S:F9 P:nvUbdIzC       $DB72: A5 22     LDA $22 = #$22
A:22 X:C6 Y:B4 S:F9 P:nvUbdIzC       $DB74: 29 01     AND #$01
A:00 X:C6 Y:B4 S:F9 P:nvUbdIZC       $DB76: D0 F9     BNE $DB71
A:00 X:C6 Y:B4 S:F9 P:nvUbdIZC       $DB78: BD 03 05  LDA $0503,X @ $05C9 = #$B3
A:B3 X:C6 Y:B4 S:F9 P:NvUbdIzC       $DB7B: 85 01     STA $01 = #$F5
A:B3 X:C6 Y:B4 S:F9 P:NvUbdIzC       $DB7D: BD 05 05  LDA $0505,X @ $05CB = #$0B
A:0B X:C6 Y:B4 S:F9 P:nvUbdIzC       $DB80: 85 00     STA $00 = #$42
A:0B X:C6 Y:B4 S:F9 P:nvUbdIzC       $DB82: A9 12     LDA #$12
A:12 X:C6 Y:B4 S:F9 P:nvUbdIzC       $DB84: 85 03     STA $03 = #$AE
A:12 X:C6 Y:B4 S:F9 P:nvUbdIzC       $DB86: 85 02     STA $02 = #$35
A:12 X:C6 Y:B4 S:F9 P:nvUbdIzC       $DB88: 0A        ASL
A:24 X:C6 Y:B4 S:F9 P:nvUbdIzc       $DB89: 85 05     STA $05 = #$24
A:24 X:C6 Y:B4 S:F9 P:nvUbdIzc       $DB8B: 85 04     STA $04 = #$24
A:24 X:C6 Y:B4 S:F9 P:nvUbdIzc       $DB8D: 20 E3 DB  JSR $DBE3
A:24 X:C6 Y:B4 S:F7 P:nvUbdIzc         $DBE3: A0 00     LDY #$00
A:24 X:C6 Y:00 S:F7 P:nvUbdIZc         $DBE5: A9 0C     LDA #$0C
A:0C X:C6 Y:00 S:F7 P:nvUbdIzc         $DBE7: 85 07     STA $07 = #$B0
A:0C X:C6 Y:00 S:F7 P:nvUbdIzc         $DBE9: B9 15 04  LDA $0415,Y @ $0415 = #$00
A:00 X:C6 Y:00 S:F7 P:nvUbdIZc         $DBEC: C9 FF     CMP #$FF
A:00 X:C6 Y:00 S:F7 P:nvUbdIzc         $DBEE: D0 1D     BNE $DC0D
A:00 X:C6 Y:00 S:F7 P:nvUbdIzc         $DC0D: 98        TYA
A:00 X:C6 Y:00 S:F7 P:nvUbdIZc         $DC0E: 18        CLC
A:00 X:C6 Y:00 S:F7 P:nvUbdIZc         $DC0F: 69 0E     ADC #$0E
A:0E X:C6 Y:00 S:F7 P:nvUbdIzc         $DC11: A8        TAY
A:0E X:C6 Y:0E S:F7 P:nvUbdIzc         $DC12: C6 07     DEC $07 = #$0C
A:0E X:C6 Y:0E S:F7 P:nvUbdIzc         $DC14: D0 D3     BNE $DBE9
A:0E X:C6 Y:0E S:F7 P:nvUbdIzc         $DBE9: B9 15 04  LDA $0415,Y @ $0423 = #$00
A:00 X:C6 Y:0E S:F7 P:nvUbdIZc         $DBEC: C9 FF     CMP #$FF
A:00 X:C6 Y:0E S:F7 P:nvUbdIzc         $DBEE: D0 1D     BNE $DC0D
A:00 X:C6 Y:0E S:F7 P:nvUbdIzc         $DC0D: 98        TYA
A:0E X:C6 Y:0E S:F7 P:nvUbdIzc         $DC0E: 18        CLC
A:0E X:C6 Y:0E S:F7 P:nvUbdIzc         $DC0F: 69 0E     ADC #$0E
A:1C X:C6 Y:0E S:F7 P:nvUbdIzc         $DC11: A8        TAY
A:1C X:C6 Y:1C S:F7 P:nvUbdIzc         $DC12: C6 07     DEC $07 = #$0B
A:1C X:C6 Y:1C S:F7 P:nvUbdIzc         $DC14: D0 D3     BNE $DBE9
A:1C X:C6 Y:1C S:F7 P:nvUbdIzc         $DBE9: B9 15 04  LDA $0415,Y @ $0431 = #$00
A:00 X:C6 Y:1C S:F7 P:nvUbdIZc         $DBEC: C9 FF     CMP #$FF
A:00 X:C6 Y:1C S:F7 P:nvUbdIzc         $DBEE: D0 1D     BNE $DC0D
A:00 X:C6 Y:1C S:F7 P:nvUbdIzc         $DC0D: 98        TYA
A:1C X:C6 Y:1C S:F7 P:nvUbdIzc         $DC0E: 18        CLC
A:1C X:C6 Y:1C S:F7 P:nvUbdIzc         $DC0F: 69 0E     ADC #$0E
A:2A X:C6 Y:1C S:F7 P:nvUbdIzc         $DC11: A8        TAY
A:2A X:C6 Y:2A S:F7 P:nvUbdIzc         $DC12: C6 07     DEC $07 = #$0A
A:2A X:C6 Y:2A S:F7 P:nvUbdIzc         $DC14: D0 D3     BNE $DBE9
A:2A X:C6 Y:2A S:F7 P:nvUbdIzc         $DBE9: B9 15 04  LDA $0415,Y @ $043F = #$00
A:00 X:C6 Y:2A S:F7 P:nvUbdIZc         $DBEC: C9 FF     CMP #$FF
A:00 X:C6 Y:2A S:F7 P:nvUbdIzc         $DBEE: D0 1D     BNE $DC0D
A:00 X:C6 Y:2A S:F7 P:nvUbdIzc         $DC0D: 98        TYA
A:2A X:C6 Y:2A S:F7 P:nvUbdIzc         $DC0E: 18        CLC
A:2A X:C6 Y:2A S:F7 P:nvUbdIzc         $DC0F: 69 0E     ADC #$0E
A:38 X:C6 Y:2A S:F7 P:nvUbdIzc         $DC11: A8        TAY
A:38 X:C6 Y:38 S:F7 P:nvUbdIzc         $DC12: C6 07     DEC $07 = #$09
A:38 X:C6 Y:38 S:F7 P:nvUbdIzc         $DC14: D0 D3     BNE $DBE9
A:38 X:C6 Y:38 S:F7 P:nvUbdIzc         $DBE9: B9 15 04  LDA $0415,Y @ $044D = #$00
A:00 X:C6 Y:38 S:F7 P:nvUbdIZc         $DBEC: C9 FF     CMP #$FF
A:00 X:C6 Y:38 S:F7 P:nvUbdIzc         $DBEE: D0 1D     BNE $DC0D
A:00 X:C6 Y:38 S:F7 P:nvUbdIzc         $DC0D: 98        TYA
A:38 X:C6 Y:38 S:F7 P:nvUbdIzc         $DC0E: 18        CLC
A:38 X:C6 Y:38 S:F7 P:nvUbdIzc         $DC0F: 69 0E     ADC #$0E
A:46 X:C6 Y:38 S:F7 P:nvUbdIzc         $DC11: A8        TAY
A:46 X:C6 Y:46 S:F7 P:nvUbdIzc         $DC12: C6 07     DEC $07 = #$08
A:46 X:C6 Y:46 S:F7 P:nvUbdIzc         $DC14: D0 D3     BNE $DBE9
A:46 X:C6 Y:46 S:F7 P:nvUbdIzc         $DBE9: B9 15 04  LDA $0415,Y @ $045B = #$00
A:00 X:C6 Y:46 S:F7 P:nvUbdIZc         $DBEC: C9 FF     CMP #$FF
A:00 X:C6 Y:46 S:F7 P:nvUbdIzc         $DBEE: D0 1D     BNE $DC0D
A:00 X:C6 Y:46 S:F7 P:nvUbdIzc         $DC0D: 98        TYA
A:46 X:C6 Y:46 S:F7 P:nvUbdIzc         $DC0E: 18        CLC
A:46 X:C6 Y:46 S:F7 P:nvUbdIzc         $DC0F: 69 0E     ADC #$0E
A:54 X:C6 Y:46 S:F7 P:nvUbdIzc         $DC11: A8        TAY
A:54 X:C6 Y:54 S:F7 P:nvUbdIzc         $DC12: C6 07     DEC $07 = #$07
A:54 X:C6 Y:54 S:F7 P:nvUbdIzc         $DC14: D0 D3     BNE $DBE9
A:54 X:C6 Y:54 S:F7 P:nvUbdIzc         $DBE9: B9 15 04  LDA $0415,Y @ $0469 = #$00
A:00 X:C6 Y:54 S:F7 P:nvUbdIZc         $DBEC: C9 FF     CMP #$FF
A:00 X:C6 Y:54 S:F7 P:nvUbdIzc         $DBEE: D0 1D     BNE $DC0D
A:00 X:C6 Y:54 S:F7 P:nvUbdIzc         $DC0D: 98        TYA
A:54 X:C6 Y:54 S:F7 P:nvUbdIzc         $DC0E: 18        CLC
A:54 X:C6 Y:54 S:F7 P:nvUbdIzc         $DC0F: 69 0E     ADC #$0E
A:62 X:C6 Y:54 S:F7 P:nvUbdIzc         $DC11: A8        TAY
A:62 X:C6 Y:62 S:F7 P:nvUbdIzc         $DC12: C6 07     DEC $07 = #$06
A:62 X:C6 Y:62 S:F7 P:nvUbdIzc         $DC14: D0 D3     BNE $DBE9
A:62 X:C6 Y:62 S:F7 P:nvUbdIzc         $DBE9: B9 15 04  LDA $0415,Y @ $0477 = #$00
A:00 X:C6 Y:62 S:F7 P:nvUbdIZc         $DBEC: C9 FF     CMP #$FF
A:00 X:C6 Y:62 S:F7 P:nvUbdIzc         $DBEE: D0 1D     BNE $DC0D
A:00 X:C6 Y:62 S:F7 P:nvUbdIzc         $DC0D: 98        TYA
A:62 X:C6 Y:62 S:F7 P:nvUbdIzc         $DC0E: 18        CLC
A:62 X:C6 Y:62 S:F7 P:nvUbdIzc         $DC0F: 69 0E     ADC #$0E
A:70 X:C6 Y:62 S:F7 P:nvUbdIzc         $DC11: A8        TAY
A:70 X:C6 Y:70 S:F7 P:nvUbdIzc         $DC12: C6 07     DEC $07 = #$05
A:70 X:C6 Y:70 S:F7 P:nvUbdIzc         $DC14: D0 D3     BNE $DBE9
A:70 X:C6 Y:70 S:F7 P:nvUbdIzc         $DBE9: B9 15 04  LDA $0415,Y @ $0485 = #$00
A:00 X:C6 Y:70 S:F7 P:nvUbdIZc         $DBEC: C9 FF     CMP #$FF
A:00 X:C6 Y:70 S:F7 P:nvUbdIzc         $DBEE: D0 1D     BNE $DC0D
A:00 X:C6 Y:70 S:F7 P:nvUbdIzc         $DC0D: 98        TYA
A:70 X:C6 Y:70 S:F7 P:nvUbdIzc         $DC0E: 18        CLC
A:70 X:C6 Y:70 S:F7 P:nvUbdIzc         $DC0F: 69 0E     ADC #$0E
A:7E X:C6 Y:70 S:F7 P:nvUbdIzc         $DC11: A8        TAY
A:7E X:C6 Y:7E S:F7 P:nvUbdIzc         $DC12: C6 07     DEC $07 = #$04
A:7E X:C6 Y:7E S:F7 P:nvUbdIzc         $DC14: D0 D3     BNE $DBE9
A:7E X:C6 Y:7E S:F7 P:nvUbdIzc         $DBE9: B9 15 04  LDA $0415,Y @ $0493 = #$00
A:00 X:C6 Y:7E S:F7 P:nvUbdIZc         $DBEC: C9 FF     CMP #$FF
A:00 X:C6 Y:7E S:F7 P:nvUbdIzc         $DBEE: D0 1D     BNE $DC0D
A:00 X:C6 Y:7E S:F7 P:nvUbdIzc         $DC0D: 98        TYA
A:7E X:C6 Y:7E S:F7 P:nvUbdIzc         $DC0E: 18        CLC
A:7E X:C6 Y:7E S:F7 P:nvUbdIzc         $DC0F: 69 0E     ADC #$0E
A:8C X:C6 Y:7E S:F7 P:NVUbdIzc         $DC11: A8        TAY
A:8C X:C6 Y:8C S:F7 P:NVUbdIzc         $DC12: C6 07     DEC $07 = #$03
A:8C X:C6 Y:8C S:F7 P:nVUbdIzc         $DC14: D0 D3     BNE $DBE9
A:8C X:C6 Y:8C S:F7 P:nVUbdIzc         $DBE9: B9 15 04  LDA $0415,Y @ $04A1 = #$00
A:00 X:C6 Y:8C S:F7 P:nVUbdIZc         $DBEC: C9 FF     CMP #$FF
A:00 X:C6 Y:8C S:F7 P:nVUbdIzc         $DBEE: D0 1D     BNE $DC0D
A:00 X:C6 Y:8C S:F7 P:nVUbdIzc         $DC0D: 98        TYA
A:8C X:C6 Y:8C S:F7 P:NVUbdIzc         $DC0E: 18        CLC
A:8C X:C6 Y:8C S:F7 P:NVUbdIzc         $DC0F: 69 0E     ADC #$0E
A:9A X:C6 Y:8C S:F7 P:NvUbdIzc         $DC11: A8        TAY
A:9A X:C6 Y:9A S:F7 P:NvUbdIzc         $DC12: C6 07     DEC $07 = #$02
A:9A X:C6 Y:9A S:F7 P:nvUbdIzc         $DC14: D0 D3     BNE $DBE9
A:9A X:C6 Y:9A S:F7 P:nvUbdIzc         $DBE9: B9 15 04  LDA $0415,Y @ $04AF = #$00
A:00 X:C6 Y:9A S:F7 P:nvUbdIZc         $DBEC: C9 FF     CMP #$FF
A:00 X:C6 Y:9A S:F7 P:nvUbdIzc         $DBEE: D0 1D     BNE $DC0D
A:00 X:C6 Y:9A S:F7 P:nvUbdIzc         $DC0D: 98        TYA
A:9A X:C6 Y:9A S:F7 P:NvUbdIzc         $DC0E: 18        CLC
A:9A X:C6 Y:9A S:F7 P:NvUbdIzc         $DC0F: 69 0E     ADC #$0E
A:A8 X:C6 Y:9A S:F7 P:NvUbdIzc         $DC11: A8        TAY
A:A8 X:C6 Y:A8 S:F7 P:NvUbdIzc         $DC12: C6 07     DEC $07 = #$01
A:A8 X:C6 Y:A8 S:F7 P:nvUbdIZc         $DC14: D0 D3     BNE $DBE9
A:A8 X:C6 Y:A8 S:F7 P:nvUbdIZc         $DC16: A9 00     LDA #$00
A:00 X:C6 Y:A8 S:F7 P:nvUbdIZc         $DC18: 60        RTS (from $DBE3) ----------------------------
A:00 X:C6 Y:A8 S:F9 P:nvUbdIZc       $DB90: D0 01     BNE $DB93
A:00 X:C6 Y:A8 S:F9 P:nvUbdIZc       $DB92: 60        RTS (from $DB72) ----------------------------
A:00 X:C6 Y:A8 S:FB P:nvUbdIZc     $D9AC: 20 18 DB  JSR $DB18
A:00 X:C6 Y:A8 S:F9 P:nvUbdIZc       $DB18: AD 00 04  LDA $0400 = #$FF
A:FF X:C6 Y:A8 S:F9 P:NvUbdIzc       $DB1B: C9 FF     CMP #$FF
A:FF X:C6 Y:A8 S:F9 P:nvUbdIZC       $DB1D: D0 52     BNE $DB71
A:FF X:C6 Y:A8 S:F9 P:nvUbdIZC       $DB1F: AD 0E 04  LDA $040E = #$00
A:00 X:C6 Y:A8 S:F9 P:nvUbdIZC       $DB22: D0 4D     BNE $DB71
A:00 X:C6 Y:A8 S:F9 P:nvUbdIZC       $DB24: BD 03 05  LDA $0503,X @ $05C9 = #$B3
A:B3 X:C6 Y:A8 S:F9 P:NvUbdIzC       $DB27: 38        SEC
A:B3 X:C6 Y:A8 S:F9 P:NvUbdIzC       $DB28: ED 03 04  SBC $0403 = #$E9
A:CA X:C6 Y:A8 S:F9 P:NvUbdIzc       $DB2B: 18        CLC
A:CA X:C6 Y:A8 S:F9 P:NvUbdIzc       $DB2C: 69 09     ADC #$09
A:D3 X:C6 Y:A8 S:F9 P:NvUbdIzc       $DB2E: C9 13     CMP #$13
A:D3 X:C6 Y:A8 S:F9 P:NvUbdIzC       $DB30: B0 3F     BCS $DB71
A:D3 X:C6 Y:A8 S:F9 P:NvUbdIzC       $DB71: 60        RTS (from $DB18) ----------------------------
A:D3 X:C6 Y:A8 S:FB P:NvUbdIzC     $D9AF: 4C 82 DE  JMP $DE82
A:D3 X:C6 Y:A8 S:FB P:NvUbdIzC     $DE82: BD 02 05  LDA $0502,X @ $05C8 = #$00
A:00 X:C6 Y:A8 S:FB P:nvUbdIZC     $DE85: 30 29     BMI $DEB0
A:00 X:C6 Y:A8 S:FB P:nvUbdIZC     $DE87: 20 EB C0  JSR $C0EB
A:00 X:C6 Y:A8 S:F9 P:nvUbdIZC       $C0EB: 0A        ASL
A:00 X:C6 Y:A8 S:F9 P:nvUbdIZc       $C0EC: A8        TAY
A:00 X:C6 Y:00 S:F9 P:nvUbdIZc       $C0ED: 68        PLA
A:89 X:C6 Y:00 S:FA P:NvUbdIzc      $C0EE: 85 3A     STA $3A = #$EC
A:89 X:C6 Y:00 S:FA P:NvUbdIzc      $C0F0: 68        PLA
A:DE X:C6 Y:00 S:FB P:NvUbdIzc     $C0F1: 85 3B     STA $3B = #$93
A:DE X:C6 Y:00 S:FB P:NvUbdIzc     $C0F3: C8        INY
A:DE X:C6 Y:01 S:FB P:nvUbdIzc     $C0F4: 8A        TXA
A:C6 X:C6 Y:01 S:FB P:NvUbdIzc     $C0F5: 48        PHA
A:C6 X:C6 Y:01 S:FA P:NvUbdIzc      $C0F6: B1 3A     LDA ($3A),Y @ $DE8A = #$EA
A:EA X:C6 Y:01 S:FA P:NvUbdIzc      $C0F8: AA        TAX
A:EA X:EA Y:01 S:FA P:NvUbdIzc      $C0F9: C8        INY
A:EA X:EA Y:02 S:FA P:nvUbdIzc      $C0FA: B1 3A     LDA ($3A),Y @ $DE8B = #$DF
A:DF X:EA Y:02 S:FA P:NvUbdIzc      $C0FC: 85 3B     STA $3B = #$DE
A:DF X:EA Y:02 S:FA P:NvUbdIzc      $C0FE: 86 3A     STX $3A = #$89
A:DF X:EA Y:02 S:FA P:NvUbdIzc      $C100: 68        PLA
A:C6 X:EA Y:02 S:FB P:NvUbdIzc     $C101: AA        TAX
A:C6 X:C6 Y:02 S:FB P:NvUbdIzc     $C102: 6C 3A 00  JMP ($003A) = $DFEA
A:C6 X:C6 Y:02 S:FB P:NvUbdIzc     $DFEA: BD 0B 05  LDA $050B,X @ $05D1 = #$03
A:03 X:C6 Y:02 S:FB P:nvUbdIzc     $DFED: 20 EB C0  JSR $C0EB
A:03 X:C6 Y:02 S:F9 P:nvUbdIzc       $C0EB: 0A        ASL
A:06 X:C6 Y:02 S:F9 P:nvUbdIzc       $C0EC: A8        TAY
A:06 X:C6 Y:06 S:F9 P:nvUbdIzc       $C0ED: 68        PLA
A:EF X:C6 Y:06 S:FA P:NvUbdIzc      $C0EE: 85 3A     STA $3A = #$EA
A:EF X:C6 Y:06 S:FA P:NvUbdIzc      $C0F0: 68        PLA
A:DF X:C6 Y:06 S:FB P:NvUbdIzc     $C0F1: 85 3B     STA $3B = #$DF
A:DF X:C6 Y:06 S:FB P:NvUbdIzc     $C0F3: C8        INY
A:DF X:C6 Y:07 S:FB P:nvUbdIzc     $C0F4: 8A        TXA
A:C6 X:C6 Y:07 S:FB P:NvUbdIzc     $C0F5: 48        PHA
A:C6 X:C6 Y:07 S:FA P:NvUbdIzc      $C0F6: B1 3A     LDA ($3A),Y @ $DFF6 = #$1B
A:1B X:C6 Y:07 S:FA P:nvUbdIzc      $C0F8: AA        TAX
A:1B X:1B Y:07 S:FA P:nvUbdIzc      $C0F9: C8        INY
A:1B X:1B Y:08 S:FA P:nvUbdIzc      $C0FA: B1 3A     LDA ($3A),Y @ $DFF7 = #$E1
A:E1 X:1B Y:08 S:FA P:NvUbdIzc      $C0FC: 85 3B     STA $3B = #$DF
A:E1 X:1B Y:08 S:FA P:NvUbdIzc      $C0FE: 86 3A     STX $3A = #$EF
A:E1 X:1B Y:08 S:FA P:NvUbdIzc      $C100: 68        PLA
A:C6 X:1B Y:08 S:FB P:NvUbdIzc     $C101: AA        TAX
A:C6 X:C6 Y:08 S:FB P:NvUbdIzc     $C102: 6C 3A 00  JMP ($003A) = $E11B
A:C6 X:C6 Y:08 S:FB P:NvUbdIzc     $E11B: 20 AF DF  JSR $DFAF
A:C6 X:C6 Y:08 S:F9 P:NvUbdIzc       $DFAF: 18        CLC
A:C6 X:C6 Y:08 S:F9 P:NvUbdIzc       $DFB0: BD 04 05  LDA $0504,X @ $05CA = #$44
A:44 X:C6 Y:08 S:F9 P:nvUbdIzc       $DFB3: 7D 08 05  ADC $0508,X @ $05CE = #$C4
A:08 X:C6 Y:08 S:F9 P:nvUbdIzC       $DFB6: 9D 04 05  STA $0504,X @ $05CA = #$44
A:08 X:C6 Y:08 S:F9 P:nvUbdIzC       $DFB9: BD 03 05  LDA $0503,X @ $05C9 = #$B3
A:B3 X:C6 Y:08 S:F9 P:NvUbdIzC       $DFBC: 7D 07 05  ADC $0507,X @ $05CD = #$00
A:B4 X:C6 Y:08 S:F9 P:NvUbdIzc       $DFBF: 9D 03 05  STA $0503,X @ $05C9 = #$B3
A:B4 X:C6 Y:08 S:F9 P:NvUbdIzc       $DFC2: 18        CLC
A:B4 X:C6 Y:08 S:F9 P:NvUbdIzc       $DFC3: 69 02     ADC #$02
A:B6 X:C6 Y:08 S:F9 P:NvUbdIzc       $DFC5: C9 05     CMP #$05
A:B6 X:C6 Y:08 S:F9 P:NvUbdIzC       $DFC7: 90 1B     BCC $DFE4
A:B6 X:C6 Y:08 S:F9 P:NvUbdIzC       $DFC9: 18        CLC
A:B6 X:C6 Y:08 S:F9 P:NvUbdIzc       $DFCA: BD 06 05  LDA $0506,X @ $05CC = #$5E
A:5E X:C6 Y:08 S:F9 P:nvUbdIzc       $DFCD: 7D 0A 05  ADC $050A,X @ $05D0 = #$80
A:DE X:C6 Y:08 S:F9 P:NvUbdIzc       $DFD0: 9D 06 05  STA $0506,X @ $05CC = #$5E
A:DE X:C6 Y:08 S:F9 P:NvUbdIzc       $DFD3: BD 05 05  LDA $0505,X @ $05CB = #$0B
A:0B X:C6 Y:08 S:F9 P:nvUbdIzc       $DFD6: 7D 09 05  ADC $0509,X @ $05CF = #$FE
A:09 X:C6 Y:08 S:F9 P:nvUbdIzC       $DFD9: 9D 05 05  STA $0505,X @ $05CB = #$0B
A:09 X:C6 Y:08 S:F9 P:nvUbdIzC       $DFDC: 18        CLC
A:09 X:C6 Y:08 S:F9 P:nvUbdIzc       $DFDD: 69 02     ADC #$02
A:0B X:C6 Y:08 S:F9 P:nvUbdIzc       $DFDF: C9 05     CMP #$05
A:0B X:C6 Y:08 S:F9 P:nvUbdIzC       $DFE1: 90 01     BCC $DFE4
A:0B X:C6 Y:08 S:F9 P:nvUbdIzC       $DFE3: 60        RTS (from $DFAF) ----------------------------
A:0B X:C6 Y:08 S:FB P:nvUbdIzC     $E11E: DE 0C 05  DEC $050C,X @ $05D2 = #$99
A:0B X:C6 Y:08 S:FB P:NvUbdIzC     $E121: BD 0C 05  LDA $050C,X @ $05D2 = #$98
A:98 X:C6 Y:08 S:FB P:NvUbdIzC     $E124: C9 DC     CMP #$DC
A:98 X:C6 Y:08 S:FB P:NvUbdIzc     $E126: F0 0A     BEQ $E132
A:98 X:C6 Y:08 S:FB P:NvUbdIzc     $E128: C9 B8     CMP #$B8
A:98 X:C6 Y:08 S:FB P:NvUbdIzc     $E12A: F0 0E     BEQ $E13A
A:98 X:C6 Y:08 S:FB P:NvUbdIzc     $E12C: A9 13     LDA #$13
A:13 X:C6 Y:08 S:FB P:nvUbdIzc     $E12E: 20 3F E7  JSR $E73F
A:13 X:C6 Y:08 S:F9 P:nvUbdIzc       $E73F: 48        PHA
A:13 X:C6 Y:08 S:F8 P:nvUbdIzc        $E740: A9 10     LDA #$10
A:10 X:C6 Y:08 S:F8 P:nvUbdIzc        $E742: 4C 6B C0  JMP $C06B
A:10 X:C6 Y:08 S:F8 P:nvUbdIzc        $C06B: A0 04     LDY #$04
A:10 X:C6 Y:04 S:F8 P:nvUbdIzc        $C06D: 8C 04 C0  STY $C004 = #$04
A:10 X:C6 Y:04 S:F8 P:nvUbdIzc        $C070: 0A        ASL
A:20 X:C6 Y:04 S:F8 P:nvUbdIzc        $C071: A8        TAY
A:20 X:C6 Y:20 S:F8 P:nvUbdIzc        $C072: B9 08 92  LDA $9208,Y @ $9228 = #$5E
A:5E X:C6 Y:20 S:F8 P:nvUbdIzc        $C075: 85 3A     STA $3A = #$1B
A:5E X:C6 Y:20 S:F8 P:nvUbdIzc        $C077: B9 09 92  LDA $9209,Y @ $9229 = #$93
A:93 X:C6 Y:20 S:F8 P:NvUbdIzc        $C07A: 85 3B     STA $3B = #$E1
A:93 X:C6 Y:20 S:F8 P:NvUbdIzc        $C07C: 6C 3A 00  JMP ($003A) = $935E
A:93 X:C6 Y:20 S:F8 P:NvUbdIzc        $935E: AD 06 92  LDA $9206 = #$21
A:21 X:C6 Y:20 S:F8 P:nvUbdIzc        $9361: 85 02     STA $02 = #$12
A:21 X:C6 Y:20 S:F8 P:nvUbdIzc        $9363: AD 07 92  LDA $9207 = #$AE
A:AE X:C6 Y:20 S:F8 P:NvUbdIzc        $9366: 85 03     STA $03 = #$12
A:AE X:C6 Y:20 S:F8 P:NvUbdIzc        $9368: A6 50     LDX $50 = #$C6
A:AE X:C6 Y:20 S:F8 P:NvUbdIzc        $936A: BD 0F 05  LDA $050F,X @ $05D5 = #$02
A:02 X:C6 Y:20 S:F8 P:nvUbdIzc        $936D: 4A        LSR
A:01 X:C6 Y:20 S:F8 P:nvUbdIzc        $936E: 4A        LSR
A:00 X:C6 Y:20 S:F8 P:nvUbdIZC        $936F: 4A        LSR
A:00 X:C6 Y:20 S:F8 P:nvUbdIZc        $9370: 29 1E     AND #$1E
A:00 X:C6 Y:20 S:F8 P:nvUbdIZc        $9372: A8        TAY
A:00 X:C6 Y:00 S:F8 P:nvUbdIZc        $9373: B1 02     LDA ($02),Y @ $AE21 = #$35
A:35 X:C6 Y:00 S:F8 P:nvUbdIzc        $9375: 48        PHA
A:35 X:C6 Y:00 S:F7 P:nvUbdIzc         $9376: C8        INY
A:35 X:C6 Y:01 S:F7 P:nvUbdIzc         $9377: B1 02     LDA ($02),Y @ $AE22 = #$AE
A:AE X:C6 Y:01 S:F7 P:NvUbdIzc         $9379: 85 03     STA $03 = #$AE
A:AE X:C6 Y:01 S:F7 P:NvUbdIzc         $937B: 68        PLA
A:35 X:C6 Y:01 S:F8 P:nvUbdIzc        $937C: 85 02     STA $02 = #$21
A:35 X:C6 Y:01 S:F8 P:nvUbdIzc        $937E: 68        PLA
A:13 X:C6 Y:01 S:F9 P:nvUbdIzc       $937F: 29 7F     AND #$7F
A:13 X:C6 Y:01 S:F9 P:nvUbdIzc       $9381: 0A        ASL
A:26 X:C6 Y:01 S:F9 P:nvUbdIzc       $9382: A8        TAY
A:26 X:C6 Y:26 S:F9 P:nvUbdIzc       $9383: B1 02     LDA ($02),Y @ $AE5B = #$E5
A:E5 X:C6 Y:26 S:F9 P:NvUbdIzc       $9385: 85 01     STA $01 = #$B3
A:E5 X:C6 Y:26 S:F9 P:NvUbdIzc       $9387: BD 02 05  LDA $0502,X @ $05C8 = #$00
A:00 X:C6 Y:26 S:F9 P:nvUbdIZc       $938A: 30 06     BMI $9392
A:00 X:C6 Y:26 S:F9 P:nvUbdIZc       $938C: C8        INY
A:00 X:C6 Y:27 S:F9 P:nvUbdIzc       $938D: B1 02     LDA ($02),Y @ $AE5C = #$83
A:83 X:C6 Y:27 S:F9 P:NvUbdIzc       $938F: 4C 9A 93  JMP $939A
A:83 X:C6 Y:27 S:F9 P:NvUbdIzc       $939A: A4 51     LDY $51 = #$B8
A:83 X:C6 Y:B8 S:F9 P:NvUbdIzc       $939C: 84 07     STY $07 = #$00
A:83 X:C6 Y:B8 S:F9 P:NvUbdIzc       $939E: C8        INY
A:83 X:C6 Y:B9 S:F9 P:NvUbdIzc       $939F: C8        INY
A:83 X:C6 Y:BA S:F9 P:NvUbdIzc       $93A0: C8        INY
A:83 X:C6 Y:BB S:F9 P:NvUbdIzc       $93A1: C8        INY
A:83 X:C6 Y:BC S:F9 P:NvUbdIzc       $93A2: 84 06     STY $06 = #$B4
A:83 X:C6 Y:BC S:F9 P:NvUbdIzc       $93A4: A4 07     LDY $07 = #$B8
A:83 X:C6 Y:B8 S:F9 P:NvUbdIzc       $93A6: 99 02 02  STA $0202,Y @ $02BA = #$83
A:83 X:C6 Y:B8 S:F9 P:NvUbdIzc       $93A9: A4 06     LDY $06 = #$BC
A:83 X:C6 Y:BC S:F9 P:NvUbdIzc       $93AB: 99 02 02  STA $0202,Y @ $02BE = #$83
A:83 X:C6 Y:BC S:F9 P:NvUbdIzc       $93AE: 2A        ROL
A:06 X:C6 Y:BC S:F9 P:nvUbdIzC       $93AF: 2A        ROL
A:0D X:C6 Y:BC S:F9 P:nvUbdIzc       $93B0: 2A        ROL
A:1A X:C6 Y:BC S:F9 P:nvUbdIzc       $93B1: 29 03     AND #$03
A:02 X:C6 Y:BC S:F9 P:nvUbdIzc       $93B3: 48        PHA
A:02 X:C6 Y:BC S:F8 P:nvUbdIzc        $93B4: 20 C3 93  JSR $93C3
A:02 X:C6 Y:BC S:F6 P:nvUbdIzc          $93C3: A4 51     LDY $51 = #$B8
A:02 X:C6 Y:B8 S:F6 P:NvUbdIzc          $93C5: 84 07     STY $07 = #$B8
A:02 X:C6 Y:B8 S:F6 P:NvUbdIzc          $93C7: C8        INY
A:02 X:C6 Y:B9 S:F6 P:NvUbdIzc          $93C8: C8        INY
A:02 X:C6 Y:BA S:F6 P:NvUbdIzc          $93C9: C8        INY
A:02 X:C6 Y:BB S:F6 P:NvUbdIzc          $93CA: C8        INY
A:02 X:C6 Y:BC S:F6 P:NvUbdIzc          $93CB: 84 06     STY $06 = #$BC
A:02 X:C6 Y:BC S:F6 P:NvUbdIzc          $93CD: BD 03 05  LDA $0503,X @ $05C9 = #$B4
A:B4 X:C6 Y:BC S:F6 P:NvUbdIzc          $93D0: A4 06     LDY $06 = #$BC
A:B4 X:C6 Y:BC S:F6 P:NvUbdIzc          $93D2: 99 03 02  STA $0203,Y @ $02BF = #$B0
A:B4 X:C6 Y:BC S:F6 P:NvUbdIzc          $93D5: 18        CLC
A:B4 X:C6 Y:BC S:F6 P:NvUbdIzc          $93D6: 69 F8     ADC #$F8
A:AC X:C6 Y:BC S:F6 P:NvUbdIzC          $93D8: A4 07     LDY $07 = #$B8
A:AC X:C6 Y:B8 S:F6 P:NvUbdIzC          $93DA: 99 03 02  STA $0203,Y @ $02BB = #$A8
A:AC X:C6 Y:B8 S:F6 P:NvUbdIzC          $93DD: BD 05 05  LDA $0505,X @ $05CB = #$09
A:09 X:C6 Y:B8 S:F6 P:nvUbdIzC          $93E0: 18        CLC
A:09 X:C6 Y:B8 S:F6 P:nvUbdIzc          $93E1: 69 F8     ADC #$F8
A:01 X:C6 Y:B8 S:F6 P:nvUbdIzC          $93E3: 99 00 02  STA $0200,Y @ $02B8 = #$F8
A:01 X:C6 Y:B8 S:F6 P:nvUbdIzC          $93E6: A4 06     LDY $06 = #$BC
A:01 X:C6 Y:BC S:F6 P:NvUbdIzC          $93E8: 99 00 02  STA $0200,Y @ $02BC = #$F8
A:01 X:C6 Y:BC S:F6 P:NvUbdIzC          $93EB: 60        RTS (from $93C3) ----------------------------
A:01 X:C6 Y:BC S:F8 P:NvUbdIzC        $93B7: 68        PLA
A:02 X:C6 Y:BC S:F9 P:nvUbdIzC       $93B8: 20 15 94  JSR $9415
A:02 X:C6 Y:BC S:F7 P:nvUbdIzC         $9415: 0A        ASL
A:04 X:C6 Y:BC S:F7 P:nvUbdIzc         $9416: A8        TAY
A:04 X:C6 Y:04 S:F7 P:nvUbdIzc         $9417: 68        PLA
A:BA X:C6 Y:04 S:F8 P:NvUbdIzc        $9418: 85 3A     STA $3A = #$5E
A:BA X:C6 Y:04 S:F8 P:NvUbdIzc        $941A: 68        PLA
A:93 X:C6 Y:04 S:F9 P:NvUbdIzc       $941B: 85 3B     STA $3B = #$93
A:93 X:C6 Y:04 S:F9 P:NvUbdIzc       $941D: C8        INY
A:93 X:C6 Y:05 S:F9 P:nvUbdIzc       $941E: 8A        TXA
A:C6 X:C6 Y:05 S:F9 P:NvUbdIzc       $941F: 48        PHA
A:C6 X:C6 Y:05 S:F8 P:NvUbdIzc        $9420: B1 3A     LDA ($3A),Y @ $93BF = #$EC
A:EC X:C6 Y:05 S:F8 P:NvUbdIzc        $9422: AA        TAX
A:EC X:EC Y:05 S:F8 P:NvUbdIzc        $9423: C8        INY
A:EC X:EC Y:06 S:F8 P:nvUbdIzc        $9424: B1 3A     LDA ($3A),Y @ $93C0 = #$93
A:93 X:EC Y:06 S:F8 P:NvUbdIzc        $9426: 85 3B     STA $3B = #$93
A:93 X:EC Y:06 S:F8 P:NvUbdIzc        $9428: 86 3A     STX $3A = #$BA
A:93 X:EC Y:06 S:F8 P:NvUbdIzc        $942A: 68        PLA
A:C6 X:EC Y:06 S:F9 P:NvUbdIzc       $942B: AA        TAX
A:C6 X:C6 Y:06 S:F9 P:NvUbdIzc       $942C: 6C 3A 00  JMP ($003A) = $93EC
A:C6 X:C6 Y:06 S:F9 P:NvUbdIzc       $93EC: A4 07     LDY $07 = #$B8
A:C6 X:C6 Y:B8 S:F9 P:NvUbdIzc       $93EE: A5 01     LDA $01 = #$E5
A:E5 X:C6 Y:B8 S:F9 P:NvUbdIzc       $93F0: 99 01 02  STA $0201,Y @ $02B9 = #$E5
A:E5 X:C6 Y:B8 S:F9 P:NvUbdIzc       $93F3: 18        CLC
A:E5 X:C6 Y:B8 S:F9 P:NvUbdIzc       $93F4: 69 02     ADC #$02
A:E7 X:C6 Y:B8 S:F9 P:NvUbdIzc       $93F6: A4 06     LDY $06 = #$BC
A:E7 X:C6 Y:BC S:F9 P:NvUbdIzc       $93F8: 99 01 02  STA $0201,Y @ $02BD = #$E7
A:E7 X:C6 Y:BC S:F9 P:NvUbdIzc       $93FB: 4C 0D 94  JMP $940D
A:E7 X:C6 Y:BC S:F9 P:NvUbdIzc       $940D: 18        CLC
A:E7 X:C6 Y:BC S:F9 P:NvUbdIzc       $940E: A5 51     LDA $51 = #$B8
A:B8 X:C6 Y:BC S:F9 P:NvUbdIzc       $9410: 69 08     ADC #$08
A:C0 X:C6 Y:BC S:F9 P:NvUbdIzc       $9412: 85 51     STA $51 = #$B8
A:C0 X:C6 Y:BC S:F9 P:NvUbdIzc       $9414: 60        RTS (from $E73F) ----------------------------
A:C0 X:C6 Y:BC S:FB P:NvUbdIzc     $E131: 60        RTS (from $D97F) ----------------------------
A:C0 X:C6 Y:BC S:FD P:NvUbdIzc   $D973: A5 50     LDA $50 = #$C6
A:C6 X:C6 Y:BC S:FD P:NvUbdIzc   $D975: 18        CLC
A:C6 X:C6 Y:BC S:FD P:NvUbdIzc   $D976: 69 12     ADC #$12
A:D8 X:C6 Y:BC S:FD P:NvUbdIzc   $D978: 85 50     STA $50 = #$C6
A:D8 X:C6 Y:BC S:FD P:NvUbdIzc   $D97A: C6 0F     DEC $0F = #$01
A:D8 X:C6 Y:BC S:FD P:nvUbdIZc   $D97C: D0 EB     BNE $D969
A:D8 X:C6 Y:BC S:FD P:nvUbdIZc   $D97E: 60        RTS (from $D95E) ----------------------------
A:D8 X:C6 Y:BC S:FF P:nvUbdIZc $F45F: AD 02 20  LDA $2002 = #$12
A:12 X:C6 Y:BC S:FF P:nvUbdIzc $F462: 20 56 D4  JSR $D456
A:12 X:C6 Y:BC S:FD P:nvUbdIzc   $D456: A9 45     LDA #$45
A:45 X:C6 Y:BC S:FD P:nvUbdIzc   $D458: 4C 57 C0  JMP $C057
A:45 X:C6 Y:BC S:FD P:nvUbdIzc   $C057: A0 06     LDY #$06
A:45 X:C6 Y:06 S:FD P:nvUbdIzc   $C059: 8C 06 C0  STY $C006 = #$06
A:45 X:C6 Y:06 S:FD P:nvUbdIzc   $C05C: 0A        ASL
A:8A X:C6 Y:06 S:FD P:NvUbdIzc   $C05D: A8        TAY
A:8A X:C6 Y:8A S:FD P:NvUbdIzc   $C05E: B9 40 80  LDA $8040,Y @ $80CA = #$1F
A:1F X:C6 Y:8A S:FD P:nvUbdIzc   $C061: 85 3A     STA $3A = #$EC
A:1F X:C6 Y:8A S:FD P:nvUbdIzc   $C063: B9 41 80  LDA $8041,Y @ $80CB = #$A3
A:A3 X:C6 Y:8A S:FD P:NvUbdIzc   $C066: 85 3B     STA $3B = #$93
A:A3 X:C6 Y:8A S:FD P:NvUbdIzc   $C068: 6C 3A 00  JMP ($003A) = $A31F
A:A3 X:C6 Y:8A S:FD P:NvUbdIzc   $A31F: A2 00     LDX #$00
A:A3 X:00 Y:8A S:FD P:nvUbdIZc   $A321: 86 52     STX $52 = #$00
A:A3 X:00 Y:8A S:FD P:nvUbdIZc   $A323: 86 61     STX $61 = #$00
A:A3 X:00 Y:8A S:FD P:nvUbdIZc   $A325: 86 50     STX $50 = #$D8
A:A3 X:00 Y:8A S:FD P:nvUbdIZc   $A327: A9 0C     LDA #$0C
A:0C X:00 Y:8A S:FD P:nvUbdIzc   $A329: 48        PHA
A:0C X:00 Y:8A S:FC P:nvUbdIzc    $A32A: A6 50     LDX $50 = #$00
A:0C X:00 Y:8A S:FC P:nvUbdIZc    $A32C: BD 15 04  LDA $0415,X @ $0415 = #$00
A:00 X:00 Y:8A S:FC P:nvUbdIZc    $A32F: A8        TAY
A:00 X:00 Y:00 S:FC P:nvUbdIZc    $A330: F0 16     BEQ $A348
A:00 X:00 Y:00 S:FC P:nvUbdIZc    $A348: A5 50     LDA $50 = #$00
A:00 X:00 Y:00 S:FC P:nvUbdIZc    $A34A: 18        CLC
A:00 X:00 Y:00 S:FC P:nvUbdIZc    $A34B: 69 0E     ADC #$0E
A:0E X:00 Y:00 S:FC P:nvUbdIzc    $A34D: 85 50     STA $50 = #$00
A:0E X:00 Y:00 S:FC P:nvUbdIzc    $A34F: 68        PLA
A:0C X:00 Y:00 S:FD P:nvUbdIzc   $A350: A8        TAY
A:0C X:00 Y:0C S:FD P:nvUbdIzc   $A351: 88        DEY
A:0C X:00 Y:0B S:FD P:nvUbdIzc   $A352: 98        TYA
A:0B X:00 Y:0B S:FD P:nvUbdIzc   $A353: D0 D4     BNE $A329
A:0B X:00 Y:0B S:FD P:nvUbdIzc   $A329: 48        PHA
A:0B X:00 Y:0B S:FC P:nvUbdIzc    $A32A: A6 50     LDX $50 = #$0E
A:0B X:0E Y:0B S:FC P:nvUbdIzc    $A32C: BD 15 04  LDA $0415,X @ $0423 = #$00
A:00 X:0E Y:0B S:FC P:nvUbdIZc    $A32F: A8        TAY
A:00 X:0E Y:00 S:FC P:nvUbdIZc    $A330: F0 16     BEQ $A348
A:00 X:0E Y:00 S:FC P:nvUbdIZc    $A348: A5 50     LDA $50 = #$0E
A:0E X:0E Y:00 S:FC P:nvUbdIzc    $A34A: 18        CLC
A:0E X:0E Y:00 S:FC P:nvUbdIzc    $A34B: 69 0E     ADC #$0E
A:1C X:0E Y:00 S:FC P:nvUbdIzc    $A34D: 85 50     STA $50 = #$0E
A:1C X:0E Y:00 S:FC P:nvUbdIzc    $A34F: 68        PLA
A:0B X:0E Y:00 S:FD P:nvUbdIzc   $A350: A8        TAY
A:0B X:0E Y:0B S:FD P:nvUbdIzc   $A351: 88        DEY
A:0B X:0E Y:0A S:FD P:nvUbdIzc   $A352: 98        TYA
A:0A X:0E Y:0A S:FD P:nvUbdIzc   $A353: D0 D4     BNE $A329
A:0A X:0E Y:0A S:FD P:nvUbdIzc   $A329: 48        PHA
A:0A X:0E Y:0A S:FC P:nvUbdIzc    $A32A: A6 50     LDX $50 = #$1C
A:0A X:1C Y:0A S:FC P:nvUbdIzc    $A32C: BD 15 04  LDA $0415,X @ $0431 = #$00
A:00 X:1C Y:0A S:FC P:nvUbdIZc    $A32F: A8        TAY
A:00 X:1C Y:00 S:FC P:nvUbdIZc    $A330: F0 16     BEQ $A348
A:00 X:1C Y:00 S:FC P:nvUbdIZc    $A348: A5 50     LDA $50 = #$1C
A:1C X:1C Y:00 S:FC P:nvUbdIzc    $A34A: 18        CLC
A:1C X:1C Y:00 S:FC P:nvUbdIzc    $A34B: 69 0E     ADC #$0E
A:2A X:1C Y:00 S:FC P:nvUbdIzc    $A34D: 85 50     STA $50 = #$1C
A:2A X:1C Y:00 S:FC P:nvUbdIzc    $A34F: 68        PLA
A:0A X:1C Y:00 S:FD P:nvUbdIzc   $A350: A8        TAY
A:0A X:1C Y:0A S:FD P:nvUbdIzc   $A351: 88        DEY
A:0A X:1C Y:09 S:FD P:nvUbdIzc   $A352: 98        TYA
A:09 X:1C Y:09 S:FD P:nvUbdIzc   $A353: D0 D4     BNE $A329
A:09 X:1C Y:09 S:FD P:nvUbdIzc   $A329: 48        PHA
A:09 X:1C Y:09 S:FC P:nvUbdIzc    $A32A: A6 50     LDX $50 = #$2A
A:09 X:2A Y:09 S:FC P:nvUbdIzc    $A32C: BD 15 04  LDA $0415,X @ $043F = #$00
A:00 X:2A Y:09 S:FC P:nvUbdIZc    $A32F: A8        TAY
A:00 X:2A Y:00 S:FC P:nvUbdIZc    $A330: F0 16     BEQ $A348
A:00 X:2A Y:00 S:FC P:nvUbdIZc    $A348: A5 50     LDA $50 = #$2A
A:2A X:2A Y:00 S:FC P:nvUbdIzc    $A34A: 18        CLC
A:2A X:2A Y:00 S:FC P:nvUbdIzc    $A34B: 69 0E     ADC #$0E
A:38 X:2A Y:00 S:FC P:nvUbdIzc    $A34D: 85 50     STA $50 = #$2A
A:38 X:2A Y:00 S:FC P:nvUbdIzc    $A34F: 68        PLA
A:09 X:2A Y:00 S:FD P:nvUbdIzc   $A350: A8        TAY
A:09 X:2A Y:09 S:FD P:nvUbdIzc   $A351: 88        DEY
A:09 X:2A Y:08 S:FD P:nvUbdIzc   $A352: 98        TYA
A:08 X:2A Y:08 S:FD P:nvUbdIzc   $A353: D0 D4     BNE $A329
A:08 X:2A Y:08 S:FD P:nvUbdIzc   $A329: 48        PHA
A:08 X:2A Y:08 S:FC P:nvUbdIzc    $A32A: A6 50     LDX $50 = #$38
A:08 X:38 Y:08 S:FC P:nvUbdIzc    $A32C: BD 15 04  LDA $0415,X @ $044D = #$00
A:00 X:38 Y:08 S:FC P:nvUbdIZc    $A32F: A8        TAY
A:00 X:38 Y:00 S:FC P:nvUbdIZc    $A330: F0 16     BEQ $A348
A:00 X:38 Y:00 S:FC P:nvUbdIZc    $A348: A5 50     LDA $50 = #$38
A:38 X:38 Y:00 S:FC P:nvUbdIzc    $A34A: 18        CLC
A:38 X:38 Y:00 S:FC P:nvUbdIzc    $A34B: 69 0E     ADC #$0E
A:46 X:38 Y:00 S:FC P:nvUbdIzc    $A34D: 85 50     STA $50 = #$38
A:46 X:38 Y:00 S:FC P:nvUbdIzc    $A34F: 68        PLA
A:08 X:38 Y:00 S:FD P:nvUbdIzc   $A350: A8        TAY
A:08 X:38 Y:08 S:FD P:nvUbdIzc   $A351: 88        DEY
A:08 X:38 Y:07 S:FD P:nvUbdIzc   $A352: 98        TYA
A:07 X:38 Y:07 S:FD P:nvUbdIzc   $A353: D0 D4     BNE $A329
A:07 X:38 Y:07 S:FD P:nvUbdIzc   $A329: 48        PHA
A:07 X:38 Y:07 S:FC P:nvUbdIzc    $A32A: A6 50     LDX $50 = #$46
A:07 X:46 Y:07 S:FC P:nvUbdIzc    $A32C: BD 15 04  LDA $0415,X @ $045B = #$00
A:00 X:46 Y:07 S:FC P:nvUbdIZc    $A32F: A8        TAY
A:00 X:46 Y:00 S:FC P:nvUbdIZc    $A330: F0 16     BEQ $A348
A:00 X:46 Y:00 S:FC P:nvUbdIZc    $A348: A5 50     LDA $50 = #$46
A:46 X:46 Y:00 S:FC P:nvUbdIzc    $A34A: 18        CLC
A:46 X:46 Y:00 S:FC P:nvUbdIzc    $A34B: 69 0E     ADC #$0E
A:54 X:46 Y:00 S:FC P:nvUbdIzc    $A34D: 85 50     STA $50 = #$46
A:54 X:46 Y:00 S:FC P:nvUbdIzc    $A34F: 68        PLA
A:07 X:46 Y:00 S:FD P:nvUbdIzc   $A350: A8        TAY
A:07 X:46 Y:07 S:FD P:nvUbdIzc   $A351: 88        DEY
A:07 X:46 Y:06 S:FD P:nvUbdIzc   $A352: 98        TYA
A:06 X:46 Y:06 S:FD P:nvUbdIzc   $A353: D0 D4     BNE $A329
A:06 X:46 Y:06 S:FD P:nvUbdIzc   $A329: 48        PHA
A:06 X:46 Y:06 S:FC P:nvUbdIzc    $A32A: A6 50     LDX $50 = #$54
A:06 X:54 Y:06 S:FC P:nvUbdIzc    $A32C: BD 15 04  LDA $0415,X @ $0469 = #$00
A:00 X:54 Y:06 S:FC P:nvUbdIZc    $A32F: A8        TAY
A:00 X:54 Y:00 S:FC P:nvUbdIZc    $A330: F0 16     BEQ $A348
A:00 X:54 Y:00 S:FC P:nvUbdIZc    $A348: A5 50     LDA $50 = #$54
A:54 X:54 Y:00 S:FC P:nvUbdIzc    $A34A: 18        CLC
A:54 X:54 Y:00 S:FC P:nvUbdIzc    $A34B: 69 0E     ADC #$0E
A:62 X:54 Y:00 S:FC P:nvUbdIzc    $A34D: 85 50     STA $50 = #$54
A:62 X:54 Y:00 S:FC P:nvUbdIzc    $A34F: 68        PLA
A:06 X:54 Y:00 S:FD P:nvUbdIzc   $A350: A8        TAY
A:06 X:54 Y:06 S:FD P:nvUbdIzc   $A351: 88        DEY
A:06 X:54 Y:05 S:FD P:nvUbdIzc   $A352: 98        TYA
A:05 X:54 Y:05 S:FD P:nvUbdIzc   $A353: D0 D4     BNE $A329
A:05 X:54 Y:05 S:FD P:nvUbdIzc   $A329: 48        PHA
A:05 X:54 Y:05 S:FC P:nvUbdIzc    $A32A: A6 50     LDX $50 = #$62
A:05 X:62 Y:05 S:FC P:nvUbdIzc    $A32C: BD 15 04  LDA $0415,X @ $0477 = #$00
A:00 X:62 Y:05 S:FC P:nvUbdIZc    $A32F: A8        TAY
A:00 X:62 Y:00 S:FC P:nvUbdIZc    $A330: F0 16     BEQ $A348
A:00 X:62 Y:00 S:FC P:nvUbdIZc    $A348: A5 50     LDA $50 = #$62
A:62 X:62 Y:00 S:FC P:nvUbdIzc    $A34A: 18        CLC
A:62 X:62 Y:00 S:FC P:nvUbdIzc    $A34B: 69 0E     ADC #$0E
A:70 X:62 Y:00 S:FC P:nvUbdIzc    $A34D: 85 50     STA $50 = #$62
A:70 X:62 Y:00 S:FC P:nvUbdIzc    $A34F: 68        PLA
A:05 X:62 Y:00 S:FD P:nvUbdIzc   $A350: A8        TAY
A:05 X:62 Y:05 S:FD P:nvUbdIzc   $A351: 88        DEY
A:05 X:62 Y:04 S:FD P:nvUbdIzc   $A352: 98        TYA
A:04 X:62 Y:04 S:FD P:nvUbdIzc   $A353: D0 D4     BNE $A329
A:04 X:62 Y:04 S:FD P:nvUbdIzc   $A329: 48        PHA
A:04 X:62 Y:04 S:FC P:nvUbdIzc    $A32A: A6 50     LDX $50 = #$70
A:04 X:70 Y:04 S:FC P:nvUbdIzc    $A32C: BD 15 04  LDA $0415,X @ $0485 = #$00
A:00 X:70 Y:04 S:FC P:nvUbdIZc    $A32F: A8        TAY
A:00 X:70 Y:00 S:FC P:nvUbdIZc    $A330: F0 16     BEQ $A348
A:00 X:70 Y:00 S:FC P:nvUbdIZc    $A348: A5 50     LDA $50 = #$70
A:70 X:70 Y:00 S:FC P:nvUbdIzc    $A34A: 18        CLC
A:70 X:70 Y:00 S:FC P:nvUbdIzc    $A34B: 69 0E     ADC #$0E
A:7E X:70 Y:00 S:FC P:nvUbdIzc    $A34D: 85 50     STA $50 = #$70
A:7E X:70 Y:00 S:FC P:nvUbdIzc    $A34F: 68        PLA
A:04 X:70 Y:00 S:FD P:nvUbdIzc   $A350: A8        TAY
A:04 X:70 Y:04 S:FD P:nvUbdIzc   $A351: 88        DEY
A:04 X:70 Y:03 S:FD P:nvUbdIzc   $A352: 98        TYA
A:03 X:70 Y:03 S:FD P:nvUbdIzc   $A353: D0 D4     BNE $A329
A:03 X:70 Y:03 S:FD P:nvUbdIzc   $A329: 48        PHA
A:03 X:70 Y:03 S:FC P:nvUbdIzc    $A32A: A6 50     LDX $50 = #$7E
A:03 X:7E Y:03 S:FC P:nvUbdIzc    $A32C: BD 15 04  LDA $0415,X @ $0493 = #$00
A:00 X:7E Y:03 S:FC P:nvUbdIZc    $A32F: A8        TAY
A:00 X:7E Y:00 S:FC P:nvUbdIZc    $A330: F0 16     BEQ $A348
A:00 X:7E Y:00 S:FC P:nvUbdIZc    $A348: A5 50     LDA $50 = #$7E
A:7E X:7E Y:00 S:FC P:nvUbdIzc    $A34A: 18        CLC
A:7E X:7E Y:00 S:FC P:nvUbdIzc    $A34B: 69 0E     ADC #$0E
A:8C X:7E Y:00 S:FC P:NVUbdIzc    $A34D: 85 50     STA $50 = #$7E
A:8C X:7E Y:00 S:FC P:NVUbdIzc    $A34F: 68        PLA
A:03 X:7E Y:00 S:FD P:nVUbdIzc   $A350: A8        TAY
A:03 X:7E Y:03 S:FD P:nVUbdIzc   $A351: 88        DEY
A:03 X:7E Y:02 S:FD P:nVUbdIzc   $A352: 98        TYA
A:02 X:7E Y:02 S:FD P:nVUbdIzc   $A353: D0 D4     BNE $A329
A:02 X:7E Y:02 S:FD P:nVUbdIzc   $A329: 48        PHA
A:02 X:7E Y:02 S:FC P:nVUbdIzc    $A32A: A6 50     LDX $50 = #$8C
A:02 X:8C Y:02 S:FC P:NVUbdIzc    $A32C: BD 15 04  LDA $0415,X @ $04A1 = #$00
A:00 X:8C Y:02 S:FC P:nVUbdIZc    $A32F: A8        TAY
A:00 X:8C Y:00 S:FC P:nVUbdIZc    $A330: F0 16     BEQ $A348
A:00 X:8C Y:00 S:FC P:nVUbdIZc    $A348: A5 50     LDA $50 = #$8C
A:8C X:8C Y:00 S:FC P:NVUbdIzc    $A34A: 18        CLC
A:8C X:8C Y:00 S:FC P:NVUbdIzc    $A34B: 69 0E     ADC #$0E
A:9A X:8C Y:00 S:FC P:NvUbdIzc    $A34D: 85 50     STA $50 = #$8C
A:9A X:8C Y:00 S:FC P:NvUbdIzc    $A34F: 68        PLA
A:02 X:8C Y:00 S:FD P:nvUbdIzc   $A350: A8        TAY
A:02 X:8C Y:02 S:FD P:nvUbdIzc   $A351: 88        DEY
A:02 X:8C Y:01 S:FD P:nvUbdIzc   $A352: 98        TYA
A:01 X:8C Y:01 S:FD P:nvUbdIzc   $A353: D0 D4     BNE $A329
A:01 X:8C Y:01 S:FD P:nvUbdIzc   $A329: 48        PHA
A:01 X:8C Y:01 S:FC P:nvUbdIzc    $A32A: A6 50     LDX $50 = #$9A
A:01 X:9A Y:01 S:FC P:NvUbdIzc    $A32C: BD 15 04  LDA $0415,X @ $04AF = #$00
A:00 X:9A Y:01 S:FC P:nvUbdIZc    $A32F: A8        TAY
A:00 X:9A Y:00 S:FC P:nvUbdIZc    $A330: F0 16     BEQ $A348
A:00 X:9A Y:00 S:FC P:nvUbdIZc    $A348: A5 50     LDA $50 = #$9A
A:9A X:9A Y:00 S:FC P:NvUbdIzc    $A34A: 18        CLC
A:9A X:9A Y:00 S:FC P:NvUbdIzc    $A34B: 69 0E     ADC #$0E
A:A8 X:9A Y:00 S:FC P:NvUbdIzc    $A34D: 85 50     STA $50 = #$9A
A:A8 X:9A Y:00 S:FC P:NvUbdIzc    $A34F: 68        PLA
A:01 X:9A Y:00 S:FD P:nvUbdIzc   $A350: A8        TAY
A:01 X:9A Y:01 S:FD P:nvUbdIzc   $A351: 88        DEY
A:01 X:9A Y:00 S:FD P:nvUbdIZc   $A352: 98        TYA
A:00 X:9A Y:00 S:FD P:nvUbdIZc   $A353: D0 D4     BNE $A329
A:00 X:9A Y:00 S:FD P:nvUbdIZc   $A355: 60        RTS (from $D456) ----------------------------
A:00 X:9A Y:00 S:FF P:nvUbdIZc $F465: AD 02 20  LDA $2002 = #$12
A:12 X:9A Y:00 S:FF P:nvUbdIzc $F468: 20 7F D6  JSR $D67F
A:12 X:9A Y:00 S:FD P:nvUbdIzc   $D67F: AD 7E 06  LDA $067E = #$00
A:00 X:9A Y:00 S:FD P:nvUbdIZc   $D682: 30 EE     BMI $D672
A:00 X:9A Y:00 S:FD P:nvUbdIZc   $D684: AD F5 04  LDA $04F5 = #$FF
A:FF X:9A Y:00 S:FD P:NvUbdIzc   $D687: 10 11     BPL $D69A
A:FF X:9A Y:00 S:FD P:NvUbdIzc   $D689: AD E0 04  LDA $04E0 = #$00
A:00 X:9A Y:00 S:FD P:nvUbdIZc   $D68C: D0 07     BNE $D695
A:00 X:9A Y:00 S:FD P:nvUbdIZc   $D68E: A9 00     LDA #$00
A:00 X:9A Y:00 S:FD P:nvUbdIZc   $D690: 8D 02 04  STA $0402 = #$00
A:00 X:9A Y:00 S:FD P:nvUbdIZc   $D693: F0 05     BEQ $D69A
A:00 X:9A Y:00 S:FD P:nvUbdIZc   $D69A: AD 00 04  LDA $0400 = #$FF
A:FF X:9A Y:00 S:FD P:NvUbdIzc   $D69D: F0 DF     BEQ $D67E
A:FF X:9A Y:00 S:FD P:NvUbdIzc   $D69F: C9 F9     CMP #$F9
A:FF X:9A Y:00 S:FD P:nvUbdIzC   $D6A1: F0 2B     BEQ $D6CE
A:FF X:9A Y:00 S:FD P:nvUbdIzC   $D6A3: C9 FA     CMP #$FA
A:FF X:9A Y:00 S:FD P:nvUbdIzC   $D6A5: F0 18     BEQ $D6BF
A:FF X:9A Y:00 S:FD P:nvUbdIzC   $D6A7: C9 FB     CMP #$FB
A:FF X:9A Y:00 S:FD P:nvUbdIzC   $D6A9: F0 17     BEQ $D6C2
A:FF X:9A Y:00 S:FD P:nvUbdIzC   $D6AB: C9 FC     CMP #$FC
A:FF X:9A Y:00 S:FD P:nvUbdIzC   $D6AD: F0 16     BEQ $D6C5
A:FF X:9A Y:00 S:FD P:nvUbdIzC   $D6AF: C9 FD     CMP #$FD
A:FF X:9A Y:00 S:FD P:nvUbdIzC   $D6B1: F0 15     BEQ $D6C8
A:FF X:9A Y:00 S:FD P:nvUbdIzC   $D6B3: 90 16     BCC $D6CB
A:FF X:9A Y:00 S:FD P:nvUbdIzC   $D6B5: C9 FF     CMP #$FF
A:FF X:9A Y:00 S:FD P:nvUbdIZC   $D6B7: D0 03     BNE $D6BC
A:FF X:9A Y:00 S:FD P:nvUbdIZC   $D6B9: 4C FF D6  JMP $D6FF
A:FF X:9A Y:00 S:FD P:nvUbdIZC   $D6FF: AD E0 04  LDA $04E0 = #$00
A:00 X:9A Y:00 S:FD P:nvUbdIZC   $D702: D0 21     BNE $D725
A:00 X:9A Y:00 S:FD P:nvUbdIZC   $D704: AD 0E 04  LDA $040E = #$00
A:00 X:9A Y:00 S:FD P:nvUbdIZC   $D707: D0 1C     BNE $D725
A:00 X:9A Y:00 S:FD P:nvUbdIZC   $D709: A5 F4     LDA $F4 = #$00
A:00 X:9A Y:00 S:FD P:nvUbdIZC   $D70B: 29 C0     AND #$C0
A:00 X:9A Y:00 S:FD P:nvUbdIZC   $D70D: C9 C0     CMP #$C0
A:00 X:9A Y:00 S:FD P:nvUbdIzc   $D70F: F0 1D     BEQ $D72E
A:00 X:9A Y:00 S:FD P:nvUbdIzc   $D711: A8        TAY
A:00 X:9A Y:00 S:FD P:nvUbdIZc   $D712: AD 12 04  LDA $0412 = #$00
A:00 X:9A Y:00 S:FD P:nvUbdIZc   $D715: 0D 11 04  ORA $0411 = #$01
A:01 X:9A Y:00 S:FD P:nvUbdIzc   $D718: D0 0B     BNE $D725
A:01 X:9A Y:00 S:FD P:nvUbdIzc   $D725: 20 66 D7  JSR $D766
A:01 X:9A Y:00 S:FB P:nvUbdIzc     $D766: A5 35     LDA $35 = #$00
A:00 X:9A Y:00 S:FB P:nvUbdIZc     $D768: F0 04     BEQ $D76E
A:00 X:9A Y:00 S:FB P:nvUbdIZc     $D76E: A5 F4     LDA $F4 = #$00
A:00 X:9A Y:00 S:FB P:nvUbdIZc     $D770: 29 0F     AND #$0F
A:00 X:9A Y:00 S:FB P:nvUbdIZc     $D772: AA        TAX
A:00 X:00 Y:00 S:FB P:nvUbdIZc     $D773: BD E9 D7  LDA $D7E9,X @ $D7E9 = #$FF
A:FF X:00 Y:00 S:FB P:NvUbdIzc     $D776: 8D 01 04  STA $0401 = #$FF
A:FF X:00 Y:00 S:FB P:NvUbdIzc     $D779: C9 06     CMP #$06
A:FF X:00 Y:00 S:FB P:NvUbdIzC     $D77B: F0 52     BEQ $D7CF
A:FF X:00 Y:00 S:FB P:NvUbdIzC     $D77D: C9 02     CMP #$02
A:FF X:00 Y:00 S:FB P:NvUbdIzC     $D77F: F0 34     BEQ $D7B5
A:FF X:00 Y:00 S:FB P:NvUbdIzC     $D781: A2 FC     LDX #$FC
A:FF X:FC Y:00 S:FB P:NvUbdIzC     $D783: 85 01     STA $01 = #$E5
A:FF X:FC Y:00 S:FB P:NvUbdIzC     $D785: AD 0C 04  LDA $040C = #$80
A:80 X:FC Y:00 S:FB P:NvUbdIzC     $D788: C9 80     CMP #$80
A:80 X:FC Y:00 S:FB P:nvUbdIZC     $D78A: F0 23     BEQ $D7AF
A:80 X:FC Y:00 S:FB P:nvUbdIZC     $D7AF: A9 80     LDA #$80
A:80 X:FC Y:00 S:FB P:NvUbdIzC     $D7B1: 8D 0C 04  STA $040C = #$80
A:80 X:FC Y:00 S:FB P:NvUbdIzC     $D7B4: 60        RTS (from $D766) ----------------------------
A:80 X:FC Y:00 S:FD P:NvUbdIzC   $D728: 20 F9 D7  JSR $D7F9
A:80 X:FC Y:00 S:FB P:NvUbdIzC     $D7F9: AD 01 04  LDA $0401 = #$FF
A:FF X:FC Y:00 S:FB P:NvUbdIzC     $D7FC: C9 FF     CMP #$FF
A:FF X:FC Y:00 S:FB P:nvUbdIZC     $D7FE: F0 1E     BEQ $D81E
A:FF X:FC Y:00 S:FB P:nvUbdIZC     $D81E: 60        RTS (from $D7F9) ----------------------------
A:FF X:FC Y:00 S:FD P:nvUbdIZC   $D72B: 4C 44 D8  JMP $D844
A:FF X:FC Y:00 S:FD P:nvUbdIZC   $D844: AD 0E 04  LDA $040E = #$00
A:00 X:FC Y:00 S:FD P:nvUbdIZC   $D847: F0 03     BEQ $D84C
A:00 X:FC Y:00 S:FD P:nvUbdIZC   $D84C: A0 08     LDY #$08
A:00 X:FC Y:08 S:FD P:nvUbdIzC   $D84E: AD 0C 04  LDA $040C = #$80
A:80 X:FC Y:08 S:FD P:NvUbdIzC   $D851: C9 80     CMP #$80
A:80 X:FC Y:08 S:FD P:nvUbdIZC   $D853: F0 20     BEQ $D875
A:80 X:FC Y:08 S:FD P:nvUbdIZC   $D875: AE 01 04  LDX $0401 = #$FF
A:80 X:FF Y:08 S:FD P:NvUbdIzC   $D878: E0 FF     CPX #$FF
A:80 X:FF Y:08 S:FD P:nvUbdIZC   $D87A: D0 01     BNE $D87D
A:80 X:FF Y:08 S:FD P:nvUbdIZC   $D87C: E8        INX
A:80 X:00 Y:08 S:FD P:nvUbdIZC   $D87D: 8E 0B 04  STX $040B = #$00
A:80 X:00 Y:08 S:FD P:nvUbdIZC   $D880: AD 0B 04  LDA $040B = #$00
A:00 X:00 Y:08 S:FD P:nvUbdIZC   $D883: 0A        ASL
A:00 X:00 Y:08 S:FD P:nvUbdIZc   $D884: A8        TAY
A:00 X:00 Y:00 S:FD P:nvUbdIZc   $D885: A9 06     LDA #$06
A:06 X:00 Y:00 S:FD P:nvUbdIzc   $D887: 8D 06 C0  STA $C006 = #$06
A:06 X:00 Y:00 S:FD P:nvUbdIzc   $D88A: AD 26 80  LDA $8026 = #$3D
A:3D X:00 Y:00 S:FD P:nvUbdIzc   $D88D: 85 06     STA $06 = #$BC
A:3D X:00 Y:00 S:FD P:nvUbdIzc   $D88F: AD 27 80  LDA $8027 = #$BF
A:BF X:00 Y:00 S:FD P:NvUbdIzc   $D892: 85 07     STA $07 = #$B8
A:BF X:00 Y:00 S:FD P:NvUbdIzc   $D894: B1 06     LDA ($06),Y @ $BF3D = #$51
A:51 X:00 Y:00 S:FD P:nvUbdIzc   $D896: 85 00     STA $00 = #$0B
A:51 X:00 Y:00 S:FD P:nvUbdIzc   $D898: C8        INY
A:51 X:00 Y:01 S:FD P:nvUbdIzc   $D899: B1 06     LDA ($06),Y @ $BF3E = #$BF
A:BF X:00 Y:01 S:FD P:NvUbdIzc   $D89B: 85 01     STA $01 = #$FF
A:BF X:00 Y:01 S:FD P:NvUbdIzc   $D89D: AD 03 04  LDA $0403 = #$E9
A:E9 X:00 Y:01 S:FD P:NvUbdIzc   $D8A0: 85 03     STA $03 = #$AE
A:E9 X:00 Y:01 S:FD P:NvUbdIzc   $D8A2: AD 05 04  LDA $0405 = #$CF
A:CF X:00 Y:01 S:FD P:NvUbdIzc   $D8A5: 85 02     STA $02 = #$35
A:CF X:00 Y:01 S:FD P:NvUbdIzc   $D8A7: 4C 19 D9  JMP $D919
A:CF X:00 Y:01 S:FD P:NvUbdIzc   $D919: A9 14     LDA #$14
A:14 X:00 Y:01 S:FD P:nvUbdIzc   $D91B: 4C 57 C0  JMP $C057
A:14 X:00 Y:01 S:FD P:nvUbdIzc   $C057: A0 06     LDY #$06
A:14 X:00 Y:06 S:FD P:nvUbdIzc   $C059: 8C 06 C0  STY $C006 = #$06
A:14 X:00 Y:06 S:FD P:nvUbdIzc   $C05C: 0A        ASL
A:28 X:00 Y:06 S:FD P:nvUbdIzc   $C05D: A8        TAY
A:28 X:00 Y:28 S:FD P:nvUbdIzc   $C05E: B9 40 80  LDA $8040,Y @ $8068 = #$F8
A:F8 X:00 Y:28 S:FD P:NvUbdIzc   $C061: 85 3A     STA $3A = #$1F
A:F8 X:00 Y:28 S:FD P:NvUbdIzc   $C063: B9 41 80  LDA $8041,Y @ $8069 = #$B1
A:B1 X:00 Y:28 S:FD P:NvUbdIzc   $C066: 85 3B     STA $3B = #$A3
A:B1 X:00 Y:28 S:FD P:NvUbdIzc   $C068: 6C 3A 00  JMP ($003A) = $B1F8
A:B1 X:00 Y:28 S:FD P:NvUbdIzc   $B1F8: 8A        TXA
A:00 X:00 Y:28 S:FD P:nvUbdIZc   $B1F9: 48        PHA
A:00 X:00 Y:28 S:FC P:nvUbdIZc    $B1FA: A0 00     LDY #$00
A:00 X:00 Y:00 S:FC P:nvUbdIZc    $B1FC: B1 00     LDA ($00),Y @ $BF51 = #$03
A:03 X:00 Y:00 S:FC P:nvUbdIzc    $B1FE: 85 05     STA $05 = #$24
A:03 X:00 Y:00 S:FC P:nvUbdIzc    $B200: 20 43 B2  JSR $B243
A:03 X:00 Y:00 S:FA P:nvUbdIzc      $B243: E6 00     INC $00 = #$51
A:03 X:00 Y:00 S:FA P:nvUbdIzc      $B245: F0 01     BEQ $B248
A:03 X:00 Y:00 S:FA P:nvUbdIzc      $B247: 60        RTS (from $B243) ----------------------------
A:03 X:00 Y:00 S:FC P:nvUbdIzc    $B203: A6 51     LDX $51 = #$C0
A:03 X:C0 Y:00 S:FC P:NvUbdIzc    $B205: A0 00     LDY #$00
A:03 X:C0 Y:00 S:FC P:nvUbdIZc    $B207: B1 00     LDA ($00),Y @ $BF52 = #$00
A:00 X:C0 Y:00 S:FC P:nvUbdIZc    $B209: 9D 01 02  STA $0201,X @ $02C1 = #$E5
A:00 X:C0 Y:00 S:FC P:nvUbdIZc    $B20C: C8        INY
A:00 X:C0 Y:01 S:FC P:nvUbdIzc    $B20D: B1 00     LDA ($00),Y @ $BF53 = #$00
A:00 X:C0 Y:01 S:FC P:nvUbdIZc    $B20F: 9D 02 02  STA $0202,X @ $02C2 = #$83
A:00 X:C0 Y:01 S:FC P:nvUbdIZc    $B212: C8        INY
A:00 X:C0 Y:02 S:FC P:nvUbdIzc    $B213: B1 00     LDA ($00),Y @ $BF54 = #$F4
A:F4 X:C0 Y:02 S:FC P:NvUbdIzc    $B215: 18        CLC
A:F4 X:C0 Y:02 S:FC P:NvUbdIzc    $B216: 65 03     ADC $03 = #$E9
A:DD X:C0 Y:02 S:FC P:NvUbdIzC    $B218: 9D 03 02  STA $0203,X @ $02C3 = #$8D
A:DD X:C0 Y:02 S:FC P:NvUbdIzC    $B21B: C8        INY
A:DD X:C0 Y:03 S:FC P:nvUbdIzC    $B21C: B1 00     LDA ($00),Y @ $BF55 = #$F8
A:F8 X:C0 Y:03 S:FC P:NvUbdIzC    $B21E: 18        CLC
A:F8 X:C0 Y:03 S:FC P:NvUbdIzc    $B21F: 65 02     ADC $02 = #$CF
A:C7 X:C0 Y:03 S:FC P:NvUbdIzC    $B221: 9D 00 02  STA $0200,X @ $02C0 = #$F8
A:C7 X:C0 Y:03 S:FC P:NvUbdIzC    $B224: A9 04     LDA #$04
A:04 X:C0 Y:03 S:FC P:nvUbdIzC    $B226: 20 37 B2  JSR $B237
A:04 X:C0 Y:03 S:FA P:nvUbdIzC      $B237: 18        CLC
A:04 X:C0 Y:03 S:FA P:nvUbdIzc      $B238: 65 00     ADC $00 = #$52
A:56 X:C0 Y:03 S:FA P:nvUbdIzc      $B23A: 85 00     STA $00 = #$52
A:56 X:C0 Y:03 S:FA P:nvUbdIzc      $B23C: A9 00     LDA #$00
A:00 X:C0 Y:03 S:FA P:nvUbdIZc      $B23E: 65 01     ADC $01 = #$BF
A:BF X:C0 Y:03 S:FA P:NvUbdIzc      $B240: 85 01     STA $01 = #$BF
A:BF X:C0 Y:03 S:FA P:NvUbdIzc      $B242: 60        RTS (from $B237) ----------------------------
A:BF X:C0 Y:03 S:FC P:NvUbdIzc    $B229: A5 51     LDA $51 = #$C0
A:C0 X:C0 Y:03 S:FC P:NvUbdIzc    $B22B: 18        CLC
A:C0 X:C0 Y:03 S:FC P:NvUbdIzc    $B22C: 69 04     ADC #$04
A:C4 X:C0 Y:03 S:FC P:NvUbdIzc    $B22E: 85 51     STA $51 = #$C0
A:C4 X:C0 Y:03 S:FC P:NvUbdIzc    $B230: C6 05     DEC $05 = #$03
A:C4 X:C0 Y:03 S:FC P:nvUbdIzc    $B232: D0 CF     BNE $B203
A:C4 X:C0 Y:03 S:FC P:nvUbdIzc    $B203: A6 51     LDX $51 = #$C4
A:C4 X:C4 Y:03 S:FC P:NvUbdIzc    $B205: A0 00     LDY #$00
A:C4 X:C4 Y:00 S:FC P:nvUbdIZc    $B207: B1 00     LDA ($00),Y @ $BF56 = #$02
A:02 X:C4 Y:00 S:FC P:nvUbdIzc    $B209: 9D 01 02  STA $0201,X @ $02C5 = #$E7
A:02 X:C4 Y:00 S:FC P:nvUbdIzc    $B20C: C8        INY
A:02 X:C4 Y:01 S:FC P:nvUbdIzc    $B20D: B1 00     LDA ($00),Y @ $BF57 = #$00
A:00 X:C4 Y:01 S:FC P:nvUbdIZc    $B20F: 9D 02 02  STA $0202,X @ $02C6 = #$83
A:00 X:C4 Y:01 S:FC P:nvUbdIZc    $B212: C8        INY
A:00 X:C4 Y:02 S:FC P:nvUbdIzc    $B213: B1 00     LDA ($00),Y @ $BF58 = #$FC
A:FC X:C4 Y:02 S:FC P:NvUbdIzc    $B215: 18        CLC
A:FC X:C4 Y:02 S:FC P:NvUbdIzc    $B216: 65 03     ADC $03 = #$E9
A:E5 X:C4 Y:02 S:FC P:NvUbdIzC    $B218: 9D 03 02  STA $0203,X @ $02C7 = #$95
A:E5 X:C4 Y:02 S:FC P:NvUbdIzC    $B21B: C8        INY
A:E5 X:C4 Y:03 S:FC P:nvUbdIzC    $B21C: B1 00     LDA ($00),Y @ $BF59 = #$F8
A:F8 X:C4 Y:03 S:FC P:NvUbdIzC    $B21E: 18        CLC
A:F8 X:C4 Y:03 S:FC P:NvUbdIzc    $B21F: 65 02     ADC $02 = #$CF
A:C7 X:C4 Y:03 S:FC P:NvUbdIzC    $B221: 9D 00 02  STA $0200,X @ $02C4 = #$F8
A:C7 X:C4 Y:03 S:FC P:NvUbdIzC    $B224: A9 04     LDA #$04
A:04 X:C4 Y:03 S:FC P:nvUbdIzC    $B226: 20 37 B2  JSR $B237
A:04 X:C4 Y:03 S:FA P:nvUbdIzC      $B237: 18        CLC
A:04 X:C4 Y:03 S:FA P:nvUbdIzc      $B238: 65 00     ADC $00 = #$56
A:5A X:C4 Y:03 S:FA P:nvUbdIzc      $B23A: 85 00     STA $00 = #$56
A:5A X:C4 Y:03 S:FA P:nvUbdIzc      $B23C: A9 00     LDA #$00
A:00 X:C4 Y:03 S:FA P:nvUbdIZc      $B23E: 65 01     ADC $01 = #$BF
A:BF X:C4 Y:03 S:FA P:NvUbdIzc      $B240: 85 01     STA $01 = #$BF
A:BF X:C4 Y:03 S:FA P:NvUbdIzc      $B242: 60        RTS (from $B237) ----------------------------
A:BF X:C4 Y:03 S:FC P:NvUbdIzc    $B229: A5 51     LDA $51 = #$C4
A:C4 X:C4 Y:03 S:FC P:NvUbdIzc    $B22B: 18        CLC
A:C4 X:C4 Y:03 S:FC P:NvUbdIzc    $B22C: 69 04     ADC #$04
A:C8 X:C4 Y:03 S:FC P:NvUbdIzc    $B22E: 85 51     STA $51 = #$C4
A:C8 X:C4 Y:03 S:FC P:NvUbdIzc    $B230: C6 05     DEC $05 = #$02
A:C8 X:C4 Y:03 S:FC P:nvUbdIzc    $B232: D0 CF     BNE $B203
A:C8 X:C4 Y:03 S:FC P:nvUbdIzc    $B203: A6 51     LDX $51 = #$C8
A:C8 X:C8 Y:03 S:FC P:NvUbdIzc    $B205: A0 00     LDY #$00
A:C8 X:C8 Y:00 S:FC P:nvUbdIZc    $B207: B1 00     LDA ($00),Y @ $BF5A = #$04
A:04 X:C8 Y:00 S:FC P:nvUbdIzc    $B209: 9D 01 02  STA $0201,X @ $02C9 = #$F5
A:04 X:C8 Y:00 S:FC P:nvUbdIzc    $B20C: C8        INY
A:04 X:C8 Y:01 S:FC P:nvUbdIzc    $B20D: B1 00     LDA ($00),Y @ $BF5B = #$00
A:00 X:C8 Y:01 S:FC P:nvUbdIZc    $B20F: 9D 02 02  STA $0202,X @ $02CA = #$82
A:00 X:C8 Y:01 S:FC P:nvUbdIZc    $B212: C8        INY
A:00 X:C8 Y:02 S:FC P:nvUbdIzc    $B213: B1 00     LDA ($00),Y @ $BF5C = #$04
A:04 X:C8 Y:02 S:FC P:nvUbdIzc    $B215: 18        CLC
A:04 X:C8 Y:02 S:FC P:nvUbdIzc    $B216: 65 03     ADC $03 = #$E9
A:ED X:C8 Y:02 S:FC P:NvUbdIzc    $B218: 9D 03 02  STA $0203,X @ $02CB = #$65
A:ED X:C8 Y:02 S:FC P:NvUbdIzc    $B21B: C8        INY
A:ED X:C8 Y:03 S:FC P:nvUbdIzc    $B21C: B1 00     LDA ($00),Y @ $BF5D = #$F8
A:F8 X:C8 Y:03 S:FC P:NvUbdIzc    $B21E: 18        CLC
A:F8 X:C8 Y:03 S:FC P:NvUbdIzc    $B21F: 65 02     ADC $02 = #$CF
A:C7 X:C8 Y:03 S:FC P:NvUbdIzC    $B221: 9D 00 02  STA $0200,X @ $02C8 = #$F8
A:C7 X:C8 Y:03 S:FC P:NvUbdIzC    $B224: A9 04     LDA #$04
A:04 X:C8 Y:03 S:FC P:nvUbdIzC    $B226: 20 37 B2  JSR $B237
A:04 X:C8 Y:03 S:FA P:nvUbdIzC      $B237: 18        CLC
A:04 X:C8 Y:03 S:FA P:nvUbdIzc      $B238: 65 00     ADC $00 = #$5A
A:5E X:C8 Y:03 S:FA P:nvUbdIzc      $B23A: 85 00     STA $00 = #$5A
A:5E X:C8 Y:03 S:FA P:nvUbdIzc      $B23C: A9 00     LDA #$00
A:00 X:C8 Y:03 S:FA P:nvUbdIZc      $B23E: 65 01     ADC $01 = #$BF
A:BF X:C8 Y:03 S:FA P:NvUbdIzc      $B240: 85 01     STA $01 = #$BF
A:BF X:C8 Y:03 S:FA P:NvUbdIzc      $B242: 60        RTS (from $B237) ----------------------------
A:BF X:C8 Y:03 S:FC P:NvUbdIzc    $B229: A5 51     LDA $51 = #$C8
A:C8 X:C8 Y:03 S:FC P:NvUbdIzc    $B22B: 18        CLC
A:C8 X:C8 Y:03 S:FC P:NvUbdIzc    $B22C: 69 04     ADC #$04
A:CC X:C8 Y:03 S:FC P:NvUbdIzc    $B22E: 85 51     STA $51 = #$C8
A:CC X:C8 Y:03 S:FC P:NvUbdIzc    $B230: C6 05     DEC $05 = #$01
A:CC X:C8 Y:03 S:FC P:nvUbdIZc    $B232: D0 CF     BNE $B203
A:CC X:C8 Y:03 S:FC P:nvUbdIZc    $B234: 68        PLA
A:00 X:C8 Y:03 S:FD P:nvUbdIZc   $B235: AA        TAX
A:00 X:00 Y:03 S:FD P:nvUbdIZc   $B236: 60        RTS (from $D67F) ----------------------------
A:00 X:00 Y:03 S:FF P:nvUbdIZc $F46B: AD 02 20  LDA $2002 = #$12
A:12 X:00 Y:03 S:FF P:nvUbdIzc $F46E: 20 08 D6  JSR $D608
A:12 X:00 Y:03 S:FD P:nvUbdIzc   $D608: A9 39     LDA #$39
A:39 X:00 Y:03 S:FD P:nvUbdIzc   $D60A: 4C 57 C0  JMP $C057
A:39 X:00 Y:03 S:FD P:nvUbdIzc   $C057: A0 06     LDY #$06
A:39 X:00 Y:06 S:FD P:nvUbdIzc   $C059: 8C 06 C0  STY $C006 = #$06
A:39 X:00 Y:06 S:FD P:nvUbdIzc   $C05C: 0A        ASL
A:72 X:00 Y:06 S:FD P:nvUbdIzc   $C05D: A8        TAY
A:72 X:00 Y:72 S:FD P:nvUbdIzc   $C05E: B9 40 80  LDA $8040,Y @ $80B2 = #$11
A:11 X:00 Y:72 S:FD P:nvUbdIzc   $C061: 85 3A     STA $3A = #$F8
A:11 X:00 Y:72 S:FD P:nvUbdIzc   $C063: B9 41 80  LDA $8041,Y @ $80B3 = #$A8
A:A8 X:00 Y:72 S:FD P:NvUbdIzc   $C066: 85 3B     STA $3B = #$B1
A:A8 X:00 Y:72 S:FD P:NvUbdIzc   $C068: 6C 3A 00  JMP ($003A) = $A811
A:A8 X:00 Y:72 S:FD P:NvUbdIzc   $A811: AD E0 04  LDA $04E0 = #$00
A:00 X:00 Y:72 S:FD P:nvUbdIZc   $A814: F0 14     BEQ $A82A
A:00 X:00 Y:72 S:FD P:nvUbdIZc   $A82A: 60        RTS (from $D608) ----------------------------
A:00 X:00 Y:72 S:FF P:nvUbdIZc $F471: AD 02 20  LDA $2002 = #$12
A:12 X:00 Y:72 S:FF P:nvUbdIzc $F474: 20 6A D4  JSR $D46A
A:12 X:00 Y:72 S:FD P:nvUbdIzc   $D46A: A2 00     LDX #$00
A:12 X:00 Y:72 S:FD P:nvUbdIZc   $D46C: 86 53     STX $53 = #$00
A:12 X:00 Y:72 S:FD P:nvUbdIZc   $D46E: 86 4F     STX $4F = #$78
A:12 X:00 Y:72 S:FD P:nvUbdIZc   $D470: A9 0A     LDA #$0A
A:0A X:00 Y:72 S:FD P:nvUbdIzc   $D472: 48        PHA
A:0A X:00 Y:72 S:FC P:nvUbdIzc    $D473: A6 4F     LDX $4F = #$00
A:0A X:00 Y:72 S:FC P:nvUbdIZc    $D475: BD D8 05  LDA $05D8,X @ $05D8 = #$00
A:00 X:00 Y:72 S:FC P:nvUbdIZc    $D478: F0 05     BEQ $D47F
A:00 X:00 Y:72 S:FC P:nvUbdIZc    $D47F: A5 4F     LDA $4F = #$00
A:00 X:00 Y:72 S:FC P:nvUbdIZc    $D481: 18        CLC
A:00 X:00 Y:72 S:FC P:nvUbdIZc    $D482: 69 0C     ADC #$0C
A:0C X:00 Y:72 S:FC P:nvUbdIzc    $D484: 85 4F     STA $4F = #$00
A:0C X:00 Y:72 S:FC P:nvUbdIzc    $D486: 68        PLA
A:0A X:00 Y:72 S:FD P:nvUbdIzc   $D487: A8        TAY
A:0A X:00 Y:0A S:FD P:nvUbdIzc   $D488: 88        DEY
A:0A X:00 Y:09 S:FD P:nvUbdIzc   $D489: 98        TYA
A:09 X:00 Y:09 S:FD P:nvUbdIzc   $D48A: D0 E6     BNE $D472
A:09 X:00 Y:09 S:FD P:nvUbdIzc   $D472: 48        PHA
A:09 X:00 Y:09 S:FC P:nvUbdIzc    $D473: A6 4F     LDX $4F = #$0C
A:09 X:0C Y:09 S:FC P:nvUbdIzc    $D475: BD D8 05  LDA $05D8,X @ $05E4 = #$00
A:00 X:0C Y:09 S:FC P:nvUbdIZc    $D478: F0 05     BEQ $D47F
A:00 X:0C Y:09 S:FC P:nvUbdIZc    $D47F: A5 4F     LDA $4F = #$0C
A:0C X:0C Y:09 S:FC P:nvUbdIzc    $D481: 18        CLC
A:0C X:0C Y:09 S:FC P:nvUbdIzc    $D482: 69 0C     ADC #$0C
A:18 X:0C Y:09 S:FC P:nvUbdIzc    $D484: 85 4F     STA $4F = #$0C
A:18 X:0C Y:09 S:FC P:nvUbdIzc    $D486: 68        PLA
A:09 X:0C Y:09 S:FD P:nvUbdIzc   $D487: A8        TAY
A:09 X:0C Y:09 S:FD P:nvUbdIzc   $D488: 88        DEY
A:09 X:0C Y:08 S:FD P:nvUbdIzc   $D489: 98        TYA
A:08 X:0C Y:08 S:FD P:nvUbdIzc   $D48A: D0 E6     BNE $D472
A:08 X:0C Y:08 S:FD P:nvUbdIzc   $D472: 48        PHA
A:08 X:0C Y:08 S:FC P:nvUbdIzc    $D473: A6 4F     LDX $4F = #$18
A:08 X:18 Y:08 S:FC P:nvUbdIzc    $D475: BD D8 05  LDA $05D8,X @ $05F0 = #$00
A:00 X:18 Y:08 S:FC P:nvUbdIZc    $D478: F0 05     BEQ $D47F
A:00 X:18 Y:08 S:FC P:nvUbdIZc    $D47F: A5 4F     LDA $4F = #$18
A:18 X:18 Y:08 S:FC P:nvUbdIzc    $D481: 18        CLC
A:18 X:18 Y:08 S:FC P:nvUbdIzc    $D482: 69 0C     ADC #$0C
A:24 X:18 Y:08 S:FC P:nvUbdIzc    $D484: 85 4F     STA $4F = #$18
A:24 X:18 Y:08 S:FC P:nvUbdIzc    $D486: 68        PLA
A:08 X:18 Y:08 S:FD P:nvUbdIzc   $D487: A8        TAY
A:08 X:18 Y:08 S:FD P:nvUbdIzc   $D488: 88        DEY
A:08 X:18 Y:07 S:FD P:nvUbdIzc   $D489: 98        TYA
A:07 X:18 Y:07 S:FD P:nvUbdIzc   $D48A: D0 E6     BNE $D472
A:07 X:18 Y:07 S:FD P:nvUbdIzc   $D472: 48        PHA
A:07 X:18 Y:07 S:FC P:nvUbdIzc    $D473: A6 4F     LDX $4F = #$24
A:07 X:24 Y:07 S:FC P:nvUbdIzc    $D475: BD D8 05  LDA $05D8,X @ $05FC = #$00
A:00 X:24 Y:07 S:FC P:nvUbdIZc    $D478: F0 05     BEQ $D47F
A:00 X:24 Y:07 S:FC P:nvUbdIZc    $D47F: A5 4F     LDA $4F = #$24
A:24 X:24 Y:07 S:FC P:nvUbdIzc    $D481: 18        CLC
A:24 X:24 Y:07 S:FC P:nvUbdIzc    $D482: 69 0C     ADC #$0C
A:30 X:24 Y:07 S:FC P:nvUbdIzc    $D484: 85 4F     STA $4F = #$24
A:30 X:24 Y:07 S:FC P:nvUbdIzc    $D486: 68        PLA
A:07 X:24 Y:07 S:FD P:nvUbdIzc   $D487: A8        TAY
A:07 X:24 Y:07 S:FD P:nvUbdIzc   $D488: 88        DEY
A:07 X:24 Y:06 S:FD P:nvUbdIzc   $D489: 98        TYA
A:06 X:24 Y:06 S:FD P:nvUbdIzc   $D48A: D0 E6     BNE $D472
A:06 X:24 Y:06 S:FD P:nvUbdIzc   $D472: 48        PHA
A:06 X:24 Y:06 S:FC P:nvUbdIzc    $D473: A6 4F     LDX $4F = #$30
A:06 X:30 Y:06 S:FC P:nvUbdIzc    $D475: BD D8 05  LDA $05D8,X @ $0608 = #$00
A:00 X:30 Y:06 S:FC P:nvUbdIZc    $D478: F0 05     BEQ $D47F
A:00 X:30 Y:06 S:FC P:nvUbdIZc    $D47F: A5 4F     LDA $4F = #$30
A:30 X:30 Y:06 S:FC P:nvUbdIzc    $D481: 18        CLC
A:30 X:30 Y:06 S:FC P:nvUbdIzc    $D482: 69 0C     ADC #$0C
A:3C X:30 Y:06 S:FC P:nvUbdIzc    $D484: 85 4F     STA $4F = #$30
A:3C X:30 Y:06 S:FC P:nvUbdIzc    $D486: 68        PLA
A:06 X:30 Y:06 S:FD P:nvUbdIzc   $D487: A8        TAY
A:06 X:30 Y:06 S:FD P:nvUbdIzc   $D488: 88        DEY
A:06 X:30 Y:05 S:FD P:nvUbdIzc   $D489: 98        TYA
A:05 X:30 Y:05 S:FD P:nvUbdIzc   $D48A: D0 E6     BNE $D472
A:05 X:30 Y:05 S:FD P:nvUbdIzc   $D472: 48        PHA
A:05 X:30 Y:05 S:FC P:nvUbdIzc    $D473: A6 4F     LDX $4F = #$3C
A:05 X:3C Y:05 S:FC P:nvUbdIzc    $D475: BD D8 05  LDA $05D8,X @ $0614 = #$00
A:00 X:3C Y:05 S:FC P:nvUbdIZc    $D478: F0 05     BEQ $D47F
A:00 X:3C Y:05 S:FC P:nvUbdIZc    $D47F: A5 4F     LDA $4F = #$3C
A:3C X:3C Y:05 S:FC P:nvUbdIzc    $D481: 18        CLC
A:3C X:3C Y:05 S:FC P:nvUbdIzc    $D482: 69 0C     ADC #$0C
A:48 X:3C Y:05 S:FC P:nvUbdIzc    $D484: 85 4F     STA $4F = #$3C
A:48 X:3C Y:05 S:FC P:nvUbdIzc    $D486: 68        PLA
A:05 X:3C Y:05 S:FD P:nvUbdIzc   $D487: A8        TAY
A:05 X:3C Y:05 S:FD P:nvUbdIzc   $D488: 88        DEY
A:05 X:3C Y:04 S:FD P:nvUbdIzc   $D489: 98        TYA
A:04 X:3C Y:04 S:FD P:nvUbdIzc   $D48A: D0 E6     BNE $D472
A:04 X:3C Y:04 S:FD P:nvUbdIzc   $D472: 48        PHA
A:04 X:3C Y:04 S:FC P:nvUbdIzc    $D473: A6 4F     LDX $4F = #$48
A:04 X:48 Y:04 S:FC P:nvUbdIzc    $D475: BD D8 05  LDA $05D8,X @ $0620 = #$00
A:00 X:48 Y:04 S:FC P:nvUbdIZc    $D478: F0 05     BEQ $D47F
A:00 X:48 Y:04 S:FC P:nvUbdIZc    $D47F: A5 4F     LDA $4F = #$48
A:48 X:48 Y:04 S:FC P:nvUbdIzc    $D481: 18        CLC
A:48 X:48 Y:04 S:FC P:nvUbdIzc    $D482: 69 0C     ADC #$0C
A:54 X:48 Y:04 S:FC P:nvUbdIzc    $D484: 85 4F     STA $4F = #$48
A:54 X:48 Y:04 S:FC P:nvUbdIzc    $D486: 68        PLA
A:04 X:48 Y:04 S:FD P:nvUbdIzc   $D487: A8        TAY
A:04 X:48 Y:04 S:FD P:nvUbdIzc   $D488: 88        DEY
A:04 X:48 Y:03 S:FD P:nvUbdIzc   $D489: 98        TYA
A:03 X:48 Y:03 S:FD P:nvUbdIzc   $D48A: D0 E6     BNE $D472
A:03 X:48 Y:03 S:FD P:nvUbdIzc   $D472: 48        PHA
A:03 X:48 Y:03 S:FC P:nvUbdIzc    $D473: A6 4F     LDX $4F = #$54
A:03 X:54 Y:03 S:FC P:nvUbdIzc    $D475: BD D8 05  LDA $05D8,X @ $062C = #$00
A:00 X:54 Y:03 S:FC P:nvUbdIZc    $D478: F0 05     BEQ $D47F
A:00 X:54 Y:03 S:FC P:nvUbdIZc    $D47F: A5 4F     LDA $4F = #$54
A:54 X:54 Y:03 S:FC P:nvUbdIzc    $D481: 18        CLC
A:54 X:54 Y:03 S:FC P:nvUbdIzc    $D482: 69 0C     ADC #$0C
A:60 X:54 Y:03 S:FC P:nvUbdIzc    $D484: 85 4F     STA $4F = #$54
A:60 X:54 Y:03 S:FC P:nvUbdIzc    $D486: 68        PLA
A:03 X:54 Y:03 S:FD P:nvUbdIzc   $D487: A8        TAY
A:03 X:54 Y:03 S:FD P:nvUbdIzc   $D488: 88        DEY
A:03 X:54 Y:02 S:FD P:nvUbdIzc   $D489: 98        TYA
A:02 X:54 Y:02 S:FD P:nvUbdIzc   $D48A: D0 E6     BNE $D472
A:02 X:54 Y:02 S:FD P:nvUbdIzc   $D472: 48        PHA
A:02 X:54 Y:02 S:FC P:nvUbdIzc    $D473: A6 4F     LDX $4F = #$60
A:02 X:60 Y:02 S:FC P:nvUbdIzc    $D475: BD D8 05  LDA $05D8,X @ $0638 = #$00
A:00 X:60 Y:02 S:FC P:nvUbdIZc    $D478: F0 05     BEQ $D47F
A:00 X:60 Y:02 S:FC P:nvUbdIZc    $D47F: A5 4F     LDA $4F = #$60
A:60 X:60 Y:02 S:FC P:nvUbdIzc    $D481: 18        CLC
A:60 X:60 Y:02 S:FC P:nvUbdIzc    $D482: 69 0C     ADC #$0C
A:6C X:60 Y:02 S:FC P:nvUbdIzc    $D484: 85 4F     STA $4F = #$60
A:6C X:60 Y:02 S:FC P:nvUbdIzc    $D486: 68        PLA
A:02 X:60 Y:02 S:FD P:nvUbdIzc   $D487: A8        TAY
A:02 X:60 Y:02 S:FD P:nvUbdIzc   $D488: 88        DEY
A:02 X:60 Y:01 S:FD P:nvUbdIzc   $D489: 98        TYA
A:01 X:60 Y:01 S:FD P:nvUbdIzc   $D48A: D0 E6     BNE $D472
A:01 X:60 Y:01 S:FD P:nvUbdIzc   $D472: 48        PHA
A:01 X:60 Y:01 S:FC P:nvUbdIzc    $D473: A6 4F     LDX $4F = #$6C
A:01 X:6C Y:01 S:FC P:nvUbdIzc    $D475: BD D8 05  LDA $05D8,X @ $0644 = #$00
A:00 X:6C Y:01 S:FC P:nvUbdIZc    $D478: F0 05     BEQ $D47F
A:00 X:6C Y:01 S:FC P:nvUbdIZc    $D47F: A5 4F     LDA $4F = #$6C
A:6C X:6C Y:01 S:FC P:nvUbdIzc    $D481: 18        CLC
A:6C X:6C Y:01 S:FC P:nvUbdIzc    $D482: 69 0C     ADC #$0C
A:78 X:6C Y:01 S:FC P:nvUbdIzc    $D484: 85 4F     STA $4F = #$6C
A:78 X:6C Y:01 S:FC P:nvUbdIzc    $D486: 68        PLA
A:01 X:6C Y:01 S:FD P:nvUbdIzc   $D487: A8        TAY
A:01 X:6C Y:01 S:FD P:nvUbdIzc   $D488: 88        DEY
A:01 X:6C Y:00 S:FD P:nvUbdIZc   $D489: 98        TYA
A:00 X:6C Y:00 S:FD P:nvUbdIZc   $D48A: D0 E6     BNE $D472
A:00 X:6C Y:00 S:FD P:nvUbdIZc   $D48C: 60        RTS (from $D46A) ----------------------------
A:00 X:6C Y:00 S:FF P:nvUbdIZc $F477: AD 02 20  LDA $2002 = #$12
A:12 X:6C Y:00 S:FF P:nvUbdIzc $F47A: 20 47 D4  JSR $D447
A:12 X:6C Y:00 S:FD P:nvUbdIzc   $D447: A9 35     LDA #$35
A:35 X:6C Y:00 S:FD P:nvUbdIzc   $D449: 4C 57 C0  JMP $C057
A:35 X:6C Y:00 S:FD P:nvUbdIzc   $C057: A0 06     LDY #$06
A:35 X:6C Y:06 S:FD P:nvUbdIzc   $C059: 8C 06 C0  STY $C006 = #$06
A:35 X:6C Y:06 S:FD P:nvUbdIzc   $C05C: 0A        ASL
A:6A X:6C Y:06 S:FD P:nvUbdIzc   $C05D: A8        TAY
A:6A X:6C Y:6A S:FD P:nvUbdIzc   $C05E: B9 40 80  LDA $8040,Y @ $80AA = #$37
A:37 X:6C Y:6A S:FD P:nvUbdIzc   $C061: 85 3A     STA $3A = #$11
A:37 X:6C Y:6A S:FD P:nvUbdIzc   $C063: B9 41 80  LDA $8041,Y @ $80AB = #$AA
A:AA X:6C Y:6A S:FD P:NvUbdIzc   $C066: 85 3B     STA $3B = #$A8
A:AA X:6C Y:6A S:FD P:NvUbdIzc   $C068: 6C 3A 00  JMP ($003A) = $AA37
A:AA X:6C Y:6A S:FD P:NvUbdIzc   $AA37: A9 00     LDA #$00
A:00 X:6C Y:6A S:FD P:nvUbdIZc   $AA39: 85 50     STA $50 = #$A8
A:00 X:6C Y:6A S:FD P:nvUbdIZc   $AA3B: 8D FC 04  STA $04FC = #$00
A:00 X:6C Y:6A S:FD P:nvUbdIZc   $AA3E: A6 50     LDX $50 = #$00
A:00 X:00 Y:6A S:FD P:nvUbdIZc   $AA40: B5 65     LDA $65,X @ $0065 = #$00
A:00 X:00 Y:6A S:FD P:nvUbdIZc   $AA42: F0 06     BEQ $AA4A
A:00 X:00 Y:6A S:FD P:nvUbdIZc   $AA4A: A5 50     LDA $50 = #$00
A:00 X:00 Y:6A S:FD P:nvUbdIZc   $AA4C: 18        CLC
A:00 X:00 Y:6A S:FD P:nvUbdIZc   $AA4D: 69 07     ADC #$07
A:07 X:00 Y:6A S:FD P:nvUbdIzc   $AA4F: 85 50     STA $50 = #$00
A:07 X:00 Y:6A S:FD P:nvUbdIzc   $AA51: C9 08     CMP #$08
A:07 X:00 Y:6A S:FD P:NvUbdIzc   $AA53: 90 E9     BCC $AA3E
A:07 X:00 Y:6A S:FD P:NvUbdIzc   $AA3E: A6 50     LDX $50 = #$07
A:07 X:07 Y:6A S:FD P:nvUbdIzc   $AA40: B5 65     LDA $65,X @ $006C = #$00
A:00 X:07 Y:6A S:FD P:nvUbdIZc   $AA42: F0 06     BEQ $AA4A
A:00 X:07 Y:6A S:FD P:nvUbdIZc   $AA4A: A5 50     LDA $50 = #$07
A:07 X:07 Y:6A S:FD P:nvUbdIzc   $AA4C: 18        CLC
A:07 X:07 Y:6A S:FD P:nvUbdIzc   $AA4D: 69 07     ADC #$07
A:0E X:07 Y:6A S:FD P:nvUbdIzc   $AA4F: 85 50     STA $50 = #$07
A:0E X:07 Y:6A S:FD P:nvUbdIzc   $AA51: C9 08     CMP #$08
A:0E X:07 Y:6A S:FD P:nvUbdIzC   $AA53: 90 E9     BCC $AA3E
A:0E X:07 Y:6A S:FD P:nvUbdIzC   $AA55: 60        RTS (from $D447) ----------------------------
A:0E X:07 Y:6A S:FF P:nvUbdIzC $F47D: AD 02 20  LDA $2002 = #$12
A:12 X:07 Y:6A S:FF P:nvUbdIzC $F480: 20 4C D4  JSR $D44C
A:12 X:07 Y:6A S:FD P:nvUbdIzC   $D44C: A9 44     LDA #$44
A:44 X:07 Y:6A S:FD P:nvUbdIzC   $D44E: 4C 57 C0  JMP $C057
A:44 X:07 Y:6A S:FD P:nvUbdIzC   $C057: A0 06     LDY #$06
A:44 X:07 Y:06 S:FD P:nvUbdIzC   $C059: 8C 06 C0  STY $C006 = #$06
A:44 X:07 Y:06 S:FD P:nvUbdIzC   $C05C: 0A        ASL
A:88 X:07 Y:06 S:FD P:NvUbdIzc   $C05D: A8        TAY
A:88 X:07 Y:88 S:FD P:NvUbdIzc   $C05E: B9 40 80  LDA $8040,Y @ $80C8 = #$08
A:08 X:07 Y:88 S:FD P:nvUbdIzc   $C061: 85 3A     STA $3A = #$37
A:08 X:07 Y:88 S:FD P:nvUbdIzc   $C063: B9 41 80  LDA $8041,Y @ $80C9 = #$86
A:86 X:07 Y:88 S:FD P:NvUbdIzc   $C066: 85 3B     STA $3B = #$AA
A:86 X:07 Y:88 S:FD P:NvUbdIzc   $C068: 6C 3A 00  JMP ($003A) = $8608
A:86 X:07 Y:88 S:FD P:NvUbdIzc   $8608: A5 79     LDA $79 = #$00
A:00 X:07 Y:88 S:FD P:nvUbdIZc   $860A: D0 06     BNE $8612
A:00 X:07 Y:88 S:FD P:nvUbdIZc   $860C: 60        RTS (from $D44C) ----------------------------
A:00 X:07 Y:88 S:FF P:nvUbdIZc $F483: AD 02 20  LDA $2002 = #$12
A:12 X:07 Y:88 S:FF P:nvUbdIzc $F486: 20 99 D5  JSR $D599
A:12 X:07 Y:88 S:FD P:nvUbdIzc   $D599: A5 78     LDA $78 = #$00
A:00 X:07 Y:88 S:FD P:nvUbdIZc   $D59B: F0 4F     BEQ $D5EC
A:00 X:07 Y:88 S:FD P:nvUbdIZc   $D5EC: 60        RTS (from $D599) ----------------------------
A:00 X:07 Y:88 S:FF P:nvUbdIZc $F489: AD 02 20  LDA $2002 = #$12
A:12 X:07 Y:88 S:FF P:nvUbdIzc $F48C: 20 23 D9  JSR $D923
A:12 X:07 Y:88 S:FD P:nvUbdIzc   $D923: A9 16     LDA #$16
A:16 X:07 Y:88 S:FD P:nvUbdIzc   $D925: 4C 57 C0  JMP $C057
A:16 X:07 Y:88 S:FD P:nvUbdIzc   $C057: A0 06     LDY #$06
A:16 X:07 Y:06 S:FD P:nvUbdIzc   $C059: 8C 06 C0  STY $C006 = #$06
A:16 X:07 Y:06 S:FD P:nvUbdIzc   $C05C: 0A        ASL
A:2C X:07 Y:06 S:FD P:nvUbdIzc   $C05D: A8        TAY
A:2C X:07 Y:2C S:FD P:nvUbdIzc   $C05E: B9 40 80  LDA $8040,Y @ $806C = #$6E
A:6E X:07 Y:2C S:FD P:nvUbdIzc   $C061: 85 3A     STA $3A = #$08
A:6E X:07 Y:2C S:FD P:nvUbdIzc   $C063: B9 41 80  LDA $8041,Y @ $806D = #$B2
A:B2 X:07 Y:2C S:FD P:NvUbdIzc   $C066: 85 3B     STA $3B = #$86
A:B2 X:07 Y:2C S:FD P:NvUbdIzc   $C068: 6C 3A 00  JMP ($003A) = $B26E
A:B2 X:07 Y:2C S:FD P:NvUbdIzc   $B26E: 20 80 B2  JSR $B280
A:B2 X:07 Y:2C S:FB P:NvUbdIzc     $B280: AD 00 04  LDA $0400 = #$FF
A:FF X:07 Y:2C S:FB P:NvUbdIzc     $B283: C9 C0     CMP #$C0
A:FF X:07 Y:2C S:FB P:nvUbdIzC     $B285: F0 31     BEQ $B2B8
A:FF X:07 Y:2C S:FB P:nvUbdIzC     $B287: CE 0F 04  DEC $040F = #$6E
A:FF X:07 Y:2C S:FB P:nvUbdIzC     $B28A: 10 2C     BPL $B2B8
A:FF X:07 Y:2C S:FB P:nvUbdIzC     $B2B8: 60        RTS (from $B280) ----------------------------
A:FF X:07 Y:2C S:FD P:nvUbdIzC   $B271: AD F5 04  LDA $04F5 = #$FF
A:FF X:07 Y:2C S:FD P:NvUbdIzC   $B274: 30 06     BMI $B27C
A:FF X:07 Y:2C S:FD P:NvUbdIzC   $B27C: 20 43 B3  JSR $B343
A:FF X:07 Y:2C S:FB P:NvUbdIzC     $B343: A9 C0     LDA #$C0
A:C0 X:07 Y:2C S:FB P:NvUbdIzC     $B345: 85 01     STA $01 = #$BF
A:C0 X:07 Y:2C S:FB P:NvUbdIzC     $B347: A9 D0     LDA #$D0
A:D0 X:07 Y:2C S:FB P:NvUbdIzC     $B349: 85 00     STA $00 = #$5E
A:D0 X:07 Y:2C S:FB P:NvUbdIzC     $B34B: A6 51     LDX $51 = #$CC
A:D0 X:CC Y:2C S:FB P:NvUbdIzC     $B34D: A9 94     LDA #$94
A:94 X:CC Y:2C S:FB P:NvUbdIzC     $B34F: 9D 01 02  STA $0201,X @ $02CD = #$F7
A:94 X:CC Y:2C S:FB P:NvUbdIzC     $B352: A9 00     LDA #$00
A:00 X:CC Y:2C S:FB P:nvUbdIZC     $B354: 9D 02 02  STA $0202,X @ $02CE = #$82
A:00 X:CC Y:2C S:FB P:nvUbdIZC     $B357: 20 A5 B3  JSR $B3A5
A:00 X:CC Y:2C S:F9 P:nvUbdIZC       $B3A5: A5 01     LDA $01 = #$C0
A:C0 X:CC Y:2C S:F9 P:NvUbdIzC       $B3A7: 9D 03 02  STA $0203,X @ $02CF = #$6D
A:C0 X:CC Y:2C S:F9 P:NvUbdIzC       $B3AA: A5 00     LDA $00 = #$D0
A:D0 X:CC Y:2C S:F9 P:NvUbdIzC       $B3AC: 9D 00 02  STA $0200,X @ $02CC = #$F8
A:D0 X:CC Y:2C S:F9 P:NvUbdIzC       $B3AF: A5 01     LDA $01 = #$C0
A:C0 X:CC Y:2C S:F9 P:NvUbdIzC       $B3B1: 18        CLC
A:C0 X:CC Y:2C S:F9 P:NvUbdIzc       $B3B2: 69 08     ADC #$08
A:C8 X:CC Y:2C S:F9 P:NvUbdIzc       $B3B4: 85 01     STA $01 = #$C0
A:C8 X:CC Y:2C S:F9 P:NvUbdIzc       $B3B6: E8        INX
A:C8 X:CD Y:2C S:F9 P:NvUbdIzc       $B3B7: E8        INX
A:C8 X:CE Y:2C S:F9 P:NvUbdIzc       $B3B8: E8        INX
A:C8 X:CF Y:2C S:F9 P:NvUbdIzc       $B3B9: E8        INX
A:C8 X:D0 Y:2C S:F9 P:NvUbdIzc       $B3BA: 60        RTS (from $B3A5) ----------------------------
A:C8 X:D0 Y:2C S:FB P:NvUbdIzc     $B35A: A0 03     LDY #$03
A:C8 X:D0 Y:03 S:FB P:nvUbdIzc     $B35C: B9 0F 04  LDA $040F,Y @ $0412 = #$00
A:00 X:D0 Y:03 S:FB P:nvUbdIZc     $B35F: 0A        ASL
A:00 X:D0 Y:03 S:FB P:nvUbdIZc     $B360: 18        CLC
A:00 X:D0 Y:03 S:FB P:nvUbdIZc     $B361: 69 7E     ADC #$7E
A:7E X:D0 Y:03 S:FB P:nvUbdIzc     $B363: 9D 01 02  STA $0201,X @ $02D1 = #$F5
A:7E X:D0 Y:03 S:FB P:nvUbdIzc     $B366: A9 00     LDA #$00
A:00 X:D0 Y:03 S:FB P:nvUbdIZc     $B368: 9D 02 02  STA $0202,X @ $02D2 = #$82
A:00 X:D0 Y:03 S:FB P:nvUbdIZc     $B36B: 20 A5 B3  JSR $B3A5
A:00 X:D0 Y:03 S:F9 P:nvUbdIZc       $B3A5: A5 01     LDA $01 = #$C8
A:C8 X:D0 Y:03 S:F9 P:NvUbdIzc       $B3A7: 9D 03 02  STA $0203,X @ $02D3 = #$50
A:C8 X:D0 Y:03 S:F9 P:NvUbdIzc       $B3AA: A5 00     LDA $00 = #$D0
A:D0 X:D0 Y:03 S:F9 P:NvUbdIzc       $B3AC: 9D 00 02  STA $0200,X @ $02D0 = #$F8
A:D0 X:D0 Y:03 S:F9 P:NvUbdIzc       $B3AF: A5 01     LDA $01 = #$C8
A:C8 X:D0 Y:03 S:F9 P:NvUbdIzc       $B3B1: 18        CLC
A:C8 X:D0 Y:03 S:F9 P:NvUbdIzc       $B3B2: 69 08     ADC #$08
A:D0 X:D0 Y:03 S:F9 P:NvUbdIzc       $B3B4: 85 01     STA $01 = #$C8
A:D0 X:D0 Y:03 S:F9 P:NvUbdIzc       $B3B6: E8        INX
A:D0 X:D1 Y:03 S:F9 P:NvUbdIzc       $B3B7: E8        INX
A:D0 X:D2 Y:03 S:F9 P:NvUbdIzc       $B3B8: E8        INX
A:D0 X:D3 Y:03 S:F9 P:NvUbdIzc       $B3B9: E8        INX
A:D0 X:D4 Y:03 S:F9 P:NvUbdIzc       $B3BA: 60        RTS (from $B3A5) ----------------------------
A:D0 X:D4 Y:03 S:FB P:NvUbdIzc     $B36E: 88        DEY
A:D0 X:D4 Y:02 S:FB P:nvUbdIzc     $B36F: D0 EB     BNE $B35C
A:D0 X:D4 Y:02 S:FB P:nvUbdIzc     $B35C: B9 0F 04  LDA $040F,Y @ $0411 = #$01
A:01 X:D4 Y:02 S:FB P:nvUbdIzc     $B35F: 0A        ASL
A:02 X:D4 Y:02 S:FB P:nvUbdIzc     $B360: 18        CLC
A:02 X:D4 Y:02 S:FB P:nvUbdIzc     $B361: 69 7E     ADC #$7E
A:80 X:D4 Y:02 S:FB P:NVUbdIzc     $B363: 9D 01 02  STA $0201,X @ $02D5 = #$F7
A:80 X:D4 Y:02 S:FB P:NVUbdIzc     $B366: A9 00     LDA #$00
A:00 X:D4 Y:02 S:FB P:nVUbdIZc     $B368: 9D 02 02  STA $0202,X @ $02D6 = #$82
A:00 X:D4 Y:02 S:FB P:nVUbdIZc     $B36B: 20 A5 B3  JSR $B3A5
A:00 X:D4 Y:02 S:F9 P:nVUbdIZc       $B3A5: A5 01     LDA $01 = #$D0
A:D0 X:D4 Y:02 S:F9 P:NVUbdIzc       $B3A7: 9D 03 02  STA $0203,X @ $02D7 = #$58
A:D0 X:D4 Y:02 S:F9 P:NVUbdIzc       $B3AA: A5 00     LDA $00 = #$D0
A:D0 X:D4 Y:02 S:F9 P:NVUbdIzc       $B3AC: 9D 00 02  STA $0200,X @ $02D4 = #$F8
A:D0 X:D4 Y:02 S:F9 P:NVUbdIzc       $B3AF: A5 01     LDA $01 = #$D0
A:D0 X:D4 Y:02 S:F9 P:NVUbdIzc       $B3B1: 18        CLC
A:D0 X:D4 Y:02 S:F9 P:NVUbdIzc       $B3B2: 69 08     ADC #$08
A:D8 X:D4 Y:02 S:F9 P:NvUbdIzc       $B3B4: 85 01     STA $01 = #$D0
A:D8 X:D4 Y:02 S:F9 P:NvUbdIzc       $B3B6: E8        INX
A:D8 X:D5 Y:02 S:F9 P:NvUbdIzc       $B3B7: E8        INX
A:D8 X:D6 Y:02 S:F9 P:NvUbdIzc       $B3B8: E8        INX
A:D8 X:D7 Y:02 S:F9 P:NvUbdIzc       $B3B9: E8        INX
A:D8 X:D8 Y:02 S:F9 P:NvUbdIzc       $B3BA: 60        RTS (from $B3A5) ----------------------------
A:D8 X:D8 Y:02 S:FB P:NvUbdIzc     $B36E: 88        DEY
A:D8 X:D8 Y:01 S:FB P:nvUbdIzc     $B36F: D0 EB     BNE $B35C
A:D8 X:D8 Y:01 S:FB P:nvUbdIzc     $B35C: B9 0F 04  LDA $040F,Y @ $0410 = #$09
A:09 X:D8 Y:01 S:FB P:nvUbdIzc     $B35F: 0A        ASL
A:12 X:D8 Y:01 S:FB P:nvUbdIzc     $B360: 18        CLC
A:12 X:D8 Y:01 S:FB P:nvUbdIzc     $B361: 69 7E     ADC #$7E
A:90 X:D8 Y:01 S:FB P:NVUbdIzc     $B363: 9D 01 02  STA $0201,X @ $02D9 = #$F5
A:90 X:D8 Y:01 S:FB P:NVUbdIzc     $B366: A9 00     LDA #$00
A:00 X:D8 Y:01 S:FB P:nVUbdIZc     $B368: 9D 02 02  STA $0202,X @ $02DA = #$82
A:00 X:D8 Y:01 S:FB P:nVUbdIZc     $B36B: 20 A5 B3  JSR $B3A5
A:00 X:D8 Y:01 S:F9 P:nVUbdIZc       $B3A5: A5 01     LDA $01 = #$D8
A:D8 X:D8 Y:01 S:F9 P:NVUbdIzc       $B3A7: 9D 03 02  STA $0203,X @ $02DB = #$2C
A:D8 X:D8 Y:01 S:F9 P:NVUbdIzc       $B3AA: A5 00     LDA $00 = #$D0
A:D0 X:D8 Y:01 S:F9 P:NVUbdIzc       $B3AC: 9D 00 02  STA $0200,X @ $02D8 = #$F8
A:D0 X:D8 Y:01 S:F9 P:NVUbdIzc       $B3AF: A5 01     LDA $01 = #$D8
A:D8 X:D8 Y:01 S:F9 P:NVUbdIzc       $B3B1: 18        CLC
A:D8 X:D8 Y:01 S:F9 P:NVUbdIzc       $B3B2: 69 08     ADC #$08
A:E0 X:D8 Y:01 S:F9 P:NvUbdIzc       $B3B4: 85 01     STA $01 = #$D8
A:E0 X:D8 Y:01 S:F9 P:NvUbdIzc       $B3B6: E8        INX
A:E0 X:D9 Y:01 S:F9 P:NvUbdIzc       $B3B7: E8        INX
A:E0 X:DA Y:01 S:F9 P:NvUbdIzc       $B3B8: E8        INX
A:E0 X:DB Y:01 S:F9 P:NvUbdIzc       $B3B9: E8        INX
A:E0 X:DC Y:01 S:F9 P:NvUbdIzc       $B3BA: 60        RTS (from $B3A5) ----------------------------
A:E0 X:DC Y:01 S:FB P:NvUbdIzc     $B36E: 88        DEY
A:E0 X:DC Y:00 S:FB P:nvUbdIZc     $B36F: D0 EB     BNE $B35C
A:E0 X:DC Y:00 S:FB P:nvUbdIZc     $B371: 86 51     STX $51 = #$CC
A:E0 X:DC Y:00 S:FB P:nvUbdIZc     $B373: 60        RTS (from $B343) ----------------------------
A:E0 X:DC Y:00 S:FD P:nvUbdIZc   $B27F: 60        RTS (from $D923) ----------------------------
